[801989E0] BackupNameAttachment=" Build(0) Date(14 September 2025) Time(19 28 28)"  -- used by backup system
[00000020]  
[38F38F32] Log Started at #c
[0232BD25] Running 32 bit version
[7AB6F5FE] Executable: C:\Games\AAClassic\bin32\archeage.exe
[E5C771AC] FileVersion: 3.5.0.0
[F799D55F] ProductVersion: 3.5.3.0
[1F1D6B13] Using Microsoft (tm) C++ Standard Library implementation
[00000020]  
[C7D96C80] Revision: 350000
[00000020]  
[64533E3E] this is the first client
<19:28:35> [B9197FD5][Error] ConsoleVariableGroup[option_effect] key[e_particles_lod_onoff] has no default
<19:28:35> [76666E6D] 
--- CPU detection ---
<19:28:35> [F4D992D8] CPU: AMD AMD Ryzen 7 7800X3D 8-Core Processor           
<19:28:35> [3F649B02] Family: 15, Model: 1, Stepping: 2
<19:28:35> [83D12E0B] FPU: On-Chip
<19:28:35> [50919DA0] CPU Speed (estimated): 4192.032510 MHz
<19:28:35> [C73FD83A] MMX: not present
<19:28:35> [89D1077A] SSE: present
<19:28:35> [64E2B6F1] 3DNow!: present
<19:28:35> [27B7AC6E] Serial number not present or disabled
<19:28:35> [1D2D8E5B] Number of logical processors: 16
<19:28:35> [FA658084] Number of available logical processors: 16
<19:28:35> [A1F061C2] Invariant Time Stamp Counter : yes
<19:28:35> [FA0251ED] ---------------------

<19:28:35> [03E7D838] Device Info
<19:28:35> [9F603516] Device Info - 1
<19:28:35> [9F603517] Device Info - 2
<19:28:35> [9F603518] Device Info - 3
<19:28:35> [9F603519] Device Info - 4
<19:28:35> [9F60351A] Device Info - 5
<19:28:35> [9F60351B] Device Info - 6
<19:28:35> [9F60351C] Device Info - 7
<19:28:35> [E98ECC28] Video Memory Info
<19:28:35> [D5FBE664] Video Memory - 1
<19:28:35> [D5FBE665] Video Memory - 2
<19:28:35> [D5FBE666] Video Memory - 3
<19:28:35> [D5FBE667] Video Memory - 4
<19:28:35> [D5FBE668] Video Memory - 5
<19:28:35> [D5FBE669] Video Memory - 6
<19:28:35> [D5FBE66A] Video Memory - 7
<19:28:35> [D5FBE66B] Video Memory - 8
<19:28:35> [3A4D54A2][Warning] config/gpu/amd.txt line 55 contains a multiple defined GPU rating!
<19:28:35> [D20872C0] InitThreadAffinities
<19:28:35> [2F28A434] UpdateMainThreadAffinity
<19:28:35> [16962512] Windows 8 64 bit (build 6.2.9200)
<19:28:35> [38DFF081] System language: English
<19:28:35> [861A0178] Windows Directory: "C:\windows"
<19:28:35> [341B54F1] Prerequisites...
<19:28:35> [5D1B3C9C] * Installation of KB940105 hotfix required: no! (either not needed or already installed)
<19:28:35> [F98B556F] Local time is 19:28:35 09/14/25, system running for 1207 minutes
<19:28:35> [DB7D265E] 63426MB physical memory installed, 16330MB available, 4095MB virtual memory installed, 74 percent of memory in use
<19:28:35> [31259232] PageFile usage: 
<19:28:35> [453F0D1B] Current display mode is 2560x1440x32
<19:28:35> [8A64FCCC] IBM enhanced (101/102-key) keyboard and 3+ button mouse installed
<19:28:35> [CE30556B] ----- GPU Detection -----------------
<19:28:35> [03E7D838] Device Info
<19:28:35> [9F603516] Device Info - 1
<19:28:35> [9F603517] Device Info - 2
<19:28:35> [9F603518] Device Info - 3
<19:28:35> [9F603519] Device Info - 4
<19:28:35> [9F60351A] Device Info - 5
<19:28:35> [9F60351B] Device Info - 6
<19:28:35> [9F60351C] Device Info - 7
<19:28:35> [E98ECC28] Video Memory Info
<19:28:35> [D5FBE664] Video Memory - 1
<19:28:35> [D5FBE665] Video Memory - 2
<19:28:35> [D5FBE666] Video Memory - 3
<19:28:35> [D5FBE667] Video Memory - 4
<19:28:35> [D5FBE668] Video Memory - 5
<19:28:35> [D5FBE669] Video Memory - 6
<19:28:35> [D5FBE66A] Video Memory - 7
<19:28:35> [D5FBE66B] Video Memory - 8
<19:28:35> [99EA404A]  AMD Radeon RX 7800 XT (RADV NAVI32) (vendor = 0x1002, device = 0x747e, subSys = 0x00000000)
<19:28:35> [77718B6A] -- Video memory: 4081 MB
<19:28:35> [30DF1863] -- Minimum SM 2.0 support: yes
<19:28:35> [13E11956] -- DX11 supported: yes
<19:28:35> [50B60100] --------------------------------------------------------------------------------
<19:28:35> [5921EDBE] Stream Engine Initialization
<19:28:35> [BA0D559B] Splash: Initializing Stream Engine...
<19:28:35> [939F6EBB] Enable Resolutions : 0
<19:28:35> [A30A84B6] can't enum display resolution modes
<19:28:35> [B324CD25] Screen Resolution - 1024x768
<19:28:35> [3778EA0B] Screen Resolution - 0 (2560x1440)
<19:28:35> [A1B107F0] Screen Resolution - Test OK (2560x1440)
<19:28:35> [A9E4B0F2] Network initialization
<19:28:35> [BA0D559B] Splash: Initializing Network System...
<19:28:36> [14FAD233] Socket I/O by iocp
<19:28:36> [E36A4FB9] Physics initialization
<19:28:36> [BA0D559B] Splash: Initializing Physics...
<19:28:36> [2462D581] MovieSystem initialization
<19:28:36> [BA0D559B] Splash: Initializing Movie System...
<19:28:36> [93287AEC] Renderer initialization - Start
<19:28:36> [BA0D559B] Splash: Initializing Renderer...
<19:28:36> [91207680] Renderer initialization - Open
<19:28:36> [4377E7CB] Renderer initialization - DLL Load(CryRenderD3D9.dll)
<19:28:36> [71203A94] Renderer initialization - DLL Done
<19:28:36> [71227C22] Renderer initialization - DLL Init
<19:28:36> [C653D9CB] Renderer initialization - Instance
<19:28:36> [44D9754D] D3D Adapter: Driver name: aticfx32.dll
<19:28:36> [82BE8322] D3D Adapter: Driver description: AMD Radeon RX 7800 XT (RADV NAVI32)
<19:28:36> [2224501A] D3D Adapter: Driver version: 32767.65535.65535.65535
<19:28:36> [E8D1E30D] D3D Adapter: Driver GUID: 00000000-0003-0000-0000000000000000
<19:28:36> [BC8C1ACB] D3D Adapter: VendorId = 0x1002
<19:28:36> [B6A10CFD] D3D Adapter: DeviceId = 0x747E
<19:28:36> [0678E702] D3D Adapter: SubSysId = 0x00000000
<19:28:36> [F2243F0E] D3D Adapter: Revision = 0
<19:28:36> [E571CFEE] Shader manager initialization
<19:28:37> [05BAAEF6] CResFile allocations incurred by user cache preload: (19711.46k)
<19:28:37> [911B73B8] Renderer initialization - Done
<19:28:37> [8E444EA9] Console initialization
<19:28:37> [2904A233] Time initialization
<19:28:37> [3650CFD6] Input initialization
<19:28:37> [BA0D559B] Splash: Initializing Input System...
<19:28:37> Initializing Keyboard
<19:28:37> [99640BF1] Sound initialization
<19:28:37> [BA0D559B] Splash: Initializing Sound System...
<19:28:37> [2C33885C] Sound - Initializing AudioDevice now!
<19:28:37> [E46760A9] <Sound> Initialize FMOD with dynamic memory callbacks
<19:28:39> [D6755BFD] <Sound> Starting to initialize Windows Audio Session API output! 
<19:28:39> [F7E8E3CD] <Sound> Drivers found: 6
<19:28:39> [9B899242] <Sound> Available drivers:
	1.	PulseAudio Output (PulseAudio Output)
	2.	Blue Microphones Analog Stereo (Blue Microphones Analog Stereo)
	3.	soundcore Liberty 4 NC (soundcore Liberty 4 NC)
	4.	Wireless Controller (Wireless Controller)
	5.	Navi 31 HDMI/DP Audio Digital Stereo (HDMI) (Navi 31 HDMI/DP Audio Digital Stereo (HDMI))
	6.	Family 17h/19h/1ah HD Audio Controller Analog Stereo (Family 17h/19h/1ah HD Audio Controller Analog Stereo)
<19:28:39> [A0BBF7E1] <Sound> FmodEx-AudioDevice: Now running on driver: PulseAudio Output (PulseAudio Output)
<19:28:39> [14D8EFE1] <Sound> Using speaker mode: FMOD_SPEAKERMODE_STEREO
<19:28:39> [E79C27E5] <Sound> Initializing FMOD-EX now!
<19:28:39> [E2A9FE08] <Sound> Available record drivers: 0 PulseAudio Input (PulseAudio Input) !
<19:28:39> [E2A9FE08] <Sound> Available record drivers: 1 soundcore Liberty 4 NC (soundcore Liberty 4 NC) !
<19:28:39> [E2A9FE08] <Sound> Available record drivers: 2 Family 17h/19h/1ah HD Audio Controller Analog Stereo (Family 17h/19h/1ah HD Audio Controller Analog Stereo) !
<19:28:39> [E2A9FE08] <Sound> Available record drivers: 3 Wireless Controller (Wireless Controller) !
<19:28:39> [E2A9FE08] <Sound> Available record drivers: 4 Blue Microphones Analog Stereo (Blue Microphones Analog Stereo) !
<19:28:39> [E2A9FE08] <Sound> Available record drivers: 5 Monitor of Family 17h/19h/1ah HD Audio Controller (Monitor of Family 17h/19h/1ah HD Audio Controller) !
<19:28:39> [E2A9FE08] <Sound> Available record drivers: 6 Monitor of Blue Microphones Analog Stereo (Monitor of Blue Microphones Analog Stereo) !
<19:28:39> [E2A9FE08] <Sound> Available record drivers: 7 Wireless Controller (Wireless Controller) !
<19:28:39> [E2A9FE08] <Sound> Available record drivers: 8 Monitor of soundcore Liberty 4 NC (Monitor of soundcore Liberty 4 NC) !
<19:28:39> [E2A9FE08] <Sound> Available record drivers: 9 Monitor of Navi 31 HDMI/DP Audio Digital Stereo (HDMI) (Monitor of Navi 31 HDMI/DP Audio Digital Stereo (HDMI)) !
<19:28:39> [6841BE38] <Sound> Record config is set to autodetect using record driver 0
<19:28:39> [7808B4C4] <Sound> Using FMOD version: 00044414 and internal 00044414!
<19:28:39> [2A2815C7] <Sound> Initialized FMOD-EX
<19:28:39> [BE4EF52E] Sound - Initializing SoundSystem now!
<19:28:39> [0D547471] Font initialization
<19:28:39> [BA0D559B] Splash: Initializing Fonts...
<19:28:39> [C194F7C8][Warning] Cannot load texture textures/defaults/replacemecm.tif, file missing [File=textures/defaults/replacemecm.dds]
<19:28:40> [84206398] AI initialization
<19:28:40> [1BC221DE] Initializing Animation System
<19:28:40> [BA0D559B] Splash: Initializing Animation System...
<19:28:40> [9E592EFE] Initializing 3D Engine
<19:28:40> [BA0D559B] Splash: Initializing 3D Engine...
<19:28:41> [637AF710][Warning] missing chr material : game/objects/characters/ferre/female/nude/Standard_22.mtl (chr: game/objects/characters/ferre/female/nude/fe_f_base.chr)
<19:28:41> [91F5AEEC][Warning] number of bones mismatch! game/objects/characters/ferre/female/nude/fe_f_base.chr=195 game/objects/characters/ferre/female/nude/fe_f_base_lod1.chr=185
<19:28:42> [7415A452] CHR PreCaching 25 Done
<19:28:42> [E7AD4E53] AddSharedMorphTargets - Failed to load objects/characters/dwarf/male/face/dw_m_face00.chr
<19:28:42> [61AD1790] MorphTargetPreCaching - objects/characters/dwarf/male/face/dw_m_face00.chr Add Failed
<19:28:42> [A4A6E4C6] MorphTarget PreCaching 11 Done
<19:28:42> [5ACB40E2] Init Face Makers
<19:28:42> [56B5985B] X2FaceMaker - game/objects/characters/nuian/male/face/nu_m_face01_mid.chr : mouth_UnderbiteOverbite target not exist
<19:28:42> [56B5985B] X2FaceMaker - game/objects/characters/nuian/male/face/nu_m_face01_mid.chr : mouth_UnderbiteOverbite target not exist
<19:28:42> [56B5985B] X2FaceMaker - game/objects/characters/nuian/male/face/nu_m_face01_mid.chr : mouth_UnderbiteOverbite target not exist
<19:28:42> [4ABB03EB] game/objects/characters/ferre/female/face/fe_f_face01_low.chr(303) - objects/characters/ferre/female/face/fe_f_face00.chr(3063) SharedMorph is not matched
<19:28:42> [56B5985B] X2FaceMaker - game/objects/characters/nuian/male/face/nu_m_face01_mid.chr : mouth_UnderbiteOverbite target not exist
<19:28:42> [56B5985B] X2FaceMaker - game/objects/characters/nuian/male/face/nu_m_face01_mid.chr : nose_dw_SeptumVol target not exist
<19:28:42> [56B5985B] X2FaceMaker - game/objects/characters/nuian/male/face/nu_m_face01_mid.chr : nose_dw_NasalZposition target not exist
<19:28:42> [56B5985B] X2FaceMaker - game/objects/characters/nuian/male/face/nu_m_face01_mid.chr : FS_dwEarSize target not exist
<19:28:42> [56B5985B] X2FaceMaker - game/objects/characters/nuian/male/face/nu_m_face01_mid.chr : dwarf_Morph target not exist
<19:28:42> [56B5985B] X2FaceMaker - game/objects/characters/nuian/male/face/nu_m_face01_mid.chr : FS_dw_CheekMeat_min target not exist
<19:28:42> [1191A6A8] X2FaceMaker - game/objects/characters/nuian/male/face/nu_m_face01_mid.chr : FS_dw_CheekMeat_max ex target not exist
<19:28:42> [56B5985B] X2FaceMaker - game/objects/characters/warborn/male/face/wa_m_face01_mid.chr : eye_Forehead target not exist
<19:28:42> [56B5985B] X2FaceMaker - game/objects/characters/warborn/male/face/wa_m_face01_mid.chr : eye_Tail_min target not exist
<19:28:42> [1191A6A8] X2FaceMaker - game/objects/characters/warborn/male/face/wa_m_face01_mid.chr : eye_Tail_max ex target not exist
<19:28:42> [56B5985B] X2FaceMaker - game/objects/characters/warborn/male/face/wa_m_face01_mid.chr : eye_WidthLength_min target not exist
<19:28:42> [1191A6A8] X2FaceMaker - game/objects/characters/warborn/male/face/wa_m_face01_mid.chr : eye_WidthLength_max ex target not exist
<19:28:42> [56B5985B] X2FaceMaker - game/objects/characters/warborn/male/face/wa_m_face01_mid.chr : eye_DoubleEyelidShape target not exist
<19:28:42> [56B5985B] X2FaceMaker - game/objects/characters/warborn/male/face/wa_m_face01_mid.chr : eye_BrowXposition target not exist
<19:28:42> [56B5985B] X2FaceMaker - game/objects/characters/warborn/male/face/wa_m_face01_mid.chr : eye_BrowZposition target not exist
<19:28:42> [56B5985B] X2FaceMaker - game/objects/characters/warborn/male/face/wa_m_face01_mid.chr : nose_Nostril target not exist
<19:28:42> [56B5985B] X2FaceMaker - game/objects/characters/warborn/male/face/wa_m_face01_mid.chr : nose_Size target not exist
<19:28:42> [56B5985B] X2FaceMaker - game/objects/characters/warborn/male/face/wa_m_face01_mid.chr : nose_SeptumZposition target not exist
<19:28:42> [56B5985B] X2FaceMaker - game/objects/characters/warborn/male/face/wa_m_face01_mid.chr : nose_End target not exist
<19:28:42> [56B5985B] X2FaceMaker - game/objects/characters/warborn/male/face/wa_m_face01_mid.chr : nose_Size target not exist
<19:28:42> [56B5985B] X2FaceMaker - game/objects/characters/warborn/male/face/wa_m_face01_mid.chr : mouth_UpperLipVolume target not exist
<19:28:42> [56B5985B] X2FaceMaker - game/objects/characters/warborn/male/face/wa_m_face01_mid.chr : mouth_LowerLipVolume target not exist
<19:28:42> [56B5985B] X2FaceMaker - game/objects/characters/warborn/male/face/wa_m_face01_mid.chr : mouth_UpperLipOpen target not exist
<19:28:42> [56B5985B] X2FaceMaker - game/objects/characters/warborn/male/face/wa_m_face01_mid.chr : mouth_LowerLipOpen target not exist
<19:28:42> [56B5985B] X2FaceMaker - game/objects/characters/warborn/male/face/wa_m_face01_mid.chr : mouth_MouthOpen target not exist
<19:28:42> [56B5985B] X2FaceMaker - game/objects/characters/warborn/male/face/wa_m_face01_mid.chr : mouth_Size target not exist
<19:28:42> [56B5985B] X2FaceMaker - game/objects/characters/warborn/male/face/wa_m_face01_mid.chr : mouth_Shape_min target not exist
<19:28:42> [1191A6A8] X2FaceMaker - game/objects/characters/warborn/male/face/wa_m_face01_mid.chr : mouth_Shape_max ex target not exist
<19:28:42> [56B5985B] X2FaceMaker - game/objects/characters/warborn/male/face/wa_m_face01_mid.chr : mouth_TeethZposition target not exist
<19:28:42> [56B5985B] X2FaceMaker - game/objects/characters/warborn/male/face/wa_m_face01_mid.chr : FS_JawHigh_min target not exist
<19:28:42> [1191A6A8] X2FaceMaker - game/objects/characters/warborn/male/face/wa_m_face01_mid.chr : FS_JawHigh_max ex target not exist
<19:28:42> [56B5985B] X2FaceMaker - game/objects/characters/warborn/male/face/wa_m_face01_mid.chr : FS_EarRotate_min target not exist
<19:28:42> [1191A6A8] X2FaceMaker - game/objects/characters/warborn/male/face/wa_m_face01_mid.chr : FS_EarRotate_max ex target not exist
<19:28:42> [56B5985B] X2FaceMaker - game/objects/characters/warborn/male/face/wa_m_face01_mid.chr : FS_Beard1 target not exist
<19:28:42> [56B5985B] X2FaceMaker - game/objects/characters/warborn/male/face/wa_m_face01_mid.chr : FS_Beard2 target not exist
<19:28:42> [56B5985B] X2FaceMaker - game/objects/characters/warborn/male/face/wa_m_face01_mid.chr : FS_Beard3 target not exist
<19:28:42> [56B5985B] X2FaceMaker - game/objects/characters/warborn/female/face/wa_f_face01_mid.chr : eye_Yposition_min target not exist
<19:28:42> [1191A6A8] X2FaceMaker - game/objects/characters/warborn/female/face/wa_f_face01_mid.chr : eye_Yposition_max ex target not exist
<19:28:42> [56B5985B] X2FaceMaker - game/objects/characters/warborn/female/face/wa_f_face01_mid.chr : FS_AllLowerY target not exist
<19:28:42> [56B5985B] X2FaceMaker - game/objects/characters/warborn/female/face/wa_f_face01_mid.chr : FS_AllRotate target not exist
<19:28:42> [56B5985B] X2FaceMaker - game/objects/characters/warborn/female/face/wa_f_face01_mid.chr : FS_AllY target not exist
<19:28:42> [56B5985B] X2FaceMaker - game/objects/characters/warborn/female/face/wa_f_face01_mid.chr : mouth_Open_min target not exist
<19:28:42> [1191A6A8] X2FaceMaker - game/objects/characters/warborn/female/face/wa_f_face01_mid.chr : mouth_Open_max ex target not exist
<19:28:42> [E320B5CE] Init Face Makers - Done!
<19:28:42> [581CA53C] Script System Initialization
<19:28:42> [BA0D559B] Splash: Initializing Script System...
<19:28:42> [000004EE][Warning] [Lua Error] 1_3_0/scripts/common.lua:276: attempt to index global 'Script' (a nil value)
<19:28:42> [58F3F7FF][Warning] <null>:0: [Lua Error] Failed to execute file @game/scriptsbin/common.alb
<19:28:42> [D8B2BA54] Entity system initialization
<19:28:42> [BA0D559B] Splash: Initializing Entity System...
<19:28:42> [D55F91B2][Warning] [CEntityClassRegistry] LoadClassDescription failed, Entity Class name Chick already registered
<19:28:42> [BA0D559B] Splash: Initializing AI System...
<19:28:42> [DA019954] Initializing AI System
<19:28:42> [2546BCC5] Initializing Budgeting System
<19:28:42> [C0E19025] Initializing Seamless System
<19:28:43> [BA0D559B] Splash: Loading Game Data...
<19:28:44> [90B8EC50][Warning] too many ranges: aoe_shapes descs 10156(10156) threshold 100 ranges 12
<19:28:45> [BA4AD6CE] Loading portal list
<19:28:45> [92597454] Portal added, enter: 3891, exit: 6629
<19:28:45> [92597454] Portal added, enter: 21448, exit: 21449
<19:28:45> [92597454] Portal added, enter: 21450, exit: 21451
<19:28:45> [92597454] Portal added, enter: 21452, exit: 21453
<19:28:45> [92597454] Portal added, enter: 21698, exit: 21699
<19:28:45> [92597454] Portal added, enter: 22023, exit: 22024
<19:28:45> [92597454] Portal added, enter: 22042, exit: 22066
<19:28:45> [92597454] Portal added, enter: 22136, exit: 22137
<19:28:45> [92597454] Portal added, enter: 22163, exit: 22164
<19:28:45> [92597454] Portal added, enter: 22184, exit: 22185
<19:28:45> [92597454] Portal added, enter: 22336, exit: 22337
<19:28:45> [92597454] Portal added, enter: 9000063, exit: 9000064
<19:28:45> [1C664009] End loading portal list
<19:28:45> [937812F7] loaded DDCMS (1396969 descs, 719156 links (17 page 16.95MB size) string) from game\db\compact.sqlite3 in 1371 ms
<19:28:45> [BA0D559B] Splash: Initializing Game System...
<19:28:45> [000004EE][Warning] [Lua Error] no localized ui text for 18 always_refund
<19:28:46> [0ADE3294][Warning] [MFX] Effect 'collisions:grenade' already present. Overriding.
<19:28:46> [311630D1][Warning] MFX WARNING: Material not found: mat_ice_breakable
<19:28:46>  
<19:28:46>    sys_spec = Custom (assuming 4)
<19:28:46>      option_anti_aliasing = 2 expected:3
<19:28:46>  
<19:28:46> [BA0D559B] Splash: Preparing Screen...
<19:28:46> [963385F6] Level System - Loading Start
<19:28:46> [806B6F8D] precaching world entities ..
<19:28:46> [7E39E0DE] precaching world entities .. done!  total (0) objects
<19:28:46> [D2B280D6] Vegetation Manager : Loading World(login2)
<19:28:46> [075AB92F] Vegetation Manager : Loading World - Done (total 36 vegetations)
<19:28:46> [B9410AA1] total 20 terrain world surfaces loaded
<19:28:46> Loading Particle Library: collisions
<19:28:46> Loading Particle Library: water
<19:28:46> Loading Particle Library: misc
<19:28:47> Loading Particle Library: ability_skill_table
<19:28:47> Loading Particle Library: ability_skill_table_k
<19:28:47> Loading Particle Library: abillity_skill_table_m
<19:28:47> Loading Particle Library: machinima
<19:28:47> Loading Particle Library: x2_effects
<19:28:47> Loading Particle Library: x2_effects_k
<19:28:48> [280A47E3] Precached total 2 materials
<19:28:48> [7B1A973B] seamless loading cell terrain(W0, 1), (L0, 0)
<19:28:48> [3EF08C47] seamless loading cell object(W0, 1), (L0, 0)
<19:28:48> [584C4FFD] [net 23:28:36.020]  dns ip:192.168.1.202
<19:28:48> [584C4FFD] [net 23:28:36.020]  dns ip:172.17.0.1
<19:28:48> [584C4FFD] [net 23:28:36.020]  dns ip:172.19.0.1
<19:28:48> [584C4FFD] [net 23:28:36.020]  dns ip:172.18.0.1
<19:28:48> [0DE3FA89][Error] CryAnimation: character-definition creation failed: game/objects/characters/elf/female/nude/el_f_kyprosa.cdf
<19:28:48> [13A58BA0][Error] CryAnimation: character-definition not found: game/objects/characters/elf/female/nude/el_f_kyprosa.cdf
<19:28:48> [4DD44108] Start DaruCommon Extension
<19:28:48> [1B425DA5] Duplicated post effect param! pszName = FilterMaskedBlurring_Amount
<19:28:48> [1B425DA5] Duplicated post effect param! pszName = FilterMaskedBlurring_MaskTexName
<19:28:48> [1B425DA5] Duplicated post effect param! pszName = FilterChromaShift_User_Amount
<19:28:48> [1B425DA5] Duplicated post effect param! pszName = FilterGrain_Amount
<19:28:48> [8F6BAA6C][Warning] Couldn't find console variable 'e_water_ocean_fft'
<19:28:48> Loading Particle Library: wind
<19:28:48> Loading Particle Library: X2_EFFECT_O
<19:28:48> [000004EE][Warning] Particle effect not found: '                                                                ', from ParticleEffect fx_land_green
<19:28:48> [12409CCC] Load Zone Finished
<19:28:48> [A39C1725] Level System - Loading Complete
<19:28:48> [27293DED] -----------------------------------------------------
<19:28:48> [120C18F5] * LOADING: 'loginbg4' loading time: 1.80 seconds
<19:28:48> [27293DED] -----------------------------------------------------
<19:28:48> [000004EE][Warning] [Lua Error] no client player exists
<19:28:48> [A13C772D][Warning] Cannot load texture ui/font_color.g, Image file format is invalid [File=ui/font_color.g]
<19:28:48> [000FABC5][Warning] CAreaGrid::BeginAreas() called before being initialized.
<19:28:54> [11E02DA3][Warning] Cannot load texture textures/defaults/16_12.dds, file missing [File=textures/defaults/16_12.dds]
<19:28:55> [1D01FDCA] Auth: client connected to server
<19:28:55> [584C4FFD] [net 23:28:55.861]  socket ip:192.168.1.202
<19:28:55> [4C920A71] mac address : 74-56-3c-fe-52-f3
<19:28:57> [A13C772D][Warning] Cannot load texture ui/font_color.g, Image file format is invalid [File=ui/font_color.g]
<19:28:58> [584C4FFD] [net 23:28:58.827] connection requested to: 192.95.21.64:1239
<19:28:58> [4ABA7BDB] Auth: client disconnected (reason=0)
<19:28:58> [0F08E548] [NetConnection] connect completed (succeeded:true)
<19:28:59> [48F7BDF2] invalid world id in world queue packet
<19:28:59> [26623ECA] ucc info.. 5 0
<19:28:59> [4516816D] pay method: person
<19:28:59> [4AA30841] pay location: person
<19:28:59> [ADF1C07E] pay start: 1900-1-1 00:00:00
<19:28:59> [6486A277] pay end: 1900-1-1 00:00:00
<19:28:59> [FFF6198C] premium point: 0
<19:28:59> [481C0862] premium grade: premium_0
<19:28:59> [88D9AB0C] real pay time: -1
<19:28:59> [9FC303B8][Error] [CVARS]: [DUPLICATE] CXConsole::RegisterFloat(): variable [camera_max_dist] is already registered
<19:28:59> [34CCC219] stream: connected to world server
<19:28:59> [06A46B5B] stream: authorized by world server
<19:28:59> [4516816D] pay method: person
<19:28:59> [4AA30841] pay location: person
<19:28:59> [ADF1C07E] pay start: 1900-1-1 00:00:00
<19:28:59> [6486A277] pay end: 2037-12-31 16:00:00
<19:28:59> [FFF6198C] premium point: 0
<19:28:59> [481C0862] premium grade: premium_0
<19:28:59> [88D9AB0C] real pay time: -1
<19:28:59> [82321C2B][Warning] [net 23:28:59.581] [time] remote time estimation restarted; estimate accumulator age was 72455.500000
<19:29:01> [000004EE][Warning] [Lua Error] no localized ui text for 18 always_refund
<19:29:01> [09F46B9D]     cl_fov = 90 []
<19:29:01> [09F46B9D]     camera_max_dist = 180 []
<19:29:01> [09F46B9D]     name_tag_hp_width_on_bgmode = 80 []
<19:29:01> [09F46B9D]     name_tag_hp_height_on_bgmode = 30 []
<19:29:01> [06E6A3E9][Warning] Cannot load texture ui/login_stage/queue.dds, file missing [File=ui/login_stage/queue.dds]
<19:29:01> [000004EE][Warning] RenderMesh not assigned game/objects/box_nodraw.cgf
<19:29:05> [DA579B6C][Error] can't load client driven connect info.. Kompy
<19:29:10> [9FC303B8][Error] [CVARS]: [DUPLICATE] CXConsole::RegisterFloat(): variable [ui_double_click_interval] is already registered
<19:29:10> [000004EE][Warning] [Lua Error] no localized ui text for 18 always_refund
<19:29:10> [0DE3FA89][Error] CryAnimation: character-definition creation failed: game/objects/characters/returned/female/nude/re_f.cdf
<19:29:11> [6FF68EA5] SetInstantTime: type 0 time 0
<19:29:11> [6FF68EA5] SetInstantTime: type 1 time 0
<19:29:11> [6FF68EA5] SetInstantTime: type 2 time 1757821854
<19:29:11> [6FF68EA5] SetInstantTime: type 3 time 0
<19:29:11> [6FF68EA5] SetInstantTime: type 4 time 0
<19:29:11> [6FF68EA5] SetInstantTime: type 5 time 0
<19:29:11> [6FF68EA5] SetInstantTime: type 6 time 0
<19:29:11> [6FF68EA5] SetInstantTime: type 7 time 0
<19:29:11> [82321C2B][Warning] [net 23:29:11.465] [time] remote time estimation restarted; estimate accumulator age was 3.501015
<19:29:11> [0E61BD35] ExpeditionMember 20 added
<19:29:11> [0E61BD35] ExpeditionMember 20 added
<19:29:11> [0E61BD35] ExpeditionMember 20 added
<19:29:11> [0E61BD35] ExpeditionMember 12 added
<19:29:11> [1EBA13B3][Warning] count not matched; total=123; size=72
<19:29:11> [966861E8][Warning] GetAllPolicies empty
<19:29:11> [67B7DD8A][Warning] my ExpeditionMemberDesc not exist
<19:29:11> [7AB931CE] seamless unloading cell object(W0, 0), (L0, 0)
<19:29:11> [4B1E8B22] unload cell object count : 1511
<19:29:11> [B866A294] seamless unloading cell terrain(W0, 0), (L0, 0)
<19:29:11> [963385F6] Level System - Loading Start
<19:29:11> [E0E0EDAE][Warning] failed to load zone time of day from game/worlds/main_world/zone/225//time_of_day.xml
<19:29:11> [AB17243B][Warning] failed to load zone environment from game/worlds/main_world/zone/309//env.xml
<19:29:11> [35D4413E][Warning] failed to load zone clouds from game/worlds/main_world/zone/309//clouds.xml
<19:29:12> [806B6F8D] precaching world entities ..
<19:29:12> [7E39E0DE] precaching world entities .. done!  total (1778) objects
<19:29:12> [D2B280D6] Vegetation Manager : Loading World(main_world)
<19:29:12> [075AB92F] Vegetation Manager : Loading World - Done (total 3055 vegetations)
<19:29:12> [000004EE][Error] CTerrain::LoadWorldSurfaces: Error loading material: materials/Terrain/gweonidforest/w_forest_road_a1
<19:29:12> [59CBED13][Warning] Cannot load texture textures/aa_terrain/canyon/tr_canyon_rock3d_405a_ddn.dds, file missing [File=textures/aa_terrain/canyon/tr_canyon_rock3d_405a_ddn.dds]
<19:29:13> [751FFB9E][Warning] Error: CShaderMan::mfCreateShaderResources: Couldn't find detail texture
'game/textures/aa_terrain/canyon/tr_canyon_rock_616a_ddn.tga' in path '' [File=game/textures/aa_terrain/canyon/tr_canyon_rock_616a_ddn.tga]
<19:29:13> [B9410AA1] total 600 terrain world surfaces loaded
<19:29:13> [280A47E3] Precached total 4 materials
<19:29:13> [7B1A973B] seamless loading cell terrain(W18, 8), (L4, 4)
<19:29:13> [7B1A973B] seamless loading cell terrain(W19, 8), (L5, 4)
<19:29:13> [7B1A973B] seamless loading cell terrain(W18, 7), (L4, 3)
<19:29:13> [7B1A973B] seamless loading cell terrain(W19, 7), (L5, 3)
<19:29:13> [7B1A973B] seamless loading cell terrain(W18, 9), (L4, 5)
<19:29:13> [7B1A973B] seamless loading cell terrain(W19, 9), (L5, 5)
<19:29:13> [7B1A973B] seamless loading cell terrain(W17, 8), (L3, 4)
<19:29:13> [7B1A973B] seamless loading cell terrain(W17, 7), (L3, 3)
<19:29:13> [7B1A973B] seamless loading cell terrain(W20, 8), (L6, 4)
<19:29:13> [7B1A973B] seamless loading cell terrain(W20, 7), (L6, 3)
<19:29:13> [7B1A973B] seamless loading cell terrain(W18, 6), (L4, 2)
<19:29:13> [7B1A973B] seamless loading cell terrain(W17, 9), (L3, 5)
<19:29:13> [7B1A973B] seamless loading cell terrain(W19, 6), (L5, 2)
<19:29:13> [7B1A973B] seamless loading cell terrain(W20, 9), (L6, 5)
<19:29:13> [7B1A973B] seamless loading cell terrain(W17, 6), (L3, 2)
<19:29:13> [7B1A973B] seamless loading cell terrain(W18, 10), (L4, 6)
<19:29:13> [7B1A973B] seamless loading cell terrain(W19, 10), (L5, 6)
<19:29:13> [7B1A973B] seamless loading cell terrain(W20, 6), (L6, 2)
<19:29:13> [7B1A973B] seamless loading cell terrain(W16, 8), (L2, 4)
<19:29:13> [7B1A973B] seamless loading cell terrain(W16, 7), (L2, 3)
<19:29:13> [7B1A973B] seamless loading cell terrain(W21, 8), (L7, 4)
<19:29:13> [7B1A973B] seamless loading cell terrain(W17, 10), (L3, 6)
<19:29:13> [7B1A973B] seamless loading cell terrain(W16, 9), (L2, 5)
<19:29:13> [7B1A973B] seamless loading cell terrain(W21, 7), (L7, 3)
<19:29:13> [7B1A973B] seamless loading cell terrain(W20, 10), (L6, 6)
<19:29:13> [7B1A973B] seamless loading cell terrain(W18, 5), (L4, 1)
<19:29:13> [7B1A973B] seamless loading cell terrain(W19, 5), (L5, 1)
<19:29:13> [7B1A973B] seamless loading cell terrain(W21, 9), (L7, 5)
<19:29:13> [7B1A973B] seamless loading cell terrain(W16, 6), (L2, 2)
<19:29:13> [7B1A973B] seamless loading cell terrain(W17, 5), (L3, 1)
<19:29:13> [7B1A973B] seamless loading cell terrain(W21, 6), (L7, 2)
<19:29:13> [7B1A973B] seamless loading cell terrain(W20, 5), (L6, 1)
<19:29:13> [7B1A973B] seamless loading cell terrain(W18, 11), (L4, 7)
<19:29:13> [7B1A973B] seamless loading cell terrain(W16, 10), (L2, 6)
<19:29:13> [7B1A973B] seamless loading cell terrain(W19, 11), (L5, 7)
<19:29:13> [7B1A973B] seamless loading cell terrain(W15, 8), (L1, 4)
<19:29:13> [7B1A973B] seamless loading cell terrain(W21, 10), (L7, 6)
<19:29:13> [7B1A973B] seamless loading cell terrain(W15, 7), (L1, 3)
<19:29:13> [7B1A973B] seamless loading cell terrain(W17, 11), (L3, 7)
<19:29:13> [7B1A973B] seamless loading cell terrain(W20, 11), (L6, 7)
<19:29:13> [7B1A973B] seamless loading cell terrain(W15, 9), (L1, 5)
<19:29:13> [7B1A973B] seamless loading cell terrain(W16, 5), (L2, 1)
<19:29:13> [7B1A973B] seamless loading cell terrain(W18, 4), (L4, 0)
<19:29:13> [7B1A973B] seamless loading cell terrain(W21, 5), (L7, 1)
<19:29:13> [7B1A973B] seamless loading cell terrain(W19, 4), (L5, 0)
<19:29:13> [7B1A973B] seamless loading cell terrain(W15, 6), (L1, 2)
<19:29:13> [3EF08C47] seamless loading cell object(W18, 8), (L4, 4)
<19:29:13> [000004EE][Warning] [CGF Error] game/objects/env/02_harihara/001_hcom/hcom_cart_b.cgf [:] LOD1 of geometry hcom_cart_b contains too many polygons comparing to the LOD0 [770 against 1114] :
<19:29:13> [000004EE][Warning] [CGF Error] game/objects/env/02_harihara/01_ma/ma_top05.cgf [:] non-uniform scale(0.70, 1.00, 0.70) at node(Box11)
<19:29:13> [A5DDEC33][Warning] Warning: CShaderMan::mfForName: NULL name
<19:29:13> Loading Particle Library: X2_EFFECTS_P
<19:29:14> Loading Particle Library: x2_sounds
<19:29:14> [3EF08C47] seamless loading cell object(W19, 8), (L5, 4)
<19:29:14> [3EF08C47] seamless loading cell object(W18, 7), (L4, 3)
<19:29:14> [3EF08C47] seamless loading cell object(W19, 7), (L5, 3)
<19:29:14> [000004EE][Warning] [CGF Error] game/objects/env/01_nuia/001_housing/housing_people/hs_people_roof_a.cgf [:] Duplicate LOD helper $lod2 hs_people_roof_a
<19:29:14> [CE0EF930][Warning] failed to stream cgf : objects/env/05_nature/08_cry_source/rocks/road_rocks/road_rocks_flat_grey_a.cgf
<19:29:14> [3EF08C47] seamless loading cell object(W18, 9), (L4, 5)
<19:29:15> [3EF08C47] seamless loading cell object(W19, 9), (L5, 5)
<19:29:15> [3EF08C47] seamless loading cell object(W17, 8), (L3, 4)
<19:29:15> [CF2CE049][Warning] CMTSafeHeap::m_pBigPool is full. (6031863, MemoryBlock)
<19:29:15> [3EF08C47] seamless loading cell object(W17, 7), (L3, 3)
<19:29:15> [3EF08C47] seamless loading cell object(W20, 8), (L6, 4)
<19:29:15> [3EF08C47] seamless loading cell object(W20, 7), (L6, 3)
<19:29:15> [3EF08C47] seamless loading cell object(W18, 6), (L4, 2)
<19:29:15> [3EF08C47] seamless loading cell object(W17, 9), (L3, 5)
<19:29:16> [3EF08C47] seamless loading cell object(W19, 6), (L5, 2)
<19:29:16> [000004EE][Warning] [CGF Error] game/objects/env/02_harihara/03_ti/ti_factorymain_a.cga [:] Invalid BBox : has Invalid BBox node(Object32)
<19:29:16> [3EF08C47] seamless loading cell object(W20, 9), (L6, 5)
<19:29:16> [3EF08C47] seamless loading cell object(W17, 6), (L3, 2)
<19:29:16> [3EF08C47] seamless loading cell object(W18, 10), (L4, 6)
<19:29:16> [3EF08C47] seamless loading cell object(W19, 10), (L5, 6)
<19:29:16> [3EF08C47] seamless loading cell object(W20, 6), (L6, 2)
<19:29:16> [3EF08C47] seamless loading cell object(W16, 8), (L2, 4)
<19:29:16> [3EF08C47] seamless loading cell object(W16, 7), (L2, 3)
<19:29:16> [12409CCC] Load Zone Finished
<19:29:16> [000004EE][Warning] I3DEngine::RegisterEntity: entity reports invalid position: Name: LightEntityName (), Class: LightEntityClass, Pos=(657.3,7976.0,585.4), aabb center=(142.0,1019.8,-2.3)
<19:29:16> [188BF914][Warning] [EntityLoader] invalid entity pos(1172.249, 2147.883, 0.000) name(AAC_Mahadevi_Ext_1)
<19:29:17> [82321C2B][Warning] [net 23:29:17.158] [time] remote time estimation restarted; estimate accumulator age was 5.608040
<19:29:17> [7F89A202][Warning] AI: Warning: AIPoint is not inside Navigation Modifier. pos(5121.7, 4101.8, 221.3)
<19:29:17> [BCCDC555][Warning] MakeSprite - too many sprite update (10). dropping.. (sprites : 14)
<19:29:17> [A369EADC][Warning] failed to register sound listener. no actor. lets wait more...
<19:29:17> [5CE4EF2C][Warning] failed to load particle lib from (Libs/Particles/game/abillity_skill_table_m.xml)
<19:29:17> [000004EE][Warning] Particle effect not found: 'game/abillity_skill_table_m.wild.shock_form2', from unknown 
<19:29:17> [2BFDEC33][Error] realstep 8, not match unit req
<19:29:17> [A39C1725] Level System - Loading Complete
<19:29:17> [9BE3F673] total 0 CGF files are precached
<19:29:17> [27293DED] -----------------------------------------------------
<19:29:17> [120C18F5] * LOADING: 'e_mahadevi_2' loading time: 6.12 seconds
<19:29:17> [27293DED] -----------------------------------------------------
<19:29:19> [745BAE2F][Warning] failed to stream material xml(game/objects/env/01_nuia/001_ndeco/making/ndeco_making_rock01_second.mtl)
<19:29:20> [CA175C82][Warning] non-stream IO. system(CGF), filePath(Objects\env\01_nuia\001_housing\housing_house\housing_s_floor01.cgf)
<19:29:20> [A7901A9A][Warning] Cannot load texture game/objects/env/02_harihara/01_ma/ma_tant02_ddn.dds, file missing [File=game/objects/env/02_harihara/01_ma/ma_tant02_ddn.dds]
<19:29:20> [EFC67A6D][Warning] Error: CShaderMan::mfCreateShaderResources: Couldn't find detail texture
'game/objects/env/01_nuia/001_housing/housing_house/nuia_housing_tree07_ddn.dds' in path '' [File=game/objects/env/01_nuia/001_housing/housing_house/nuia_housing_tree07_ddn.dds]
<19:29:21> [755A3546][Warning] Error: CShaderMan::mfCreateShaderResources: Couldn't find custom secondary texture 'game/objects/env/01_nuia/001_housing/housing_house/nuia_housing_treemossy03_ddn.dds' in path '' [File=game/objects/env/01_nuia/001_housing/housing_house/nuia_housing_treemossy03_ddn.dds]
<19:29:21> [A4D70365][Warning] rigid-body own-entity; prefab=prefabs/interaction_c.xml/furniture.kraken_prop_a node=AnimObject_144
<19:29:22> [5132FEDE][Warning] invalid attached position(-17.00, 24.26, -9.80)
<19:29:22> [000004EE][Warning] [CGF Error] game/objects/env/01_nuia/001_housing/housing_furniture/hs_f_safe_e.cgf [:] non-uniform scale(1.00, 1.03, 1.00) at node(hs_f_safe_e)
<19:29:22> [D42935C5][Warning] Error: CShaderMan::mfCreateShaderResources: Couldn't find subsurface texture 'game/objects/characters/animals/cat_baby_cat/cat_baby_stripes_pet_df.dds' in path '' [File=game/objects/characters/animals/cat_baby_cat/cat_baby_stripes_pet_df.dds]
<19:29:22> [2363981C][Warning] chr material is not precached : game/objects/env/01_nuia/001_housing/housing_house/housing_house_equipment.mtl (chr: game/objects/env/01_nuia/001_housing/housing_house/housing_house_equipment.chr)
<19:29:22> [CE2F4035][Warning] chr physical geom is not precached. (game/objects/env/01_nuia/001_housing/housing_house/housing_house_equipment.chr)
<19:29:22> [000004EE][Warning] [CGF Error] game/objects/env/01_nuia/001_housing/housing_furniture/hs_f_safe_d.cgf [:] LOD1 of geometry hs_f_safe_d contains too many polygons comparing to the LOD0 [1606 against 2318] :
<19:29:22> [DE20B351][Warning] Flow Graph Node targets unknown entity guid: 4aeefc04e8c803c0
<19:29:23> [637AF710][Warning] missing chr material : game/objects/characters/nuian/male/parts/hm/obj/nu_m_hm_cloth999.mtl (chr: game/objects/characters/nuian/male/parts/hm/obj/nu_m_4hm103.chr)
<19:29:23> [000004EE][Warning] Particle effect not found: 'game/x2_effects.p_effect.st1000c', from unknown 
<19:29:23> [CE0EF930][Warning] failed to stream cgf : default
<19:29:24> [745BAE2F][Warning] failed to stream material xml(game/objects/characters/hariharan/male/parts/gv/obj/ha_m_gv_cloth213.mtl)
<19:29:25> [09F46B9D]     cl_fov = 90 []
<19:29:25> [09F46B9D]     camera_max_dist = 180 []
<19:29:25> [09F46B9D]     name_tag_hp_width_on_bgmode = 80 []
<19:29:25> [09F46B9D]     name_tag_hp_height_on_bgmode = 30 []
<19:29:25> [000004EE][Warning] [Lua Error] Failed to load script file scriptsbin/x2ui/assignment/form.alb
<19:29:26> [A13C772D][Warning] Cannot load texture ui/font_color.g, Image file format is invalid [File=ui/font_color.g]
<19:29:26> [B5A61D8F] Chat Channel(0) Color is not found.
<19:29:26> [000004EE][Warning] [Lua Error] ...ts/x2ui/loginstage/character_create/locale/en_us.lua:524: attempt to index a nil value
<19:29:26> [58F3F7FF][Warning] <null>:0: [Lua Error] Failed to execute file @game/scriptsbin/x2ui/loginstage/character_create/locale/en_us.alb
<19:29:26> [73AFCD09][Warning] Cannot load texture ui/map/frame_map_2.dds, file missing [File=ui/map/frame_map_2.dds]
<19:29:26> [000004EE][Warning] [Lua] invalid style type...  / brown
<19:29:27> [82321C2B][Warning] [net 23:29:27.157] [time] remote time estimation restarted; estimate accumulator age was 1.305782
<19:29:27> [BCCDC555][Warning] MakeSprite - too many sprite update (10). dropping.. (sprites : 53)
<19:29:27> [62232BEA][Warning] deferred xml stream error - game/animations/animals/crow_lucius/lmg_files/normal_run.lmg : f0000003
<19:29:29> [C4901C15][Warning] Error: CShaderMan::mfCreateShaderResources: Couldn't find detail texture
'game/textures/cubemaps/cxpgame/objects/env/01_nuia/001_housing/housing_furniture/hs_f_cookie_chair_df.dds_river.dds' in path '' [File=game/textures/cubemaps/cxpgame/objects/env/01_nuia/001_housing/housing_furniture/hs_f_cookie_chair_df.dds_river.dds]
<19:29:33> [745BAE2F][Warning] failed to stream material xml(game/materials/aa_terrain/decals/quest_golddust.mtl)
<19:29:35> [04FA8364][Warning] Cannot load texture game/objects/characters/nuian/male/hair/hair_texture/, file missing [File=game/objects/characters/nuian/male/hair/hair_texture/]
<19:29:35> [A4D70365][Warning] rigid-body own-entity; prefab=Prefabs/interaction.xml/toy.crane node=AnimObject_1
<19:29:35> [637AF710][Warning] missing chr material : game/objects/characters/hariharan/male/parts/ar/obj/ha_m_ar_cloth274.mtl (chr: game/objects/characters/hariharan/male/parts/ar/obj/ha_m_1ar904_1arm018_1bt017.chr)
<19:29:35> [000004EE][Warning] [CGF Error] game/objects/env/01_nuia/001_ndeco/making/ndeco_powerfulmaking.cga [:] LOD1 of geometry parts01 contains too many polygons comparing to the LOD0 [1592 against 1130] :
<19:29:36> [CE0EF930][Warning] failed to stream cgf : default
<19:29:37> [BCCDC555][Warning] MakeSprite - too many sprite update (10). dropping.. (sprites : 58)
<19:29:38> [745BAE2F][Warning] failed to stream material xml(game/objects/characters/hariharan/female/parts/pt/obj/ha_f_pt_leather160.mtl)
<19:29:40> [637AF710][Warning] missing chr material : game/objects/characters/hariharan/female/parts/hm/obj/ha_f_hm_metal225.mtl (chr: game/objects/characters/hariharan/female/parts/hm/obj/ha_f_3hm108.chr)
<19:29:40> [F9376E0D][Warning] [flow] FG-0x69C46BDC-Entity 'AnimObject_19' was destroyed with pending updates/activations. Report follows...
<19:29:40> [A8F1529E][Warning] [flow] Pending nodes:
<19:29:42> [CE0EF930][Warning] failed to stream cgf : default
