[801989E0] BackupNameAttachment=" Build(0) Date(13 September 2025) Time(14 28 36)"  -- used by backup system
[00000020]  
[38F38F32] Log Started at #c
[0232BD25] Running 32 bit version
[7AB6F5FE] Executable: C:\Games\AAClassic\bin32\archeage.exe
[E5C771AC] FileVersion: 3.5.0.0
[F799D55F] ProductVersion: 3.5.3.0
[1F1D6B13] Using Microsoft (tm) C++ Standard Library implementation
[00000020]  
[C7D96C80] Revision: 350000
[00000020]  
[64533E3E] this is the first client
<14:28:42> [B9197FD5][Error] ConsoleVariableGroup[option_effect] key[e_particles_lod_onoff] has no default
<14:28:42> [76666E6D] 
--- CPU detection ---
<14:28:42> [F4D992D8] CPU: AMD AMD Ryzen 7 7800X3D 8-Core Processor           
<14:28:42> [3F649B02] Family: 15, Model: 1, Stepping: 2
<14:28:42> [83D12E0B] FPU: On-Chip
<14:28:42> [50919DA0] CPU Speed (estimated): 4192.078345 MHz
<14:28:42> [C73FD83A] MMX: not present
<14:28:42> [89D1077A] SSE: present
<14:28:42> [64E2B6F1] 3DNow!: present
<14:28:42> [27B7AC6E] Serial number not present or disabled
<14:28:42> [1D2D8E5B] Number of logical processors: 16
<14:28:42> [FA658084] Number of available logical processors: 16
<14:28:42> [A1F061C2] Invariant Time Stamp Counter : yes
<14:28:42> [FA0251ED] ---------------------

<14:28:42> [03E7D838] Device Info
<14:28:42> [9F603516] Device Info - 1
<14:28:42> [9F603517] Device Info - 2
<14:28:42> [9F603518] Device Info - 3
<14:28:42> [9F603519] Device Info - 4
<14:28:42> [9F60351A] Device Info - 5
<14:28:42> [9F60351B] Device Info - 6
<14:28:42> [9F60351C] Device Info - 7
<14:28:42> [E98ECC28] Video Memory Info
<14:28:42> [D5FBE664] Video Memory - 1
<14:28:42> [D5FBE665] Video Memory - 2
<14:28:42> [D5FBE666] Video Memory - 3
<14:28:42> [D5FBE667] Video Memory - 4
<14:28:42> [D5FBE668] Video Memory - 5
<14:28:42> [D5FBE669] Video Memory - 6
<14:28:42> [D5FBE66A] Video Memory - 7
<14:28:42> [D5FBE66B] Video Memory - 8
<14:28:42> [3A4D54A2][Warning] config/gpu/amd.txt line 55 contains a multiple defined GPU rating!
<14:28:42> [D20872C0] InitThreadAffinities
<14:28:42> [2F28A434] UpdateMainThreadAffinity
<14:28:42> [16962512] Windows 8 64 bit (build 6.2.9200)
<14:28:42> [38DFF081] System language: English
<14:28:42> [861A0178] Windows Directory: "C:\windows"
<14:28:42> [341B54F1] Prerequisites...
<14:28:42> [5D1B3C9C] * Installation of KB940105 hotfix required: no! (either not needed or already installed)
<14:28:42> [EDEBAF53] Local time is 14:28:42 09/13/25, system running for 2 minutes
<14:28:42> [5B279DFA] 63426MB physical memory installed, 38884MB available, 4095MB virtual memory installed, 38 percent of memory in use
<14:28:42> [31259232] PageFile usage: 
<14:28:42> [453F0D1B] Current display mode is 2560x1440x32
<14:28:42> [8A64FCCC] IBM enhanced (101/102-key) keyboard and 3+ button mouse installed
<14:28:42> [CE30556B] ----- GPU Detection -----------------
<14:28:42> [03E7D838] Device Info
<14:28:42> [9F603516] Device Info - 1
<14:28:42> [9F603517] Device Info - 2
<14:28:42> [9F603518] Device Info - 3
<14:28:42> [9F603519] Device Info - 4
<14:28:42> [9F60351A] Device Info - 5
<14:28:42> [9F60351B] Device Info - 6
<14:28:42> [9F60351C] Device Info - 7
<14:28:42> [E98ECC28] Video Memory Info
<14:28:42> [D5FBE664] Video Memory - 1
<14:28:42> [D5FBE665] Video Memory - 2
<14:28:42> [D5FBE666] Video Memory - 3
<14:28:42> [D5FBE667] Video Memory - 4
<14:28:42> [D5FBE668] Video Memory - 5
<14:28:42> [D5FBE669] Video Memory - 6
<14:28:42> [D5FBE66A] Video Memory - 7
<14:28:42> [D5FBE66B] Video Memory - 8
<14:28:42> [99EA404A]  AMD Radeon RX 7800 XT (RADV NAVI32) (vendor = 0x1002, device = 0x747e, subSys = 0x00000000)
<14:28:42> [77718B6A] -- Video memory: 4081 MB
<14:28:42> [30DF1863] -- Minimum SM 2.0 support: yes
<14:28:42> [13E11956] -- DX11 supported: yes
<14:28:42> [50B60100] --------------------------------------------------------------------------------
<14:28:42> [5921EDBE] Stream Engine Initialization
<14:28:42> [BA0D559B] Splash: Initializing Stream Engine...
<14:28:42> [939F6EBB] Enable Resolutions : 0
<14:28:42> [A30A84B6] can't enum display resolution modes
<14:28:42> [B324CD25] Screen Resolution - 1024x768
<14:28:42> [3778EA0B] Screen Resolution - 2 (2560x1440)
<14:28:42> [A1B107F0] Screen Resolution - Test OK (2560x1440)
<14:28:42> [A9E4B0F2] Network initialization
<14:28:42> [BA0D559B] Splash: Initializing Network System...
<14:28:42> [14FAD233] Socket I/O by iocp
<14:28:42> [E36A4FB9] Physics initialization
<14:28:42> [BA0D559B] Splash: Initializing Physics...
<14:28:42> [2462D581] MovieSystem initialization
<14:28:42> [BA0D559B] Splash: Initializing Movie System...
<14:28:42> [93287AEC] Renderer initialization - Start
<14:28:42> [BA0D559B] Splash: Initializing Renderer...
<14:28:42> [91207680] Renderer initialization - Open
<14:28:42> [4377E7CB] Renderer initialization - DLL Load(CryRenderD3D9.dll)
<14:28:42> [71203A94] Renderer initialization - DLL Done
<14:28:42> [71227C22] Renderer initialization - DLL Init
<14:28:42> [C653D9CB] Renderer initialization - Instance
<14:28:42> [44D9754D] D3D Adapter: Driver name: aticfx32.dll
<14:28:42> [82BE8322] D3D Adapter: Driver description: AMD Radeon RX 7800 XT (RADV NAVI32)
<14:28:42> [2224501A] D3D Adapter: Driver version: 32767.65535.65535.65535
<14:28:42> [E8D1E30D] D3D Adapter: Driver GUID: 00000000-0003-0000-0000000000000000
<14:28:42> [BC8C1ACB] D3D Adapter: VendorId = 0x1002
<14:28:42> [B6A10CFD] D3D Adapter: DeviceId = 0x747E
<14:28:42> [0678E702] D3D Adapter: SubSysId = 0x00000000
<14:28:42> [F2243F0E] D3D Adapter: Revision = 0
<14:28:43> [E571CFEE] Shader manager initialization
<14:28:44> [05BAAEF6] CResFile allocations incurred by user cache preload: (16740.67k)
<14:28:44> [911B73B8] Renderer initialization - Done
<14:28:44> [8E444EA9] Console initialization
<14:28:44> [2904A233] Time initialization
<14:28:44> [3650CFD6] Input initialization
<14:28:44> [BA0D559B] Splash: Initializing Input System...
<14:28:44> Initializing Keyboard
<14:28:44> [99640BF1] Sound initialization
<14:28:44> [BA0D559B] Splash: Initializing Sound System...
<14:28:44> [2C33885C] Sound - Initializing AudioDevice now!
<14:28:44> [E46760A9] <Sound> Initialize FMOD with dynamic memory callbacks
<14:28:44> [D6755BFD] <Sound> Starting to initialize Windows Audio Session API output! 
<14:28:44> [F7E8E3CD] <Sound> Drivers found: 5
<14:28:44> [5076AD4B] <Sound> Available drivers:
	1.	PulseAudio Output (PulseAudio Output)
	2.	Blue Microphones Analog Stereo (Blue Microphones Analog Stereo)
	3.	Wireless Controller (Wireless Controller)
	4.	Navi 31 HDMI/DP Audio Digital Stereo (HDMI) (Navi 31 HDMI/DP Audio Digital Stereo (HDMI))
	5.	Family 17h/19h/1ah HD Audio Controller Analog Stereo (Family 17h/19h/1ah HD Audio Controller Analog Stereo)
<14:28:44> [A0BBF7E1] <Sound> FmodEx-AudioDevice: Now running on driver: PulseAudio Output (PulseAudio Output)
<14:28:44> [14D8EFE1] <Sound> Using speaker mode: FMOD_SPEAKERMODE_STEREO
<14:28:44> [E79C27E5] <Sound> Initializing FMOD-EX now!
<14:28:44> [E2A9FE08] <Sound> Available record drivers: 0 PulseAudio Input (PulseAudio Input) !
<14:28:44> [E2A9FE08] <Sound> Available record drivers: 1 Family 17h/19h/1ah HD Audio Controller Analog Stereo (Family 17h/19h/1ah HD Audio Controller Analog Stereo) !
<14:28:44> [E2A9FE08] <Sound> Available record drivers: 2 Wireless Controller (Wireless Controller) !
<14:28:44> [E2A9FE08] <Sound> Available record drivers: 3 Blue Microphones Analog Stereo (Blue Microphones Analog Stereo) !
<14:28:44> [E2A9FE08] <Sound> Available record drivers: 4 Monitor of Family 17h/19h/1ah HD Audio Controller (Monitor of Family 17h/19h/1ah HD Audio Controller) !
<14:28:44> [E2A9FE08] <Sound> Available record drivers: 5 Monitor of Blue Microphones Analog Stereo (Monitor of Blue Microphones Analog Stereo) !
<14:28:44> [E2A9FE08] <Sound> Available record drivers: 6 Wireless Controller (Wireless Controller) !
<14:28:44> [E2A9FE08] <Sound> Available record drivers: 7 Monitor of Navi 31 HDMI/DP Audio Digital Stereo (HDMI) (Monitor of Navi 31 HDMI/DP Audio Digital Stereo (HDMI)) !
<14:28:44> [6841BE38] <Sound> Record config is set to autodetect using record driver 0
<14:28:44> [7808B4C4] <Sound> Using FMOD version: 00044414 and internal 00044414!
<14:28:44> [2A2815C7] <Sound> Initialized FMOD-EX
<14:28:44> [BE4EF52E] Sound - Initializing SoundSystem now!
<14:28:44> [0D547471] Font initialization
<14:28:44> [BA0D559B] Splash: Initializing Fonts...
<14:28:44> [C194F7C8][Warning] Cannot load texture textures/defaults/replacemecm.tif, file missing [File=textures/defaults/replacemecm.dds]
<14:28:44> [84206398] AI initialization
<14:28:44> [1BC221DE] Initializing Animation System
<14:28:44> [BA0D559B] Splash: Initializing Animation System...
<14:28:44> [9E592EFE] Initializing 3D Engine
<14:28:44> [BA0D559B] Splash: Initializing 3D Engine...
<14:28:45> [637AF710][Warning] missing chr material : game/objects/characters/ferre/female/nude/Standard_22.mtl (chr: game/objects/characters/ferre/female/nude/fe_f_base.chr)
<14:28:45> [91F5AEEC][Warning] number of bones mismatch! game/objects/characters/ferre/female/nude/fe_f_base.chr=195 game/objects/characters/ferre/female/nude/fe_f_base_lod1.chr=185
<14:28:46> [7415A452] CHR PreCaching 25 Done
<14:28:46> [E7AD4E53] AddSharedMorphTargets - Failed to load objects/characters/dwarf/male/face/dw_m_face00.chr
<14:28:46> [61AD1790] MorphTargetPreCaching - objects/characters/dwarf/male/face/dw_m_face00.chr Add Failed
<14:28:46> [A4A6E4C6] MorphTarget PreCaching 11 Done
<14:28:46> [5ACB40E2] Init Face Makers
<14:28:46> [56B5985B] X2FaceMaker - game/objects/characters/nuian/male/face/nu_m_face01_mid.chr : mouth_UnderbiteOverbite target not exist
<14:28:46> [56B5985B] X2FaceMaker - game/objects/characters/nuian/male/face/nu_m_face01_mid.chr : mouth_UnderbiteOverbite target not exist
<14:28:46> [56B5985B] X2FaceMaker - game/objects/characters/nuian/male/face/nu_m_face01_mid.chr : mouth_UnderbiteOverbite target not exist
<14:28:46> [4ABB03EB] game/objects/characters/ferre/female/face/fe_f_face01_low.chr(303) - objects/characters/ferre/female/face/fe_f_face00.chr(3063) SharedMorph is not matched
<14:28:46> [56B5985B] X2FaceMaker - game/objects/characters/nuian/male/face/nu_m_face01_mid.chr : mouth_UnderbiteOverbite target not exist
<14:28:46> [56B5985B] X2FaceMaker - game/objects/characters/nuian/male/face/nu_m_face01_mid.chr : nose_dw_SeptumVol target not exist
<14:28:46> [56B5985B] X2FaceMaker - game/objects/characters/nuian/male/face/nu_m_face01_mid.chr : nose_dw_NasalZposition target not exist
<14:28:46> [56B5985B] X2FaceMaker - game/objects/characters/nuian/male/face/nu_m_face01_mid.chr : FS_dwEarSize target not exist
<14:28:46> [56B5985B] X2FaceMaker - game/objects/characters/nuian/male/face/nu_m_face01_mid.chr : dwarf_Morph target not exist
<14:28:46> [56B5985B] X2FaceMaker - game/objects/characters/nuian/male/face/nu_m_face01_mid.chr : FS_dw_CheekMeat_min target not exist
<14:28:46> [1191A6A8] X2FaceMaker - game/objects/characters/nuian/male/face/nu_m_face01_mid.chr : FS_dw_CheekMeat_max ex target not exist
<14:28:46> [56B5985B] X2FaceMaker - game/objects/characters/warborn/male/face/wa_m_face01_mid.chr : eye_Forehead target not exist
<14:28:46> [56B5985B] X2FaceMaker - game/objects/characters/warborn/male/face/wa_m_face01_mid.chr : eye_Tail_min target not exist
<14:28:46> [1191A6A8] X2FaceMaker - game/objects/characters/warborn/male/face/wa_m_face01_mid.chr : eye_Tail_max ex target not exist
<14:28:46> [56B5985B] X2FaceMaker - game/objects/characters/warborn/male/face/wa_m_face01_mid.chr : eye_WidthLength_min target not exist
<14:28:46> [1191A6A8] X2FaceMaker - game/objects/characters/warborn/male/face/wa_m_face01_mid.chr : eye_WidthLength_max ex target not exist
<14:28:46> [56B5985B] X2FaceMaker - game/objects/characters/warborn/male/face/wa_m_face01_mid.chr : eye_DoubleEyelidShape target not exist
<14:28:46> [56B5985B] X2FaceMaker - game/objects/characters/warborn/male/face/wa_m_face01_mid.chr : eye_BrowXposition target not exist
<14:28:46> [56B5985B] X2FaceMaker - game/objects/characters/warborn/male/face/wa_m_face01_mid.chr : eye_BrowZposition target not exist
<14:28:46> [56B5985B] X2FaceMaker - game/objects/characters/warborn/male/face/wa_m_face01_mid.chr : nose_Nostril target not exist
<14:28:46> [56B5985B] X2FaceMaker - game/objects/characters/warborn/male/face/wa_m_face01_mid.chr : nose_Size target not exist
<14:28:46> [56B5985B] X2FaceMaker - game/objects/characters/warborn/male/face/wa_m_face01_mid.chr : nose_SeptumZposition target not exist
<14:28:46> [56B5985B] X2FaceMaker - game/objects/characters/warborn/male/face/wa_m_face01_mid.chr : nose_End target not exist
<14:28:46> [56B5985B] X2FaceMaker - game/objects/characters/warborn/male/face/wa_m_face01_mid.chr : nose_Size target not exist
<14:28:46> [56B5985B] X2FaceMaker - game/objects/characters/warborn/male/face/wa_m_face01_mid.chr : mouth_UpperLipVolume target not exist
<14:28:46> [56B5985B] X2FaceMaker - game/objects/characters/warborn/male/face/wa_m_face01_mid.chr : mouth_LowerLipVolume target not exist
<14:28:46> [56B5985B] X2FaceMaker - game/objects/characters/warborn/male/face/wa_m_face01_mid.chr : mouth_UpperLipOpen target not exist
<14:28:46> [56B5985B] X2FaceMaker - game/objects/characters/warborn/male/face/wa_m_face01_mid.chr : mouth_LowerLipOpen target not exist
<14:28:46> [56B5985B] X2FaceMaker - game/objects/characters/warborn/male/face/wa_m_face01_mid.chr : mouth_MouthOpen target not exist
<14:28:46> [56B5985B] X2FaceMaker - game/objects/characters/warborn/male/face/wa_m_face01_mid.chr : mouth_Size target not exist
<14:28:46> [56B5985B] X2FaceMaker - game/objects/characters/warborn/male/face/wa_m_face01_mid.chr : mouth_Shape_min target not exist
<14:28:46> [1191A6A8] X2FaceMaker - game/objects/characters/warborn/male/face/wa_m_face01_mid.chr : mouth_Shape_max ex target not exist
<14:28:46> [56B5985B] X2FaceMaker - game/objects/characters/warborn/male/face/wa_m_face01_mid.chr : mouth_TeethZposition target not exist
<14:28:46> [56B5985B] X2FaceMaker - game/objects/characters/warborn/male/face/wa_m_face01_mid.chr : FS_JawHigh_min target not exist
<14:28:46> [1191A6A8] X2FaceMaker - game/objects/characters/warborn/male/face/wa_m_face01_mid.chr : FS_JawHigh_max ex target not exist
<14:28:46> [56B5985B] X2FaceMaker - game/objects/characters/warborn/male/face/wa_m_face01_mid.chr : FS_EarRotate_min target not exist
<14:28:46> [1191A6A8] X2FaceMaker - game/objects/characters/warborn/male/face/wa_m_face01_mid.chr : FS_EarRotate_max ex target not exist
<14:28:46> [56B5985B] X2FaceMaker - game/objects/characters/warborn/male/face/wa_m_face01_mid.chr : FS_Beard1 target not exist
<14:28:46> [56B5985B] X2FaceMaker - game/objects/characters/warborn/male/face/wa_m_face01_mid.chr : FS_Beard2 target not exist
<14:28:46> [56B5985B] X2FaceMaker - game/objects/characters/warborn/male/face/wa_m_face01_mid.chr : FS_Beard3 target not exist
<14:28:46> [56B5985B] X2FaceMaker - game/objects/characters/warborn/female/face/wa_f_face01_mid.chr : eye_Yposition_min target not exist
<14:28:46> [1191A6A8] X2FaceMaker - game/objects/characters/warborn/female/face/wa_f_face01_mid.chr : eye_Yposition_max ex target not exist
<14:28:46> [56B5985B] X2FaceMaker - game/objects/characters/warborn/female/face/wa_f_face01_mid.chr : FS_AllLowerY target not exist
<14:28:46> [56B5985B] X2FaceMaker - game/objects/characters/warborn/female/face/wa_f_face01_mid.chr : FS_AllRotate target not exist
<14:28:46> [56B5985B] X2FaceMaker - game/objects/characters/warborn/female/face/wa_f_face01_mid.chr : FS_AllY target not exist
<14:28:46> [56B5985B] X2FaceMaker - game/objects/characters/warborn/female/face/wa_f_face01_mid.chr : mouth_Open_min target not exist
<14:28:46> [1191A6A8] X2FaceMaker - game/objects/characters/warborn/female/face/wa_f_face01_mid.chr : mouth_Open_max ex target not exist
<14:28:46> [E320B5CE] Init Face Makers - Done!
<14:28:46> [581CA53C] Script System Initialization
<14:28:46> [BA0D559B] Splash: Initializing Script System...
<14:28:46> [000004EE][Warning] [Lua Error] 1_3_0/scripts/common.lua:276: attempt to index global 'Script' (a nil value)
<14:28:46> [58F3F7FF][Warning] <null>:0: [Lua Error] Failed to execute file @game/scriptsbin/common.alb
<14:28:46> [D8B2BA54] Entity system initialization
<14:28:46> [BA0D559B] Splash: Initializing Entity System...
<14:28:46> [D55F91B2][Warning] [CEntityClassRegistry] LoadClassDescription failed, Entity Class name Chick already registered
<14:28:46> [BA0D559B] Splash: Initializing AI System...
<14:28:46> [DA019954] Initializing AI System
<14:28:46> [2546BCC5] Initializing Budgeting System
<14:28:46> [C0E19025] Initializing Seamless System
<14:28:47> [BA0D559B] Splash: Loading Game Data...
<14:28:48> [90B8EC50][Warning] too many ranges: aoe_shapes descs 10156(10156) threshold 100 ranges 12
<14:28:49> [BA4AD6CE] Loading portal list
<14:28:49> [92597454] Portal added, enter: 3891, exit: 6629
<14:28:49> [92597454] Portal added, enter: 21448, exit: 21449
<14:28:49> [92597454] Portal added, enter: 21450, exit: 21451
<14:28:49> [92597454] Portal added, enter: 21452, exit: 21453
<14:28:49> [92597454] Portal added, enter: 21698, exit: 21699
<14:28:49> [92597454] Portal added, enter: 22023, exit: 22024
<14:28:49> [92597454] Portal added, enter: 22042, exit: 22066
<14:28:49> [92597454] Portal added, enter: 22136, exit: 22137
<14:28:49> [92597454] Portal added, enter: 22163, exit: 22164
<14:28:49> [92597454] Portal added, enter: 22184, exit: 22185
<14:28:49> [92597454] Portal added, enter: 22336, exit: 22337
<14:28:49> [92597454] Portal added, enter: 9000063, exit: 9000064
<14:28:49> [1C664009] End loading portal list
<14:28:49> [937812F7] loaded DDCMS (1396969 descs, 719156 links (17 page 16.95MB size) string) from game\db\compact.sqlite3 in 991 ms
<14:28:49> [BA0D559B] Splash: Initializing Game System...
<14:28:49> [000004EE][Warning] [Lua Error] no localized ui text for 18 always_refund
<14:28:49> [0ADE3294][Warning] [MFX] Effect 'collisions:grenade' already present. Overriding.
<14:28:50> [311630D1][Warning] MFX WARNING: Material not found: mat_ice_breakable
<14:28:50>  
<14:28:50>    sys_spec = Custom (assuming 4)
<14:28:50>      option_anti_aliasing = 2 expected:3
<14:28:50>  
<14:28:50> [BA0D559B] Splash: Preparing Screen...
<14:28:50> [3778EA0B] Screen Resolution - 2 (2560x1440)
<14:28:50> [A1B107F0] Screen Resolution - Test OK (2560x1440)
<14:28:50> [963385F6] Level System - Loading Start
<14:28:50> [D2121932] Change resolution: 2560x1440x32 (Windowed)
<14:28:50> [583D6F38] Final resolution: 2560x1440x32 (Windowed)
<14:28:50> [806B6F8D] precaching world entities ..
<14:28:50> [7E39E0DE] precaching world entities .. done!  total (0) objects
<14:28:50> [D2B280D6] Vegetation Manager : Loading World(login2)
<14:28:50> [075AB92F] Vegetation Manager : Loading World - Done (total 36 vegetations)
<14:28:50> [B9410AA1] total 20 terrain world surfaces loaded
<14:28:50> Loading Particle Library: collisions
<14:28:50> Loading Particle Library: water
<14:28:50> Loading Particle Library: misc
<14:28:50> Loading Particle Library: ability_skill_table
<14:28:50> Loading Particle Library: ability_skill_table_k
<14:28:50> Loading Particle Library: abillity_skill_table_m
<14:28:50> Loading Particle Library: machinima
<14:28:50> Loading Particle Library: x2_effects
<14:28:50> Loading Particle Library: x2_effects_k
<14:28:50> [280A47E3] Precached total 2 materials
<14:28:50> [7B1A973B] seamless loading cell terrain(W0, 1), (L0, 0)
<14:28:50> [3EF08C47] seamless loading cell object(W0, 1), (L0, 0)
<14:28:50> [584C4FFD] [net 18:28:42.892]  dns ip:192.168.1.202
<14:28:50> [584C4FFD] [net 18:28:42.892]  dns ip:172.17.0.1
<14:28:50> [584C4FFD] [net 18:28:42.892]  dns ip:172.19.0.1
<14:28:50> [584C4FFD] [net 18:28:42.892]  dns ip:172.18.0.1
<14:28:50> [0DE3FA89][Error] CryAnimation: character-definition creation failed: game/objects/characters/elf/female/nude/el_f_kyprosa.cdf
<14:28:50> [13A58BA0][Error] CryAnimation: character-definition not found: game/objects/characters/elf/female/nude/el_f_kyprosa.cdf
<14:28:50> [4DD44108] Start DaruCommon Extension
<14:28:50> [1B425DA5] Duplicated post effect param! pszName = FilterMaskedBlurring_Amount
<14:28:50> [1B425DA5] Duplicated post effect param! pszName = FilterMaskedBlurring_MaskTexName
<14:28:50> [1B425DA5] Duplicated post effect param! pszName = FilterChromaShift_User_Amount
<14:28:50> [1B425DA5] Duplicated post effect param! pszName = FilterGrain_Amount
<14:28:50> [8F6BAA6C][Warning] Couldn't find console variable 'e_water_ocean_fft'
<14:28:50> Loading Particle Library: wind
<14:28:51> Loading Particle Library: X2_EFFECT_O
<14:28:51> [000004EE][Warning] Particle effect not found: '                                                                ', from ParticleEffect fx_land_green
<14:28:51> [12409CCC] Load Zone Finished
<14:28:51> [A39C1725] Level System - Loading Complete
<14:28:51> [27293DED] -----------------------------------------------------
<14:28:51> [120C18F5] * LOADING: 'loginbg4' loading time: 1.35 seconds
<14:28:51> [27293DED] -----------------------------------------------------
<14:28:51> [000004EE][Warning] [Lua Error] no client player exists
<14:28:51> [A13C772D][Warning] Cannot load texture ui/font_color.g, Image file format is invalid [File=ui/font_color.g]
<14:28:51> [9FC303B8][Error] [CVARS]: [DUPLICATE] CXConsole::RegisterFloat(): variable [ui_double_click_interval] is already registered
<14:28:51> [09F46B9D]     cl_fov = 90 []
<14:28:51> [09F46B9D]     camera_max_dist = 180 []
<14:28:51> [73861D69] Unknown command: name_tag_hp_width_on_bgmode 80
<14:28:51> [73861D69] Unknown command: name_tag_hp_height_on_bgmode 30
<14:28:51> [000FABC5][Warning] CAreaGrid::BeginAreas() called before being initialized.
<14:28:51> [000004EE][Warning] I3DEngine::RegisterEntity: entity reports invalid position: Name: LightEntityName (), Class: LightEntityClass, Pos=(515.8,6996.2,587.4), aabb center=(0.0,40.0,0.0)
<14:28:56> [11E02DA3][Warning] Cannot load texture textures/defaults/16_12.dds, file missing [File=textures/defaults/16_12.dds]
<14:28:57> [1D01FDCA] Auth: client connected to server
<14:28:57> [584C4FFD] [net 18:28:57.172]  socket ip:192.168.1.202
<14:28:57> [4C920A71] mac address : 74-56-3c-fe-52-f3
<14:28:58> [A13C772D][Warning] Cannot load texture ui/font_color.g, Image file format is invalid [File=ui/font_color.g]
<14:29:07> [7CC1A260] Save Game Option
<14:29:07> [D2121932] Change resolution: 2560x1440x32 (Windowed)
<14:29:07> [FD3FC76F] resetting terrain texture cache
<14:29:07> [FD3FC76F] resetting terrain texture cache
<14:29:07> [B0F7CF3E] Window Rect 0, 0, 2560x1440, 2560x1440
<14:29:07> [583D6F38] Final resolution: 2554x1408x32 (Windowed)
<14:29:07> [9FC303B8][Error] [CVARS]: [DUPLICATE] CXConsole::RegisterFloat(): variable [ui_double_click_interval] is already registered
<14:29:07> [000004EE][Warning] [Lua Error] no localized ui text for 18 always_refund
<14:29:07> [000004EE][Warning] [Lua Error] no client player exists
<14:29:07> [09F46B9D]     cl_fov = 90 []
<14:29:07> [09F46B9D]     camera_max_dist = 180 []
<14:29:07> [73861D69] Unknown command: name_tag_hp_width_on_bgmode 80
<14:29:07> [73861D69] Unknown command: name_tag_hp_height_on_bgmode 30
<14:29:07> [A13C772D][Warning] Cannot load texture ui/font_color.g, Image file format is invalid [File=ui/font_color.g]
<14:29:07> [247165BA][Warning] Cannot load texture ui/login_stage/background/game_information.dds, file missing [File=ui/login_stage/background/game_information.dds]
<14:29:13> [7CC1A260] Save Game Option
<14:29:13> [D2121932] Change resolution: 2560x1440x32 (Windowed)
<14:29:13> [FD3FC76F] resetting terrain texture cache
<14:29:13> [FD3FC76F] resetting terrain texture cache
<14:29:13> [583D6F38] Final resolution: 2560x1440x32 (Windowed)
<14:29:13> [9FC303B8][Error] [CVARS]: [DUPLICATE] CXConsole::RegisterFloat(): variable [ui_double_click_interval] is already registered
<14:29:13> [000004EE][Warning] [Lua Error] no localized ui text for 18 always_refund
<14:29:13> [000004EE][Warning] [Lua Error] no client player exists
<14:29:13> [09F46B9D]     cl_fov = 90 []
<14:29:13> [09F46B9D]     camera_max_dist = 180 []
<14:29:13> [73861D69] Unknown command: name_tag_hp_width_on_bgmode 80
<14:29:13> [73861D69] Unknown command: name_tag_hp_height_on_bgmode 30
<14:29:13> [A13C772D][Warning] Cannot load texture ui/font_color.g, Image file format is invalid [File=ui/font_color.g]
<14:29:13> [247165BA][Warning] Cannot load texture ui/login_stage/background/game_information.dds, file missing [File=ui/login_stage/background/game_information.dds]
<14:29:18> [7CC1A260] Save Game Option
<14:29:18> [D2121932] Change resolution: 2560x1440x32 (Windowed)
<14:29:18> [FD3FC76F] resetting terrain texture cache
<14:29:18> [FD3FC76F] resetting terrain texture cache
<14:29:18> [B0F7CF3E] Window Rect 0, 0, 2560x1440, 2560x1440
<14:29:18> [583D6F38] Final resolution: 2554x1408x32 (Windowed)
<14:29:18> [9FC303B8][Error] [CVARS]: [DUPLICATE] CXConsole::RegisterFloat(): variable [ui_double_click_interval] is already registered
<14:29:18> [000004EE][Warning] [Lua Error] no localized ui text for 18 always_refund
<14:29:18> [000004EE][Warning] [Lua Error] no client player exists
<14:29:18> [09F46B9D]     cl_fov = 90 []
<14:29:18> [09F46B9D]     camera_max_dist = 180 []
<14:29:18> [73861D69] Unknown command: name_tag_hp_width_on_bgmode 80
<14:29:18> [73861D69] Unknown command: name_tag_hp_height_on_bgmode 30
<14:29:18> [A13C772D][Warning] Cannot load texture ui/font_color.g, Image file format is invalid [File=ui/font_color.g]
<14:29:18> [247165BA][Warning] Cannot load texture ui/login_stage/background/game_information.dds, file missing [File=ui/login_stage/background/game_information.dds]
<14:29:23> [584C4FFD] [net 18:29:23.281] connection requested to: 192.95.21.64:1239
<14:29:23> [4ABA7BDB] Auth: client disconnected (reason=0)
<14:29:23> [0F08E548] [NetConnection] connect completed (succeeded:true)
<14:29:23> [48F7BDF2] invalid world id in world queue packet
<14:29:23> [26623ECA] ucc info.. 0 0
<14:29:23> [B71BF2A9] remove ucc data.. version
<14:29:23> [4516816D] pay method: person
<14:29:23> [4AA30841] pay location: person
<14:29:23> [ADF1C07E] pay start: 1900-1-1 00:00:00
<14:29:23> [6486A277] pay end: 1900-1-1 00:00:00
<14:29:23> [FFF6198C] premium point: 0
<14:29:23> [481C0862] premium grade: premium_0
<14:29:23> [88D9AB0C] real pay time: 0
<14:29:23> [9FC303B8][Error] [CVARS]: [DUPLICATE] CXConsole::RegisterFloat(): variable [camera_max_dist] is already registered
<14:29:23> [34CCC219] stream: connected to world server
<14:29:23> [06A46B5B] stream: authorized by world server
<14:29:24> [4516816D] pay method: person
<14:29:24> [4AA30841] pay location: person
<14:29:24> [ADF1C07E] pay start: 1900-1-1 00:00:00
<14:29:24> [6486A277] pay end: 2037-12-31 16:00:00
<14:29:24> [FFF6198C] premium point: 0
<14:29:24> [481C0862] premium grade: premium_0
<14:29:24> [88D9AB0C] real pay time: -1
<14:29:24> [82321C2B][Warning] [net 18:29:24.073] [time] remote time estimation restarted; estimate accumulator age was 165.094269
<14:29:26> [000004EE][Warning] [Lua Error] no localized ui text for 18 always_refund
<14:29:26> [09F46B9D]     cl_fov = 90 []
<14:29:26> [09F46B9D]     camera_max_dist = 180 []
<14:29:26> [09F46B9D]     name_tag_hp_width_on_bgmode = 80 []
<14:29:26> [09F46B9D]     name_tag_hp_height_on_bgmode = 30 []
<14:29:26> [A13C772D][Warning] Cannot load texture ui/font_color.g, Image file format is invalid [File=ui/font_color.g]
<14:29:26> [06E6A3E9][Warning] Cannot load texture ui/login_stage/queue.dds, file missing [File=ui/login_stage/queue.dds]
<14:29:26> [000004EE][Warning] RenderMesh not assigned game/objects/box_nodraw.cgf
<14:29:28> [DA579B6C][Error] can't load client driven connect info.. Kompy
<14:29:32> [9FC303B8][Error] [CVARS]: [DUPLICATE] CXConsole::RegisterFloat(): variable [ui_double_click_interval] is already registered
<14:29:32> [0DE3FA89][Error] CryAnimation: character-definition creation failed: game/objects/characters/returned/female/nude/re_f.cdf
<14:29:32> [6FF68EA5] SetInstantTime: type 0 time 0
<14:29:32> [6FF68EA5] SetInstantTime: type 1 time 0
<14:29:32> [6FF68EA5] SetInstantTime: type 2 time 0
<14:29:32> [6FF68EA5] SetInstantTime: type 3 time 0
<14:29:32> [6FF68EA5] SetInstantTime: type 4 time 0
<14:29:32> [6FF68EA5] SetInstantTime: type 5 time 0
<14:29:32> [6FF68EA5] SetInstantTime: type 6 time 0
<14:29:32> [6FF68EA5] SetInstantTime: type 7 time 0
<14:29:32> [82321C2B][Warning] [net 18:29:32.881] [time] remote time estimation restarted; estimate accumulator age was 2.632761
<14:29:32> [0E61BD35] ExpeditionMember 20 added
<14:29:32> [0E61BD35] ExpeditionMember 20 added
<14:29:32> [0E61BD35] ExpeditionMember 10 added
<14:29:32> [1EBA13B3][Warning] count not matched; total=78; size=50
<14:29:32> [966861E8][Warning] GetAllPolicies empty
<14:29:32> [67B7DD8A][Warning] my ExpeditionMemberDesc not exist
<14:29:32> [7AB931CE] seamless unloading cell object(W0, 0), (L0, 0)
<14:29:32> [4B1E8B22] unload cell object count : 1511
<14:29:32> [B866A294] seamless unloading cell terrain(W0, 0), (L0, 0)
<14:29:32> [963385F6] Level System - Loading Start
<14:29:33> [E0E0EDAE][Warning] failed to load zone time of day from game/worlds/main_world/zone/225//time_of_day.xml
<14:29:33> [AB17243B][Warning] failed to load zone environment from game/worlds/main_world/zone/309//env.xml
<14:29:33> [35D4413E][Warning] failed to load zone clouds from game/worlds/main_world/zone/309//clouds.xml
<14:29:33> [806B6F8D] precaching world entities ..
<14:29:33> [7E39E0DE] precaching world entities .. done!  total (1778) objects
<14:29:33> [D2B280D6] Vegetation Manager : Loading World(main_world)
<14:29:33> [075AB92F] Vegetation Manager : Loading World - Done (total 3055 vegetations)
<14:29:33> [000004EE][Error] CTerrain::LoadWorldSurfaces: Error loading material: materials/Terrain/gweonidforest/w_forest_road_a1
<14:29:34> [751FFB9E][Warning] Error: CShaderMan::mfCreateShaderResources: Couldn't find detail texture
'game/textures/aa_terrain/canyon/tr_canyon_rock_616a_ddn.tga' in path '' [File=game/textures/aa_terrain/canyon/tr_canyon_rock_616a_ddn.tga]
<14:29:34> [B9410AA1] total 600 terrain world surfaces loaded
<14:29:34> [280A47E3] Precached total 4 materials
<14:29:34> [7B1A973B] seamless loading cell terrain(W21, 4), (L4, 4)
<14:29:34> [7B1A973B] seamless loading cell terrain(W21, 5), (L4, 5)
<14:29:34> [7B1A973B] seamless loading cell terrain(W20, 4), (L3, 4)
<14:29:34> [7B1A973B] seamless loading cell terrain(W22, 4), (L5, 4)
<14:29:34> [7B1A973B] seamless loading cell terrain(W21, 3), (L4, 3)
<14:29:34> [7B1A973B] seamless loading cell terrain(W20, 5), (L3, 5)
<14:29:34> [7B1A973B] seamless loading cell terrain(W22, 5), (L5, 5)
<14:29:34> [7B1A973B] seamless loading cell terrain(W20, 3), (L3, 3)
<14:29:34> [7B1A973B] seamless loading cell terrain(W22, 3), (L5, 3)
<14:29:34> [7B1A973B] seamless loading cell terrain(W21, 6), (L4, 6)
<14:29:34> [7B1A973B] seamless loading cell terrain(W19, 4), (L2, 4)
<14:29:34> [7B1A973B] seamless loading cell terrain(W20, 6), (L3, 6)
<14:29:34> [7B1A973B] seamless loading cell terrain(W19, 5), (L2, 5)
<14:29:34> [7B1A973B] seamless loading cell terrain(W23, 4), (L6, 4)
<14:29:34> [7B1A973B] seamless loading cell terrain(W22, 6), (L5, 6)
<14:29:34> [7B1A973B] seamless loading cell terrain(W21, 2), (L4, 2)
<14:29:34> [7B1A973B] seamless loading cell terrain(W19, 3), (L2, 3)
<14:29:34> [7B1A973B] seamless loading cell terrain(W23, 5), (L6, 5)
<14:29:34> [7B1A973B] seamless loading cell terrain(W20, 2), (L3, 2)
<14:29:34> [7B1A973B] seamless loading cell terrain(W23, 3), (L6, 3)
<14:29:34> [7B1A973B] seamless loading cell terrain(W22, 2), (L5, 2)
<14:29:34> [7B1A973B] seamless loading cell terrain(W19, 6), (L2, 6)
<14:29:34> [7B1A973B] seamless loading cell terrain(W23, 6), (L6, 6)
<14:29:34> [7B1A973B] seamless loading cell terrain(W21, 7), (L4, 7)
<14:29:34> [7B1A973B] seamless loading cell terrain(W19, 2), (L2, 2)
<14:29:34> [7B1A973B] seamless loading cell terrain(W18, 4), (L1, 4)
<14:29:34> [7B1A973B] seamless loading cell terrain(W20, 7), (L3, 7)
<14:29:34> [7B1A973B] seamless loading cell terrain(W18, 5), (L1, 5)
<14:29:34> [7B1A973B] seamless loading cell terrain(W22, 7), (L5, 7)
<14:29:34> [7B1A973B] seamless loading cell terrain(W23, 2), (L6, 2)
<14:29:34> [7B1A973B] seamless loading cell terrain(W18, 3), (L1, 3)
<14:29:34> [7B1A973B] seamless loading cell terrain(W24, 4), (L7, 4)
<14:29:34> [7B1A973B] seamless loading cell terrain(W21, 1), (L4, 1)
<14:29:34> [7B1A973B] seamless loading cell terrain(W24, 5), (L7, 5)
<14:29:34> [7B1A973B] seamless loading cell terrain(W20, 1), (L3, 1)
<14:29:34> [7B1A973B] seamless loading cell terrain(W24, 3), (L7, 3)
<14:29:34> [7B1A973B] seamless loading cell terrain(W22, 1), (L5, 1)
<14:29:34> [7B1A973B] seamless loading cell terrain(W19, 7), (L2, 7)
<14:29:34> [7B1A973B] seamless loading cell terrain(W18, 6), (L1, 6)
<14:29:34> [7B1A973B] seamless loading cell terrain(W23, 7), (L6, 7)
<14:29:34> [7B1A973B] seamless loading cell terrain(W18, 2), (L1, 2)
<14:29:34> [7B1A973B] seamless loading cell terrain(W24, 6), (L7, 6)
<14:29:34> [7B1A973B] seamless loading cell terrain(W19, 1), (L2, 1)
<14:29:34> [7B1A973B] seamless loading cell terrain(W24, 2), (L7, 2)
<14:29:34> [7B1A973B] seamless loading cell terrain(W23, 1), (L6, 1)
<14:29:34> [7B1A973B] seamless loading cell terrain(W17, 4), (L0, 4)
<14:29:34> [7B1A973B] seamless loading cell terrain(W17, 5), (L0, 5)
<14:29:34> [3EF08C47] seamless loading cell object(W21, 4), (L4, 4)
<14:29:34> [3EF08C47] seamless loading cell object(W21, 5), (L4, 5)
<14:29:34> Loading Particle Library: X2_EFFECTS_P
<14:29:34> [000004EE][Warning] Particle effect not found: 'X2_EFFECTS.e_effect.smoke_slow', from ParticleEffect ParticleEffect_2760
<14:29:34> [3EF08C47] seamless loading cell object(W20, 4), (L3, 4)
<14:29:34> [3EF08C47] seamless loading cell object(W22, 4), (L5, 4)
<14:29:34> [3EF08C47] seamless loading cell object(W21, 3), (L4, 3)
<14:29:34> [3EF08C47] seamless loading cell object(W20, 5), (L3, 5)
<14:29:34> [000004EE][Warning] [CGF Error] game/objects/env/02_harihara/001_hcom/hcom_cart_b.cgf [:] LOD1 of geometry hcom_cart_b contains too many polygons comparing to the LOD0 [770 against 1114] :
<14:29:35> [A5DDEC33][Warning] Warning: CShaderMan::mfForName: NULL name
<14:29:35> [04F52114][Warning] Cannot load texture game/objects/env/02_harihara/01_ma/ma_top_mhouse12_sp.dds, file missing [File=game/objects/env/02_harihara/01_ma/ma_top_mhouse12_sp.dds]
<14:29:35> [000004EE][Warning] [CGF Error] game/objects/env/01_nuia/001_housing/housing_people/hs_people_roof_a.cgf [:] Duplicate LOD helper $lod2 hs_people_roof_a
<14:29:35> [000004EE][Warning] [CGF Error] game/objects/env/01_nuia/001_housing/housing_guild/nuia_h_guild_door_b_back.cga [:] non-uniform scale(1.00, 1.39, 1.00) at node(nuia_h_guild_door_b01_back)
<14:29:35> Loading Particle Library: x2_sounds
<14:29:35> [3EF08C47] seamless loading cell object(W22, 5), (L5, 5)
<14:29:35> [3EF08C47] seamless loading cell object(W20, 3), (L3, 3)
<14:29:35> [3EF08C47] seamless loading cell object(W22, 3), (L5, 3)
<14:29:35> [3EF08C47] seamless loading cell object(W21, 6), (L4, 6)
<14:29:35> [3EF08C47] seamless loading cell object(W19, 4), (L2, 4)
<14:29:35> [3EF08C47] seamless loading cell object(W20, 6), (L3, 6)
<14:29:35> [3EF08C47] seamless loading cell object(W19, 5), (L2, 5)
<14:29:35> [000004EE][Warning] [CGF Error] game/objects/env/02_harihara/04_su/su_incinerator_tower_b.cgf [:] LOD1 of geometry  contains too many polygons comparing to the LOD0 [742 against 1060] :
<14:29:35> [3EF08C47] seamless loading cell object(W23, 4), (L6, 4)
<14:29:35> [3EF08C47] seamless loading cell object(W22, 6), (L5, 6)
<14:29:35> [3EF08C47] seamless loading cell object(W21, 2), (L4, 2)
<14:29:35> [3EF08C47] seamless loading cell object(W19, 3), (L2, 3)
<14:29:35> [3EF08C47] seamless loading cell object(W23, 5), (L6, 5)
<14:29:35> [3EF08C47] seamless loading cell object(W20, 2), (L3, 2)
<14:29:35> [3EF08C47] seamless loading cell object(W23, 3), (L6, 3)
<14:29:35> [3EF08C47] seamless loading cell object(W22, 2), (L5, 2)
<14:29:35> [12409CCC] Load Zone Finished
<14:29:35> [000004EE][Warning] I3DEngine::RegisterEntity: entity reports invalid position: Name: LightEntityName (), Class: LightEntityClass, Pos=(657.2,7976.0,585.5), aabb center=(142.0,1019.8,-2.3)
<14:29:35> [82321C2B][Warning] [net 18:29:35.764] [time] remote time estimation restarted; estimate accumulator age was 2.796459
<14:29:35> [BCCDC555][Warning] MakeSprite - too many sprite update (10). dropping.. (sprites : 19)
<14:29:35> [C5B7BE3D][Warning] Failed to initialize Irradiance Volume: Insufficient video memory
<14:29:36> [5CE4EF2C][Warning] failed to load particle lib from (Libs/Particles/game/abillity_skill_table_m.xml)
<14:29:36> [000004EE][Warning] Particle effect not found: 'game/abillity_skill_table_m.wild.shock_form2', from unknown 
<14:29:36> [2BFDEC33][Error] realstep 8, not match unit req
<14:29:36> [A39C1725] Level System - Loading Complete
<14:29:36> [9BE3F673] total 0 CGF files are precached
<14:29:36> [27293DED] -----------------------------------------------------
<14:29:36> [120C18F5] * LOADING: 'e_sunny_wilderness_3' loading time: 3.14 seconds
<14:29:36> [27293DED] -----------------------------------------------------
<14:29:36> [CA175C82][Warning] non-stream IO. system(Material), filePath(game/objects/env/01_nuia/001_housing/housing_house/housing_tree_pink_base.mtl)
<14:29:36> [755A3546][Warning] Error: CShaderMan::mfCreateShaderResources: Couldn't find custom secondary texture 'game/objects/env/01_nuia/001_housing/housing_house/nuia_housing_treemossy03_ddn.dds' in path '' [File=game/objects/env/01_nuia/001_housing/housing_house/nuia_housing_treemossy03_ddn.dds]
<14:29:36> [A4D70365][Warning] rigid-body own-entity; prefab=prefabs/interaction_c.xml/furniture.baby_cat_c node=AnimObject_144
<14:29:37> [D42935C5][Warning] Error: CShaderMan::mfCreateShaderResources: Couldn't find subsurface texture 'game/objects/characters/animals/cat_baby_cat/cat_baby_stripes_pet_df.dds' in path '' [File=game/objects/characters/animals/cat_baby_cat/cat_baby_stripes_pet_df.dds]
<14:29:37> [F724A392][Error] CryAnimation:: Trying to load animation with alias "fist_ba_relaxed_idle_rand_2" from file "animations/animals/welsh_corgi/fist/fist_ba_relaxed_idle_rand.caf" into the animation container. Such animation alias already exists and uses file "animations/animals/welsh_corgi/fist/fist_ba_relaxed_idle_rand_2.caf". Please use another animation alias.
<14:29:37> [62232BEA][Warning] deferred xml stream error - game/animations/animals/owl_postman/lmg_files/normal_run.lmg : f0000003
<14:29:37> [C9209D07][Warning] Cannot load texture game/objects/env/01_nuia/001_housing/housing_house/hs_addon_a_sp.dds, file missing [File=game/objects/env/01_nuia/001_housing/housing_house/hs_addon_a_sp.dds]
<14:29:37> [745BAE2F][Warning] failed to stream material xml(game/$picking.mtl)
<14:29:38> [2363981C][Warning] chr material is not precached : game/objects/env/01_nuia/001_housing/housing_house/housing_house_equipment.mtl (chr: game/objects/env/01_nuia/001_housing/housing_house/housing_house_equipment.chr)
<14:29:38> [CE2F4035][Warning] chr physical geom is not precached. (game/objects/env/01_nuia/001_housing/housing_house/housing_house_equipment.chr)
<14:29:38> [637AF710][Warning] missing chr material : game/objects/characters/nuian/male/parts/hm/obj/nu_m_hm_cloth001.mtl (chr: game/objects/characters/nuian/male/parts/hm/obj/nu_m_4hm138.chr)
<14:29:38> Loading Particle Library: ljs_particle_fx
<14:29:38> [000004EE][Warning] I3DEngine::RegisterEntity: entity reports invalid position: Name: LightEntityName (), Class: LightEntityClass, Pos=(-1363.5,8524.6,977.9), aabb center=(4504.4,4800.1,143.6)
<14:29:38> [DE20B351][Warning] Flow Graph Node targets unknown entity guid: 45671b71c0b06ecd
<14:29:38> [1D603D28][Warning] Failed to stream CAF-file [File=animations/env/01_nuia/001_housing/rava_chair_b/fist_ba_combat_idle.caf]
<14:29:39> [5CE4EF2C][Warning] failed to load particle lib from (Libs/Particles/game/x2_effects.xml)
<14:29:39> [000004EE][Warning] Particle effect not found: 'game/x2_effects.sword_trail_test2', from unknown 
<14:29:40> [000004EE][Warning] [CGF Error] game/objects/env/01_nuia/001_housing/housing_furniture/hs_f_safe_d.cgf [:] LOD1 of geometry hs_f_safe_d contains too many polygons comparing to the LOD0 [1606 against 2318] :
<14:29:41> [000004EE][Warning] [CGF Error] game/objects/env/01_nuia/001_ndeco/ndeco_dboss.cgf [:] LOD1 of geometry  contains too many polygons comparing to the LOD0 [2373 against 3082] :
<14:29:41> [000004EE][Warning] [CGF Error] game/objects/env/01_nuia/001_ncom/ncom_xmas_musicbox.cga [:] Duplicate LOD helper $lod1 ncom_xmas_musicbox_top
<14:29:42> [CA175C82][Warning] non-stream IO. system(Material), filePath(game/objects/effects/keffect/m_enchant1_pink_m.mtl)
<14:29:42> [09F46B9D]     cl_fov = 90 []
<14:29:42> [09F46B9D]     camera_max_dist = 180 []
<14:29:42> [09F46B9D]     name_tag_hp_width_on_bgmode = 80 []
<14:29:42> [09F46B9D]     name_tag_hp_height_on_bgmode = 30 []
<14:29:42> [000004EE][Warning] [Lua Error] Failed to load script file scriptsbin/x2ui/assignment/form.alb
<14:29:42> [A13C772D][Warning] Cannot load texture ui/font_color.g, Image file format is invalid [File=ui/font_color.g]
<14:29:42> [B5A61D8F] Chat Channel(0) Color is not found.
<14:29:42> [000004EE][Warning] [Lua Error] ...ts/x2ui/loginstage/character_create/locale/en_us.lua:524: attempt to index a nil value
<14:29:42> [58F3F7FF][Warning] <null>:0: [Lua Error] Failed to execute file @game/scriptsbin/x2ui/loginstage/character_create/locale/en_us.alb
<14:29:42> [73AFCD09][Warning] Cannot load texture ui/map/frame_map_2.dds, file missing [File=ui/map/frame_map_2.dds]
<14:29:42> [000004EE][Warning] [Lua] invalid style type...  / brown
<14:29:42> [82321C2B][Warning] [net 18:29:42.891] [time] remote time estimation restarted; estimate accumulator age was 0.813757
<14:29:42> [BCCDC555][Warning] MakeSprite - too many sprite update (10). dropping.. (sprites : 76)
<14:29:43> [745BAE2F][Warning] failed to stream material xml(game/objects/env/02_harihara/04_su/ndeco_art_prop.mtl)
<14:29:43> [CE0EF930][Warning] failed to stream cgf : default
<14:29:49> [CFFE1C46][Error] Error streaming texture: Error 'Offset out of range', Texture: game/objects/characters/animals/cat_baby_pet/cat_baby_pet_df.dds
<14:29:53> [000004EE][Warning] [CGF Error] game/objects/env/01_nuia/001_ndeco/making/ndeco_powerfulmaking.cga [:] LOD1 of geometry parts01 contains too many polygons comparing to the LOD0 [1592 against 1130] :
<14:29:59> [CE0EF930][Warning] failed to stream cgf : default
<14:29:59> [62232BEA][Warning] deferred xml stream error - game/animations/animals/chick/lmg_files/normal_run.lmg : f0000003
<14:30:02> [B866A294] seamless unloading cell terrain(W17, 21), (L0, 4)
<14:30:02> [B866A294] seamless unloading cell terrain(W17, 22), (L0, 5)
<14:30:02> [B866A294] seamless unloading cell terrain(W18, 19), (L1, 2)
<14:30:02> [B866A294] seamless unloading cell terrain(W18, 20), (L1, 3)
<14:30:02> [B866A294] seamless unloading cell terrain(W18, 21), (L1, 4)
<14:30:02> [B866A294] seamless unloading cell terrain(W18, 22), (L1, 5)
<14:30:02> [B866A294] seamless unloading cell terrain(W18, 23), (L1, 6)
<14:30:02> [B866A294] seamless unloading cell terrain(W19, 18), (L2, 1)
<14:30:02> [B866A294] seamless unloading cell terrain(W19, 19), (L2, 2)
<14:30:02> [7AB931CE] seamless unloading cell object(W19, 20), (L2, 3)
<14:30:02> [4B1E8B22] unload cell object count : 0
<14:30:02> [B866A294] seamless unloading cell terrain(W19, 20), (L2, 3)
<14:30:02> [7AB931CE] seamless unloading cell object(W19, 21), (L2, 4)
<14:30:02> [4B1E8B22] unload cell object count : 0
<14:30:02> [B866A294] seamless unloading cell terrain(W19, 21), (L2, 4)
<14:30:02> [7AB931CE] seamless unloading cell object(W19, 22), (L2, 5)
<14:30:02> [4B1E8B22] unload cell object count : 4328
<14:30:02> [B866A294] seamless unloading cell terrain(W19, 22), (L2, 5)
<14:30:02> [B866A294] seamless unloading cell terrain(W19, 23), (L2, 6)
<14:30:02> [B866A294] seamless unloading cell terrain(W19, 24), (L2, 7)
<14:30:02> [B866A294] seamless unloading cell terrain(W20, 18), (L3, 1)
<14:30:02> [7AB931CE] seamless unloading cell object(W20, 19), (L3, 2)
<14:30:02> [4B1E8B22] unload cell object count : 0
<14:30:02> [B866A294] seamless unloading cell terrain(W20, 19), (L3, 2)
<14:30:02> [7AB931CE] seamless unloading cell object(W20, 20), (L3, 3)
<14:30:02> [4B1E8B22] unload cell object count : 0
<14:30:02> [B866A294] seamless unloading cell terrain(W20, 20), (L3, 3)
<14:30:02> [7AB931CE] seamless unloading cell object(W20, 21), (L3, 4)
<14:30:02> [4B1E8B22] unload cell object count : 538
<14:30:02> [B866A294] seamless unloading cell terrain(W20, 21), (L3, 4)
<14:30:02> [7AB931CE] seamless unloading cell object(W20, 22), (L3, 5)
<14:30:02> [4B1E8B22] unload cell object count : 2881
<14:30:02> [B866A294] seamless unloading cell terrain(W20, 22), (L3, 5)
<14:30:02> [7AB931CE] seamless unloading cell object(W20, 23), (L3, 6)
<14:30:02> [4B1E8B22] unload cell object count : 5342
<14:30:02> [B866A294] seamless unloading cell terrain(W20, 23), (L3, 6)
<14:30:02> [B866A294] seamless unloading cell terrain(W20, 24), (L3, 7)
<14:30:02> [B866A294] seamless unloading cell terrain(W21, 18), (L4, 1)
<14:30:02> [7AB931CE] seamless unloading cell object(W21, 19), (L4, 2)
<14:30:02> [4B1E8B22] unload cell object count : 0
<14:30:02> [B866A294] seamless unloading cell terrain(W21, 19), (L4, 2)
<14:30:02> [7AB931CE] seamless unloading cell object(W21, 20), (L4, 3)
<14:30:02> [4B1E8B22] unload cell object count : 0
<14:30:02> [B866A294] seamless unloading cell terrain(W21, 20), (L4, 3)
<14:30:02> [7AB931CE] seamless unloading cell object(W21, 21), (L4, 4)
<14:30:02> [4B1E8B22] unload cell object count : 1033
<14:30:02> [B866A294] seamless unloading cell terrain(W21, 21), (L4, 4)
<14:30:03> [7AB931CE] seamless unloading cell object(W21, 22), (L4, 5)
<14:30:03> [4B1E8B22] unload cell object count : 399
<14:30:03> [B866A294] seamless unloading cell terrain(W21, 22), (L4, 5)
<14:30:03> [7AB931CE] seamless unloading cell object(W21, 23), (L4, 6)
<14:30:03> [4B1E8B22] unload cell object count : 5081
<14:30:03> [B866A294] seamless unloading cell terrain(W21, 23), (L4, 6)
<14:30:03> [B866A294] seamless unloading cell terrain(W21, 24), (L4, 7)
<14:30:03> [B866A294] seamless unloading cell terrain(W22, 18), (L5, 1)
<14:30:03> [7AB931CE] seamless unloading cell object(W22, 19), (L5, 2)
<14:30:03> [4B1E8B22] unload cell object count : 0
<14:30:03> [B866A294] seamless unloading cell terrain(W22, 19), (L5, 2)
<14:30:03> [7AB931CE] seamless unloading cell object(W22, 20), (L5, 3)
<14:30:03> [4B1E8B22] unload cell object count : 0
<14:30:03> [B866A294] seamless unloading cell terrain(W22, 20), (L5, 3)
<14:30:03> [7AB931CE] seamless unloading cell object(W22, 21), (L5, 4)
<14:30:03> [4B1E8B22] unload cell object count : 262
<14:30:03> [B866A294] seamless unloading cell terrain(W22, 21), (L5, 4)
<14:30:03> [7AB931CE] seamless unloading cell object(W22, 22), (L5, 5)
<14:30:03> [4B1E8B22] unload cell object count : 296
<14:30:03> [B866A294] seamless unloading cell terrain(W22, 22), (L5, 5)
<14:30:03> [7AB931CE] seamless unloading cell object(W22, 23), (L5, 6)
<14:30:03> [4B1E8B22] unload cell object count : 2511
<14:30:03> [B866A294] seamless unloading cell terrain(W22, 23), (L5, 6)
<14:30:03> [B866A294] seamless unloading cell terrain(W22, 24), (L5, 7)
<14:30:03> [B866A294] seamless unloading cell terrain(W23, 18), (L6, 1)
<14:30:03> [B866A294] seamless unloading cell terrain(W23, 19), (L6, 2)
<14:30:03> [7AB931CE] seamless unloading cell object(W23, 20), (L6, 3)
<14:30:03> [4B1E8B22] unload cell object count : 0
<14:30:03> [B866A294] seamless unloading cell terrain(W23, 20), (L6, 3)
<14:30:03> [7AB931CE] seamless unloading cell object(W23, 21), (L6, 4)
<14:30:03> [4B1E8B22] unload cell object count : 0
<14:30:03> [B866A294] seamless unloading cell terrain(W23, 21), (L6, 4)
<14:30:03> [7AB931CE] seamless unloading cell object(W23, 22), (L6, 5)
<14:30:03> [4B1E8B22] unload cell object count : 1
<14:30:03> [B866A294] seamless unloading cell terrain(W23, 22), (L6, 5)
<14:30:03> [B866A294] seamless unloading cell terrain(W23, 23), (L6, 6)
<14:30:03> [B866A294] seamless unloading cell terrain(W23, 24), (L6, 7)
<14:30:03> [B866A294] seamless unloading cell terrain(W24, 19), (L7, 2)
<14:30:03> [B866A294] seamless unloading cell terrain(W24, 20), (L7, 3)
<14:30:03> [B866A294] seamless unloading cell terrain(W24, 21), (L7, 4)
<14:30:03> [B866A294] seamless unloading cell terrain(W24, 22), (L7, 5)
<14:30:03> [B866A294] seamless unloading cell terrain(W24, 23), (L7, 6)
<14:30:03> [963385F6] Level System - Loading Start
<14:30:03> [F9376E0D][Warning] [flow] FG-0x6A544D54-Entity 'AnimObject_19' was destroyed with pending updates/activations. Report follows...
<14:30:03> [A8F1529E][Warning] [flow] Pending nodes:
<14:30:03> [806B6F8D] precaching world entities ..
<14:30:03> [7E39E0DE] precaching world entities .. done!  total (1) objects
<14:30:03> [D2B280D6] Vegetation Manager : Loading World(arche_mall_world)
<14:30:03> [075AB92F] Vegetation Manager : Loading World - Done (total 55 vegetations)
<14:30:03> [000004EE][Error] CTerrain::LoadWorldSurfaces: Error loading material: materials/Terrain/gweonidforest/w_forest_road_a1
<14:30:03> [59CBED13][Warning] Cannot load texture textures/aa_terrain/canyon/tr_canyon_rock3d_405a_ddn.dds, file missing [File=textures/aa_terrain/canyon/tr_canyon_rock3d_405a_ddn.dds]
<14:30:03> [751FFB9E][Warning] Error: CShaderMan::mfCreateShaderResources: Couldn't find detail texture
'game/textures/aa_terrain/canyon/tr_canyon_rock_616a_ddn.tga' in path '' [File=game/textures/aa_terrain/canyon/tr_canyon_rock_616a_ddn.tga]
<14:30:03> [B9410AA1] total 603 terrain world surfaces loaded
<14:30:03> [280A47E3] Precached total 6 materials
<14:30:03> [7B1A973B] seamless loading cell terrain(W3, 3), (L0, 0)
<14:30:03> [7B1A973B] seamless loading cell terrain(W3, 4), (L0, 1)
<14:30:03> [7B1A973B] seamless loading cell terrain(W4, 4), (L1, 1)
<14:30:03> [7B1A973B] seamless loading cell terrain(W4, 3), (L1, 0)
<14:30:03> [3EF08C47] seamless loading cell object(W3, 3), (L0, 0)
<14:30:03> [3EF08C47] seamless loading cell object(W3, 4), (L0, 1)
<14:30:03> [3EF08C47] seamless loading cell object(W4, 4), (L1, 1)
<14:30:03> [A4D70365][Warning] rigid-body own-entity; prefab=prefabs/interaction_c.xml/unit.speedcar_y node=body_1
<14:30:03> [3EF08C47] seamless loading cell object(W4, 3), (L1, 0)
<14:30:03> [12409CCC] Load Zone Finished
<14:30:03> [000004EE][Warning] I3DEngine::RegisterEntity: entity reports invalid position: Name: LightEntityName (), Class: LightEntityClass, Pos=(-1354.0,8594.5,951.0), aabb center=(4480.5,4812.6,141.8)
<14:30:04> [82321C2B][Warning] [net 18:30:04.001] [time] remote time estimation restarted; estimate accumulator age was 1.094427
<14:30:04> [BCCDC555][Warning] MakeSprite - too many sprite update (10). dropping.. (sprites : 70)
<14:30:04> [A39C1725] Level System - Loading Complete
<14:30:04> [BB2687ED] precaching instance world CGF
<14:30:04> [9BE3F673] total 0 CGF files are precached
<14:30:04> [27293DED] -----------------------------------------------------
<14:30:04> [120C18F5] * LOADING: 'arche_mall' loading time: 1.27 seconds
<14:30:04> [27293DED] -----------------------------------------------------
<14:30:04> [2BFDEC33][Error] realstep 8, not match unit req
<14:30:04> [A6BCA44B][Warning] Error: CShaderMan::mfCreateShaderResources: Couldn't find custom secondary texture 'game/objects/env/01_nuia/001_housing/housing_furniture/test8.tif' in path '' [File=game/objects/env/01_nuia/001_housing/housing_furniture/test8.tif]
<14:30:04> [745BAE2F][Warning] failed to stream material xml(game/objects/characters/animals/seagull/Material #0.mtl)
<14:30:04> [000004EE][Warning] [CGF Error] game/objects/env/01_nuia/001_housing/housing_furniture/housing_whiteset_light_b.cgf [:] non-uniform scale(1.00, 0.35, 1.00) at node(proxy)
<14:30:04> [5CE4EF2C][Warning] failed to load particle lib from (Libs/Particles/game/x2_sounds.xml)
<14:30:04> [000004EE][Warning] Particle effect not found: 'game/x2_sounds.particles.empty_continuous', from unknown 
<14:30:05> [637AF710][Warning] missing chr material : game/objects/characters/elf/female/parts/pt/obj/el_f_pt_leather160.mtl (chr: game/objects/characters/elf/female/parts/pt/obj/el_f_1pt201.chr)
<14:30:05> [000004EE][Warning] [CGF Error] game/objects/item/interaction/lord/nu_m_lord005/nu_m_sk_lord005.cgf [:] LOD1 of geometry  contains too many polygons comparing to the LOD0 [11488 against 15224] :
<14:30:05> [CA175C82][Warning] non-stream IO. system(Material), filePath(game/objects/effects/keffect/m_enchant1_pink_s.mtl)
<14:30:05> [2363981C][Warning] chr material is not precached : game/objects/characters/hariharan/female/hair/ha_f_hair001/ha_f_hair001.mtl (chr: game/objects/characters/hariharan/female/hair/ha_f_hair001/ha_f_hair001.chr)
<14:30:06> [000004EE][Warning] Independent immortal particle effect spawned: X2_EFFECT_O.Interaction.enchant_wpn_range_honor_3g
<14:30:06> [4FC35136][Warning] Cannot load texture game/objects/characters/texture/cp/nu_m_cp_cloth044_df.dds, file missing [File=game/objects/characters/texture/cp/nu_m_cp_cloth044_df.dds]
<14:30:07> [000004EE][Warning] [CGF Error] game/objects/env/02_harihara/001_hdeco/hdeco_workprop_b01.cgf [:] LOD1 of geometry hdeco_workprop_b01 contains too many polygons comparing to the LOD0 [408 against 608] :
<14:30:07> [A4D70365][Warning] rigid-body own-entity; prefab=prefabs/interaction_c.xml/unit.luxurycar_black node=body_1
<14:30:10> Loading Particle Library: X2_EFFECTS_C1
<14:30:10> [000004EE][Warning] Particle effect not found: 'X2_EFFECTS_C1.Glider.Crystal_Wing.wing_start1', from unknown 
<14:30:10> [A181AEBC][Warning] Anim events cannot find effect "X2_EFFECTS_C1.Glider.Crystal_Wing.wing_start1", requested by animation "animations/env/glider_wing_crystal/fist_ac_gliding_start.caf".
<14:30:10> [BCCDC555][Warning] MakeSprite - too many sprite update (10). dropping.. (sprites : 36)
<14:30:12> [745BAE2F][Warning] failed to stream material xml(game/objects/characters/monster/daru/daru_trader/Material #367.mtl)
<14:30:30> [A181AEBC][Warning] Anim events cannot find effect "X2_EFFECTS_C1.Glider.Crystal_Wing.wing_start1", requested by animation "animations/env/glider_wing_crystal/fist_ac_gliding_start.caf".
<14:30:31> [63ABB424][Warning] Facial sequence "fist_ac_whistle" not listed in CAL file for character "game/objects/characters/hariharan/female/nude/ha_f_base.chr".
<14:30:31> [745BAE2F][Warning] failed to stream material xml(game/objects/characters/monster/pet_fox_orange/Material #14.mtl)
<14:30:31> [637AF710][Warning] missing chr material : game/objects/characters/monster/pet_fox_orange/Material #14.mtl (chr: game/objects/characters/monster/pet_fox_orange/pet_fox_orange.chr)
<14:30:59> [CA175C82][Warning] non-stream IO. system(Material), filePath(game/materials/decals/default.mtl)
<14:31:17> [000004EE][Warning] Particle effect not found: 'game/abillity_skill_table_m.wild.standhold_shot_form', from unknown 
<14:31:17> [745BAE2F][Warning] failed to stream material xml(game/objects/characters/elf/female/hair/el_f_hair_common/nu_f_hair_common0101s_type4.mtl)
<14:31:17> [637AF710][Warning] missing chr material : game/objects/characters/elf/female/hair/el_f_hair_common/nu_f_hair_common0101s_type4.mtl (chr: game/objects/characters/elf/female/hair/el_f_hair_common/el_f_hair_common0101s_type3.chr)
<14:31:17> [CA175C82][Warning] non-stream IO. system(Material), filePath(game/objects/characters/elf/female/hair/el_f_hair042/el_f_hair042.mtl)
<14:31:24> [000004EE][Warning] Independent immortal particle effect spawned: X2_EFFECT_O.Interaction.enchant_wpn_range_honor_3g
<14:31:27> Loading Particle Library: X2_EFFECT_KSW
<14:31:27> [745BAE2F][Warning] failed to stream material xml(game/objects/effects/ksw_effect/qilin.mtl)
<14:31:28> [B95EE41B][Error] invalid parent unit id(24486)
<14:31:33> [B95EE41B][Error] invalid parent unit id(24486)
<14:31:55> [745BAE2F][Warning] failed to stream material xml(game/objects/characters/elf/female/parts/ar/obj/el_f_ar_cloth053.mtl)
