[801989E0] BackupNameAttachment=" Build(0) Date(13 September 2025) Time(12 25 20)"  -- used by backup system
[00000020]  
[38F38F32] Log Started at #c
[0232BD25] Running 32 bit version
[7AB6F5FE] Executable: C:\Games\AAClassic\bin32\archeage.exe
[E5C771AC] FileVersion: 3.5.0.0
[F799D55F] ProductVersion: 3.5.3.0
[1F1D6B13] Using Microsoft (tm) C++ Standard Library implementation
[00000020]  
[C7D96C80] Revision: 350000
[00000020]  
[64533E3E] this is the first client
<12:25:26> [B9197FD5][Error] ConsoleVariableGroup[option_effect] key[e_particles_lod_onoff] has no default
<12:25:26> [76666E6D] 
--- CPU detection ---
<12:25:26> [F4D992D8] CPU: AMD AMD Ryzen 7 7800X3D 8-Core Processor           
<12:25:26> [3F649B02] Family: 15, Model: 1, Stepping: 2
<12:25:26> [83D12E0B] FPU: On-Chip
<12:25:26> [50919DA0] CPU Speed (estimated): 4192.044999 MHz
<12:25:26> [C73FD83A] MMX: not present
<12:25:26> [89D1077A] SSE: present
<12:25:26> [64E2B6F1] 3DNow!: present
<12:25:26> [27B7AC6E] Serial number not present or disabled
<12:25:26> [1D2D8E5B] Number of logical processors: 16
<12:25:26> [FA658084] Number of available logical processors: 16
<12:25:26> [A1F061C2] Invariant Time Stamp Counter : yes
<12:25:26> [FA0251ED] ---------------------

<12:25:26> [03E7D838] Device Info
<12:25:26> [9F603516] Device Info - 1
<12:25:26> [9F603517] Device Info - 2
<12:25:26> [9F603518] Device Info - 3
<12:25:26> [9F603519] Device Info - 4
<12:25:26> [9F60351A] Device Info - 5
<12:25:26> [9F60351B] Device Info - 6
<12:25:26> [9F60351C] Device Info - 7
<12:25:26> [E98ECC28] Video Memory Info
<12:25:26> [D5FBE664] Video Memory - 1
<12:25:26> [D5FBE665] Video Memory - 2
<12:25:26> [D5FBE666] Video Memory - 3
<12:25:26> [D5FBE667] Video Memory - 4
<12:25:26> [D5FBE668] Video Memory - 5
<12:25:26> [D5FBE669] Video Memory - 6
<12:25:26> [D5FBE66A] Video Memory - 7
<12:25:26> [D5FBE66B] Video Memory - 8
<12:25:26> [3A4D54A2][Warning] config/gpu/amd.txt line 55 contains a multiple defined GPU rating!
<12:25:26> [D20872C0] InitThreadAffinities
<12:25:26> [2F28A434] UpdateMainThreadAffinity
<12:25:26> [16962512] Windows 8 64 bit (build 6.2.9200)
<12:25:26> [38DFF081] System language: English
<12:25:26> [861A0178] Windows Directory: "C:\windows"
<12:25:26> [341B54F1] Prerequisites...
<12:25:26> [5D1B3C9C] * Installation of KB940105 hotfix required: no! (either not needed or already installed)
<12:25:26> [51DA3124] Local time is 12:25:26 09/13/25, system running for 170 minutes
<12:25:26> [241DDEE4] 63426MB physical memory installed, 23760MB available, 4095MB virtual memory installed, 62 percent of memory in use
<12:25:26> [31259232] PageFile usage: 
<12:25:26> [453F0D1B] Current display mode is 2560x1440x32
<12:25:26> [8A64FCCC] IBM enhanced (101/102-key) keyboard and 3+ button mouse installed
<12:25:26> [CE30556B] ----- GPU Detection -----------------
<12:25:26> [03E7D838] Device Info
<12:25:26> [9F603516] Device Info - 1
<12:25:26> [9F603517] Device Info - 2
<12:25:26> [9F603518] Device Info - 3
<12:25:26> [9F603519] Device Info - 4
<12:25:26> [9F60351A] Device Info - 5
<12:25:26> [9F60351B] Device Info - 6
<12:25:26> [9F60351C] Device Info - 7
<12:25:26> [E98ECC28] Video Memory Info
<12:25:26> [D5FBE664] Video Memory - 1
<12:25:26> [D5FBE665] Video Memory - 2
<12:25:26> [D5FBE666] Video Memory - 3
<12:25:26> [D5FBE667] Video Memory - 4
<12:25:26> [D5FBE668] Video Memory - 5
<12:25:26> [D5FBE669] Video Memory - 6
<12:25:26> [D5FBE66A] Video Memory - 7
<12:25:26> [D5FBE66B] Video Memory - 8
<12:25:26> [99EA404A]  AMD Radeon RX 7800 XT (RADV NAVI32) (vendor = 0x1002, device = 0x747e, subSys = 0x00000000)
<12:25:26> [77718B6A] -- Video memory: 4081 MB
<12:25:26> [30DF1863] -- Minimum SM 2.0 support: yes
<12:25:26> [13E11956] -- DX11 supported: yes
<12:25:26> [50B60100] --------------------------------------------------------------------------------
<12:25:26> [5921EDBE] Stream Engine Initialization
<12:25:26> [BA0D559B] Splash: Initializing Stream Engine...
<12:25:26> [939F6EBB] Enable Resolutions : 0
<12:25:26> [A30A84B6] can't enum display resolution modes
<12:25:26> [B324CD25] Screen Resolution - 1024x768
<12:25:26> [3778EA0B] Screen Resolution - 0 (2560x1440)
<12:25:26> [A1B107F0] Screen Resolution - Test OK (2560x1440)
<12:25:27> [A9E4B0F2] Network initialization
<12:25:27> [BA0D559B] Splash: Initializing Network System...
<12:25:27> [14FAD233] Socket I/O by iocp
<12:25:27> [E36A4FB9] Physics initialization
<12:25:27> [BA0D559B] Splash: Initializing Physics...
<12:25:27> [2462D581] MovieSystem initialization
<12:25:27> [BA0D559B] Splash: Initializing Movie System...
<12:25:27> [93287AEC] Renderer initialization - Start
<12:25:27> [BA0D559B] Splash: Initializing Renderer...
<12:25:27> [91207680] Renderer initialization - Open
<12:25:27> [4377E7CB] Renderer initialization - DLL Load(CryRenderD3D9.dll)
<12:25:27> [71203A94] Renderer initialization - DLL Done
<12:25:27> [71227C22] Renderer initialization - DLL Init
<12:25:27> [C653D9CB] Renderer initialization - Instance
<12:25:27> [44D9754D] D3D Adapter: Driver name: aticfx32.dll
<12:25:27> [82BE8322] D3D Adapter: Driver description: AMD Radeon RX 7800 XT (RADV NAVI32)
<12:25:27> [2224501A] D3D Adapter: Driver version: 32767.65535.65535.65535
<12:25:27> [E8D1E30D] D3D Adapter: Driver GUID: 00000000-0003-0000-0000000000000000
<12:25:27> [BC8C1ACB] D3D Adapter: VendorId = 0x1002
<12:25:27> [B6A10CFD] D3D Adapter: DeviceId = 0x747E
<12:25:27> [0678E702] D3D Adapter: SubSysId = 0x00000000
<12:25:27> [F2243F0E] D3D Adapter: Revision = 0
<12:25:27> [E571CFEE] Shader manager initialization
<12:25:28> [05BAAEF6] CResFile allocations incurred by user cache preload: (16740.67k)
<12:25:28> [911B73B8] Renderer initialization - Done
<12:25:28> [8E444EA9] Console initialization
<12:25:28> [2904A233] Time initialization
<12:25:28> [3650CFD6] Input initialization
<12:25:28> [BA0D559B] Splash: Initializing Input System...
<12:25:28> Initializing Keyboard
<12:25:28> [99640BF1] Sound initialization
<12:25:28> [BA0D559B] Splash: Initializing Sound System...
<12:25:28> [2C33885C] Sound - Initializing AudioDevice now!
<12:25:28> [E46760A9] <Sound> Initialize FMOD with dynamic memory callbacks
<12:25:29> [D6755BFD] <Sound> Starting to initialize Windows Audio Session API output! 
<12:25:29> [F7E8E3CD] <Sound> Drivers found: 5
<12:25:29> [5076AD4B] <Sound> Available drivers:
	1.	PulseAudio Output (PulseAudio Output)
	2.	Blue Microphones Analog Stereo (Blue Microphones Analog Stereo)
	3.	Wireless Controller (Wireless Controller)
	4.	Navi 31 HDMI/DP Audio Digital Stereo (HDMI) (Navi 31 HDMI/DP Audio Digital Stereo (HDMI))
	5.	Family 17h/19h/1ah HD Audio Controller Analog Stereo (Family 17h/19h/1ah HD Audio Controller Analog Stereo)
<12:25:29> [A0BBF7E1] <Sound> FmodEx-AudioDevice: Now running on driver: PulseAudio Output (PulseAudio Output)
<12:25:29> [14D8EFE1] <Sound> Using speaker mode: FMOD_SPEAKERMODE_STEREO
<12:25:29> [E79C27E5] <Sound> Initializing FMOD-EX now!
<12:25:29> [E2A9FE08] <Sound> Available record drivers: 0 PulseAudio Input (PulseAudio Input) !
<12:25:29> [E2A9FE08] <Sound> Available record drivers: 1 Family 17h/19h/1ah HD Audio Controller Analog Stereo (Family 17h/19h/1ah HD Audio Controller Analog Stereo) !
<12:25:29> [E2A9FE08] <Sound> Available record drivers: 2 Wireless Controller (Wireless Controller) !
<12:25:29> [E2A9FE08] <Sound> Available record drivers: 3 Blue Microphones Analog Stereo (Blue Microphones Analog Stereo) !
<12:25:29> [E2A9FE08] <Sound> Available record drivers: 4 Monitor of Family 17h/19h/1ah HD Audio Controller (Monitor of Family 17h/19h/1ah HD Audio Controller) !
<12:25:29> [E2A9FE08] <Sound> Available record drivers: 5 Monitor of Blue Microphones Analog Stereo (Monitor of Blue Microphones Analog Stereo) !
<12:25:29> [E2A9FE08] <Sound> Available record drivers: 6 Wireless Controller (Wireless Controller) !
<12:25:29> [E2A9FE08] <Sound> Available record drivers: 7 Monitor of Navi 31 HDMI/DP Audio Digital Stereo (HDMI) (Monitor of Navi 31 HDMI/DP Audio Digital Stereo (HDMI)) !
<12:25:29> [6841BE38] <Sound> Record config is set to autodetect using record driver 0
<12:25:29> [7808B4C4] <Sound> Using FMOD version: 00044414 and internal 00044414!
<12:25:30> [2A2815C7] <Sound> Initialized FMOD-EX
<12:25:30> [BE4EF52E] Sound - Initializing SoundSystem now!
<12:25:30> [0D547471] Font initialization
<12:25:30> [BA0D559B] Splash: Initializing Fonts...
<12:25:30> [C194F7C8][Warning] Cannot load texture textures/defaults/replacemecm.tif, file missing [File=textures/defaults/replacemecm.dds]
<12:25:30> [84206398] AI initialization
<12:25:30> [1BC221DE] Initializing Animation System
<12:25:30> [BA0D559B] Splash: Initializing Animation System...
<12:25:30> [9E592EFE] Initializing 3D Engine
<12:25:30> [BA0D559B] Splash: Initializing 3D Engine...
<12:25:31> [637AF710][Warning] missing chr material : game/objects/characters/ferre/female/nude/Standard_22.mtl (chr: game/objects/characters/ferre/female/nude/fe_f_base.chr)
<12:25:31> [91F5AEEC][Warning] number of bones mismatch! game/objects/characters/ferre/female/nude/fe_f_base.chr=195 game/objects/characters/ferre/female/nude/fe_f_base_lod1.chr=185
<12:25:32> [7415A452] CHR PreCaching 25 Done
<12:25:32> [E7AD4E53] AddSharedMorphTargets - Failed to load objects/characters/dwarf/male/face/dw_m_face00.chr
<12:25:32> [61AD1790] MorphTargetPreCaching - objects/characters/dwarf/male/face/dw_m_face00.chr Add Failed
<12:25:32> [A4A6E4C6] MorphTarget PreCaching 11 Done
<12:25:32> [5ACB40E2] Init Face Makers
<12:25:32> [56B5985B] X2FaceMaker - game/objects/characters/nuian/male/face/nu_m_face01_mid.chr : mouth_UnderbiteOverbite target not exist
<12:25:32> [56B5985B] X2FaceMaker - game/objects/characters/nuian/male/face/nu_m_face01_mid.chr : mouth_UnderbiteOverbite target not exist
<12:25:32> [56B5985B] X2FaceMaker - game/objects/characters/nuian/male/face/nu_m_face01_mid.chr : mouth_UnderbiteOverbite target not exist
<12:25:32> [4ABB03EB] game/objects/characters/ferre/female/face/fe_f_face01_low.chr(303) - objects/characters/ferre/female/face/fe_f_face00.chr(3063) SharedMorph is not matched
<12:25:32> [56B5985B] X2FaceMaker - game/objects/characters/nuian/male/face/nu_m_face01_mid.chr : mouth_UnderbiteOverbite target not exist
<12:25:32> [56B5985B] X2FaceMaker - game/objects/characters/nuian/male/face/nu_m_face01_mid.chr : nose_dw_SeptumVol target not exist
<12:25:32> [56B5985B] X2FaceMaker - game/objects/characters/nuian/male/face/nu_m_face01_mid.chr : nose_dw_NasalZposition target not exist
<12:25:32> [56B5985B] X2FaceMaker - game/objects/characters/nuian/male/face/nu_m_face01_mid.chr : FS_dwEarSize target not exist
<12:25:32> [56B5985B] X2FaceMaker - game/objects/characters/nuian/male/face/nu_m_face01_mid.chr : dwarf_Morph target not exist
<12:25:32> [56B5985B] X2FaceMaker - game/objects/characters/nuian/male/face/nu_m_face01_mid.chr : FS_dw_CheekMeat_min target not exist
<12:25:32> [1191A6A8] X2FaceMaker - game/objects/characters/nuian/male/face/nu_m_face01_mid.chr : FS_dw_CheekMeat_max ex target not exist
<12:25:32> [56B5985B] X2FaceMaker - game/objects/characters/warborn/male/face/wa_m_face01_mid.chr : eye_Forehead target not exist
<12:25:32> [56B5985B] X2FaceMaker - game/objects/characters/warborn/male/face/wa_m_face01_mid.chr : eye_Tail_min target not exist
<12:25:32> [1191A6A8] X2FaceMaker - game/objects/characters/warborn/male/face/wa_m_face01_mid.chr : eye_Tail_max ex target not exist
<12:25:32> [56B5985B] X2FaceMaker - game/objects/characters/warborn/male/face/wa_m_face01_mid.chr : eye_WidthLength_min target not exist
<12:25:32> [1191A6A8] X2FaceMaker - game/objects/characters/warborn/male/face/wa_m_face01_mid.chr : eye_WidthLength_max ex target not exist
<12:25:32> [56B5985B] X2FaceMaker - game/objects/characters/warborn/male/face/wa_m_face01_mid.chr : eye_DoubleEyelidShape target not exist
<12:25:32> [56B5985B] X2FaceMaker - game/objects/characters/warborn/male/face/wa_m_face01_mid.chr : eye_BrowXposition target not exist
<12:25:32> [56B5985B] X2FaceMaker - game/objects/characters/warborn/male/face/wa_m_face01_mid.chr : eye_BrowZposition target not exist
<12:25:32> [56B5985B] X2FaceMaker - game/objects/characters/warborn/male/face/wa_m_face01_mid.chr : nose_Nostril target not exist
<12:25:32> [56B5985B] X2FaceMaker - game/objects/characters/warborn/male/face/wa_m_face01_mid.chr : nose_Size target not exist
<12:25:32> [56B5985B] X2FaceMaker - game/objects/characters/warborn/male/face/wa_m_face01_mid.chr : nose_SeptumZposition target not exist
<12:25:32> [56B5985B] X2FaceMaker - game/objects/characters/warborn/male/face/wa_m_face01_mid.chr : nose_End target not exist
<12:25:32> [56B5985B] X2FaceMaker - game/objects/characters/warborn/male/face/wa_m_face01_mid.chr : nose_Size target not exist
<12:25:32> [56B5985B] X2FaceMaker - game/objects/characters/warborn/male/face/wa_m_face01_mid.chr : mouth_UpperLipVolume target not exist
<12:25:32> [56B5985B] X2FaceMaker - game/objects/characters/warborn/male/face/wa_m_face01_mid.chr : mouth_LowerLipVolume target not exist
<12:25:32> [56B5985B] X2FaceMaker - game/objects/characters/warborn/male/face/wa_m_face01_mid.chr : mouth_UpperLipOpen target not exist
<12:25:32> [56B5985B] X2FaceMaker - game/objects/characters/warborn/male/face/wa_m_face01_mid.chr : mouth_LowerLipOpen target not exist
<12:25:32> [56B5985B] X2FaceMaker - game/objects/characters/warborn/male/face/wa_m_face01_mid.chr : mouth_MouthOpen target not exist
<12:25:32> [56B5985B] X2FaceMaker - game/objects/characters/warborn/male/face/wa_m_face01_mid.chr : mouth_Size target not exist
<12:25:32> [56B5985B] X2FaceMaker - game/objects/characters/warborn/male/face/wa_m_face01_mid.chr : mouth_Shape_min target not exist
<12:25:32> [1191A6A8] X2FaceMaker - game/objects/characters/warborn/male/face/wa_m_face01_mid.chr : mouth_Shape_max ex target not exist
<12:25:32> [56B5985B] X2FaceMaker - game/objects/characters/warborn/male/face/wa_m_face01_mid.chr : mouth_TeethZposition target not exist
<12:25:32> [56B5985B] X2FaceMaker - game/objects/characters/warborn/male/face/wa_m_face01_mid.chr : FS_JawHigh_min target not exist
<12:25:32> [1191A6A8] X2FaceMaker - game/objects/characters/warborn/male/face/wa_m_face01_mid.chr : FS_JawHigh_max ex target not exist
<12:25:32> [56B5985B] X2FaceMaker - game/objects/characters/warborn/male/face/wa_m_face01_mid.chr : FS_EarRotate_min target not exist
<12:25:32> [1191A6A8] X2FaceMaker - game/objects/characters/warborn/male/face/wa_m_face01_mid.chr : FS_EarRotate_max ex target not exist
<12:25:32> [56B5985B] X2FaceMaker - game/objects/characters/warborn/male/face/wa_m_face01_mid.chr : FS_Beard1 target not exist
<12:25:32> [56B5985B] X2FaceMaker - game/objects/characters/warborn/male/face/wa_m_face01_mid.chr : FS_Beard2 target not exist
<12:25:32> [56B5985B] X2FaceMaker - game/objects/characters/warborn/male/face/wa_m_face01_mid.chr : FS_Beard3 target not exist
<12:25:32> [56B5985B] X2FaceMaker - game/objects/characters/warborn/female/face/wa_f_face01_mid.chr : eye_Yposition_min target not exist
<12:25:32> [1191A6A8] X2FaceMaker - game/objects/characters/warborn/female/face/wa_f_face01_mid.chr : eye_Yposition_max ex target not exist
<12:25:32> [56B5985B] X2FaceMaker - game/objects/characters/warborn/female/face/wa_f_face01_mid.chr : FS_AllLowerY target not exist
<12:25:32> [56B5985B] X2FaceMaker - game/objects/characters/warborn/female/face/wa_f_face01_mid.chr : FS_AllRotate target not exist
<12:25:32> [56B5985B] X2FaceMaker - game/objects/characters/warborn/female/face/wa_f_face01_mid.chr : FS_AllY target not exist
<12:25:32> [56B5985B] X2FaceMaker - game/objects/characters/warborn/female/face/wa_f_face01_mid.chr : mouth_Open_min target not exist
<12:25:32> [1191A6A8] X2FaceMaker - game/objects/characters/warborn/female/face/wa_f_face01_mid.chr : mouth_Open_max ex target not exist
<12:25:32> [E320B5CE] Init Face Makers - Done!
<12:25:32> [581CA53C] Script System Initialization
<12:25:32> [BA0D559B] Splash: Initializing Script System...
<12:25:32> [000004EE][Warning] [Lua Error] 1_3_0/scripts/common.lua:276: attempt to index global 'Script' (a nil value)
<12:25:32> [58F3F7FF][Warning] <null>:0: [Lua Error] Failed to execute file @game/scriptsbin/common.alb
<12:25:32> [D8B2BA54] Entity system initialization
<12:25:32> [BA0D559B] Splash: Initializing Entity System...
<12:25:32> [D55F91B2][Warning] [CEntityClassRegistry] LoadClassDescription failed, Entity Class name Chick already registered
<12:25:32> [BA0D559B] Splash: Initializing AI System...
<12:25:32> [DA019954] Initializing AI System
<12:25:32> [2546BCC5] Initializing Budgeting System
<12:25:32> [C0E19025] Initializing Seamless System
<12:25:32> [BA0D559B] Splash: Loading Game Data...
<12:25:34> [90B8EC50][Warning] too many ranges: aoe_shapes descs 10156(10156) threshold 100 ranges 12
<12:25:35> [BA4AD6CE] Loading portal list
<12:25:35> [92597454] Portal added, enter: 3891, exit: 6629
<12:25:35> [92597454] Portal added, enter: 21448, exit: 21449
<12:25:35> [92597454] Portal added, enter: 21450, exit: 21451
<12:25:35> [92597454] Portal added, enter: 21452, exit: 21453
<12:25:35> [92597454] Portal added, enter: 21698, exit: 21699
<12:25:35> [92597454] Portal added, enter: 22023, exit: 22024
<12:25:35> [92597454] Portal added, enter: 22042, exit: 22066
<12:25:35> [92597454] Portal added, enter: 22136, exit: 22137
<12:25:35> [92597454] Portal added, enter: 22163, exit: 22164
<12:25:35> [92597454] Portal added, enter: 22184, exit: 22185
<12:25:35> [92597454] Portal added, enter: 22336, exit: 22337
<12:25:35> [92597454] Portal added, enter: 9000063, exit: 9000064
<12:25:35> [1C664009] End loading portal list
<12:25:35> [937812F7] loaded DDCMS (1396969 descs, 719156 links (17 page 16.95MB size) string) from game\db\compact.sqlite3 in 1316 ms
<12:25:35> [BA0D559B] Splash: Initializing Game System...
<12:25:35> [000004EE][Warning] [Lua Error] no localized ui text for 18 always_refund
<12:25:36> [0ADE3294][Warning] [MFX] Effect 'collisions:grenade' already present. Overriding.
<12:25:36> [311630D1][Warning] MFX WARNING: Material not found: mat_ice_breakable
<12:25:36>  
<12:25:36>    sys_spec = Custom (assuming 4)
<12:25:36>      option_anti_aliasing = 2 expected:3
<12:25:36>  
<12:25:36> [BA0D559B] Splash: Preparing Screen...
<12:25:36> [963385F6] Level System - Loading Start
<12:25:36> [806B6F8D] precaching world entities ..
<12:25:36> [7E39E0DE] precaching world entities .. done!  total (0) objects
<12:25:36> [D2B280D6] Vegetation Manager : Loading World(login2)
<12:25:36> [075AB92F] Vegetation Manager : Loading World - Done (total 36 vegetations)
<12:25:36> [B9410AA1] total 20 terrain world surfaces loaded
<12:25:36> Loading Particle Library: collisions
<12:25:36> Loading Particle Library: water
<12:25:36> Loading Particle Library: misc
<12:25:36> Loading Particle Library: ability_skill_table
<12:25:36> Loading Particle Library: ability_skill_table_k
<12:25:36> Loading Particle Library: abillity_skill_table_m
<12:25:36> Loading Particle Library: machinima
<12:25:36> Loading Particle Library: x2_effects
<12:25:37> Loading Particle Library: x2_effects_k
<12:25:37> [280A47E3] Precached total 2 materials
<12:25:37> [7B1A973B] seamless loading cell terrain(W0, 1), (L0, 0)
<12:25:37> [3EF08C47] seamless loading cell object(W0, 1), (L0, 0)
<12:25:37> [584C4FFD] [net 16:25:27.220]  dns ip:192.168.1.202
<12:25:37> [584C4FFD] [net 16:25:27.220]  dns ip:172.19.0.1
<12:25:37> [584C4FFD] [net 16:25:27.220]  dns ip:172.17.0.1
<12:25:37> [584C4FFD] [net 16:25:27.220]  dns ip:172.18.0.1
<12:25:37> [0DE3FA89][Error] CryAnimation: character-definition creation failed: game/objects/characters/elf/female/nude/el_f_kyprosa.cdf
<12:25:37> [13A58BA0][Error] CryAnimation: character-definition not found: game/objects/characters/elf/female/nude/el_f_kyprosa.cdf
<12:25:37> [4DD44108] Start DaruCommon Extension
<12:25:37> [1B425DA5] Duplicated post effect param! pszName = FilterMaskedBlurring_Amount
<12:25:37> [1B425DA5] Duplicated post effect param! pszName = FilterMaskedBlurring_MaskTexName
<12:25:37> [1B425DA5] Duplicated post effect param! pszName = FilterChromaShift_User_Amount
<12:25:37> [1B425DA5] Duplicated post effect param! pszName = FilterGrain_Amount
<12:25:37> [8F6BAA6C][Warning] Couldn't find console variable 'e_water_ocean_fft'
<12:25:37> Loading Particle Library: wind
<12:25:37> Loading Particle Library: X2_EFFECT_O
<12:25:37> [000004EE][Warning] Particle effect not found: '                                                                ', from ParticleEffect fx_land_green
<12:25:38> [12409CCC] Load Zone Finished
<12:25:38> [A39C1725] Level System - Loading Complete
<12:25:38> [27293DED] -----------------------------------------------------
<12:25:38> [120C18F5] * LOADING: 'loginbg4' loading time: 1.72 seconds
<12:25:38> [27293DED] -----------------------------------------------------
<12:25:38> [000004EE][Warning] [Lua Error] no client player exists
<12:25:38> [A13C772D][Warning] Cannot load texture ui/font_color.g, Image file format is invalid [File=ui/font_color.g]
<12:25:38> [000FABC5][Warning] CAreaGrid::BeginAreas() called before being initialized.
<12:25:46> [11E02DA3][Warning] Cannot load texture textures/defaults/16_12.dds, file missing [File=textures/defaults/16_12.dds]
<12:25:47> [1D01FDCA] Auth: client connected to server
<12:25:47> [584C4FFD] [net 16:25:47.317]  socket ip:192.168.1.202
<12:25:47> [4C920A71] mac address : 74-56-3c-fe-52-f3
<12:25:48> [A13C772D][Warning] Cannot load texture ui/font_color.g, Image file format is invalid [File=ui/font_color.g]
<12:26:11> [584C4FFD] [net 16:26:11.449] connection requested to: 192.95.21.64:1239
<12:26:11> [4ABA7BDB] Auth: client disconnected (reason=0)
<12:26:11> [0F08E548] [NetConnection] connect completed (succeeded:true)
<12:26:11> [48F7BDF2] invalid world id in world queue packet
<12:26:11> [26623ECA] ucc info.. 0 0
<12:26:11> [B71BF2A9] remove ucc data.. version
<12:26:11> [4516816D] pay method: person
<12:26:11> [4AA30841] pay location: person
<12:26:11> [ADF1C07E] pay start: 1900-1-1 00:00:00
<12:26:11> [6486A277] pay end: 1900-1-1 00:00:00
<12:26:11> [FFF6198C] premium point: 0
<12:26:11> [481C0862] premium grade: premium_0
<12:26:11> [88D9AB0C] real pay time: 190238923471978496
<12:26:11> [9FC303B8][Error] [CVARS]: [DUPLICATE] CXConsole::RegisterFloat(): variable [camera_max_dist] is already registered
<12:26:11> [34CCC219] stream: connected to world server
<12:26:12> [06A46B5B] stream: authorized by world server
<12:26:12> [82321C2B][Warning] [net 16:26:12.164] [time] remote time estimation restarted; estimate accumulator age was 10259.962891
<12:26:12> [4516816D] pay method: person
<12:26:12> [4AA30841] pay location: person
<12:26:12> [ADF1C07E] pay start: 1900-1-1 00:00:00
<12:26:12> [6486A277] pay end: 2037-12-31 16:00:00
<12:26:12> [FFF6198C] premium point: 0
<12:26:12> [481C0862] premium grade: premium_0
<12:26:12> [88D9AB0C] real pay time: -1
<12:26:14> [000004EE][Warning] [Lua Error] no localized ui text for 18 always_refund
<12:26:14> [09F46B9D]     cl_fov = 90 []
<12:26:14> [09F46B9D]     camera_max_dist = 180 []
<12:26:14> [09F46B9D]     name_tag_hp_width_on_bgmode = 80 []
<12:26:14> [09F46B9D]     name_tag_hp_height_on_bgmode = 30 []
<12:26:14> [A13C772D][Warning] Cannot load texture ui/font_color.g, Image file format is invalid [File=ui/font_color.g]
<12:26:14> [06E6A3E9][Warning] Cannot load texture ui/login_stage/queue.dds, file missing [File=ui/login_stage/queue.dds]
<12:26:14> [000004EE][Warning] RenderMesh not assigned game/objects/box_nodraw.cgf
<12:26:15> [DA579B6C][Error] can't load client driven connect info.. Kompy
<12:26:20> [9FC303B8][Error] [CVARS]: [DUPLICATE] CXConsole::RegisterFloat(): variable [ui_double_click_interval] is already registered
<12:26:20> [0DE3FA89][Error] CryAnimation: character-definition creation failed: game/objects/characters/returned/female/nude/re_f.cdf
<12:26:21> [6FF68EA5] SetInstantTime: type 0 time 0
<12:26:21> [6FF68EA5] SetInstantTime: type 1 time 0
<12:26:21> [6FF68EA5] SetInstantTime: type 2 time 0
<12:26:21> [6FF68EA5] SetInstantTime: type 3 time 0
<12:26:21> [6FF68EA5] SetInstantTime: type 4 time 0
<12:26:21> [6FF68EA5] SetInstantTime: type 5 time 0
<12:26:21> [6FF68EA5] SetInstantTime: type 6 time 0
<12:26:21> [6FF68EA5] SetInstantTime: type 7 time 0
<12:26:21> [82321C2B][Warning] [net 16:26:21.181] [time] remote time estimation restarted; estimate accumulator age was 3.062678
<12:26:21> [0E61BD35] ExpeditionMember 20 added
<12:26:21> [0E61BD35] ExpeditionMember 20 added
<12:26:21> [0E61BD35] ExpeditionMember 5 added
<12:26:21> [1EBA13B3][Warning] count not matched; total=73; size=45
<12:26:21> [966861E8][Warning] GetAllPolicies empty
<12:26:21> [67B7DD8A][Warning] my ExpeditionMemberDesc not exist
<12:26:21> [7AB931CE] seamless unloading cell object(W0, 0), (L0, 0)
<12:26:21> [4B1E8B22] unload cell object count : 1511
<12:26:21> [B866A294] seamless unloading cell terrain(W0, 0), (L0, 0)
<12:26:21> [963385F6] Level System - Loading Start
<12:26:21> [E0E0EDAE][Warning] failed to load zone time of day from game/worlds/main_world/zone/225//time_of_day.xml
<12:26:21> [AB17243B][Warning] failed to load zone environment from game/worlds/main_world/zone/309//env.xml
<12:26:21> [35D4413E][Warning] failed to load zone clouds from game/worlds/main_world/zone/309//clouds.xml
<12:26:21> [806B6F8D] precaching world entities ..
<12:26:21> [7E39E0DE] precaching world entities .. done!  total (1778) objects
<12:26:21> [D2B280D6] Vegetation Manager : Loading World(main_world)
<12:26:22> [075AB92F] Vegetation Manager : Loading World - Done (total 3055 vegetations)
<12:26:22> [000004EE][Error] CTerrain::LoadWorldSurfaces: Error loading material: materials/Terrain/gweonidforest/w_forest_road_a1
<12:26:22> [751FFB9E][Warning] Error: CShaderMan::mfCreateShaderResources: Couldn't find detail texture
'game/textures/aa_terrain/canyon/tr_canyon_rock_616a_ddn.tga' in path '' [File=game/textures/aa_terrain/canyon/tr_canyon_rock_616a_ddn.tga]
<12:26:22> [B9410AA1] total 600 terrain world surfaces loaded
<12:26:22> [280A47E3] Precached total 4 materials
<12:26:22> [7B1A973B] seamless loading cell terrain(W21, 5), (L4, 4)
<12:26:22> [7B1A973B] seamless loading cell terrain(W22, 5), (L5, 4)
<12:26:22> [7B1A973B] seamless loading cell terrain(W21, 4), (L4, 3)
<12:26:22> [7B1A973B] seamless loading cell terrain(W22, 4), (L5, 3)
<12:26:22> [7B1A973B] seamless loading cell terrain(W21, 6), (L4, 5)
<12:26:22> [7B1A973B] seamless loading cell terrain(W22, 6), (L5, 5)
<12:26:22> [7B1A973B] seamless loading cell terrain(W20, 5), (L3, 4)
<12:26:22> [7B1A973B] seamless loading cell terrain(W23, 5), (L6, 4)
<12:26:22> [7B1A973B] seamless loading cell terrain(W20, 4), (L3, 3)
<12:26:22> [7B1A973B] seamless loading cell terrain(W23, 4), (L6, 3)
<12:26:22> [7B1A973B] seamless loading cell terrain(W20, 6), (L3, 5)
<12:26:22> [7B1A973B] seamless loading cell terrain(W21, 3), (L4, 2)
<12:26:22> [7B1A973B] seamless loading cell terrain(W22, 3), (L5, 2)
<12:26:22> [7B1A973B] seamless loading cell terrain(W23, 6), (L6, 5)
<12:26:22> [7B1A973B] seamless loading cell terrain(W21, 7), (L4, 6)
<12:26:22> [7B1A973B] seamless loading cell terrain(W22, 7), (L5, 6)
<12:26:22> [7B1A973B] seamless loading cell terrain(W20, 3), (L3, 2)
<12:26:22> [7B1A973B] seamless loading cell terrain(W23, 3), (L6, 2)
<12:26:22> [7B1A973B] seamless loading cell terrain(W19, 5), (L2, 4)
<12:26:22> [7B1A973B] seamless loading cell terrain(W19, 4), (L2, 3)
<12:26:22> [7B1A973B] seamless loading cell terrain(W24, 5), (L7, 4)
<12:26:22> [7B1A973B] seamless loading cell terrain(W20, 7), (L3, 6)
<12:26:22> [7B1A973B] seamless loading cell terrain(W19, 6), (L2, 5)
<12:26:22> [7B1A973B] seamless loading cell terrain(W23, 7), (L6, 6)
<12:26:22> [7B1A973B] seamless loading cell terrain(W24, 4), (L7, 3)
<12:26:22> [7B1A973B] seamless loading cell terrain(W24, 6), (L7, 5)
<12:26:22> [7B1A973B] seamless loading cell terrain(W21, 2), (L4, 1)
<12:26:22> [7B1A973B] seamless loading cell terrain(W22, 2), (L5, 1)
<12:26:22> [7B1A973B] seamless loading cell terrain(W19, 3), (L2, 2)
<12:26:22> [7B1A973B] seamless loading cell terrain(W20, 2), (L3, 1)
<12:26:22> [7B1A973B] seamless loading cell terrain(W24, 3), (L7, 2)
<12:26:22> [7B1A973B] seamless loading cell terrain(W21, 8), (L4, 7)
<12:26:22> [7B1A973B] seamless loading cell terrain(W22, 8), (L5, 7)
<12:26:22> [7B1A973B] seamless loading cell terrain(W23, 2), (L6, 1)
<12:26:22> [7B1A973B] seamless loading cell terrain(W19, 7), (L2, 6)
<12:26:22> [7B1A973B] seamless loading cell terrain(W24, 7), (L7, 6)
<12:26:22> [7B1A973B] seamless loading cell terrain(W18, 5), (L1, 4)
<12:26:22> [7B1A973B] seamless loading cell terrain(W20, 8), (L3, 7)
<12:26:22> [7B1A973B] seamless loading cell terrain(W18, 4), (L1, 3)
<12:26:22> [7B1A973B] seamless loading cell terrain(W23, 8), (L6, 7)
<12:26:22> [7B1A973B] seamless loading cell terrain(W18, 6), (L1, 5)
<12:26:22> [7B1A973B] seamless loading cell terrain(W19, 2), (L2, 1)
<12:26:22> [7B1A973B] seamless loading cell terrain(W24, 2), (L7, 1)
<12:26:22> [7B1A973B] seamless loading cell terrain(W21, 1), (L4, 0)
<12:26:22> [7B1A973B] seamless loading cell terrain(W22, 1), (L5, 0)
<12:26:22> [7B1A973B] seamless loading cell terrain(W18, 3), (L1, 2)
<12:26:22> [7B1A973B] seamless loading cell terrain(W19, 8), (L2, 7)
<12:26:22> [3EF08C47] seamless loading cell object(W21, 5), (L4, 4)
<12:26:23> Loading Particle Library: X2_EFFECTS_P
<12:26:23> [000004EE][Warning] Particle effect not found: 'X2_EFFECTS.e_effect.smoke_slow', from ParticleEffect ParticleEffect_2760
<12:26:23> [3EF08C47] seamless loading cell object(W22, 5), (L5, 4)
<12:26:23> [3EF08C47] seamless loading cell object(W21, 4), (L4, 3)
<12:26:23> [3EF08C47] seamless loading cell object(W22, 4), (L5, 3)
<12:26:23> [3EF08C47] seamless loading cell object(W21, 6), (L4, 5)
<12:26:23> [000004EE][Warning] [CGF Error] game/objects/env/02_harihara/001_hcom/hcom_cart_b.cgf [:] LOD1 of geometry hcom_cart_b contains too many polygons comparing to the LOD0 [770 against 1114] :
<12:26:23> [A5DDEC33][Warning] Warning: CShaderMan::mfForName: NULL name
<12:26:23> [3EF08C47] seamless loading cell object(W22, 6), (L5, 5)
<12:26:23> [3EF08C47] seamless loading cell object(W20, 5), (L3, 4)
<12:26:23> [04F52114][Warning] Cannot load texture game/objects/env/02_harihara/01_ma/ma_top_mhouse12_sp.dds, file missing [File=game/objects/env/02_harihara/01_ma/ma_top_mhouse12_sp.dds]
<12:26:23> [000004EE][Warning] [CGF Error] game/objects/env/01_nuia/001_housing/housing_people/hs_people_roof_a.cgf [:] Duplicate LOD helper $lod2 hs_people_roof_a
<12:26:23> [000004EE][Warning] [CGF Error] game/objects/env/01_nuia/001_housing/housing_guild/nuia_h_guild_door_b_back.cga [:] non-uniform scale(1.00, 1.39, 1.00) at node(nuia_h_guild_door_b01_back)
<12:26:23> Loading Particle Library: x2_sounds
<12:26:23> [3EF08C47] seamless loading cell object(W23, 5), (L6, 4)
<12:26:23> [3EF08C47] seamless loading cell object(W20, 4), (L3, 3)
<12:26:23> [3EF08C47] seamless loading cell object(W23, 4), (L6, 3)
<12:26:23> [3EF08C47] seamless loading cell object(W20, 6), (L3, 5)
<12:26:24> [3EF08C47] seamless loading cell object(W21, 3), (L4, 2)
<12:26:24> [3EF08C47] seamless loading cell object(W22, 3), (L5, 2)
<12:26:24> [3EF08C47] seamless loading cell object(W23, 6), (L6, 5)
<12:26:24> [3EF08C47] seamless loading cell object(W21, 7), (L4, 6)
<12:26:24> [000004EE][Warning] [CGF Error] game/objects/env/02_harihara/03_ti/ti_factorymain_a.cga [:] Invalid BBox : has Invalid BBox node(Object32)
<12:26:24> [3EF08C47] seamless loading cell object(W22, 7), (L5, 6)
<12:26:24> [745BAE2F][Warning] failed to stream material xml(game/rock_06.mtl)
<12:26:24> [3EF08C47] seamless loading cell object(W20, 3), (L3, 2)
<12:26:24> [3EF08C47] seamless loading cell object(W23, 3), (L6, 2)
<12:26:24> [3EF08C47] seamless loading cell object(W19, 5), (L2, 4)
<12:26:24> [000004EE][Warning] [CGF Error] game/objects/env/02_harihara/04_su/su_incinerator_tower_b.cgf [:] LOD1 of geometry  contains too many polygons comparing to the LOD0 [742 against 1060] :
<12:26:24> [3EF08C47] seamless loading cell object(W19, 4), (L2, 3)
<12:26:24> [12409CCC] Load Zone Finished
<12:26:24> [000004EE][Warning] I3DEngine::RegisterEntity: entity reports invalid position: Name: LightEntityName (), Class: LightEntityClass, Pos=(657.2,7976.0,585.5), aabb center=(142.0,1019.8,-2.3)
<12:26:24> [82321C2B][Warning] [net 16:26:24.572] [time] remote time estimation restarted; estimate accumulator age was 3.319578
<12:26:24> [C5B7BE3D][Warning] Failed to initialize Irradiance Volume: Insufficient video memory
<12:26:24> [5CE4EF2C][Warning] failed to load particle lib from (Libs/Particles/game/abillity_skill_table_m.xml)
<12:26:24> [000004EE][Warning] Particle effect not found: 'game/abillity_skill_table_m.wild.shock_form2', from unknown 
<12:26:24> [2BFDEC33][Error] realstep 8, not match unit req
<12:26:24> [2363981C][Warning] chr material is not precached : game/objects/characters/animals/cow/cow_white.mtl (chr: game/objects/characters/animals/cow/cow_white.chr)
<12:26:24> [CE2F4035][Warning] chr physical geom is not precached. (game/objects/characters/animals/cow/cow_white.chr)
<12:26:24> [676D2B24][Warning] non-cached LMG xml. (animations/animals/cow/lmg_files/normal_walk.lmg)
<12:26:24> [A39C1725] Level System - Loading Complete
<12:26:24> [9BE3F673] total 0 CGF files are precached
<12:26:24> [27293DED] -----------------------------------------------------
<12:26:24> [120C18F5] * LOADING: 'e_sunny_wilderness_4' loading time: 3.71 seconds
<12:26:24> [27293DED] -----------------------------------------------------
<12:26:25> [62232BEA][Warning] deferred xml stream error - game/animations/animals/chick/lmg_files/normal_run.lmg : f0000003
<12:26:26> [637AF710][Warning] missing chr material : game/objects/characters/warborn/male/parts/pt/obj/wa_m_pt_leather220.mtl (chr: game/objects/characters/warborn/male/parts/pt/obj/wa_m_1pt201_2ca001.chr)
<12:26:26> [CA175C82][Warning] non-stream IO. system(Material), filePath(game/objects/characters/warborn/male/horns/wa_m_horns012/wa_m_horns012.mtl)
<12:26:26> [BD8C448A][Warning] Cannot load texture game/objects/characters/warborn/male/nude/wa_m_nude_ddn.dds, file missing [File=game/objects/characters/warborn/male/nude/wa_m_nude_ddn.dds]
<12:26:27> [09F46B9D]     cl_fov = 90 []
<12:26:27> [09F46B9D]     camera_max_dist = 180 []
<12:26:27> [09F46B9D]     name_tag_hp_width_on_bgmode = 80 []
<12:26:27> [09F46B9D]     name_tag_hp_height_on_bgmode = 30 []
<12:26:27> [000004EE][Warning] [Lua Error] Failed to load script file scriptsbin/x2ui/assignment/form.alb
<12:26:27> [A13C772D][Warning] Cannot load texture ui/font_color.g, Image file format is invalid [File=ui/font_color.g]
<12:26:27> [B5A61D8F] Chat Channel(0) Color is not found.
<12:26:27> [000004EE][Warning] [Lua Error] ...ts/x2ui/loginstage/character_create/locale/en_us.lua:524: attempt to index a nil value
<12:26:27> [58F3F7FF][Warning] <null>:0: [Lua Error] Failed to execute file @game/scriptsbin/x2ui/loginstage/character_create/locale/en_us.alb
<12:26:28> [000004EE][Warning] [Lua] invalid style type...  / brown
<12:26:28> [82321C2B][Warning] [net 16:26:28.712] [time] remote time estimation restarted; estimate accumulator age was 1.018656
<12:26:37> [CE0EF930][Warning] failed to stream cgf : default
<12:26:37> [745BAE2F][Warning] failed to stream material xml(game/objects/characters/monster/polarbear_baby/Material #0.mtl)
<12:26:37> [62232BEA][Warning] deferred xml stream error - game/animations/monster/polarbear_baby/lmg_files/normal_run.lmg : f0000003
<12:26:42> [000004EE][Warning] [CGF Error] game/objects/env/01_nuia/001_ndeco/making/ndeco_powerfulmaking.cga [:] LOD1 of geometry parts01 contains too many polygons comparing to the LOD0 [1592 against 1130] :
<12:26:42> [CE0EF930][Warning] failed to stream cgf : default
<12:26:53> [CE0EF930][Warning] failed to stream cgf : default
<12:26:55> [3EF08C47] seamless loading cell object(W20, 7), (L3, 6)
