[801989E0] BackupNameAttachment=" Build(0) Date(24 September 2025) Time(06 38 56)"  -- used by backup system
[00000020]  
[38F38F32] Log Started at #c
[0232BD25] Running 32 bit version
[7AB6F5FE] Executable: C:\Games\AAClassic\bin32\archeage.exe
[E5C771AC] FileVersion: 3.5.0.0
[F799D55F] ProductVersion: 3.5.3.0
[1F1D6B13] Using Microsoft (tm) C++ Standard Library implementation
[00000020]  
[C7D96C80] Revision: 350000
[00000020]  
[64533E3E] this is the first client
<06:39:01> [B9197FD5][Error] ConsoleVariableGroup[option_effect] key[e_particles_lod_onoff] has no default
<06:39:01> [76666E6D] 
--- CPU detection ---
<06:39:01> [F4D992D8] CPU: AMD AMD Ryzen 7 7800X3D 8-Core Processor           
<06:39:01> [3F649B02] Family: 15, Model: 1, Stepping: 2
<06:39:01> [83D12E0B] FPU: On-Chip
<06:39:01> [50919DA0] CPU Speed (estimated): 4192.094762 MHz
<06:39:01> [C73FD83A] MMX: not present
<06:39:01> [89D1077A] SSE: present
<06:39:01> [64E2B6F1] 3DNow!: present
<06:39:01> [27B7AC6E] Serial number not present or disabled
<06:39:01> [1D2D8E5B] Number of logical processors: 16
<06:39:01> [FA658084] Number of available logical processors: 16
<06:39:01> [A1F061C2] Invariant Time Stamp Counter : yes
<06:39:01> [FA0251ED] ---------------------

<06:39:01> [03E7D838] Device Info
<06:39:01> [9F603516] Device Info - 1
<06:39:01> [9F603517] Device Info - 2
<06:39:01> [9F603518] Device Info - 3
<06:39:01> [9F603519] Device Info - 4
<06:39:01> [9F60351A] Device Info - 5
<06:39:01> [9F60351B] Device Info - 6
<06:39:01> [9F60351C] Device Info - 7
<06:39:01> [E98ECC28] Video Memory Info
<06:39:01> [D5FBE664] Video Memory - 1
<06:39:01> [D5FBE665] Video Memory - 2
<06:39:02> [D5FBE666] Video Memory - 3
<06:39:02> [D5FBE667] Video Memory - 4
<06:39:02> [D5FBE668] Video Memory - 5
<06:39:02> [D5FBE669] Video Memory - 6
<06:39:02> [D5FBE66A] Video Memory - 7
<06:39:02> [D5FBE66B] Video Memory - 8
<06:39:02> [3A4D54A2][Warning] config/gpu/amd.txt line 55 contains a multiple defined GPU rating!
<06:39:02> [D20872C0] InitThreadAffinities
<06:39:02> [2F28A434] UpdateMainThreadAffinity
<06:39:02> [16962512] Windows 8 64 bit (build 6.2.9200)
<06:39:02> [38DFF081] System language: English
<06:39:02> [861A0178] Windows Directory: "C:\windows"
<06:39:02> [341B54F1] Prerequisites...
<06:39:02> [5D1B3C9C] * Installation of KB940105 hotfix required: no! (either not needed or already installed)
<06:39:02> [7509F77C] Local time is 06:39:02 09/24/25, system running for 4282 minutes
<06:39:02> [01773CE5] 63426MB physical memory installed, 23278MB available, 4095MB virtual memory installed, 63 percent of memory in use
<06:39:02> [31259232] PageFile usage: 
<06:39:02> [FFC99916] Current display mode is 15318436x856104648x36
<06:39:02> [8A64FCCC] IBM enhanced (101/102-key) keyboard and 3+ button mouse installed
<06:39:02> [CE30556B] ----- GPU Detection -----------------
<06:39:02> [03E7D838] Device Info
<06:39:02> [9F603516] Device Info - 1
<06:39:02> [9F603517] Device Info - 2
<06:39:02> [9F603518] Device Info - 3
<06:39:02> [9F603519] Device Info - 4
<06:39:02> [9F60351A] Device Info - 5
<06:39:02> [9F60351B] Device Info - 6
<06:39:02> [9F60351C] Device Info - 7
<06:39:02> [E98ECC28] Video Memory Info
<06:39:02> [D5FBE664] Video Memory - 1
<06:39:02> [D5FBE665] Video Memory - 2
<06:39:02> [D5FBE666] Video Memory - 3
<06:39:02> [D5FBE667] Video Memory - 4
<06:39:02> [D5FBE668] Video Memory - 5
<06:39:02> [D5FBE669] Video Memory - 6
<06:39:02> [D5FBE66A] Video Memory - 7
<06:39:02> [D5FBE66B] Video Memory - 8
<06:39:02> [99EA404A]  AMD Radeon RX 7800 XT (RADV NAVI32) (vendor = 0x1002, device = 0x747e, subSys = 0x00000000)
<06:39:02> [77718B6A] -- Video memory: 4081 MB
<06:39:02> [30DF1863] -- Minimum SM 2.0 support: yes
<06:39:02> [13E11956] -- DX11 supported: yes
<06:39:02> [50B60100] --------------------------------------------------------------------------------
<06:39:02> [5921EDBE] Stream Engine Initialization
<06:39:02> [BA0D559B] Splash: Initializing Stream Engine...
<06:39:02> [939F6EBB] Enable Resolutions : 0
<06:39:02> [A30A84B6] can't enum display resolution modes
<06:39:02> [B324CD25] Screen Resolution - 1024x768
<06:39:02> [3778EA0B] Screen Resolution - 0 (2560x1440)
<06:39:02> [B29C5D86] Screen Resolution - Modify (1024x768)
<06:39:02> [A9E4B0F2] Network initialization
<06:39:02> [BA0D559B] Splash: Initializing Network System...
<06:39:02> [14FAD233] Socket I/O by iocp
<06:39:02> [E36A4FB9] Physics initialization
<06:39:02> [BA0D559B] Splash: Initializing Physics...
<06:39:02> [2462D581] MovieSystem initialization
<06:39:02> [BA0D559B] Splash: Initializing Movie System...
<06:39:02> [93287AEC] Renderer initialization - Start
<06:39:02> [BA0D559B] Splash: Initializing Renderer...
<06:39:02> [91207680] Renderer initialization - Open
<06:39:02> [4377E7CB] Renderer initialization - DLL Load(CryRenderD3D9.dll)
<06:39:02> [71203A94] Renderer initialization - DLL Done
<06:39:02> [71227C22] Renderer initialization - DLL Init
