[801989E0] BackupNameAttachment=" Build(0) Date(13 September 2025) Time(11 37 03)"  -- used by backup system
[00000020]  
[38F38F32] Log Started at #c
[0232BD25] Running 32 bit version
[7AB6F5FE] Executable: C:\Games\AAClassic\bin32\archeage.exe
[E5C771AC] FileVersion: 3.5.0.0
[F799D55F] ProductVersion: 3.5.3.0
[1F1D6B13] Using Microsoft (tm) C++ Standard Library implementation
[00000020]  
[C7D96C80] Revision: 350000
[00000020]  
[64533E3E] this is the first client
<11:37:10> [B9197FD5][Error] ConsoleVariableGroup[option_effect] key[e_particles_lod_onoff] has no default
<11:37:10> [76666E6D] 
--- CPU detection ---
<11:37:10> [F4D992D8] CPU: AMD AMD Ryzen 7 7800X3D 8-Core Processor           
<11:37:10> [3F649B02] Family: 15, Model: 1, Stepping: 2
<11:37:10> [83D12E0B] FPU: On-Chip
<11:37:10> [50919DA0] CPU Speed (estimated): 4191.996684 MHz
<11:37:10> [C73FD83A] MMX: not present
<11:37:10> [89D1077A] SSE: present
<11:37:10> [64E2B6F1] 3DNow!: present
<11:37:10> [27B7AC6E] Serial number not present or disabled
<11:37:10> [1D2D8E5B] Number of logical processors: 16
<11:37:10> [FA658084] Number of available logical processors: 16
<11:37:10> [A1F061C2] Invariant Time Stamp Counter : yes
<11:37:10> [FA0251ED] ---------------------

<11:37:10> [03E7D838] Device Info
<11:37:10> [9F603516] Device Info - 1
<11:37:10> [9F603517] Device Info - 2
<11:37:10> [9F603518] Device Info - 3
<11:37:10> [9F603519] Device Info - 4
<11:37:10> [9F60351A] Device Info - 5
<11:37:10> [9F60351B] Device Info - 6
<11:37:10> [9F60351C] Device Info - 7
<11:37:10> [E98ECC28] Video Memory Info
<11:37:10> [D5FBE664] Video Memory - 1
<11:37:10> [D5FBE665] Video Memory - 2
<11:37:10> [D5FBE666] Video Memory - 3
<11:37:10> [D5FBE667] Video Memory - 4
<11:37:10> [D5FBE668] Video Memory - 5
<11:37:10> [D5FBE669] Video Memory - 6
<11:37:10> [D5FBE66A] Video Memory - 7
<11:37:10> [D5FBE66B] Video Memory - 8
<11:37:10> [3A4D54A2][Warning] config/gpu/amd.txt line 55 contains a multiple defined GPU rating!
<11:37:10> [D20872C0] InitThreadAffinities
<11:37:10> [2F28A434] UpdateMainThreadAffinity
<11:37:10> [16962512] Windows 8 64 bit (build 6.2.9200)
<11:37:10> [38DFF081] System language: English
<11:37:10> [861A0178] Windows Directory: "C:\windows"
<11:37:10> [341B54F1] Prerequisites...
<11:37:10> [5D1B3C9C] * Installation of KB940105 hotfix required: no! (either not needed or already installed)
<11:37:10> [C3FD2DD1] Local time is 11:37:10 09/13/25, system running for 121 minutes
<11:37:10> [108D7B10] 63426MB physical memory installed, 23816MB available, 4095MB virtual memory installed, 62 percent of memory in use
<11:37:10> [31259232] PageFile usage: 
<11:37:10> [453F0D1B] Current display mode is 2560x1440x32
<11:37:10> [8A64FCCC] IBM enhanced (101/102-key) keyboard and 3+ button mouse installed
<11:37:10> [CE30556B] ----- GPU Detection -----------------
<11:37:10> [03E7D838] Device Info
<11:37:10> [9F603516] Device Info - 1
<11:37:10> [9F603517] Device Info - 2
<11:37:10> [9F603518] Device Info - 3
<11:37:10> [9F603519] Device Info - 4
<11:37:10> [9F60351A] Device Info - 5
<11:37:10> [9F60351B] Device Info - 6
<11:37:10> [9F60351C] Device Info - 7
<11:37:10> [E98ECC28] Video Memory Info
<11:37:10> [D5FBE664] Video Memory - 1
<11:37:10> [D5FBE665] Video Memory - 2
<11:37:10> [D5FBE666] Video Memory - 3
<11:37:10> [D5FBE667] Video Memory - 4
<11:37:10> [D5FBE668] Video Memory - 5
<11:37:10> [D5FBE669] Video Memory - 6
<11:37:10> [D5FBE66A] Video Memory - 7
<11:37:10> [D5FBE66B] Video Memory - 8
<11:37:10> [99EA404A]  AMD Radeon RX 7800 XT (RADV NAVI32) (vendor = 0x1002, device = 0x747e, subSys = 0x00000000)
<11:37:10> [77718B6A] -- Video memory: 4081 MB
<11:37:10> [30DF1863] -- Minimum SM 2.0 support: yes
<11:37:10> [13E11956] -- DX11 supported: yes
<11:37:10> [50B60100] --------------------------------------------------------------------------------
<11:37:10> [5921EDBE] Stream Engine Initialization
<11:37:10> [BA0D559B] Splash: Initializing Stream Engine...
<11:37:10> [939F6EBB] Enable Resolutions : 0
<11:37:10> [A30A84B6] can't enum display resolution modes
<11:37:10> [B324CD25] Screen Resolution - 1024x768
<11:37:10> [3778EA0B] Screen Resolution - 0 (2560x1440)
<11:37:10> [A1B107F0] Screen Resolution - Test OK (2560x1440)
<11:37:11> [A9E4B0F2] Network initialization
<11:37:11> [BA0D559B] Splash: Initializing Network System...
<11:37:11> [14FAD233] Socket I/O by iocp
<11:37:11> [E36A4FB9] Physics initialization
<11:37:11> [BA0D559B] Splash: Initializing Physics...
<11:37:11> [2462D581] MovieSystem initialization
<11:37:11> [BA0D559B] Splash: Initializing Movie System...
<11:37:11> [93287AEC] Renderer initialization - Start
<11:37:11> [BA0D559B] Splash: Initializing Renderer...
<11:37:11> [91207680] Renderer initialization - Open
<11:37:11> [4377E7CB] Renderer initialization - DLL Load(CryRenderD3D9.dll)
<11:37:11> [71203A94] Renderer initialization - DLL Done
<11:37:11> [71227C22] Renderer initialization - DLL Init
<11:37:11> [C653D9CB] Renderer initialization - Instance
<11:37:11> [44D9754D] D3D Adapter: Driver name: aticfx32.dll
<11:37:11> [82BE8322] D3D Adapter: Driver description: AMD Radeon RX 7800 XT (RADV NAVI32)
<11:37:11> [2224501A] D3D Adapter: Driver version: 32767.65535.65535.65535
<11:37:11> [E8D1E30D] D3D Adapter: Driver GUID: 00000000-0003-0000-0000000000000000
<11:37:11> [BC8C1ACB] D3D Adapter: VendorId = 0x1002
<11:37:11> [B6A10CFD] D3D Adapter: DeviceId = 0x747E
<11:37:11> [0678E702] D3D Adapter: SubSysId = 0x00000000
<11:37:11> [F2243F0E] D3D Adapter: Revision = 0
<11:37:11> [E571CFEE] Shader manager initialization
<11:37:12> [05BAAEF6] CResFile allocations incurred by user cache preload: (16740.67k)
<11:37:12> [911B73B8] Renderer initialization - Done
<11:37:12> [8E444EA9] Console initialization
<11:37:12> [2904A233] Time initialization
<11:37:12> [3650CFD6] Input initialization
<11:37:12> [BA0D559B] Splash: Initializing Input System...
<11:37:12> Initializing Keyboard
<11:37:12> [99640BF1] Sound initialization
<11:37:12> [BA0D559B] Splash: Initializing Sound System...
<11:37:12> [2C33885C] Sound - Initializing AudioDevice now!
<11:37:12> [E46760A9] <Sound> Initialize FMOD with dynamic memory callbacks
<11:37:14> [D6755BFD] <Sound> Starting to initialize Windows Audio Session API output! 
<11:37:14> [F7E8E3CD] <Sound> Drivers found: 5
<11:37:14> [5076AD4B] <Sound> Available drivers:
	1.	PulseAudio Output (PulseAudio Output)
	2.	Blue Microphones Analog Stereo (Blue Microphones Analog Stereo)
	3.	Wireless Controller (Wireless Controller)
	4.	Navi 31 HDMI/DP Audio Digital Stereo (HDMI) (Navi 31 HDMI/DP Audio Digital Stereo (HDMI))
	5.	Family 17h/19h/1ah HD Audio Controller Analog Stereo (Family 17h/19h/1ah HD Audio Controller Analog Stereo)
<11:37:14> [A0BBF7E1] <Sound> FmodEx-AudioDevice: Now running on driver: PulseAudio Output (PulseAudio Output)
<11:37:14> [14D8EFE1] <Sound> Using speaker mode: FMOD_SPEAKERMODE_STEREO
<11:37:14> [E79C27E5] <Sound> Initializing FMOD-EX now!
<11:37:14> [E2A9FE08] <Sound> Available record drivers: 0 PulseAudio Input (PulseAudio Input) !
<11:37:14> [E2A9FE08] <Sound> Available record drivers: 1 Family 17h/19h/1ah HD Audio Controller Analog Stereo (Family 17h/19h/1ah HD Audio Controller Analog Stereo) !
<11:37:14> [E2A9FE08] <Sound> Available record drivers: 2 Wireless Controller (Wireless Controller) !
<11:37:14> [E2A9FE08] <Sound> Available record drivers: 3 Blue Microphones Analog Stereo (Blue Microphones Analog Stereo) !
<11:37:14> [E2A9FE08] <Sound> Available record drivers: 4 Monitor of Family 17h/19h/1ah HD Audio Controller (Monitor of Family 17h/19h/1ah HD Audio Controller) !
<11:37:14> [E2A9FE08] <Sound> Available record drivers: 5 Monitor of Blue Microphones Analog Stereo (Monitor of Blue Microphones Analog Stereo) !
<11:37:14> [E2A9FE08] <Sound> Available record drivers: 6 Wireless Controller (Wireless Controller) !
<11:37:14> [E2A9FE08] <Sound> Available record drivers: 7 Monitor of Navi 31 HDMI/DP Audio Digital Stereo (HDMI) (Monitor of Navi 31 HDMI/DP Audio Digital Stereo (HDMI)) !
<11:37:14> [6841BE38] <Sound> Record config is set to autodetect using record driver 0
<11:37:14> [7808B4C4] <Sound> Using FMOD version: 00044414 and internal 00044414!
<11:37:14> [2A2815C7] <Sound> Initialized FMOD-EX
<11:37:14> [BE4EF52E] Sound - Initializing SoundSystem now!
<11:37:14> [0D547471] Font initialization
<11:37:14> [BA0D559B] Splash: Initializing Fonts...
<11:37:14> [C194F7C8][Warning] Cannot load texture textures/defaults/replacemecm.tif, file missing [File=textures/defaults/replacemecm.dds]
<11:37:14> [84206398] AI initialization
<11:37:14> [1BC221DE] Initializing Animation System
<11:37:14> [BA0D559B] Splash: Initializing Animation System...
<11:37:14> [9E592EFE] Initializing 3D Engine
<11:37:14> [BA0D559B] Splash: Initializing 3D Engine...
<11:37:15> [637AF710][Warning] missing chr material : game/objects/characters/ferre/female/nude/Standard_22.mtl (chr: game/objects/characters/ferre/female/nude/fe_f_base.chr)
<11:37:15> [91F5AEEC][Warning] number of bones mismatch! game/objects/characters/ferre/female/nude/fe_f_base.chr=195 game/objects/characters/ferre/female/nude/fe_f_base_lod1.chr=185
<11:37:16> [7415A452] CHR PreCaching 25 Done
<11:37:16> [E7AD4E53] AddSharedMorphTargets - Failed to load objects/characters/dwarf/male/face/dw_m_face00.chr
<11:37:16> [61AD1790] MorphTargetPreCaching - objects/characters/dwarf/male/face/dw_m_face00.chr Add Failed
<11:37:16> [A4A6E4C6] MorphTarget PreCaching 11 Done
<11:37:16> [5ACB40E2] Init Face Makers
<11:37:16> [56B5985B] X2FaceMaker - game/objects/characters/nuian/male/face/nu_m_face01_mid.chr : mouth_UnderbiteOverbite target not exist
<11:37:16> [56B5985B] X2FaceMaker - game/objects/characters/nuian/male/face/nu_m_face01_mid.chr : mouth_UnderbiteOverbite target not exist
<11:37:16> [56B5985B] X2FaceMaker - game/objects/characters/nuian/male/face/nu_m_face01_mid.chr : mouth_UnderbiteOverbite target not exist
<11:37:16> [4ABB03EB] game/objects/characters/ferre/female/face/fe_f_face01_low.chr(303) - objects/characters/ferre/female/face/fe_f_face00.chr(3063) SharedMorph is not matched
<11:37:16> [56B5985B] X2FaceMaker - game/objects/characters/nuian/male/face/nu_m_face01_mid.chr : mouth_UnderbiteOverbite target not exist
<11:37:16> [56B5985B] X2FaceMaker - game/objects/characters/nuian/male/face/nu_m_face01_mid.chr : nose_dw_SeptumVol target not exist
<11:37:16> [56B5985B] X2FaceMaker - game/objects/characters/nuian/male/face/nu_m_face01_mid.chr : nose_dw_NasalZposition target not exist
<11:37:16> [56B5985B] X2FaceMaker - game/objects/characters/nuian/male/face/nu_m_face01_mid.chr : FS_dwEarSize target not exist
<11:37:16> [56B5985B] X2FaceMaker - game/objects/characters/nuian/male/face/nu_m_face01_mid.chr : dwarf_Morph target not exist
<11:37:16> [56B5985B] X2FaceMaker - game/objects/characters/nuian/male/face/nu_m_face01_mid.chr : FS_dw_CheekMeat_min target not exist
<11:37:16> [1191A6A8] X2FaceMaker - game/objects/characters/nuian/male/face/nu_m_face01_mid.chr : FS_dw_CheekMeat_max ex target not exist
<11:37:16> [56B5985B] X2FaceMaker - game/objects/characters/warborn/male/face/wa_m_face01_mid.chr : eye_Forehead target not exist
<11:37:16> [56B5985B] X2FaceMaker - game/objects/characters/warborn/male/face/wa_m_face01_mid.chr : eye_Tail_min target not exist
<11:37:16> [1191A6A8] X2FaceMaker - game/objects/characters/warborn/male/face/wa_m_face01_mid.chr : eye_Tail_max ex target not exist
<11:37:16> [56B5985B] X2FaceMaker - game/objects/characters/warborn/male/face/wa_m_face01_mid.chr : eye_WidthLength_min target not exist
<11:37:16> [1191A6A8] X2FaceMaker - game/objects/characters/warborn/male/face/wa_m_face01_mid.chr : eye_WidthLength_max ex target not exist
<11:37:16> [56B5985B] X2FaceMaker - game/objects/characters/warborn/male/face/wa_m_face01_mid.chr : eye_DoubleEyelidShape target not exist
<11:37:16> [56B5985B] X2FaceMaker - game/objects/characters/warborn/male/face/wa_m_face01_mid.chr : eye_BrowXposition target not exist
<11:37:16> [56B5985B] X2FaceMaker - game/objects/characters/warborn/male/face/wa_m_face01_mid.chr : eye_BrowZposition target not exist
<11:37:16> [56B5985B] X2FaceMaker - game/objects/characters/warborn/male/face/wa_m_face01_mid.chr : nose_Nostril target not exist
<11:37:16> [56B5985B] X2FaceMaker - game/objects/characters/warborn/male/face/wa_m_face01_mid.chr : nose_Size target not exist
<11:37:16> [56B5985B] X2FaceMaker - game/objects/characters/warborn/male/face/wa_m_face01_mid.chr : nose_SeptumZposition target not exist
<11:37:16> [56B5985B] X2FaceMaker - game/objects/characters/warborn/male/face/wa_m_face01_mid.chr : nose_End target not exist
<11:37:16> [56B5985B] X2FaceMaker - game/objects/characters/warborn/male/face/wa_m_face01_mid.chr : nose_Size target not exist
<11:37:16> [56B5985B] X2FaceMaker - game/objects/characters/warborn/male/face/wa_m_face01_mid.chr : mouth_UpperLipVolume target not exist
<11:37:16> [56B5985B] X2FaceMaker - game/objects/characters/warborn/male/face/wa_m_face01_mid.chr : mouth_LowerLipVolume target not exist
<11:37:16> [56B5985B] X2FaceMaker - game/objects/characters/warborn/male/face/wa_m_face01_mid.chr : mouth_UpperLipOpen target not exist
<11:37:16> [56B5985B] X2FaceMaker - game/objects/characters/warborn/male/face/wa_m_face01_mid.chr : mouth_LowerLipOpen target not exist
<11:37:16> [56B5985B] X2FaceMaker - game/objects/characters/warborn/male/face/wa_m_face01_mid.chr : mouth_MouthOpen target not exist
<11:37:16> [56B5985B] X2FaceMaker - game/objects/characters/warborn/male/face/wa_m_face01_mid.chr : mouth_Size target not exist
<11:37:16> [56B5985B] X2FaceMaker - game/objects/characters/warborn/male/face/wa_m_face01_mid.chr : mouth_Shape_min target not exist
<11:37:16> [1191A6A8] X2FaceMaker - game/objects/characters/warborn/male/face/wa_m_face01_mid.chr : mouth_Shape_max ex target not exist
<11:37:16> [56B5985B] X2FaceMaker - game/objects/characters/warborn/male/face/wa_m_face01_mid.chr : mouth_TeethZposition target not exist
<11:37:16> [56B5985B] X2FaceMaker - game/objects/characters/warborn/male/face/wa_m_face01_mid.chr : FS_JawHigh_min target not exist
<11:37:16> [1191A6A8] X2FaceMaker - game/objects/characters/warborn/male/face/wa_m_face01_mid.chr : FS_JawHigh_max ex target not exist
<11:37:16> [56B5985B] X2FaceMaker - game/objects/characters/warborn/male/face/wa_m_face01_mid.chr : FS_EarRotate_min target not exist
<11:37:16> [1191A6A8] X2FaceMaker - game/objects/characters/warborn/male/face/wa_m_face01_mid.chr : FS_EarRotate_max ex target not exist
<11:37:16> [56B5985B] X2FaceMaker - game/objects/characters/warborn/male/face/wa_m_face01_mid.chr : FS_Beard1 target not exist
<11:37:16> [56B5985B] X2FaceMaker - game/objects/characters/warborn/male/face/wa_m_face01_mid.chr : FS_Beard2 target not exist
<11:37:16> [56B5985B] X2FaceMaker - game/objects/characters/warborn/male/face/wa_m_face01_mid.chr : FS_Beard3 target not exist
<11:37:16> [56B5985B] X2FaceMaker - game/objects/characters/warborn/female/face/wa_f_face01_mid.chr : eye_Yposition_min target not exist
<11:37:16> [1191A6A8] X2FaceMaker - game/objects/characters/warborn/female/face/wa_f_face01_mid.chr : eye_Yposition_max ex target not exist
<11:37:16> [56B5985B] X2FaceMaker - game/objects/characters/warborn/female/face/wa_f_face01_mid.chr : FS_AllLowerY target not exist
<11:37:16> [56B5985B] X2FaceMaker - game/objects/characters/warborn/female/face/wa_f_face01_mid.chr : FS_AllRotate target not exist
<11:37:16> [56B5985B] X2FaceMaker - game/objects/characters/warborn/female/face/wa_f_face01_mid.chr : FS_AllY target not exist
<11:37:16> [56B5985B] X2FaceMaker - game/objects/characters/warborn/female/face/wa_f_face01_mid.chr : mouth_Open_min target not exist
<11:37:16> [1191A6A8] X2FaceMaker - game/objects/characters/warborn/female/face/wa_f_face01_mid.chr : mouth_Open_max ex target not exist
<11:37:16> [E320B5CE] Init Face Makers - Done!
<11:37:16> [581CA53C] Script System Initialization
<11:37:16> [BA0D559B] Splash: Initializing Script System...
<11:37:16> [000004EE][Warning] [Lua Error] 1_3_0/scripts/common.lua:276: attempt to index global 'Script' (a nil value)
<11:37:16> [58F3F7FF][Warning] <null>:0: [Lua Error] Failed to execute file @game/scriptsbin/common.alb
<11:37:16> [D8B2BA54] Entity system initialization
<11:37:16> [BA0D559B] Splash: Initializing Entity System...
<11:37:16> [D55F91B2][Warning] [CEntityClassRegistry] LoadClassDescription failed, Entity Class name Chick already registered
<11:37:16> [BA0D559B] Splash: Initializing AI System...
<11:37:16> [DA019954] Initializing AI System
<11:37:16> [2546BCC5] Initializing Budgeting System
<11:37:16> [C0E19025] Initializing Seamless System
<11:37:17> [BA0D559B] Splash: Loading Game Data...
<11:37:19> [90B8EC50][Warning] too many ranges: aoe_shapes descs 10156(10156) threshold 100 ranges 12
<11:37:19> [BA4AD6CE] Loading portal list
<11:37:19> [92597454] Portal added, enter: 3891, exit: 6629
<11:37:19> [92597454] Portal added, enter: 21448, exit: 21449
<11:37:19> [92597454] Portal added, enter: 21450, exit: 21451
<11:37:19> [92597454] Portal added, enter: 21452, exit: 21453
<11:37:19> [92597454] Portal added, enter: 21698, exit: 21699
<11:37:19> [92597454] Portal added, enter: 22023, exit: 22024
<11:37:19> [92597454] Portal added, enter: 22042, exit: 22066
<11:37:19> [92597454] Portal added, enter: 22136, exit: 22137
<11:37:19> [92597454] Portal added, enter: 22163, exit: 22164
<11:37:19> [92597454] Portal added, enter: 22184, exit: 22185
<11:37:19> [92597454] Portal added, enter: 22336, exit: 22337
<11:37:19> [92597454] Portal added, enter: 9000063, exit: 9000064
<11:37:19> [1C664009] End loading portal list
<11:37:19> [937812F7] loaded DDCMS (1396969 descs, 719156 links (17 page 16.95MB size) string) from game\db\compact.sqlite3 in 1494 ms
<11:37:19> [BA0D559B] Splash: Initializing Game System...
<11:37:19> [000004EE][Warning] [Lua Error] no localized ui text for 18 always_refund
<11:37:20> [0ADE3294][Warning] [MFX] Effect 'collisions:grenade' already present. Overriding.
<11:37:20> [311630D1][Warning] MFX WARNING: Material not found: mat_ice_breakable
<11:37:20>  
<11:37:20>    sys_spec = Custom (assuming 4)
<11:37:20>      option_anti_aliasing = 2 expected:3
<11:37:20>  
<11:37:20> [BA0D559B] Splash: Preparing Screen...
<11:37:20> [963385F6] Level System - Loading Start
<11:37:21> [806B6F8D] precaching world entities ..
<11:37:21> [7E39E0DE] precaching world entities .. done!  total (0) objects
<11:37:21> [D2B280D6] Vegetation Manager : Loading World(login2)
<11:37:21> [075AB92F] Vegetation Manager : Loading World - Done (total 36 vegetations)
<11:37:21> [B9410AA1] total 20 terrain world surfaces loaded
<11:37:21> Loading Particle Library: collisions
<11:37:21> Loading Particle Library: water
<11:37:21> Loading Particle Library: misc
<11:37:21> Loading Particle Library: ability_skill_table
<11:37:21> Loading Particle Library: ability_skill_table_k
<11:37:21> Loading Particle Library: abillity_skill_table_m
<11:37:21> Loading Particle Library: machinima
<11:37:21> Loading Particle Library: x2_effects
<11:37:21> Loading Particle Library: x2_effects_k
<11:37:22> [280A47E3] Precached total 2 materials
<11:37:22> [7B1A973B] seamless loading cell terrain(W0, 1), (L0, 0)
<11:37:22> [3EF08C47] seamless loading cell object(W0, 1), (L0, 0)
<11:37:22> [584C4FFD] [net 15:37:11.106]  dns ip:192.168.1.202
<11:37:22> [584C4FFD] [net 15:37:11.106]  dns ip:172.19.0.1
<11:37:22> [584C4FFD] [net 15:37:11.106]  dns ip:172.17.0.1
<11:37:22> [584C4FFD] [net 15:37:11.106]  dns ip:172.18.0.1
<11:37:22> [0DE3FA89][Error] CryAnimation: character-definition creation failed: game/objects/characters/elf/female/nude/el_f_kyprosa.cdf
<11:37:22> [13A58BA0][Error] CryAnimation: character-definition not found: game/objects/characters/elf/female/nude/el_f_kyprosa.cdf
<11:37:22> [4DD44108] Start DaruCommon Extension
<11:37:22> [1B425DA5] Duplicated post effect param! pszName = FilterMaskedBlurring_Amount
<11:37:22> [1B425DA5] Duplicated post effect param! pszName = FilterMaskedBlurring_MaskTexName
<11:37:22> [1B425DA5] Duplicated post effect param! pszName = FilterChromaShift_User_Amount
<11:37:22> [1B425DA5] Duplicated post effect param! pszName = FilterGrain_Amount
<11:37:22> [8F6BAA6C][Warning] Couldn't find console variable 'e_water_ocean_fft'
<11:37:22> Loading Particle Library: wind
<11:37:22> Loading Particle Library: X2_EFFECT_O
<11:37:22> [000004EE][Warning] Particle effect not found: '                                                                ', from ParticleEffect fx_land_green
<11:37:22> [12409CCC] Load Zone Finished
<11:37:22> [A39C1725] Level System - Loading Complete
<11:37:22> [27293DED] -----------------------------------------------------
<11:37:22> [120C18F5] * LOADING: 'loginbg4' loading time: 1.76 seconds
<11:37:22> [27293DED] -----------------------------------------------------
<11:37:22> [000004EE][Warning] [Lua Error] no client player exists
<11:37:22> [A13C772D][Warning] Cannot load texture ui/font_color.g, Image file format is invalid [File=ui/font_color.g]
<11:37:22> [000FABC5][Warning] CAreaGrid::BeginAreas() called before being initialized.
<11:37:30> [11E02DA3][Warning] Cannot load texture textures/defaults/16_12.dds, file missing [File=textures/defaults/16_12.dds]
<11:37:31> [1D01FDCA] Auth: client connected to server
<11:37:31> [584C4FFD] [net 15:37:31.968]  socket ip:192.168.1.202
<11:37:31> [4C920A71] mac address : 74-56-3c-fe-52-f3
<11:37:33> [A13C772D][Warning] Cannot load texture ui/font_color.g, Image file format is invalid [File=ui/font_color.g]
<11:37:42> [7CC1A260] Save Game Option
<11:37:42> [D2121932] Change resolution: 2560x1440x32 (Fullscreen)
<11:37:42> [FD3FC76F] resetting terrain texture cache
<11:37:42> [FD3FC76F] resetting terrain texture cache
<11:37:42> [583D6F38] Final resolution: 2560x1440x32 (Fullscreen)
<11:37:42> [9FC303B8][Error] [CVARS]: [DUPLICATE] CXConsole::RegisterFloat(): variable [ui_double_click_interval] is already registered
<11:37:42> [000004EE][Warning] [Lua Error] no localized ui text for 18 always_refund
<11:37:42> [000004EE][Warning] [Lua Error] no client player exists
<11:37:42> [09F46B9D]     cl_fov = 90 []
<11:37:42> [09F46B9D]     camera_max_dist = 180 []
<11:37:42> [73861D69] Unknown command: name_tag_hp_width_on_bgmode 80
<11:37:42> [73861D69] Unknown command: name_tag_hp_height_on_bgmode 30
<11:37:42> [A13C772D][Warning] Cannot load texture ui/font_color.g, Image file format is invalid [File=ui/font_color.g]
<11:37:42> [247165BA][Warning] Cannot load texture ui/login_stage/background/game_information.dds, file missing [File=ui/login_stage/background/game_information.dds]
<11:37:47> [7CC1A260] Save Game Option
<11:37:47> [D2121932] Change resolution: 2560x1440x32 (Windowed)
<11:37:47> [FD3FC76F] resetting terrain texture cache
<11:37:47> [FD3FC76F] resetting terrain texture cache
<11:37:47> [583D6F38] Final resolution: 2560x1440x32 (Windowed)
<11:37:47> [9FC303B8][Error] [CVARS]: [DUPLICATE] CXConsole::RegisterFloat(): variable [ui_double_click_interval] is already registered
<11:37:47> [000004EE][Warning] [Lua Error] no localized ui text for 18 always_refund
<11:37:47> [000004EE][Warning] [Lua Error] no client player exists
<11:37:47> [09F46B9D]     cl_fov = 90 []
<11:37:47> [09F46B9D]     camera_max_dist = 180 []
<11:37:47> [73861D69] Unknown command: name_tag_hp_width_on_bgmode 80
<11:37:47> [73861D69] Unknown command: name_tag_hp_height_on_bgmode 30
<11:37:47> [A13C772D][Warning] Cannot load texture ui/font_color.g, Image file format is invalid [File=ui/font_color.g]
<11:37:47> [247165BA][Warning] Cannot load texture ui/login_stage/background/game_information.dds, file missing [File=ui/login_stage/background/game_information.dds]
<11:37:55> [7CC1A260] Save Game Option
<11:37:55> [D2121932] Change resolution: 2560x1440x32 (Windowed)
<11:37:55> [FD3FC76F] resetting terrain texture cache
<11:37:55> [FD3FC76F] resetting terrain texture cache
<11:37:55> [B0F7CF3E] Window Rect 9, 29, 2560x1440, 2560x1440
<11:37:55> [583D6F38] Final resolution: 2554x1408x32 (Windowed)
<11:37:56> [9FC303B8][Error] [CVARS]: [DUPLICATE] CXConsole::RegisterFloat(): variable [ui_double_click_interval] is already registered
<11:37:56> [000004EE][Warning] [Lua Error] no localized ui text for 18 always_refund
<11:37:56> [000004EE][Warning] [Lua Error] no client player exists
<11:37:56> [09F46B9D]     cl_fov = 90 []
<11:37:56> [09F46B9D]     camera_max_dist = 180 []
<11:37:56> [73861D69] Unknown command: name_tag_hp_width_on_bgmode 80
<11:37:56> [73861D69] Unknown command: name_tag_hp_height_on_bgmode 30
<11:37:56> [A13C772D][Warning] Cannot load texture ui/font_color.g, Image file format is invalid [File=ui/font_color.g]
<11:37:56> [247165BA][Warning] Cannot load texture ui/login_stage/background/game_information.dds, file missing [File=ui/login_stage/background/game_information.dds]
<11:38:07> [584C4FFD] [net 15:38:07.773] connection requested to: 192.95.21.64:1239
<11:38:07> [4ABA7BDB] Auth: client disconnected (reason=0)
<11:38:07> [0F08E548] [NetConnection] connect completed (succeeded:true)
<11:38:07> [48F7BDF2] invalid world id in world queue packet
<11:38:08> [26623ECA] ucc info.. 0 0
<11:38:08> [B71BF2A9] remove ucc data.. version
<11:38:08> [4516816D] pay method: person
<11:38:08> [4AA30841] pay location: person
<11:38:08> [ADF1C07E] pay start: 1900-1-1 00:00:00
<11:38:08> [6486A277] pay end: 1900-1-1 00:00:00
<11:38:08> [FFF6198C] premium point: 0
<11:38:08> [481C0862] premium grade: premium_0
<11:38:08> [88D9AB0C] real pay time: 0
<11:38:08> [9FC303B8][Error] [CVARS]: [DUPLICATE] CXConsole::RegisterFloat(): variable [camera_max_dist] is already registered
<11:38:08> [34CCC219] stream: connected to world server
<11:38:08> [06A46B5B] stream: authorized by world server
<11:38:08> [4516816D] pay method: person
<11:38:08> [4AA30841] pay location: person
<11:38:08> [ADF1C07E] pay start: 1900-1-1 00:00:00
<11:38:08> [6486A277] pay end: 2037-12-31 16:00:00
<11:38:08> [FFF6198C] premium point: 0
<11:38:08> [481C0862] premium grade: premium_0
<11:38:08> [88D9AB0C] real pay time: -1
<11:38:08> [82321C2B][Warning] [net 15:38:08.568] [time] remote time estimation restarted; estimate accumulator age was 7376.431152
<11:38:10> [000004EE][Warning] [Lua Error] no localized ui text for 18 always_refund
<11:38:10> [09F46B9D]     cl_fov = 90 []
<11:38:10> [09F46B9D]     camera_max_dist = 180 []
<11:38:10> [09F46B9D]     name_tag_hp_width_on_bgmode = 80 []
<11:38:10> [09F46B9D]     name_tag_hp_height_on_bgmode = 30 []
<11:38:10> [A13C772D][Warning] Cannot load texture ui/font_color.g, Image file format is invalid [File=ui/font_color.g]
<11:38:10> [06E6A3E9][Warning] Cannot load texture ui/login_stage/queue.dds, file missing [File=ui/login_stage/queue.dds]
<11:38:10> [000004EE][Warning] RenderMesh not assigned game/objects/box_nodraw.cgf
<11:38:25> [DA579B6C][Error] can't load client driven connect info.. Kompy
<11:38:30> [9FC303B8][Error] [CVARS]: [DUPLICATE] CXConsole::RegisterFloat(): variable [ui_double_click_interval] is already registered
<11:38:30> [000004EE][Warning] [Lua Error] no localized ui text for 18 always_refund
<11:38:30> [0DE3FA89][Error] CryAnimation: character-definition creation failed: game/objects/characters/returned/female/nude/re_f.cdf
<11:38:31> [6FF68EA5] SetInstantTime: type 0 time 0
<11:38:31> [6FF68EA5] SetInstantTime: type 1 time 0
<11:38:31> [6FF68EA5] SetInstantTime: type 2 time 0
<11:38:31> [6FF68EA5] SetInstantTime: type 3 time 0
<11:38:31> [6FF68EA5] SetInstantTime: type 4 time 0
<11:38:31> [6FF68EA5] SetInstantTime: type 5 time 0
<11:38:31> [6FF68EA5] SetInstantTime: type 6 time 0
<11:38:31> [6FF68EA5] SetInstantTime: type 7 time 0
<11:38:31> [82321C2B][Warning] [net 15:38:31.215] [time] remote time estimation restarted; estimate accumulator age was 3.801346
<11:38:31> [0E61BD35] ExpeditionMember 20 added
<11:38:31> [0E61BD35] ExpeditionMember 20 added
<11:38:31> [0E61BD35] ExpeditionMember 5 added
<11:38:31> [1EBA13B3][Warning] count not matched; total=71; size=45
<11:38:31> [966861E8][Warning] GetAllPolicies empty
<11:38:31> [67B7DD8A][Warning] my ExpeditionMemberDesc not exist
<11:38:31> [7AB931CE] seamless unloading cell object(W0, 0), (L0, 0)
<11:38:31> [4B1E8B22] unload cell object count : 1511
<11:38:31> [B866A294] seamless unloading cell terrain(W0, 0), (L0, 0)
<11:38:31> [963385F6] Level System - Loading Start
<11:38:31> [E0E0EDAE][Warning] failed to load zone time of day from game/worlds/main_world/zone/225//time_of_day.xml
<11:38:31> [AB17243B][Warning] failed to load zone environment from game/worlds/main_world/zone/309//env.xml
<11:38:31> [35D4413E][Warning] failed to load zone clouds from game/worlds/main_world/zone/309//clouds.xml
<11:38:31> [806B6F8D] precaching world entities ..
<11:38:31> [7E39E0DE] precaching world entities .. done!  total (1778) objects
<11:38:31> [D2B280D6] Vegetation Manager : Loading World(main_world)
<11:38:32> [075AB92F] Vegetation Manager : Loading World - Done (total 3055 vegetations)
<11:38:32> [000004EE][Error] CTerrain::LoadWorldSurfaces: Error loading material: materials/Terrain/gweonidforest/w_forest_road_a1
<11:38:32> [59CBED13][Warning] Cannot load texture textures/aa_terrain/canyon/tr_canyon_rock3d_405a_ddn.dds, file missing [File=textures/aa_terrain/canyon/tr_canyon_rock3d_405a_ddn.dds]
<11:38:32> [751FFB9E][Warning] Error: CShaderMan::mfCreateShaderResources: Couldn't find detail texture
'game/textures/aa_terrain/canyon/tr_canyon_rock_616a_ddn.tga' in path '' [File=game/textures/aa_terrain/canyon/tr_canyon_rock_616a_ddn.tga]
<11:38:33> [B9410AA1] total 600 terrain world surfaces loaded
<11:38:33> [280A47E3] Precached total 4 materials
<11:38:33> [7B1A973B] seamless loading cell terrain(W21, 5), (L4, 4)
<11:38:33> [7B1A973B] seamless loading cell terrain(W22, 5), (L5, 4)
<11:38:33> [7B1A973B] seamless loading cell terrain(W21, 4), (L4, 3)
<11:38:33> [7B1A973B] seamless loading cell terrain(W22, 4), (L5, 3)
<11:38:33> [7B1A973B] seamless loading cell terrain(W21, 6), (L4, 5)
<11:38:33> [7B1A973B] seamless loading cell terrain(W22, 6), (L5, 5)
<11:38:33> [7B1A973B] seamless loading cell terrain(W20, 5), (L3, 4)
<11:38:33> [7B1A973B] seamless loading cell terrain(W20, 4), (L3, 3)
<11:38:33> [7B1A973B] seamless loading cell terrain(W23, 5), (L6, 4)
<11:38:33> [7B1A973B] seamless loading cell terrain(W23, 4), (L6, 3)
<11:38:33> [7B1A973B] seamless loading cell terrain(W20, 6), (L3, 5)
<11:38:33> [7B1A973B] seamless loading cell terrain(W21, 3), (L4, 2)
<11:38:33> [7B1A973B] seamless loading cell terrain(W22, 3), (L5, 2)
<11:38:33> [7B1A973B] seamless loading cell terrain(W23, 6), (L6, 5)
<11:38:33> [7B1A973B] seamless loading cell terrain(W21, 7), (L4, 6)
<11:38:33> [7B1A973B] seamless loading cell terrain(W22, 7), (L5, 6)
<11:38:33> [7B1A973B] seamless loading cell terrain(W20, 3), (L3, 2)
<11:38:33> [7B1A973B] seamless loading cell terrain(W19, 5), (L2, 4)
<11:38:33> [7B1A973B] seamless loading cell terrain(W23, 3), (L6, 2)
<11:38:33> [7B1A973B] seamless loading cell terrain(W19, 4), (L2, 3)
<11:38:33> [7B1A973B] seamless loading cell terrain(W20, 7), (L3, 6)
<11:38:33> [7B1A973B] seamless loading cell terrain(W24, 5), (L7, 4)
<11:38:33> [7B1A973B] seamless loading cell terrain(W19, 6), (L2, 5)
<11:38:33> [7B1A973B] seamless loading cell terrain(W23, 7), (L6, 6)
<11:38:33> [7B1A973B] seamless loading cell terrain(W24, 4), (L7, 3)
<11:38:33> [7B1A973B] seamless loading cell terrain(W21, 2), (L4, 1)
<11:38:33> [7B1A973B] seamless loading cell terrain(W24, 6), (L7, 5)
<11:38:33> [7B1A973B] seamless loading cell terrain(W22, 2), (L5, 1)
<11:38:33> [7B1A973B] seamless loading cell terrain(W19, 3), (L2, 2)
<11:38:33> [7B1A973B] seamless loading cell terrain(W20, 2), (L3, 1)
<11:38:33> [7B1A973B] seamless loading cell terrain(W24, 3), (L7, 2)
<11:38:33> [7B1A973B] seamless loading cell terrain(W21, 8), (L4, 7)
<11:38:33> [7B1A973B] seamless loading cell terrain(W19, 7), (L2, 6)
<11:38:33> [7B1A973B] seamless loading cell terrain(W22, 8), (L5, 7)
<11:38:33> [7B1A973B] seamless loading cell terrain(W23, 2), (L6, 1)
<11:38:33> [7B1A973B] seamless loading cell terrain(W18, 5), (L1, 4)
<11:38:33> [7B1A973B] seamless loading cell terrain(W24, 7), (L7, 6)
<11:38:33> [7B1A973B] seamless loading cell terrain(W20, 8), (L3, 7)
<11:38:33> [7B1A973B] seamless loading cell terrain(W18, 4), (L1, 3)
<11:38:33> [7B1A973B] seamless loading cell terrain(W23, 8), (L6, 7)
<11:38:33> [7B1A973B] seamless loading cell terrain(W18, 6), (L1, 5)
<11:38:33> [7B1A973B] seamless loading cell terrain(W19, 2), (L2, 1)
<11:38:33> [7B1A973B] seamless loading cell terrain(W21, 1), (L4, 0)
<11:38:33> [7B1A973B] seamless loading cell terrain(W24, 2), (L7, 1)
<11:38:33> [7B1A973B] seamless loading cell terrain(W18, 3), (L1, 2)
<11:38:33> [7B1A973B] seamless loading cell terrain(W22, 1), (L5, 0)
<11:38:33> [7B1A973B] seamless loading cell terrain(W19, 8), (L2, 7)
<11:38:33> [3EF08C47] seamless loading cell object(W21, 5), (L4, 4)
<11:38:33> Loading Particle Library: X2_EFFECTS_P
<11:38:34> [000004EE][Warning] Particle effect not found: 'X2_EFFECTS.e_effect.smoke_slow', from ParticleEffect ParticleEffect_2760
<11:38:34> [3EF08C47] seamless loading cell object(W22, 5), (L5, 4)
<11:38:34> [3EF08C47] seamless loading cell object(W21, 4), (L4, 3)
<11:38:34> [3EF08C47] seamless loading cell object(W22, 4), (L5, 3)
<11:38:34> [3EF08C47] seamless loading cell object(W21, 6), (L4, 5)
<11:38:34> [000004EE][Warning] [CGF Error] game/objects/env/02_harihara/001_hcom/hcom_cart_b.cgf [:] LOD1 of geometry hcom_cart_b contains too many polygons comparing to the LOD0 [770 against 1114] :
<11:38:34> [A5DDEC33][Warning] Warning: CShaderMan::mfForName: NULL name
<11:38:34> [3EF08C47] seamless loading cell object(W22, 6), (L5, 5)
<11:38:34> [3EF08C47] seamless loading cell object(W20, 5), (L3, 4)
<11:38:34> [000004EE][Warning] [CGF Error] game/objects/env/01_nuia/001_housing/housing_people/hs_people_roof_a.cgf [:] Duplicate LOD helper $lod2 hs_people_roof_a
<11:38:35> Loading Particle Library: x2_sounds
<11:38:35> [000004EE][Warning] [CGF Error] game/objects/env/01_nuia/001_housing/housing_guild/nuia_h_guild_door_b_back.cga [:] non-uniform scale(1.00, 1.39, 1.00) at node(nuia_h_guild_door_b01_back)
<11:38:35> [3EF08C47] seamless loading cell object(W20, 4), (L3, 3)
<11:38:35> [3EF08C47] seamless loading cell object(W23, 5), (L6, 4)
<11:38:35> [3EF08C47] seamless loading cell object(W23, 4), (L6, 3)
<11:38:35> [3EF08C47] seamless loading cell object(W20, 6), (L3, 5)
<11:38:35> [3EF08C47] seamless loading cell object(W21, 3), (L4, 2)
<11:38:35> [3EF08C47] seamless loading cell object(W22, 3), (L5, 2)
<11:38:35> [3EF08C47] seamless loading cell object(W23, 6), (L6, 5)
<11:38:35> [3EF08C47] seamless loading cell object(W21, 7), (L4, 6)
<11:38:35> [000004EE][Warning] [CGF Error] game/objects/env/02_harihara/03_ti/ti_factorymain_a.cga [:] Invalid BBox : has Invalid BBox node(Object32)
<11:38:35> [3EF08C47] seamless loading cell object(W22, 7), (L5, 6)
<11:38:35> [745BAE2F][Warning] failed to stream material xml(game/rock_06.mtl)
<11:38:36> [3EF08C47] seamless loading cell object(W20, 3), (L3, 2)
<11:38:36> [3EF08C47] seamless loading cell object(W19, 5), (L2, 4)
<11:38:36> [000004EE][Warning] [CGF Error] game/objects/env/02_harihara/04_su/su_incinerator_tower_b.cgf [:] LOD1 of geometry  contains too many polygons comparing to the LOD0 [742 against 1060] :
<11:38:36> [3EF08C47] seamless loading cell object(W23, 3), (L6, 2)
<11:38:36> [3EF08C47] seamless loading cell object(W19, 4), (L2, 3)
<11:38:36> [3EF08C47] seamless loading cell object(W20, 7), (L3, 6)
<11:38:36> [12409CCC] Load Zone Finished
<11:38:36> [000004EE][Warning] I3DEngine::RegisterEntity: entity reports invalid position: Name: LightEntityName (), Class: LightEntityClass, Pos=(6411.5,2342.7,2816.1), aabb center=(142.0,1019.8,-2.3)
<11:38:36> [82321C2B][Warning] [net 15:38:36.479] [time] remote time estimation restarted; estimate accumulator age was 5.199671
<11:38:36> [C5B7BE3D][Warning] Failed to initialize Irradiance Volume: Insufficient video memory
<11:38:36> [2363981C][Warning] chr material is not precached : game/objects/characters/animals/cow/cow_white.mtl (chr: game/objects/characters/animals/cow/cow_white.chr)
<11:38:36> [CE2F4035][Warning] chr physical geom is not precached. (game/objects/characters/animals/cow/cow_white.chr)
<11:38:36> [676D2B24][Warning] non-cached LMG xml. (animations/animals/cow/lmg_files/normal_walk.lmg)
<11:38:36> [C53E6FFE][Warning] non cached CDF material(objects/Characters/animals/elk_baby/elk_baby_white.mtl, game/objects/characters/animals/elk_baby/elk_baby_white.cdf)
<11:38:36> [5CE4EF2C][Warning] failed to load particle lib from (Libs/Particles/game/abillity_skill_table_m.xml)
<11:38:36> [000004EE][Warning] Particle effect not found: 'game/abillity_skill_table_m.wild.shock_form2', from unknown 
<11:38:36> [2BFDEC33][Error] realstep 8, not match unit req
<11:38:36> [A39C1725] Level System - Loading Complete
<11:38:36> [9BE3F673] total 0 CGF files are precached
<11:38:37> [27293DED] -----------------------------------------------------
<11:38:37> [120C18F5] * LOADING: 'e_sunny_wilderness_4' loading time: 6.29 seconds
<11:38:37> [27293DED] -----------------------------------------------------
<11:38:37> [BCCDC555][Warning] MakeSprite - too many sprite update (10). dropping.. (sprites : 14)
<11:38:37> [62232BEA][Warning] deferred xml stream error - game/animations/animals/chick/lmg_files/normal_run.lmg : f0000003
<11:38:38> [BD8C448A][Warning] Cannot load texture game/objects/characters/warborn/male/nude/wa_m_nude_ddn.dds, file missing [File=game/objects/characters/warborn/male/nude/wa_m_nude_ddn.dds]
<11:38:38> [637AF710][Warning] missing chr material : game/objects/characters/warborn/male/parts/pt/obj/wa_m_pt_leather220.mtl (chr: game/objects/characters/warborn/male/parts/pt/obj/wa_m_1pt201_2ca001.chr)
<11:38:38> [CA175C82][Warning] non-stream IO. system(Material), filePath(game/objects/characters/warborn/male/horns/wa_m_horns012/wa_m_horns012_hc03.mtl)
<11:38:40> [09F46B9D]     cl_fov = 90 []
<11:38:40> [09F46B9D]     camera_max_dist = 180 []
<11:38:40> [09F46B9D]     name_tag_hp_width_on_bgmode = 80 []
<11:38:40> [09F46B9D]     name_tag_hp_height_on_bgmode = 30 []
<11:38:40> [000004EE][Warning] [Lua Error] Failed to load script file scriptsbin/x2ui/assignment/form.alb
<11:38:40> [A13C772D][Warning] Cannot load texture ui/font_color.g, Image file format is invalid [File=ui/font_color.g]
<11:38:40> [B5A61D8F] Chat Channel(0) Color is not found.
<11:38:40> [000004EE][Warning] [Lua Error] ...ts/x2ui/loginstage/character_create/locale/en_us.lua:524: attempt to index a nil value
<11:38:40> [58F3F7FF][Warning] <null>:0: [Lua Error] Failed to execute file @game/scriptsbin/x2ui/loginstage/character_create/locale/en_us.alb
<11:38:41> [000004EE][Warning] [Lua] invalid style type...  / brown
<11:38:41> [82321C2B][Warning] [net 15:38:41.692] [time] remote time estimation restarted; estimate accumulator age was 1.454275
<11:38:42> [745BAE2F][Warning] failed to stream material xml(game/objects/env/01_nuia/001_ndeco/ndeco_backpack_fertilizer.mtl)
<11:38:49> [CE0EF930][Warning] failed to stream cgf : default
<11:38:49> [745BAE2F][Warning] failed to stream material xml(game/objects/characters/monster/polarbear_baby/Material #0.mtl)
<11:38:49> [62232BEA][Warning] deferred xml stream error - game/animations/monster/polarbear_baby/lmg_files/normal_run.lmg : f0000003
<11:38:54> [000004EE][Warning] [CGF Error] game/objects/env/01_nuia/001_ndeco/making/ndeco_powerfulmaking.cga [:] LOD1 of geometry parts01 contains too many polygons comparing to the LOD0 [1592 against 1130] :
<11:38:55> [CE0EF930][Warning] failed to stream cgf : default
<11:39:05> [CE0EF930][Warning] failed to stream cgf : default
<11:39:07> [000004EE][Warning] [CGF Error] game/objects/env/02_harihara/001_hdeco/quest/hdeco_qust_cocoon01.cgf [:] non-uniform scale(0.87, 0.87, 1.00) at node(hdeco_qust_cocoon01_proxy)
<11:39:10> [CE0EF930][Warning] failed to stream cgf : default
<11:39:20> [A4D70365][Warning] rigid-body own-entity; prefab=prefabs/interaction_d.xml/tool.lever_right node=AnimObject_1
<11:39:20> [745BAE2F][Warning] failed to stream material xml(game/objects/characters/animals/osprey/Material #1.mtl)
<11:39:20> [CE0EF930][Warning] failed to stream cgf : default
<11:39:20> [7F01D4DF][Warning] Cannot load texture game/textures/p_effects/spider_net_04_ddn.dds, file missing [File=game/textures/p_effects/spider_net_04_ddn.dds]
<11:40:36> [CA175C82][Warning] non-stream IO. system(Material), filePath(game/objects/characters/warborn/male/horns/wa_m_horns008/wa_m_horns008_hc03.mtl)
<11:40:37> [C53E6FFE][Warning] non cached CDF material(objects/Characters/animals/pangolin/pangolin_grey/pangolin_grey.mtl, game/objects/characters/animals/pangolin/pangolin_grey/pangolin_grey.cdf)
<11:40:37> [2363981C][Warning] chr material is not precached : game/objects/characters/animals/pangolin/pangolin_red/Pangolin_red.mtl (chr: game/objects/characters/animals/pangolin/pangolin_red/pangolin_red.chr)
<11:40:37> [CE2F4035][Warning] chr physical geom is not precached. (game/objects/characters/animals/pangolin/pangolin_red/pangolin_red.chr)
<11:40:37> [676D2B24][Warning] non-cached LMG xml. (animations/animals/pangolin/lmg_files/fist_mo_normal_walk.lmg)
<11:40:37> [A13C772D][Warning] Cannot load texture ui/font_color.g, Image file format is invalid [File=ui/font_color.g]
<11:40:43> [CA175C82][Warning] non-stream IO. system(Material), filePath(game/materials/decals/default.mtl)
<11:40:44> Loading Particle Library: pino_effect
<11:40:52> [BB897B6D][Warning] Cannot load texture 0, file missing [File=0]
<11:40:59> [BB790A81] origin change campos : 5120.32, 4415.573242
<11:40:59> [00000020]  
<11:40:59> [00000020]  
<11:40:59> [A581FA6D] -----------------------------------------------------------------------------
<11:40:59> [1DAA5677] SeamlessSystem::ChangeOrigin() : Here we go. Old(17,1) -> New(18,1)
<11:40:59> [A581FA6D] -----------------------------------------------------------------------------
<11:40:59> [00000020]  
<11:40:59> [00000020]  
<11:40:59> [7B1A973B] seamless loading cell terrain(W25, 5), (L7, 4)
<11:40:59> [3EF08C47] seamless loading cell object(W24, 5), (L6, 4)
<11:40:59> [7B1A973B] seamless loading cell terrain(W25, 4), (L7, 3)
<11:40:59> [7B1A973B] seamless loading cell terrain(W25, 6), (L7, 5)
<11:40:59> [7B1A973B] seamless loading cell terrain(W25, 3), (L7, 2)
<11:41:18> [CA175C82][Warning] non-stream IO. system(Material), filePath(game/objects/characters/warborn/male/horns/wa_m_horns013/wa_m_horns013_hc02.mtl)
<11:41:18> [BD8C448A][Warning] Cannot load texture game/objects/characters/warborn/male/nude/wa_m_nude_ddn.dds, file missing [File=game/objects/characters/warborn/male/nude/wa_m_nude_ddn.dds]
<11:41:46> [000004EE][Warning] [Lua Error] 1_3_0/scripts/x2ui/characterinfo/character_info.lua:520: attempt to call method 'AnimForEquipped' (a nil value)
<11:42:00> [BD8C448A][Warning] Cannot load texture game/objects/characters/warborn/male/nude/wa_m_nude_ddn.dds, file missing [File=game/objects/characters/warborn/male/nude/wa_m_nude_ddn.dds]
<11:42:01> [CA175C82][Warning] non-stream IO. system(Material), filePath(game/objects/characters/warborn/male/horns/wa_m_horns013/wa_m_horns013_hc02.mtl)
<11:42:07> [000004EE][Warning] [Lua Error] 1_3_0/scripts/x2ui/characterinfo/character_info.lua:520: attempt to call method 'AnimForEquipped' (a nil value)
<11:42:35> [82321C2B][Warning] [net 15:42:35.043] [time] remote time estimation restarted; estimate accumulator age was 0.888106
<11:44:21> [7B1A973B] seamless loading cell terrain(W18, 7), (L0, 6)
<11:49:22> [82321C2B][Warning] [net 15:49:22.948] [time] remote time estimation restarted; estimate accumulator age was 0.887511
<11:49:48> [82321C2B][Warning] [net 15:49:48.951] [time] remote time estimation restarted; estimate accumulator age was 1.002843
<11:50:13> [82321C2B][Warning] [net 15:50:13.953] [time] remote time estimation restarted; estimate accumulator age was 1.001074
<11:50:38> [82321C2B][Warning] [net 15:50:38.956] [time] remote time estimation restarted; estimate accumulator age was 1.000801
<11:51:03> [82321C2B][Warning] [net 15:51:03.959] [time] remote time estimation restarted; estimate accumulator age was 1.007052
<11:51:28> [82321C2B][Warning] [net 15:51:28.964] [time] remote time estimation restarted; estimate accumulator age was 1.007263
<11:51:53> [82321C2B][Warning] [net 15:51:53.966] [time] remote time estimation restarted; estimate accumulator age was 0.998036
<11:52:18> [82321C2B][Warning] [net 15:52:18.974] [time] remote time estimation restarted; estimate accumulator age was 0.998534
<11:52:43> [82321C2B][Warning] [net 15:52:43.978] [time] remote time estimation restarted; estimate accumulator age was 1.009938
<11:53:08> [82321C2B][Warning] [net 15:53:08.980] [time] remote time estimation restarted; estimate accumulator age was 1.005475
<11:53:33> [82321C2B][Warning] [net 15:53:33.984] [time] remote time estimation restarted; estimate accumulator age was 1.003410
<11:53:58> [82321C2B][Warning] [net 15:53:58.989] [time] remote time estimation restarted; estimate accumulator age was 0.996069
<11:54:23> [82321C2B][Warning] [net 15:54:23.993] [time] remote time estimation restarted; estimate accumulator age was 0.998626
<11:54:48> [82321C2B][Warning] [net 15:54:48.997] [time] remote time estimation restarted; estimate accumulator age was 0.999183
<11:55:13> [82321C2B][Warning] [net 15:55:13.999] [time] remote time estimation restarted; estimate accumulator age was 0.995273
<11:55:39> [82321C2B][Warning] [net 15:55:39.004] [time] remote time estimation restarted; estimate accumulator age was 0.997422
<11:56:04> [82321C2B][Warning] [net 15:56:04.009] [time] remote time estimation restarted; estimate accumulator age was 0.995246
<11:56:29> [82321C2B][Warning] [net 15:56:29.011] [time] remote time estimation restarted; estimate accumulator age was 1.009199
<11:56:54> [82321C2B][Warning] [net 15:56:54.017] [time] remote time estimation restarted; estimate accumulator age was 1.001887
<11:57:19> [82321C2B][Warning] [net 15:57:19.017] [time] remote time estimation restarted; estimate accumulator age was 0.987334
<11:57:44> [82321C2B][Warning] [net 15:57:44.023] [time] remote time estimation restarted; estimate accumulator age was 1.006854
<11:58:09> [82321C2B][Warning] [net 15:58:09.027] [time] remote time estimation restarted; estimate accumulator age was 0.993980
<11:58:34> [82321C2B][Warning] [net 15:58:34.030] [time] remote time estimation restarted; estimate accumulator age was 0.989206
<11:58:59> [82321C2B][Warning] [net 15:58:59.032] [time] remote time estimation restarted; estimate accumulator age was 0.997510
<11:59:24> [82321C2B][Warning] [net 15:59:24.034] [time] remote time estimation restarted; estimate accumulator age was 0.999890
<11:59:49> [82321C2B][Warning] [net 15:59:49.038] [time] remote time estimation restarted; estimate accumulator age was 1.002490
<12:00:14> [82321C2B][Warning] [net 16:00:14.042] [time] remote time estimation restarted; estimate accumulator age was 1.003065
<12:00:39> [82321C2B][Warning] [net 16:00:39.046] [time] remote time estimation restarted; estimate accumulator age was 1.002853
<12:01:04> [82321C2B][Warning] [net 16:01:04.047] [time] remote time estimation restarted; estimate accumulator age was 0.991841
<12:01:29> [82321C2B][Warning] [net 16:01:29.050] [time] remote time estimation restarted; estimate accumulator age was 1.003173
<12:01:54> [82321C2B][Warning] [net 16:01:54.054] [time] remote time estimation restarted; estimate accumulator age was 0.995947
<12:02:19> [82321C2B][Warning] [net 16:02:19.057] [time] remote time estimation restarted; estimate accumulator age was 0.996994
<12:02:44> [82321C2B][Warning] [net 16:02:44.061] [time] remote time estimation restarted; estimate accumulator age was 1.001699
<12:03:09> [82321C2B][Warning] [net 16:03:09.063] [time] remote time estimation restarted; estimate accumulator age was 0.992239
<12:03:34> [82321C2B][Warning] [net 16:03:34.065] [time] remote time estimation restarted; estimate accumulator age was 1.004904
<12:03:59> [82321C2B][Warning] [net 16:03:59.067] [time] remote time estimation restarted; estimate accumulator age was 0.999308
<12:04:24> [82321C2B][Warning] [net 16:04:24.071] [time] remote time estimation restarted; estimate accumulator age was 1.011241
<12:04:49> [82321C2B][Warning] [net 16:04:49.075] [time] remote time estimation restarted; estimate accumulator age was 1.002998
<12:05:14> [82321C2B][Warning] [net 16:05:14.081] [time] remote time estimation restarted; estimate accumulator age was 1.001676
<12:05:39> [82321C2B][Warning] [net 16:05:39.086] [time] remote time estimation restarted; estimate accumulator age was 1.000546
<12:06:04> [82321C2B][Warning] [net 16:06:04.090] [time] remote time estimation restarted; estimate accumulator age was 1.010928
<12:06:29> [82321C2B][Warning] [net 16:06:29.095] [time] remote time estimation restarted; estimate accumulator age was 0.994459
<12:06:54> [82321C2B][Warning] [net 16:06:54.098] [time] remote time estimation restarted; estimate accumulator age was 1.007718
<12:07:19> [82321C2B][Warning] [net 16:07:19.100] [time] remote time estimation restarted; estimate accumulator age was 0.989961
<12:07:44> [82321C2B][Warning] [net 16:07:44.101] [time] remote time estimation restarted; estimate accumulator age was 0.999131
<12:08:09> [82321C2B][Warning] [net 16:08:09.107] [time] remote time estimation restarted; estimate accumulator age was 1.002171
<12:08:34> [82321C2B][Warning] [net 16:08:34.110] [time] remote time estimation restarted; estimate accumulator age was 1.002442
<12:08:59> [82321C2B][Warning] [net 16:08:59.117] [time] remote time estimation restarted; estimate accumulator age was 1.004067
<12:09:24> [82321C2B][Warning] [net 16:09:24.123] [time] remote time estimation restarted; estimate accumulator age was 0.998251
<12:09:49> [82321C2B][Warning] [net 16:09:49.127] [time] remote time estimation restarted; estimate accumulator age was 0.998552
<12:10:14> [82321C2B][Warning] [net 16:10:14.127] [time] remote time estimation restarted; estimate accumulator age was 0.994397
<12:12:15> [82321C2B][Warning] [net 16:12:15.468] [time] remote time estimation restarted; estimate accumulator age was 0.908499
<12:12:41> [82321C2B][Warning] [net 16:12:41.471] [time] remote time estimation restarted; estimate accumulator age was 1.006178
<12:13:06> [82321C2B][Warning] [net 16:13:06.475] [time] remote time estimation restarted; estimate accumulator age was 0.994440
<12:13:56> [000004EE][Warning] [Lua Error] 1_3_0/scripts/x2ui/characterinfo/character_info.lua:520: attempt to call method 'AnimForEquipped' (a nil value)
<12:14:33> [7B1A973B] seamless loading cell terrain(W20, 1), (L2, 0)
