[801989E0] BackupNameAttachment=" Build(0) Date(24 September 2025) Time(16 24 25)"  -- used by backup system
[00000020]  
[38F38F32] Log Started at #c
[0232BD25] Running 32 bit version
[7AB6F5FE] Executable: C:\Games\AAClassic\bin32\archeage.exe
[E5C771AC] FileVersion: 3.5.0.0
[F799D55F] ProductVersion: 3.5.3.0
[1F1D6B13] Using Microsoft (tm) C++ Standard Library implementation
[00000020]  
[C7D96C80] Revision: 350000
[00000020]  
[64533E3E] this is the first client
<16:24:32> [B9197FD5][Error] ConsoleVariableGroup[option_effect] key[e_particles_lod_onoff] has no default
<16:24:32> [76666E6D] 
--- CPU detection ---
<16:24:32> [F4D992D8] CPU: AMD AMD Ryzen 7 7800X3D 8-Core Processor           
<16:24:32> [3F649B02] Family: 15, Model: 1, Stepping: 2
<16:24:32> [83D12E0B] FPU: On-Chip
<16:24:32> [50919DA0] CPU Speed (estimated): 4191.988641 MHz
<16:24:32> [C73FD83A] MMX: not present
<16:24:32> [89D1077A] SSE: present
<16:24:32> [64E2B6F1] 3DNow!: present
<16:24:32> [27B7AC6E] Serial number not present or disabled
<16:24:32> [1D2D8E5B] Number of logical processors: 16
<16:24:32> [FA658084] Number of available logical processors: 16
<16:24:32> [A1F061C2] Invariant Time Stamp Counter : yes
<16:24:32> [FA0251ED] ---------------------

<16:24:32> [03E7D838] Device Info
<16:24:32> [9F603516] Device Info - 1
<16:24:32> [9F603517] Device Info - 2
<16:24:32> [9F603518] Device Info - 3
<16:24:32> [9F603519] Device Info - 4
<16:24:32> [9F60351A] Device Info - 5
<16:24:32> [9F60351B] Device Info - 6
<16:24:32> [9F60351C] Device Info - 7
<16:24:32> [E98ECC28] Video Memory Info
<16:24:32> [D5FBE664] Video Memory - 1
<16:24:32> [D5FBE665] Video Memory - 2
<16:24:32> [D5FBE666] Video Memory - 3
<16:24:32> [D5FBE667] Video Memory - 4
<16:24:32> [D5FBE668] Video Memory - 5
<16:24:32> [D5FBE669] Video Memory - 6
<16:24:32> [D5FBE66A] Video Memory - 7
<16:24:32> [D5FBE66B] Video Memory - 8
<16:24:32> [3A4D54A2][Warning] config/gpu/amd.txt line 55 contains a multiple defined GPU rating!
<16:24:32> [D20872C0] InitThreadAffinities
<16:24:32> [2F28A434] UpdateMainThreadAffinity
<16:24:32> [16962512] Windows 8 64 bit (build 6.2.9200)
<16:24:32> [38DFF081] System language: English
<16:24:32> [861A0178] Windows Directory: "C:\windows"
<16:24:32> [341B54F1] Prerequisites...
<16:24:32> [5D1B3C9C] * Installation of KB940105 hotfix required: no! (either not needed or already installed)
<16:24:32> [A90CD7AA] Local time is 16:24:32 09/24/25, system running for 4868 minutes
<16:24:32> [6238DECB] 63426MB physical memory installed, 21867MB available, 4095MB virtual memory installed, 65 percent of memory in use
<16:24:32> [31259232] PageFile usage: 
<16:24:32> [453F0D1B] Current display mode is 2560x1440x32
<16:24:32> [8A64FCCC] IBM enhanced (101/102-key) keyboard and 3+ button mouse installed
<16:24:32> [CE30556B] ----- GPU Detection -----------------
<16:24:32> [03E7D838] Device Info
<16:24:32> [9F603516] Device Info - 1
<16:24:32> [9F603517] Device Info - 2
<16:24:32> [9F603518] Device Info - 3
<16:24:32> [9F603519] Device Info - 4
<16:24:32> [9F60351A] Device Info - 5
<16:24:32> [9F60351B] Device Info - 6
<16:24:32> [9F60351C] Device Info - 7
<16:24:32> [E98ECC28] Video Memory Info
<16:24:32> [D5FBE664] Video Memory - 1
<16:24:32> [D5FBE665] Video Memory - 2
<16:24:32> [D5FBE666] Video Memory - 3
<16:24:32> [D5FBE667] Video Memory - 4
<16:24:32> [D5FBE668] Video Memory - 5
<16:24:32> [D5FBE669] Video Memory - 6
<16:24:32> [D5FBE66A] Video Memory - 7
<16:24:32> [D5FBE66B] Video Memory - 8
<16:24:32> [99EA404A]  AMD Radeon RX 7800 XT (RADV NAVI32) (vendor = 0x1002, device = 0x747e, subSys = 0x00000000)
<16:24:32> [77718B6A] -- Video memory: 4081 MB
<16:24:32> [30DF1863] -- Minimum SM 2.0 support: yes
<16:24:32> [13E11956] -- DX11 supported: yes
<16:24:32> [50B60100] --------------------------------------------------------------------------------
<16:24:32> [5921EDBE] Stream Engine Initialization
<16:24:32> [BA0D559B] Splash: Initializing Stream Engine...
<16:24:32> [939F6EBB] Enable Resolutions : 0
<16:24:32> [A30A84B6] can't enum display resolution modes
<16:24:32> [B324CD25] Screen Resolution - 1024x768
<16:24:32> [3778EA0B] Screen Resolution - 0 (2560x1440)
<16:24:32> [A1B107F0] Screen Resolution - Test OK (2560x1440)
<16:24:32> [A9E4B0F2] Network initialization
<16:24:32> [BA0D559B] Splash: Initializing Network System...
<16:24:32> [14FAD233] Socket I/O by iocp
<16:24:32> [E36A4FB9] Physics initialization
<16:24:32> [BA0D559B] Splash: Initializing Physics...
<16:24:32> [2462D581] MovieSystem initialization
<16:24:32> [BA0D559B] Splash: Initializing Movie System...
<16:24:32> [93287AEC] Renderer initialization - Start
<16:24:32> [BA0D559B] Splash: Initializing Renderer...
<16:24:32> [91207680] Renderer initialization - Open
<16:24:32> [4377E7CB] Renderer initialization - DLL Load(CryRenderD3D9.dll)
<16:24:32> [71203A94] Renderer initialization - DLL Done
<16:24:32> [71227C22] Renderer initialization - DLL Init
<16:24:32> [C653D9CB] Renderer initialization - Instance
<16:24:32> [44D9754D] D3D Adapter: Driver name: aticfx32.dll
<16:24:32> [82BE8322] D3D Adapter: Driver description: AMD Radeon RX 7800 XT (RADV NAVI32)
<16:24:32> [2224501A] D3D Adapter: Driver version: 32767.65535.65535.65535
<16:24:32> [E8D1E30D] D3D Adapter: Driver GUID: 00000000-0003-0000-0000000000000000
<16:24:32> [BC8C1ACB] D3D Adapter: VendorId = 0x1002
<16:24:32> [B6A10CFD] D3D Adapter: DeviceId = 0x747E
<16:24:32> [0678E702] D3D Adapter: SubSysId = 0x00000000
<16:24:32> [F2243F0E] D3D Adapter: Revision = 0
<16:24:33> [E571CFEE] Shader manager initialization
<16:24:34> [05BAAEF6] CResFile allocations incurred by user cache preload: (21446.79k)
<16:24:34> [911B73B8] Renderer initialization - Done
<16:24:34> [8E444EA9] Console initialization
<16:24:34> [2904A233] Time initialization
<16:24:34> [3650CFD6] Input initialization
<16:24:34> [BA0D559B] Splash: Initializing Input System...
<16:24:34> Initializing Keyboard
<16:24:34> [99640BF1] Sound initialization
<16:24:34> [BA0D559B] Splash: Initializing Sound System...
<16:24:34> [2C33885C] Sound - Initializing AudioDevice now!
<16:24:34> [E46760A9] <Sound> Initialize FMOD with dynamic memory callbacks
<16:24:36> [D6755BFD] <Sound> Starting to initialize Windows Audio Session API output! 
<16:24:36> [F7E8E3CD] <Sound> Drivers found: 6
<16:24:36> [9B899242] <Sound> Available drivers:
	1.	PulseAudio Output (PulseAudio Output)
	2.	Blue Microphones Analog Stereo (Blue Microphones Analog Stereo)
	3.	soundcore Liberty 4 NC (soundcore Liberty 4 NC)
	4.	Wireless Controller (Wireless Controller)
	5.	Navi 31 HDMI/DP Audio Digital Stereo (HDMI) (Navi 31 HDMI/DP Audio Digital Stereo (HDMI))
	6.	Family 17h/19h/1ah HD Audio Controller Analog Stereo (Family 17h/19h/1ah HD Audio Controller Analog Stereo)
<16:24:36> [A0BBF7E1] <Sound> FmodEx-AudioDevice: Now running on driver: PulseAudio Output (PulseAudio Output)
<16:24:36> [14D8EFE1] <Sound> Using speaker mode: FMOD_SPEAKERMODE_STEREO
<16:24:36> [E79C27E5] <Sound> Initializing FMOD-EX now!
<16:24:36> [E2A9FE08] <Sound> Available record drivers: 0 PulseAudio Input (PulseAudio Input) !
<16:24:36> [E2A9FE08] <Sound> Available record drivers: 1 soundcore Liberty 4 NC (soundcore Liberty 4 NC) !
<16:24:36> [E2A9FE08] <Sound> Available record drivers: 2 Family 17h/19h/1ah HD Audio Controller Analog Stereo (Family 17h/19h/1ah HD Audio Controller Analog Stereo) !
<16:24:36> [E2A9FE08] <Sound> Available record drivers: 3 Wireless Controller (Wireless Controller) !
<16:24:36> [E2A9FE08] <Sound> Available record drivers: 4 Blue Microphones Analog Stereo (Blue Microphones Analog Stereo) !
<16:24:36> [E2A9FE08] <Sound> Available record drivers: 5 Monitor of Family 17h/19h/1ah HD Audio Controller (Monitor of Family 17h/19h/1ah HD Audio Controller) !
<16:24:36> [E2A9FE08] <Sound> Available record drivers: 6 Monitor of Blue Microphones Analog Stereo (Monitor of Blue Microphones Analog Stereo) !
<16:24:36> [E2A9FE08] <Sound> Available record drivers: 7 Wireless Controller (Wireless Controller) !
<16:24:36> [E2A9FE08] <Sound> Available record drivers: 8 Monitor of soundcore Liberty 4 NC (Monitor of soundcore Liberty 4 NC) !
<16:24:36> [E2A9FE08] <Sound> Available record drivers: 9 Monitor of Navi 31 HDMI/DP Audio Digital Stereo (HDMI) (Monitor of Navi 31 HDMI/DP Audio Digital Stereo (HDMI)) !
<16:24:36> [6841BE38] <Sound> Record config is set to autodetect using record driver 0
<16:24:36> [7808B4C4] <Sound> Using FMOD version: 00044414 and internal 00044414!
<16:24:36> [2A2815C7] <Sound> Initialized FMOD-EX
<16:24:36> [BE4EF52E] Sound - Initializing SoundSystem now!
<16:24:36> [0D547471] Font initialization
<16:24:36> [BA0D559B] Splash: Initializing Fonts...
<16:24:36> [C194F7C8][Warning] Cannot load texture textures/defaults/replacemecm.tif, file missing [File=textures/defaults/replacemecm.dds]
<16:24:36> [84206398] AI initialization
<16:24:36> [1BC221DE] Initializing Animation System
<16:24:36> [BA0D559B] Splash: Initializing Animation System...
<16:24:36> [9E592EFE] Initializing 3D Engine
<16:24:36> [BA0D559B] Splash: Initializing 3D Engine...
<16:24:37> [637AF710][Warning] missing chr material : game/objects/characters/ferre/female/nude/Standard_22.mtl (chr: game/objects/characters/ferre/female/nude/fe_f_base.chr)
<16:24:37> [91F5AEEC][Warning] number of bones mismatch! game/objects/characters/ferre/female/nude/fe_f_base.chr=195 game/objects/characters/ferre/female/nude/fe_f_base_lod1.chr=185
<16:24:38> [7415A452] CHR PreCaching 25 Done
<16:24:38> [E7AD4E53] AddSharedMorphTargets - Failed to load objects/characters/dwarf/male/face/dw_m_face00.chr
<16:24:38> [61AD1790] MorphTargetPreCaching - objects/characters/dwarf/male/face/dw_m_face00.chr Add Failed
<16:24:38> [A4A6E4C6] MorphTarget PreCaching 11 Done
<16:24:38> [5ACB40E2] Init Face Makers
<16:24:38> [56B5985B] X2FaceMaker - game/objects/characters/nuian/male/face/nu_m_face01_mid.chr : mouth_UnderbiteOverbite target not exist
<16:24:38> [56B5985B] X2FaceMaker - game/objects/characters/nuian/male/face/nu_m_face01_mid.chr : mouth_UnderbiteOverbite target not exist
<16:24:38> [56B5985B] X2FaceMaker - game/objects/characters/nuian/male/face/nu_m_face01_mid.chr : mouth_UnderbiteOverbite target not exist
<16:24:38> [4ABB03EB] game/objects/characters/ferre/female/face/fe_f_face01_low.chr(303) - objects/characters/ferre/female/face/fe_f_face00.chr(3063) SharedMorph is not matched
<16:24:38> [56B5985B] X2FaceMaker - game/objects/characters/nuian/male/face/nu_m_face01_mid.chr : mouth_UnderbiteOverbite target not exist
<16:24:38> [56B5985B] X2FaceMaker - game/objects/characters/nuian/male/face/nu_m_face01_mid.chr : nose_dw_SeptumVol target not exist
<16:24:38> [56B5985B] X2FaceMaker - game/objects/characters/nuian/male/face/nu_m_face01_mid.chr : nose_dw_NasalZposition target not exist
<16:24:38> [56B5985B] X2FaceMaker - game/objects/characters/nuian/male/face/nu_m_face01_mid.chr : FS_dwEarSize target not exist
<16:24:38> [56B5985B] X2FaceMaker - game/objects/characters/nuian/male/face/nu_m_face01_mid.chr : dwarf_Morph target not exist
<16:24:38> [56B5985B] X2FaceMaker - game/objects/characters/nuian/male/face/nu_m_face01_mid.chr : FS_dw_CheekMeat_min target not exist
<16:24:38> [1191A6A8] X2FaceMaker - game/objects/characters/nuian/male/face/nu_m_face01_mid.chr : FS_dw_CheekMeat_max ex target not exist
<16:24:38> [56B5985B] X2FaceMaker - game/objects/characters/warborn/male/face/wa_m_face01_mid.chr : eye_Forehead target not exist
<16:24:38> [56B5985B] X2FaceMaker - game/objects/characters/warborn/male/face/wa_m_face01_mid.chr : eye_Tail_min target not exist
<16:24:38> [1191A6A8] X2FaceMaker - game/objects/characters/warborn/male/face/wa_m_face01_mid.chr : eye_Tail_max ex target not exist
<16:24:38> [56B5985B] X2FaceMaker - game/objects/characters/warborn/male/face/wa_m_face01_mid.chr : eye_WidthLength_min target not exist
<16:24:38> [1191A6A8] X2FaceMaker - game/objects/characters/warborn/male/face/wa_m_face01_mid.chr : eye_WidthLength_max ex target not exist
<16:24:38> [56B5985B] X2FaceMaker - game/objects/characters/warborn/male/face/wa_m_face01_mid.chr : eye_DoubleEyelidShape target not exist
<16:24:38> [56B5985B] X2FaceMaker - game/objects/characters/warborn/male/face/wa_m_face01_mid.chr : eye_BrowXposition target not exist
<16:24:38> [56B5985B] X2FaceMaker - game/objects/characters/warborn/male/face/wa_m_face01_mid.chr : eye_BrowZposition target not exist
<16:24:38> [56B5985B] X2FaceMaker - game/objects/characters/warborn/male/face/wa_m_face01_mid.chr : nose_Nostril target not exist
<16:24:38> [56B5985B] X2FaceMaker - game/objects/characters/warborn/male/face/wa_m_face01_mid.chr : nose_Size target not exist
<16:24:38> [56B5985B] X2FaceMaker - game/objects/characters/warborn/male/face/wa_m_face01_mid.chr : nose_SeptumZposition target not exist
<16:24:38> [56B5985B] X2FaceMaker - game/objects/characters/warborn/male/face/wa_m_face01_mid.chr : nose_End target not exist
<16:24:38> [56B5985B] X2FaceMaker - game/objects/characters/warborn/male/face/wa_m_face01_mid.chr : nose_Size target not exist
<16:24:38> [56B5985B] X2FaceMaker - game/objects/characters/warborn/male/face/wa_m_face01_mid.chr : mouth_UpperLipVolume target not exist
<16:24:38> [56B5985B] X2FaceMaker - game/objects/characters/warborn/male/face/wa_m_face01_mid.chr : mouth_LowerLipVolume target not exist
<16:24:38> [56B5985B] X2FaceMaker - game/objects/characters/warborn/male/face/wa_m_face01_mid.chr : mouth_UpperLipOpen target not exist
<16:24:38> [56B5985B] X2FaceMaker - game/objects/characters/warborn/male/face/wa_m_face01_mid.chr : mouth_LowerLipOpen target not exist
<16:24:38> [56B5985B] X2FaceMaker - game/objects/characters/warborn/male/face/wa_m_face01_mid.chr : mouth_MouthOpen target not exist
<16:24:38> [56B5985B] X2FaceMaker - game/objects/characters/warborn/male/face/wa_m_face01_mid.chr : mouth_Size target not exist
<16:24:38> [56B5985B] X2FaceMaker - game/objects/characters/warborn/male/face/wa_m_face01_mid.chr : mouth_Shape_min target not exist
<16:24:38> [1191A6A8] X2FaceMaker - game/objects/characters/warborn/male/face/wa_m_face01_mid.chr : mouth_Shape_max ex target not exist
<16:24:38> [56B5985B] X2FaceMaker - game/objects/characters/warborn/male/face/wa_m_face01_mid.chr : mouth_TeethZposition target not exist
<16:24:38> [56B5985B] X2FaceMaker - game/objects/characters/warborn/male/face/wa_m_face01_mid.chr : FS_JawHigh_min target not exist
<16:24:38> [1191A6A8] X2FaceMaker - game/objects/characters/warborn/male/face/wa_m_face01_mid.chr : FS_JawHigh_max ex target not exist
<16:24:38> [56B5985B] X2FaceMaker - game/objects/characters/warborn/male/face/wa_m_face01_mid.chr : FS_EarRotate_min target not exist
<16:24:38> [1191A6A8] X2FaceMaker - game/objects/characters/warborn/male/face/wa_m_face01_mid.chr : FS_EarRotate_max ex target not exist
<16:24:38> [56B5985B] X2FaceMaker - game/objects/characters/warborn/male/face/wa_m_face01_mid.chr : FS_Beard1 target not exist
<16:24:38> [56B5985B] X2FaceMaker - game/objects/characters/warborn/male/face/wa_m_face01_mid.chr : FS_Beard2 target not exist
<16:24:38> [56B5985B] X2FaceMaker - game/objects/characters/warborn/male/face/wa_m_face01_mid.chr : FS_Beard3 target not exist
<16:24:38> [56B5985B] X2FaceMaker - game/objects/characters/warborn/female/face/wa_f_face01_mid.chr : eye_Yposition_min target not exist
<16:24:38> [1191A6A8] X2FaceMaker - game/objects/characters/warborn/female/face/wa_f_face01_mid.chr : eye_Yposition_max ex target not exist
<16:24:38> [56B5985B] X2FaceMaker - game/objects/characters/warborn/female/face/wa_f_face01_mid.chr : FS_AllLowerY target not exist
<16:24:38> [56B5985B] X2FaceMaker - game/objects/characters/warborn/female/face/wa_f_face01_mid.chr : FS_AllRotate target not exist
<16:24:38> [56B5985B] X2FaceMaker - game/objects/characters/warborn/female/face/wa_f_face01_mid.chr : FS_AllY target not exist
<16:24:38> [56B5985B] X2FaceMaker - game/objects/characters/warborn/female/face/wa_f_face01_mid.chr : mouth_Open_min target not exist
<16:24:38> [1191A6A8] X2FaceMaker - game/objects/characters/warborn/female/face/wa_f_face01_mid.chr : mouth_Open_max ex target not exist
<16:24:38> [E320B5CE] Init Face Makers - Done!
<16:24:38> [581CA53C] Script System Initialization
<16:24:38> [BA0D559B] Splash: Initializing Script System...
<16:24:38> [000004EE][Warning] [Lua Error] 1_3_0/scripts/common.lua:276: attempt to index global 'Script' (a nil value)
<16:24:38> [58F3F7FF][Warning] <null>:0: [Lua Error] Failed to execute file @game/scriptsbin/common.alb
<16:24:38> [D8B2BA54] Entity system initialization
<16:24:38> [BA0D559B] Splash: Initializing Entity System...
<16:24:38> [D55F91B2][Warning] [CEntityClassRegistry] LoadClassDescription failed, Entity Class name Chick already registered
<16:24:38> [BA0D559B] Splash: Initializing AI System...
<16:24:38> [DA019954] Initializing AI System
<16:24:38> [2546BCC5] Initializing Budgeting System
<16:24:38> [C0E19025] Initializing Seamless System
<16:24:38> [BA0D559B] Splash: Loading Game Data...
<16:24:40> [90B8EC50][Warning] too many ranges: aoe_shapes descs 10156(10156) threshold 100 ranges 12
<16:24:41> [BA4AD6CE] Loading portal list
<16:24:41> [92597454] Portal added, enter: 3891, exit: 6629
<16:24:41> [92597454] Portal added, enter: 21448, exit: 21449
<16:24:41> [92597454] Portal added, enter: 21450, exit: 21451
<16:24:41> [92597454] Portal added, enter: 21452, exit: 21453
<16:24:41> [92597454] Portal added, enter: 21698, exit: 21699
<16:24:41> [92597454] Portal added, enter: 22023, exit: 22024
<16:24:41> [92597454] Portal added, enter: 22042, exit: 22066
<16:24:41> [92597454] Portal added, enter: 22136, exit: 22137
<16:24:41> [92597454] Portal added, enter: 22163, exit: 22164
<16:24:41> [92597454] Portal added, enter: 22184, exit: 22185
<16:24:41> [92597454] Portal added, enter: 22336, exit: 22337
<16:24:41> [92597454] Portal added, enter: 9000063, exit: 9000064
<16:24:41> [1C664009] End loading portal list
<16:24:41> [937812F7] loaded DDCMS (1396969 descs, 719156 links (17 page 16.95MB size) string) from game\db\compact.sqlite3 in 1276 ms
<16:24:41> [BA0D559B] Splash: Initializing Game System...
<16:24:41> [000004EE][Warning] [Lua Error] no localized ui text for 18 always_refund
<16:24:42> [0ADE3294][Warning] [MFX] Effect 'collisions:grenade' already present. Overriding.
<16:24:42> [311630D1][Warning] MFX WARNING: Material not found: mat_ice_breakable
<16:24:42>  
<16:24:42>    sys_spec = Custom (assuming 4)
<16:24:42>      option_anti_aliasing = 2 expected:3
<16:24:42>  
<16:24:42> [BA0D559B] Splash: Preparing Screen...
<16:24:42> [963385F6] Level System - Loading Start
<16:24:42> [806B6F8D] precaching world entities ..
<16:24:42> [7E39E0DE] precaching world entities .. done!  total (0) objects
<16:24:42> [D2B280D6] Vegetation Manager : Loading World(login2)
<16:24:42> [075AB92F] Vegetation Manager : Loading World - Done (total 36 vegetations)
<16:24:42> [B9410AA1] total 20 terrain world surfaces loaded
<16:24:42> Loading Particle Library: collisions
<16:24:42> Loading Particle Library: water
<16:24:42> Loading Particle Library: misc
<16:24:42> Loading Particle Library: ability_skill_table
<16:24:42> Loading Particle Library: ability_skill_table_k
<16:24:42> Loading Particle Library: abillity_skill_table_m
<16:24:42> Loading Particle Library: machinima
<16:24:42> Loading Particle Library: x2_effects
<16:24:43> Loading Particle Library: x2_effects_k
<16:24:43> [280A47E3] Precached total 2 materials
<16:24:43> [7B1A973B] seamless loading cell terrain(W0, 1), (L0, 0)
<16:24:43> [3EF08C47] seamless loading cell object(W0, 1), (L0, 0)
<16:24:43> [584C4FFD] [net 20:24:32.884]  dns ip:192.168.1.202
<16:24:43> [584C4FFD] [net 20:24:32.884]  dns ip:172.18.0.1
<16:24:43> [584C4FFD] [net 20:24:32.884]  dns ip:172.19.0.1
<16:24:43> [584C4FFD] [net 20:24:32.884]  dns ip:172.17.0.1
<16:24:43> [0DE3FA89][Error] CryAnimation: character-definition creation failed: game/objects/characters/elf/female/nude/el_f_kyprosa.cdf
<16:24:43> [13A58BA0][Error] CryAnimation: character-definition not found: game/objects/characters/elf/female/nude/el_f_kyprosa.cdf
<16:24:43> [4DD44108] Start DaruCommon Extension
<16:24:43> [1B425DA5] Duplicated post effect param! pszName = FilterMaskedBlurring_Amount
<16:24:43> [1B425DA5] Duplicated post effect param! pszName = FilterMaskedBlurring_MaskTexName
<16:24:43> [1B425DA5] Duplicated post effect param! pszName = FilterChromaShift_User_Amount
<16:24:43> [1B425DA5] Duplicated post effect param! pszName = FilterGrain_Amount
<16:24:43> [8F6BAA6C][Warning] Couldn't find console variable 'e_water_ocean_fft'
<16:24:43> Loading Particle Library: wind
<16:24:43> Loading Particle Library: X2_EFFECT_O
<16:24:43> [000004EE][Warning] Particle effect not found: '                                                                ', from ParticleEffect fx_land_green
<16:24:43> [12409CCC] Load Zone Finished
<16:24:43> [A39C1725] Level System - Loading Complete
<16:24:43> [27293DED] -----------------------------------------------------
<16:24:43> [120C18F5] * LOADING: 'loginbg4' loading time: 1.63 seconds
<16:24:43> [27293DED] -----------------------------------------------------
<16:24:43> [000004EE][Warning] [Lua Error] no client player exists
<16:24:43> [A13C772D][Warning] Cannot load texture ui/font_color.g, Image file format is invalid [File=ui/font_color.g]
<16:24:44> [000FABC5][Warning] CAreaGrid::BeginAreas() called before being initialized.
<16:24:50> [11E02DA3][Warning] Cannot load texture textures/defaults/16_12.dds, file missing [File=textures/defaults/16_12.dds]
<16:24:51> [1D01FDCA] Auth: client connected to server
<16:24:51> [584C4FFD] [net 20:24:51.248]  socket ip:192.168.1.202
<16:24:51> [4C920A71] mac address : 74-56-3c-fe-52-f3
<16:24:52> [A13C772D][Warning] Cannot load texture ui/font_color.g, Image file format is invalid [File=ui/font_color.g]
<16:24:54> [584C4FFD] [net 20:24:54.104] connection requested to: 192.95.21.64:1239
<16:24:54> [4ABA7BDB] Auth: client disconnected (reason=0)
<16:24:54> [0F08E548] [NetConnection] connect completed (succeeded:true)
<16:24:54> [48F7BDF2] invalid world id in world queue packet
<16:24:54> [26623ECA] ucc info.. 0 0
<16:24:54> [B71BF2A9] remove ucc data.. version
<16:24:54> [4516816D] pay method: person
<16:24:54> [4AA30841] pay location: person
<16:24:54> [ADF1C07E] pay start: 1900-1-1 00:00:00
<16:24:54> [6486A277] pay end: 1900-1-1 00:00:00
<16:24:54> [FFF6198C] premium point: 0
<16:24:54> [481C0862] premium grade: premium_0
<16:24:54> [88D9AB0C] real pay time: -1
<16:24:54> [9FC303B8][Error] [CVARS]: [DUPLICATE] CXConsole::RegisterFloat(): variable [camera_max_dist] is already registered
<16:24:54> [34CCC219] stream: connected to world server
<16:24:54> [06A46B5B] stream: authorized by world server
<16:24:54> [4516816D] pay method: person
<16:24:54> [4AA30841] pay location: person
<16:24:54> [ADF1C07E] pay start: 1900-1-1 00:00:00
<16:24:54> [6486A277] pay end: 2037-12-31 16:00:00
<16:24:54> [FFF6198C] premium point: 0
<16:24:54> [481C0862] premium grade: premium_0
<16:24:54> [88D9AB0C] real pay time: -1
<16:24:54> [82321C2B][Warning] [net 20:24:54.909] [time] remote time estimation restarted; estimate accumulator age was 292108.593750
<16:24:56> [637AF710][Warning] missing chr material : game/objects/characters/warborn/female/parts/ar/obj/wa_f_ar_leather181.mtl (chr: game/objects/characters/warborn/female/parts/ar/obj/wa_f_1ac014_1ar117_2ar602_2arm004_2bt005_2pv002.chr)
<16:24:57> [000004EE][Warning] [Lua Error] no localized ui text for 18 always_refund
<16:24:57> [09F46B9D]     cl_fov = 90 []
<16:24:57> [09F46B9D]     camera_max_dist = 180 []
<16:24:57> [09F46B9D]     name_tag_hp_width_on_bgmode = 80 []
<16:24:57> [09F46B9D]     name_tag_hp_height_on_bgmode = 30 []
<16:24:57> [06E6A3E9][Warning] Cannot load texture ui/login_stage/queue.dds, file missing [File=ui/login_stage/queue.dds]
<16:24:57> [000004EE][Warning] RenderMesh not assigned game/objects/box_nodraw.cgf
<16:25:05> [DA579B6C][Error] can't load client driven connect info.. Kompy
<16:25:10> [9FC303B8][Error] [CVARS]: [DUPLICATE] CXConsole::RegisterFloat(): variable [ui_double_click_interval] is already registered
<16:25:10> [000004EE][Warning] [Lua Error] no localized ui text for 18 always_refund
<16:25:10> [0DE3FA89][Error] CryAnimation: character-definition creation failed: game/objects/characters/returned/female/nude/re_f.cdf
<16:25:10> [6FF68EA5] SetInstantTime: type 0 time 0
<16:25:10> [6FF68EA5] SetInstantTime: type 1 time 1758741899
<16:25:10> [6FF68EA5] SetInstantTime: type 2 time 1758736008
<16:25:10> [6FF68EA5] SetInstantTime: type 3 time 0
<16:25:10> [6FF68EA5] SetInstantTime: type 4 time 0
<16:25:10> [6FF68EA5] SetInstantTime: type 5 time 0
<16:25:10> [6FF68EA5] SetInstantTime: type 6 time 0
<16:25:10> [6FF68EA5] SetInstantTime: type 7 time 1758710458
<16:25:10> [82321C2B][Warning] [net 20:25:10.555] [time] remote time estimation restarted; estimate accumulator age was 3.254193
<16:25:10> [0E61BD35] ExpeditionMember 20 added
<16:25:10> [0E61BD35] ExpeditionMember 20 added
<16:25:10> [0E61BD35] ExpeditionMember 20 added
<16:25:10> [0E61BD35] ExpeditionMember 7 added
<16:25:10> [1EBA13B3][Warning] count not matched; total=139; size=67
<16:25:10> [966861E8][Warning] GetAllPolicies empty
<16:25:10> [67B7DD8A][Warning] my ExpeditionMemberDesc not exist
<16:25:10> [7AB931CE] seamless unloading cell object(W0, 0), (L0, 0)
<16:25:10> [4B1E8B22] unload cell object count : 1511
<16:25:10> [B866A294] seamless unloading cell terrain(W0, 0), (L0, 0)
<16:25:10> [963385F6] Level System - Loading Start
<16:25:10> [E0E0EDAE][Warning] failed to load zone time of day from game/worlds/main_world/zone/225//time_of_day.xml
<16:25:10> [AB17243B][Warning] failed to load zone environment from game/worlds/main_world/zone/309//env.xml
<16:25:10> [35D4413E][Warning] failed to load zone clouds from game/worlds/main_world/zone/309//clouds.xml
<16:25:11> [806B6F8D] precaching world entities ..
<16:25:11> [7E39E0DE] precaching world entities .. done!  total (1778) objects
<16:25:11> [D2B280D6] Vegetation Manager : Loading World(main_world)
<16:25:11> [075AB92F] Vegetation Manager : Loading World - Done (total 3055 vegetations)
<16:25:11> [000004EE][Error] CTerrain::LoadWorldSurfaces: Error loading material: materials/Terrain/gweonidforest/w_forest_road_a1
<16:25:11> [59CBED13][Warning] Cannot load texture textures/aa_terrain/canyon/tr_canyon_rock3d_405a_ddn.dds, file missing [File=textures/aa_terrain/canyon/tr_canyon_rock3d_405a_ddn.dds]
<16:25:11> [751FFB9E][Warning] Error: CShaderMan::mfCreateShaderResources: Couldn't find detail texture
'game/textures/aa_terrain/canyon/tr_canyon_rock_616a_ddn.tga' in path '' [File=game/textures/aa_terrain/canyon/tr_canyon_rock_616a_ddn.tga]
<16:25:12> [B9410AA1] total 600 terrain world surfaces loaded
<16:25:12> [280A47E3] Precached total 4 materials
<16:25:12> [7B1A973B] seamless loading cell terrain(W9, 6), (L4, 4)
<16:25:12> [7B1A973B] seamless loading cell terrain(W8, 6), (L3, 4)
<16:25:12> [7B1A973B] seamless loading cell terrain(W9, 7), (L4, 5)
<16:25:12> [7B1A973B] seamless loading cell terrain(W8, 7), (L3, 5)
<16:25:12> [7B1A973B] seamless loading cell terrain(W9, 5), (L4, 3)
<16:25:12> [7B1A973B] seamless loading cell terrain(W8, 5), (L3, 3)
<16:25:12> [7B1A973B] seamless loading cell terrain(W10, 6), (L5, 4)
<16:25:12> [7B1A973B] seamless loading cell terrain(W7, 6), (L2, 4)
<16:25:12> [7B1A973B] seamless loading cell terrain(W10, 7), (L5, 5)
<16:25:12> [7B1A973B] seamless loading cell terrain(W7, 7), (L2, 5)
<16:25:12> [7B1A973B] seamless loading cell terrain(W9, 8), (L4, 6)
<16:25:12> [7B1A973B] seamless loading cell terrain(W10, 5), (L5, 3)
<16:25:12> [7B1A973B] seamless loading cell terrain(W8, 8), (L3, 6)
<16:25:12> [7B1A973B] seamless loading cell terrain(W7, 5), (L2, 3)
<16:25:12> [7B1A973B] seamless loading cell terrain(W9, 4), (L4, 2)
<16:25:12> [7B1A973B] seamless loading cell terrain(W8, 4), (L3, 2)
<16:25:12> [7B1A973B] seamless loading cell terrain(W10, 8), (L5, 6)
<16:25:12> [7B1A973B] seamless loading cell terrain(W7, 8), (L2, 6)
<16:25:12> [7B1A973B] seamless loading cell terrain(W11, 6), (L6, 4)
<16:25:12> [7B1A973B] seamless loading cell terrain(W11, 7), (L6, 5)
<16:25:12> [7B1A973B] seamless loading cell terrain(W6, 6), (L1, 4)
<16:25:12> [7B1A973B] seamless loading cell terrain(W10, 4), (L5, 2)
<16:25:12> [7B1A973B] seamless loading cell terrain(W11, 5), (L6, 3)
<16:25:12> [7B1A973B] seamless loading cell terrain(W6, 7), (L1, 5)
<16:25:12> [7B1A973B] seamless loading cell terrain(W7, 4), (L2, 2)
<16:25:12> [7B1A973B] seamless loading cell terrain(W9, 9), (L4, 7)
<16:25:12> [7B1A973B] seamless loading cell terrain(W6, 5), (L1, 3)
<16:25:12> [7B1A973B] seamless loading cell terrain(W8, 9), (L3, 7)
<16:25:12> [7B1A973B] seamless loading cell terrain(W11, 8), (L6, 6)
<16:25:12> [7B1A973B] seamless loading cell terrain(W10, 9), (L5, 7)
<16:25:12> [7B1A973B] seamless loading cell terrain(W6, 8), (L1, 6)
<16:25:12> [7B1A973B] seamless loading cell terrain(W7, 9), (L2, 7)
<16:25:12> [7B1A973B] seamless loading cell terrain(W9, 3), (L4, 1)
<16:25:12> [7B1A973B] seamless loading cell terrain(W8, 3), (L3, 1)
<16:25:12> [7B1A973B] seamless loading cell terrain(W11, 4), (L6, 2)
<16:25:12> [7B1A973B] seamless loading cell terrain(W12, 6), (L7, 4)
<16:25:12> [7B1A973B] seamless loading cell terrain(W10, 3), (L5, 1)
<16:25:12> [7B1A973B] seamless loading cell terrain(W12, 7), (L7, 5)
<16:25:12> [7B1A973B] seamless loading cell terrain(W5, 6), (L0, 4)
<16:25:12> [7B1A973B] seamless loading cell terrain(W12, 5), (L7, 3)
<16:25:12> [7B1A973B] seamless loading cell terrain(W5, 7), (L0, 5)
<16:25:12> [7B1A973B] seamless loading cell terrain(W11, 9), (L6, 7)
<16:25:12> [7B1A973B] seamless loading cell terrain(W5, 5), (L0, 3)
<16:25:12> [7B1A973B] seamless loading cell terrain(W6, 9), (L1, 7)
<16:25:12> [7B1A973B] seamless loading cell terrain(W12, 8), (L7, 6)
<16:25:12> [7B1A973B] seamless loading cell terrain(W11, 3), (L6, 1)
<16:25:12> [3EF08C47] seamless loading cell object(W9, 6), (L4, 4)
<16:25:12> [3EF08C47] seamless loading cell object(W8, 6), (L3, 4)
<16:25:12> [D8EA1A9D][Warning] Error: CShaderMan::mfCreateShaderResources: Couldn't find custom secondary texture 'game/objects/env/03_origin_continent/90_the_garden/garden_power_pillar_ddn.dds' in path '' [File=game/objects/env/03_origin_continent/90_the_garden/garden_power_pillar_ddn.dds]
<16:25:12> [7D77A4D2][Warning] Not a normal map texture tried to be used as a normal map: game/objects/env/99_aac/01_world/comet/warm/aa_meteor_warm_df.dds [File=game/objects/env/99_aac/01_world/comet/warm/aa_meteor_warm_df.dds]
<16:25:12> [586BCE46][Warning] Non 3dc normal map used (wrong on DX10): game/objects/env/99_aac/01_world/comet/warm/aa_meteor_warm_ddn.dds [File=game/objects/env/99_aac/01_world/comet/warm/aa_meteor_warm_ddn.dds]
<16:25:12> [000004EE][Warning] [CGF Error] game/objects/env/02_harihara/001_hcom/hcom_cart_b.cgf [:] LOD1 of geometry hcom_cart_b contains too many polygons comparing to the LOD0 [770 against 1114] :
<16:25:12> [0AD0E100][Warning] Error: CShaderMan::mfCreateShaderResources: Couldn't find subsurface texture 'game/objects/env/03_origin_continent/90_the_garden/garden_power_pillar_d_df.dds' in path '' [File=game/objects/env/03_origin_continent/90_the_garden/garden_power_pillar_d_df.dds]
<16:25:12> [3EF08C47] seamless loading cell object(W9, 7), (L4, 5)
<16:25:12> [3EF08C47] seamless loading cell object(W8, 7), (L3, 5)
<16:25:12> [A5DDEC33][Warning] Warning: CShaderMan::mfForName: NULL name
<16:25:13> [3EF08C47] seamless loading cell object(W9, 5), (L4, 3)
<16:25:13> [3EF08C47] seamless loading cell object(W8, 5), (L3, 3)
<16:25:13> [3EF08C47] seamless loading cell object(W10, 6), (L5, 4)
<16:25:13> [3EF08C47] seamless loading cell object(W7, 6), (L2, 4)
<16:25:13> [3EF08C47] seamless loading cell object(W10, 7), (L5, 5)
<16:25:13> [3EF08C47] seamless loading cell object(W7, 7), (L2, 5)
<16:25:13> Loading Particle Library: X2_EFFECTS_P
<16:25:13> [3EF08C47] seamless loading cell object(W9, 8), (L4, 6)
<16:25:13> [000004EE][Warning] [CGF Error] game/objects/env/01_nuia/001_ncom/ncom_woodfish.cgf [:] non-uniform scale(1.00, 1.00, 0.90) at node(proxy)
<16:25:13> [3EF08C47] seamless loading cell object(W10, 5), (L5, 3)
<16:25:13> [3EF08C47] seamless loading cell object(W8, 8), (L3, 6)
<16:25:13> [3EF08C47] seamless loading cell object(W7, 5), (L2, 3)
<16:25:13> [3EF08C47] seamless loading cell object(W9, 4), (L4, 2)
<16:25:13> [3EF08C47] seamless loading cell object(W8, 4), (L3, 2)
<16:25:13> [3EF08C47] seamless loading cell object(W10, 8), (L5, 6)
<16:25:14> [3EF08C47] seamless loading cell object(W7, 8), (L2, 6)
<16:25:14> [188BF914][Warning] [EntityLoader] invalid entity pos(0.298, -2.719, 0.001) name(B_gear_light)
<16:25:14> [3EF08C47] seamless loading cell object(W11, 6), (L6, 4)
<16:25:14> [3EF08C47] seamless loading cell object(W11, 7), (L6, 5)
<16:25:14> [12409CCC] Load Zone Finished
<16:25:14> [000004EE][Warning] I3DEngine::RegisterEntity: entity reports invalid position: Name: LightEntityName (), Class: LightEntityClass, Pos=(6411.5,2342.7,2816.1), aabb center=(142.0,1019.8,-2.3)
<16:25:14> [82321C2B][Warning] [net 20:25:14.388] [time] remote time estimation restarted; estimate accumulator age was 3.775790
<16:25:14> [5CE4EF2C][Warning] failed to load particle lib from (Libs/Particles/game/abillity_skill_table_m.xml)
<16:25:14> [000004EE][Warning] Particle effect not found: 'game/abillity_skill_table_m.wild.shock_form2', from unknown 
<16:25:14> [2BFDEC33][Error] realstep 8, not match unit req
<16:25:14> [A39C1725] Level System - Loading Complete
<16:25:14> [9BE3F673] total 0 CGF files are precached
<16:25:14> [27293DED] -----------------------------------------------------
<16:25:14> [120C18F5] * LOADING: 'w_tornado_mea' loading time: 4.18 seconds
<16:25:14> [27293DED] -----------------------------------------------------
<16:25:15> [CA175C82][Warning] non-stream IO. system(CGF), filePath(Objects\Env\01_nuia\001_housing\housing_farm\hs_f_scarecrow01.cgf)
<16:25:15> [745BAE2F][Warning] failed to stream material xml(game/objects/env/01_nuia/001_housing/housing_farm/ncom_pumpkin_streetlamp.mtl)
<16:25:15> [DE20B351][Warning] Flow Graph Node targets unknown entity guid: 45671b71c0b06ecd
<16:25:15> Loading Particle Library: x2_sounds
<16:25:16> [62232BEA][Warning] deferred xml stream error - game/animations/animals/owl_postman/lmg_files/normal_run.lmg : f0000003
<16:25:16> [65FCEDA3][Warning] Cannot load texture game/objects/env/01_nuia/001_housing/housing_furniture/rava_bed_sp.dds, file missing [File=game/objects/env/01_nuia/001_housing/housing_furniture/rava_bed_sp.dds]
<16:25:16> [000004EE][Warning] [CGF Error] game/objects/env/01_nuia/001_ncom/ncom_xmas_musicbox.cga [:] Duplicate LOD helper $lod1 ncom_xmas_musicbox_top
<16:25:18> [09F46B9D]     cl_fov = 90 []
<16:25:18> [09F46B9D]     camera_max_dist = 180 []
<16:25:18> [09F46B9D]     name_tag_hp_width_on_bgmode = 80 []
<16:25:18> [09F46B9D]     name_tag_hp_height_on_bgmode = 30 []
<16:25:18> [000004EE][Warning] [Lua Error] Failed to load script file scriptsbin/x2ui/assignment/form.alb
<16:25:18> [A13C772D][Warning] Cannot load texture ui/font_color.g, Image file format is invalid [File=ui/font_color.g]
<16:25:18> [B5A61D8F] Chat Channel(0) Color is not found.
<16:25:19> [000004EE][Warning] [Lua Error] ...ts/x2ui/loginstage/character_create/locale/en_us.lua:524: attempt to index a nil value
<16:25:19> [58F3F7FF][Warning] <null>:0: [Lua Error] Failed to execute file @game/scriptsbin/x2ui/loginstage/character_create/locale/en_us.alb
<16:25:19> [000004EE][Warning] [Lua] invalid style type...  / brown
<16:25:19> [7B1A973B] seamless loading cell terrain(W5, 8), (L0, 6)
<16:25:23> [CA175C82][Warning] non-stream IO. system(Material), filePath(game/objects/effects/pointer_a.mtl)
<16:25:35> [A13C772D][Warning] Cannot load texture ui/font_color.g, Image file format is invalid [File=ui/font_color.g]
<16:25:41> [745BAE2F][Warning] failed to stream material xml(game/objects/characters/animals/seagull/Material #0.mtl)
<16:25:41> [CE0EF930][Warning] failed to stream cgf : default
<16:25:44> [BB89797D][Warning] Cannot load texture  , file missing [File= ]
<16:25:46> [CE0EF930][Warning] failed to stream cgf : default
<16:25:49> [A4D70365][Warning] rigid-body own-entity; prefab=prefabs/interaction_c.xml/house.door_anp node=AnimObject_1
<16:26:18> [CA175C82][Warning] non-stream IO. system(Material), filePath(game/objects/effects/pointer_a.mtl)
<16:26:20> [000004EE][Warning] Independent immortal particle effect spawned: X2_EFFECT_O.Interaction.enchant_wpn_range_honor_3g
<16:26:21> [CFFE1C46][Error] Error streaming texture: Error 'Cannot open the file', Texture: game/objects/editor/suithelper/gradf.dds
<16:26:28> [CA175C82][Warning] non-stream IO. system(Material), filePath(game/materials/misc/rope/rope_fishing.mtl)
<16:26:28> [CFFE1C46][Error] Error streaming texture: Error 'Cannot open the file', Texture: game/objects/editor/suithelper/gradf.dds
<16:26:35> [CA175C82][Warning] non-stream IO. system(Material), filePath(game/materials/misc/rope/rope_fishing.mtl)
<16:26:35> [CFFE1C46][Error] Error streaming texture: Error 'Cannot open the file', Texture: game/objects/editor/suithelper/gradf.dds
<16:26:43> [CA175C82][Warning] non-stream IO. system(Material), filePath(game/materials/misc/rope/rope_fishing.mtl)
<16:26:43> [CFFE1C46][Error] Error streaming texture: Error 'Cannot open the file', Texture: game/objects/editor/suithelper/gradf.dds
<16:26:51> [CA175C82][Warning] non-stream IO. system(Material), filePath(game/materials/misc/rope/rope_fishing.mtl)
<16:26:51> [CFFE1C46][Error] Error streaming texture: Error 'Cannot open the file', Texture: game/objects/editor/suithelper/gradf.dds
<16:26:57> [CA175C82][Warning] non-stream IO. system(Material), filePath(game/materials/misc/rope/rope_fishing.mtl)
<16:26:57> [CFFE1C46][Error] Error streaming texture: Error 'Cannot open the file', Texture: game/objects/editor/suithelper/gradf.dds
<16:27:03> [CA175C82][Warning] non-stream IO. system(Material), filePath(game/materials/misc/rope/rope_fishing.mtl)
<16:27:03> [CFFE1C46][Error] Error streaming texture: Error 'Cannot open the file', Texture: game/objects/editor/suithelper/gradf.dds
<16:27:08> [CFFE1C46][Error] Error streaming texture: Error 'Cannot open the file', Texture: game/objects/editor/suithelper/gradf.dds
<16:27:12> [CA175C82][Warning] non-stream IO. system(Material), filePath(game/materials/misc/rope/rope_fishing.mtl)
<16:27:13> [CFFE1C46][Error] Error streaming texture: Error 'Cannot open the file', Texture: game/objects/editor/suithelper/gradf.dds
<16:27:18> [CFFE1C46][Error] Error streaming texture: Error 'Cannot open the file', Texture: game/objects/editor/suithelper/gradf.dds
<16:27:22> [CA175C82][Warning] non-stream IO. system(Material), filePath(game/materials/misc/rope/rope_fishing.mtl)
<16:27:23> [CFFE1C46][Error] Error streaming texture: Error 'Cannot open the file', Texture: game/objects/editor/suithelper/gradf.dds
<16:27:28> [CA175C82][Warning] non-stream IO. system(Material), filePath(game/materials/misc/rope/rope_fishing.mtl)
<16:27:28> [CFFE1C46][Error] Error streaming texture: Error 'Cannot open the file', Texture: game/objects/editor/suithelper/gradf.dds
<16:27:33> [CFFE1C46][Error] Error streaming texture: Error 'Cannot open the file', Texture: game/objects/editor/suithelper/gradf.dds
<16:27:39> [CFFE1C46][Error] Error streaming texture: Error 'Cannot open the file', Texture: game/objects/editor/suithelper/gradf.dds
<16:27:44> [CFFE1C46][Error] Error streaming texture: Error 'Cannot open the file', Texture: game/objects/editor/suithelper/gradf.dds
<16:27:49> [CFFE1C46][Error] Error streaming texture: Error 'Cannot open the file', Texture: game/objects/editor/suithelper/gradf.dds
<16:27:54> [CFFE1C46][Error] Error streaming texture: Error 'Cannot open the file', Texture: game/objects/editor/suithelper/gradf.dds
<16:27:59> [CFFE1C46][Error] Error streaming texture: Error 'Cannot open the file', Texture: game/objects/editor/suithelper/gradf.dds
<16:28:04> [CFFE1C46][Error] Error streaming texture: Error 'Cannot open the file', Texture: game/objects/editor/suithelper/gradf.dds
<16:28:10> [CFFE1C46][Error] Error streaming texture: Error 'Cannot open the file', Texture: game/objects/editor/suithelper/gradf.dds
<16:28:16> [CA175C82][Warning] non-stream IO. system(Material), filePath(game/materials/misc/rope/rope_fishing.mtl)
<16:28:16> [CFFE1C46][Error] Error streaming texture: Error 'Cannot open the file', Texture: game/objects/editor/suithelper/gradf.dds
<16:28:23> [CFFE1C46][Error] Error streaming texture: Error 'Cannot open the file', Texture: game/objects/editor/suithelper/gradf.dds
<16:28:31> [CFFE1C46][Error] Error streaming texture: Error 'Cannot open the file', Texture: game/objects/editor/suithelper/gradf.dds
<16:28:39> [CFFE1C46][Error] Error streaming texture: Error 'Cannot open the file', Texture: game/objects/editor/suithelper/gradf.dds
<16:28:45> [CA175C82][Warning] non-stream IO. system(Material), filePath(game/materials/misc/rope/rope_fishing.mtl)
<16:28:45> [CFFE1C46][Error] Error streaming texture: Error 'Cannot open the file', Texture: game/objects/editor/suithelper/gradf.dds
<16:28:50> [CA175C82][Warning] non-stream IO. system(Material), filePath(game/materials/misc/rope/rope_fishing.mtl)
<16:28:50> [CFFE1C46][Error] Error streaming texture: Error 'Cannot open the file', Texture: game/objects/editor/suithelper/gradf.dds
<16:28:56> [CA175C82][Warning] non-stream IO. system(Material), filePath(game/materials/misc/rope/rope_fishing.mtl)
<16:28:56> [CFFE1C46][Error] Error streaming texture: Error 'Cannot open the file', Texture: game/objects/editor/suithelper/gradf.dds
<16:29:01> [CFFE1C46][Error] Error streaming texture: Error 'Cannot open the file', Texture: game/objects/editor/suithelper/gradf.dds
<16:29:05> [CA175C82][Warning] non-stream IO. system(Material), filePath(game/materials/misc/rope/rope_fishing.mtl)
<16:29:06> [CFFE1C46][Error] Error streaming texture: Error 'Cannot open the file', Texture: game/objects/editor/suithelper/gradf.dds
<16:29:11> [CFFE1C46][Error] Error streaming texture: Error 'Cannot open the file', Texture: game/objects/editor/suithelper/gradf.dds
<16:29:15> [CA175C82][Warning] non-stream IO. system(Material), filePath(game/materials/misc/rope/rope_fishing.mtl)
<16:29:16> [CFFE1C46][Error] Error streaming texture: Error 'Cannot open the file', Texture: game/objects/editor/suithelper/gradf.dds
<16:29:22> [CA175C82][Warning] non-stream IO. system(Material), filePath(game/materials/misc/rope/rope_fishing.mtl)
<16:29:22> [CFFE1C46][Error] Error streaming texture: Error 'Cannot open the file', Texture: game/objects/editor/suithelper/gradf.dds
<16:29:29> [CA175C82][Warning] non-stream IO. system(Material), filePath(game/materials/misc/rope/rope_fishing.mtl)
<16:29:29> [CFFE1C46][Error] Error streaming texture: Error 'Cannot open the file', Texture: game/objects/editor/suithelper/gradf.dds
<16:29:34> [CFFE1C46][Error] Error streaming texture: Error 'Cannot open the file', Texture: game/objects/editor/suithelper/gradf.dds
<16:29:40> [CFFE1C46][Error] Error streaming texture: Error 'Cannot open the file', Texture: game/objects/editor/suithelper/gradf.dds
<16:29:46> [CA175C82][Warning] non-stream IO. system(Material), filePath(game/materials/misc/rope/rope_fishing.mtl)
<16:29:46> [CFFE1C46][Error] Error streaming texture: Error 'Cannot open the file', Texture: game/objects/editor/suithelper/gradf.dds
<16:29:52> [CA175C82][Warning] non-stream IO. system(Material), filePath(game/materials/misc/rope/rope_fishing.mtl)
<16:29:52> [CFFE1C46][Error] Error streaming texture: Error 'Cannot open the file', Texture: game/objects/editor/suithelper/gradf.dds
<16:29:59> [CA175C82][Warning] non-stream IO. system(Material), filePath(game/materials/misc/rope/rope_fishing.mtl)
<16:29:59> [CFFE1C46][Error] Error streaming texture: Error 'Cannot open the file', Texture: game/objects/editor/suithelper/gradf.dds
<16:30:06> [CA175C82][Warning] non-stream IO. system(Material), filePath(game/materials/misc/rope/rope_fishing.mtl)
<16:30:06> [CFFE1C46][Error] Error streaming texture: Error 'Cannot open the file', Texture: game/objects/editor/suithelper/gradf.dds
<16:30:12> [CA175C82][Warning] non-stream IO. system(Material), filePath(game/materials/misc/rope/rope_fishing.mtl)
<16:30:12> [CFFE1C46][Error] Error streaming texture: Error 'Cannot open the file', Texture: game/objects/editor/suithelper/gradf.dds
<16:30:20> [CA175C82][Warning] non-stream IO. system(Material), filePath(game/materials/misc/rope/rope_fishing.mtl)
<16:30:20> [CFFE1C46][Error] Error streaming texture: Error 'Cannot open the file', Texture: game/objects/editor/suithelper/gradf.dds
<16:30:25> [CFFE1C46][Error] Error streaming texture: Error 'Cannot open the file', Texture: game/objects/editor/suithelper/gradf.dds
<16:30:28> [CA175C82][Warning] non-stream IO. system(Material), filePath(game/materials/misc/rope/rope_fishing.mtl)
<16:30:30> [CFFE1C46][Error] Error streaming texture: Error 'Cannot open the file', Texture: game/objects/editor/suithelper/gradf.dds
<16:30:36> [CA175C82][Warning] non-stream IO. system(Material), filePath(game/materials/misc/rope/rope_fishing.mtl)
<16:30:36> [CFFE1C46][Error] Error streaming texture: Error 'Cannot open the file', Texture: game/objects/editor/suithelper/gradf.dds
<16:30:41> [CFFE1C46][Error] Error streaming texture: Error 'Cannot open the file', Texture: game/objects/editor/suithelper/gradf.dds
<16:30:44> [CA175C82][Warning] non-stream IO. system(Material), filePath(game/materials/misc/rope/rope_fishing.mtl)
<16:30:46> [CFFE1C46][Error] Error streaming texture: Error 'Cannot open the file', Texture: game/objects/editor/suithelper/gradf.dds
<16:30:50> [CA175C82][Warning] non-stream IO. system(Material), filePath(game/materials/misc/rope/rope_fishing.mtl)
<16:30:51> [CFFE1C46][Error] Error streaming texture: Error 'Cannot open the file', Texture: game/objects/editor/suithelper/gradf.dds
<16:30:56> [CFFE1C46][Error] Error streaming texture: Error 'Cannot open the file', Texture: game/objects/editor/suithelper/gradf.dds
<16:31:01> [CFFE1C46][Error] Error streaming texture: Error 'Cannot open the file', Texture: game/objects/editor/suithelper/gradf.dds
<16:31:07> [CFFE1C46][Error] Error streaming texture: Error 'Cannot open the file', Texture: game/objects/editor/suithelper/gradf.dds
<16:31:13> [CFFE1C46][Error] Error streaming texture: Error 'Cannot open the file', Texture: game/objects/editor/suithelper/gradf.dds
<16:31:19> [CFFE1C46][Error] Error streaming texture: Error 'Cannot open the file', Texture: game/objects/editor/suithelper/gradf.dds
<16:31:27> [CA175C82][Warning] non-stream IO. system(Material), filePath(game/materials/misc/rope/rope_fishing.mtl)
<16:31:27> [CFFE1C46][Error] Error streaming texture: Error 'Cannot open the file', Texture: game/objects/editor/suithelper/gradf.dds
<16:31:33> [CFFE1C46][Error] Error streaming texture: Error 'Cannot open the file', Texture: game/objects/editor/suithelper/gradf.dds
<16:31:38> [CFFE1C46][Error] Error streaming texture: Error 'Cannot open the file', Texture: game/objects/editor/suithelper/gradf.dds
<16:31:43> [CFFE1C46][Error] Error streaming texture: Error 'Cannot open the file', Texture: game/objects/editor/suithelper/gradf.dds
<16:31:50> [CFFE1C46][Error] Error streaming texture: Error 'Cannot open the file', Texture: game/objects/editor/suithelper/gradf.dds
<16:31:57> [CFFE1C46][Error] Error streaming texture: Error 'Cannot open the file', Texture: game/objects/editor/suithelper/gradf.dds
<16:32:04> [CFFE1C46][Error] Error streaming texture: Error 'Cannot open the file', Texture: game/objects/editor/suithelper/gradf.dds
<16:32:10> [CA175C82][Warning] non-stream IO. system(Material), filePath(game/materials/misc/rope/rope_fishing.mtl)
<16:32:10> [CFFE1C46][Error] Error streaming texture: Error 'Cannot open the file', Texture: game/objects/editor/suithelper/gradf.dds
<16:32:15> [CFFE1C46][Error] Error streaming texture: Error 'Cannot open the file', Texture: game/objects/editor/suithelper/gradf.dds
<16:32:20> [CFFE1C46][Error] Error streaming texture: Error 'Cannot open the file', Texture: game/objects/editor/suithelper/gradf.dds
<16:32:27> [CFFE1C46][Error] Error streaming texture: Error 'Cannot open the file', Texture: game/objects/editor/suithelper/gradf.dds
<16:32:32> [CFFE1C46][Error] Error streaming texture: Error 'Cannot open the file', Texture: game/objects/editor/suithelper/gradf.dds
<16:32:38> [CFFE1C46][Error] Error streaming texture: Error 'Cannot open the file', Texture: game/objects/editor/suithelper/gradf.dds
<16:32:44> [CA175C82][Warning] non-stream IO. system(Material), filePath(game/materials/misc/rope/rope_fishing.mtl)
<16:32:44> [CFFE1C46][Error] Error streaming texture: Error 'Cannot open the file', Texture: game/objects/editor/suithelper/gradf.dds
<16:32:51> [CFFE1C46][Error] Error streaming texture: Error 'Cannot open the file', Texture: game/objects/editor/suithelper/gradf.dds
<16:32:57> [CFFE1C46][Error] Error streaming texture: Error 'Cannot open the file', Texture: game/objects/editor/suithelper/gradf.dds
<16:33:03> [CFFE1C46][Error] Error streaming texture: Error 'Cannot open the file', Texture: game/objects/editor/suithelper/gradf.dds
<16:33:09> [CFFE1C46][Error] Error streaming texture: Error 'Cannot open the file', Texture: game/objects/editor/suithelper/gradf.dds
<16:33:15> [CA175C82][Warning] non-stream IO. system(Material), filePath(game/materials/misc/rope/rope_fishing.mtl)
<16:33:15> [CFFE1C46][Error] Error streaming texture: Error 'Cannot open the file', Texture: game/objects/editor/suithelper/gradf.dds
<16:33:22> [CFFE1C46][Error] Error streaming texture: Error 'Cannot open the file', Texture: game/objects/editor/suithelper/gradf.dds
<16:33:28> [CFFE1C46][Error] Error streaming texture: Error 'Cannot open the file', Texture: game/objects/editor/suithelper/gradf.dds
<16:33:34> [CFFE1C46][Error] Error streaming texture: Error 'Cannot open the file', Texture: game/objects/editor/suithelper/gradf.dds
<16:33:42> [CA175C82][Warning] non-stream IO. system(Material), filePath(game/materials/misc/rope/rope_fishing.mtl)
<16:33:42> [CFFE1C46][Error] Error streaming texture: Error 'Cannot open the file', Texture: game/objects/editor/suithelper/gradf.dds
<16:33:49> [CFFE1C46][Error] Error streaming texture: Error 'Cannot open the file', Texture: game/objects/editor/suithelper/gradf.dds
<16:33:55> [CFFE1C46][Error] Error streaming texture: Error 'Cannot open the file', Texture: game/objects/editor/suithelper/gradf.dds
<16:34:01> [CFFE1C46][Error] Error streaming texture: Error 'Cannot open the file', Texture: game/objects/editor/suithelper/gradf.dds
<16:34:07> [CFFE1C46][Error] Error streaming texture: Error 'Cannot open the file', Texture: game/objects/editor/suithelper/gradf.dds
<16:34:13> [CFFE1C46][Error] Error streaming texture: Error 'Cannot open the file', Texture: game/objects/editor/suithelper/gradf.dds
<16:34:20> [CA175C82][Warning] non-stream IO. system(Material), filePath(game/materials/misc/rope/rope_fishing.mtl)
<16:34:20> [CFFE1C46][Error] Error streaming texture: Error 'Cannot open the file', Texture: game/objects/editor/suithelper/gradf.dds
<16:34:28> [CFFE1C46][Error] Error streaming texture: Error 'Cannot open the file', Texture: game/objects/editor/suithelper/gradf.dds
<16:34:36> [CFFE1C46][Error] Error streaming texture: Error 'Cannot open the file', Texture: game/objects/editor/suithelper/gradf.dds
<16:34:43> [CFFE1C46][Error] Error streaming texture: Error 'Cannot open the file', Texture: game/objects/editor/suithelper/gradf.dds
<16:34:49> [CFFE1C46][Error] Error streaming texture: Error 'Cannot open the file', Texture: game/objects/editor/suithelper/gradf.dds
<16:34:56> [CA175C82][Warning] non-stream IO. system(Material), filePath(game/materials/misc/rope/rope_fishing.mtl)
<16:34:56> [CFFE1C46][Error] Error streaming texture: Error 'Cannot open the file', Texture: game/objects/editor/suithelper/gradf.dds
<16:35:03> [CFFE1C46][Error] Error streaming texture: Error 'Cannot open the file', Texture: game/objects/editor/suithelper/gradf.dds
<16:35:09> [CFFE1C46][Error] Error streaming texture: Error 'Cannot open the file', Texture: game/objects/editor/suithelper/gradf.dds
<16:35:16> [CFFE1C46][Error] Error streaming texture: Error 'Cannot open the file', Texture: game/objects/editor/suithelper/gradf.dds
<16:35:21> [CFFE1C46][Error] Error streaming texture: Error 'Cannot open the file', Texture: game/objects/editor/suithelper/gradf.dds
<16:35:26> [CFFE1C46][Error] Error streaming texture: Error 'Cannot open the file', Texture: game/objects/editor/suithelper/gradf.dds
<16:35:33> [CFFE1C46][Error] Error streaming texture: Error 'Cannot open the file', Texture: game/objects/editor/suithelper/gradf.dds
<16:35:40> [CA175C82][Warning] non-stream IO. system(Material), filePath(game/materials/misc/rope/rope_fishing.mtl)
<16:35:40> [CFFE1C46][Error] Error streaming texture: Error 'Cannot open the file', Texture: game/objects/editor/suithelper/gradf.dds
<16:35:44> [745BAE2F][Warning] failed to stream material xml(game/materials/effects/fume_h_ssd.mtl)
<16:35:47> [CFFE1C46][Error] Error streaming texture: Error 'Cannot open the file', Texture: game/objects/editor/suithelper/gradf.dds
<16:35:52> [CFFE1C46][Error] Error streaming texture: Error 'Cannot open the file', Texture: game/objects/editor/suithelper/gradf.dds
<16:35:57> [CFFE1C46][Error] Error streaming texture: Error 'Cannot open the file', Texture: game/objects/editor/suithelper/gradf.dds
<16:36:02> [CFFE1C46][Error] Error streaming texture: Error 'Cannot open the file', Texture: game/objects/editor/suithelper/gradf.dds
<16:36:07> [CFFE1C46][Error] Error streaming texture: Error 'Cannot open the file', Texture: game/objects/editor/suithelper/gradf.dds
<16:36:14> [CFFE1C46][Error] Error streaming texture: Error 'Cannot open the file', Texture: game/objects/editor/suithelper/gradf.dds
<16:36:19> [CFFE1C46][Error] Error streaming texture: Error 'Cannot open the file', Texture: game/objects/editor/suithelper/gradf.dds
<16:36:23> [CA175C82][Warning] non-stream IO. system(Material), filePath(game/materials/misc/rope/rope_fishing.mtl)
<16:36:24> [CFFE1C46][Error] Error streaming texture: Error 'Cannot open the file', Texture: game/objects/editor/suithelper/gradf.dds
<16:36:29> [CFFE1C46][Error] Error streaming texture: Error 'Cannot open the file', Texture: game/objects/editor/suithelper/gradf.dds
<16:36:37> [CFFE1C46][Error] Error streaming texture: Error 'Cannot open the file', Texture: game/objects/editor/suithelper/gradf.dds
<16:36:44> [CFFE1C46][Error] Error streaming texture: Error 'Cannot open the file', Texture: game/objects/editor/suithelper/gradf.dds
<16:36:52> [CFFE1C46][Error] Error streaming texture: Error 'Cannot open the file', Texture: game/objects/editor/suithelper/gradf.dds
<16:36:58> [CFFE1C46][Error] Error streaming texture: Error 'Cannot open the file', Texture: game/objects/editor/suithelper/gradf.dds
<16:37:04> [CA175C82][Warning] non-stream IO. system(Material), filePath(game/materials/misc/rope/rope_fishing.mtl)
<16:37:04> [CFFE1C46][Error] Error streaming texture: Error 'Cannot open the file', Texture: game/objects/editor/suithelper/gradf.dds
<16:37:09> [CFFE1C46][Error] Error streaming texture: Error 'Cannot open the file', Texture: game/objects/editor/suithelper/gradf.dds
<16:37:14> [CFFE1C46][Error] Error streaming texture: Error 'Cannot open the file', Texture: game/objects/editor/suithelper/gradf.dds
<16:37:20> [CFFE1C46][Error] Error streaming texture: Error 'Cannot open the file', Texture: game/objects/editor/suithelper/gradf.dds
<16:37:27> [CFFE1C46][Error] Error streaming texture: Error 'Cannot open the file', Texture: game/objects/editor/suithelper/gradf.dds
<16:37:32> [CFFE1C46][Error] Error streaming texture: Error 'Cannot open the file', Texture: game/objects/editor/suithelper/gradf.dds
<16:37:35> [745BAE2F][Warning] failed to stream material xml(game/materials/effects/fume_h_ssd.mtl)
<16:37:38> [CFFE1C46][Error] Error streaming texture: Error 'Cannot open the file', Texture: game/objects/editor/suithelper/gradf.dds
<16:37:44> [CA175C82][Warning] non-stream IO. system(Material), filePath(game/materials/misc/rope/rope_fishing.mtl)
<16:37:44> [CFFE1C46][Error] Error streaming texture: Error 'Cannot open the file', Texture: game/objects/editor/suithelper/gradf.dds
<16:37:52> [CFFE1C46][Error] Error streaming texture: Error 'Cannot open the file', Texture: game/objects/editor/suithelper/gradf.dds
<16:37:58> [CFFE1C46][Error] Error streaming texture: Error 'Cannot open the file', Texture: game/objects/editor/suithelper/gradf.dds
<16:38:05> [CFFE1C46][Error] Error streaming texture: Error 'Cannot open the file', Texture: game/objects/editor/suithelper/gradf.dds
<16:38:10> [CFFE1C46][Error] Error streaming texture: Error 'Cannot open the file', Texture: game/objects/editor/suithelper/gradf.dds
<16:38:15> [CFFE1C46][Error] Error streaming texture: Error 'Cannot open the file', Texture: game/objects/editor/suithelper/gradf.dds
<16:38:19> [CA175C82][Warning] non-stream IO. system(Material), filePath(game/materials/misc/rope/rope_fishing.mtl)
<16:38:21> [CFFE1C46][Error] Error streaming texture: Error 'Cannot open the file', Texture: game/objects/editor/suithelper/gradf.dds
<16:38:26> [CFFE1C46][Error] Error streaming texture: Error 'Cannot open the file', Texture: game/objects/editor/suithelper/gradf.dds
<16:38:32> [CFFE1C46][Error] Error streaming texture: Error 'Cannot open the file', Texture: game/objects/editor/suithelper/gradf.dds
<16:38:38> [CFFE1C46][Error] Error streaming texture: Error 'Cannot open the file', Texture: game/objects/editor/suithelper/gradf.dds
<16:38:45> [CFFE1C46][Error] Error streaming texture: Error 'Cannot open the file', Texture: game/objects/editor/suithelper/gradf.dds
<16:38:51> [CFFE1C46][Error] Error streaming texture: Error 'Cannot open the file', Texture: game/objects/editor/suithelper/gradf.dds
<16:38:57> [CFFE1C46][Error] Error streaming texture: Error 'Cannot open the file', Texture: game/objects/editor/suithelper/gradf.dds
<16:39:04> [CA175C82][Warning] non-stream IO. system(Material), filePath(game/materials/misc/rope/rope_fishing.mtl)
<16:39:04> [CFFE1C46][Error] Error streaming texture: Error 'Cannot open the file', Texture: game/objects/editor/suithelper/gradf.dds
<16:39:09> [CFFE1C46][Error] Error streaming texture: Error 'Cannot open the file', Texture: game/objects/editor/suithelper/gradf.dds
<16:39:15> [CFFE1C46][Error] Error streaming texture: Error 'Cannot open the file', Texture: game/objects/editor/suithelper/gradf.dds
<16:39:21> [CFFE1C46][Error] Error streaming texture: Error 'Cannot open the file', Texture: game/objects/editor/suithelper/gradf.dds
<16:39:28> [CFFE1C46][Error] Error streaming texture: Error 'Cannot open the file', Texture: game/objects/editor/suithelper/gradf.dds
<16:39:35> [CFFE1C46][Error] Error streaming texture: Error 'Cannot open the file', Texture: game/objects/editor/suithelper/gradf.dds
<16:39:43> [CA175C82][Warning] non-stream IO. system(Material), filePath(game/materials/misc/rope/rope_fishing.mtl)
<16:39:43> [CFFE1C46][Error] Error streaming texture: Error 'Cannot open the file', Texture: game/objects/editor/suithelper/gradf.dds
<16:39:49> [CFFE1C46][Error] Error streaming texture: Error 'Cannot open the file', Texture: game/objects/editor/suithelper/gradf.dds
<16:39:55> [CFFE1C46][Error] Error streaming texture: Error 'Cannot open the file', Texture: game/objects/editor/suithelper/gradf.dds
<16:40:02> [CFFE1C46][Error] Error streaming texture: Error 'Cannot open the file', Texture: game/objects/editor/suithelper/gradf.dds
<16:40:09> [CFFE1C46][Error] Error streaming texture: Error 'Cannot open the file', Texture: game/objects/editor/suithelper/gradf.dds
<16:40:16> [CFFE1C46][Error] Error streaming texture: Error 'Cannot open the file', Texture: game/objects/editor/suithelper/gradf.dds
<16:40:22> [CA175C82][Warning] non-stream IO. system(Material), filePath(game/materials/misc/rope/rope_fishing.mtl)
<16:40:22> [CFFE1C46][Error] Error streaming texture: Error 'Cannot open the file', Texture: game/objects/editor/suithelper/gradf.dds
<16:40:28> [CFFE1C46][Error] Error streaming texture: Error 'Cannot open the file', Texture: game/objects/editor/suithelper/gradf.dds
<16:40:34> [CFFE1C46][Error] Error streaming texture: Error 'Cannot open the file', Texture: game/objects/editor/suithelper/gradf.dds
<16:40:40> [CFFE1C46][Error] Error streaming texture: Error 'Cannot open the file', Texture: game/objects/editor/suithelper/gradf.dds
<16:40:45> [CFFE1C46][Error] Error streaming texture: Error 'Cannot open the file', Texture: game/objects/editor/suithelper/gradf.dds
<16:40:50> [CA175C82][Warning] non-stream IO. system(Material), filePath(game/materials/misc/rope/rope_fishing.mtl)
<16:40:50> [CFFE1C46][Error] Error streaming texture: Error 'Cannot open the file', Texture: game/objects/editor/suithelper/gradf.dds
<16:40:57> [CFFE1C46][Error] Error streaming texture: Error 'Cannot open the file', Texture: game/objects/editor/suithelper/gradf.dds
<16:41:04> [CFFE1C46][Error] Error streaming texture: Error 'Cannot open the file', Texture: game/objects/editor/suithelper/gradf.dds
<16:41:10> [CFFE1C46][Error] Error streaming texture: Error 'Cannot open the file', Texture: game/objects/editor/suithelper/gradf.dds
<16:41:17> [CFFE1C46][Error] Error streaming texture: Error 'Cannot open the file', Texture: game/objects/editor/suithelper/gradf.dds
<16:41:22> [CFFE1C46][Error] Error streaming texture: Error 'Cannot open the file', Texture: game/objects/editor/suithelper/gradf.dds
<16:41:27> [CFFE1C46][Error] Error streaming texture: Error 'Cannot open the file', Texture: game/objects/editor/suithelper/gradf.dds
<16:41:31> [CA175C82][Warning] non-stream IO. system(Material), filePath(game/materials/misc/rope/rope_fishing.mtl)
<16:41:32> [CFFE1C46][Error] Error streaming texture: Error 'Cannot open the file', Texture: game/objects/editor/suithelper/gradf.dds
<16:41:38> [CFFE1C46][Error] Error streaming texture: Error 'Cannot open the file', Texture: game/objects/editor/suithelper/gradf.dds
<16:41:45> [CFFE1C46][Error] Error streaming texture: Error 'Cannot open the file', Texture: game/objects/editor/suithelper/gradf.dds
<16:41:50> [CFFE1C46][Error] Error streaming texture: Error 'Cannot open the file', Texture: game/objects/editor/suithelper/gradf.dds
<16:41:56> [CFFE1C46][Error] Error streaming texture: Error 'Cannot open the file', Texture: game/objects/editor/suithelper/gradf.dds
<16:42:01> [CFFE1C46][Error] Error streaming texture: Error 'Cannot open the file', Texture: game/objects/editor/suithelper/gradf.dds
<16:42:06> [CFFE1C46][Error] Error streaming texture: Error 'Cannot open the file', Texture: game/objects/editor/suithelper/gradf.dds
<16:42:14> [CFFE1C46][Error] Error streaming texture: Error 'Cannot open the file', Texture: game/objects/editor/suithelper/gradf.dds
<16:42:21> [CFFE1C46][Error] Error streaming texture: Error 'Cannot open the file', Texture: game/objects/editor/suithelper/gradf.dds
<16:42:25> [CFFE1C46][Error] Error streaming texture: Error 'Cannot open the file', Texture: game/objects/editor/suithelper/gradf.dds
<16:42:31> [CA175C82][Warning] non-stream IO. system(Material), filePath(game/materials/misc/rope/rope_fishing.mtl)
<16:42:31> [CFFE1C46][Error] Error streaming texture: Error 'Cannot open the file', Texture: game/objects/editor/suithelper/gradf.dds
<16:42:37> [CA175C82][Warning] non-stream IO. system(Material), filePath(game/materials/misc/rope/rope_fishing.mtl)
<16:42:37> [CFFE1C46][Error] Error streaming texture: Error 'Cannot open the file', Texture: game/objects/editor/suithelper/gradf.dds
<16:42:43> [CFFE1C46][Error] Error streaming texture: Error 'Cannot open the file', Texture: game/objects/editor/suithelper/gradf.dds
<16:42:49> [CFFE1C46][Error] Error streaming texture: Error 'Cannot open the file', Texture: game/objects/editor/suithelper/gradf.dds
<16:42:55> [CFFE1C46][Error] Error streaming texture: Error 'Cannot open the file', Texture: game/objects/editor/suithelper/gradf.dds
<16:43:01> [CA175C82][Warning] non-stream IO. system(Material), filePath(game/materials/misc/rope/rope_fishing.mtl)
<16:43:01> [CFFE1C46][Error] Error streaming texture: Error 'Cannot open the file', Texture: game/objects/editor/suithelper/gradf.dds
<16:43:06> [CFFE1C46][Error] Error streaming texture: Error 'Cannot open the file', Texture: game/objects/editor/suithelper/gradf.dds
<16:43:11> [CFFE1C46][Error] Error streaming texture: Error 'Cannot open the file', Texture: game/objects/editor/suithelper/gradf.dds
<16:43:16> [CFFE1C46][Error] Error streaming texture: Error 'Cannot open the file', Texture: game/objects/editor/suithelper/gradf.dds
<16:43:22> [CFFE1C46][Error] Error streaming texture: Error 'Cannot open the file', Texture: game/objects/editor/suithelper/gradf.dds
<16:43:27> [CFFE1C46][Error] Error streaming texture: Error 'Cannot open the file', Texture: game/objects/editor/suithelper/gradf.dds
<16:43:32> [CFFE1C46][Error] Error streaming texture: Error 'Cannot open the file', Texture: game/objects/editor/suithelper/gradf.dds
<16:43:37> [CFFE1C46][Error] Error streaming texture: Error 'Cannot open the file', Texture: game/objects/editor/suithelper/gradf.dds
<16:43:42> [CFFE1C46][Error] Error streaming texture: Error 'Cannot open the file', Texture: game/objects/editor/suithelper/gradf.dds
<16:43:47> [CFFE1C46][Error] Error streaming texture: Error 'Cannot open the file', Texture: game/objects/editor/suithelper/gradf.dds
<16:43:53> [CFFE1C46][Error] Error streaming texture: Error 'Cannot open the file', Texture: game/objects/editor/suithelper/gradf.dds
<16:44:01> [CA175C82][Warning] non-stream IO. system(Material), filePath(game/materials/misc/rope/rope_fishing.mtl)
<16:44:01> [CFFE1C46][Error] Error streaming texture: Error 'Cannot open the file', Texture: game/objects/editor/suithelper/gradf.dds
<16:44:07> [CFFE1C46][Error] Error streaming texture: Error 'Cannot open the file', Texture: game/objects/editor/suithelper/gradf.dds
<16:44:12> [CFFE1C46][Error] Error streaming texture: Error 'Cannot open the file', Texture: game/objects/editor/suithelper/gradf.dds
<16:44:19> [CFFE1C46][Error] Error streaming texture: Error 'Cannot open the file', Texture: game/objects/editor/suithelper/gradf.dds
<16:44:24> [CFFE1C46][Error] Error streaming texture: Error 'Cannot open the file', Texture: game/objects/editor/suithelper/gradf.dds
<16:44:30> [CFFE1C46][Error] Error streaming texture: Error 'Cannot open the file', Texture: game/objects/editor/suithelper/gradf.dds
<16:44:35> [CA175C82][Warning] non-stream IO. system(Material), filePath(game/materials/misc/rope/rope_fishing.mtl)
<16:44:35> [CFFE1C46][Error] Error streaming texture: Error 'Cannot open the file', Texture: game/objects/editor/suithelper/gradf.dds
<16:44:42> [CFFE1C46][Error] Error streaming texture: Error 'Cannot open the file', Texture: game/objects/editor/suithelper/gradf.dds
<16:44:49> [CFFE1C46][Error] Error streaming texture: Error 'Cannot open the file', Texture: game/objects/editor/suithelper/gradf.dds
<16:44:55> [CFFE1C46][Error] Error streaming texture: Error 'Cannot open the file', Texture: game/objects/editor/suithelper/gradf.dds
<16:45:02> [CFFE1C46][Error] Error streaming texture: Error 'Cannot open the file', Texture: game/objects/editor/suithelper/gradf.dds
<16:45:07> [CFFE1C46][Error] Error streaming texture: Error 'Cannot open the file', Texture: game/objects/editor/suithelper/gradf.dds
<16:45:11> [CA175C82][Warning] non-stream IO. system(Material), filePath(game/materials/misc/rope/rope_fishing.mtl)
<16:45:12> [CFFE1C46][Error] Error streaming texture: Error 'Cannot open the file', Texture: game/objects/editor/suithelper/gradf.dds
<16:45:20> [CFFE1C46][Error] Error streaming texture: Error 'Cannot open the file', Texture: game/objects/editor/suithelper/gradf.dds
<16:45:25> [CFFE1C46][Error] Error streaming texture: Error 'Cannot open the file', Texture: game/objects/editor/suithelper/gradf.dds
<16:45:31> [CFFE1C46][Error] Error streaming texture: Error 'Cannot open the file', Texture: game/objects/editor/suithelper/gradf.dds
<16:45:38> [CFFE1C46][Error] Error streaming texture: Error 'Cannot open the file', Texture: game/objects/editor/suithelper/gradf.dds
<16:45:43> [CFFE1C46][Error] Error streaming texture: Error 'Cannot open the file', Texture: game/objects/editor/suithelper/gradf.dds
<16:45:51> [CA175C82][Warning] non-stream IO. system(Material), filePath(game/materials/misc/rope/rope_fishing.mtl)
<16:45:51> [CFFE1C46][Error] Error streaming texture: Error 'Cannot open the file', Texture: game/objects/editor/suithelper/gradf.dds
<16:45:57> [CFFE1C46][Error] Error streaming texture: Error 'Cannot open the file', Texture: game/objects/editor/suithelper/gradf.dds
<16:46:02> [CFFE1C46][Error] Error streaming texture: Error 'Cannot open the file', Texture: game/objects/editor/suithelper/gradf.dds
<16:46:07> [CFFE1C46][Error] Error streaming texture: Error 'Cannot open the file', Texture: game/objects/editor/suithelper/gradf.dds
<16:46:12> [CFFE1C46][Error] Error streaming texture: Error 'Cannot open the file', Texture: game/objects/editor/suithelper/gradf.dds
<16:46:20> [CFFE1C46][Error] Error streaming texture: Error 'Cannot open the file', Texture: game/objects/editor/suithelper/gradf.dds
<16:46:25> [CFFE1C46][Error] Error streaming texture: Error 'Cannot open the file', Texture: game/objects/editor/suithelper/gradf.dds
<16:46:31> [CFFE1C46][Error] Error streaming texture: Error 'Cannot open the file', Texture: game/objects/editor/suithelper/gradf.dds
<16:46:37> [CFFE1C46][Error] Error streaming texture: Error 'Cannot open the file', Texture: game/objects/editor/suithelper/gradf.dds
<16:46:43> [CA175C82][Warning] non-stream IO. system(Material), filePath(game/materials/misc/rope/rope_fishing.mtl)
<16:46:43> [CFFE1C46][Error] Error streaming texture: Error 'Cannot open the file', Texture: game/objects/editor/suithelper/gradf.dds
<16:46:49> [CFFE1C46][Error] Error streaming texture: Error 'Cannot open the file', Texture: game/objects/editor/suithelper/gradf.dds
<16:46:54> [CFFE1C46][Error] Error streaming texture: Error 'Cannot open the file', Texture: game/objects/editor/suithelper/gradf.dds
<16:47:00> [CFFE1C46][Error] Error streaming texture: Error 'Cannot open the file', Texture: game/objects/editor/suithelper/gradf.dds
<16:47:07> [CFFE1C46][Error] Error streaming texture: Error 'Cannot open the file', Texture: game/objects/editor/suithelper/gradf.dds
<16:47:13> [CFFE1C46][Error] Error streaming texture: Error 'Cannot open the file', Texture: game/objects/editor/suithelper/gradf.dds
<16:47:20> [CFFE1C46][Error] Error streaming texture: Error 'Cannot open the file', Texture: game/objects/editor/suithelper/gradf.dds
<16:47:26> [CA175C82][Warning] non-stream IO. system(Material), filePath(game/materials/misc/rope/rope_fishing.mtl)
<16:47:26> [CFFE1C46][Error] Error streaming texture: Error 'Cannot open the file', Texture: game/objects/editor/suithelper/gradf.dds
<16:47:32> [CFFE1C46][Error] Error streaming texture: Error 'Cannot open the file', Texture: game/objects/editor/suithelper/gradf.dds
<16:47:38> [CFFE1C46][Error] Error streaming texture: Error 'Cannot open the file', Texture: game/objects/editor/suithelper/gradf.dds
<16:47:46> [CFFE1C46][Error] Error streaming texture: Error 'Cannot open the file', Texture: game/objects/editor/suithelper/gradf.dds
<16:47:51> [CA175C82][Warning] non-stream IO. system(Material), filePath(game/materials/misc/rope/rope_fishing.mtl)
<16:47:51> [CFFE1C46][Error] Error streaming texture: Error 'Cannot open the file', Texture: game/objects/editor/suithelper/gradf.dds
<16:47:57> [CA175C82][Warning] non-stream IO. system(Material), filePath(game/materials/misc/rope/rope_fishing.mtl)
<16:47:57> [CFFE1C46][Error] Error streaming texture: Error 'Cannot open the file', Texture: game/objects/editor/suithelper/gradf.dds
<16:48:03> [CA175C82][Warning] non-stream IO. system(Material), filePath(game/objects/effects/keffect/m_enchant1_pink_s.mtl)
<16:48:03> [000004EE][Warning] [Lua Error] 1_3_0/scripts/x2ui/characterinfo/character_info.lua:520: attempt to call method 'AnimForEquipped' (a nil value)
<16:48:04> [3EF08C47] seamless loading cell object(W6, 6), (L1, 4)
<16:48:09> [62232BEA][Warning] deferred xml stream error - game/animations/animals/piggy/lmg_files/normal_run.lmg : f0000003
<16:48:11> [A4D70365][Warning] rigid-body own-entity; prefab=prefabs/making_bee.xml/making_bee.bee03 node=AnimObject_2
<16:48:13> [C53E6FFE][Warning] non cached CDF material(objects/Characters/monster/snowlion/snowlion_blue/snowlion_blue.mtl, game/objects/characters/monster/snowlion/snowlion_blue/snowlion_blue.cdf)
<16:48:13> [CA175C82][Warning] non-stream IO. system(Material), filePath(game/objects/characters/monster/snowlion/snowlion_blue/snowlion_blue.mtl)
<16:48:14> [DE20B351][Warning] Flow Graph Node targets unknown entity guid: 4aeefc04e8c803c0
<16:48:14> [63ABB424][Warning] Facial sequence "fist_ac_whistle" not listed in CAL file for character "game/objects/characters/warborn/female/nude/wa_f_base.chr".
<16:48:14> [5CE4EF2C][Warning] failed to load particle lib from (Libs/Particles/game/x2_effects.xml)
<16:48:14> [000004EE][Warning] Particle effect not found: 'game/x2_effects.sword_trail_test2', from unknown 
<16:48:14> [B95EE41B][Error] invalid parent unit id(118547)
<16:48:20> [000004EE][Warning] Particle effect not found: 'game/abillity_skill_table_m.wild.poison_shot_hit', from unknown 
<16:48:20> [5CE4EF2C][Warning] failed to load particle lib from (Libs/Particles/game/x2_effect_o.xml)
<16:48:20> [745BAE2F][Warning] failed to stream material xml(game/objects/characters/ferre/female/face/fe_f_face00_whtp03.mtl)
<16:48:20> [00DCF04C][Warning] Cannot load texture game/objects/characters/ferre/female/test/fe_f_nude_fur_df.dds, file missing [File=game/objects/characters/ferre/female/test/fe_f_nude_fur_df.dds]
<16:48:20> [637AF710][Warning] missing chr material : game/objects/characters/ferre/female/parts/cp/obj/fe_f_1cp101.mtl (chr: game/objects/characters/ferre/female/parts/cp/obj/fe_f_1cp101.chr)
<16:48:20> [CA175C82][Warning] non-stream IO. system(Material), filePath(game/objects/effects/keffect/m_enchant3_silver_l.mtl)
<16:48:20> [000004EE][Warning] [CGF Error] game/objects/env/06_unit/06_glider/glider_wing_crystal/glider_wing_crystal_back.cgf [:] LOD1 of geometry  contains too many polygons comparing to the LOD0 [2720 against 4064] :
<16:48:23> [3EF08C47] seamless loading cell object(W7, 4), (L2, 2)
<16:48:24> [F9376E0D][Warning] [flow] FG-0x6300EA2C-Entity 'AnimObject_19' was destroyed with pending updates/activations. Report follows...
<16:48:24> [A8F1529E][Warning] [flow] Pending nodes:
<16:48:25> [000004EE][Warning] Particle effect not found: 'game/abillity_skill_table_m.fight.full_dot_end', from unknown 
<16:48:25> [745BAE2F][Warning] failed to stream material xml(game/objects/characters/elf/male/parts/hm/obj/el_m_hm_metal166.mtl)
<16:48:26> [637AF710][Warning] missing chr material : game/objects/characters/elf/male/parts/hm/obj/el_m_hm_metal166.mtl (chr: game/objects/characters/elf/male/parts/hm/obj/el_m_3hm114.chr)
<16:48:26> [2363981C][Warning] chr material is not precached : game/objects/characters/elf/female/costume/el_f_sk_lucius001/el_f_sk_lucius001_h.mtl (chr: game/objects/characters/elf/female/costume/el_f_sk_lucius001/el_f_sk_lucius001_h.chr)
<16:48:26> [CA175C82][Warning] non-stream IO. system(Material), filePath(game/objects/characters/elf/female/costume/el_f_sk_lucius001/el_f_sk_lucius001_h.mtl)
<16:48:26> [000004EE][Warning] Independent immortal particle effect spawned: X2_EFFECT_O.Interaction.enchant_wpn_range_honor_2g
<16:48:26> [7AB931CE] seamless unloading cell object(W11, 10), (L6, 5)
<16:48:26> [3EF08C47] seamless loading cell object(W6, 7), (L1, 5)
<16:48:29> [A4D70365][Warning] rigid-body own-entity; prefab=prefabs/making_bee.xml/making_bee.bee02 node=AnimObject_2
<16:48:29> [437E3168][Warning] Cannot load texture game/objects/characters/monster/phoenix_white/phoenix_white2_df.dds, file missing [File=game/objects/characters/monster/phoenix_white/phoenix_white2_df.dds]
<16:48:29> [DE20B351][Warning] Flow Graph Node targets unknown entity guid: 4441e9eb2d57a9da
<16:48:31> [000004EE][Warning] Particle effect not found: 'game/ability_skill_table_k.p_skill_vocation.p_skill_dark_attack_hit', from unknown 
<16:48:31> [CA175C82][Warning] non-stream IO. system(Material), filePath(game/objects/effects/keffect/m_enchant1_pink_m.mtl)
<16:48:32> [745BAE2F][Warning] failed to stream material xml(game/objects/characters/nuian/male/parts/gv/obj/nu_m_gv_cloth037.mtl)
<16:48:32> [637AF710][Warning] missing chr material : game/objects/characters/nuian/male/parts/pt/obj/nu_m_pt_leather145.mtl (chr: game/objects/characters/nuian/male/parts/pt/obj/nu_m_1pt600.chr)
<16:48:32> [F9376E0D][Warning] [flow] FG-0x7B4F593C-Entity 'AnimObject_19' was destroyed with pending updates/activations. Report follows...
<16:48:32> [A8F1529E][Warning] [flow] Pending nodes:
<16:48:34> [3EF08C47] seamless loading cell object(W6, 5), (L1, 3)
<16:48:36> [B866A294] seamless unloading cell terrain(W12, 11), (L7, 6)
<16:48:38> [DE20B351][Warning] Flow Graph Node targets unknown entity guid: 4b2fb81ffe6b0dc9
<16:48:39> [F9376E0D][Warning] [flow] FG-0x815D14CC-Entity 'AnimObject_19' was destroyed with pending updates/activations. Report follows...
<16:48:39> [A8F1529E][Warning] [flow] Pending nodes:
<16:48:40> [B95EE41B][Error] invalid parent unit id(118547)
<16:48:41> [7AB931CE] seamless unloading cell object(W11, 9), (L6, 4)
<16:48:45> [F9376E0D][Warning] [flow] FG-0x815D1394-Entity 'AnimObject_19' was destroyed with pending updates/activations. Report follows...
<16:48:45> [A8F1529E][Warning] [flow] Pending nodes:
<16:49:00> [000004EE][Warning] Particle effect not found: 'game/abillity_skill_table_m.fight.roaring_launch', from unknown 
<16:49:10> [63ABB424][Warning] Facial sequence "fist_ac_whistle" not listed in CAL file for character "game/objects/characters/nuian/female/nude/nu_f_base.chr".
<16:49:15> [B95EE41B][Error] invalid parent unit id(106495)
<16:49:30> [B95EE41B][Error] invalid parent unit id(106495)
<16:49:47> [000004EE][Warning] Particle effect not found: 'game/x2_effects_k.j_pc_effects.skill_hatred_dt_cursethorns_cast', from unknown 
<16:49:47> [745BAE2F][Warning] failed to stream material xml(game/objects/characters/elf/male/parts/hm/obj/el_m_hm_leather001.mtl)
<16:49:47> [E407C037][Warning] Cannot load texture game/objects/characters/texture/cp/nu_m_cp_cloth045_df.dds, file missing [File=game/objects/characters/texture/cp/nu_m_cp_cloth045_df.dds]
<16:49:47> [637AF710][Warning] missing chr material : game/objects/characters/elf/male/parts/gv/obj/el_m_gv_leather001.mtl (chr: game/objects/characters/elf/male/parts/gv/obj/el_m_2gv102.chr)
<16:49:48> [000004EE][Warning] [CGF Error] game/objects/env/06_unit/06_glider/glider_wing_crystal/glider_wing_crystal_back.cgf [:] LOD1 of geometry  contains too many polygons comparing to the LOD0 [2720 against 4064] :
<16:50:04> Loading Particle Library: X2_EFFECT_KSW
<16:50:04> [745BAE2F][Warning] failed to stream material xml(game/objects/effects/ksw_effect/qilin.mtl)
<16:50:04> [B95EE41B][Error] invalid parent unit id(79277)
<16:50:17> [B95EE41B][Error] invalid parent unit id(79277)
<16:51:33> [000004EE][Warning] Particle effect not found: 'game/abillity_skill_table_m.wild.lights_arrow_hit', from unknown 
<16:51:34> [745BAE2F][Warning] failed to stream material xml(game/objects/characters/dwarf/female/parts/cp/obj/Material #0.mtl)
<16:51:34> [637AF710][Warning] missing chr material : game/objects/characters/dwarf/female/parts/bo/obj/dw_f_bo_cloth156.mtl (chr: game/objects/characters/dwarf/female/parts/bo/obj/dw_f_1bo403.chr)
<16:51:48> [000004EE][Warning] Particle effect not found: 'game/ability_skill_table_k.p_skill_love.cure_spring_form', from unknown 
<16:51:48> [745BAE2F][Warning] failed to stream material xml(game/objects/characters/elf/male/parts/ar/obj/el_m_ar_cloth168.mtl)
<16:51:48> [637AF710][Warning] missing chr material : game/objects/characters/elf/male/parts/ar/obj/el_m_ar_cloth168.mtl (chr: game/objects/characters/elf/male/parts/ar/obj/el_m_2sh018_5ar204.chr)
<16:51:48> [000004EE][Warning] Independent immortal particle effect spawned: X2_EFFECT_O.Interaction.enchant_wpn_range_honor_2g
<16:53:46> [000004EE][Warning] Particle effect not found: 'game/x2_effect_o.pc.skill_hatred_ft_devilsword_launch', from unknown 
<16:53:46> [745BAE2F][Warning] failed to stream material xml(game/objects/characters/elf/female/parts/cp/obj/nu_f_1cp101.mtl)
<16:53:46> [637AF710][Warning] missing chr material : game/objects/characters/elf/female/parts/cp/obj/nu_f_1cp101.mtl (chr: game/objects/characters/elf/female/parts/cp/obj/el_f_1cp101.chr)
<16:53:46> [CA175C82][Warning] non-stream IO. system(Material), filePath(game/objects/effects/keffect/m_enchant2_yellow_l.mtl)
<16:53:46> [000004EE][Warning] Independent immortal particle effect spawned: X2_EFFECT_O.Interaction.enchant_wpn_range_honor_3g
<16:54:08> [745BAE2F][Warning] failed to stream material xml(game/objects/characters/elf/male/parts/hm/obj/el_m_hm_cloth165.mtl)
<16:54:08> [637AF710][Warning] missing chr material : game/objects/characters/elf/male/parts/hm/obj/el_m_hm_cloth165.mtl (chr: game/objects/characters/elf/male/parts/hm/obj/el_m_1hm202.chr)
<16:55:00> [63ABB424][Warning] Facial sequence "fist_ac_whistle" not listed in CAL file for character "game/objects/characters/elf/male/nude/el_m_base.chr".
<16:55:01> [B95EE41B][Error] invalid parent unit id(100216)
<16:55:39> [B95EE41B][Error] invalid parent unit id(100216)
<16:56:24> [745BAE2F][Warning] failed to stream material xml(game/objects/characters/elf/female/parts/cp/obj/nu_f_1cp101.mtl)
<16:56:24> [637AF710][Warning] missing chr material : game/objects/characters/elf/female/parts/cp/obj/nu_f_1cp101.mtl (chr: game/objects/characters/elf/female/parts/cp/obj/el_f_1cp101.chr)
<16:56:24> [000004EE][Warning] Independent immortal particle effect spawned: X2_EFFECT_O.Interaction.enchant_wpn_range_honor_3g
<16:56:59> [B95EE41B][Error] invalid parent unit id(107102)
<16:56:59> [745BAE2F][Warning] failed to stream material xml(game/objects/characters/elf/male/parts/hm/obj/el_m_hm_metal166.mtl)
<16:57:00> [637AF710][Warning] missing chr material : game/objects/characters/elf/male/parts/gv/obj/el_m_gv_metal166.mtl (chr: game/objects/characters/elf/male/parts/gv/obj/el_m_3gv202.chr)
<16:57:00> [000004EE][Warning] Independent immortal particle effect spawned: X2_EFFECT_O.Interaction.enchant_wpn_range_honor_2g
<16:57:09> [B95EE41B][Error] invalid parent unit id(107102)
<16:57:11> [2363981C][Warning] chr material is not precached : game/objects/characters/elf/female/costume/el_f_sk_lucius001/el_f_sk_lucius001_h.mtl (chr: game/objects/characters/elf/female/costume/el_f_sk_lucius001/el_f_sk_lucius001_h.chr)
<16:57:11> [CA175C82][Warning] non-stream IO. system(Material), filePath(game/objects/characters/elf/female/costume/el_f_sk_lucius001/el_f_sk_lucius001_h.mtl)
<16:57:21> [000004EE][Warning] Particle effect not found: 'game/ability_skill_table_k.p_skill_will.masic_ex_launch_level1', from unknown 
<16:57:22> [000004EE][Warning] Independent immortal particle effect spawned: X2_EFFECT_O.Interaction.enchant_wpn_range_honor_3g
<16:57:26> [63ABB424][Warning] Facial sequence "fist_ac_whistle" not listed in CAL file for character "game/objects/characters/elf/male/nude/el_m_base.chr".
<16:57:27> [B95EE41B][Error] invalid parent unit id(98271)
<16:57:37> [B95EE41B][Error] invalid parent unit id(98271)
<16:57:44> [B95EE41B][Error] invalid parent unit id(45658)
<16:58:09> [63ABB424][Warning] Facial sequence "fist_ac_whistle" not listed in CAL file for character "game/objects/characters/hariharan/female/nude/ha_f_base.chr".
<16:58:10> [745BAE2F][Warning] failed to stream material xml(game/objects/effects/ksw_effect/qilin.mtl)
<16:58:10> [B95EE41B][Error] invalid parent unit id(42291)
<16:58:17> [B95EE41B][Error] invalid parent unit id(42291)
<16:58:25> [B95EE41B][Error] invalid parent unit id(124968)
<16:58:25> [000004EE][Warning] Particle effect not found: 'game/abillity_skill_table_m.illusion.poison_exp_launch', from unknown 
<16:58:26> [745BAE2F][Warning] failed to stream material xml(game/objects/characters/nuian/male/parts/ar/obj/nu_m_ar_metal166.mtl)
<16:58:26> [637AF710][Warning] missing chr material : game/objects/characters/nuian/male/parts/ar/obj/nu_m_ar_metal166.mtl (chr: game/objects/characters/nuian/male/parts/ar/obj/nu_m_1ac016_1arm030_3ar902_3arm006_3bt008_3eb001_3pv003_3sh024.chr)
<16:58:29> [2BFDEC33][Error] realstep 8, not match unit req
<16:59:19> [BCCDC555][Warning] MakeSprite - too many sprite update (10). dropping.. (sprites : 42)
<16:59:22> [000004EE][Warning] Independent immortal particle effect spawned: X2_EFFECT_O.Interaction.enchant_wpn_range_honor_3g
<16:59:39> [000004EE][Warning] Particle effect not found: 'game/ability_skill_table_k.p_skill_love.partyhill_form_sound', from unknown 
<16:59:39> [745BAE2F][Warning] failed to stream material xml(game/objects/characters/dwarf/female/hair/dw_f_hair_common/dw_f_hair002.mtl)
<16:59:39> [637AF710][Warning] missing chr material : game/objects/characters/dwarf/female/hair/dw_f_hair_common/dw_f_hair002.mtl (chr: game/objects/characters/dwarf/female/hair/dw_f_hair_common/dw_f_hair_common0100s_type3.chr)
<16:59:40> [CA175C82][Warning] non-stream IO. system(Material), filePath(game/objects/characters/dwarf/female/hair/dw_f_hair039/dw_f_hair039.mtl)
<16:59:40> [FB47A03E][Warning] Cannot load texture textures/cubemaps/beach_blur.dd, file missing [File=textures/cubemaps/beach_blur.dd]
<17:01:28> [B95EE41B][Error] invalid parent unit id(124968)
<17:04:12> [F9376E0D][Warning] [flow] FG-0x7B4F6F2C-Entity 'AnimObject_19' was destroyed with pending updates/activations. Report follows...
<17:04:12> [A8F1529E][Warning] [flow] Pending nodes:
<17:04:15> [CE2F4035][Warning] chr physical geom is not precached. (game/objects/characters/monster/hs_f_okidna/hs_f_okidna_c.chr)
<17:04:45> [DE20B351][Warning] Flow Graph Node targets unknown entity guid: 4441e9eb2d57a9da
<17:04:46> [F9376E0D][Warning] [flow] FG-0x73040A2C-Entity 'AnimObject_19' was destroyed with pending updates/activations. Report follows...
<17:04:46> [A8F1529E][Warning] [flow] Pending nodes:
<17:04:47> [745BAE2F][Warning] failed to stream material xml(game/objects/env/01_nuia/001_ndeco/housing/ncom_zareba.mtl)
<17:06:06> [000004EE][Warning] [Lua] invalid style type...  / brown
<17:09:15> [B95EE41B][Error] invalid parent unit id(90974)
<17:09:15> [745BAE2F][Warning] failed to stream material xml(game/objects/characters/ferre/female/face/fe_f_face00_whtp03.mtl)
<17:09:15> [00DCF04C][Warning] Cannot load texture game/objects/characters/ferre/female/test/fe_f_nude_fur_df.dds, file missing [File=game/objects/characters/ferre/female/test/fe_f_nude_fur_df.dds]
<17:09:15> [637AF710][Warning] missing chr material : game/objects/characters/ferre/female/parts/cp/obj/fe_f_1cp101.mtl (chr: game/objects/characters/ferre/female/parts/cp/obj/fe_f_1cp101.chr)
<17:09:16> [000004EE][Warning] [CGF Error] game/objects/env/06_unit/06_glider/glider_wing_crystal/glider_wing_crystal_back.cgf [:] LOD1 of geometry  contains too many polygons comparing to the LOD0 [2720 against 4064] :
<17:09:46> [B95EE41B][Error] invalid parent unit id(90974)
<17:11:21> [C45FAC6E][Warning] Cannot load texture game/objects/characters/test/glider_squirrel/glider_squirrel_df.dds, file missing [File=game/objects/characters/test/glider_squirrel/glider_squirrel_df.dds]
<17:11:21> [CD8829BA][Warning] Error: CShaderMan::mfCreateShaderResources: Couldn't find subsurface texture 'game/objects/characters/test/glider_squirrel/glider_squirrel_df.dds' in path '' [File=game/objects/characters/test/glider_squirrel/glider_squirrel_df.dds]
<17:11:21> [000004EE][Warning] Independent immortal particle effect spawned: X2_EFFECT_O.Interaction.enchant_wpn_range_honor_3g
<17:11:32> [63ABB424][Warning] Facial sequence "fist_ac_whistle" not listed in CAL file for character "game/objects/characters/dwarf/male/nude/dw_m_base.chr".
<17:11:33> [B95EE41B][Error] invalid parent unit id(87590)
<17:11:41> [B95EE41B][Error] invalid parent unit id(87590)
<17:12:06> [000004EE][Warning] Particle effect not found: 'game/abillity_skill_table_m.death.ghost_summon_launch', from unknown 
<17:12:06> [FC7CE2C6][Warning] Cannot load texture , file missing
<17:12:06> [3305346E][Warning] Can't load image ''. 
<17:12:19> [745BAE2F][Warning] failed to stream material xml(game/objects/characters/elf/male/parts/hm/obj/el_m_hm_metal166.mtl)
<17:12:19> [637AF710][Warning] missing chr material : game/objects/characters/elf/male/parts/gv/obj/el_m_gv_metal166.mtl (chr: game/objects/characters/elf/male/parts/gv/obj/el_m_3gv202.chr)
<17:12:20> [000004EE][Warning] Independent immortal particle effect spawned: X2_EFFECT_O.Interaction.enchant_wpn_range_honor_2g
<17:12:25> [000004EE][Warning] Particle effect not found: 'game/abillity_skill_table_m.magic.ice_wall_launch', from unknown 
<17:12:25> [5CE4EF2C][Warning] failed to load particle lib from (Libs/Particles/game/ability_skill_table.xml)
<17:12:25> [745BAE2F][Warning] failed to stream material xml(game/objects/characters/hariharan/female/parts/cp/obj/ha_f_1cp101.mtl)
<17:12:25> [637AF710][Warning] missing chr material : game/objects/characters/hariharan/female/parts/cp/obj/ha_f_1cp101.mtl (chr: game/objects/characters/hariharan/female/parts/cp/obj/ha_f_1cp101.chr)
<17:12:25> [000004EE][Warning] Independent immortal particle effect spawned: X2_EFFECT_O.Interaction.enchant_wpn_range_honor_3g
<17:12:33> [63ABB424][Warning] Facial sequence "fist_ac_whistle" not listed in CAL file for character "game/objects/characters/hariharan/female/nude/ha_f_base.chr".
<17:12:34> [B95EE41B][Error] invalid parent unit id(41766)
<17:12:34> [745BAE2F][Warning] failed to stream material xml(game/objects/effects/ksw_effect/qilin.mtl)
<17:12:40> [FC7CE2C6][Warning] Cannot load texture , file missing
<17:12:40> [3305346E][Warning] Can't load image ''. 
<17:12:44> [B95EE41B][Error] invalid parent unit id(89631)
<17:12:52> [B95EE41B][Error] invalid parent unit id(41766)
