[801989E0] BackupNameAttachment=" Build(0) Date(19 September 2025) Time(08 55 16)"  -- used by backup system
[00000020]  
[38F38F32] Log Started at #c
[0232BD25] Running 32 bit version
[7AB6F5FE] Executable: C:\Games\AAClassic\bin32\archeage.exe
[E5C771AC] FileVersion: 3.5.0.0
[F799D55F] ProductVersion: 3.5.3.0
[1F1D6B13] Using Microsoft (tm) C++ Standard Library implementation
[00000020]  
[C7D96C80] Revision: 350000
[00000020]  
[64533E3E] this is the first client
<08:55:21> [B9197FD5][Error] ConsoleVariableGroup[option_effect] key[e_particles_lod_onoff] has no default
<08:55:21> [76666E6D] 
--- CPU detection ---
<08:55:21> [F4D992D8] CPU: AMD AMD Ryzen 7 7800X3D 8-Core Processor           
<08:55:21> [3F649B02] Family: 15, Model: 1, Stepping: 2
<08:55:21> [83D12E0B] FPU: On-Chip
<08:55:21> [50919DA0] CPU Speed (estimated): 4192.106578 MHz
<08:55:21> [C73FD83A] MMX: not present
<08:55:21> [89D1077A] SSE: present
<08:55:21> [64E2B6F1] 3DNow!: present
<08:55:21> [27B7AC6E] Serial number not present or disabled
<08:55:21> [1D2D8E5B] Number of logical processors: 16
<08:55:21> [FA658084] Number of available logical processors: 16
<08:55:21> [A1F061C2] Invariant Time Stamp Counter : yes
<08:55:21> [FA0251ED] ---------------------

<08:55:21> [03E7D838] Device Info
<08:55:21> [9F603516] Device Info - 1
<08:55:21> [9F603517] Device Info - 2
<08:55:21> [9F603518] Device Info - 3
<08:55:21> [9F603519] Device Info - 4
<08:55:21> [9F60351A] Device Info - 5
<08:55:21> [9F60351B] Device Info - 6
<08:55:21> [9F60351C] Device Info - 7
<08:55:21> [E98ECC28] Video Memory Info
<08:55:21> [D5FBE664] Video Memory - 1
<08:55:21> [D5FBE665] Video Memory - 2
<08:55:22> [D5FBE666] Video Memory - 3
<08:55:22> [D5FBE667] Video Memory - 4
<08:55:22> [D5FBE668] Video Memory - 5
<08:55:22> [D5FBE669] Video Memory - 6
<08:55:22> [D5FBE66A] Video Memory - 7
<08:55:22> [D5FBE66B] Video Memory - 8
<08:55:22> [3A4D54A2][Warning] config/gpu/amd.txt line 55 contains a multiple defined GPU rating!
<08:55:22> [D20872C0] InitThreadAffinities
<08:55:22> [2F28A434] UpdateMainThreadAffinity
<08:55:22> [16962512] Windows 8 64 bit (build 6.2.9200)
<08:55:22> [38DFF081] System language: English
<08:55:22> [861A0178] Windows Directory: "C:\windows"
<08:55:22> [341B54F1] Prerequisites...
<08:55:22> [5D1B3C9C] * Installation of KB940105 hotfix required: no! (either not needed or already installed)
<08:55:22> [8B2E86D3] Local time is 08:55:22 09/19/25, system running for 36 minutes
<08:55:22> [DA9D4917] 63426MB physical memory installed, 32061MB available, 4095MB virtual memory installed, 49 percent of memory in use
<08:55:22> [31259232] PageFile usage: 
<08:55:22> [708F2303] Current display mode is 1280x720x32
<08:55:22> [8A64FCCC] IBM enhanced (101/102-key) keyboard and 3+ button mouse installed
<08:55:22> [CE30556B] ----- GPU Detection -----------------
<08:55:22> [03E7D838] Device Info
<08:55:22> [9F603516] Device Info - 1
<08:55:22> [9F603517] Device Info - 2
<08:55:22> [9F603518] Device Info - 3
<08:55:22> [9F603519] Device Info - 4
<08:55:22> [9F60351A] Device Info - 5
<08:55:22> [9F60351B] Device Info - 6
<08:55:22> [9F60351C] Device Info - 7
<08:55:22> [E98ECC28] Video Memory Info
<08:55:22> [D5FBE664] Video Memory - 1
<08:55:22> [D5FBE665] Video Memory - 2
<08:55:22> [D5FBE666] Video Memory - 3
<08:55:22> [D5FBE667] Video Memory - 4
<08:55:22> [D5FBE668] Video Memory - 5
<08:55:22> [D5FBE669] Video Memory - 6
<08:55:22> [D5FBE66A] Video Memory - 7
<08:55:22> [D5FBE66B] Video Memory - 8
<08:55:22> [99EA404A]  AMD Radeon RX 7800 XT (RADV NAVI32) (vendor = 0x1002, device = 0x747e, subSys = 0x00000000)
<08:55:22> [77718B6A] -- Video memory: 4092 MB
<08:55:22> [30DF1863] -- Minimum SM 2.0 support: yes
<08:55:22> [13E11956] -- DX11 supported: yes
<08:55:22> [50B60100] --------------------------------------------------------------------------------
<08:55:22> [5921EDBE] Stream Engine Initialization
<08:55:22> [BA0D559B] Splash: Initializing Stream Engine...
<08:55:22> [939F6EBB] Enable Resolutions : 3
<08:55:22> [B324CD25] Screen Resolution - 1024x576
<08:55:22> [3778EA0B] Screen Resolution - 0 (2560x1440)
<08:55:22> [B29C5D86] Screen Resolution - Modify (1024x768)
<08:55:22> [A9E4B0F2] Network initialization
<08:55:22> [BA0D559B] Splash: Initializing Network System...
<08:55:22> [14FAD233] Socket I/O by iocp
<08:55:22> [E36A4FB9] Physics initialization
<08:55:22> [BA0D559B] Splash: Initializing Physics...
<08:55:22> [2462D581] MovieSystem initialization
<08:55:22> [BA0D559B] Splash: Initializing Movie System...
<08:55:22> [93287AEC] Renderer initialization - Start
<08:55:22> [BA0D559B] Splash: Initializing Renderer...
<08:55:22> [91207680] Renderer initialization - Open
<08:55:22> [4377E7CB] Renderer initialization - DLL Load(CryRenderD3D9.dll)
<08:55:22> [71203A94] Renderer initialization - DLL Done
<08:55:22> [71227C22] Renderer initialization - DLL Init
<08:55:22> [C653D9CB] Renderer initialization - Instance
<08:55:22> [44D9754D] D3D Adapter: Driver name: aticfx32.dll
<08:55:22> [82BE8322] D3D Adapter: Driver description: AMD Radeon RX 7800 XT (RADV NAVI32)
<08:55:22> [2224501A] D3D Adapter: Driver version: 32767.65535.65535.65535
<08:55:22> [E8D1E30D] D3D Adapter: Driver GUID: 00000000-0003-0000-0000000000000000
<08:55:22> [BC8C1ACB] D3D Adapter: VendorId = 0x1002
<08:55:22> [B6A10CFD] D3D Adapter: DeviceId = 0x747E
<08:55:22> [0678E702] D3D Adapter: SubSysId = 0x00000000
<08:55:22> [F2243F0E] D3D Adapter: Revision = 0
<08:55:22> [E571CFEE] Shader manager initialization
<08:55:23> [05BAAEF6] CResFile allocations incurred by user cache preload: (21142.18k)
<08:55:23> [911B73B8] Renderer initialization - Done
<08:55:23> [8E444EA9] Console initialization
<08:55:23> [2904A233] Time initialization
<08:55:23> [3650CFD6] Input initialization
<08:55:23> [BA0D559B] Splash: Initializing Input System...
<08:55:23> Initializing Keyboard
<08:55:23> [99640BF1] Sound initialization
<08:55:23> [BA0D559B] Splash: Initializing Sound System...
<08:55:23> [2C33885C] Sound - Initializing AudioDevice now!
<08:55:23> [E46760A9] <Sound> Initialize FMOD with dynamic memory callbacks
<08:55:24> [D6755BFD] <Sound> Starting to initialize Windows Audio Session API output! 
<08:55:24> [F7E8E3CD] <Sound> Drivers found: 6
<08:55:24> [9B899242] <Sound> Available drivers:
	1.	PulseAudio Output (PulseAudio Output)
	2.	Blue Microphones Analog Stereo (Blue Microphones Analog Stereo)
	3.	soundcore Liberty 4 NC (soundcore Liberty 4 NC)
	4.	Wireless Controller (Wireless Controller)
	5.	Navi 31 HDMI/DP Audio Digital Stereo (HDMI) (Navi 31 HDMI/DP Audio Digital Stereo (HDMI))
	6.	Family 17h/19h/1ah HD Audio Controller Analog Stereo (Family 17h/19h/1ah HD Audio Controller Analog Stereo)
<08:55:24> [A0BBF7E1] <Sound> FmodEx-AudioDevice: Now running on driver: PulseAudio Output (PulseAudio Output)
<08:55:24> [14D8EFE1] <Sound> Using speaker mode: FMOD_SPEAKERMODE_STEREO
<08:55:24> [E79C27E5] <Sound> Initializing FMOD-EX now!
<08:55:24> [E2A9FE08] <Sound> Available record drivers: 0 PulseAudio Input (PulseAudio Input) !
<08:55:24> [E2A9FE08] <Sound> Available record drivers: 1 soundcore Liberty 4 NC (soundcore Liberty 4 NC) !
<08:55:24> [E2A9FE08] <Sound> Available record drivers: 2 Family 17h/19h/1ah HD Audio Controller Analog Stereo (Family 17h/19h/1ah HD Audio Controller Analog Stereo) !
<08:55:24> [E2A9FE08] <Sound> Available record drivers: 3 Wireless Controller (Wireless Controller) !
<08:55:24> [E2A9FE08] <Sound> Available record drivers: 4 Blue Microphones Analog Stereo (Blue Microphones Analog Stereo) !
<08:55:24> [E2A9FE08] <Sound> Available record drivers: 5 Monitor of Family 17h/19h/1ah HD Audio Controller (Monitor of Family 17h/19h/1ah HD Audio Controller) !
<08:55:24> [E2A9FE08] <Sound> Available record drivers: 6 Monitor of Blue Microphones Analog Stereo (Monitor of Blue Microphones Analog Stereo) !
<08:55:24> [E2A9FE08] <Sound> Available record drivers: 7 Wireless Controller (Wireless Controller) !
<08:55:24> [E2A9FE08] <Sound> Available record drivers: 8 Monitor of soundcore Liberty 4 NC (Monitor of soundcore Liberty 4 NC) !
<08:55:24> [E2A9FE08] <Sound> Available record drivers: 9 Monitor of Navi 31 HDMI/DP Audio Digital Stereo (HDMI) (Monitor of Navi 31 HDMI/DP Audio Digital Stereo (HDMI)) !
<08:55:24> [6841BE38] <Sound> Record config is set to autodetect using record driver 0
<08:55:24> [7808B4C4] <Sound> Using FMOD version: 00044414 and internal 00044414!
<08:55:24> [2A2815C7] <Sound> Initialized FMOD-EX
<08:55:24> [BE4EF52E] Sound - Initializing SoundSystem now!
<08:55:24> [0D547471] Font initialization
<08:55:24> [BA0D559B] Splash: Initializing Fonts...
<08:55:24> [C194F7C8][Warning] Cannot load texture textures/defaults/replacemecm.tif, file missing [File=textures/defaults/replacemecm.dds]
<08:55:25> [84206398] AI initialization
<08:55:25> [1BC221DE] Initializing Animation System
<08:55:25> [BA0D559B] Splash: Initializing Animation System...
<08:55:25> [9E592EFE] Initializing 3D Engine
<08:55:25> [BA0D559B] Splash: Initializing 3D Engine...
<08:55:25> [637AF710][Warning] missing chr material : game/objects/characters/ferre/female/nude/Standard_22.mtl (chr: game/objects/characters/ferre/female/nude/fe_f_base.chr)
<08:55:25> [91F5AEEC][Warning] number of bones mismatch! game/objects/characters/ferre/female/nude/fe_f_base.chr=195 game/objects/characters/ferre/female/nude/fe_f_base_lod1.chr=185
<08:55:26> [7415A452] CHR PreCaching 25 Done
<08:55:26> [E7AD4E53] AddSharedMorphTargets - Failed to load objects/characters/dwarf/male/face/dw_m_face00.chr
<08:55:26> [61AD1790] MorphTargetPreCaching - objects/characters/dwarf/male/face/dw_m_face00.chr Add Failed
<08:55:26> [A4A6E4C6] MorphTarget PreCaching 11 Done
<08:55:26> [5ACB40E2] Init Face Makers
<08:55:26> [56B5985B] X2FaceMaker - game/objects/characters/nuian/male/face/nu_m_face01_mid.chr : mouth_UnderbiteOverbite target not exist
<08:55:26> [56B5985B] X2FaceMaker - game/objects/characters/nuian/male/face/nu_m_face01_mid.chr : mouth_UnderbiteOverbite target not exist
<08:55:26> [56B5985B] X2FaceMaker - game/objects/characters/nuian/male/face/nu_m_face01_mid.chr : mouth_UnderbiteOverbite target not exist
<08:55:26> [4ABB03EB] game/objects/characters/ferre/female/face/fe_f_face01_low.chr(303) - objects/characters/ferre/female/face/fe_f_face00.chr(3063) SharedMorph is not matched
<08:55:26> [56B5985B] X2FaceMaker - game/objects/characters/nuian/male/face/nu_m_face01_mid.chr : mouth_UnderbiteOverbite target not exist
<08:55:26> [56B5985B] X2FaceMaker - game/objects/characters/nuian/male/face/nu_m_face01_mid.chr : nose_dw_SeptumVol target not exist
<08:55:26> [56B5985B] X2FaceMaker - game/objects/characters/nuian/male/face/nu_m_face01_mid.chr : nose_dw_NasalZposition target not exist
<08:55:26> [56B5985B] X2FaceMaker - game/objects/characters/nuian/male/face/nu_m_face01_mid.chr : FS_dwEarSize target not exist
<08:55:26> [56B5985B] X2FaceMaker - game/objects/characters/nuian/male/face/nu_m_face01_mid.chr : dwarf_Morph target not exist
<08:55:26> [56B5985B] X2FaceMaker - game/objects/characters/nuian/male/face/nu_m_face01_mid.chr : FS_dw_CheekMeat_min target not exist
<08:55:26> [1191A6A8] X2FaceMaker - game/objects/characters/nuian/male/face/nu_m_face01_mid.chr : FS_dw_CheekMeat_max ex target not exist
<08:55:27> [56B5985B] X2FaceMaker - game/objects/characters/warborn/male/face/wa_m_face01_mid.chr : eye_Forehead target not exist
<08:55:27> [56B5985B] X2FaceMaker - game/objects/characters/warborn/male/face/wa_m_face01_mid.chr : eye_Tail_min target not exist
<08:55:27> [1191A6A8] X2FaceMaker - game/objects/characters/warborn/male/face/wa_m_face01_mid.chr : eye_Tail_max ex target not exist
<08:55:27> [56B5985B] X2FaceMaker - game/objects/characters/warborn/male/face/wa_m_face01_mid.chr : eye_WidthLength_min target not exist
<08:55:27> [1191A6A8] X2FaceMaker - game/objects/characters/warborn/male/face/wa_m_face01_mid.chr : eye_WidthLength_max ex target not exist
<08:55:27> [56B5985B] X2FaceMaker - game/objects/characters/warborn/male/face/wa_m_face01_mid.chr : eye_DoubleEyelidShape target not exist
<08:55:27> [56B5985B] X2FaceMaker - game/objects/characters/warborn/male/face/wa_m_face01_mid.chr : eye_BrowXposition target not exist
<08:55:27> [56B5985B] X2FaceMaker - game/objects/characters/warborn/male/face/wa_m_face01_mid.chr : eye_BrowZposition target not exist
<08:55:27> [56B5985B] X2FaceMaker - game/objects/characters/warborn/male/face/wa_m_face01_mid.chr : nose_Nostril target not exist
<08:55:27> [56B5985B] X2FaceMaker - game/objects/characters/warborn/male/face/wa_m_face01_mid.chr : nose_Size target not exist
<08:55:27> [56B5985B] X2FaceMaker - game/objects/characters/warborn/male/face/wa_m_face01_mid.chr : nose_SeptumZposition target not exist
<08:55:27> [56B5985B] X2FaceMaker - game/objects/characters/warborn/male/face/wa_m_face01_mid.chr : nose_End target not exist
<08:55:27> [56B5985B] X2FaceMaker - game/objects/characters/warborn/male/face/wa_m_face01_mid.chr : nose_Size target not exist
<08:55:27> [56B5985B] X2FaceMaker - game/objects/characters/warborn/male/face/wa_m_face01_mid.chr : mouth_UpperLipVolume target not exist
<08:55:27> [56B5985B] X2FaceMaker - game/objects/characters/warborn/male/face/wa_m_face01_mid.chr : mouth_LowerLipVolume target not exist
<08:55:27> [56B5985B] X2FaceMaker - game/objects/characters/warborn/male/face/wa_m_face01_mid.chr : mouth_UpperLipOpen target not exist
<08:55:27> [56B5985B] X2FaceMaker - game/objects/characters/warborn/male/face/wa_m_face01_mid.chr : mouth_LowerLipOpen target not exist
<08:55:27> [56B5985B] X2FaceMaker - game/objects/characters/warborn/male/face/wa_m_face01_mid.chr : mouth_MouthOpen target not exist
<08:55:27> [56B5985B] X2FaceMaker - game/objects/characters/warborn/male/face/wa_m_face01_mid.chr : mouth_Size target not exist
<08:55:27> [56B5985B] X2FaceMaker - game/objects/characters/warborn/male/face/wa_m_face01_mid.chr : mouth_Shape_min target not exist
<08:55:27> [1191A6A8] X2FaceMaker - game/objects/characters/warborn/male/face/wa_m_face01_mid.chr : mouth_Shape_max ex target not exist
<08:55:27> [56B5985B] X2FaceMaker - game/objects/characters/warborn/male/face/wa_m_face01_mid.chr : mouth_TeethZposition target not exist
<08:55:27> [56B5985B] X2FaceMaker - game/objects/characters/warborn/male/face/wa_m_face01_mid.chr : FS_JawHigh_min target not exist
<08:55:27> [1191A6A8] X2FaceMaker - game/objects/characters/warborn/male/face/wa_m_face01_mid.chr : FS_JawHigh_max ex target not exist
<08:55:27> [56B5985B] X2FaceMaker - game/objects/characters/warborn/male/face/wa_m_face01_mid.chr : FS_EarRotate_min target not exist
<08:55:27> [1191A6A8] X2FaceMaker - game/objects/characters/warborn/male/face/wa_m_face01_mid.chr : FS_EarRotate_max ex target not exist
<08:55:27> [56B5985B] X2FaceMaker - game/objects/characters/warborn/male/face/wa_m_face01_mid.chr : FS_Beard1 target not exist
<08:55:27> [56B5985B] X2FaceMaker - game/objects/characters/warborn/male/face/wa_m_face01_mid.chr : FS_Beard2 target not exist
<08:55:27> [56B5985B] X2FaceMaker - game/objects/characters/warborn/male/face/wa_m_face01_mid.chr : FS_Beard3 target not exist
<08:55:27> [56B5985B] X2FaceMaker - game/objects/characters/warborn/female/face/wa_f_face01_mid.chr : eye_Yposition_min target not exist
<08:55:27> [1191A6A8] X2FaceMaker - game/objects/characters/warborn/female/face/wa_f_face01_mid.chr : eye_Yposition_max ex target not exist
<08:55:27> [56B5985B] X2FaceMaker - game/objects/characters/warborn/female/face/wa_f_face01_mid.chr : FS_AllLowerY target not exist
<08:55:27> [56B5985B] X2FaceMaker - game/objects/characters/warborn/female/face/wa_f_face01_mid.chr : FS_AllRotate target not exist
<08:55:27> [56B5985B] X2FaceMaker - game/objects/characters/warborn/female/face/wa_f_face01_mid.chr : FS_AllY target not exist
<08:55:27> [56B5985B] X2FaceMaker - game/objects/characters/warborn/female/face/wa_f_face01_mid.chr : mouth_Open_min target not exist
<08:55:27> [1191A6A8] X2FaceMaker - game/objects/characters/warborn/female/face/wa_f_face01_mid.chr : mouth_Open_max ex target not exist
<08:55:27> [E320B5CE] Init Face Makers - Done!
<08:55:27> [581CA53C] Script System Initialization
<08:55:27> [BA0D559B] Splash: Initializing Script System...
<08:55:27> [000004EE][Warning] [Lua Error] 1_3_0/scripts/common.lua:276: attempt to index global 'Script' (a nil value)
<08:55:27> [58F3F7FF][Warning] <null>:0: [Lua Error] Failed to execute file @game/scriptsbin/common.alb
<08:55:27> [D8B2BA54] Entity system initialization
<08:55:27> [BA0D559B] Splash: Initializing Entity System...
<08:55:27> [D55F91B2][Warning] [CEntityClassRegistry] LoadClassDescription failed, Entity Class name Chick already registered
<08:55:27> [BA0D559B] Splash: Initializing AI System...
<08:55:27> [DA019954] Initializing AI System
<08:55:27> [2546BCC5] Initializing Budgeting System
<08:55:27> [C0E19025] Initializing Seamless System
<08:55:27> [BA0D559B] Splash: Loading Game Data...
<08:55:28> [90B8EC50][Warning] too many ranges: aoe_shapes descs 10156(10156) threshold 100 ranges 12
<08:55:29> [BA4AD6CE] Loading portal list
<08:55:29> [92597454] Portal added, enter: 3891, exit: 6629
<08:55:29> [92597454] Portal added, enter: 21448, exit: 21449
<08:55:29> [92597454] Portal added, enter: 21450, exit: 21451
<08:55:29> [92597454] Portal added, enter: 21452, exit: 21453
<08:55:29> [92597454] Portal added, enter: 21698, exit: 21699
<08:55:29> [92597454] Portal added, enter: 22023, exit: 22024
<08:55:29> [92597454] Portal added, enter: 22042, exit: 22066
<08:55:29> [92597454] Portal added, enter: 22136, exit: 22137
<08:55:29> [92597454] Portal added, enter: 22163, exit: 22164
<08:55:29> [92597454] Portal added, enter: 22184, exit: 22185
<08:55:29> [92597454] Portal added, enter: 22336, exit: 22337
<08:55:29> [92597454] Portal added, enter: 9000063, exit: 9000064
<08:55:29> [1C664009] End loading portal list
<08:55:29> [937812F7] loaded DDCMS (1396969 descs, 719156 links (17 page 16.95MB size) string) from game\db\compact.sqlite3 in 1166 ms
<08:55:29> [BA0D559B] Splash: Initializing Game System...
<08:55:29> [000004EE][Warning] [Lua Error] no localized ui text for 18 always_refund
<08:55:30> [0ADE3294][Warning] [MFX] Effect 'collisions:grenade' already present. Overriding.
<08:55:30> [311630D1][Warning] MFX WARNING: Material not found: mat_ice_breakable
<08:55:30>  
<08:55:30>    sys_spec = Custom (assuming 4)
<08:55:30>      option_anti_aliasing = 2 expected:3
<08:55:30>  
<08:55:30> [BA0D559B] Splash: Preparing Screen...
<08:55:30> [963385F6] Level System - Loading Start
<08:55:30> [806B6F8D] precaching world entities ..
<08:55:30> [7E39E0DE] precaching world entities .. done!  total (0) objects
<08:55:30> [D2B280D6] Vegetation Manager : Loading World(login2)
<08:55:30> [075AB92F] Vegetation Manager : Loading World - Done (total 36 vegetations)
<08:55:30> [B9410AA1] total 20 terrain world surfaces loaded
<08:55:30> Loading Particle Library: collisions
<08:55:30> Loading Particle Library: water
<08:55:30> Loading Particle Library: misc
<08:55:30> Loading Particle Library: ability_skill_table
<08:55:30> Loading Particle Library: ability_skill_table_k
<08:55:30> Loading Particle Library: abillity_skill_table_m
<08:55:30> Loading Particle Library: machinima
<08:55:30> Loading Particle Library: x2_effects
<08:55:31> Loading Particle Library: x2_effects_k
<08:55:31> [280A47E3] Precached total 2 materials
<08:55:31> [7B1A973B] seamless loading cell terrain(W0, 1), (L0, 0)
<08:55:31> [3EF08C47] seamless loading cell object(W0, 1), (L0, 0)
<08:55:31> [584C4FFD] [net 12:55:22.465]  dns ip:192.168.1.202
<08:55:31> [584C4FFD] [net 12:55:22.465]  dns ip:172.18.0.1
<08:55:31> [584C4FFD] [net 12:55:22.465]  dns ip:172.19.0.1
<08:55:31> [584C4FFD] [net 12:55:22.465]  dns ip:172.17.0.1
<08:55:31> [0DE3FA89][Error] CryAnimation: character-definition creation failed: game/objects/characters/elf/female/nude/el_f_kyprosa.cdf
<08:55:31> [13A58BA0][Error] CryAnimation: character-definition not found: game/objects/characters/elf/female/nude/el_f_kyprosa.cdf
<08:55:31> [4DD44108] Start DaruCommon Extension
<08:55:31> [1B425DA5] Duplicated post effect param! pszName = FilterMaskedBlurring_Amount
<08:55:31> [1B425DA5] Duplicated post effect param! pszName = FilterMaskedBlurring_MaskTexName
<08:55:31> [1B425DA5] Duplicated post effect param! pszName = FilterChromaShift_User_Amount
<08:55:31> [1B425DA5] Duplicated post effect param! pszName = FilterGrain_Amount
<08:55:31> [8F6BAA6C][Warning] Couldn't find console variable 'e_water_ocean_fft'
<08:55:31> Loading Particle Library: wind
<08:55:31> Loading Particle Library: X2_EFFECT_O
<08:55:31> [000004EE][Warning] Particle effect not found: '                                                                ', from ParticleEffect fx_land_green
<08:55:31> [12409CCC] Load Zone Finished
<08:55:31> [A39C1725] Level System - Loading Complete
<08:55:31> [27293DED] -----------------------------------------------------
<08:55:31> [120C18F5] * LOADING: 'loginbg4' loading time: 1.46 seconds
<08:55:31> [27293DED] -----------------------------------------------------
<08:55:31> [000004EE][Warning] [Lua Error] no client player exists
<08:55:31> [A13C772D][Warning] Cannot load texture ui/font_color.g, Image file format is invalid [File=ui/font_color.g]
<08:55:32> [000FABC5][Warning] CAreaGrid::BeginAreas() called before being initialized.
<08:55:35> [1D01FDCA] Auth: client connected to server
<08:55:35> [584C4FFD] [net 12:55:35.928]  socket ip:192.168.1.202
<08:55:35> [4C920A71] mac address : 74-56-3c-fe-52-f3
<08:55:37> [A13C772D][Warning] Cannot load texture ui/font_color.g, Image file format is invalid [File=ui/font_color.g]
<08:55:48> [7CC1A260] Save Game Option
<08:55:48> [D2121932] Change resolution: 1024x768x32 (Fullscreen)
<08:55:48> [FD3FC76F] resetting terrain texture cache
<08:55:48> [FD3FC76F] resetting terrain texture cache
<08:55:48> [583D6F38] Final resolution: 1152x720x32 (Fullscreen)
<08:55:48> [9FC303B8][Error] [CVARS]: [DUPLICATE] CXConsole::RegisterFloat(): variable [ui_double_click_interval] is already registered
<08:55:48> [000004EE][Warning] [Lua Error] no localized ui text for 18 always_refund
<08:55:48> [000004EE][Warning] [Lua Error] no client player exists
<08:55:48> [09F46B9D]     cl_fov = 90 []
<08:55:48> [09F46B9D]     camera_max_dist = 180 []
<08:55:48> [73861D69] Unknown command: name_tag_hp_width_on_bgmode 80
<08:55:48> [73861D69] Unknown command: name_tag_hp_height_on_bgmode 30
<08:55:48> [A13C772D][Warning] Cannot load texture ui/font_color.g, Image file format is invalid [File=ui/font_color.g]
<08:55:48> [247165BA][Warning] Cannot load texture ui/login_stage/background/game_information.dds, file missing [File=ui/login_stage/background/game_information.dds]
<08:55:50> [7CC1A260] Save Game Option
