[801989E0] BackupNameAttachment=" Build(0) Date(21 September 2025) Time(21 30 41)"  -- used by backup system
[00000020]  
[38F38F32] Log Started at #c
[0232BD25] Running 32 bit version
[7AB6F5FE] Executable: C:\Games\AAClassic\bin32\archeage.exe
[E5C771AC] FileVersion: 3.5.0.0
[F799D55F] ProductVersion: 3.5.3.0
[1F1D6B13] Using Microsoft (tm) C++ Standard Library implementation
[00000020]  
[C7D96C80] Revision: 350000
[00000020]  
[64533E3E] this is the first client
<21:30:47> [B9197FD5][Error] ConsoleVariableGroup[option_effect] key[e_particles_lod_onoff] has no default
<21:30:47> [76666E6D] 
--- CPU detection ---
<21:30:47> [F4D992D8] CPU: AMD AMD Ryzen 7 7800X3D 8-Core Processor           
<21:30:47> [3F649B02] Family: 15, Model: 1, Stepping: 2
<21:30:47> [83D12E0B] FPU: On-Chip
<21:30:47> [50919DA0] CPU Speed (estimated): 4192.092300 MHz
<21:30:47> [C73FD83A] MMX: not present
<21:30:47> [89D1077A] SSE: present
<21:30:47> [64E2B6F1] 3DNow!: present
<21:30:47> [27B7AC6E] Serial number not present or disabled
<21:30:47> [1D2D8E5B] Number of logical processors: 16
<21:30:47> [FA658084] Number of available logical processors: 16
<21:30:47> [A1F061C2] Invariant Time Stamp Counter : yes
<21:30:47> [FA0251ED] ---------------------

<21:30:47> [03E7D838] Device Info
<21:30:47> [9F603516] Device Info - 1
<21:30:47> [9F603517] Device Info - 2
<21:30:47> [9F603518] Device Info - 3
<21:30:47> [9F603519] Device Info - 4
<21:30:47> [9F60351A] Device Info - 5
<21:30:47> [9F60351B] Device Info - 6
<21:30:47> [9F60351C] Device Info - 7
<21:30:47> [E98ECC28] Video Memory Info
<21:30:47> [D5FBE664] Video Memory - 1
<21:30:47> [D5FBE665] Video Memory - 2
<21:30:47> [D5FBE666] Video Memory - 3
<21:30:47> [D5FBE667] Video Memory - 4
<21:30:47> [D5FBE668] Video Memory - 5
<21:30:47> [D5FBE669] Video Memory - 6
<21:30:47> [D5FBE66A] Video Memory - 7
<21:30:47> [D5FBE66B] Video Memory - 8
<21:30:47> [3A4D54A2][Warning] config/gpu/amd.txt line 55 contains a multiple defined GPU rating!
<21:30:47> [D20872C0] InitThreadAffinities
<21:30:47> [2F28A434] UpdateMainThreadAffinity
<21:30:47> [16962512] Windows 8 64 bit (build 6.2.9200)
<21:30:47> [38DFF081] System language: English
<21:30:47> [861A0178] Windows Directory: "C:\windows"
<21:30:47> [341B54F1] Prerequisites...
<21:30:47> [5D1B3C9C] * Installation of KB940105 hotfix required: no! (either not needed or already installed)
<21:30:47> [4A4C2F8A] Local time is 21:30:47 09/21/25, system running for 2514 minutes
<21:30:47> [98EF9084] 63426MB physical memory installed, 30020MB available, 4095MB virtual memory installed, 52 percent of memory in use
<21:30:47> [31259232] PageFile usage: 
<21:30:47> [453F0D1B] Current display mode is 2560x1440x32
<21:30:47> [8A64FCCC] IBM enhanced (101/102-key) keyboard and 3+ button mouse installed
<21:30:47> [CE30556B] ----- GPU Detection -----------------
<21:30:47> [03E7D838] Device Info
<21:30:47> [9F603516] Device Info - 1
<21:30:47> [9F603517] Device Info - 2
<21:30:47> [9F603518] Device Info - 3
<21:30:47> [9F603519] Device Info - 4
<21:30:47> [9F60351A] Device Info - 5
<21:30:47> [9F60351B] Device Info - 6
<21:30:47> [9F60351C] Device Info - 7
<21:30:47> [E98ECC28] Video Memory Info
<21:30:47> [D5FBE664] Video Memory - 1
<21:30:47> [D5FBE665] Video Memory - 2
<21:30:47> [D5FBE666] Video Memory - 3
<21:30:47> [D5FBE667] Video Memory - 4
<21:30:47> [D5FBE668] Video Memory - 5
<21:30:47> [D5FBE669] Video Memory - 6
<21:30:47> [D5FBE66A] Video Memory - 7
<21:30:47> [D5FBE66B] Video Memory - 8
<21:30:47> [99EA404A]  AMD Radeon RX 7800 XT (RADV NAVI32) (vendor = 0x1002, device = 0x747e, subSys = 0x00000000)
<21:30:47> [77718B6A] -- Video memory: 4081 MB
<21:30:47> [30DF1863] -- Minimum SM 2.0 support: yes
<21:30:47> [13E11956] -- DX11 supported: yes
<21:30:47> [50B60100] --------------------------------------------------------------------------------
<21:30:47> [5921EDBE] Stream Engine Initialization
<21:30:47> [BA0D559B] Splash: Initializing Stream Engine...
<21:30:47> [939F6EBB] Enable Resolutions : 0
<21:30:47> [A30A84B6] can't enum display resolution modes
<21:30:47> [B324CD25] Screen Resolution - 1024x768
<21:30:47> [3778EA0B] Screen Resolution - 0 (2560x1440)
<21:30:47> [A1B107F0] Screen Resolution - Test OK (2560x1440)
<21:30:47> [A9E4B0F2] Network initialization
<21:30:47> [BA0D559B] Splash: Initializing Network System...
<21:30:47> [14FAD233] Socket I/O by iocp
<21:30:47> [E36A4FB9] Physics initialization
<21:30:47> [BA0D559B] Splash: Initializing Physics...
<21:30:47> [2462D581] MovieSystem initialization
<21:30:47> [BA0D559B] Splash: Initializing Movie System...
<21:30:47> [93287AEC] Renderer initialization - Start
<21:30:47> [BA0D559B] Splash: Initializing Renderer...
<21:30:47> [91207680] Renderer initialization - Open
<21:30:47> [4377E7CB] Renderer initialization - DLL Load(CryRenderD3D9.dll)
<21:30:47> [71203A94] Renderer initialization - DLL Done
<21:30:47> [71227C22] Renderer initialization - DLL Init
<21:30:47> [C653D9CB] Renderer initialization - Instance
<21:30:47> [44D9754D] D3D Adapter: Driver name: aticfx32.dll
<21:30:47> [82BE8322] D3D Adapter: Driver description: AMD Radeon RX 7800 XT (RADV NAVI32)
<21:30:47> [2224501A] D3D Adapter: Driver version: 32767.65535.65535.65535
<21:30:47> [E8D1E30D] D3D Adapter: Driver GUID: 00000000-0003-0000-0000000000000000
<21:30:47> [BC8C1ACB] D3D Adapter: VendorId = 0x1002
<21:30:47> [B6A10CFD] D3D Adapter: DeviceId = 0x747E
<21:30:47> [0678E702] D3D Adapter: SubSysId = 0x00000000
<21:30:47> [F2243F0E] D3D Adapter: Revision = 0
<21:30:47> [E571CFEE] Shader manager initialization
<21:30:49> [05BAAEF6] CResFile allocations incurred by user cache preload: (21446.79k)
<21:30:49> [911B73B8] Renderer initialization - Done
<21:30:49> [8E444EA9] Console initialization
<21:30:49> [2904A233] Time initialization
<21:30:49> [3650CFD6] Input initialization
<21:30:49> [BA0D559B] Splash: Initializing Input System...
<21:30:49> Initializing Keyboard
<21:30:49> [99640BF1] Sound initialization
<21:30:49> [BA0D559B] Splash: Initializing Sound System...
<21:30:49> [2C33885C] Sound - Initializing AudioDevice now!
<21:30:49> [E46760A9] <Sound> Initialize FMOD with dynamic memory callbacks
<21:30:50> [D6755BFD] <Sound> Starting to initialize Windows Audio Session API output! 
<21:30:50> [F7E8E3CD] <Sound> Drivers found: 6
<21:30:50> [9B899242] <Sound> Available drivers:
	1.	PulseAudio Output (PulseAudio Output)
	2.	Blue Microphones Analog Stereo (Blue Microphones Analog Stereo)
	3.	soundcore Liberty 4 NC (soundcore Liberty 4 NC)
	4.	Wireless Controller (Wireless Controller)
	5.	Navi 31 HDMI/DP Audio Digital Stereo (HDMI) (Navi 31 HDMI/DP Audio Digital Stereo (HDMI))
	6.	Family 17h/19h/1ah HD Audio Controller Analog Stereo (Family 17h/19h/1ah HD Audio Controller Analog Stereo)
<21:30:50> [A0BBF7E1] <Sound> FmodEx-AudioDevice: Now running on driver: PulseAudio Output (PulseAudio Output)
<21:30:50> [14D8EFE1] <Sound> Using speaker mode: FMOD_SPEAKERMODE_STEREO
<21:30:50> [E79C27E5] <Sound> Initializing FMOD-EX now!
<21:30:50> [E2A9FE08] <Sound> Available record drivers: 0 PulseAudio Input (PulseAudio Input) !
<21:30:50> [E2A9FE08] <Sound> Available record drivers: 1 soundcore Liberty 4 NC (soundcore Liberty 4 NC) !
<21:30:50> [E2A9FE08] <Sound> Available record drivers: 2 Family 17h/19h/1ah HD Audio Controller Analog Stereo (Family 17h/19h/1ah HD Audio Controller Analog Stereo) !
<21:30:50> [E2A9FE08] <Sound> Available record drivers: 3 Wireless Controller (Wireless Controller) !
<21:30:50> [E2A9FE08] <Sound> Available record drivers: 4 Blue Microphones Analog Stereo (Blue Microphones Analog Stereo) !
<21:30:50> [E2A9FE08] <Sound> Available record drivers: 5 Monitor of Family 17h/19h/1ah HD Audio Controller (Monitor of Family 17h/19h/1ah HD Audio Controller) !
<21:30:50> [E2A9FE08] <Sound> Available record drivers: 6 Monitor of Blue Microphones Analog Stereo (Monitor of Blue Microphones Analog Stereo) !
<21:30:50> [E2A9FE08] <Sound> Available record drivers: 7 Wireless Controller (Wireless Controller) !
<21:30:50> [E2A9FE08] <Sound> Available record drivers: 8 Monitor of soundcore Liberty 4 NC (Monitor of soundcore Liberty 4 NC) !
<21:30:50> [E2A9FE08] <Sound> Available record drivers: 9 Monitor of Navi 31 HDMI/DP Audio Digital Stereo (HDMI) (Monitor of Navi 31 HDMI/DP Audio Digital Stereo (HDMI)) !
<21:30:50> [6841BE38] <Sound> Record config is set to autodetect using record driver 0
<21:30:50> [7808B4C4] <Sound> Using FMOD version: 00044414 and internal 00044414!
<21:30:50> [2A2815C7] <Sound> Initialized FMOD-EX
<21:30:50> [BE4EF52E] Sound - Initializing SoundSystem now!
<21:30:50> [0D547471] Font initialization
<21:30:50> [BA0D559B] Splash: Initializing Fonts...
<21:30:50> [C194F7C8][Warning] Cannot load texture textures/defaults/replacemecm.tif, file missing [File=textures/defaults/replacemecm.dds]
<21:30:50> [84206398] AI initialization
<21:30:50> [1BC221DE] Initializing Animation System
<21:30:50> [BA0D559B] Splash: Initializing Animation System...
<21:30:50> [9E592EFE] Initializing 3D Engine
<21:30:50> [BA0D559B] Splash: Initializing 3D Engine...
<21:30:51> [637AF710][Warning] missing chr material : game/objects/characters/ferre/female/nude/Standard_22.mtl (chr: game/objects/characters/ferre/female/nude/fe_f_base.chr)
<21:30:51> [91F5AEEC][Warning] number of bones mismatch! game/objects/characters/ferre/female/nude/fe_f_base.chr=195 game/objects/characters/ferre/female/nude/fe_f_base_lod1.chr=185
<21:30:52> [7415A452] CHR PreCaching 25 Done
<21:30:52> [E7AD4E53] AddSharedMorphTargets - Failed to load objects/characters/dwarf/male/face/dw_m_face00.chr
<21:30:52> [61AD1790] MorphTargetPreCaching - objects/characters/dwarf/male/face/dw_m_face00.chr Add Failed
<21:30:52> [A4A6E4C6] MorphTarget PreCaching 11 Done
<21:30:52> [5ACB40E2] Init Face Makers
<21:30:52> [56B5985B] X2FaceMaker - game/objects/characters/nuian/male/face/nu_m_face01_mid.chr : mouth_UnderbiteOverbite target not exist
<21:30:52> [56B5985B] X2FaceMaker - game/objects/characters/nuian/male/face/nu_m_face01_mid.chr : mouth_UnderbiteOverbite target not exist
<21:30:52> [56B5985B] X2FaceMaker - game/objects/characters/nuian/male/face/nu_m_face01_mid.chr : mouth_UnderbiteOverbite target not exist
<21:30:52> [4ABB03EB] game/objects/characters/ferre/female/face/fe_f_face01_low.chr(303) - objects/characters/ferre/female/face/fe_f_face00.chr(3063) SharedMorph is not matched
<21:30:52> [56B5985B] X2FaceMaker - game/objects/characters/nuian/male/face/nu_m_face01_mid.chr : mouth_UnderbiteOverbite target not exist
<21:30:52> [56B5985B] X2FaceMaker - game/objects/characters/nuian/male/face/nu_m_face01_mid.chr : nose_dw_SeptumVol target not exist
<21:30:52> [56B5985B] X2FaceMaker - game/objects/characters/nuian/male/face/nu_m_face01_mid.chr : nose_dw_NasalZposition target not exist
<21:30:52> [56B5985B] X2FaceMaker - game/objects/characters/nuian/male/face/nu_m_face01_mid.chr : FS_dwEarSize target not exist
<21:30:52> [56B5985B] X2FaceMaker - game/objects/characters/nuian/male/face/nu_m_face01_mid.chr : dwarf_Morph target not exist
<21:30:52> [56B5985B] X2FaceMaker - game/objects/characters/nuian/male/face/nu_m_face01_mid.chr : FS_dw_CheekMeat_min target not exist
<21:30:52> [1191A6A8] X2FaceMaker - game/objects/characters/nuian/male/face/nu_m_face01_mid.chr : FS_dw_CheekMeat_max ex target not exist
<21:30:52> [56B5985B] X2FaceMaker - game/objects/characters/warborn/male/face/wa_m_face01_mid.chr : eye_Forehead target not exist
<21:30:52> [56B5985B] X2FaceMaker - game/objects/characters/warborn/male/face/wa_m_face01_mid.chr : eye_Tail_min target not exist
<21:30:52> [1191A6A8] X2FaceMaker - game/objects/characters/warborn/male/face/wa_m_face01_mid.chr : eye_Tail_max ex target not exist
<21:30:52> [56B5985B] X2FaceMaker - game/objects/characters/warborn/male/face/wa_m_face01_mid.chr : eye_WidthLength_min target not exist
<21:30:52> [1191A6A8] X2FaceMaker - game/objects/characters/warborn/male/face/wa_m_face01_mid.chr : eye_WidthLength_max ex target not exist
<21:30:52> [56B5985B] X2FaceMaker - game/objects/characters/warborn/male/face/wa_m_face01_mid.chr : eye_DoubleEyelidShape target not exist
<21:30:52> [56B5985B] X2FaceMaker - game/objects/characters/warborn/male/face/wa_m_face01_mid.chr : eye_BrowXposition target not exist
<21:30:52> [56B5985B] X2FaceMaker - game/objects/characters/warborn/male/face/wa_m_face01_mid.chr : eye_BrowZposition target not exist
<21:30:52> [56B5985B] X2FaceMaker - game/objects/characters/warborn/male/face/wa_m_face01_mid.chr : nose_Nostril target not exist
<21:30:52> [56B5985B] X2FaceMaker - game/objects/characters/warborn/male/face/wa_m_face01_mid.chr : nose_Size target not exist
<21:30:52> [56B5985B] X2FaceMaker - game/objects/characters/warborn/male/face/wa_m_face01_mid.chr : nose_SeptumZposition target not exist
<21:30:52> [56B5985B] X2FaceMaker - game/objects/characters/warborn/male/face/wa_m_face01_mid.chr : nose_End target not exist
<21:30:52> [56B5985B] X2FaceMaker - game/objects/characters/warborn/male/face/wa_m_face01_mid.chr : nose_Size target not exist
<21:30:52> [56B5985B] X2FaceMaker - game/objects/characters/warborn/male/face/wa_m_face01_mid.chr : mouth_UpperLipVolume target not exist
<21:30:52> [56B5985B] X2FaceMaker - game/objects/characters/warborn/male/face/wa_m_face01_mid.chr : mouth_LowerLipVolume target not exist
<21:30:52> [56B5985B] X2FaceMaker - game/objects/characters/warborn/male/face/wa_m_face01_mid.chr : mouth_UpperLipOpen target not exist
<21:30:52> [56B5985B] X2FaceMaker - game/objects/characters/warborn/male/face/wa_m_face01_mid.chr : mouth_LowerLipOpen target not exist
<21:30:52> [56B5985B] X2FaceMaker - game/objects/characters/warborn/male/face/wa_m_face01_mid.chr : mouth_MouthOpen target not exist
<21:30:52> [56B5985B] X2FaceMaker - game/objects/characters/warborn/male/face/wa_m_face01_mid.chr : mouth_Size target not exist
<21:30:52> [56B5985B] X2FaceMaker - game/objects/characters/warborn/male/face/wa_m_face01_mid.chr : mouth_Shape_min target not exist
<21:30:52> [1191A6A8] X2FaceMaker - game/objects/characters/warborn/male/face/wa_m_face01_mid.chr : mouth_Shape_max ex target not exist
<21:30:52> [56B5985B] X2FaceMaker - game/objects/characters/warborn/male/face/wa_m_face01_mid.chr : mouth_TeethZposition target not exist
<21:30:52> [56B5985B] X2FaceMaker - game/objects/characters/warborn/male/face/wa_m_face01_mid.chr : FS_JawHigh_min target not exist
<21:30:52> [1191A6A8] X2FaceMaker - game/objects/characters/warborn/male/face/wa_m_face01_mid.chr : FS_JawHigh_max ex target not exist
<21:30:52> [56B5985B] X2FaceMaker - game/objects/characters/warborn/male/face/wa_m_face01_mid.chr : FS_EarRotate_min target not exist
<21:30:52> [1191A6A8] X2FaceMaker - game/objects/characters/warborn/male/face/wa_m_face01_mid.chr : FS_EarRotate_max ex target not exist
<21:30:52> [56B5985B] X2FaceMaker - game/objects/characters/warborn/male/face/wa_m_face01_mid.chr : FS_Beard1 target not exist
<21:30:52> [56B5985B] X2FaceMaker - game/objects/characters/warborn/male/face/wa_m_face01_mid.chr : FS_Beard2 target not exist
<21:30:52> [56B5985B] X2FaceMaker - game/objects/characters/warborn/male/face/wa_m_face01_mid.chr : FS_Beard3 target not exist
<21:30:52> [56B5985B] X2FaceMaker - game/objects/characters/warborn/female/face/wa_f_face01_mid.chr : eye_Yposition_min target not exist
<21:30:52> [1191A6A8] X2FaceMaker - game/objects/characters/warborn/female/face/wa_f_face01_mid.chr : eye_Yposition_max ex target not exist
<21:30:52> [56B5985B] X2FaceMaker - game/objects/characters/warborn/female/face/wa_f_face01_mid.chr : FS_AllLowerY target not exist
<21:30:52> [56B5985B] X2FaceMaker - game/objects/characters/warborn/female/face/wa_f_face01_mid.chr : FS_AllRotate target not exist
<21:30:52> [56B5985B] X2FaceMaker - game/objects/characters/warborn/female/face/wa_f_face01_mid.chr : FS_AllY target not exist
<21:30:52> [56B5985B] X2FaceMaker - game/objects/characters/warborn/female/face/wa_f_face01_mid.chr : mouth_Open_min target not exist
<21:30:52> [1191A6A8] X2FaceMaker - game/objects/characters/warborn/female/face/wa_f_face01_mid.chr : mouth_Open_max ex target not exist
<21:30:52> [E320B5CE] Init Face Makers - Done!
<21:30:52> [581CA53C] Script System Initialization
<21:30:52> [BA0D559B] Splash: Initializing Script System...
<21:30:52> [000004EE][Warning] [Lua Error] 1_3_0/scripts/common.lua:276: attempt to index global 'Script' (a nil value)
<21:30:52> [58F3F7FF][Warning] <null>:0: [Lua Error] Failed to execute file @game/scriptsbin/common.alb
<21:30:52> [D8B2BA54] Entity system initialization
<21:30:52> [BA0D559B] Splash: Initializing Entity System...
<21:30:52> [D55F91B2][Warning] [CEntityClassRegistry] LoadClassDescription failed, Entity Class name Chick already registered
<21:30:52> [BA0D559B] Splash: Initializing AI System...
<21:30:52> [DA019954] Initializing AI System
<21:30:52> [2546BCC5] Initializing Budgeting System
<21:30:52> [C0E19025] Initializing Seamless System
<21:30:52> [BA0D559B] Splash: Loading Game Data...
<21:30:54> [90B8EC50][Warning] too many ranges: aoe_shapes descs 10156(10156) threshold 100 ranges 12
<21:30:54> [BA4AD6CE] Loading portal list
<21:30:54> [92597454] Portal added, enter: 3891, exit: 6629
<21:30:54> [92597454] Portal added, enter: 21448, exit: 21449
<21:30:54> [92597454] Portal added, enter: 21450, exit: 21451
<21:30:54> [92597454] Portal added, enter: 21452, exit: 21453
<21:30:54> [92597454] Portal added, enter: 21698, exit: 21699
<21:30:54> [92597454] Portal added, enter: 22023, exit: 22024
<21:30:54> [92597454] Portal added, enter: 22042, exit: 22066
<21:30:54> [92597454] Portal added, enter: 22136, exit: 22137
<21:30:54> [92597454] Portal added, enter: 22163, exit: 22164
<21:30:54> [92597454] Portal added, enter: 22184, exit: 22185
<21:30:54> [92597454] Portal added, enter: 22336, exit: 22337
<21:30:54> [92597454] Portal added, enter: 9000063, exit: 9000064
<21:30:54> [1C664009] End loading portal list
<21:30:54> [937812F7] loaded DDCMS (1396969 descs, 719156 links (17 page 16.95MB size) string) from game\db\compact.sqlite3 in 1031 ms
<21:30:54> [BA0D559B] Splash: Initializing Game System...
<21:30:55> [000004EE][Warning] [Lua Error] no localized ui text for 18 always_refund
<21:30:55> [0ADE3294][Warning] [MFX] Effect 'collisions:grenade' already present. Overriding.
<21:30:55> [311630D1][Warning] MFX WARNING: Material not found: mat_ice_breakable
<21:30:55>  
<21:30:55>    sys_spec = Custom (assuming 4)
<21:30:55>      option_anti_aliasing = 2 expected:3
<21:30:55>  
<21:30:55> [BA0D559B] Splash: Preparing Screen...
<21:30:55> [963385F6] Level System - Loading Start
<21:30:55> [806B6F8D] precaching world entities ..
<21:30:55> [7E39E0DE] precaching world entities .. done!  total (0) objects
<21:30:55> [D2B280D6] Vegetation Manager : Loading World(login2)
<21:30:55> [075AB92F] Vegetation Manager : Loading World - Done (total 36 vegetations)
<21:30:55> [B9410AA1] total 20 terrain world surfaces loaded
<21:30:55> Loading Particle Library: collisions
<21:30:55> Loading Particle Library: water
<21:30:55> Loading Particle Library: misc
<21:30:55> Loading Particle Library: ability_skill_table
<21:30:56> Loading Particle Library: ability_skill_table_k
<21:30:56> Loading Particle Library: abillity_skill_table_m
<21:30:56> Loading Particle Library: machinima
<21:30:56> Loading Particle Library: x2_effects
<21:30:56> Loading Particle Library: x2_effects_k
<21:30:56> [280A47E3] Precached total 2 materials
<21:30:56> [7B1A973B] seamless loading cell terrain(W0, 1), (L0, 0)
<21:30:56> [3EF08C47] seamless loading cell object(W0, 1), (L0, 0)
<21:30:56> [584C4FFD] [net 01:30:47.722]  dns ip:192.168.1.202
<21:30:56> [584C4FFD] [net 01:30:47.722]  dns ip:172.18.0.1
<21:30:56> [584C4FFD] [net 01:30:47.722]  dns ip:172.19.0.1
<21:30:56> [584C4FFD] [net 01:30:47.722]  dns ip:172.17.0.1
<21:30:56> [0DE3FA89][Error] CryAnimation: character-definition creation failed: game/objects/characters/elf/female/nude/el_f_kyprosa.cdf
<21:30:56> [13A58BA0][Error] CryAnimation: character-definition not found: game/objects/characters/elf/female/nude/el_f_kyprosa.cdf
<21:30:56> [4DD44108] Start DaruCommon Extension
<21:30:56> [1B425DA5] Duplicated post effect param! pszName = FilterMaskedBlurring_Amount
<21:30:56> [1B425DA5] Duplicated post effect param! pszName = FilterMaskedBlurring_MaskTexName
<21:30:56> [1B425DA5] Duplicated post effect param! pszName = FilterChromaShift_User_Amount
<21:30:56> [1B425DA5] Duplicated post effect param! pszName = FilterGrain_Amount
<21:30:56> [8F6BAA6C][Warning] Couldn't find console variable 'e_water_ocean_fft'
<21:30:56> Loading Particle Library: wind
<21:30:57> Loading Particle Library: X2_EFFECT_O
<21:30:57> [000004EE][Warning] Particle effect not found: '                                                                ', from ParticleEffect fx_land_green
<21:30:57> [12409CCC] Load Zone Finished
<21:30:57> [A39C1725] Level System - Loading Complete
<21:30:57> [27293DED] -----------------------------------------------------
<21:30:57> [120C18F5] * LOADING: 'loginbg4' loading time: 1.49 seconds
<21:30:57> [27293DED] -----------------------------------------------------
<21:30:57> [000004EE][Warning] [Lua Error] no client player exists
<21:30:57> [A13C772D][Warning] Cannot load texture ui/font_color.g, Image file format is invalid [File=ui/font_color.g]
<21:30:57> [000FABC5][Warning] CAreaGrid::BeginAreas() called before being initialized.
<21:31:00> [1D01FDCA] Auth: client connected to server
<21:31:00> [584C4FFD] [net 01:31:00.034]  socket ip:192.168.1.202
<21:31:00> [4C920A71] mac address : 74-56-3c-fe-52-f3
<21:31:03> [584C4FFD] [net 01:31:03.236] connection requested to: 192.95.21.64:1239
<21:31:03> [4ABA7BDB] Auth: client disconnected (reason=0)
<21:31:03> [0F08E548] [NetConnection] connect completed (succeeded:true)
<21:31:03> [48F7BDF2] invalid world id in world queue packet
<21:31:03> [26623ECA] ucc info.. 5 0
<21:31:03> [4516816D] pay method: person
<21:31:03> [4AA30841] pay location: person
<21:31:03> [ADF1C07E] pay start: 1900-1-1 00:00:00
<21:31:03> [6486A277] pay end: 1900-1-1 00:00:00
<21:31:03> [FFF6198C] premium point: 0
<21:31:03> [481C0862] premium grade: premium_0
<21:31:03> [88D9AB0C] real pay time: 32969234317312
<21:31:03> [9FC303B8][Error] [CVARS]: [DUPLICATE] CXConsole::RegisterFloat(): variable [camera_max_dist] is already registered
<21:31:03> [34CCC219] stream: connected to world server
<21:31:03> [06A46B5B] stream: authorized by world server
<21:31:03> [4516816D] pay method: person
<21:31:03> [4AA30841] pay location: person
<21:31:03> [ADF1C07E] pay start: 1900-1-1 00:00:00
<21:31:03> [6486A277] pay end: 2037-12-31 16:00:00
<21:31:03> [FFF6198C] premium point: 0
<21:31:03> [481C0862] premium grade: premium_0
<21:31:03> [88D9AB0C] real pay time: -1
<21:31:03> [82321C2B][Warning] [net 01:31:03.979] [time] remote time estimation restarted; estimate accumulator age was 150874.062500
<21:31:05> [637AF710][Warning] missing chr material : game/objects/characters/warborn/female/parts/ar/obj/wa_f_ar_leather181.mtl (chr: game/objects/characters/warborn/female/parts/ar/obj/wa_f_1ac014_1ar117_2ar602_2arm004_2bt005_2pv002.chr)
<21:31:06> [000004EE][Warning] [Lua Error] no localized ui text for 18 always_refund
<21:31:06> [09F46B9D]     cl_fov = 90 []
<21:31:06> [09F46B9D]     camera_max_dist = 180 []
<21:31:06> [09F46B9D]     name_tag_hp_width_on_bgmode = 80 []
<21:31:06> [09F46B9D]     name_tag_hp_height_on_bgmode = 30 []
<21:31:06> [A13C772D][Warning] Cannot load texture ui/font_color.g, Image file format is invalid [File=ui/font_color.g]
<21:31:06> [06E6A3E9][Warning] Cannot load texture ui/login_stage/queue.dds, file missing [File=ui/login_stage/queue.dds]
<21:31:07> [DA579B6C][Error] can't load client driven connect info.. Kompy
<21:31:12> [9FC303B8][Error] [CVARS]: [DUPLICATE] CXConsole::RegisterFloat(): variable [ui_double_click_interval] is already registered
<21:31:12> [0DE3FA89][Error] CryAnimation: character-definition creation failed: game/objects/characters/returned/female/nude/re_f.cdf
<21:31:12> [6FF68EA5] SetInstantTime: type 0 time 0
<21:31:12> [6FF68EA5] SetInstantTime: type 1 time 1758470161
<21:31:12> [6FF68EA5] SetInstantTime: type 2 time 1758295022
<21:31:12> [6FF68EA5] SetInstantTime: type 3 time 0
<21:31:12> [6FF68EA5] SetInstantTime: type 4 time 0
<21:31:12> [6FF68EA5] SetInstantTime: type 5 time 0
<21:31:12> [6FF68EA5] SetInstantTime: type 6 time 0
<21:31:12> [6FF68EA5] SetInstantTime: type 7 time 1758464550
<21:31:12> [82321C2B][Warning] [net 01:31:12.481] [time] remote time estimation restarted; estimate accumulator age was 2.351061
<21:31:12> [0E61BD35] ExpeditionMember 20 added
<21:31:12> [0E61BD35] ExpeditionMember 20 added
<21:31:12> [0E61BD35] ExpeditionMember 10 added
<21:31:12> [1EBA13B3][Warning] count not matched; total=87; size=50
<21:31:12> [966861E8][Warning] GetAllPolicies empty
<21:31:12> [67B7DD8A][Warning] my ExpeditionMemberDesc not exist
<21:31:12> [7AB931CE] seamless unloading cell object(W0, 0), (L0, 0)
<21:31:12> [4B1E8B22] unload cell object count : 1511
<21:31:12> [B866A294] seamless unloading cell terrain(W0, 0), (L0, 0)
<21:31:12> [963385F6] Level System - Loading Start
<21:31:12> [E0E0EDAE][Warning] failed to load zone time of day from game/worlds/main_world/zone/225//time_of_day.xml
<21:31:12> [AB17243B][Warning] failed to load zone environment from game/worlds/main_world/zone/309//env.xml
<21:31:12> [35D4413E][Warning] failed to load zone clouds from game/worlds/main_world/zone/309//clouds.xml
<21:31:12> [806B6F8D] precaching world entities ..
<21:31:12> [7E39E0DE] precaching world entities .. done!  total (1778) objects
<21:31:12> [D2B280D6] Vegetation Manager : Loading World(main_world)
<21:31:13> [075AB92F] Vegetation Manager : Loading World - Done (total 3055 vegetations)
<21:31:13> [000004EE][Error] CTerrain::LoadWorldSurfaces: Error loading material: materials/Terrain/gweonidforest/w_forest_road_a1
<21:31:13> [751FFB9E][Warning] Error: CShaderMan::mfCreateShaderResources: Couldn't find detail texture
'game/textures/aa_terrain/canyon/tr_canyon_rock_616a_ddn.tga' in path '' [File=game/textures/aa_terrain/canyon/tr_canyon_rock_616a_ddn.tga]
<21:31:13> [B9410AA1] total 600 terrain world surfaces loaded
<21:31:13> [280A47E3] Precached total 4 materials
<21:31:13> [7B1A973B] seamless loading cell terrain(W20, 7), (L4, 4)
<21:31:13> [7B1A973B] seamless loading cell terrain(W20, 6), (L4, 3)
<21:31:13> [7B1A973B] seamless loading cell terrain(W21, 7), (L5, 4)
<21:31:13> [7B1A973B] seamless loading cell terrain(W21, 6), (L5, 3)
<21:31:13> [7B1A973B] seamless loading cell terrain(W19, 7), (L3, 4)
<21:31:13> [7B1A973B] seamless loading cell terrain(W20, 8), (L4, 5)
<21:31:13> [7B1A973B] seamless loading cell terrain(W19, 6), (L3, 3)
<21:31:13> [7B1A973B] seamless loading cell terrain(W21, 8), (L5, 5)
<21:31:13> [7B1A973B] seamless loading cell terrain(W19, 8), (L3, 5)
<21:31:13> [7B1A973B] seamless loading cell terrain(W20, 5), (L4, 2)
<21:31:13> [7B1A973B] seamless loading cell terrain(W22, 7), (L6, 4)
<21:31:13> [7B1A973B] seamless loading cell terrain(W21, 5), (L5, 2)
<21:31:13> [7B1A973B] seamless loading cell terrain(W22, 6), (L6, 3)
<21:31:13> [7B1A973B] seamless loading cell terrain(W19, 5), (L3, 2)
<21:31:13> [7B1A973B] seamless loading cell terrain(W22, 8), (L6, 5)
<21:31:13> [7B1A973B] seamless loading cell terrain(W18, 7), (L2, 4)
<21:31:13> [7B1A973B] seamless loading cell terrain(W20, 9), (L4, 6)
<21:31:13> [7B1A973B] seamless loading cell terrain(W18, 6), (L2, 3)
<21:31:13> [7B1A973B] seamless loading cell terrain(W21, 9), (L5, 6)
<21:31:13> [7B1A973B] seamless loading cell terrain(W18, 8), (L2, 5)
<21:31:13> [7B1A973B] seamless loading cell terrain(W19, 9), (L3, 6)
<21:31:13> [7B1A973B] seamless loading cell terrain(W22, 5), (L6, 2)
<21:31:13> [7B1A973B] seamless loading cell terrain(W20, 4), (L4, 1)
<21:31:13> [7B1A973B] seamless loading cell terrain(W23, 7), (L7, 4)
<21:31:13> [7B1A973B] seamless loading cell terrain(W18, 5), (L2, 2)
<21:31:13> [7B1A973B] seamless loading cell terrain(W22, 9), (L6, 6)
<21:31:13> [7B1A973B] seamless loading cell terrain(W21, 4), (L5, 1)
<21:31:13> [7B1A973B] seamless loading cell terrain(W23, 6), (L7, 3)
<21:31:13> [7B1A973B] seamless loading cell terrain(W19, 4), (L3, 1)
<21:31:13> [7B1A973B] seamless loading cell terrain(W23, 8), (L7, 5)
<21:31:13> [7B1A973B] seamless loading cell terrain(W18, 9), (L2, 6)
<21:31:13> [7B1A973B] seamless loading cell terrain(W17, 7), (L1, 4)
<21:31:13> [7B1A973B] seamless loading cell terrain(W20, 10), (L4, 7)
<21:31:13> [7B1A973B] seamless loading cell terrain(W17, 6), (L1, 3)
<21:31:13> [7B1A973B] seamless loading cell terrain(W21, 10), (L5, 7)
<21:31:13> [7B1A973B] seamless loading cell terrain(W22, 4), (L6, 1)
<21:31:13> [7B1A973B] seamless loading cell terrain(W23, 5), (L7, 2)
<21:31:13> [7B1A973B] seamless loading cell terrain(W17, 8), (L1, 5)
<21:31:13> [7B1A973B] seamless loading cell terrain(W19, 10), (L3, 7)
<21:31:13> [7B1A973B] seamless loading cell terrain(W18, 4), (L2, 1)
<21:31:13> [7B1A973B] seamless loading cell terrain(W23, 9), (L7, 6)
<21:31:13> [7B1A973B] seamless loading cell terrain(W17, 5), (L1, 2)
<21:31:13> [7B1A973B] seamless loading cell terrain(W22, 10), (L6, 7)
<21:31:13> [7B1A973B] seamless loading cell terrain(W20, 3), (L4, 0)
<21:31:13> [7B1A973B] seamless loading cell terrain(W17, 9), (L1, 6)
<21:31:13> [7B1A973B] seamless loading cell terrain(W18, 10), (L2, 7)
<21:31:13> [7B1A973B] seamless loading cell terrain(W21, 3), (L5, 0)
<21:31:13> [7B1A973B] seamless loading cell terrain(W23, 4), (L7, 1)
<21:31:13> [7B1A973B] seamless loading cell terrain(W19, 3), (L3, 0)
<21:31:13> [3EF08C47] seamless loading cell object(W20, 7), (L4, 4)
<21:31:14> [3EF08C47] seamless loading cell object(W20, 6), (L4, 3)
<21:31:14> [000004EE][Warning] [CGF Error] game/objects/env/02_harihara/001_hcom/hcom_cart_b.cgf [:] LOD1 of geometry hcom_cart_b contains too many polygons comparing to the LOD0 [770 against 1114] :
<21:31:14> [A5DDEC33][Warning] Warning: CShaderMan::mfForName: NULL name
<21:31:14> [3EF08C47] seamless loading cell object(W21, 7), (L5, 4)
<21:31:14> [000004EE][Warning] [CGF Error] game/objects/env/01_nuia/001_housing/housing_people/hs_people_roof_a.cgf [:] Duplicate LOD helper $lod2 hs_people_roof_a
<21:31:14> Loading Particle Library: X2_EFFECTS_P
<21:31:14> [000004EE][Warning] [CGF Error] game/objects/env/01_nuia/001_housing/housing_guild/nuia_h_guild_door_b_back.cga [:] non-uniform scale(1.00, 1.39, 1.00) at node(nuia_h_guild_door_b01_back)
<21:31:14> [000004EE][Warning] [CGF Error] game/objects/env/02_harihara/03_ti/ti_factorymain_a.cga [:] Invalid BBox : has Invalid BBox node(Object32)
<21:31:14> Loading Particle Library: x2_sounds
<21:31:14> [3EF08C47] seamless loading cell object(W21, 6), (L5, 3)
<21:31:14> [745BAE2F][Warning] failed to stream material xml(game/rock_06.mtl)
<21:31:14> [3EF08C47] seamless loading cell object(W19, 7), (L3, 4)
<21:31:14> [3EF08C47] seamless loading cell object(W20, 8), (L4, 5)
<21:31:14> [3EF08C47] seamless loading cell object(W19, 6), (L3, 3)
<21:31:14> [3EF08C47] seamless loading cell object(W21, 8), (L5, 5)
<21:31:15> [3EF08C47] seamless loading cell object(W19, 8), (L3, 5)
<21:31:15> [3EF08C47] seamless loading cell object(W20, 5), (L4, 2)
<21:31:15> [3EF08C47] seamless loading cell object(W22, 7), (L6, 4)
<21:31:15> [3EF08C47] seamless loading cell object(W21, 5), (L5, 2)
<21:31:15> [526BDE3A][Warning] Cannot load texture game/objects/env/02_harihara/04_su/su_tent_01game/objects/env/02_harihara/04_su/su_tent_04_df.dds_df.dds, file missing [File=game/objects/env/02_harihara/04_su/su_tent_01game/objects/env/02_harihara/04_su/su_tent_04_df.dds_df.dds]
<21:31:15> [000004EE][Warning] Particle effect not found: 'X2_EFFECTS.e_effect.smoke_slow', from ParticleEffect ParticleEffect_2760
<21:31:15> [3EF08C47] seamless loading cell object(W22, 6), (L6, 3)
<21:31:15> [3EF08C47] seamless loading cell object(W19, 5), (L3, 2)
<21:31:15> [000004EE][Warning] [CGF Error] game/objects/env/02_harihara/04_su/su_incinerator_tower_b.cgf [:] LOD1 of geometry  contains too many polygons comparing to the LOD0 [742 against 1060] :
<21:31:15> [3EF08C47] seamless loading cell object(W22, 8), (L6, 5)
<21:31:15> [3EF08C47] seamless loading cell object(W18, 7), (L2, 4)
<21:31:15> [3EF08C47] seamless loading cell object(W20, 9), (L4, 6)
<21:31:15> [CE0EF930][Warning] failed to stream cgf : objects/env/05_nature/08_cry_source/rocks/road_rocks/road_rocks_flat_grey_a.cgf
<21:31:15> [3EF08C47] seamless loading cell object(W18, 6), (L2, 3)
<21:31:15> [3EF08C47] seamless loading cell object(W21, 9), (L5, 6)
<21:31:15> [3EF08C47] seamless loading cell object(W18, 8), (L2, 5)
<21:31:16> [3EF08C47] seamless loading cell object(W19, 9), (L3, 6)
<21:31:16> [3EF08C47] seamless loading cell object(W22, 5), (L6, 2)
<21:31:16> [12409CCC] Load Zone Finished
<21:31:16> [000004EE][Warning] I3DEngine::RegisterEntity: entity reports invalid position: Name: LightEntityName (), Class: LightEntityClass, Pos=(6411.5,2342.7,2816.1), aabb center=(142.0,1019.8,-2.3)
<21:31:16> [82321C2B][Warning] [net 01:31:16.410] [time] remote time estimation restarted; estimate accumulator age was 3.873270
<21:31:16> [BCCDC555][Warning] MakeSprite - too many sprite update (10). dropping.. (sprites : 34)
<21:31:16> [C5B7BE3D][Warning] Failed to initialize Irradiance Volume: Insufficient video memory
<21:31:16> [A369EADC][Warning] failed to register sound listener. no actor. lets wait more...
<21:31:16> [5CE4EF2C][Warning] failed to load particle lib from (Libs/Particles/game/abillity_skill_table_m.xml)
<21:31:16> [000004EE][Warning] Particle effect not found: 'game/abillity_skill_table_m.wild.shock_form2', from unknown 
<21:31:16> [2BFDEC33][Error] realstep 8, not match unit req
<21:31:16> [A39C1725] Level System - Loading Complete
<21:31:16> [9BE3F673] total 0 CGF files are precached
<21:31:16> [27293DED] -----------------------------------------------------
<21:31:16> [120C18F5] * LOADING: 'e_rainbow_field_3' loading time: 4.25 seconds
<21:31:16> [27293DED] -----------------------------------------------------
<21:31:17> [A4D70365][Warning] rigid-body own-entity; prefab=prefabs/interaction_d.xml/tool.lever_right node=AnimObject_1
<21:31:19> [CA175C82][Warning] non-stream IO. system(CGF), filePath(Objects\Env\01_nuia\001_housing\housing_farm\hs_f_scarecrow01.cgf)
<21:31:19> [EFC67A6D][Warning] Error: CShaderMan::mfCreateShaderResources: Couldn't find detail texture
'game/objects/env/01_nuia/001_housing/housing_house/nuia_housing_tree07_ddn.dds' in path '' [File=game/objects/env/01_nuia/001_housing/housing_house/nuia_housing_tree07_ddn.dds]
<21:31:19> Loading Particle Library: ljs_particle_fx
<21:31:20> [755A3546][Warning] Error: CShaderMan::mfCreateShaderResources: Couldn't find custom secondary texture 'game/objects/env/01_nuia/001_housing/housing_house/nuia_housing_treemossy03_ddn.dds' in path '' [File=game/objects/env/01_nuia/001_housing/housing_house/nuia_housing_treemossy03_ddn.dds]
<21:31:21> [2363981C][Warning] chr material is not precached : game/objects/characters/animals/kid/kid.mtl (chr: game/objects/characters/animals/kid/kid.chr)
<21:31:21> [CE2F4035][Warning] chr physical geom is not precached. (game/objects/characters/animals/kid/kid.chr)
<21:31:21> [C9209D07][Warning] Cannot load texture game/objects/env/01_nuia/001_housing/housing_house/hs_addon_a_sp.dds, file missing [File=game/objects/env/01_nuia/001_housing/housing_house/hs_addon_a_sp.dds]
<21:31:21> [000004EE][Warning] [CGF Error] game/objects/env/01_nuia/001_housing/housing_house/housing_addon_roof_a.cgf [:] LOD1 of geometry  contains too many polygons comparing to the LOD0 [2104 against 3035] :
<21:31:21> [745BAE2F][Warning] failed to stream material xml(game/$picking.mtl)
<21:31:21> [910643CC][Warning] cutter mesh is not correctly triangulated. source=[game/objects/characters/animals/fish/fish_tropical_greenhouse/fish_tropical_greenhouse_small.chr, Indices:3]
<21:31:21> [EFA8E813][Warning] cutter mesh is zero indices
<21:31:22> [8BC8B87E][Warning] Error: CShaderMan::mfCreateShaderResources: Couldn't find subsurface texture 'game/objects/characters/animals/cat_baby_cat/cat_baby_black_pet_df.dds' in path '' [File=game/objects/characters/animals/cat_baby_cat/cat_baby_black_pet_df.dds]
<21:31:22> [62232BEA][Warning] deferred xml stream error - game/animations/animals/goose/lmg_files/normal_run.lmg : f0000003
<21:31:22> [5132FEDE][Warning] invalid attached position(-20.98, 20.99, -0.37)
<21:31:23> [637AF710][Warning] missing chr material : game/objects/characters/elf/female/parts/ar/obj/el_f_ar_leather218.mtl (chr: game/objects/characters/elf/female/parts/ar/obj/el_f_1ar311_1arm016.chr)
<21:31:23> [000004EE][Warning] Particle effect not found: 'game/abillity_skill_table_m.fight.full_dot_end', from unknown 
<21:31:23> [5CE4EF2C][Warning] failed to load particle lib from (Libs/Particles/game/x2_effects.xml)
<21:31:23> [F724A392][Error] CryAnimation:: Trying to load animation with alias "fist_ba_relaxed_idle_rand_2" from file "animations/animals/welsh_corgi_baby/fist/fist_ba_relaxed_idle_rand.caf" into the animation container. Such animation alias already exists and uses file "animations/animals/welsh_corgi_baby/fist/fist_ba_relaxed_idle_rand_2.caf". Please use another animation alias.
<21:31:24> [BCCDC555][Warning] MakeSprite - too many sprite update (10). dropping.. (sprites : 43)
<21:31:24> [DE20B351][Warning] Flow Graph Node targets unknown entity guid: 4aeefc04e8c803c0
<21:31:25> [09F46B9D]     cl_fov = 90 []
<21:31:25> [09F46B9D]     camera_max_dist = 180 []
<21:31:25> [09F46B9D]     name_tag_hp_width_on_bgmode = 80 []
<21:31:25> [09F46B9D]     name_tag_hp_height_on_bgmode = 30 []
<21:31:25> [000004EE][Warning] [Lua Error] Failed to load script file scriptsbin/x2ui/assignment/form.alb
<21:31:25> [A13C772D][Warning] Cannot load texture ui/font_color.g, Image file format is invalid [File=ui/font_color.g]
<21:31:25> [B5A61D8F] Chat Channel(0) Color is not found.
<21:31:25> [000004EE][Warning] [Lua Error] ...ts/x2ui/loginstage/character_create/locale/en_us.lua:524: attempt to index a nil value
<21:31:25> [58F3F7FF][Warning] <null>:0: [Lua Error] Failed to execute file @game/scriptsbin/x2ui/loginstage/character_create/locale/en_us.alb
<21:31:25> [73AFCD09][Warning] Cannot load texture ui/map/frame_map_2.dds, file missing [File=ui/map/frame_map_2.dds]
<21:31:25> [000004EE][Warning] [Lua] invalid style type...  / brown
<21:31:26> [82321C2B][Warning] [net 01:31:26.025] [time] remote time estimation restarted; estimate accumulator age was 0.949774
<21:31:26> [745BAE2F][Warning] failed to stream material xml(game/objects/env/01_nuia/001_housing/housing_furniture/Standard_13.mtl)
<21:31:26> [9CAE9693] Starting In World Loading
<21:31:26> [7B1A973B] seamless loading cell terrain(W16, 7), (L0, 4)
<21:31:26> [7B1A973B] seamless loading cell terrain(W16, 8), (L0, 5)
<21:31:26> [7B1A973B] seamless loading cell terrain(W16, 6), (L0, 3)
<21:31:26> [7B1A973B] seamless loading cell terrain(W17, 10), (L1, 7)
<21:31:26> [7B1A973B] seamless loading cell terrain(W16, 9), (L0, 6)
<21:31:26> [7B1A973B] seamless loading cell terrain(W17, 4), (L1, 1)
<21:31:26> [7B1A973B] seamless loading cell terrain(W16, 5), (L0, 2)
<21:31:26> [B866A294] seamless unloading cell terrain(W23, 17), (L7, 1)
<21:31:26> [B866A294] seamless unloading cell terrain(W21, 16), (L5, 0)
<21:31:26> [B866A294] seamless unloading cell terrain(W23, 18), (L7, 2)
<21:31:26> [B866A294] seamless unloading cell terrain(W20, 16), (L4, 0)
<21:31:26> [B866A294] seamless unloading cell terrain(W19, 16), (L3, 0)
<21:31:26> [3EF08C47] seamless loading cell object(W18, 9), (L2, 6)
<21:31:26> [3EF08C47] seamless loading cell object(W17, 7), (L1, 4)
<21:31:26> [3EF08C47] seamless loading cell object(W17, 8), (L1, 5)
<21:31:26> [3EF08C47] seamless loading cell object(W18, 5), (L2, 2)
<21:31:26> [7AB931CE] seamless unloading cell object(W22, 18), (L6, 2)
<21:31:26> [7AB931CE] seamless unloading cell object(W22, 19), (L6, 3)
<21:31:26> [7AB931CE] seamless unloading cell object(W22, 21), (L6, 5)
<21:31:26> [000004EE][Warning] [CGF Error] game/objects/env/02_harihara/01_ma/ma_top05.cgf [:] non-uniform scale(0.70, 1.00, 0.70) at node(Box11)
<21:31:26> [188BF914][Warning] [EntityLoader] invalid entity pos(1172.249, 2147.883, 0.000) name(AAC_Mahadevi_Ext_1)
<21:31:26> [A4D70365][Warning] rigid-body own-entity; prefab=prefabs/making_bee.xml/making_bee.bee02 node=AnimObject_2
<21:31:26> [B42C333F] In World Loading Finished
<21:31:26> [000004EE][Warning] RenderMesh not assigned game/objects/box_nodraw.cgf
<21:31:27> [000004EE][Warning] [CGF Error] game/objects/env/01_nuia/001_ncom/ncom_xmas_musicbox.cga [:] Duplicate LOD helper $lod1 ncom_xmas_musicbox_top
<21:31:27> [000004EE][Warning] [CGF Error] game/objects/env/01_nuia/001_housing/housing_furniture/hs_f_safe_d.cgf [:] LOD1 of geometry hs_f_safe_d contains too many polygons comparing to the LOD0 [1606 against 2318] :
<21:31:27> [CE0EF930][Warning] failed to stream cgf : default
<21:31:28> [5243B464][Warning] Error: CShaderMan::mfCreateShaderResources: Couldn't find subsurface texture 'objects/characters/ferre/female/face/face01/fe_f_face01_fur_sss.dds' in path '' [File=objects/characters/ferre/female/face/face01/fe_f_face01_fur_sss.dds]
<21:31:28> [CA175C82][Warning] non-stream IO. system(Material), filePath(game/objects/effects/keffect/m_enchant2_yellow_l.mtl)
<21:31:28> [000004EE][Warning] [CGF Error] game/objects/item/interaction/dragon_statue/dragon_tree_statue.cgf [:] LOD1 of geometry  contains too many polygons comparing to the LOD0 [1622 against 2418] :
<21:31:28> [B95EE41B][Error] invalid parent unit id(5900)
<21:31:28> [A13C772D][Warning] Cannot load texture ui/font_color.g, Image file format is invalid [File=ui/font_color.g]
<21:31:29> [BCCDC555][Warning] MakeSprite - too many sprite update (10). dropping.. (sprites : 68)
<21:31:29> [62232BEA][Warning] deferred xml stream error - game/animations/animals/chick/lmg_files/normal_run.lmg : f0000003
<21:31:33> [CE0EF930][Warning] failed to stream cgf : default
<21:31:34> [745BAE2F][Warning] failed to stream material xml(game/objects/characters/animals/cow/cow_black.mtl)
<21:31:34> [A4D70365][Warning] rigid-body own-entity; prefab=Prefabs/interaction.xml/toy.crane node=AnimObject_1
<21:31:37> [DE20B351][Warning] Flow Graph Node targets unknown entity guid: 45671b71c0b06ecd
<21:31:38> [62232BEA][Warning] deferred xml stream error - game/animations/animals/duck/lmg_files/normal_run.lmg : f0000003
<21:31:39> [745BAE2F][Warning] failed to stream material xml(game/materials/aa_terrain/decals/quest_golddust.mtl)
<21:31:40> [CE0EF930][Warning] failed to stream cgf : default
<21:31:41> [3EF08C47] seamless loading cell object(W17, 6), (L1, 3)
<21:31:41> [A4D70365][Warning] rigid-body own-entity; prefab=Prefabs/interaction.xml/toy.crane node=AnimObject_1
<21:31:42> [5132FEDE][Warning] invalid attached position(-20.93, -20.87, -4.13)
<21:31:42> [000004EE][Warning] I3DEngine::RegisterEntity: entity reports invalid position: Name: LightEntityName (), Class: LightEntityClass, Pos=(9698.9,3953.1,3986.4), aabb center=(3878.1,4741.1,178.9)
<21:31:44> [7AB931CE] seamless unloading cell object(W21, 18), (L5, 2)
<21:31:44> [B866A294] seamless unloading cell terrain(W23, 22), (L7, 6)
<21:31:45> [CE0EF930][Warning] failed to stream cgf : default
<21:31:46> [A4D70365][Warning] rigid-body own-entity; prefab=prefabs/making_bee.xml/making_bee.bee02 node=AnimObject_2
<21:31:47> [745BAE2F][Warning] failed to stream material xml(game/materials/aa_terrain/decals/quest_golddust.mtl)
<21:31:47> [7AB931CE] seamless unloading cell object(W22, 20), (L6, 4)
<21:31:48> [B866A294] seamless unloading cell terrain(W22, 17), (L6, 1)
<21:31:48> [DE20B351][Warning] Flow Graph Node targets unknown entity guid: 49e17e029614af26
<21:31:48> [62232BEA][Warning] deferred xml stream error - game/animations/animals/calf/lmg_files/normal_run.lmg : f0000003
<21:31:51> [CE0EF930][Warning] failed to stream cgf : default
<21:31:52> [CFFE1C46][Error] Error streaming texture: Error 'Offset out of range', Texture: game/objects/characters/animals/cat_baby_pet/cat_baby_pet_df.dds
<21:31:52> [A4D70365][Warning] rigid-body own-entity; prefab=prefabs/making_bee.xml/making_bee.bee02 node=AnimObject_2
<21:31:54> [000004EE][Warning] [Lua Error] can't find icon image.. [ui/tower_defense/starfall_progress.dds]
<21:31:55> [F9376E0D][Warning] [flow] FG-0x8084103C-Entity 'AnimObject_19' was destroyed with pending updates/activations. Report follows...
<21:31:55> [A8F1529E][Warning] [flow] Pending nodes:
<21:31:56> [94DB4391][Warning] Cannot load texture game/objects/characters/animals/cat_baby_cat/cat_baby_stripes_pet_df.dds, file missing [File=game/objects/characters/animals/cat_baby_cat/cat_baby_stripes_pet_df.dds]
<21:31:56> [D42935C5][Warning] Error: CShaderMan::mfCreateShaderResources: Couldn't find subsurface texture 'game/objects/characters/animals/cat_baby_cat/cat_baby_stripes_pet_df.dds' in path '' [File=game/objects/characters/animals/cat_baby_cat/cat_baby_stripes_pet_df.dds]
<21:31:57> [CFFE1C46][Error] Error streaming texture: Error 'Offset out of range', Texture: game/objects/characters/animals/cat_baby_pet/cat_baby_pet_df.dds
<21:31:59> [CE0EF930][Warning] failed to stream cgf : default
<21:31:59> [A4D70365][Warning] rigid-body own-entity; prefab=Prefabs/interaction.xml/toy.crane node=AnimObject_1
<21:31:59> [62232BEA][Warning] deferred xml stream error - game/animations/animals/pangolin_baby/lmg_files/normal_run.lmg : f0000003
<21:32:02> [745BAE2F][Warning] failed to stream material xml(game/objects/env/03_origin_continent/001_odeco/ndeco_backpack_nuia_h.mtl)
<21:32:03> [F9376E0D][Warning] [flow] FG-0x6BA73CBC-Entity 'AnimObject_19' was destroyed with pending updates/activations. Report follows...
<21:32:03> [A8F1529E][Warning] [flow] Pending nodes:
<21:32:05> [A4D70365][Warning] rigid-body own-entity; prefab=prefabs/making_bee.xml/making_bee.bee02 node=AnimObject_2
<21:32:06> [CE0EF930][Warning] failed to stream cgf : default
<21:32:09> [F9376E0D][Warning] [flow] FG-0x7CDED714-Entity 'AnimObject_19' was destroyed with pending updates/activations. Report follows...
<21:32:09> [A8F1529E][Warning] [flow] Pending nodes:
<21:32:12> [A4D70365][Warning] rigid-body own-entity; prefab=prefabs/making_bee.xml/making_bee.bee03 node=AnimObject_2
<21:32:12> [CE0EF930][Warning] failed to stream cgf : default
<21:32:14> [F9376E0D][Warning] [flow] FG-0x7CDEC73C-Entity 'AnimObject_19' was destroyed with pending updates/activations. Report follows...
<21:32:14> [A8F1529E][Warning] [flow] Pending nodes:
<21:32:14> [745BAE2F][Warning] failed to stream material xml(game/objects/characters/animals/seagull/Material #0.mtl)
<21:32:19> [F9376E0D][Warning] [flow] FG-0x720BB614-Entity 'AnimObject_19' was destroyed with pending updates/activations. Report follows...
<21:32:19> [A8F1529E][Warning] [flow] Pending nodes:
<21:32:24> [A4D70365][Warning] rigid-body own-entity; prefab=Prefabs/interaction.xml/toy.crane node=AnimObject_1
<21:32:24> [F9376E0D][Warning] [flow] FG-0x6BA72E1C-Entity 'AnimObject_19' was destroyed with pending updates/activations. Report follows...
<21:32:24> [A8F1529E][Warning] [flow] Pending nodes:
<21:32:25> [7AB931CE] seamless unloading cell object(W21, 22), (L5, 6)
<21:32:27> [B866A294] seamless unloading cell terrain(W22, 23), (L6, 7)
<21:32:29> [B866A294] seamless unloading cell terrain(W23, 19), (L7, 3)
<21:32:29> [7F89A202][Warning] AI: Warning: AIPoint is not inside Navigation Modifier. pos(3134.6, 4972.6, 253.1)
<21:32:31> [F9376E0D][Warning] [flow] FG-0x6BA71214-Entity 'AnimObject_19' was destroyed with pending updates/activations. Report follows...
<21:32:31> [A8F1529E][Warning] [flow] Pending nodes:
<21:32:40> [B866A294] seamless unloading cell terrain(W23, 21), (L7, 5)
<21:32:45> [F9376E0D][Warning] [flow] FG-0x6BA70AC4-Entity 'AnimObject_48' was destroyed with pending updates/activations. Report follows...
<21:32:45> [A8F1529E][Warning] [flow] Pending nodes:
<21:32:48> [B866A294] seamless unloading cell terrain(W23, 20), (L7, 4)
<21:32:51> [7F89A202][Warning] AI: Warning: AIPoint is not inside Navigation Modifier. pos(3134.6, 4972.6, 253.1)
<21:32:51> [000004EE][Warning] [Lua Error] can't find icon image.. [ui/tower_defense/starfall_progress.dds]
<21:33:03> [7AB931CE] seamless unloading cell object(W20, 18), (L4, 2)
<21:33:03> [000004EE][Warning] Particle effect not found: 'game/x2_effect_o.mon_effects.mon_groundshake_launch', from unknown 
<21:33:08> [B866A294] seamless unloading cell terrain(W21, 17), (L5, 1)
<21:33:13> [7AB931CE] seamless unloading cell object(W21, 19), (L5, 3)
<21:33:18> [B866A294] seamless unloading cell terrain(W22, 18), (L6, 2)
<21:33:21> [7B1A973B] seamless loading cell terrain(W16, 10), (L0, 7)
<21:33:23> [3EF08C47] seamless loading cell object(W17, 9), (L1, 6)
<21:33:26> [7F89A202][Warning] AI: Warning: AIPoint is not inside Navigation Modifier. pos(3074.2, 5096.0, 221.3)
<21:34:04> [CA175C82][Warning] non-stream IO. system(CGF), filePath(Objects/Env/01_nuia/001_housing/housing_house/housing_tree_spider.cgf)
<21:34:04> [BF8BE32F][Warning] Cannot load texture game/objects/env/01_nuia/001_housing/housing_house/housing_tree_base_sp.dds, file missing [File=game/objects/env/01_nuia/001_housing/housing_house/housing_tree_base_sp.dds]
<21:34:04> [755A3546][Warning] Error: CShaderMan::mfCreateShaderResources: Couldn't find custom secondary texture 'game/objects/env/01_nuia/001_housing/housing_house/nuia_housing_treemossy03_ddn.dds' in path '' [File=game/objects/env/01_nuia/001_housing/housing_house/nuia_housing_treemossy03_ddn.dds]
<21:34:04> [745BAE2F][Warning] failed to stream material xml(game/objects/env/01_nuia/001_housing/housing_house/gw_elfremain_b.mtl)
<21:34:07> [5132FEDE][Warning] invalid attached position(-17.02, 24.30, -9.80)
<21:34:07> [A4D70365][Warning] rigid-body own-entity; prefab=prefabs/interaction_c.xml/furniture.kraken_prop_am node=AnimObject_144
<21:34:10> [7AB931CE] seamless unloading cell object(W21, 21), (L5, 5)
<21:34:11> [4554E71F][Warning] Cannot load texture users/xlgames/desktop/11 copy.dds, file missing [File=users/xlgames/desktop/11 copy.dds]
<21:34:11> [FF6D52B4][Warning] Error: CShaderMan::mfCreateShaderResources: Couldn't find subsurface texture 'game/objects/characters/animals/cat_baby_cat/cat_baby_siamese_pet_df.dds' in path '' [File=game/objects/characters/animals/cat_baby_cat/cat_baby_siamese_pet_df.dds]
<21:34:11> [000004EE][Warning] [CGF Error] game/objects/env/01_nuia/001_housing/housing_furniture/hs_f_safe_d.cgf [:] LOD1 of geometry hs_f_safe_d contains too many polygons comparing to the LOD0 [1606 against 2318] :
<21:34:11> [000004EE][Warning] [CGF Error] game/objects/env/01_nuia/001_housing/housing_furniture/hs_f_safe_e.cgf [:] non-uniform scale(1.00, 1.03, 1.00) at node(hs_f_safe_e)
<21:34:12> [000004EE][Warning] [Lua Error] can't find icon image.. [ui/tower_defense/starfall_progress.dds]
<21:34:13> [745BAE2F][Warning] failed to stream material xml(game/$picking.mtl)
<21:34:13> [637AF710][Warning] missing chr material : game/objects/characters/nuian/male/parts/hm/obj/nu_m_hm_cloth001.mtl (chr: game/objects/characters/nuian/male/parts/hm/obj/nu_m_4hm138.chr)
<21:34:14> [7AB931CE] seamless unloading cell object(W21, 20), (L5, 4)
<21:34:15> [7AB931CE] seamless unloading cell object(W18, 18), (L2, 2)
<21:34:15> [7AB931CE] seamless unloading cell object(W19, 18), (L3, 2)
<21:34:16> [BB790A81] origin change campos : 3074.12, 5120.046387
<21:34:16> [00000020]  
<21:34:16> [00000020]  
<21:34:16> [A581FA6D] -----------------------------------------------------------------------------
<21:34:16> [1DAA5677] SeamlessSystem::ChangeOrigin() : Here we go. Old(16,3) -> New(15,4)
<21:34:16> [A581FA6D] -----------------------------------------------------------------------------
<21:34:16> [00000020]  
<21:34:16> [00000020]  
<21:34:16> [7B1A973B] seamless loading cell terrain(W19, 11), (L4, 7)
<21:34:16> [1054BE80][Warning] WaterVolume Origin Change error : Err(-1024.0, 1024.0), CurrPos(19738.2, 9992.7), Origin Frame(0, 1)
<21:34:16> [7B1A973B] seamless loading cell terrain(W18, 11), (L3, 7)
<21:34:16> [7B1A973B] seamless loading cell terrain(W15, 8), (L0, 4)
<21:34:16> [7B1A973B] seamless loading cell terrain(W15, 7), (L0, 3)
<21:34:16> [7B1A973B] seamless loading cell terrain(W20, 11), (L5, 7)
<21:34:17> [7B1A973B] seamless loading cell terrain(W17, 11), (L2, 7)
<21:34:17> [7B1A973B] seamless loading cell terrain(W15, 9), (L0, 5)
<21:34:17> [7B1A973B] seamless loading cell terrain(W15, 6), (L0, 2)
<21:34:18> [000004EE][Warning] I3DEngine::RegisterEntity: entity reports invalid position: Name: LightEntityName (), Class: LightEntityClass, Pos=(9727.2,2992.1,4180.4), aabb center=(4075.1,4135.9,212.4)
<21:34:19> [5132FEDE][Warning] invalid attached position(-20.98, -20.95, -0.20)
<21:34:19> [745BAE2F][Warning] failed to stream material xml(game/$picking.mtl)
<21:34:22> [637AF710][Warning] missing chr material : game/objects/characters/hariharan/male/parts/gv/obj/ha_m_gv_cloth213.mtl (chr: game/objects/characters/hariharan/male/parts/gv/obj/ha_m_1gv301.chr)
<21:34:23> [E46B221E][Warning] Cannot load texture game/objects/characters/monster/daru/daru_tamer/daru_tamer_sp.dds, file missing [File=game/objects/characters/monster/daru/daru_tamer/daru_tamer_sp.dds]
<21:34:24> [DE20B351][Warning] Flow Graph Node targets unknown entity guid: 45671b71c0b06ecd
<21:34:25> [745BAE2F][Warning] failed to stream material xml(game/objects/characters/hariharan/male/parts/gv/obj/ha_m_gv_cloth231.mtl)
<21:34:26> [A4D70365][Warning] rigid-body own-entity; prefab=prefabs/interaction_c.xml/furniture.kraken_prop_a node=AnimObject_144
<21:34:26> [C4901C15][Warning] Error: CShaderMan::mfCreateShaderResources: Couldn't find detail texture
'game/textures/cubemaps/cxpgame/objects/env/01_nuia/001_housing/housing_furniture/hs_f_cookie_chair_df.dds_river.dds' in path '' [File=game/textures/cubemaps/cxpgame/objects/env/01_nuia/001_housing/housing_furniture/hs_f_cookie_chair_df.dds_river.dds]
<21:34:33> [745BAE2F][Warning] failed to stream material xml(game/objects/characters/hariharan/male/parts/gv/obj/ha_m_gv_metal224.mtl)
<21:34:33> [637AF710][Warning] missing chr material : game/objects/characters/hariharan/male/parts/gv/obj/ha_m_gv_metal224.mtl (chr: game/objects/characters/hariharan/male/parts/gv/obj/ha_m_3gv101.chr)
<21:34:33> [000004EE][Warning] Particle effect not found: 'game/x2_effects.p_effect.st1000c', from unknown 
<21:34:35> [3EF08C47] seamless loading cell object(W18, 10), (L3, 6)
<21:34:49> [A4D70365][Warning] rigid-body own-entity; prefab=prefabs/carriage.xml/carriage.carriageb node=AnimObject_55
<21:34:51> [3EF08C47] seamless loading cell object(W16, 8), (L1, 4)
<21:34:51> [9684057F][Warning] Cannot load texture game/objects/env/01_nuia/001_ndeco/old/rope_a_ddn.dds, file missing [File=game/objects/env/01_nuia/001_ndeco/old/rope_a_ddn.dds]
<21:34:51> [745BAE2F][Warning] failed to stream material xml(game/objects/env/08_dungeon/06_instance_prologue/sr_harbor_stair.mtl)
<21:34:52> [CE0EF930][Warning] failed to stream cgf : default
<21:34:53> [F9376E0D][Warning] [flow] FG-0x6BA7134C-Entity 'AnimObject_19' was destroyed with pending updates/activations. Report follows...
<21:34:53> [A8F1529E][Warning] [flow] Pending nodes:
<21:34:55> [3EF08C47] seamless loading cell object(W16, 7), (L1, 3)
<21:34:57> [B866A294] seamless unloading cell terrain(W22, 17), (L7, 2)
<21:34:58> [F9376E0D][Warning] [flow] FG-0x6BA7023C-Entity 'AnimObject_19' was destroyed with pending updates/activations. Report follows...
<21:34:58> [A8F1529E][Warning] [flow] Pending nodes:
<21:34:59> [CE0EF930][Warning] failed to stream cgf : default
<21:34:59> [B866A294] seamless unloading cell terrain(W22, 20), (L7, 5)
<21:35:06> [62232BEA][Warning] deferred xml stream error - game/animations/monster/polarbear/lmg_files/normal_run.lmg : f0000003
<21:35:06> [DE20B351][Warning] Flow Graph Node targets unknown entity guid: 40a8e606fe294280
<21:35:11> [000004EE][Warning] Particle effect not found: 'game/x2_sounds.particles.lute_playing_01', from unknown 
<21:35:11> [745BAE2F][Warning] failed to stream material xml(game/objects/characters/hariharan/male/parts/gv/obj/ha_m_gv_cloth037.mtl)
<21:35:11> [637AF710][Warning] missing chr material : game/objects/characters/hariharan/male/parts/gv/obj/ha_m_gv_cloth037.mtl (chr: game/objects/characters/hariharan/male/parts/gv/obj/ha_m_1gv102.chr)
<21:35:11> [B866A294] seamless unloading cell terrain(W20, 15), (L5, 0)
<21:35:16> [F9376E0D][Warning] [flow] FG-0x8CB00BCC-Entity 'AnimObject_19' was destroyed with pending updates/activations. Report follows...
<21:35:16> [A8F1529E][Warning] [flow] Pending nodes:
<21:35:35> [F9376E0D][Warning] [flow] FG-0x7CDEC604-Entity 'AnimObject_19' was destroyed with pending updates/activations. Report follows...
<21:35:35> [A8F1529E][Warning] [flow] Pending nodes:
<21:35:36> [B866A294] seamless unloading cell terrain(W22, 18), (L7, 3)
<21:35:38> [A4D70365][Warning] rigid-body own-entity; prefab=prefabs/interaction_c.xml/furniture.kraken_prop_am node=AnimObject_144
<21:35:38> [CCFBC94A][Warning] Cannot load texture game/objects/characters/animals/cat_baby_cat/cat_baby_black_pet_df.dds, file missing [File=game/objects/characters/animals/cat_baby_cat/cat_baby_black_pet_df.dds]
<21:35:38> [8BC8B87E][Warning] Error: CShaderMan::mfCreateShaderResources: Couldn't find subsurface texture 'game/objects/characters/animals/cat_baby_cat/cat_baby_black_pet_df.dds' in path '' [File=game/objects/characters/animals/cat_baby_cat/cat_baby_black_pet_df.dds]
<21:35:38> [000004EE][Warning] [CGF Error] game/objects/env/01_nuia/001_ncom/ncom_xmas_musicbox.cga [:] Duplicate LOD helper $lod1 ncom_xmas_musicbox_top
<21:35:39> [7AB931CE] seamless unloading cell object(W20, 17), (L5, 2)
<21:35:40> [5132FEDE][Warning] invalid attached position(19.21, -20.49, 80.04)
<21:35:40> [745BAE2F][Warning] failed to stream material xml(game/$picking.mtl)
<21:35:41> [B866A294] seamless unloading cell terrain(W21, 16), (L6, 1)
<21:35:43> [7B1A973B] seamless loading cell terrain(W15, 10), (L0, 6)
<21:35:44> [000004EE][Warning] I3DEngine::RegisterEntity: entity reports invalid position: Name: LightEntityName (), Class: LightEntityClass, Pos=(9160.5,2971.1,4268.0), aabb center=(3612.1,4306.7,214.5)
<21:35:44> [4ABF8F2E][Warning] Cannot load texture game/objects/env/02_harihara/001_hdeco/quest/hdeco_quest_book_a_ddn.dds, file missing [File=game/objects/env/02_harihara/001_hdeco/quest/hdeco_quest_book_a_ddn.dds]
<21:35:44> [5243B464][Warning] Error: CShaderMan::mfCreateShaderResources: Couldn't find subsurface texture 'objects/characters/ferre/female/face/face01/fe_f_face01_fur_sss.dds' in path '' [File=objects/characters/ferre/female/face/face01/fe_f_face01_fur_sss.dds]
<21:35:44> [637AF710][Warning] missing chr material : game/objects/characters/ferre/male/parts/gv/obj/fe_m_gv_cloth037.mtl (chr: game/objects/characters/ferre/male/parts/gv/obj/fe_m_1gv102.chr)
<21:35:44> [B866A294] seamless unloading cell terrain(W22, 19), (L7, 4)
<21:35:46> [CA175C82][Warning] non-stream IO. system(CGF), filePath(Objects/Env/01_nuia/001_housing/housing_house/housing_tree_spider.cgf)
<21:35:46> [745BAE2F][Warning] failed to stream material xml(game/objects/env/01_nuia/001_housing/housing_house/gw_elfremain_b.mtl)
<21:35:47> [3EF08C47] seamless loading cell object(W16, 9), (L1, 5)
<21:35:47> [A4D70365][Warning] rigid-body own-entity; prefab=Prefabs/interaction.xml/toy.crane node=AnimObject_1
<21:35:48> [CE0EF930][Warning] failed to stream cgf : default
<21:35:49> [637AF710][Warning] missing chr material : game/objects/characters/hariharan/female/parts/bo/obj/ha_f_bo_cloth155.mtl (chr: game/objects/characters/hariharan/female/parts/bo/obj/ha_f_1bo801.chr)
<21:35:49> [F724A392][Error] CryAnimation:: Trying to load animation with alias "fist_ba_relaxed_idle_rand_2" from file "animations/animals/welsh_corgi_baby/fist/fist_ba_relaxed_idle_rand.caf" into the animation container. Such animation alias already exists and uses file "animations/animals/welsh_corgi_baby/fist/fist_ba_relaxed_idle_rand_2.caf". Please use another animation alias.
<21:35:50> [E46B221E][Warning] Cannot load texture game/objects/characters/monster/daru/daru_tamer/daru_tamer_sp.dds, file missing [File=game/objects/characters/monster/daru/daru_tamer/daru_tamer_sp.dds]
<21:35:51> [000004EE][Warning] Particle effect not found: 'X2_EFFECTS_K.J_Inter_effects.water_flow_collision_dot', from unknown 
<21:35:51> Loading Particle Library: X2_effect_H
<21:35:52> [745BAE2F][Warning] failed to stream material xml(game/objects/characters/hariharan/male/parts/gv/obj/ha_m_gv_cloth231.mtl)
<21:35:52> [000004EE][Warning] [CGF Error] game/objects/env/01_nuia/001_housing/housing_furniture/hs_f_safe_d.cgf [:] LOD1 of geometry hs_f_safe_d contains too many polygons comparing to the LOD0 [1606 against 2318] :
<21:35:53> [7B1A973B] seamless loading cell terrain(W16, 11), (L1, 7)
<21:35:54> [A4D70365][Warning] rigid-body own-entity; prefab=prefabs/interaction_c.xml/furniture.baby_yata_a node=AnimObject_144
<21:36:08> [3EF08C47] seamless loading cell object(W17, 10), (L2, 6)
<21:36:10> [000004EE][Warning] [Lua Error] can't find icon image.. [ui/tower_defense/starfall_progress.dds]
<21:36:12> [745BAE2F][Warning] failed to stream material xml(game/objects/characters/hariharan/male/parts/gv/obj/ha_m_gv_leather221.mtl)
<21:36:12> [637AF710][Warning] missing chr material : game/objects/characters/hariharan/male/parts/gv/obj/ha_m_gv_leather221.mtl (chr: game/objects/characters/hariharan/male/parts/gv/obj/ha_m_1gv101.chr)
<21:36:16> [CD7EA36C][Warning] Cannot load texture game/objects/characters/monster/1111/bee_df.dds, file missing [File=game/objects/characters/monster/1111/bee_df.dds]
<21:36:16> [32D9BEB8][Warning] Error: CShaderMan::mfCreateShaderResources: Couldn't find subsurface texture 'game/objects/characters/monster/1111/bee_df.dds' in path '' [File=game/objects/characters/monster/1111/bee_df.dds]
<21:36:24> [F9376E0D][Warning] [flow] FG-0x808440FC-Entity 'AnimObject_46' was destroyed with pending updates/activations. Report follows...
<21:36:24> [A8F1529E][Warning] [flow] Pending nodes:
<21:36:25> [B866A294] seamless unloading cell terrain(W19, 15), (L4, 0)
<21:36:27> [7AB931CE] seamless unloading cell object(W20, 20), (L5, 5)
<21:36:37> [B866A294] seamless unloading cell terrain(W21, 21), (L6, 6)
<21:36:38> [000004EE][Warning] Particle effect not found: 'game/x2_effect_o.mon_effects.mon_digestive_fluid_hit', from unknown 
<21:36:38> [62AE7A26][Warning] Cannot load texture objects/characters/monster/brokencorpse/test01.dds, file missing [File=objects/characters/monster/brokencorpse/test01.dds]
<21:36:38> [A894C680][Warning] Error: CShaderMan::mfCreateShaderResources: Couldn't find custom texture 'objects/characters/monster/brokencorpse/test01.tif' in path '' [File=objects/characters/monster/brokencorpse/test01.tif]
<21:36:38> [745BAE2F][Warning] failed to stream material xml(game/objects/characters/hariharan/male/parts/gv/obj/ha_m_gv_metal224.mtl)
<21:36:38> [637AF710][Warning] missing chr material : game/objects/characters/hariharan/male/parts/gv/obj/ha_m_gv_metal224.mtl (chr: game/objects/characters/hariharan/male/parts/gv/obj/ha_m_3gv101.chr)
<21:36:48> [B866A294] seamless unloading cell terrain(W20, 22), (L5, 7)
<21:36:51> [7AB931CE] seamless unloading cell object(W20, 18), (L5, 3)
<21:36:52> [7B1A973B] seamless loading cell terrain(W15, 5), (L0, 1)
<21:36:54> [3EF08C47] seamless loading cell object(W16, 6), (L1, 2)
<21:37:06> [000004EE][Warning] Particle effect not found: 'game/x2_effect_o.mon_effects.mon_strong_attack_hit', from unknown 
<21:37:06> [BB790A81] origin change campos : 3071.95, 4389.396973
<21:37:06> [00000020]  
<21:37:06> [00000020]  
<21:37:06> [A581FA6D] -----------------------------------------------------------------------------
<21:37:06> [1DAA5677] SeamlessSystem::ChangeOrigin() : Here we go. Old(15,4) -> New(14,4)
<21:37:06> [A581FA6D] -----------------------------------------------------------------------------
<21:37:06> [00000020]  
<21:37:06> [00000020]  
<21:37:06> [7B1A973B] seamless loading cell terrain(W14, 8), (L0, 4)
<21:37:06> [1054BE80][Warning] WaterVolume Origin Change error : Err(-1024.0, 0.0), CurrPos(18699.6, 8256.4), Origin Frame(1, 2)
<21:37:06> [7B1A973B] seamless loading cell terrain(W14, 7), (L0, 3)
<21:37:06> [7B1A973B] seamless loading cell terrain(W14, 9), (L0, 5)
<21:37:10> [7AB931CE] seamless unloading cell object(W20, 18), (L6, 4)
<21:37:11> [B866A294] seamless unloading cell terrain(W21, 16), (L7, 2)
<21:37:19> [3EF08C47] seamless loading cell object(W15, 8), (L1, 4)
<21:37:20> [745BAE2F][Warning] failed to stream material xml(game/objects/characters/hariharan/male/parts/ar/obj/ha_m_ar_metal225.mtl)
<21:37:20> [637AF710][Warning] missing chr material : game/objects/characters/hariharan/male/parts/ar/obj/ha_m_ar_metal225.mtl (chr: game/objects/characters/hariharan/male/parts/ar/obj/ha_m_1ar107_1arm001_3arm003_3bt002_3sh022_4ac001.chr)
<21:37:21> [7B1A973B] seamless loading cell terrain(W14, 6), (L0, 2)
<21:37:22> [A4D70365][Warning] rigid-body own-entity; prefab=prefabs/interaction_b.xml/quest.ferre_flag node=AnimObject17
<21:37:24> [04FA8364][Warning] Cannot load texture game/objects/characters/nuian/male/hair/hair_texture/, file missing [File=game/objects/characters/nuian/male/hair/hair_texture/]
<21:37:36> [3EF08C47] seamless loading cell object(W15, 7), (L1, 3)
<21:37:38> [CE0EF930][Warning] failed to stream cgf : default
<21:37:39> [745BAE2F][Warning] failed to stream material xml(game/objects/env/08_dungeon/06_instance_prologue/sr_harbor_stair.mtl)
<21:37:44> [B866A294] seamless unloading cell terrain(W21, 19), (L7, 5)
<21:37:50> [7AB931CE] seamless unloading cell object(W19, 16), (L5, 2)
<21:37:52> [B866A294] seamless unloading cell terrain(W20, 15), (L6, 1)
<21:37:58> [7B1A973B] seamless loading cell terrain(W14, 10), (L0, 6)
<21:37:59> [745BAE2F][Warning] failed to stream material xml(game/objects/characters/nuian/female/parts/bo/obj/nu_f_bo_cloth142.mtl)
<21:37:59> [637AF710][Warning] missing chr material : game/objects/characters/nuian/female/parts/ar/obj/nu_f_ar_cloth495.mtl (chr: game/objects/characters/nuian/female/parts/ar/obj/nu_f_1ar906_1arm012_1sh010_n.chr)
<21:38:01> [B866A294] seamless unloading cell terrain(W21, 17), (L7, 3)
<21:38:06> [3EF08C47] seamless loading cell object(W15, 9), (L1, 5)
<21:38:06> [7B1A973B] seamless loading cell terrain(W15, 11), (L1, 7)
<21:38:10> [B866A294] seamless unloading cell terrain(W21, 18), (L7, 4)
<21:38:18> [7B1A973B] seamless loading cell terrain(W16, 4), (L2, 0)
<21:38:22> [745BAE2F][Warning] failed to stream material xml(game/objects/characters/hariharan/female/parts/pt/obj/ha_f_pt_leather205.mtl)
<21:38:22> [637AF710][Warning] missing chr material : game/objects/characters/hariharan/female/parts/ar/obj/ha_f_ar_cloth059.mtl (chr: game/objects/characters/hariharan/female/parts/ar/obj/ha_f_1ar110_1arm006.chr)
<21:38:25> [CE0EF930][Warning] failed to stream cgf : default
<21:38:27> [745BAE2F][Warning] failed to stream material xml(game/objects/characters/monster/horse_lightbrown_monster/horse.mtl)
<21:38:28> [637AF710][Warning] missing chr material : game/objects/characters/hariharan/female/parts/pt/obj/ha_f_pt_cloth999.mtl (chr: game/objects/characters/hariharan/female/parts/pt/obj/ha_f_1pt900.chr)
<21:38:28> [04FA8364][Warning] Cannot load texture game/objects/characters/nuian/male/hair/hair_texture/, file missing [File=game/objects/characters/nuian/male/hair/hair_texture/]
<21:38:34> [3EF08C47] seamless loading cell object(W16, 10), (L2, 6)
<21:38:37> [7B1A973B] seamless loading cell terrain(W14, 5), (L0, 1)
<21:38:39> [3EF08C47] seamless loading cell object(W15, 6), (L1, 2)
<21:39:14> [A4D70365][Warning] rigid-body own-entity; prefab=prefabs/carriage.xml/carriage.carriageb node=AnimObject_55
<21:39:14> [7B1A973B] seamless loading cell terrain(W15, 4), (L1, 0)
<21:39:15> [7AB931CE] seamless unloading cell object(W19, 19), (L5, 5)
<21:39:19> [7AB931CE] seamless unloading cell object(W18, 20), (L4, 6)
<21:39:23> [B866A294] seamless unloading cell terrain(W20, 20), (L6, 6)
<21:39:30> [B866A294] seamless unloading cell terrain(W19, 21), (L5, 7)
<21:39:31> [745BAE2F][Warning] failed to stream material xml(game/objects/characters/hariharan/male/parts/ar/obj/ha_m_ar_cloth046.mtl)
<21:39:31> [637AF710][Warning] missing chr material : game/objects/characters/hariharan/male/parts/ar/obj/ha_m_ar_cloth046.mtl (chr: game/objects/characters/hariharan/male/parts/ar/obj/ha_m_1ar304_1arm001.chr)
<21:39:34> [BB790A81] origin change campos : 3071.97, 4280.626465
<21:39:34> [00000020]  
<21:39:34> [00000020]  
<21:39:34> [A581FA6D] -----------------------------------------------------------------------------
<21:39:34> [1DAA5677] SeamlessSystem::ChangeOrigin() : Here we go. Old(14,4) -> New(13,4)
<21:39:34> [A581FA6D] -----------------------------------------------------------------------------
<21:39:34> [00000020]  
<21:39:34> [00000020]  
<21:39:34> [7B1A973B] seamless loading cell terrain(W13, 8), (L0, 4)
<21:39:34> [3EF08C47] seamless loading cell object(W14, 8), (L1, 4)
<21:39:34> [1054BE80][Warning] WaterVolume Origin Change error : Err(-1024.0, 0.0), CurrPos(16498.9, 7934.2), Origin Frame(2, 3)
<21:39:34> [7B1A973B] seamless loading cell terrain(W13, 7), (L0, 3)
<21:39:34> [7B1A973B] seamless loading cell terrain(W13, 9), (L0, 5)
<21:39:34> [7B1A973B] seamless loading cell terrain(W13, 6), (L0, 2)
<21:39:34> [3EF08C47] seamless loading cell object(W14, 7), (L1, 3)
<21:39:37> [000004EE][Warning] Particle effect not found: 'game/x2_effect_o.mon_effects.mon_bite_hit', from unknown 
<21:39:53> [7AB931CE] seamless unloading cell object(W19, 16), (L6, 3)
<21:40:00> [7B1A973B] seamless loading cell terrain(W14, 11), (L1, 7)
<21:40:05> [7B1A973B] seamless loading cell terrain(W13, 10), (L0, 6)
<21:40:08> [3EF08C47] seamless loading cell object(W15, 10), (L2, 6)
<21:40:09> [B866A294] seamless unloading cell terrain(W18, 13), (L5, 0)
<21:40:18> [3EF08C47] seamless loading cell object(W14, 9), (L1, 5)
<21:40:21> [B866A294] seamless unloading cell terrain(W20, 15), (L7, 2)
<21:40:23> [B95EE41B][Error] invalid parent unit id(100326)
<21:40:23> [000004EE][Warning] Particle effect not found: 'game/abillity_skill_table_m.illusion.fear_form', from unknown 
<21:40:23> [CA175C82][Warning] non-stream IO. system(Material), filePath(game/objects/characters/warborn/female/hair/wa_f_hair010/wa_f_hair010.mtl)
<21:40:33> [745BAE2F][Warning] failed to stream material xml(game/objects/characters/hariharan/male/parts/hm/obj/ha_m_hm_cloth001.mtl)
<21:40:33> [637AF710][Warning] missing chr material : game/objects/characters/hariharan/male/parts/hm/obj/ha_m_hm_cloth001.mtl (chr: game/objects/characters/hariharan/male/parts/hm/obj/ha_m_1hm104.chr)
<21:40:34> [7AB931CE] seamless unloading cell object(W19, 17), (L6, 4)
<21:40:51> [A4D70365][Warning] rigid-body own-entity; prefab=prefabs/carriage.xml/carriage.carriageb node=AnimObject_55
<21:40:58> [7AB931CE] seamless unloading cell object(W18, 15), (L5, 2)
<21:41:00> [B866A294] seamless unloading cell terrain(W19, 14), (L6, 1)
<21:41:09> [745BAE2F][Warning] failed to stream material xml(game/objects/characters/nuian/female/parts/bo/obj/nu_f_bo_cloth142.mtl)
<21:41:09> [637AF710][Warning] missing chr material : game/objects/characters/nuian/female/parts/ar/obj/nu_f_ar_cloth495.mtl (chr: game/objects/characters/nuian/female/parts/ar/obj/nu_f_1ar906_1arm012_1sh010_n.chr)
<21:41:12> [491B3718][Warning] Cannot load texture objects/characters/ferre/female/face/face01/fe_f_face01_fur_sss.dds, file missing [File=objects/characters/ferre/female/face/face01/fe_f_face01_fur_sss.dds]
<21:41:12> [5243B464][Warning] Error: CShaderMan::mfCreateShaderResources: Couldn't find subsurface texture 'objects/characters/ferre/female/face/face01/fe_f_face01_fur_sss.dds' in path '' [File=objects/characters/ferre/female/face/face01/fe_f_face01_fur_sss.dds]
<21:41:16> [745BAE2F][Warning] failed to stream material xml(game/objects/characters/hariharan/male/parts/bo/obj/ha_m_bo_cloth140.mtl)
<21:41:16> [637AF710][Warning] missing chr material : game/objects/characters/hariharan/male/parts/bo/obj/ha_m_bo_cloth140.mtl (chr: game/objects/characters/hariharan/male/parts/bo/obj/ha_m_1bo201.chr)
<21:41:19> [B866A294] seamless unloading cell terrain(W20, 16), (L7, 3)
<21:41:19> [B866A294] seamless unloading cell terrain(W17, 13), (L4, 0)
<21:41:20> [B866A294] seamless unloading cell terrain(W20, 18), (L7, 5)
<21:41:21> [745BAE2F][Warning] failed to stream material xml(game/objects/characters/hariharan/male/parts/bo/obj/ha_m_bo_cloth232.mtl)
<21:41:21> [637AF710][Warning] missing chr material : game/objects/characters/hariharan/male/parts/bo/obj/ha_m_bo_cloth232.mtl (chr: game/objects/characters/hariharan/male/parts/bo/obj/ha_m_1bf004_1bo901.chr)
<21:41:23> [00DCF04C][Warning] Cannot load texture game/objects/characters/ferre/female/test/fe_f_nude_fur_df.dds, file missing [File=game/objects/characters/ferre/female/test/fe_f_nude_fur_df.dds]
<21:41:23> [B866A294] seamless unloading cell terrain(W15, 13), (L2, 0)
<21:41:26> [CA175C82][Warning] non-stream IO. system(Material), filePath(game/objects/characters/ferre/female/face/fe_f_face_grap01.mtl)
<21:41:27> [745BAE2F][Warning] failed to stream material xml(game/objects/characters/ferre/male/hair/fe_m_hair006/fe_m_hair006_hm_type1_grap01.mtl)
<21:41:28> [637AF710][Warning] missing chr material : game/objects/characters/hariharan/female/parts/pt/obj/ha_f_pt_leather205.mtl (chr: game/objects/characters/hariharan/female/parts/pt/obj/ha_f_1pt101.chr)
<21:41:34> [745BAE2F][Warning] failed to stream material xml(game/objects/characters/ferre/male/parts/all/cloth/cloth487/fe_m_bo_cloth487_grap01.mtl)
<21:41:34> [637AF710][Warning] missing chr material : game/objects/characters/ferre/male/parts/pt/obj/fe_m_pt_cloth159.mtl (chr: game/objects/characters/ferre/male/parts/pt/obj/fe_m_1pt901.chr)
<21:41:34> Loading Particle Library: X2_EFFECT_KSW
<21:41:36> [000004EE][Warning] Particle effect not found: 'game/ability_skill_table_k.p_skill_love.recovery_seed_form', from unknown 
<21:41:36> [B95EE41B][Error] invalid parent unit id(72904)
<21:41:36> [CA175C82][Warning] non-stream IO. system(Material), filePath(game/objects/effects/keffect/m_enchant2_yellow_m.mtl)
<21:41:41> [B866A294] seamless unloading cell terrain(W20, 17), (L7, 4)
<21:41:42> [000004EE][Warning] Particle effect not found: 'game/ability_skill_table_k.p_skill_vocation.nanta_hit', from unknown 
<21:41:42> [BD8C448A][Warning] Cannot load texture game/objects/characters/warborn/male/nude/wa_m_nude_ddn.dds, file missing [File=game/objects/characters/warborn/male/nude/wa_m_nude_ddn.dds]
<21:41:42> [000004EE][Warning] [CGF Error] game/objects/item/sword_2h/sword_2h_55_6/sword_2h_55_6.cgf [:] LOD1 of geometry  contains too many polygons comparing to the LOD0 [934 against 1320] :
<21:41:42> [CA175C82][Warning] non-stream IO. system(Material), filePath(game/objects/characters/warborn/male/horns/wa_m_horns011/wa_m_horns011_hc06.mtl)
<21:41:44> [B866A294] seamless unloading cell terrain(W16, 13), (L3, 0)
<21:41:45> [CE0EF930][Warning] failed to stream cgf : default
<21:41:46> [745BAE2F][Warning] failed to stream material xml(game/objects/characters/hariharan/female/parts/hm/obj/ha_f_hm_cloth048.mtl)
<21:41:46> [637AF710][Warning] missing chr material : game/objects/characters/hariharan/female/parts/hm/obj/ha_f_hm_cloth048.mtl (chr: game/objects/characters/hariharan/female/parts/hm/obj/ha_f_1hm189.chr)
<21:41:48> [7B1A973B] seamless loading cell terrain(W13, 11), (L0, 7)
<21:41:49> [000004EE][Warning] Particle effect not found: 'game/ability_skill_table_k.p_skill_love.hill_attack_form', from unknown 
<21:41:49> [BD8C448A][Warning] Cannot load texture game/objects/characters/warborn/male/nude/wa_m_nude_ddn.dds, file missing [File=game/objects/characters/warborn/male/nude/wa_m_nude_ddn.dds]
<21:41:49> [CA175C82][Warning] non-stream IO. system(Material), filePath(game/objects/characters/warborn/male/horns/wa_m_horns008/wa_m_horns008_hc07.mtl)
<21:41:49> [000004EE][Warning] [CGF Error] game/objects/env/06_unit/06_glider/glider_wing_crystal/glider_wing_crystal_back.cgf [:] LOD1 of geometry  contains too many polygons comparing to the LOD0 [2720 against 4064] :
<21:41:49> [3EF08C47] seamless loading cell object(W14, 10), (L1, 6)
<21:41:50> [B95EE41B][Error] invalid parent unit id(72904)
<21:41:52> [745BAE2F][Warning] failed to stream material xml(game/objects/characters/hariharan/female/parts/pt/obj/ha_f_pt_leather160.mtl)
<21:41:52> [637AF710][Warning] missing chr material : game/objects/characters/hariharan/female/parts/pt/obj/ha_f_pt_leather160.mtl (chr: game/objects/characters/hariharan/female/parts/pt/obj/ha_f_1pt201.chr)
<21:41:52> [5132FEDE][Warning] invalid attached position(0.00, 21.44, 6.09)
<21:41:52> [DD6CD685][Warning] grand child physical proxy is not supported. grandpa(Enoan Galleon: Sample), dad(prefab_doodad_model_549068_prefab://Prefabs/galleon.xml/galleon.galleon_helms), child(galleon_helms_1)
<21:41:57> [745BAE2F][Warning] failed to stream material xml(game/objects/characters/hariharan/female/parts/ar/obj/ha_f_ar_cloth506.mtl)
<21:41:57> [637AF710][Warning] missing chr material : game/objects/characters/hariharan/female/parts/ar/obj/ha_f_ar_cloth506.mtl (chr: game/objects/characters/hariharan/female/parts/ar/obj/ha_f_1ar110_1arm006_1bt007.chr)
<21:41:58> [000004EE][Warning] [Lua Error] can't find icon image.. [ui/tower_defense/starfall_end.dds]
<21:41:59> [5132FEDE][Warning] invalid attached position(1.04, -22.55, -1.69)
<21:41:59> [DD6CD685][Warning] grand child physical proxy is not supported. grandpa(Enoan Galleon: Sample), dad(prefab_doodad_model_580860_prefab://Prefabs/galleon.xml/galleon.galleon_helms), child(galleon_helms_1)
<21:42:01> [A4D70365][Warning] rigid-body own-entity; prefab=prefabs/fishboat.xml/fishboat.fishboat_wheel node=webbed_feet
<21:42:01> [04FA8364][Warning] Cannot load texture game/objects/characters/nuian/male/hair/hair_texture/, file missing [File=game/objects/characters/nuian/male/hair/hair_texture/]
<21:42:02> [CE0EF930][Warning] failed to stream cgf : default
<21:42:03> [000004EE][Warning] Particle effect not found: 'game/abillity_skill_table_m.wild.lights_arrow_hit', from unknown 
<21:42:03> [745BAE2F][Warning] failed to stream material xml(game/objects/characters/ferre/male/costume/fe_m_sk_pajama_milkcow001/fe_m_sk_pajama_milkcow001_dyeing_grap01.mtl)
<21:42:04> [000004EE][Warning] Independent immortal particle effect spawned: X2_EFFECT_O.Interaction.enchant_wpn_range_honor_3g
<21:42:04> [637AF710][Warning] missing chr material : game/objects/characters/hariharan/female/parts/hm/obj/ha_f_hm_cloth001.mtl (chr: game/objects/characters/hariharan/female/parts/hm/obj/ha_f_1hm141.chr)
<21:42:05> [5243B464][Warning] Error: CShaderMan::mfCreateShaderResources: Couldn't find subsurface texture 'objects/characters/ferre/female/face/face01/fe_f_face01_fur_sss.dds' in path '' [File=objects/characters/ferre/female/face/face01/fe_f_face01_fur_sss.dds]
<21:42:05> [000004EE][Warning] [CGF Error] game/objects/item/shield/shield_monster/shield_baeksojeong01/shield_baeksojeong01.cgf [:] LOD1 of geometry  contains too many polygons comparing to the LOD0 [872 against 1145] :
<21:42:05> [CA175C82][Warning] non-stream IO. system(Material), filePath(game/objects/effects/keffect/m_enchant4_orange_l.mtl)
<21:42:06> [BD8C448A][Warning] Cannot load texture game/objects/characters/warborn/male/nude/wa_m_nude_ddn.dds, file missing [File=game/objects/characters/warborn/male/nude/wa_m_nude_ddn.dds]
<21:42:06> [62232BEA][Warning] deferred xml stream error - game/animations/animals/owl_postman/lmg_files/normal_run.lmg : f0000003
<21:42:07> [B95EE41B][Error] invalid parent unit id(121948)
<21:42:10> [745BAE2F][Warning] failed to stream material xml(game/objects/characters/nuian/male/parts/hm/obj/nu_m_hm_cloth999.mtl)
<21:42:10> [637AF710][Warning] missing chr material : game/objects/characters/nuian/male/parts/hm/obj/nu_m_hm_cloth999.mtl (chr: game/objects/characters/nuian/male/parts/hm/obj/nu_m_4hm106.chr)
<21:42:11> [CA175C82][Warning] non-stream IO. system(Material), filePath(game/objects/effects/keffect/m_enchant3_silver_l.mtl)
<21:42:11> [B8A20C07][Warning] Failed to stream CAF-file [File=animations/item/effect_bone/blade_2h/blade_2h_darkmoon001/default.caf]
<21:42:11> [000004EE][Warning] Independent immortal particle effect spawned: X2_EFFECT_O.Interaction.enchant_wpn_range_honor_3g
<21:42:12> [000004EE][Warning] Particle effect not found: 'game/ability_skill_table_k.p_skill_will.spell_shield_form', from unknown 
<21:42:19> [745BAE2F][Warning] failed to stream material xml(game/objects/characters/ferre/female/parts/ar/cloth/ar_cloth490/fe_f_ar_cloth490_whtp01.mtl)
<21:42:19> [637AF710][Warning] missing chr material : game/objects/characters/ferre/female/parts/pt/obj/fe_f_pt_cloth490.mtl (chr: game/objects/characters/ferre/female/parts/pt/obj/fe_f_1pt201.chr)
<21:42:19> [000004EE][Warning] [CGF Error] game/objects/item/staff_2h/staff_2h_55_7/staff_2h_55_7.cgf [:] LOD1 of geometry  contains too many polygons comparing to the LOD0 [1462 against 2050] :
<21:42:22> Loading Particle Library: X2_EFFECTS_C1
<21:42:22> [000004EE][Warning] Particle effect not found: 'X2_EFFECTS_C1.Glider.Crystal_Wing.wing_start1', from unknown 
<21:42:22> [A181AEBC][Warning] Anim events cannot find effect "X2_EFFECTS_C1.Glider.Crystal_Wing.wing_start1", requested by animation "animations/env/glider_wing_crystal/fist_ac_gliding_start.caf".
<21:42:25> [CE0EF930][Warning] failed to stream cgf : objects/effects/portal_gate.cgf
<21:42:31> [000004EE][Warning] Particle effect not found: 'game/ability_skill_table_k.p_skill_adament.winner_shout_launch', from unknown 
<21:42:31> [745BAE2F][Warning] failed to stream material xml(game/objects/characters/ferre/male/parts/gv/metal/gv_metal170/fe_m_gv_metal170_brop01.mtl)
<21:42:31> [637AF710][Warning] missing chr material : game/objects/characters/ferre/male/parts/ar/obj/fe_m_ar_metal166.mtl (chr: game/objects/characters/ferre/male/parts/ar/obj/fe_m_1ac016_1arm030_3ar902_3arm006_3bt008_3eb001_3pv003_3sh024.chr)
<21:42:31> [B95EE41B][Error] invalid parent unit id(100326)
<21:42:33> [CA175C82][Warning] non-stream IO. system(Material), filePath(game/objects/effects/keffect/m_enchant2_yellow_s.mtl)
<21:42:37> [000004EE][Warning] Independent immortal particle effect spawned: X2_EFFECT_O.Interaction.enchant_wpn_range_honor_3g
<21:42:37> [000004EE][Warning] [Lua Error] 1_3_0/scripts/x2ui/characterinfo/character_info.lua:520: attempt to call method 'AnimForEquipped' (a nil value)
<21:42:42> [745BAE2F][Warning] failed to stream material xml(game/materials/effects/fume_h_ssd.mtl)
<21:42:44> [000004EE][Warning] [Lua Error] 1_3_0/scripts/x2ui/characterinfo/character_info.lua:520: attempt to call method 'AnimForEquipped' (a nil value)
<21:42:46> [000004EE][Warning] Independent immortal particle effect spawned: X2_EFFECT_O.Interaction.enchant_wpn_range_honor_3g
<21:42:49> [B95EE41B][Error] invalid parent unit id(97427)
<21:42:49> [000004EE][Warning] Particle effect not found: 'game/ability_skill_table_k.p_skill_romance.dissonance_launch', from unknown 
<21:42:49> [745BAE2F][Warning] failed to stream material xml(game/objects/characters/ferre/female/face/fe_f_face00_whtp02.mtl)
<21:42:49> [637AF710][Warning] missing chr material : game/objects/characters/ferre/male/parts/gv/obj/fe_m_gv_cloth168.mtl (chr: game/objects/characters/ferre/male/parts/gv/obj/fe_m_2gv302.chr)
<21:42:50> [000004EE][Warning] [Lua Error] 1_3_0/scripts/x2ui/characterinfo/character_info.lua:520: attempt to call method 'AnimForEquipped' (a nil value)
<21:42:57> [000004EE][Warning] Independent immortal particle effect spawned: X2_EFFECT_O.Interaction.enchant_wpn_range_honor_3g
<21:42:57> [000004EE][Warning] [Lua Error] 1_3_0/scripts/x2ui/characterinfo/character_info.lua:520: attempt to call method 'AnimForEquipped' (a nil value)
<21:43:04> [B95EE41B][Error] invalid parent unit id(97427)
<21:43:08> [000004EE][Warning] Particle effect not found: 'game/abillity_skill_table_m.magic.ice_wall_launch', from unknown 
<21:43:08> [5CE4EF2C][Warning] failed to load particle lib from (Libs/Particles/game/ability_skill_table.xml)
<21:43:08> [CA175C82][Warning] non-stream IO. system(Material), filePath(game/objects/effects/keffect/m_enchant3_silver_m.mtl)
<21:43:08> [000004EE][Warning] Independent immortal particle effect spawned: X2_EFFECT_O.Interaction.enchant_wpn_range_honor_3g
<21:43:09> [000004EE][Warning] [Lua Error] 1_3_0/scripts/x2ui/characterinfo/character_info.lua:520: attempt to call method 'AnimForEquipped' (a nil value)
<21:43:10> [B95EE41B][Error] invalid parent unit id(97427)
<21:43:11> [745BAE2F][Warning] failed to stream material xml(game/materials/effects/fume_h_ssd.mtl)
<21:43:14> [637AF710][Warning] missing chr material : game/objects/characters/ferre/male/parts/cp/obj/Material #508.mtl (chr: game/objects/characters/ferre/male/parts/cp/obj/fe_m_1cp303.chr)
<21:43:16> [000004EE][Warning] Independent immortal particle effect spawned: X2_EFFECT_O.Interaction.enchant_wpn_range_honor_3g
<21:43:16> [000004EE][Warning] [Lua Error] 1_3_0/scripts/x2ui/characterinfo/character_info.lua:520: attempt to call method 'AnimForEquipped' (a nil value)
<21:43:21> [000004EE][Warning] [Lua Error] 1_3_0/scripts/x2ui/characterinfo/character_info.lua:520: attempt to call method 'AnimForEquipped' (a nil value)
<21:43:24> [B95EE41B][Error] invalid parent unit id(45481)
<21:43:26> [745BAE2F][Warning] failed to stream material xml(game/objects/characters/ferre/male/hair/fe_m_hair009/fe_m_hair009_brop01.mtl)
<21:43:27> [000004EE][Warning] Independent immortal particle effect spawned: X2_EFFECT_O.Interaction.enchant_wpn_range_honor_3g
<21:43:30> [000004EE][Warning] [Lua Error] 1_3_0/scripts/x2ui/characterinfo/character_info.lua:520: attempt to call method 'AnimForEquipped' (a nil value)
<21:43:34> [000004EE][Warning] Independent immortal particle effect spawned: X2_EFFECT_O.Interaction.enchant_wpn_range_honor_3g
<21:43:39> [745BAE2F][Warning] failed to stream material xml(game/objects/characters/ferre/male/hair/fe_m_hair009/fe_m_hair009_brop01.mtl)
<21:43:39> [000004EE][Warning] Independent immortal particle effect spawned: X2_EFFECT_O.Interaction.enchant_wpn_range_honor_3g
<21:43:40> [637AF710][Warning] missing chr material : game/objects/characters/hariharan/male/parts/hm/obj/ha_m_hm_cloth001.mtl (chr: game/objects/characters/hariharan/male/parts/hm/obj/ha_m_1hm172.chr)
<21:43:41> [0D01BD65] start to parse systm mail
<21:43:41> [BFBA8B5E] end to parse systm mail
<21:43:41> [0D01BD65] start to parse systm mail
<21:43:41> [BFBA8B5E] end to parse systm mail
<21:43:41> [0D01BD65] start to parse systm mail
<21:43:41> [BFBA8B5E] end to parse systm mail
<21:43:42> [0D01BD65] start to parse systm mail
<21:43:42> [BFBA8B5E] end to parse systm mail
<21:43:42> [0D01BD65] start to parse systm mail
<21:43:42> [BFBA8B5E] end to parse systm mail
<21:43:42> [0D01BD65] start to parse systm mail
<21:43:42> [BFBA8B5E] end to parse systm mail
<21:43:42> [0D01BD65] start to parse systm mail
<21:43:42> [BFBA8B5E] end to parse systm mail
<21:43:42> [0D01BD65] start to parse systm mail
<21:43:42> [BFBA8B5E] end to parse systm mail
<21:43:42> [0D01BD65] start to parse systm mail
<21:43:42> [BFBA8B5E] end to parse systm mail
<21:43:42> [000004EE][Warning] Particle effect not found: 'game/x2_effect_o.pc.skill_hatred_lv_revival_cast', from unknown 
<21:43:42> [84FC9B7C][Warning] Cannot load texture game/objects/test/wat/mask2.dds, file missing [File=game/objects/test/wat/mask2.dds]
<21:43:42> [0D01BD65] start to parse systm mail
<21:43:42> [BFBA8B5E] end to parse systm mail
<21:43:42> [0D01BD65] start to parse systm mail
<21:43:42> [BFBA8B5E] end to parse systm mail
<21:43:42> [0D01BD65] start to parse systm mail
<21:43:42> [BFBA8B5E] end to parse systm mail
<21:43:43> [0D01BD65] start to parse systm mail
<21:43:43> [BFBA8B5E] end to parse systm mail
<21:43:43> [0D01BD65] start to parse systm mail
<21:43:43> [BFBA8B5E] end to parse systm mail
<21:43:43> [0D01BD65] start to parse systm mail
<21:43:43> [BFBA8B5E] end to parse systm mail
<21:43:43> [0D01BD65] start to parse systm mail
<21:43:43> [BFBA8B5E] end to parse systm mail
<21:43:43> [0D01BD65] start to parse systm mail
<21:43:43> [BFBA8B5E] end to parse systm mail
<21:43:43> [0D01BD65] start to parse systm mail
<21:43:43> [BFBA8B5E] end to parse systm mail
<21:43:43> [0D01BD65] start to parse systm mail
<21:43:43> [BFBA8B5E] end to parse systm mail
<21:43:43> [0D01BD65] start to parse systm mail
<21:43:43> [BFBA8B5E] end to parse systm mail
<21:43:44> [000004EE][Warning] Independent immortal particle effect spawned: X2_EFFECT_O.Interaction.enchant_wpn_range_honor_3g
<21:43:45> [0D01BD65] start to parse systm mail
<21:43:45> [BFBA8B5E] end to parse systm mail
<21:43:45> [0D01BD65] start to parse systm mail
<21:43:45> [BFBA8B5E] end to parse systm mail
<21:43:45> [0D01BD65] start to parse systm mail
<21:43:45> [BFBA8B5E] end to parse systm mail
<21:43:45> [0D01BD65] start to parse systm mail
<21:43:45> [BFBA8B5E] end to parse systm mail
<21:43:47> [0D01BD65] start to parse systm mail
<21:43:47> [BFBA8B5E] end to parse systm mail
<21:43:47> [0D01BD65] start to parse systm mail
<21:43:47> [BFBA8B5E] end to parse systm mail
<21:43:47> [0D01BD65] start to parse systm mail
<21:43:47> [BFBA8B5E] end to parse systm mail
<21:43:47> [0D01BD65] start to parse systm mail
<21:43:47> [BFBA8B5E] end to parse systm mail
<21:43:47> [0D01BD65] start to parse systm mail
<21:43:47> [BFBA8B5E] end to parse systm mail
<21:43:48> [0D01BD65] start to parse systm mail
<21:43:48> [BFBA8B5E] end to parse systm mail
<21:43:48> [0D01BD65] start to parse systm mail
<21:43:48> [BFBA8B5E] end to parse systm mail
<21:43:48> [0D01BD65] start to parse systm mail
<21:43:48> [BFBA8B5E] end to parse systm mail
<21:43:48> [0D01BD65] start to parse systm mail
<21:43:48> [BFBA8B5E] end to parse systm mail
<21:43:48> [B95EE41B][Error] invalid parent unit id(121338)
<21:43:50> [0D01BD65] start to parse systm mail
<21:43:50> [BFBA8B5E] end to parse systm mail
<21:43:50> [0D01BD65] start to parse systm mail
<21:43:50> [BFBA8B5E] end to parse systm mail
<21:43:50> [0D01BD65] start to parse systm mail
<21:43:50> [BFBA8B5E] end to parse systm mail
<21:43:50> [0D01BD65] start to parse systm mail
<21:43:50> [BFBA8B5E] end to parse systm mail
<21:43:51> [000004EE][Warning] Particle effect not found: 'game/ability_skill_table_k.p_skill_love.cure_spring_form', from unknown 
<21:43:52> [745BAE2F][Warning] failed to stream material xml(game/objects/characters/warborn/female/parts/cp/obj/03 - Default.mtl)
<21:43:52> [637AF710][Warning] missing chr material : game/objects/characters/warborn/female/parts/cp/obj/03 - Default.mtl (chr: game/objects/characters/warborn/female/parts/cp/obj/wa_f_1cp101.chr)
<21:43:52> [000004EE][Warning] Independent immortal particle effect spawned: X2_EFFECT_O.Interaction.enchant_wpn_range_honor_2g
<21:43:53> [E5DF1C60][Warning] XML parser: Buffer is null. (data size: 0)
<21:43:53> [C3348E9C][Warning] Failed to stream facial sequence (game/animations/ferre/male/facial/fist_em_worship.fsq)
<21:43:55> [0D01BD65] start to parse systm mail
<21:43:55> [BFBA8B5E] end to parse systm mail
<21:43:55> [0D01BD65] start to parse systm mail
<21:43:55> [BFBA8B5E] end to parse systm mail
<21:43:55> [0D01BD65] start to parse systm mail
<21:43:55> [BFBA8B5E] end to parse systm mail
<21:43:55> [0D01BD65] start to parse systm mail
<21:43:55> [BFBA8B5E] end to parse systm mail
<21:43:55> [0D01BD65] start to parse systm mail
<21:43:55> [BFBA8B5E] end to parse systm mail
<21:43:57> [0D01BD65] start to parse systm mail
<21:43:57> [BFBA8B5E] end to parse systm mail
<21:43:57> [0D01BD65] start to parse systm mail
<21:43:57> [BFBA8B5E] end to parse systm mail
<21:43:57> [0D01BD65] start to parse systm mail
<21:43:57> [BFBA8B5E] end to parse systm mail
<21:43:57> [0D01BD65] start to parse systm mail
<21:43:57> [BFBA8B5E] end to parse systm mail
<21:43:57> [0D01BD65] start to parse systm mail
<21:43:57> [BFBA8B5E] end to parse systm mail
<21:43:57> [0D01BD65] start to parse systm mail
<21:43:57> [BFBA8B5E] end to parse systm mail
<21:43:59> [5F89E60D][Warning] non cached CDF(game/objects/characters/warborn/female/parts/hm/leather/hm_leather167/wa_f_hm_leather167.cdf)
<21:43:59> [CA175C82][Warning] non-stream IO. system(Material), filePath(game/objects/characters/warborn/female/parts/hm/leather/hm_leather167/wa_f_hm_leather167.mtl)
<21:43:59> [637AF710][Warning] missing chr material : game/objects/characters/warborn/female/parts/hm/obj/wa_f_hm_leather179.mtl (chr: game/objects/characters/warborn/female/parts/hm/obj/wa_f_2hm109.chr)
<21:44:04> [745BAE2F][Warning] failed to stream material xml(game/objects/characters/hariharan/female/parts/cp/obj/ha_f_cp_leather002.mtl)
<21:44:05> [63ABB424][Warning] Facial sequence "fist_ba_combat_idle_rand_5" not listed in CAL file for character "game/objects/characters/hariharan/male/nude/ha_m_base.chr".
<21:44:10> [CE0EF930][Warning] failed to stream cgf : objects/effects/portal_gate.cgf
<21:44:10> [B95EE41B][Error] invalid parent unit id(44154)
<21:44:10> [63ABB424][Warning] Facial sequence "fist_ba_combat_idle_rand_1" not listed in CAL file for character "game/objects/characters/hariharan/male/nude/ha_m_base.chr".
<21:44:12> [CA175C82][Warning] non-stream IO. system(Material), filePath(game/objects/characters/warborn/female/parts/hm/leather/hm_leather167/wa_f_hm_leather167.mtl)
<21:44:17> [63ABB424][Warning] Facial sequence "fist_ba_combat_idle_rand_4" not listed in CAL file for character "game/objects/characters/ferre/male/nude/fe_m_base.chr".
<21:44:20> [B95EE41B][Error] invalid parent unit id(48264)
<21:44:22> [584C4FFD] [net 01:44:22.356] -- Client will disconnect; cause=18 desc=graceful exit
<21:44:22> [05D024BA] System:Quit
