[801989E0] BackupNameAttachment=" Build(0) Date(19 September 2025) Time(08 59 18)"  -- used by backup system
[00000020]  
[38F38F32] Log Started at #c
[0232BD25] Running 32 bit version
[7AB6F5FE] Executable: C:\Games\AAClassic\bin32\archeage.exe
[E5C771AC] FileVersion: 3.5.0.0
[F799D55F] ProductVersion: 3.5.3.0
[1F1D6B13] Using Microsoft (tm) C++ Standard Library implementation
[00000020]  
[C7D96C80] Revision: 350000
[00000020]  
[64533E3E] this is the first client
<08:59:23> [B9197FD5][Error] ConsoleVariableGroup[option_effect] key[e_particles_lod_onoff] has no default
<08:59:23> [76666E6D] 
--- CPU detection ---
<08:59:23> [F4D992D8] CPU: AMD AMD Ryzen 7 7800X3D 8-Core Processor           
<08:59:23> [3F649B02] Family: 15, Model: 1, Stepping: 2
<08:59:23> [83D12E0B] FPU: On-Chip
<08:59:23> [50919DA0] CPU Speed (estimated): 4192.108544 MHz
<08:59:23> [C73FD83A] MMX: not present
<08:59:23> [89D1077A] SSE: present
<08:59:23> [64E2B6F1] 3DNow!: present
<08:59:23> [27B7AC6E] Serial number not present or disabled
<08:59:23> [1D2D8E5B] Number of logical processors: 16
<08:59:23> [FA658084] Number of available logical processors: 16
<08:59:23> [A1F061C2] Invariant Time Stamp Counter : yes
<08:59:23> [FA0251ED] ---------------------

<08:59:23> [03E7D838] Device Info
<08:59:23> [9F603516] Device Info - 1
<08:59:23> [9F603517] Device Info - 2
<08:59:23> [9F603518] Device Info - 3
<08:59:23> [9F603519] Device Info - 4
<08:59:23> [9F60351A] Device Info - 5
<08:59:23> [9F60351B] Device Info - 6
<08:59:23> [9F60351C] Device Info - 7
<08:59:23> [E98ECC28] Video Memory Info
<08:59:23> [D5FBE664] Video Memory - 1
<08:59:23> [D5FBE665] Video Memory - 2
<08:59:24> [D5FBE666] Video Memory - 3
<08:59:24> [D5FBE667] Video Memory - 4
<08:59:24> [D5FBE668] Video Memory - 5
<08:59:24> [D5FBE669] Video Memory - 6
<08:59:24> [D5FBE66A] Video Memory - 7
<08:59:24> [D5FBE66B] Video Memory - 8
<08:59:24> [3A4D54A2][Warning] config/gpu/amd.txt line 55 contains a multiple defined GPU rating!
<08:59:24> [D20872C0] InitThreadAffinities
<08:59:24> [2F28A434] UpdateMainThreadAffinity
<08:59:24> [16962512] Windows 8 64 bit (build 6.2.9200)
<08:59:24> [38DFF081] System language: English
<08:59:24> [861A0178] Windows Directory: "C:\windows"
<08:59:24> [341B54F1] Prerequisites...
<08:59:24> [5D1B3C9C] * Installation of KB940105 hotfix required: no! (either not needed or already installed)
<08:59:24> [2ACF596A] Local time is 08:59:24 09/19/25, system running for 40 minutes
<08:59:24> [84213A41] 63426MB physical memory installed, 36014MB available, 4095MB virtual memory installed, 43 percent of memory in use
<08:59:24> [31259232] PageFile usage: 
<08:59:24> [453F0D1B] Current display mode is 2560x1440x32
<08:59:24> [8A64FCCC] IBM enhanced (101/102-key) keyboard and 3+ button mouse installed
<08:59:24> [CE30556B] ----- GPU Detection -----------------
<08:59:24> [03E7D838] Device Info
<08:59:24> [9F603516] Device Info - 1
<08:59:24> [9F603517] Device Info - 2
<08:59:24> [9F603518] Device Info - 3
<08:59:24> [9F603519] Device Info - 4
<08:59:24> [9F60351A] Device Info - 5
<08:59:24> [9F60351B] Device Info - 6
<08:59:24> [9F60351C] Device Info - 7
<08:59:24> [E98ECC28] Video Memory Info
<08:59:24> [D5FBE664] Video Memory - 1
<08:59:24> [D5FBE665] Video Memory - 2
<08:59:24> [D5FBE666] Video Memory - 3
<08:59:24> [D5FBE667] Video Memory - 4
<08:59:24> [D5FBE668] Video Memory - 5
<08:59:24> [D5FBE669] Video Memory - 6
<08:59:24> [D5FBE66A] Video Memory - 7
<08:59:24> [D5FBE66B] Video Memory - 8
<08:59:24> [99EA404A]  AMD Radeon RX 7800 XT (RADV NAVI32) (vendor = 0x1002, device = 0x747e, subSys = 0x00000000)
<08:59:24> [77718B6A] -- Video memory: 4081 MB
<08:59:24> [30DF1863] -- Minimum SM 2.0 support: yes
<08:59:24> [13E11956] -- DX11 supported: yes
<08:59:24> [50B60100] --------------------------------------------------------------------------------
<08:59:24> [5921EDBE] Stream Engine Initialization
<08:59:24> [BA0D559B] Splash: Initializing Stream Engine...
<08:59:24> [939F6EBB] Enable Resolutions : 20
<08:59:24> [B324CD25] Screen Resolution - 2048x1152
<08:59:24> [3778EA0B] Screen Resolution - 0 (2560x1440)
<08:59:24> [A1B107F0] Screen Resolution - Test OK (2560x1440)
<08:59:24> [A9E4B0F2] Network initialization
<08:59:24> [BA0D559B] Splash: Initializing Network System...
<08:59:24> [14FAD233] Socket I/O by iocp
<08:59:24> [E36A4FB9] Physics initialization
<08:59:24> [BA0D559B] Splash: Initializing Physics...
<08:59:24> [2462D581] MovieSystem initialization
<08:59:24> [BA0D559B] Splash: Initializing Movie System...
<08:59:24> [93287AEC] Renderer initialization - Start
<08:59:24> [BA0D559B] Splash: Initializing Renderer...
<08:59:24> [91207680] Renderer initialization - Open
<08:59:24> [4377E7CB] Renderer initialization - DLL Load(CryRenderD3D9.dll)
<08:59:24> [71203A94] Renderer initialization - DLL Done
<08:59:24> [71227C22] Renderer initialization - DLL Init
<08:59:24> [C653D9CB] Renderer initialization - Instance
<08:59:24> [44D9754D] D3D Adapter: Driver name: aticfx32.dll
<08:59:24> [82BE8322] D3D Adapter: Driver description: AMD Radeon RX 7800 XT (RADV NAVI32)
<08:59:24> [2224501A] D3D Adapter: Driver version: 32767.65535.65535.65535
<08:59:24> [E8D1E30D] D3D Adapter: Driver GUID: 00000000-0003-0000-0000000000000000
<08:59:24> [BC8C1ACB] D3D Adapter: VendorId = 0x1002
<08:59:24> [B6A10CFD] D3D Adapter: DeviceId = 0x747E
<08:59:24> [0678E702] D3D Adapter: SubSysId = 0x00000000
<08:59:24> [F2243F0E] D3D Adapter: Revision = 0
<08:59:24> [E571CFEE] Shader manager initialization
<08:59:25> [05BAAEF6] CResFile allocations incurred by user cache preload: (21142.18k)
<08:59:25> [911B73B8] Renderer initialization - Done
<08:59:25> [8E444EA9] Console initialization
<08:59:25> [2904A233] Time initialization
<08:59:25> [3650CFD6] Input initialization
<08:59:25> [BA0D559B] Splash: Initializing Input System...
<08:59:25> Initializing Keyboard
<08:59:25> [99640BF1] Sound initialization
<08:59:25> [BA0D559B] Splash: Initializing Sound System...
<08:59:25> [2C33885C] Sound - Initializing AudioDevice now!
<08:59:25> [E46760A9] <Sound> Initialize FMOD with dynamic memory callbacks
<08:59:26> [D6755BFD] <Sound> Starting to initialize Windows Audio Session API output! 
<08:59:26> [F7E8E3CD] <Sound> Drivers found: 5
<08:59:26> [5076AD4B] <Sound> Available drivers:
	1.	PulseAudio Output (PulseAudio Output)
	2.	Blue Microphones Analog Stereo (Blue Microphones Analog Stereo)
	3.	Wireless Controller (Wireless Controller)
	4.	Navi 31 HDMI/DP Audio Digital Stereo (HDMI) (Navi 31 HDMI/DP Audio Digital Stereo (HDMI))
	5.	Family 17h/19h/1ah HD Audio Controller Analog Stereo (Family 17h/19h/1ah HD Audio Controller Analog Stereo)
<08:59:26> [A0BBF7E1] <Sound> FmodEx-AudioDevice: Now running on driver: PulseAudio Output (PulseAudio Output)
<08:59:26> [14D8EFE1] <Sound> Using speaker mode: FMOD_SPEAKERMODE_STEREO
<08:59:26> [E79C27E5] <Sound> Initializing FMOD-EX now!
<08:59:26> [E2A9FE08] <Sound> Available record drivers: 0 PulseAudio Input (PulseAudio Input) !
<08:59:26> [E2A9FE08] <Sound> Available record drivers: 1 Family 17h/19h/1ah HD Audio Controller Analog Stereo (Family 17h/19h/1ah HD Audio Controller Analog Stereo) !
<08:59:26> [E2A9FE08] <Sound> Available record drivers: 2 Wireless Controller (Wireless Controller) !
<08:59:26> [E2A9FE08] <Sound> Available record drivers: 3 Blue Microphones Analog Stereo (Blue Microphones Analog Stereo) !
<08:59:26> [E2A9FE08] <Sound> Available record drivers: 4 Monitor of Family 17h/19h/1ah HD Audio Controller (Monitor of Family 17h/19h/1ah HD Audio Controller) !
<08:59:26> [E2A9FE08] <Sound> Available record drivers: 5 Monitor of Blue Microphones Analog Stereo (Monitor of Blue Microphones Analog Stereo) !
<08:59:26> [E2A9FE08] <Sound> Available record drivers: 6 Wireless Controller (Wireless Controller) !
<08:59:26> [E2A9FE08] <Sound> Available record drivers: 7 Monitor of Navi 31 HDMI/DP Audio Digital Stereo (HDMI) (Monitor of Navi 31 HDMI/DP Audio Digital Stereo (HDMI)) !
<08:59:26> [6841BE38] <Sound> Record config is set to autodetect using record driver 0
<08:59:26> [7808B4C4] <Sound> Using FMOD version: 00044414 and internal 00044414!
<08:59:26> [2A2815C7] <Sound> Initialized FMOD-EX
<08:59:26> [BE4EF52E] Sound - Initializing SoundSystem now!
<08:59:26> [0D547471] Font initialization
<08:59:26> [BA0D559B] Splash: Initializing Fonts...
<08:59:26> [C194F7C8][Warning] Cannot load texture textures/defaults/replacemecm.tif, file missing [File=textures/defaults/replacemecm.dds]
<08:59:26> [84206398] AI initialization
<08:59:26> [1BC221DE] Initializing Animation System
<08:59:26> [BA0D559B] Splash: Initializing Animation System...
<08:59:26> [9E592EFE] Initializing 3D Engine
<08:59:26> [BA0D559B] Splash: Initializing 3D Engine...
<08:59:26> [637AF710][Warning] missing chr material : game/objects/characters/ferre/female/nude/Standard_22.mtl (chr: game/objects/characters/ferre/female/nude/fe_f_base.chr)
<08:59:26> [91F5AEEC][Warning] number of bones mismatch! game/objects/characters/ferre/female/nude/fe_f_base.chr=195 game/objects/characters/ferre/female/nude/fe_f_base_lod1.chr=185
<08:59:27> [7415A452] CHR PreCaching 25 Done
<08:59:27> [E7AD4E53] AddSharedMorphTargets - Failed to load objects/characters/dwarf/male/face/dw_m_face00.chr
<08:59:27> [61AD1790] MorphTargetPreCaching - objects/characters/dwarf/male/face/dw_m_face00.chr Add Failed
<08:59:27> [A4A6E4C6] MorphTarget PreCaching 11 Done
<08:59:27> [5ACB40E2] Init Face Makers
<08:59:27> [56B5985B] X2FaceMaker - game/objects/characters/nuian/male/face/nu_m_face01_mid.chr : mouth_UnderbiteOverbite target not exist
<08:59:27> [56B5985B] X2FaceMaker - game/objects/characters/nuian/male/face/nu_m_face01_mid.chr : mouth_UnderbiteOverbite target not exist
<08:59:27> [56B5985B] X2FaceMaker - game/objects/characters/nuian/male/face/nu_m_face01_mid.chr : mouth_UnderbiteOverbite target not exist
<08:59:28> [4ABB03EB] game/objects/characters/ferre/female/face/fe_f_face01_low.chr(303) - objects/characters/ferre/female/face/fe_f_face00.chr(3063) SharedMorph is not matched
<08:59:28> [56B5985B] X2FaceMaker - game/objects/characters/nuian/male/face/nu_m_face01_mid.chr : mouth_UnderbiteOverbite target not exist
<08:59:28> [56B5985B] X2FaceMaker - game/objects/characters/nuian/male/face/nu_m_face01_mid.chr : nose_dw_SeptumVol target not exist
<08:59:28> [56B5985B] X2FaceMaker - game/objects/characters/nuian/male/face/nu_m_face01_mid.chr : nose_dw_NasalZposition target not exist
<08:59:28> [56B5985B] X2FaceMaker - game/objects/characters/nuian/male/face/nu_m_face01_mid.chr : FS_dwEarSize target not exist
<08:59:28> [56B5985B] X2FaceMaker - game/objects/characters/nuian/male/face/nu_m_face01_mid.chr : dwarf_Morph target not exist
<08:59:28> [56B5985B] X2FaceMaker - game/objects/characters/nuian/male/face/nu_m_face01_mid.chr : FS_dw_CheekMeat_min target not exist
<08:59:28> [1191A6A8] X2FaceMaker - game/objects/characters/nuian/male/face/nu_m_face01_mid.chr : FS_dw_CheekMeat_max ex target not exist
<08:59:28> [56B5985B] X2FaceMaker - game/objects/characters/warborn/male/face/wa_m_face01_mid.chr : eye_Forehead target not exist
<08:59:28> [56B5985B] X2FaceMaker - game/objects/characters/warborn/male/face/wa_m_face01_mid.chr : eye_Tail_min target not exist
<08:59:28> [1191A6A8] X2FaceMaker - game/objects/characters/warborn/male/face/wa_m_face01_mid.chr : eye_Tail_max ex target not exist
<08:59:28> [56B5985B] X2FaceMaker - game/objects/characters/warborn/male/face/wa_m_face01_mid.chr : eye_WidthLength_min target not exist
<08:59:28> [1191A6A8] X2FaceMaker - game/objects/characters/warborn/male/face/wa_m_face01_mid.chr : eye_WidthLength_max ex target not exist
<08:59:28> [56B5985B] X2FaceMaker - game/objects/characters/warborn/male/face/wa_m_face01_mid.chr : eye_DoubleEyelidShape target not exist
<08:59:28> [56B5985B] X2FaceMaker - game/objects/characters/warborn/male/face/wa_m_face01_mid.chr : eye_BrowXposition target not exist
<08:59:28> [56B5985B] X2FaceMaker - game/objects/characters/warborn/male/face/wa_m_face01_mid.chr : eye_BrowZposition target not exist
<08:59:28> [56B5985B] X2FaceMaker - game/objects/characters/warborn/male/face/wa_m_face01_mid.chr : nose_Nostril target not exist
<08:59:28> [56B5985B] X2FaceMaker - game/objects/characters/warborn/male/face/wa_m_face01_mid.chr : nose_Size target not exist
<08:59:28> [56B5985B] X2FaceMaker - game/objects/characters/warborn/male/face/wa_m_face01_mid.chr : nose_SeptumZposition target not exist
<08:59:28> [56B5985B] X2FaceMaker - game/objects/characters/warborn/male/face/wa_m_face01_mid.chr : nose_End target not exist
<08:59:28> [56B5985B] X2FaceMaker - game/objects/characters/warborn/male/face/wa_m_face01_mid.chr : nose_Size target not exist
<08:59:28> [56B5985B] X2FaceMaker - game/objects/characters/warborn/male/face/wa_m_face01_mid.chr : mouth_UpperLipVolume target not exist
<08:59:28> [56B5985B] X2FaceMaker - game/objects/characters/warborn/male/face/wa_m_face01_mid.chr : mouth_LowerLipVolume target not exist
<08:59:28> [56B5985B] X2FaceMaker - game/objects/characters/warborn/male/face/wa_m_face01_mid.chr : mouth_UpperLipOpen target not exist
<08:59:28> [56B5985B] X2FaceMaker - game/objects/characters/warborn/male/face/wa_m_face01_mid.chr : mouth_LowerLipOpen target not exist
<08:59:28> [56B5985B] X2FaceMaker - game/objects/characters/warborn/male/face/wa_m_face01_mid.chr : mouth_MouthOpen target not exist
<08:59:28> [56B5985B] X2FaceMaker - game/objects/characters/warborn/male/face/wa_m_face01_mid.chr : mouth_Size target not exist
<08:59:28> [56B5985B] X2FaceMaker - game/objects/characters/warborn/male/face/wa_m_face01_mid.chr : mouth_Shape_min target not exist
<08:59:28> [1191A6A8] X2FaceMaker - game/objects/characters/warborn/male/face/wa_m_face01_mid.chr : mouth_Shape_max ex target not exist
<08:59:28> [56B5985B] X2FaceMaker - game/objects/characters/warborn/male/face/wa_m_face01_mid.chr : mouth_TeethZposition target not exist
<08:59:28> [56B5985B] X2FaceMaker - game/objects/characters/warborn/male/face/wa_m_face01_mid.chr : FS_JawHigh_min target not exist
<08:59:28> [1191A6A8] X2FaceMaker - game/objects/characters/warborn/male/face/wa_m_face01_mid.chr : FS_JawHigh_max ex target not exist
<08:59:28> [56B5985B] X2FaceMaker - game/objects/characters/warborn/male/face/wa_m_face01_mid.chr : FS_EarRotate_min target not exist
<08:59:28> [1191A6A8] X2FaceMaker - game/objects/characters/warborn/male/face/wa_m_face01_mid.chr : FS_EarRotate_max ex target not exist
<08:59:28> [56B5985B] X2FaceMaker - game/objects/characters/warborn/male/face/wa_m_face01_mid.chr : FS_Beard1 target not exist
<08:59:28> [56B5985B] X2FaceMaker - game/objects/characters/warborn/male/face/wa_m_face01_mid.chr : FS_Beard2 target not exist
<08:59:28> [56B5985B] X2FaceMaker - game/objects/characters/warborn/male/face/wa_m_face01_mid.chr : FS_Beard3 target not exist
<08:59:28> [56B5985B] X2FaceMaker - game/objects/characters/warborn/female/face/wa_f_face01_mid.chr : eye_Yposition_min target not exist
<08:59:28> [1191A6A8] X2FaceMaker - game/objects/characters/warborn/female/face/wa_f_face01_mid.chr : eye_Yposition_max ex target not exist
<08:59:28> [56B5985B] X2FaceMaker - game/objects/characters/warborn/female/face/wa_f_face01_mid.chr : FS_AllLowerY target not exist
<08:59:28> [56B5985B] X2FaceMaker - game/objects/characters/warborn/female/face/wa_f_face01_mid.chr : FS_AllRotate target not exist
<08:59:28> [56B5985B] X2FaceMaker - game/objects/characters/warborn/female/face/wa_f_face01_mid.chr : FS_AllY target not exist
<08:59:28> [56B5985B] X2FaceMaker - game/objects/characters/warborn/female/face/wa_f_face01_mid.chr : mouth_Open_min target not exist
<08:59:28> [1191A6A8] X2FaceMaker - game/objects/characters/warborn/female/face/wa_f_face01_mid.chr : mouth_Open_max ex target not exist
<08:59:28> [E320B5CE] Init Face Makers - Done!
<08:59:28> [581CA53C] Script System Initialization
<08:59:28> [BA0D559B] Splash: Initializing Script System...
<08:59:28> [000004EE][Warning] [Lua Error] 1_3_0/scripts/common.lua:276: attempt to index global 'Script' (a nil value)
<08:59:28> [58F3F7FF][Warning] <null>:0: [Lua Error] Failed to execute file @game/scriptsbin/common.alb
<08:59:28> [D8B2BA54] Entity system initialization
<08:59:28> [BA0D559B] Splash: Initializing Entity System...
<08:59:28> [D55F91B2][Warning] [CEntityClassRegistry] LoadClassDescription failed, Entity Class name Chick already registered
<08:59:28> [BA0D559B] Splash: Initializing AI System...
<08:59:28> [DA019954] Initializing AI System
<08:59:28> [2546BCC5] Initializing Budgeting System
<08:59:28> [C0E19025] Initializing Seamless System
<08:59:28> [BA0D559B] Splash: Loading Game Data...
<08:59:29> [90B8EC50][Warning] too many ranges: aoe_shapes descs 10156(10156) threshold 100 ranges 12
<08:59:30> [BA4AD6CE] Loading portal list
<08:59:30> [92597454] Portal added, enter: 3891, exit: 6629
<08:59:30> [92597454] Portal added, enter: 21448, exit: 21449
<08:59:30> [92597454] Portal added, enter: 21450, exit: 21451
<08:59:30> [92597454] Portal added, enter: 21452, exit: 21453
<08:59:30> [92597454] Portal added, enter: 21698, exit: 21699
<08:59:30> [92597454] Portal added, enter: 22023, exit: 22024
<08:59:30> [92597454] Portal added, enter: 22042, exit: 22066
<08:59:30> [92597454] Portal added, enter: 22136, exit: 22137
<08:59:30> [92597454] Portal added, enter: 22163, exit: 22164
<08:59:30> [92597454] Portal added, enter: 22184, exit: 22185
<08:59:30> [92597454] Portal added, enter: 22336, exit: 22337
<08:59:30> [92597454] Portal added, enter: 9000063, exit: 9000064
<08:59:30> [1C664009] End loading portal list
<08:59:30> [937812F7] loaded DDCMS (1396969 descs, 719156 links (17 page 16.95MB size) string) from game\db\compact.sqlite3 in 961 ms
<08:59:30> [BA0D559B] Splash: Initializing Game System...
<08:59:30> [000004EE][Warning] [Lua Error] no localized ui text for 18 always_refund
<08:59:31> [0ADE3294][Warning] [MFX] Effect 'collisions:grenade' already present. Overriding.
<08:59:31> [311630D1][Warning] MFX WARNING: Material not found: mat_ice_breakable
<08:59:31>  
<08:59:31>    sys_spec = Custom (assuming 4)
<08:59:31>      option_anti_aliasing = 2 expected:3
<08:59:31>  
<08:59:31> [BA0D559B] Splash: Preparing Screen...
<08:59:31> [963385F6] Level System - Loading Start
<08:59:31> [806B6F8D] precaching world entities ..
<08:59:31> [7E39E0DE] precaching world entities .. done!  total (0) objects
<08:59:31> [D2B280D6] Vegetation Manager : Loading World(login2)
<08:59:31> [075AB92F] Vegetation Manager : Loading World - Done (total 36 vegetations)
<08:59:31> [B9410AA1] total 20 terrain world surfaces loaded
<08:59:31> Loading Particle Library: collisions
<08:59:31> Loading Particle Library: water
<08:59:31> Loading Particle Library: misc
<08:59:31> Loading Particle Library: ability_skill_table
<08:59:31> Loading Particle Library: ability_skill_table_k
<08:59:31> Loading Particle Library: abillity_skill_table_m
<08:59:31> Loading Particle Library: machinima
<08:59:31> Loading Particle Library: x2_effects
<08:59:31> Loading Particle Library: x2_effects_k
<08:59:32> [280A47E3] Precached total 2 materials
<08:59:32> [7B1A973B] seamless loading cell terrain(W0, 1), (L0, 0)
<08:59:32> [3EF08C47] seamless loading cell object(W0, 1), (L0, 0)
<08:59:32> [584C4FFD] [net 12:59:24.403]  dns ip:192.168.1.202
<08:59:32> [584C4FFD] [net 12:59:24.403]  dns ip:172.18.0.1
<08:59:32> [584C4FFD] [net 12:59:24.403]  dns ip:172.19.0.1
<08:59:32> [584C4FFD] [net 12:59:24.403]  dns ip:172.17.0.1
<08:59:32> [0DE3FA89][Error] CryAnimation: character-definition creation failed: game/objects/characters/elf/female/nude/el_f_kyprosa.cdf
<08:59:32> [13A58BA0][Error] CryAnimation: character-definition not found: game/objects/characters/elf/female/nude/el_f_kyprosa.cdf
<08:59:32> [4DD44108] Start DaruCommon Extension
<08:59:32> [1B425DA5] Duplicated post effect param! pszName = FilterMaskedBlurring_Amount
<08:59:32> [1B425DA5] Duplicated post effect param! pszName = FilterMaskedBlurring_MaskTexName
<08:59:32> [1B425DA5] Duplicated post effect param! pszName = FilterChromaShift_User_Amount
<08:59:32> [1B425DA5] Duplicated post effect param! pszName = FilterGrain_Amount
<08:59:32> [8F6BAA6C][Warning] Couldn't find console variable 'e_water_ocean_fft'
<08:59:32> Loading Particle Library: wind
<08:59:32> Loading Particle Library: X2_EFFECT_O
<08:59:32> [000004EE][Warning] Particle effect not found: '                                                                ', from ParticleEffect fx_land_green
<08:59:32> [12409CCC] Load Zone Finished
<08:59:32> [A39C1725] Level System - Loading Complete
<08:59:32> [27293DED] -----------------------------------------------------
<08:59:32> [120C18F5] * LOADING: 'loginbg4' loading time: 1.29 seconds
<08:59:32> [27293DED] -----------------------------------------------------
<08:59:32> [000004EE][Warning] [Lua Error] no client player exists
<08:59:32> [A13C772D][Warning] Cannot load texture ui/font_color.g, Image file format is invalid [File=ui/font_color.g]
<08:59:32> [000FABC5][Warning] CAreaGrid::BeginAreas() called before being initialized.
<08:59:35> [1D01FDCA] Auth: client connected to server
<08:59:35> [584C4FFD] [net 12:59:35.700]  socket ip:192.168.1.202
<08:59:35> [4C920A71] mac address : 74-56-3c-fe-52-f3
<09:00:17> [7CC1A260] Save Game Option
