[801989E0] BackupNameAttachment=" Build(0) Date(24 September 2025) Time(12 57 02)"  -- used by backup system
[00000020]  
[38F38F32] Log Started at #c
[0232BD25] Running 32 bit version
[7AB6F5FE] Executable: C:\Games\AAClassic\bin32\archeage.exe
[E5C771AC] FileVersion: 3.5.0.0
[F799D55F] ProductVersion: 3.5.3.0
[1F1D6B13] Using Microsoft (tm) C++ Standard Library implementation
[00000020]  
[C7D96C80] Revision: 350000
[00000020]  
[64533E3E] this is the first client
<12:57:07> [B9197FD5][Error] ConsoleVariableGroup[option_effect] key[e_particles_lod_onoff] has no default
<12:57:07> [76666E6D] 
--- CPU detection ---
<12:57:08> [F4D992D8] CPU: AMD AMD Ryzen 7 7800X3D 8-Core Processor           
<12:57:08> [3F649B02] Family: 15, Model: 1, Stepping: 2
<12:57:08> [83D12E0B] FPU: On-Chip
<12:57:08> [50919DA0] CPU Speed (estimated): 4192.096526 MHz
<12:57:08> [C73FD83A] MMX: not present
<12:57:08> [89D1077A] SSE: present
<12:57:08> [64E2B6F1] 3DNow!: present
<12:57:08> [27B7AC6E] Serial number not present or disabled
<12:57:08> [1D2D8E5B] Number of logical processors: 16
<12:57:08> [FA658084] Number of available logical processors: 16
<12:57:08> [A1F061C2] Invariant Time Stamp Counter : yes
<12:57:08> [FA0251ED] ---------------------

<12:57:08> [03E7D838] Device Info
<12:57:08> [9F603516] Device Info - 1
<12:57:08> [9F603517] Device Info - 2
<12:57:08> [9F603518] Device Info - 3
<12:57:08> [9F603519] Device Info - 4
<12:57:08> [9F60351A] Device Info - 5
<12:57:08> [9F60351B] Device Info - 6
<12:57:08> [9F60351C] Device Info - 7
<12:57:08> [E98ECC28] Video Memory Info
<12:57:08> [D5FBE664] Video Memory - 1
<12:57:08> [D5FBE665] Video Memory - 2
<12:57:08> [D5FBE666] Video Memory - 3
<12:57:08> [D5FBE667] Video Memory - 4
<12:57:08> [D5FBE668] Video Memory - 5
<12:57:08> [D5FBE669] Video Memory - 6
<12:57:08> [D5FBE66A] Video Memory - 7
<12:57:08> [D5FBE66B] Video Memory - 8
<12:57:08> [3A4D54A2][Warning] config/gpu/amd.txt line 55 contains a multiple defined GPU rating!
<12:57:08> [D20872C0] InitThreadAffinities
<12:57:08> [2F28A434] UpdateMainThreadAffinity
<12:57:08> [16962512] Windows 8 64 bit (build 6.2.9200)
<12:57:08> [38DFF081] System language: English
<12:57:08> [861A0178] Windows Directory: "C:\windows"
<12:57:08> [341B54F1] Prerequisites...
<12:57:08> [5D1B3C9C] * Installation of KB940105 hotfix required: no! (either not needed or already installed)
<12:57:08> [82920A25] Local time is 12:57:08 09/24/25, system running for 4660 minutes
<12:57:08> [3A908F9D] 63426MB physical memory installed, 25774MB available, 4095MB virtual memory installed, 59 percent of memory in use
<12:57:08> [31259232] PageFile usage: 
<12:57:08> [453F0D1B] Current display mode is 2560x1440x32
<12:57:08> [8A64FCCC] IBM enhanced (101/102-key) keyboard and 3+ button mouse installed
<12:57:08> [CE30556B] ----- GPU Detection -----------------
<12:57:08> [03E7D838] Device Info
<12:57:08> [9F603516] Device Info - 1
<12:57:08> [9F603517] Device Info - 2
<12:57:08> [9F603518] Device Info - 3
<12:57:08> [9F603519] Device Info - 4
<12:57:08> [9F60351A] Device Info - 5
<12:57:08> [9F60351B] Device Info - 6
<12:57:08> [9F60351C] Device Info - 7
<12:57:08> [E98ECC28] Video Memory Info
<12:57:08> [D5FBE664] Video Memory - 1
<12:57:08> [D5FBE665] Video Memory - 2
<12:57:08> [D5FBE666] Video Memory - 3
<12:57:08> [D5FBE667] Video Memory - 4
<12:57:08> [D5FBE668] Video Memory - 5
<12:57:08> [D5FBE669] Video Memory - 6
<12:57:08> [D5FBE66A] Video Memory - 7
<12:57:08> [D5FBE66B] Video Memory - 8
<12:57:08> [99EA404A]  AMD Radeon RX 7800 XT (RADV NAVI32) (vendor = 0x1002, device = 0x747e, subSys = 0x00000000)
<12:57:08> [77718B6A] -- Video memory: 4081 MB
<12:57:08> [30DF1863] -- Minimum SM 2.0 support: yes
<12:57:08> [13E11956] -- DX11 supported: yes
<12:57:08> [50B60100] --------------------------------------------------------------------------------
<12:57:08> [5921EDBE] Stream Engine Initialization
<12:57:08> [BA0D559B] Splash: Initializing Stream Engine...
<12:57:08> [939F6EBB] Enable Resolutions : 0
<12:57:08> [A30A84B6] can't enum display resolution modes
<12:57:08> [B324CD25] Screen Resolution - 1024x768
<12:57:08> [3778EA0B] Screen Resolution - 0 (2560x1440)
<12:57:08> [A1B107F0] Screen Resolution - Test OK (2560x1440)
<12:57:08> [A9E4B0F2] Network initialization
<12:57:08> [BA0D559B] Splash: Initializing Network System...
<12:57:08> [14FAD233] Socket I/O by iocp
<12:57:08> [E36A4FB9] Physics initialization
<12:57:08> [BA0D559B] Splash: Initializing Physics...
<12:57:08> [2462D581] MovieSystem initialization
<12:57:08> [BA0D559B] Splash: Initializing Movie System...
<12:57:08> [93287AEC] Renderer initialization - Start
<12:57:08> [BA0D559B] Splash: Initializing Renderer...
<12:57:08> [91207680] Renderer initialization - Open
<12:57:08> [4377E7CB] Renderer initialization - DLL Load(CryRenderD3D9.dll)
<12:57:08> [71203A94] Renderer initialization - DLL Done
<12:57:08> [71227C22] Renderer initialization - DLL Init
<12:57:08> [C653D9CB] Renderer initialization - Instance
<12:57:08> [44D9754D] D3D Adapter: Driver name: aticfx32.dll
<12:57:08> [82BE8322] D3D Adapter: Driver description: AMD Radeon RX 7800 XT (RADV NAVI32)
<12:57:08> [2224501A] D3D Adapter: Driver version: 32767.65535.65535.65535
<12:57:08> [E8D1E30D] D3D Adapter: Driver GUID: 00000000-0003-0000-0000000000000000
<12:57:08> [BC8C1ACB] D3D Adapter: VendorId = 0x1002
<12:57:08> [B6A10CFD] D3D Adapter: DeviceId = 0x747E
<12:57:08> [0678E702] D3D Adapter: SubSysId = 0x00000000
<12:57:08> [F2243F0E] D3D Adapter: Revision = 0
<12:57:08> [E571CFEE] Shader manager initialization
<12:57:09> [05BAAEF6] CResFile allocations incurred by user cache preload: (21446.79k)
<12:57:09> [911B73B8] Renderer initialization - Done
<12:57:09> [8E444EA9] Console initialization
<12:57:09> [2904A233] Time initialization
<12:57:09> [3650CFD6] Input initialization
<12:57:09> [BA0D559B] Splash: Initializing Input System...
<12:57:09> Initializing Keyboard
<12:57:09> [99640BF1] Sound initialization
<12:57:09> [BA0D559B] Splash: Initializing Sound System...
<12:57:09> [2C33885C] Sound - Initializing AudioDevice now!
<12:57:09> [E46760A9] <Sound> Initialize FMOD with dynamic memory callbacks
<12:57:11> [D6755BFD] <Sound> Starting to initialize Windows Audio Session API output! 
<12:57:11> [F7E8E3CD] <Sound> Drivers found: 6
<12:57:11> [9B899242] <Sound> Available drivers:
	1.	PulseAudio Output (PulseAudio Output)
	2.	Blue Microphones Analog Stereo (Blue Microphones Analog Stereo)
	3.	soundcore Liberty 4 NC (soundcore Liberty 4 NC)
	4.	Wireless Controller (Wireless Controller)
	5.	Navi 31 HDMI/DP Audio Digital Stereo (HDMI) (Navi 31 HDMI/DP Audio Digital Stereo (HDMI))
	6.	Family 17h/19h/1ah HD Audio Controller Analog Stereo (Family 17h/19h/1ah HD Audio Controller Analog Stereo)
<12:57:11> [A0BBF7E1] <Sound> FmodEx-AudioDevice: Now running on driver: PulseAudio Output (PulseAudio Output)
<12:57:11> [14D8EFE1] <Sound> Using speaker mode: FMOD_SPEAKERMODE_STEREO
<12:57:11> [E79C27E5] <Sound> Initializing FMOD-EX now!
<12:57:11> [E2A9FE08] <Sound> Available record drivers: 0 PulseAudio Input (PulseAudio Input) !
<12:57:11> [E2A9FE08] <Sound> Available record drivers: 1 soundcore Liberty 4 NC (soundcore Liberty 4 NC) !
<12:57:11> [E2A9FE08] <Sound> Available record drivers: 2 Family 17h/19h/1ah HD Audio Controller Analog Stereo (Family 17h/19h/1ah HD Audio Controller Analog Stereo) !
<12:57:11> [E2A9FE08] <Sound> Available record drivers: 3 Wireless Controller (Wireless Controller) !
<12:57:11> [E2A9FE08] <Sound> Available record drivers: 4 Blue Microphones Analog Stereo (Blue Microphones Analog Stereo) !
<12:57:11> [E2A9FE08] <Sound> Available record drivers: 5 Monitor of Family 17h/19h/1ah HD Audio Controller (Monitor of Family 17h/19h/1ah HD Audio Controller) !
<12:57:11> [E2A9FE08] <Sound> Available record drivers: 6 Monitor of Blue Microphones Analog Stereo (Monitor of Blue Microphones Analog Stereo) !
<12:57:11> [E2A9FE08] <Sound> Available record drivers: 7 Wireless Controller (Wireless Controller) !
<12:57:11> [E2A9FE08] <Sound> Available record drivers: 8 Monitor of soundcore Liberty 4 NC (Monitor of soundcore Liberty 4 NC) !
<12:57:11> [E2A9FE08] <Sound> Available record drivers: 9 Monitor of Navi 31 HDMI/DP Audio Digital Stereo (HDMI) (Monitor of Navi 31 HDMI/DP Audio Digital Stereo (HDMI)) !
<12:57:11> [6841BE38] <Sound> Record config is set to autodetect using record driver 0
<12:57:11> [7808B4C4] <Sound> Using FMOD version: 00044414 and internal 00044414!
<12:57:11> [2A2815C7] <Sound> Initialized FMOD-EX
<12:57:11> [BE4EF52E] Sound - Initializing SoundSystem now!
<12:57:11> [0D547471] Font initialization
<12:57:11> [BA0D559B] Splash: Initializing Fonts...
<12:57:11> [C194F7C8][Warning] Cannot load texture textures/defaults/replacemecm.tif, file missing [File=textures/defaults/replacemecm.dds]
<12:57:11> [84206398] AI initialization
<12:57:11> [1BC221DE] Initializing Animation System
<12:57:11> [BA0D559B] Splash: Initializing Animation System...
<12:57:11> [9E592EFE] Initializing 3D Engine
<12:57:11> [BA0D559B] Splash: Initializing 3D Engine...
<12:57:12> [637AF710][Warning] missing chr material : game/objects/characters/ferre/female/nude/Standard_22.mtl (chr: game/objects/characters/ferre/female/nude/fe_f_base.chr)
<12:57:12> [91F5AEEC][Warning] number of bones mismatch! game/objects/characters/ferre/female/nude/fe_f_base.chr=195 game/objects/characters/ferre/female/nude/fe_f_base_lod1.chr=185
<12:57:13> [7415A452] CHR PreCaching 25 Done
<12:57:13> [E7AD4E53] AddSharedMorphTargets - Failed to load objects/characters/dwarf/male/face/dw_m_face00.chr
<12:57:13> [61AD1790] MorphTargetPreCaching - objects/characters/dwarf/male/face/dw_m_face00.chr Add Failed
<12:57:13> [A4A6E4C6] MorphTarget PreCaching 11 Done
<12:57:13> [5ACB40E2] Init Face Makers
<12:57:13> [56B5985B] X2FaceMaker - game/objects/characters/nuian/male/face/nu_m_face01_mid.chr : mouth_UnderbiteOverbite target not exist
<12:57:13> [56B5985B] X2FaceMaker - game/objects/characters/nuian/male/face/nu_m_face01_mid.chr : mouth_UnderbiteOverbite target not exist
<12:57:13> [56B5985B] X2FaceMaker - game/objects/characters/nuian/male/face/nu_m_face01_mid.chr : mouth_UnderbiteOverbite target not exist
<12:57:13> [4ABB03EB] game/objects/characters/ferre/female/face/fe_f_face01_low.chr(303) - objects/characters/ferre/female/face/fe_f_face00.chr(3063) SharedMorph is not matched
<12:57:13> [56B5985B] X2FaceMaker - game/objects/characters/nuian/male/face/nu_m_face01_mid.chr : mouth_UnderbiteOverbite target not exist
<12:57:13> [56B5985B] X2FaceMaker - game/objects/characters/nuian/male/face/nu_m_face01_mid.chr : nose_dw_SeptumVol target not exist
<12:57:13> [56B5985B] X2FaceMaker - game/objects/characters/nuian/male/face/nu_m_face01_mid.chr : nose_dw_NasalZposition target not exist
<12:57:13> [56B5985B] X2FaceMaker - game/objects/characters/nuian/male/face/nu_m_face01_mid.chr : FS_dwEarSize target not exist
<12:57:13> [56B5985B] X2FaceMaker - game/objects/characters/nuian/male/face/nu_m_face01_mid.chr : dwarf_Morph target not exist
<12:57:13> [56B5985B] X2FaceMaker - game/objects/characters/nuian/male/face/nu_m_face01_mid.chr : FS_dw_CheekMeat_min target not exist
<12:57:13> [1191A6A8] X2FaceMaker - game/objects/characters/nuian/male/face/nu_m_face01_mid.chr : FS_dw_CheekMeat_max ex target not exist
<12:57:13> [56B5985B] X2FaceMaker - game/objects/characters/warborn/male/face/wa_m_face01_mid.chr : eye_Forehead target not exist
<12:57:13> [56B5985B] X2FaceMaker - game/objects/characters/warborn/male/face/wa_m_face01_mid.chr : eye_Tail_min target not exist
<12:57:13> [1191A6A8] X2FaceMaker - game/objects/characters/warborn/male/face/wa_m_face01_mid.chr : eye_Tail_max ex target not exist
<12:57:13> [56B5985B] X2FaceMaker - game/objects/characters/warborn/male/face/wa_m_face01_mid.chr : eye_WidthLength_min target not exist
<12:57:13> [1191A6A8] X2FaceMaker - game/objects/characters/warborn/male/face/wa_m_face01_mid.chr : eye_WidthLength_max ex target not exist
<12:57:13> [56B5985B] X2FaceMaker - game/objects/characters/warborn/male/face/wa_m_face01_mid.chr : eye_DoubleEyelidShape target not exist
<12:57:13> [56B5985B] X2FaceMaker - game/objects/characters/warborn/male/face/wa_m_face01_mid.chr : eye_BrowXposition target not exist
<12:57:13> [56B5985B] X2FaceMaker - game/objects/characters/warborn/male/face/wa_m_face01_mid.chr : eye_BrowZposition target not exist
<12:57:13> [56B5985B] X2FaceMaker - game/objects/characters/warborn/male/face/wa_m_face01_mid.chr : nose_Nostril target not exist
<12:57:13> [56B5985B] X2FaceMaker - game/objects/characters/warborn/male/face/wa_m_face01_mid.chr : nose_Size target not exist
<12:57:13> [56B5985B] X2FaceMaker - game/objects/characters/warborn/male/face/wa_m_face01_mid.chr : nose_SeptumZposition target not exist
<12:57:13> [56B5985B] X2FaceMaker - game/objects/characters/warborn/male/face/wa_m_face01_mid.chr : nose_End target not exist
<12:57:13> [56B5985B] X2FaceMaker - game/objects/characters/warborn/male/face/wa_m_face01_mid.chr : nose_Size target not exist
<12:57:13> [56B5985B] X2FaceMaker - game/objects/characters/warborn/male/face/wa_m_face01_mid.chr : mouth_UpperLipVolume target not exist
<12:57:13> [56B5985B] X2FaceMaker - game/objects/characters/warborn/male/face/wa_m_face01_mid.chr : mouth_LowerLipVolume target not exist
<12:57:13> [56B5985B] X2FaceMaker - game/objects/characters/warborn/male/face/wa_m_face01_mid.chr : mouth_UpperLipOpen target not exist
<12:57:13> [56B5985B] X2FaceMaker - game/objects/characters/warborn/male/face/wa_m_face01_mid.chr : mouth_LowerLipOpen target not exist
<12:57:13> [56B5985B] X2FaceMaker - game/objects/characters/warborn/male/face/wa_m_face01_mid.chr : mouth_MouthOpen target not exist
<12:57:13> [56B5985B] X2FaceMaker - game/objects/characters/warborn/male/face/wa_m_face01_mid.chr : mouth_Size target not exist
<12:57:13> [56B5985B] X2FaceMaker - game/objects/characters/warborn/male/face/wa_m_face01_mid.chr : mouth_Shape_min target not exist
<12:57:13> [1191A6A8] X2FaceMaker - game/objects/characters/warborn/male/face/wa_m_face01_mid.chr : mouth_Shape_max ex target not exist
<12:57:13> [56B5985B] X2FaceMaker - game/objects/characters/warborn/male/face/wa_m_face01_mid.chr : mouth_TeethZposition target not exist
<12:57:13> [56B5985B] X2FaceMaker - game/objects/characters/warborn/male/face/wa_m_face01_mid.chr : FS_JawHigh_min target not exist
<12:57:13> [1191A6A8] X2FaceMaker - game/objects/characters/warborn/male/face/wa_m_face01_mid.chr : FS_JawHigh_max ex target not exist
<12:57:13> [56B5985B] X2FaceMaker - game/objects/characters/warborn/male/face/wa_m_face01_mid.chr : FS_EarRotate_min target not exist
<12:57:13> [1191A6A8] X2FaceMaker - game/objects/characters/warborn/male/face/wa_m_face01_mid.chr : FS_EarRotate_max ex target not exist
<12:57:13> [56B5985B] X2FaceMaker - game/objects/characters/warborn/male/face/wa_m_face01_mid.chr : FS_Beard1 target not exist
<12:57:13> [56B5985B] X2FaceMaker - game/objects/characters/warborn/male/face/wa_m_face01_mid.chr : FS_Beard2 target not exist
<12:57:13> [56B5985B] X2FaceMaker - game/objects/characters/warborn/male/face/wa_m_face01_mid.chr : FS_Beard3 target not exist
<12:57:13> [56B5985B] X2FaceMaker - game/objects/characters/warborn/female/face/wa_f_face01_mid.chr : eye_Yposition_min target not exist
<12:57:13> [1191A6A8] X2FaceMaker - game/objects/characters/warborn/female/face/wa_f_face01_mid.chr : eye_Yposition_max ex target not exist
<12:57:13> [56B5985B] X2FaceMaker - game/objects/characters/warborn/female/face/wa_f_face01_mid.chr : FS_AllLowerY target not exist
<12:57:13> [56B5985B] X2FaceMaker - game/objects/characters/warborn/female/face/wa_f_face01_mid.chr : FS_AllRotate target not exist
<12:57:13> [56B5985B] X2FaceMaker - game/objects/characters/warborn/female/face/wa_f_face01_mid.chr : FS_AllY target not exist
<12:57:13> [56B5985B] X2FaceMaker - game/objects/characters/warborn/female/face/wa_f_face01_mid.chr : mouth_Open_min target not exist
<12:57:13> [1191A6A8] X2FaceMaker - game/objects/characters/warborn/female/face/wa_f_face01_mid.chr : mouth_Open_max ex target not exist
<12:57:13> [E320B5CE] Init Face Makers - Done!
<12:57:13> [581CA53C] Script System Initialization
<12:57:13> [BA0D559B] Splash: Initializing Script System...
<12:57:13> [000004EE][Warning] [Lua Error] 1_3_0/scripts/common.lua:276: attempt to index global 'Script' (a nil value)
<12:57:13> [58F3F7FF][Warning] <null>:0: [Lua Error] Failed to execute file @game/scriptsbin/common.alb
<12:57:13> [D8B2BA54] Entity system initialization
<12:57:13> [BA0D559B] Splash: Initializing Entity System...
<12:57:13> [D55F91B2][Warning] [CEntityClassRegistry] LoadClassDescription failed, Entity Class name Chick already registered
<12:57:13> [BA0D559B] Splash: Initializing AI System...
<12:57:13> [DA019954] Initializing AI System
<12:57:13> [2546BCC5] Initializing Budgeting System
<12:57:13> [C0E19025] Initializing Seamless System
<12:57:13> [BA0D559B] Splash: Loading Game Data...
<12:57:15> [90B8EC50][Warning] too many ranges: aoe_shapes descs 10156(10156) threshold 100 ranges 12
<12:57:15> [BA4AD6CE] Loading portal list
<12:57:15> [92597454] Portal added, enter: 3891, exit: 6629
<12:57:15> [92597454] Portal added, enter: 21448, exit: 21449
<12:57:15> [92597454] Portal added, enter: 21450, exit: 21451
<12:57:15> [92597454] Portal added, enter: 21452, exit: 21453
<12:57:15> [92597454] Portal added, enter: 21698, exit: 21699
<12:57:15> [92597454] Portal added, enter: 22023, exit: 22024
<12:57:15> [92597454] Portal added, enter: 22042, exit: 22066
<12:57:15> [92597454] Portal added, enter: 22136, exit: 22137
<12:57:15> [92597454] Portal added, enter: 22163, exit: 22164
<12:57:15> [92597454] Portal added, enter: 22184, exit: 22185
<12:57:15> [92597454] Portal added, enter: 22336, exit: 22337
<12:57:15> [92597454] Portal added, enter: 9000063, exit: 9000064
<12:57:15> [1C664009] End loading portal list
<12:57:15> [937812F7] loaded DDCMS (1396969 descs, 719156 links (17 page 16.95MB size) string) from game\db\compact.sqlite3 in 1055 ms
<12:57:15> [BA0D559B] Splash: Initializing Game System...
<12:57:15> [000004EE][Warning] [Lua Error] no localized ui text for 18 always_refund
<12:57:16> [0ADE3294][Warning] [MFX] Effect 'collisions:grenade' already present. Overriding.
<12:57:16> [311630D1][Warning] MFX WARNING: Material not found: mat_ice_breakable
<12:57:16>  
<12:57:16>    sys_spec = Custom (assuming 4)
<12:57:16>      option_anti_aliasing = 2 expected:3
<12:57:16>  
<12:57:16> [BA0D559B] Splash: Preparing Screen...
<12:57:16> [963385F6] Level System - Loading Start
<12:57:16> [806B6F8D] precaching world entities ..
<12:57:16> [7E39E0DE] precaching world entities .. done!  total (0) objects
<12:57:16> [D2B280D6] Vegetation Manager : Loading World(login2)
<12:57:16> [075AB92F] Vegetation Manager : Loading World - Done (total 36 vegetations)
<12:57:16> [B9410AA1] total 20 terrain world surfaces loaded
<12:57:16> Loading Particle Library: collisions
<12:57:16> Loading Particle Library: water
<12:57:16> Loading Particle Library: misc
<12:57:16> Loading Particle Library: ability_skill_table
<12:57:16> Loading Particle Library: ability_skill_table_k
<12:57:16> Loading Particle Library: abillity_skill_table_m
<12:57:16> Loading Particle Library: machinima
<12:57:17> Loading Particle Library: x2_effects
<12:57:17> Loading Particle Library: x2_effects_k
<12:57:17> [280A47E3] Precached total 2 materials
<12:57:17> [7B1A973B] seamless loading cell terrain(W0, 1), (L0, 0)
<12:57:17> [3EF08C47] seamless loading cell object(W0, 1), (L0, 0)
<12:57:17> [584C4FFD] [net 16:57:08.602]  dns ip:192.168.1.202
<12:57:17> [584C4FFD] [net 16:57:08.602]  dns ip:172.18.0.1
<12:57:17> [584C4FFD] [net 16:57:08.602]  dns ip:172.19.0.1
<12:57:17> [584C4FFD] [net 16:57:08.602]  dns ip:172.17.0.1
<12:57:17> [0DE3FA89][Error] CryAnimation: character-definition creation failed: game/objects/characters/elf/female/nude/el_f_kyprosa.cdf
<12:57:17> [13A58BA0][Error] CryAnimation: character-definition not found: game/objects/characters/elf/female/nude/el_f_kyprosa.cdf
<12:57:17> [4DD44108] Start DaruCommon Extension
<12:57:17> [1B425DA5] Duplicated post effect param! pszName = FilterMaskedBlurring_Amount
<12:57:17> [1B425DA5] Duplicated post effect param! pszName = FilterMaskedBlurring_MaskTexName
<12:57:17> [1B425DA5] Duplicated post effect param! pszName = FilterChromaShift_User_Amount
<12:57:17> [1B425DA5] Duplicated post effect param! pszName = FilterGrain_Amount
<12:57:17> [8F6BAA6C][Warning] Couldn't find console variable 'e_water_ocean_fft'
<12:57:17> Loading Particle Library: wind
<12:57:17> Loading Particle Library: X2_EFFECT_O
<12:57:17> [000004EE][Warning] Particle effect not found: '                                                                ', from ParticleEffect fx_land_green
<12:57:17> [12409CCC] Load Zone Finished
<12:57:17> [A39C1725] Level System - Loading Complete
<12:57:17> [27293DED] -----------------------------------------------------
<12:57:17> [120C18F5] * LOADING: 'loginbg4' loading time: 1.42 seconds
<12:57:17> [27293DED] -----------------------------------------------------
<12:57:17> [000004EE][Warning] [Lua Error] no client player exists
<12:57:17> [A13C772D][Warning] Cannot load texture ui/font_color.g, Image file format is invalid [File=ui/font_color.g]
<12:57:18> [000FABC5][Warning] CAreaGrid::BeginAreas() called before being initialized.
<12:57:18> [000004EE][Warning] I3DEngine::RegisterEntity: entity reports invalid position: Name: LightEntityName (), Class: LightEntityClass, Pos=(515.8,6996.2,587.4), aabb center=(0.0,40.0,0.0)
<12:57:25> [11E02DA3][Warning] Cannot load texture textures/defaults/16_12.dds, file missing [File=textures/defaults/16_12.dds]
<12:57:27> [1D01FDCA] Auth: client connected to server
<12:57:27> [584C4FFD] [net 16:57:27.070]  socket ip:192.168.1.202
<12:57:27> [4C920A71] mac address : 74-56-3c-fe-52-f3
<12:57:28> [A13C772D][Warning] Cannot load texture ui/font_color.g, Image file format is invalid [File=ui/font_color.g]
<13:00:55> [584C4FFD] [net 17:00:55.781] connection requested to: 192.95.21.64:1239
<13:00:55> [4ABA7BDB] Auth: client disconnected (reason=0)
<13:00:55> [0F08E548] [NetConnection] connect completed (succeeded:true)
<13:00:55> [48F7BDF2] invalid world id in world queue packet
<13:00:56> [9FC303B8][Error] [CVARS]: [DUPLICATE] CXConsole::RegisterFloat(): variable [camera_max_dist] is already registered
<13:00:56> [26623ECA] ucc info.. 0 0
<13:00:56> [B71BF2A9] remove ucc data.. version
<13:00:56> [4516816D] pay method: person
<13:00:56> [4AA30841] pay location: person
<13:00:56> [ADF1C07E] pay start: 1900-1-1 00:00:00
<13:00:56> [6486A277] pay end: 1900-1-1 00:00:00
<13:00:56> [FFF6198C] premium point: 0
<13:00:56> [481C0862] premium grade: premium_0
<13:00:56> [88D9AB0C] real pay time: 13117895475200
<13:00:56> [34CCC219] stream: connected to world server
<13:00:56> [06A46B5B] stream: authorized by world server
<13:00:56> [4516816D] pay method: person
<13:00:56> [4AA30841] pay location: person
<13:00:56> [ADF1C07E] pay start: 1900-1-1 00:00:00
<13:00:56> [6486A277] pay end: 2037-12-31 16:00:00
<13:00:56> [FFF6198C] premium point: 0
<13:00:56> [481C0862] premium grade: premium_0
<13:00:56> [88D9AB0C] real pay time: -1
<13:00:56> [82321C2B][Warning] [net 17:00:56.570] [time] remote time estimation restarted; estimate accumulator age was 279870.625000
<13:00:58> [637AF710][Warning] missing chr material : game/objects/characters/warborn/female/parts/ar/obj/wa_f_ar_leather181.mtl (chr: game/objects/characters/warborn/female/parts/ar/obj/wa_f_1ac014_1ar117_2ar602_2arm004_2bt005_2pv002.chr)
<13:00:58> [000004EE][Warning] [Lua Error] no localized ui text for 18 always_refund
<13:00:58> [09F46B9D]     cl_fov = 90 []
<13:00:58> [09F46B9D]     camera_max_dist = 180 []
<13:00:58> [09F46B9D]     name_tag_hp_width_on_bgmode = 80 []
<13:00:58> [09F46B9D]     name_tag_hp_height_on_bgmode = 30 []
<13:00:58> [A13C772D][Warning] Cannot load texture ui/font_color.g, Image file format is invalid [File=ui/font_color.g]
<13:00:58> [06E6A3E9][Warning] Cannot load texture ui/login_stage/queue.dds, file missing [File=ui/login_stage/queue.dds]
<13:00:58> [000004EE][Warning] RenderMesh not assigned game/objects/box_nodraw.cgf
<13:01:05> [DA579B6C][Error] can't load client driven connect info.. Kompy
<13:01:10> [9FC303B8][Error] [CVARS]: [DUPLICATE] CXConsole::RegisterFloat(): variable [ui_double_click_interval] is already registered
<13:01:10> [000004EE][Warning] [Lua Error] no localized ui text for 18 always_refund
<13:01:10> [0DE3FA89][Error] CryAnimation: character-definition creation failed: game/objects/characters/returned/female/nude/re_f.cdf
<13:01:10> [6FF68EA5] SetInstantTime: type 0 time 0
<13:01:10> [6FF68EA5] SetInstantTime: type 1 time 1758635812
<13:01:10> [6FF68EA5] SetInstantTime: type 2 time 1758736008
<13:01:10> [6FF68EA5] SetInstantTime: type 3 time 0
<13:01:10> [6FF68EA5] SetInstantTime: type 4 time 0
<13:01:10> [6FF68EA5] SetInstantTime: type 5 time 0
<13:01:10> [6FF68EA5] SetInstantTime: type 6 time 0
<13:01:10> [6FF68EA5] SetInstantTime: type 7 time 1758710458
<13:01:10> [82321C2B][Warning] [net 17:01:10.853] [time] remote time estimation restarted; estimate accumulator age was 2.690511
<13:01:10> [0E61BD35] ExpeditionMember 20 added
<13:01:10> [0E61BD35] ExpeditionMember 20 added
<13:01:10> [0E61BD35] ExpeditionMember 20 added
<13:01:10> [0E61BD35] ExpeditionMember 7 added
<13:01:10> [1EBA13B3][Warning] count not matched; total=136; size=67
<13:01:10> [966861E8][Warning] GetAllPolicies empty
<13:01:10> [67B7DD8A][Warning] my ExpeditionMemberDesc not exist
<13:01:10> [7AB931CE] seamless unloading cell object(W0, 0), (L0, 0)
<13:01:10> [4B1E8B22] unload cell object count : 1511
<13:01:10> [B866A294] seamless unloading cell terrain(W0, 0), (L0, 0)
<13:01:10> [963385F6] Level System - Loading Start
<13:01:11> [E0E0EDAE][Warning] failed to load zone time of day from game/worlds/main_world/zone/225//time_of_day.xml
<13:01:11> [AB17243B][Warning] failed to load zone environment from game/worlds/main_world/zone/309//env.xml
<13:01:11> [35D4413E][Warning] failed to load zone clouds from game/worlds/main_world/zone/309//clouds.xml
<13:01:11> [806B6F8D] precaching world entities ..
<13:01:11> [7E39E0DE] precaching world entities .. done!  total (1778) objects
<13:01:11> [D2B280D6] Vegetation Manager : Loading World(main_world)
<13:01:11> [075AB92F] Vegetation Manager : Loading World - Done (total 3055 vegetations)
<13:01:11> [000004EE][Error] CTerrain::LoadWorldSurfaces: Error loading material: materials/Terrain/gweonidforest/w_forest_road_a1
<13:01:12> [59CBED13][Warning] Cannot load texture textures/aa_terrain/canyon/tr_canyon_rock3d_405a_ddn.dds, file missing [File=textures/aa_terrain/canyon/tr_canyon_rock3d_405a_ddn.dds]
<13:01:12> [751FFB9E][Warning] Error: CShaderMan::mfCreateShaderResources: Couldn't find detail texture
'game/textures/aa_terrain/canyon/tr_canyon_rock_616a_ddn.tga' in path '' [File=game/textures/aa_terrain/canyon/tr_canyon_rock_616a_ddn.tga]
<13:01:12> [B9410AA1] total 600 terrain world surfaces loaded
<13:01:12> [280A47E3] Precached total 4 materials
<13:01:12> [7B1A973B] seamless loading cell terrain(W16, 8), (L4, 4)
<13:01:12> [7B1A973B] seamless loading cell terrain(W16, 9), (L4, 5)
<13:01:12> [7B1A973B] seamless loading cell terrain(W15, 8), (L3, 4)
<13:01:12> [7B1A973B] seamless loading cell terrain(W15, 9), (L3, 5)
<13:01:12> [7B1A973B] seamless loading cell terrain(W17, 8), (L5, 4)
<13:01:12> [7B1A973B] seamless loading cell terrain(W17, 9), (L5, 5)
<13:01:12> [7B1A973B] seamless loading cell terrain(W16, 7), (L4, 3)
<13:01:12> [7B1A973B] seamless loading cell terrain(W16, 10), (L4, 6)
<13:01:12> [7B1A973B] seamless loading cell terrain(W15, 7), (L3, 3)
<13:01:12> [7B1A973B] seamless loading cell terrain(W17, 7), (L5, 3)
<13:01:12> [7B1A973B] seamless loading cell terrain(W15, 10), (L3, 6)
<13:01:12> [7B1A973B] seamless loading cell terrain(W17, 10), (L5, 6)
<13:01:12> [7B1A973B] seamless loading cell terrain(W14, 8), (L2, 4)
<13:01:12> [7B1A973B] seamless loading cell terrain(W14, 9), (L2, 5)
<13:01:12> [7B1A973B] seamless loading cell terrain(W18, 8), (L6, 4)
<13:01:12> [7B1A973B] seamless loading cell terrain(W18, 9), (L6, 5)
<13:01:12> [7B1A973B] seamless loading cell terrain(W14, 7), (L2, 3)
<13:01:12> [7B1A973B] seamless loading cell terrain(W16, 6), (L4, 2)
<13:01:12> [7B1A973B] seamless loading cell terrain(W14, 10), (L2, 6)
<13:01:12> [7B1A973B] seamless loading cell terrain(W18, 7), (L6, 3)
<13:01:12> [7B1A973B] seamless loading cell terrain(W15, 6), (L3, 2)
<13:01:12> [7B1A973B] seamless loading cell terrain(W16, 11), (L4, 7)
<13:01:12> [7B1A973B] seamless loading cell terrain(W18, 10), (L6, 6)
<13:01:12> [7B1A973B] seamless loading cell terrain(W17, 6), (L5, 2)
<13:01:12> [7B1A973B] seamless loading cell terrain(W15, 11), (L3, 7)
<13:01:12> [7B1A973B] seamless loading cell terrain(W17, 11), (L5, 7)
<13:01:12> [7B1A973B] seamless loading cell terrain(W13, 8), (L1, 4)
<13:01:12> [7B1A973B] seamless loading cell terrain(W13, 9), (L1, 5)
<13:01:12> [7B1A973B] seamless loading cell terrain(W14, 6), (L2, 2)
<13:01:12> [7B1A973B] seamless loading cell terrain(W19, 8), (L7, 4)
<13:01:12> [7B1A973B] seamless loading cell terrain(W19, 9), (L7, 5)
<13:01:12> [7B1A973B] seamless loading cell terrain(W14, 11), (L2, 7)
<13:01:12> [7B1A973B] seamless loading cell terrain(W18, 6), (L6, 2)
<13:01:12> [7B1A973B] seamless loading cell terrain(W13, 7), (L1, 3)
<13:01:12> [7B1A973B] seamless loading cell terrain(W13, 10), (L1, 6)
<13:01:12> [7B1A973B] seamless loading cell terrain(W18, 11), (L6, 7)
<13:01:12> [7B1A973B] seamless loading cell terrain(W19, 7), (L7, 3)
<13:01:12> [7B1A973B] seamless loading cell terrain(W16, 5), (L4, 1)
<13:01:12> [7B1A973B] seamless loading cell terrain(W19, 10), (L7, 6)
<13:01:12> [7B1A973B] seamless loading cell terrain(W15, 5), (L3, 1)
<13:01:12> [7B1A973B] seamless loading cell terrain(W17, 5), (L5, 1)
<13:01:12> [7B1A973B] seamless loading cell terrain(W13, 6), (L1, 2)
<13:01:12> [7B1A973B] seamless loading cell terrain(W13, 11), (L1, 7)
<13:01:12> [7B1A973B] seamless loading cell terrain(W14, 5), (L2, 1)
<13:01:12> [7B1A973B] seamless loading cell terrain(W12, 8), (L0, 4)
<13:01:12> [7B1A973B] seamless loading cell terrain(W19, 6), (L7, 2)
<13:01:12> [7B1A973B] seamless loading cell terrain(W12, 9), (L0, 5)
<13:01:12> [3EF08C47] seamless loading cell object(W16, 8), (L4, 4)
<13:01:12> [000004EE][Warning] [CGF Error] game/objects/env/02_harihara/01_ma/ma_top05.cgf [:] non-uniform scale(0.70, 1.00, 0.70) at node(Box11)
<13:01:12> Loading Particle Library: X2_EFFECTS_P
<13:01:12> Loading Particle Library: x2_sounds
<13:01:12> [3EF08C47] seamless loading cell object(W16, 9), (L4, 5)
<13:01:12> [3EF08C47] seamless loading cell object(W15, 8), (L3, 4)
<13:01:12> [3EF08C47] seamless loading cell object(W15, 9), (L3, 5)
<13:01:12> [3EF08C47] seamless loading cell object(W17, 8), (L5, 4)
<13:01:13> [A5DDEC33][Warning] Warning: CShaderMan::mfForName: NULL name
<13:01:13> [CF2CE049][Warning] CMTSafeHeap::m_pBigPool is full. (6031863, MemoryBlock)
<13:01:13> [3EF08C47] seamless loading cell object(W17, 9), (L5, 5)
<13:01:13> [3EF08C47] seamless loading cell object(W16, 7), (L4, 3)
<13:01:13> [000004EE][Warning] [CGF Error] game/objects/env/01_nuia/001_housing/housing_people/hs_people_roof_a.cgf [:] Duplicate LOD helper $lod2 hs_people_roof_a
<13:01:13> [3EF08C47] seamless loading cell object(W16, 10), (L4, 6)
<13:01:13> [3EF08C47] seamless loading cell object(W15, 7), (L3, 3)
<13:01:13> [3EF08C47] seamless loading cell object(W17, 7), (L5, 3)
<13:01:13> [3EF08C47] seamless loading cell object(W15, 10), (L3, 6)
<13:01:13> [3EF08C47] seamless loading cell object(W17, 10), (L5, 6)
<13:01:13> [3EF08C47] seamless loading cell object(W14, 8), (L2, 4)
<13:01:13> [3EF08C47] seamless loading cell object(W14, 9), (L2, 5)
<13:01:13> [3EF08C47] seamless loading cell object(W18, 8), (L6, 4)
<13:01:13> [000004EE][Warning] [CGF Error] game/objects/env/02_harihara/001_hcom/hcom_cart_b.cgf [:] LOD1 of geometry hcom_cart_b contains too many polygons comparing to the LOD0 [770 against 1114] :
<13:01:13> [3EF08C47] seamless loading cell object(W18, 9), (L6, 5)
<13:01:13> [3EF08C47] seamless loading cell object(W14, 7), (L2, 3)
<13:01:14> [3EF08C47] seamless loading cell object(W16, 6), (L4, 2)
<13:01:14> [3EF08C47] seamless loading cell object(W14, 10), (L2, 6)
<13:01:14> [3EF08C47] seamless loading cell object(W18, 7), (L6, 3)
<13:01:14> [3EF08C47] seamless loading cell object(W15, 6), (L3, 2)
<13:01:14> [12409CCC] Load Zone Finished
<13:01:14> [000004EE][Warning] I3DEngine::RegisterEntity: entity reports invalid position: Name: LightEntityName (), Class: LightEntityClass, Pos=(657.3,7976.0,585.4), aabb center=(142.0,1019.8,-2.3)
<13:01:14> [188BF914][Warning] [EntityLoader] invalid entity pos(1172.249, 2147.883, 0.000) name(AAC_Mahadevi_Ext_1)
<13:01:14> [82321C2B][Warning] [net 17:01:14.440] [time] remote time estimation restarted; estimate accumulator age was 3.541341
<13:01:14> [7F89A202][Warning] AI: Warning: AIPoint is not inside Navigation Modifier. pos(4445.1, 5007.6, 114.4)
<13:01:14> [CE0EF930][Warning] failed to stream cgf : objects/env/05_nature/08_cry_source/rocks/road_rocks/road_rocks_flat_grey_a.cgf
<13:01:14> [2363981C][Warning] chr material is not precached : game/objects/env/02_harihara/01_ma/ma_crane_b.mtl (chr: game/objects/env/02_harihara/01_ma/ma_crane_b.chr)
<13:01:14> [CE2F4035][Warning] chr physical geom is not precached. (game/objects/env/02_harihara/01_ma/ma_crane_b.chr)
<13:01:14> [A4D70365][Warning] rigid-body own-entity; prefab=Prefabs/interaction.xml/toy.crane node=AnimObject_1
<13:01:14> [5CE4EF2C][Warning] failed to load particle lib from (Libs/Particles/game/abillity_skill_table_m.xml)
<13:01:14> [000004EE][Warning] Particle effect not found: 'game/abillity_skill_table_m.wild.shock_form2', from unknown 
<13:01:14> [2BFDEC33][Error] realstep 8, not match unit req
<13:01:14> [A39C1725] Level System - Loading Complete
<13:01:14> [9BE3F673] total 0 CGF files are precached
<13:01:14> [27293DED] -----------------------------------------------------
<13:01:14> [120C18F5] * LOADING: 'e_sunrise_peninsula_2' loading time: 3.95 seconds
<13:01:14> [27293DED] -----------------------------------------------------
<13:01:14> [000004EE][Warning] Independent immortal particle effect spawned: X2_EFFECT_O.Interaction.enchant_wpn_range_honor_3g
<13:01:15> [62232BEA][Warning] deferred xml stream error - game/animations/animals/owl_postman/lmg_files/normal_run.lmg : f0000003
<13:01:15> [745BAE2F][Warning] failed to stream material xml(game/objects/characters/animals/owl_postman/aaa_picking.mtl)
<13:01:15> [637AF710][Warning] missing chr material : game/objects/env/06_unit/01_ship/w_middleship/galleon_01.mtl (chr: game/objects/env/06_unit/01_ship/w_middleship/w_middleship_sail_a.chr)
<13:01:15> [5132FEDE][Warning] invalid attached position(-0.00, 21.44, 6.09)
<13:01:15> [1CCD372E][Warning] WARNING: Trying to play a sound at (0,0,0) position in the entity Enoan Double Square Rig: Sample (prefab_unit). Entity may not be initialized correctly! 
<13:01:16> [000004EE][Warning] [CGF Error] game/objects/env/01_nuia/001_ndeco/making/ndeco_powerfulmaking.cga [:] LOD1 of geometry parts01 contains too many polygons comparing to the LOD0 [1592 against 1130] :
<13:01:16> [22545D91][Warning] Cannot load texture game/objects/env/03_origin_continent/22_dew_plains/dummy_middletree_df.dds, file missing [File=game/objects/env/03_origin_continent/22_dew_plains/dummy_middletree_df.dds]
<13:01:16> [DD6CD685][Warning] grand child physical proxy is not supported. grandpa(Lutesong Junk), dad(prefab_doodad_model_196273_prefab://Prefabs/galleon.xml/galleon.galleon_helms), child(galleon_helms_1)
<13:01:16> [5243B464][Warning] Error: CShaderMan::mfCreateShaderResources: Couldn't find subsurface texture 'objects/characters/ferre/female/face/face01/fe_f_face01_fur_sss.dds' in path '' [File=objects/characters/ferre/female/face/face01/fe_f_face01_fur_sss.dds]
<13:01:16> [CA175C82][Warning] non-stream IO. system(Material), filePath(game/objects/characters/hariharan/female/hair/ha_f_hair001/ha_f_hair001.mtl)
<13:01:17> [000004EE][Warning] [CGF Error] game/objects/env/06_unit/06_glider/glider_wing_crystal/glider_wing_crystal_back.cgf [:] LOD1 of geometry  contains too many polygons comparing to the LOD0 [2720 against 4064] :
<13:01:17> [2363981C][Warning] chr material is not precached : game/objects/characters/ferre/female/costume/fe_f_sk_metalpriest001/fe_f_sk_metalpriest001_h.mtl (chr: game/objects/characters/ferre/female/costume/fe_f_sk_metalpriest001/fe_f_sk_metalpriest001_h.chr)
<13:01:17> [09F46B9D]     cl_fov = 90 []
<13:01:17> [09F46B9D]     camera_max_dist = 180 []
<13:01:17> [09F46B9D]     name_tag_hp_width_on_bgmode = 80 []
<13:01:17> [09F46B9D]     name_tag_hp_height_on_bgmode = 30 []
<13:01:17> [000004EE][Warning] [Lua Error] Failed to load script file scriptsbin/x2ui/assignment/form.alb
<13:01:17> [A13C772D][Warning] Cannot load texture ui/font_color.g, Image file format is invalid [File=ui/font_color.g]
<13:01:17> [B5A61D8F] Chat Channel(0) Color is not found.
<13:01:17> [000004EE][Warning] [Lua Error] ...ts/x2ui/loginstage/character_create/locale/en_us.lua:524: attempt to index a nil value
<13:01:17> [58F3F7FF][Warning] <null>:0: [Lua Error] Failed to execute file @game/scriptsbin/x2ui/loginstage/character_create/locale/en_us.alb
<13:01:18> [000004EE][Warning] [Lua] invalid style type...  / brown
<13:01:18> [82321C2B][Warning] [net 17:01:18.493] [time] remote time estimation restarted; estimate accumulator age was 1.021931
<13:01:18> [745BAE2F][Warning] failed to stream material xml(game/objects/characters/ferre/female/nude/fe_f_blan01.mtl)
<13:01:18> [BCCDC555][Warning] MakeSprite - too many sprite update (10). dropping.. (sprites : 31)
<13:01:18> Loading Particle Library: ljs_particle_fx
<13:01:19> [637AF710][Warning] missing chr material : game/objects/characters/warborn/female/parts/cp/obj/03 - Default.mtl (chr: game/objects/characters/warborn/female/parts/cp/obj/wa_f_1cp101.chr)
<13:01:19> [000004EE][Warning] Independent immortal particle effect spawned: X2_EFFECT_O.Interaction.enchant_wpn_range_honor_3g
<13:01:20> [A4D70365][Warning] rigid-body own-entity; prefab=prefabs/interaction_b.xml/quest.ferre_flag node=AnimObject17
<13:01:20> [04FA8364][Warning] Cannot load texture game/objects/characters/nuian/male/hair/hair_texture/, file missing [File=game/objects/characters/nuian/male/hair/hair_texture/]
<13:01:21> [F724A392][Error] CryAnimation:: Trying to load animation with alias "fist_ba_relaxed_idle_rand_2" from file "animations/monster/pet_agathion/fist/fist_ba_relaxed_idle_rand.caf" into the animation container. Such animation alias already exists and uses file "animations/monster/pet_agathion/fist/fist_ba_relaxed_idle_rand_2.caf". Please use another animation alias.
<13:01:23> [CA175C82][Warning] non-stream IO. system(Material), filePath(game/materials/decals/footstep_sand.mtl)
<13:01:23> [E5DF1C60][Warning] XML parser: Buffer is null. (data size: 0)
<13:01:23> [C3348E9C][Warning] Failed to stream facial sequence (game/animations/nuian/female/facial/twohand_re_combat_hit.fsq)
<13:01:25> [CE0EF930][Warning] failed to stream cgf : default
<13:01:25> [745BAE2F][Warning] failed to stream material xml(game/objects/env/01_nuia/001_ndeco/ndeco_backpack_fertilizer.mtl)
<13:01:30> [000004EE][Warning] [CGF Error] game/objects/item/sword_1h/sword_1h_53_1/sword_1h_53_1.cgf [:] LOD1 of geometry  contains too many polygons comparing to the LOD0 [1196 against 1350] :
<13:01:30> [CA175C82][Warning] non-stream IO. system(Material), filePath(game/materials/decals/default.mtl)
<13:01:31> [745BAE2F][Warning] failed to stream material xml(game/objects/env/03_origin_continent/001_odeco/ndeco_backpack_nuia_h.mtl)
<13:01:32> [000004EE][Warning] Independent immortal particle effect spawned: X2_EFFECT_O.Interaction.enchant_wpn_range_honor_3g
<13:01:32> [1CCD372E][Warning] WARNING: Trying to play a sound at (0,0,0) position in the entity Growling Zephyr Square Foresail: Celestial (prefab_unit). Entity may not be initialized correctly! 
<13:01:32> [CE0EF930][Warning] failed to stream cgf : default
<13:01:36> [745BAE2F][Warning] failed to stream material xml(game/objects/characters/hariharan/female/parts/ar/obj/ha_f_ar_cloth048.mtl)
<13:01:36> [637AF710][Warning] missing chr material : game/objects/characters/hariharan/female/parts/ar/obj/ha_f_ar_cloth048.mtl (chr: game/objects/characters/hariharan/female/parts/ar/obj/ha_f_1ar110_1arm010.chr)
<13:01:37> [7B1A973B] seamless loading cell terrain(W18, 5), (L6, 1)
<13:01:38> [B95EE41B][Error] invalid parent unit id(125285)
<13:01:38> [000004EE][Warning] Independent immortal particle effect spawned: X2_EFFECT_O.Interaction.enchant_wpn_range_honor_3g
<13:01:42> [745BAE2F][Warning] failed to stream material xml(game/objects/characters/warborn/female/parts/bo/obj/wa_f_bo_cloth168.mtl)
<13:01:42> [637AF710][Warning] missing chr material : game/objects/characters/warborn/female/parts/bo/obj/wa_f_bo_cloth168.mtl (chr: game/objects/characters/warborn/female/parts/bo/obj/wa_f_1bo703.chr)
<13:01:42> [CA175C82][Warning] non-stream IO. system(Material), filePath(game/objects/characters/warborn/female/horns/wa_f_horns011/wa_f_horns011_hc02.mtl)
<13:01:50> [CE0EF930][Warning] failed to stream cgf : default
<13:01:50> [63ABB424][Warning] Facial sequence "fist_ba_combat_idle_rand_2" not listed in CAL file for character "game/objects/characters/hariharan/female/nude/ha_f_base.chr".
<13:01:58> [63ABB424][Warning] Facial sequence "fist_ba_combat_idle_rand_2" not listed in CAL file for character "game/objects/characters/hariharan/female/nude/ha_f_base.chr".
<13:01:59> [E5DF1C60][Warning] XML parser: Buffer is null. (data size: 0)
<13:01:59> [C3348E9C][Warning] Failed to stream facial sequence (game/animations/nuian/female/facial/fist_em_worship.fsq)
<13:02:05> [63ABB424][Warning] Facial sequence "fist_ba_combat_idle_rand_4" not listed in CAL file for character "game/objects/characters/hariharan/female/nude/ha_f_base.chr".
<13:02:07> [000004EE][Warning] Particle effect not found: 'game/abillity_skill_table_m.death.crow_summon_throw', from unknown 
<13:02:08> [7CE2B2CC] DrawRayOnGrid, dir.x(-4495.3), dir.y(-5029.8)
<13:02:08> [7CE2B2CC] DrawRayOnGrid, dir.x(-4495.3), dir.y(-5029.8)
<13:02:08> [A4D70365][Warning] rigid-body own-entity; prefab=Prefabs/interaction.xml/toy.crane node=AnimObject_1
<13:02:09> [CE0EF930][Warning] failed to stream cgf : default
<13:02:14> [B95EE41B][Error] invalid parent unit id(41454)
<13:02:14> [745BAE2F][Warning] failed to stream material xml(game/objects/characters/ferre/female/nude/fe_f_brop01.mtl)
<13:02:14> [637AF710][Warning] missing chr material : game/objects/characters/ferre/female/parts/hm/obj/fe_f_hm_leather179.mtl (chr: game/objects/characters/ferre/female/parts/hm/obj/fe_f_2hm109.chr)
<13:02:15> [63ABB424][Warning] Facial sequence "fist_ba_combat_idle_rand_1" not listed in CAL file for character "game/objects/characters/hariharan/female/nude/ha_f_base.chr".
<13:02:19> [B95EE41B][Error] invalid parent unit id(123249)
<13:02:20> [745BAE2F][Warning] failed to stream material xml(game/objects/characters/monster/polarbear/Material #46.mtl)
<13:02:20> [637AF710][Warning] missing chr material : game/objects/characters/monster/polarbear/Material #46.mtl (chr: game/objects/characters/monster/polarbear/polarbear_rider.chr)
<13:02:23> [2363981C][Warning] chr material is not precached : game/objects/characters/warborn/female/costume/wa_f_sk_lucius001/wa_f_sk_lucius001_h.mtl (chr: game/objects/characters/warborn/female/costume/wa_f_sk_lucius001/wa_f_sk_lucius001_h.chr)
<13:02:23> [CA175C82][Warning] non-stream IO. system(Material), filePath(game/objects/characters/warborn/female/costume/wa_f_sk_lucius001/wa_f_sk_lucius001_h.mtl)
<13:02:23> [000004EE][Warning] Independent immortal particle effect spawned: X2_EFFECT_O.Interaction.enchant_wpn_range_honor_3g
<13:02:24> Loading Particle Library: X2_EFFECTS_C1
<13:02:24> [000004EE][Warning] Particle effect not found: 'X2_EFFECTS_C1.Glider.Crystal_Wing.wing_start1', from unknown 
<13:02:24> [A181AEBC][Warning] Anim events cannot find effect "X2_EFFECTS_C1.Glider.Crystal_Wing.wing_start1", requested by animation "animations/env/glider_wing_crystal/fist_ac_gliding_start.caf".
<13:02:29> [B95EE41B][Error] invalid parent unit id(73543)
<13:02:52> [B95EE41B][Error] invalid parent unit id(41454)
<13:02:52> [745BAE2F][Warning] failed to stream material xml(game/objects/characters/ferre/female/nude/fe_f_brop01.mtl)
<13:02:54> [63ABB424][Warning] Facial sequence "fist_ac_whistle" not listed in CAL file for character "game/objects/characters/warborn/female/nude/wa_f_base.chr".
<13:02:54> Loading Particle Library: X2_EFFECT_KSW
<13:03:05> [B95EE41B][Error] invalid parent unit id(105724)
<13:03:05> [745BAE2F][Warning] failed to stream material xml(game/objects/characters/ferre/female/hair/fe_f_hair007/fe_f_hair007_hm_type3_brop01.mtl)
<13:03:05> [637AF710][Warning] missing chr material : game/objects/characters/ferre/female/parts/cp/obj/fe_f_cp_leather002.mtl (chr: game/objects/characters/ferre/female/parts/cp/obj/fe_f_1cp113.chr)
<13:03:06> [000004EE][Warning] [CGF Error] game/objects/item/ins_w/ins_w_festival05/ins_w_festival05.cgf [:] LOD1 of geometry  contains too many polygons comparing to the LOD0 [776 against 1122] :
<13:03:06> [F1F7138F][Warning] Cannot load texture game/objects/item/staff_1h/staff_1h_ean_2/staff_1h_ean_2_ddn.dds, file missing [File=game/objects/item/staff_1h/staff_1h_ean_2/staff_1h_ean_2_ddn.dds]
<13:03:06> [CE0EF930][Warning] failed to stream cgf : game/objects/env/05_nature/08_cry_source/rocks/road_rocks/road_rocks_flat_grey_c.cgf
<13:03:21> [B95EE41B][Error] invalid parent unit id(69261)
<13:03:21> [63ABB424][Warning] Facial sequence "all_re_combat_hit_l" not listed in CAL file for character "game/objects/characters/hariharan/female/nude/ha_f_base.chr".
<13:03:24> [000004EE][Warning] Particle effect not found: 'game/abillity_skill_table_m.death.death_trick_launch', from unknown 
<13:03:24> [745BAE2F][Warning] failed to stream material xml(game/objects/characters/ferre/female/parts/cp/cloth/cp_cloth017/fe_f_cp_cloth017_blan01.mtl)
<13:03:24> [637AF710][Warning] missing chr material : game/objects/characters/ferre/female/parts/ar/obj/fe_f_ar_leather203.mtl (chr: game/objects/characters/ferre/female/parts/ar/obj/fe_f_1ar602_1arm006_1bt001_3ar101_3sh004.chr)
<13:03:27> [CA175C82][Warning] non-stream IO. system(Material), filePath(game/objects/characters/warborn/female/horns/wa_f_horns013/wa_f_horns013_hc02.mtl)
<13:03:29> [000004EE][Warning] Independent immortal particle effect spawned: X2_EFFECT_O.Interaction.enchant_wpn_range_honor_2g
<13:03:32> [745BAE2F][Warning] failed to stream material xml(game/materials/effects/fume_h_ssd.mtl)
<13:03:37> [E407C037][Warning] Cannot load texture game/objects/characters/texture/cp/nu_m_cp_cloth045_df.dds, file missing [File=game/objects/characters/texture/cp/nu_m_cp_cloth045_df.dds]
<13:03:37> [637AF710][Warning] missing chr material : game/objects/characters/ferre/male/parts/ar/obj/fe_m_ar_metal166.mtl (chr: game/objects/characters/ferre/male/parts/ar/obj/fe_m_1ac016_1arm030_3ar902_3arm006_3bt008_3eb001_3pv003_3sh024.chr)
<13:03:39> [745BAE2F][Warning] failed to stream material xml(game/objects/characters/ferre/male/parts/bo/leather/bo_leather167/fe_m_bo_leather167_brop01.mtl)
<13:03:42> [63ABB424][Warning] Facial sequence "all_re_combat_hit_l" not listed in CAL file for character "game/objects/characters/hariharan/female/nude/ha_f_base.chr".
<13:03:45> [B95EE41B][Error] invalid parent unit id(41454)
<13:03:46> [E5DF1C60][Warning] XML parser: Buffer is null. (data size: 0)
<13:03:46> [C3348E9C][Warning] Failed to stream facial sequence (game/animations/nuian/female/facial/fist_em_worship.fsq)
<13:03:55> [000004EE][Warning] Independent immortal particle effect spawned: X2_EFFECT_O.Interaction.enchant_wpn_range_honor_3g
<13:04:13> [CE0EF930][Warning] failed to stream cgf : objects/effects/portal_gate.cgf
<13:04:14> [745BAE2F][Warning] failed to stream material xml(game/objects/env/06_unit/06_glider/glider_sloth/glider_sloth_brop02.mtl)
<13:04:16> [637AF710][Warning] missing chr material : game/objects/characters/hariharan/male/parts/bo/obj/ha_m_bo_metal216.mtl (chr: game/objects/characters/hariharan/male/parts/bo/obj/ha_m_4bo902.chr)
<13:04:18> [A181AEBC][Warning] Anim events cannot find effect "X2_EFFECTS_C1.Glider.Crystal_Wing.wing_start1", requested by animation "animations/env/glider_wing_crystal/fist_ac_gliding_start.caf".
<13:04:23> [745BAE2F][Warning] failed to stream material xml(game/objects/effects/ksw_effect/qilin.mtl)
<13:04:30> [B95EE41B][Error] invalid parent unit id(68615)
<13:04:36> [CE0EF930][Warning] failed to stream cgf : objects/effects/portal_gate.cgf
<13:04:39> [B95EE41B][Error] invalid parent unit id(75758)
<13:04:40> [000004EE][Warning] [Lua] invalid style type...  / brown
<13:04:41> [63ABB424][Warning] Facial sequence "fist_ac_whistle" not listed in CAL file for character "game/objects/characters/ferre/female/nude/fe_f_base.chr".
<13:04:44> [B95EE41B][Error] invalid parent unit id(75758)
<13:04:50> [B95EE41B][Error] invalid parent unit id(70164)
<13:04:51> [745BAE2F][Warning] failed to stream material xml(game/objects/characters/warborn/female/parts/bo/obj/wa_f_bo_cloth168.mtl)
<13:04:51> [637AF710][Warning] missing chr material : game/objects/characters/warborn/female/parts/bo/obj/wa_f_bo_cloth168.mtl (chr: game/objects/characters/warborn/female/parts/bo/obj/wa_f_1bo703.chr)
<13:04:51> [CA175C82][Warning] non-stream IO. system(Material), filePath(game/objects/characters/warborn/female/horns/wa_f_horns010/wa_f_horns010_hc01.mtl)
<13:04:54> [A181AEBC][Warning] Anim events cannot find effect "X2_EFFECTS_C1.Glider.Crystal_Wing.wing_start1", requested by animation "animations/env/glider_wing_crystal/fist_ac_gliding_start.caf".
<13:04:56> [B95EE41B][Error] invalid parent unit id(88641)
<13:04:56> [000004EE][Warning] Particle effect not found: 'X2_EFFECTS_C1.Glider.Crystal_Wing.wing_end1', from unknown 
<13:04:58> [000004EE][Warning] Independent immortal particle effect spawned: X2_EFFECT_O.Interaction.enchant_wpn_range_honor_3g
<13:05:00> [000004EE][Warning] [CGF Error] game/objects/item/blade_2h/blade_2h_monster/blade_2h_docheol_3/blade_2h_docheol_3.cgf [:] LOD1 of geometry  contains too many polygons comparing to the LOD0 [1900 against 2652] :
<13:05:01> [A181AEBC][Warning] Anim events cannot find effect "X2_EFFECTS_C1.Glider.Crystal_Wing.wing_start1", requested by animation "animations/env/glider_wing_crystal/fist_ac_gliding_start.caf".
<13:05:05> [B95EE41B][Error] invalid parent unit id(88641)
<13:05:07> [A181AEBC][Warning] Anim events cannot find effect "X2_EFFECTS_C1.Glider.Crystal_Wing.front_trail1", requested by animation "animations/env/glider_wing_crystal/fist_ac_gliding_front.caf".
<13:05:12> [000004EE][Warning] Particle effect not found: 'X2_EFFECTS_C1.Glider.Crystal_Wing.front_trail_idle', from unknown 
<13:05:14> [745BAE2F][Warning] failed to stream material xml(game/objects/characters/ferre/female/nude/fe_f_brop01.mtl)
<13:05:14> [637AF710][Warning] missing chr material : game/objects/characters/ferre/female/parts/cp/obj/fe_f_cp_leather002.mtl (chr: game/objects/characters/ferre/female/parts/cp/obj/fe_f_1cp113.chr)
<13:05:14> [CE0EF930][Warning] failed to stream cgf : objects/effects/portal_gate.cgf
<13:05:19> [745BAE2F][Warning] failed to stream material xml(game/materials/effects/fume_h_ssd.mtl)
<13:05:20> [63ABB424][Warning] Facial sequence "fist_ac_whistle" not listed in CAL file for character "game/objects/characters/warborn/female/nude/wa_f_base.chr".
<13:05:23> [A181AEBC][Warning] Anim events cannot find effect "X2_EFFECTS_C1.Glider.Crystal_Wing.wing_start1", requested by animation "animations/env/glider_wing_crystal/fist_ac_gliding_start.caf".
<13:05:25> [B95EE41B][Error] invalid parent unit id(70164)
<13:05:30> [A181AEBC][Warning] Anim events cannot find effect "X2_EFFECTS_C1.Glider.Crystal_Wing.wing_start1", requested by animation "animations/env/glider_wing_crystal/fist_ac_gliding_start.caf".
<13:05:37> [A181AEBC][Warning] Anim events cannot find effect "X2_EFFECTS_C1.Glider.Crystal_Wing.wing_start1", requested by animation "animations/env/glider_wing_crystal/fist_ac_gliding_start.caf".
<13:05:49> [A181AEBC][Warning] Anim events cannot find effect "X2_EFFECTS_C1.Glider.Crystal_Wing.wing_start1", requested by animation "animations/env/glider_wing_crystal/fist_ac_gliding_start.caf".
<13:05:52> [B95EE41B][Error] invalid parent unit id(95129)
<13:05:52> [745BAE2F][Warning] failed to stream material xml(game/objects/characters/hariharan/female/parts/bo/obj/ha_f_bo_cloth168.mtl)
<13:05:52> [637AF710][Warning] missing chr material : game/objects/characters/hariharan/female/parts/bo/obj/ha_f_bo_cloth168.mtl (chr: game/objects/characters/hariharan/female/parts/bo/obj/ha_f_1bo703.chr)
<13:05:52> [000004EE][Warning] Independent immortal particle effect spawned: X2_EFFECT_O.Interaction.enchant_wpn_range_honor_3g
<13:05:58> [000004EE][Warning] Independent immortal particle effect spawned: X2_EFFECT_O.Interaction.enchant_wpn_range_honor_3g
<13:06:06> [2363981C][Warning] chr material is not precached : game/objects/characters/warborn/female/costume/wa_f_sk_succubus001/wa_f_sk_succubus001_h.mtl (chr: game/objects/characters/warborn/female/costume/wa_f_sk_succubus001/wa_f_sk_succubus001_h.chr)
<13:06:06> [CA175C82][Warning] non-stream IO. system(Material), filePath(game/objects/characters/warborn/female/costume/wa_f_sk_succubus001/wa_f_sk_succubus001_h.mtl)
<13:06:07> [B95EE41B][Error] invalid parent unit id(95129)
<13:06:10> [A13C772D][Warning] Cannot load texture ui/font_color.g, Image file format is invalid [File=ui/font_color.g]
<13:06:12> [63ABB424][Warning] Facial sequence "fist_ac_whistle" not listed in CAL file for character "game/objects/characters/ferre/female/nude/fe_f_base.chr".
<13:06:13> [B95EE41B][Error] invalid parent unit id(80142)
<13:06:16> [A181AEBC][Warning] Anim events cannot find effect "X2_EFFECTS_C1.Glider.Crystal_Wing.wing_start1", requested by animation "animations/env/glider_wing_crystal/fist_ac_gliding_start.caf".
<13:06:21> [B95EE41B][Error] invalid parent unit id(80142)
<13:06:21> [745BAE2F][Warning] failed to stream material xml(game/objects/characters/ferre/female/nude/fe_f_brop01.mtl)
<13:06:27> [A181AEBC][Warning] Anim events cannot find effect "X2_EFFECTS_C1.Glider.Crystal_Wing.wing_start1", requested by animation "animations/env/glider_wing_crystal/fist_ac_gliding_start.caf".
<13:06:29> [CE0EF930][Warning] failed to stream cgf : objects/effects/portal_gate.cgf
<13:06:32> [745BAE2F][Warning] failed to stream material xml(game/objects/characters/hariharan/female/parts/pt/obj/ha_f_pt_leather179.mtl)
<13:06:32> [637AF710][Warning] missing chr material : game/objects/characters/hariharan/female/parts/pt/obj/ha_f_pt_leather179.mtl (chr: game/objects/characters/hariharan/female/parts/pt/obj/ha_f_1pt003.chr)
<13:06:32> [000004EE][Warning] Independent immortal particle effect spawned: X2_EFFECT_O.Interaction.enchant_wpn_range_honor_3g
<13:06:34> [A181AEBC][Warning] Anim events cannot find effect "X2_EFFECTS_C1.Glider.Crystal_Wing.wing_start1", requested by animation "animations/env/glider_wing_crystal/fist_ac_gliding_start.caf".
<13:06:38> [745BAE2F][Warning] failed to stream material xml(game/objects/characters/hariharan/female/parts/ar/obj/ha_f_ar_cloth168.mtl)
<13:06:38> [637AF710][Warning] missing chr material : game/objects/characters/hariharan/female/parts/ar/obj/ha_f_ar_cloth168.mtl (chr: game/objects/characters/hariharan/female/parts/ar/obj/ha_f_2sh018_5ar204.chr)
<13:06:42> [000004EE][Warning] Particle effect not found: 'game/abillity_skill_table_m.illusion.poison_exp_launch', from unknown 
<13:06:43> [000004EE][Warning] Independent immortal particle effect spawned: X2_EFFECT_O.Interaction.enchant_wpn_range_honor_3g
<13:06:51> [745BAE2F][Warning] failed to stream material xml(game/materials/effects/fume_h_ssd.mtl)
<13:06:57> [745BAE2F][Warning] failed to stream material xml(game/objects/characters/ferre/male/face/fe_m_face00_blup01.mtl)
<13:06:57> [4FC35136][Warning] Cannot load texture game/objects/characters/texture/cp/nu_m_cp_cloth044_df.dds, file missing [File=game/objects/characters/texture/cp/nu_m_cp_cloth044_df.dds]
<13:06:58> [A175B737][Warning] Not a normal map texture tried to be used as a normal map: game/objects/item/aac/all/aa_xmas_staff/aa_xmas_staff_df.dds [File=game/objects/item/aac/all/aa_xmas_staff/aa_xmas_staff_df.dds]
<13:06:58> [000004EE][Warning] [CGF Error] game/objects/item/shield/shield_cathero/shield_cathero.cgf [:] LOD1 of geometry  contains too many polygons comparing to the LOD0 [1454 against 2112] :
<13:06:58> [000004EE][Warning] Independent immortal particle effect spawned: X2_EFFECT_O.Interaction.enchant_wpn_range_honor_3g
<13:07:03> [745BAE2F][Warning] failed to stream material xml(game/objects/effects/ksw_effect/qilin.mtl)
<13:07:04> Loading Particle Library: X2_effect_H
<13:07:04> [CE0EF930][Warning] failed to stream cgf : objects/effects/portal_gate.cgf
<13:07:06> [A181AEBC][Warning] Anim events cannot find effect "X2_EFFECTS_C1.Glider.Crystal_Wing.wing_start1", requested by animation "animations/env/glider_wing_crystal/fist_ac_gliding_start.caf".
<13:07:11> [B95EE41B][Error] invalid parent unit id(125285)
<13:07:13> [745BAE2F][Warning] failed to stream material xml(game/objects/characters/monster/tiger_ride/tiger_ride_yellow/Material #0.mtl)
<13:07:16> [CE0EF930][Warning] failed to stream cgf : objects/effects/portal_gate.cgf
<13:07:18> [B95EE41B][Error] invalid parent unit id(80142)
<13:07:19> [000004EE][Warning] Independent immortal particle effect spawned: X2_EFFECT_O.Interaction.enchant_wpn_range_honor_3g
<13:07:20> [745BAE2F][Warning] failed to stream material xml(game/objects/characters/hariharan/female/parts/bo/obj/ha_f_bo_cloth168.mtl)
<13:07:20> [7705AB91][Warning] Cannot load texture game/objects/characters/nuian/female/hair/nu_f_hair031/nu_f_hair031_ddn.dds, file missing [File=game/objects/characters/nuian/female/hair/nu_f_hair031/nu_f_hair031_ddn.dds]
<13:07:20> [637AF710][Warning] missing chr material : game/objects/characters/hariharan/female/parts/bo/obj/ha_f_bo_cloth168.mtl (chr: game/objects/characters/hariharan/female/parts/bo/obj/ha_f_1bo703.chr)
<13:07:21> [CA175C82][Warning] non-stream IO. system(Material), filePath(game/objects/characters/hariharan/female/hair/ha_f_hair043/ha_f_hair043.mtl)
<13:07:24> [B95EE41B][Error] invalid parent unit id(80142)
<13:07:30> [B95EE41B][Error] invalid parent unit id(80142)
<13:07:41> [CE0EF930][Warning] failed to stream cgf : objects/env/05_nature/08_cry_source/rocks/precipice/landslide_rock_small_d.cgf
<13:07:43> [000004EE][Warning] [CGF Error] game/objects/item/blade_2h/blade_2h_monster/blade_2h_docheol_4/blade_2h_docheol_4.cgf [:] LOD1 of geometry  contains too many polygons comparing to the LOD0 [2486 against 3554] :
<13:07:43> [000004EE][Warning] Independent immortal particle effect spawned: X2_EFFECT_O.Interaction.enchant_wpn_range_honor_3g
<13:07:44> [B95EE41B][Error] invalid parent unit id(125285)
<13:07:45> [745BAE2F][Warning] failed to stream material xml(game/materials/effects/fume_h_ssd.mtl)
<13:07:51> [63ABB424][Warning] Facial sequence "fist_ac_whistle" not listed in CAL file for character "game/objects/characters/warborn/female/nude/wa_f_base.chr".
<13:07:52> [745BAE2F][Warning] failed to stream material xml(game/objects/characters/monster/polarbear/Material #46.mtl)
<13:07:52> [637AF710][Warning] missing chr material : game/objects/characters/monster/polarbear/Material #46.mtl (chr: game/objects/characters/monster/polarbear/polarbear_rider.chr)
<13:07:53> [CE0EF930][Warning] failed to stream cgf : objects/effects/portal_gate.cgf
<13:07:58> [CE0EF930][Warning] failed to stream cgf : objects/effects/portal_gate.cgf
<13:08:03> [BB897B6D][Warning] Cannot load texture 0, file missing [File=0]
<13:08:05> [F724A392][Error] CryAnimation:: Trying to load animation with alias "fist_ba_relaxed_idle_rand_3" from file "animations/animals/horse/fist/fist_ba_relaxed_idle_rand_3.caf" into the animation container. Such animation alias already exists and uses file "animations/animals/horse/fist/fist_ba_relaxed_idle_rand_1.caf". Please use another animation alias.
<13:08:06> [B95EE41B][Error] invalid parent unit id(94770)
<13:08:10> [745BAE2F][Warning] failed to stream material xml(game/objects/effects/ksw_effect/qilin.mtl)
<13:08:10> [CE0EF930][Warning] failed to stream cgf : objects/effects/portal_gate.cgf
<13:08:11> [637AF710][Warning] missing chr material : game/objects/characters/ferre/male/parts/ar/obj/fe_m_ar_cloth168.mtl (chr: game/objects/characters/ferre/male/parts/ar/obj/fe_m_2sh018_5ar204.chr)
<13:08:12> [B95EE41B][Error] invalid parent unit id(94770)
<13:08:18> [745BAE2F][Warning] failed to stream material xml(game/materials/effects/fume_h_ssd.mtl)
<13:08:22> [B95EE41B][Error] invalid parent unit id(51521)
<13:08:26> [646DBCFB][Warning] Animation-queue overflow. More then 17 entries. This is a serious performance problem. game/objects/env/06_unit/06_glider/glider_sloth/glider_sloth_back.chr
<13:08:28> [A181AEBC][Warning] Anim events cannot find effect "X2_EFFECTS_C1.Glider.Crystal_Wing.wing_start1", requested by animation "animations/env/glider_wing_crystal/fist_ac_gliding_start.caf".
<13:08:29> [000004EE][Warning] Independent immortal particle effect spawned: X2_EFFECT_O.Interaction.enchant_wpn_range_honor_3g
<13:08:31> [63ABB424][Warning] Facial sequence "all_re_combat_hit_l" not listed in CAL file for character "game/objects/characters/hariharan/female/nude/ha_f_base.chr".
<13:08:33> [E407C037][Warning] Cannot load texture game/objects/characters/texture/cp/nu_m_cp_cloth045_df.dds, file missing [File=game/objects/characters/texture/cp/nu_m_cp_cloth045_df.dds]
<13:08:41> [B95EE41B][Error] invalid parent unit id(127124)
<13:08:41> [000004EE][Warning] Independent immortal particle effect spawned: X2_EFFECT_O.Interaction.enchant_wpn_range_honor_3g
<13:08:46> [A181AEBC][Warning] Anim events cannot find effect "X2_EFFECTS_C1.Glider.Crystal_Wing.wing_start1", requested by animation "animations/env/glider_wing_crystal/fist_ac_gliding_start.caf".
<13:08:47> [B95EE41B][Error] invalid parent unit id(102635)
<13:08:49> Loading Particle Library: X2_EFFECT_SYH
<13:08:49> [4820ACB9][Warning] Cannot load texture game/textures/p_effects/syh_effect/cat_footstrp_01.dds, file missing [File=game/textures/p_effects/syh_effect/cat_footstrp_01.dds]
<13:08:52> [A181AEBC][Warning] Anim events cannot find effect "X2_EFFECTS_C1.Glider.Crystal_Wing.front_trail1", requested by animation "animations/env/glider_wing_crystal/fist_ac_gliding_front.caf".
<13:08:54> [65FB52A3][Warning] Entity Ser Meatball (Vanity):cannot find animation additive_fist_ba_relaxed_idle_rand_7
<13:08:55> [63ABB424][Warning] Facial sequence "fist_ba_combat_idle_rand_3" not listed in CAL file for character "game/objects/characters/hariharan/female/nude/ha_f_base.chr".
<13:08:55> [745BAE2F][Warning] failed to stream material xml(game/materials/effects/fume_h_ssd.mtl)
<13:08:57> [B95EE41B][Error] invalid parent unit id(76607)
<13:09:01> [A181AEBC][Warning] Anim events cannot find effect "X2_EFFECTS_C1.Glider.Crystal_Wing.wing_start1", requested by animation "animations/env/glider_wing_crystal/fist_ac_gliding_start.caf".
<13:09:02> [65FB52A3][Warning] Entity Ser Meatball (Vanity):cannot find animation additive_fist_ba_relaxed_idle_rand_7
<13:09:05> [000004EE][Warning] [CGF Error] game/objects/item/bow/bow_55_5/bow_55_5.cgf [:] LOD1 of geometry  contains too many polygons comparing to the LOD0 [480 against 628] :
<13:09:05> [2363981C][Warning] chr material is not precached : game/objects/characters/hariharan/female/costume/ha_f_sk_metalpriest001/ha_f_sk_metalpriest001_h.mtl (chr: game/objects/characters/hariharan/female/costume/ha_f_sk_metalpriest001/ha_f_sk_metalpriest001_h.chr)
<13:09:05> [CA175C82][Warning] non-stream IO. system(Material), filePath(game/objects/characters/hariharan/female/costume/ha_f_sk_metalpriest001/ha_f_sk_metalpriest001_h.mtl)
<13:09:06> [63ABB424][Warning] Facial sequence "fist_ac_whistle" not listed in CAL file for character "game/objects/characters/hariharan/female/nude/ha_f_base.chr".
<13:09:06> [B95EE41B][Error] invalid parent unit id(68032)
<13:09:08> [65FB52A3][Warning] Entity Ser Meatball (Vanity):cannot find animation additive_fist_ba_relaxed_idle_rand_7
<13:09:09> [A181AEBC][Warning] Anim events cannot find effect "X2_EFFECTS_C1.Glider.Crystal_Wing.wing_start1", requested by animation "animations/env/glider_wing_crystal/fist_ac_gliding_start.caf".
<13:09:10> [000004EE][Warning] Particle effect not found: 'X2_EFFECTS_K.J_Inter_effects.Glider_crystal_particles', from unknown 
<13:09:16> [A181AEBC][Warning] Anim events cannot find effect "X2_EFFECTS_C1.Glider.Crystal_Wing.wing_start1", requested by animation "animations/env/glider_wing_crystal/fist_ac_gliding_start.caf".
<13:09:18> [CE0EF930][Warning] failed to stream cgf : game/objects/env/05_nature/08_cry_source/rocks/road_rocks/road_rocks_flat_grey_c.cgf
<13:09:20> [A4D70365][Warning] rigid-body own-entity; prefab=prefabs/fishboat.xml/fishboat.fishboat_wheel02 node=webbed_feet
<13:09:20> [745BAE2F][Warning] failed to stream material xml(game/objects/env/06_unit/01_ship/fishboat/fisherbarrel.mtl)
<13:09:21> [DD6CD685][Warning] grand child physical proxy is not supported. grandpa(Fish-Find Longliner), dad(prefab_doodad_model_103727_prefab://prefabs/fishboat.xml/fishboat.fishboat_wheel02), child(webbed_feet)
<13:09:21> [65FB52A3][Warning] Entity Ser Meatball (Vanity):cannot find animation additive_fist_ba_relaxed_idle_rand_3
<13:09:26> [DD6CD685][Warning] grand child physical proxy is not supported. grandpa(Fish-Find Longliner), dad(prefab_doodad_model_103727_prefab://prefabs/fishboat.xml/fishboat.fishboat_wheel02), child(webbed_feet)
<13:09:28> [65FB52A3][Warning] Entity Ser Meatball (Vanity):cannot find animation additive_fist_ba_relaxed_idle_rand_3
<13:09:29> [A181AEBC][Warning] Anim events cannot find effect "X2_EFFECTS_C1.Glider.Crystal_Wing.wing_start1", requested by animation "animations/env/glider_wing_crystal/fist_ac_gliding_start.caf".
<13:09:29> [B95EE41B][Error] invalid parent unit id(68032)
<13:09:31> [000004EE][Warning] Independent immortal particle effect spawned: X2_EFFECT_O.Interaction.enchant_wpn_range_honor_3g
<13:09:33> [65FB52A3][Warning] Entity Ser Meatball (Vanity):cannot find animation additive_fist_ba_relaxed_idle_rand_2
<13:09:38> [65FB52A3][Warning] Entity Ser Meatball (Vanity):cannot find animation additive_fist_ba_relaxed_idle_rand_1
<13:09:39> [B95EE41B][Error] invalid parent unit id(40069)
<13:09:39> [745BAE2F][Warning] failed to stream material xml(game/objects/env/06_unit/06_glider/glider_sloth/glider_sloth_brop01.mtl)
<13:09:44> [B95EE41B][Error] invalid parent unit id(106739)
<13:09:44> [A181AEBC][Warning] Anim events cannot find effect "X2_EFFECTS_C1.Glider.Crystal_Wing.wing_start1", requested by animation "animations/env/glider_wing_crystal/fist_ac_gliding_start.caf".
<13:09:51> [65FB52A3][Warning] Entity Ser Meatball (Vanity):cannot find animation additive_fist_ba_relaxed_idle_rand_2
<13:09:51> [B95EE41B][Error] invalid parent unit id(105468)
<13:09:51> [E5DF1C60][Warning] XML parser: Buffer is null. (data size: 0)
<13:09:51> [C3348E9C][Warning] Failed to stream facial sequence (game/animations/nuian/female/facial/fist_em_worship.fsq)
<13:09:55> [A181AEBC][Warning] Anim events cannot find effect "X2_EFFECTS_C1.Glider.Crystal_Wing.wing_start1", requested by animation "animations/env/glider_wing_crystal/fist_ac_gliding_start.caf".
<13:09:58> [B95EE41B][Error] invalid parent unit id(115348)
<13:09:58> [745BAE2F][Warning] failed to stream material xml(game/materials/effects/ljs_effect/nachash_cube_aura_18.mtl)
<13:09:58> [65FB52A3][Warning] Entity Ser Meatball (Vanity):cannot find animation additive_fist_ba_relaxed_idle_rand_7
<13:09:58> [000004EE][Warning] [CGF Error] game/objects/item/spear_2h/spear_2h_sea_1/spear_2h_sea_1.cgf [:] LOD1 of geometry  contains too many polygons comparing to the LOD0 [1370 against 1964] :
<13:09:59> [000004EE][Warning] Independent immortal particle effect spawned: X2_EFFECT_O.Interaction.enchant_wpn_range_honor_3g
<13:10:02> [63ABB424][Warning] Facial sequence "fist_ac_whistle" not listed in CAL file for character "game/objects/characters/ferre/female/nude/fe_f_base.chr".
<13:10:03> [A181AEBC][Warning] Anim events cannot find effect "X2_EFFECTS_C1.Glider.Crystal_Wing.wing_start1", requested by animation "animations/env/glider_wing_crystal/fist_ac_gliding_start.caf".
<13:10:05> [65FB52A3][Warning] Entity Daegar:cannot find animation additive_fist_mo_normal_run_f_rand_1
<13:10:08> [B95EE41B][Error] invalid parent unit id(98707)
<13:10:08> [7705AB91][Warning] Cannot load texture game/objects/characters/nuian/female/hair/nu_f_hair031/nu_f_hair031_ddn.dds, file missing [File=game/objects/characters/nuian/female/hair/nu_f_hair031/nu_f_hair031_ddn.dds]
<13:10:08> [745BAE2F][Warning] failed to stream material xml(game/objects/characters/hariharan/female/parts/bo/obj/ha_f_bo_cloth168.mtl)
<13:10:08> [637AF710][Warning] missing chr material : game/objects/characters/hariharan/female/parts/pt/obj/ha_f_pt_cloth168.mtl (chr: game/objects/characters/hariharan/female/parts/pt/obj/ha_f_1pt606.chr)
<13:10:09> [63ABB424][Warning] Facial sequence "fist_ba_combat_idle_rand_2" not listed in CAL file for character "game/objects/characters/hariharan/female/nude/ha_f_base.chr".
<13:10:10> [000004EE][Warning] [CGF Error] game/objects/item/bow/bow_55_5/bow_55_5.cgf [:] LOD1 of geometry  contains too many polygons comparing to the LOD0 [480 against 628] :
<13:10:10> [CA175C82][Warning] non-stream IO. system(Material), filePath(game/objects/characters/hariharan/female/hair/ha_f_hair008/ha_f_hair008_hc48.mtl)
<13:10:15> [B95EE41B][Error] invalid parent unit id(55434)
<13:10:15> [745BAE2F][Warning] failed to stream material xml(game/objects/characters/ferre/female/parts/pt/leather/pt_leather167/fe_f_pt_leather167_brop01.mtl)
<13:10:15> [637AF710][Warning] missing chr material : game/objects/characters/ferre/female/parts/gv/obj/fe_f_gv_leather179.mtl (chr: game/objects/characters/ferre/female/parts/gv/obj/fe_f_2gv102.chr)
<13:10:19> [A4D70365][Warning] rigid-body own-entity; prefab=prefabs/boardship.xml/boardship.step_10boardship_normal node=AnimObject_28
<13:10:19> [DD6CD685][Warning] grand child physical proxy is not supported. grandpa(Nigel), dad(prefab_doodad_model_284403_prefab://Prefabs/galleon.xml/galleon.galleon_helms), child(galleon_helms_1)
<13:10:20> [65FB52A3][Warning] Entity Ser Meatball (Vanity):cannot find animation additive_fist_ba_relaxed_idle_rand_5
<13:10:21> [B95EE41B][Error] invalid parent unit id(98707)
<13:10:21> [745BAE2F][Warning] failed to stream material xml(game/objects/characters/ferre/female/parts/all/cloth/cloth183/fe_f_pt_cloth183_brop01.mtl)
<13:10:22> [CA175C82][Warning] non-stream IO. system(Material), filePath(game/objects/characters/warborn/female/hair/wa_f_hair006/wa_f_hair006.mtl)
<13:10:23> [A181AEBC][Warning] Anim events cannot find effect "X2_EFFECTS_C1.Glider.Crystal_Wing.wing_start1", requested by animation "animations/env/glider_wing_crystal/fist_ac_gliding_start.caf".
<13:10:26> [DD6CD685][Warning] grand child physical proxy is not supported. grandpa(Nigel), dad(prefab_doodad_model_284403_prefab://Prefabs/galleon.xml/galleon.galleon_helms), child(galleon_helms_1)
<13:10:26> [B95EE41B][Error] invalid parent unit id(81255)
<13:10:30> [65FB52A3][Warning] Entity Ser Meatball (Vanity):cannot find animation additive_fist_ba_relaxed_idle_rand_3
<13:10:35> [B95EE41B][Error] invalid parent unit id(59315)
<13:10:36> [745BAE2F][Warning] failed to stream material xml(game/objects/characters/warborn/female/parts/pt/obj/wa_f_pt_cloth170.mtl)
<13:10:36> [637AF710][Warning] missing chr material : game/objects/characters/warborn/female/parts/pt/obj/wa_f_pt_cloth170.mtl (chr: game/objects/characters/warborn/female/parts/pt/obj/wa_f_1pt606.chr)
<13:10:37> [CA175C82][Warning] non-stream IO. system(Material), filePath(game/objects/characters/warborn/female/horns/wa_f_horns007/wa_f_horns007_hc02.mtl)
<13:10:37> [000004EE][Warning] [CGF Error] game/objects/env/06_unit/06_glider/glider_wing/glider_wing_back.cgf [:] LOD1 of geometry  contains too many polygons comparing to the LOD0 [2234 against 3114] :
<13:10:38> [65FB52A3][Warning] Entity Ser Meatball (Vanity):cannot find animation additive_fist_ba_relaxed_idle_rand_6
<13:10:43> [B95EE41B][Error] invalid parent unit id(59315)
<13:10:45> [745BAE2F][Warning] failed to stream material xml(game/objects/characters/monster/tiger_ride/tiger_ride_yellow/Material #0.mtl)
<13:10:45> [65FB52A3][Warning] Entity Ser Meatball (Vanity):cannot find animation additive_fist_ba_relaxed_idle_rand_7
<13:10:50> [B95EE41B][Error] invalid parent unit id(42420)
<13:10:51> [CE0EF930][Warning] failed to stream cgf : game/objects/env/05_nature/08_cry_source/rocks/road_rocks/road_rocks_flat_grey_c.cgf
<13:10:54> [65FB52A3][Warning] Entity Ser Meatball (Vanity):cannot find animation additive_fist_ba_relaxed_idle_rand_4
<13:10:54> [000004EE][Warning] Independent immortal particle effect spawned: X2_EFFECT_O.Interaction.enchant_wpn_range_honor_3g
<13:10:59> [65FB52A3][Warning] Entity Ser Meatball (Vanity):cannot find animation additive_fist_ba_relaxed_idle_rand_1
<13:10:59> [B95EE41B][Error] invalid parent unit id(81255)
<13:11:03> [CA175C82][Warning] non-stream IO. system(Material), filePath(game/objects/characters/warborn/female/horns/wa_f_horns002/wa_f_horns002_hc02.mtl)
<13:11:03> [A181AEBC][Warning] Anim events cannot find effect "X2_EFFECTS_C1.Glider.Crystal_Wing.wing_start1", requested by animation "animations/env/glider_wing_crystal/fist_ac_gliding_start.caf".
<13:11:04> [745BAE2F][Warning] failed to stream material xml(game/materials/effects/fume_h_ssd.mtl)
<13:11:05> [65FB52A3][Warning] Entity Ser Meatball (Vanity):cannot find animation additive_fist_ba_relaxed_idle_rand_4
<13:11:06> [B95EE41B][Error] invalid parent unit id(85202)
<13:11:09> [A181AEBC][Warning] Anim events cannot find effect "X2_EFFECTS_C1.Glider.Crystal_Wing.front_trail1", requested by animation "animations/env/glider_wing_crystal/fist_ac_gliding_front.caf".
<13:11:12> [63ABB424][Warning] Facial sequence "all_re_combat_hit_l" not listed in CAL file for character "game/objects/characters/hariharan/female/nude/ha_f_base.chr".
<13:11:13> [745BAE2F][Warning] failed to stream material xml(game/objects/characters/hariharan/male/parts/hm/obj/ha_m_hm_cloth002.mtl)
<13:11:13> [637AF710][Warning] missing chr material : game/objects/characters/hariharan/male/parts/hm/obj/ha_m_hm_cloth002.mtl (chr: game/objects/characters/hariharan/male/parts/hm/obj/ha_m_2hm109.chr)
<13:11:13> [5F89E60D][Warning] non cached CDF(game/objects/characters/hariharan/male/parts/gv/leather/gv_leather167/ha_m_gv_leather167.cdf)
<13:11:13> [CA175C82][Warning] non-stream IO. system(Material), filePath(game/objects/characters/hariharan/male/parts/gv/leather/gv_leather167/ha_m_gv_leather167.mtl)
<13:11:16> [65FB52A3][Warning] Entity Ser Meatball (Vanity):cannot find animation additive_fist_ba_relaxed_idle_rand_1
<13:11:19> [745BAE2F][Warning] failed to stream material xml(game/objects/characters/warborn/female/parts/gv/obj/wa_f_gv_cloth170.mtl)
<13:11:19> [637AF710][Warning] missing chr material : game/objects/characters/warborn/female/parts/gv/obj/wa_f_gv_cloth170.mtl (chr: game/objects/characters/warborn/female/parts/gv/obj/wa_f_2gv302.chr)
<13:11:19> [CA175C82][Warning] non-stream IO. system(Material), filePath(game/objects/characters/warborn/female/horns/wa_f_horns006/wa_f_horns006_hc07.mtl)
<13:11:22> [65FB52A3][Warning] Entity Ser Meatball (Vanity):cannot find animation additive_fist_ba_relaxed_idle_rand_1
<13:11:23> [A181AEBC][Warning] Anim events cannot find effect "X2_EFFECTS_C1.Glider.Crystal_Wing.wing_start1", requested by animation "animations/env/glider_wing_crystal/fist_ac_gliding_start.caf".
<13:11:24> [B95EE41B][Error] invalid parent unit id(85202)
<13:11:25> [745BAE2F][Warning] failed to stream material xml(game/objects/characters/ferre/male/hair/fe_m_hair010/fe_m_hair010_whin01.mtl)
<13:11:25> [5243B464][Warning] Error: CShaderMan::mfCreateShaderResources: Couldn't find subsurface texture 'objects/characters/ferre/female/face/face01/fe_f_face01_fur_sss.dds' in path '' [File=objects/characters/ferre/female/face/face01/fe_f_face01_fur_sss.dds]
<13:11:25> [637AF710][Warning] missing chr material : game/objects/characters/ferre/male/hair/fe_m_hair010/fe_m_hair009.mtl (chr: game/objects/characters/ferre/male/hair/fe_m_hair010/fe_m_hair010.chr)
<13:11:27> [E5DF1C60][Warning] XML parser: Buffer is null. (data size: 0)
<13:11:27> [C3348E9C][Warning] Failed to stream facial sequence (game/animations/nuian/female/facial/fist_em_worship.fsq)
<13:11:31> [B95EE41B][Error] invalid parent unit id(73504)
<13:11:32> [65FB52A3][Warning] Entity Ser Meatball (Vanity):cannot find animation additive_fist_ba_relaxed_idle_rand_3
<13:11:37> [65FB52A3][Warning] Entity Ser Meatball (Vanity):cannot find animation additive_fist_ba_relaxed_idle_rand_2
<13:11:40> [000004EE][Warning] Particle effect not found: 'game/x2_effect_o.pc.skill_hatred_df_shieldthrow_cast', from unknown 
<13:11:40> [745BAE2F][Warning] failed to stream material xml(game/objects/characters/ferre/male/parts/all/metal/metal182/fe_m_bo_metal182_grap01.mtl)
<13:11:40> [637AF710][Warning] missing chr material : game/objects/characters/ferre/male/parts/gv/obj/fe_m_gv_cloth158.mtl (chr: game/objects/characters/ferre/male/parts/gv/obj/fe_m_1gv302.chr)
<13:11:45> [B95EE41B][Error] invalid parent unit id(91085)
<13:11:46> [63ABB424][Warning] Facial sequence "fist_ac_whistle" not listed in CAL file for character "game/objects/characters/ferre/male/nude/fe_m_base.chr".
<13:11:48> [000004EE][Warning] [CGF Error] game/objects/item/shield/shield_cathero/shield_cathero.cgf [:] LOD1 of geometry  contains too many polygons comparing to the LOD0 [1454 against 2112] :
<13:11:48> [000004EE][Warning] Independent immortal particle effect spawned: X2_EFFECT_O.Interaction.enchant_wpn_range_honor_3g
<13:11:58> [65FB52A3][Warning] Entity Ser Meatball (Vanity):cannot find animation additive_fist_ba_relaxed_idle_rand_3
<13:11:59> [B95EE41B][Error] invalid parent unit id(30903)
<13:12:01> [CA175C82][Warning] non-stream IO. system(Material), filePath(game/objects/characters/warborn/female/horns/wa_f_horns007/wa_f_horns007_hc02.mtl)
<13:12:01> [000004EE][Warning] [CGF Error] game/objects/env/06_unit/06_glider/glider_wing/glider_wing_back.cgf [:] LOD1 of geometry  contains too many polygons comparing to the LOD0 [2234 against 3114] :
<13:12:03> [745BAE2F][Warning] failed to stream material xml(game/objects/env/06_unit/06_glider/glider_plague_wing001/glider_plague_wing001_blup02.mtl)
<13:12:03> [437E3168][Warning] Cannot load texture game/objects/characters/monster/phoenix_white/phoenix_white2_df.dds, file missing [File=game/objects/characters/monster/phoenix_white/phoenix_white2_df.dds]
<13:12:03> [637AF710][Warning] missing chr material : game/objects/characters/ferre/male/parts/bo/obj/fe_m_bo_metal159.mtl (chr: game/objects/characters/ferre/male/parts/bo/obj/fe_m_4bo302.chr)
<13:12:06> [B95EE41B][Error] invalid parent unit id(107717)
<13:12:12> [B95EE41B][Error] invalid parent unit id(67592)
<13:12:13> [000004EE][Warning] [CGF Error] game/objects/item/shield/shield_cathero/shield_cathero.cgf [:] LOD1 of geometry  contains too many polygons comparing to the LOD0 [1454 against 2112] :
<13:12:13> [000004EE][Warning] Independent immortal particle effect spawned: X2_EFFECT_O.Interaction.enchant_wpn_range_honor_3g
<13:12:17> [745BAE2F][Warning] failed to stream material xml(game/objects/characters/ferre/female/hair/fe_f_hair018/fe_f_hair018_brop01.mtl)
<13:12:18> [637AF710][Warning] missing chr material : game/objects/characters/hariharan/male/parts/gv/obj/ha_m_gv_cloth214.mtl (chr: game/objects/characters/hariharan/male/parts/gv/obj/ha_m_1gf001_1gv201.chr)
<13:12:18> [B95EE41B][Error] invalid parent unit id(119051)
<13:12:19> [65FB52A3][Warning] Entity Ser Meatball (Vanity):cannot find animation additive_fist_ba_relaxed_idle_rand_3
<13:12:19> [CA175C82][Warning] non-stream IO. system(Material), filePath(game/objects/characters/warborn/female/horns/wa_f_horns002/wa_f_horns002_hc02.mtl)
<13:12:23> [B95EE41B][Error] invalid parent unit id(119051)
<13:12:24> [745BAE2F][Warning] failed to stream material xml(game/objects/env/06_unit/06_glider/glider_plague_wing001/glider_plague_wing001_whtp01.mtl)
<13:12:24> [63ABB424][Warning] Facial sequence "fist_ac_whistle" not listed in CAL file for character "game/objects/characters/hariharan/female/nude/ha_f_base.chr".
<13:12:24> [000004EE][Warning] [CGF Error] game/objects/item/shield/shield_sea_1/shield_sea_1.cgf [:] LOD1 of geometry  contains too many polygons comparing to the LOD0 [2684 against 3546] :
<13:12:25> [65FB52A3][Warning] Entity Ser Meatball (Vanity):cannot find animation additive_fist_ba_relaxed_idle_rand_3
<13:12:30> [80095691][Warning] Failed to stream CAF-file [File=animations/item/effect_bone/bow/bow_darkmoon001/default.caf]
<13:12:30> [745BAE2F][Warning] failed to stream material xml(game/objects/effects/keffect/p_fire_blue1a.mtl)
<13:12:30> [000004EE][Warning] Independent immortal particle effect spawned: X2_EFFECT_O.Interaction.enchant_wpn_range_honor_3g
<13:12:31> [B95EE41B][Error] invalid parent unit id(91085)
<13:12:32> [65FB52A3][Warning] Entity Ser Meatball (Vanity):cannot find animation additive_fist_ba_relaxed_idle_rand_4
<13:12:33> [CA175C82][Warning] non-stream IO. system(Material), filePath(game/objects/characters/warborn/female/hair/wa_f_hair006/wa_f_hair006.mtl)
<13:12:34> [000004EE][Warning] [CGF Error] game/objects/env/06_unit/06_glider/glider_wing/glider_wing_back.cgf [:] LOD1 of geometry  contains too many polygons comparing to the LOD0 [2234 against 3114] :
<13:12:36> [745BAE2F][Warning] failed to stream material xml(game/materials/effects/fume_h_ssd.mtl)
<13:12:37> [B95EE41B][Error] invalid parent unit id(87206)
<13:12:43> [B95EE41B][Error] invalid parent unit id(87206)
<13:12:44> [65FB52A3][Warning] Entity Ser Meatball (Vanity):cannot find animation additive_fist_ba_relaxed_idle_rand_7
<13:12:44> [C45FAC6E][Warning] Cannot load texture game/objects/characters/test/glider_squirrel/glider_squirrel_df.dds, file missing [File=game/objects/characters/test/glider_squirrel/glider_squirrel_df.dds]
<13:12:44> [CD8829BA][Warning] Error: CShaderMan::mfCreateShaderResources: Couldn't find subsurface texture 'game/objects/characters/test/glider_squirrel/glider_squirrel_df.dds' in path '' [File=game/objects/characters/test/glider_squirrel/glider_squirrel_df.dds]
<13:12:44> [5F89E60D][Warning] non cached CDF(game/objects/characters/hariharan/female/costume/ha_f_sk_whiteday002/ha_f_sk_whiteday002_h.cdf)
<13:12:44> [CA175C82][Warning] non-stream IO. system(Material), filePath(game/objects/characters/hariharan/female/costume/ha_f_sk_whiteday002/ha_f_sk_whiteday002_h.mtl)
<13:12:44> [2363981C][Warning] chr material is not precached : game/objects/characters/hariharan/female/costume/ha_f_sk_whiteday001/ha_f_sk_whiteday001_h.mtl (chr: game/objects/characters/hariharan/female/costume/ha_f_sk_whiteday001/ha_f_sk_whiteday001_h.chr)
<13:12:48> [000004EE][Warning] Independent immortal particle effect spawned: X2_EFFECT_O.Interaction.enchant_wpn_range_honor_3g
<13:12:50> [B95EE41B][Error] invalid parent unit id(68481)
<13:12:57> [CE0EF930][Warning] failed to stream cgf : objects/effects/portal_gate.cgf
<13:12:58> [65FB52A3][Warning] Entity Ser Meatball (Vanity):cannot find animation additive_fist_ba_relaxed_idle_rand_7
<13:13:05> [745BAE2F][Warning] failed to stream material xml(game/objects/characters/hariharan/female/parts/ar/obj/ha_f_ar_metal166.mtl)
<13:13:05> [637AF710][Warning] missing chr material : game/objects/characters/hariharan/female/parts/ar/obj/ha_f_ar_metal166.mtl (chr: game/objects/characters/hariharan/female/parts/ar/obj/ha_f_1ac016_1arm030_3ar902_3arm006_3bt008_3eb001_3pv003_3sh024.chr)
<13:13:05> [5F89E60D][Warning] non cached CDF(game/objects/characters/hariharan/female/parts/pt/metal/pt_metal170/ha_f_pt_metal170.cdf)
<13:13:05> [CA175C82][Warning] non-stream IO. system(Material), filePath(game/objects/characters/hariharan/female/parts/pt/metal/pt_metal170/ha_f_pt_metal170.mtl)
<13:13:06> [B95EE41B][Error] invalid parent unit id(102635)
<13:13:10> [CE0EF930][Warning] failed to stream cgf : objects/env/05_nature/08_cry_source/rocks/precipice/landslide_rock_small_d.cgf
<13:13:12> [B95EE41B][Error] invalid parent unit id(102635)
<13:13:12> [000004EE][Warning] [CGF Error] game/objects/item/shield/shield_cathero/shield_cathero.cgf [:] LOD1 of geometry  contains too many polygons comparing to the LOD0 [1454 against 2112] :
<13:13:12> [000004EE][Warning] Independent immortal particle effect spawned: X2_EFFECT_O.Interaction.enchant_wpn_range_honor_3g
<13:13:18> [65FB52A3][Warning] Entity Ser Meatball (Vanity):cannot find animation additive_fist_ba_relaxed_idle_rand_7
<13:13:27> [CE0EF930][Warning] failed to stream cgf : game/objects/env/05_nature/08_cry_source/rocks/road_rocks/road_rocks_flat_grey_c.cgf
<13:13:27> [65FB52A3][Warning] Entity Ser Meatball (Vanity):cannot find animation additive_fist_mo_normal_run_f_rand_1
<13:13:28> [B95EE41B][Error] invalid parent unit id(91085)
<13:13:34> [65FB52A3][Warning] Entity Ser Meatball (Vanity):cannot find animation additive_fist_mo_normal_run_f_rand_1
<13:13:42> [CA175C82][Warning] non-stream IO. system(Material), filePath(game/materials/effects/decal_magic_pattern2.mtl)
<13:13:43> [BB897B4E][Warning] Cannot load texture /, file missing [File=/]
<13:13:43> [FEB87102][Warning] Error: CShaderMan::mfCreateShaderResources: Couldn't find custom secondary texture '/' in path '' [File=/]
<13:13:45> [65FB52A3][Warning] Entity Ser Meatball (Vanity):cannot find animation additive_fist_ba_relaxed_idle_rand_7
<13:13:51> [B95EE41B][Error] invalid parent unit id(55087)
<13:13:53> [65FB52A3][Warning] Entity Ser Meatball (Vanity):cannot find animation additive_fist_ba_relaxed_idle_rand_6
<13:13:55> [CE0EF930][Warning] failed to stream cgf : objects/effects/portal_gate.cgf
<13:13:59> [B95EE41B][Error] invalid parent unit id(55087)
<13:14:01> [2363981C][Warning] chr material is not precached : game/objects/characters/warborn/female/costume/wa_f_sk_lucius001/wa_f_sk_lucius001_h.mtl (chr: game/objects/characters/warborn/female/costume/wa_f_sk_lucius001/wa_f_sk_lucius001_h.chr)
<13:14:01> [CA175C82][Warning] non-stream IO. system(Material), filePath(game/objects/characters/warborn/female/costume/wa_f_sk_lucius001/wa_f_sk_lucius001_h.mtl)
<13:14:24> [745BAE2F][Warning] failed to stream material xml(game/objects/characters/ferre/male/parts/cp/cloth/cp_cloth050/fe_m_cp_cloth050_brop01.mtl)
<13:14:24> [637AF710][Warning] missing chr material : game/objects/characters/ferre/male/parts/gv/obj/fe_m_gv_cloth158.mtl (chr: game/objects/characters/ferre/male/parts/gv/obj/fe_m_1gv302.chr)
<13:14:39> [745BAE2F][Warning] failed to stream material xml(game/objects/characters/ferre/female/nude/fe_f_brop01.mtl)
<13:14:41> [000004EE][Warning] [CGF Error] game/objects/item/bow/bow_monster/bow_ishtar_003/bow_ishtar_003.cgf [:] LOD1 of geometry  contains too many polygons comparing to the LOD0 [1948 against 2908] :
<13:14:41> [637AF710][Warning] missing chr material : game/objects/characters/warborn/female/parts/hm/obj/wa_f_hm_leather217.mtl (chr: game/objects/characters/warborn/female/parts/hm/obj/wa_f_1hm212.chr)
<13:14:42> [000004EE][Warning] Independent immortal particle effect spawned: X2_EFFECT_O.Interaction.enchant_wpn_range_honor_3g
<13:14:57> [63ABB424][Warning] Facial sequence "fist_ac_whistle" not listed in CAL file for character "game/objects/characters/hariharan/female/nude/ha_f_base.chr".
<13:14:58> [745BAE2F][Warning] failed to stream material xml(game/objects/effects/ksw_effect/qilin.mtl)
<13:14:58> [65FB52A3][Warning] Entity Ser Meatball (Vanity):cannot find animation additive_fist_ba_relaxed_idle_rand_7
<13:14:59> [B95EE41B][Error] invalid parent unit id(92834)
<13:15:01> [637AF710][Warning] missing chr material : game/objects/characters/hariharan/female/parts/ar/obj/ha_f_ar_cloth168.mtl (chr: game/objects/characters/hariharan/female/parts/ar/obj/ha_f_2sh018_5ar204.chr)
<13:15:04> [745BAE2F][Warning] failed to stream material xml(objects/Characters/ferre/male/costume/fe_m_sk_blackbear001/fe_m_sk_blackbear001_dyeing_grap02.mtl)
<13:15:04> [000004EE][Warning] Independent immortal particle effect spawned: X2_EFFECT_O.Interaction.enchant_wpn_range_1g
<13:15:11> [65FB52A3][Warning] Entity Ser Meatball (Vanity):cannot find animation additive_fist_ba_relaxed_idle_rand_2
<13:15:11> [B95EE41B][Error] invalid parent unit id(80193)
<13:15:16> [CE0EF930][Warning] failed to stream cgf : objects/effects/portal_gate.cgf
<13:15:20> [745BAE2F][Warning] failed to stream material xml(game/materials/effects/fume_h_ssd.mtl)
<13:15:21> [A181AEBC][Warning] Anim events cannot find effect "X2_EFFECTS_C1.Glider.Crystal_Wing.wing_start1", requested by animation "animations/env/glider_wing_crystal/fist_ac_gliding_start.caf".
<13:15:25> [B95EE41B][Error] invalid parent unit id(91085)
<13:15:26> [CA175C82][Warning] non-stream IO. system(Material), filePath(game/objects/characters/warborn/female/hair/wa_f_hair006/wa_f_hair006.mtl)
<13:15:30> [63ABB424][Warning] Facial sequence "fist_ac_whistle" not listed in CAL file for character "game/objects/characters/hariharan/female/nude/ha_f_base.chr".
<13:15:31> [B95EE41B][Error] invalid parent unit id(29177)
<13:15:32> [CE0EF930][Warning] failed to stream cgf : objects/effects/portal_gate.cgf
<13:15:32> [745BAE2F][Warning] failed to stream material xml(game/objects/effects/jjc_effect/01 - Default.mtl)
<13:15:34> [CA175C82][Warning] non-stream IO. system(Material), filePath(game/objects/characters/ferre/male/face/fe_m_face_grap02.mtl)
<13:15:41> [65FB52A3][Warning] Entity Ser Meatball (Vanity):cannot find animation additive_fist_ba_relaxed_idle_rand_3
<13:15:42> [B95EE41B][Error] invalid parent unit id(33973)
<13:15:43> [745BAE2F][Warning] failed to stream material xml(game/objects/characters/ferre/male/parts/all/leather/leather182/fe_m_pt_leather182_brop01.mtl)
<13:15:48> [65FB52A3][Warning] Entity Ser Meatball (Vanity):cannot find animation additive_fist_ba_relaxed_idle_rand_7
<13:15:50> [B95EE41B][Error] invalid parent unit id(72490)
<13:15:54> [65FB52A3][Warning] Entity Ser Meatball (Vanity):cannot find animation additive_fist_ba_relaxed_idle_rand_4
<13:15:54> [CE0EF930][Warning] failed to stream cgf : objects/effects/portal_gate.cgf
<13:16:00> [CE0EF930][Warning] failed to stream cgf : objects/effects/portal_gate.cgf
<13:16:01> [65FB52A3][Warning] Entity Ser Meatball (Vanity):cannot find animation additive_fist_ba_relaxed_idle_rand_4
<13:16:09> [65FB52A3][Warning] Entity Ser Meatball (Vanity):cannot find animation additive_fist_ba_relaxed_idle_rand_6
<13:16:11> [CE0EF930][Warning] failed to stream cgf : objects/effects/portal_gate.cgf
<13:16:16> [65FB52A3][Warning] Entity Ser Meatball (Vanity):cannot find animation additive_fist_ba_relaxed_idle_rand_7
<13:16:22> [65FB52A3][Warning] Entity Ser Meatball (Vanity):cannot find animation additive_fist_ba_relaxed_idle_rand_7
<13:16:31> [CE0EF930][Warning] failed to stream cgf : objects/effects/portal_gate.cgf
<13:16:35> [B95EE41B][Error] invalid parent unit id(108899)
<13:16:35> [745BAE2F][Warning] failed to stream material xml(game/objects/characters/ferre/female/parts/ar/cloth/ar_cloth510/fe_f_ar_cloth510_whin01.mtl)
<13:16:35> [637AF710][Warning] missing chr material : game/objects/characters/ferre/female/parts/gv/obj/fe_f_gv_cloth037.mtl (chr: game/objects/characters/ferre/female/parts/gv/obj/fe_f_1gv102.chr)
<13:16:35> [000004EE][Warning] [CGF Error] game/objects/env/06_unit/06_glider/glider_wing/glider_wing_back.cgf [:] LOD1 of geometry  contains too many polygons comparing to the LOD0 [2234 against 3114] :
<13:16:36> [65FB52A3][Warning] Entity Ser Meatball (Vanity):cannot find animation additive_fist_ba_relaxed_idle_rand_1
<13:16:42> [65FB52A3][Warning] Entity Ser Meatball (Vanity):cannot find animation additive_fist_ba_relaxed_idle_rand_7
<13:16:47> [745BAE2F][Warning] failed to stream material xml(game/objects/characters/ferre/male/nude/fe_m_grap02.mtl)
<13:16:47> [000004EE][Warning] Independent immortal particle effect spawned: X2_EFFECT_O.Interaction.enchant_wpn_range_1g
<13:16:48> [65FB52A3][Warning] Entity Ser Meatball (Vanity):cannot find animation additive_fist_ba_relaxed_idle_rand_7
<13:16:53> [B95EE41B][Error] invalid parent unit id(33973)
<13:16:54> [000004EE][Warning] Particle effect not found: 'game/ability_skill_table_k.p_skill_adament.provoke_launch', from unknown 
<13:16:54> [745BAE2F][Warning] failed to stream material xml(game/objects/characters/ferre/male/parts/all/metal/metal182/fe_m_gv_metal182_brop02.mtl)
<13:16:55> [637AF710][Warning] missing chr material : game/objects/characters/ferre/female/parts/bo/obj/fe_f_bo_leather102.mtl (chr: game/objects/characters/ferre/female/parts/bo/obj/fe_f_1bo201.chr)
<13:16:55> [186EDA89][Warning] Cannot load texture game/objects/characters/ferre/female/face/fe_f_face_yel_df.dds, file missing [File=game/objects/characters/ferre/female/face/fe_f_face_yel_df.dds]
<13:16:59> [CE0EF930][Warning] failed to stream cgf : objects/effects/portal_gate.cgf
<13:17:00> [B95EE41B][Error] invalid parent unit id(108899)
<13:17:01> [65FB52A3][Warning] Entity Ser Meatball (Vanity):cannot find animation additive_fist_ba_relaxed_idle_rand_4
<13:17:08> [65FB52A3][Warning] Entity Ser Meatball (Vanity):cannot find animation additive_fist_ba_relaxed_idle_rand_7
<13:17:09> [A181AEBC][Warning] Anim events cannot find effect "X2_EFFECTS_C1.Glider.Crystal_Wing.wing_start1", requested by animation "animations/env/glider_wing_crystal/fist_ac_gliding_start.caf".
<13:17:11> [B95EE41B][Error] invalid parent unit id(92537)
<13:17:14> [65FB52A3][Warning] Entity Ser Meatball (Vanity):cannot find animation additive_fist_ba_relaxed_idle_rand_1
<13:17:20> [B95EE41B][Error] invalid parent unit id(73696)
<13:17:31> [65FB52A3][Warning] Entity Ser Meatball (Vanity):cannot find animation additive_fist_ba_relaxed_idle_rand_2
<13:17:34> [745BAE2F][Warning] failed to stream material xml(game/objects/characters/ferre/female/parts/all/cloth/cloth183/fe_f_pt_cloth183_brop01.mtl)
<13:17:35> [CE0EF930][Warning] failed to stream cgf : objects/effects/portal_gate.cgf
<13:17:36> [65FB52A3][Warning] Entity Ser Meatball (Vanity):cannot find animation additive_fist_ba_relaxed_idle_rand_2
<13:17:37> [5F89E60D][Warning] non cached CDF(game/objects/characters/warborn/female/parts/hm/leather/hm_leather167/wa_f_hm_leather167.cdf)
<13:17:37> [CA175C82][Warning] non-stream IO. system(Material), filePath(game/objects/characters/warborn/female/parts/hm/leather/hm_leather167/wa_f_hm_leather167.mtl)
<13:17:37> [637AF710][Warning] missing chr material : game/objects/characters/warborn/female/parts/hm/obj/wa_f_hm_leather179.mtl (chr: game/objects/characters/warborn/female/parts/hm/obj/wa_f_2hm109.chr)
<13:17:37> [2363981C][Warning] chr material is not precached : game/objects/characters/warborn/female/hair/wa_f_hair_common/wa_f_hair_common0102s_type3.mtl (chr: game/objects/characters/warborn/female/hair/wa_f_hair_common/wa_f_hair_common0102s_type3.chr)
<13:17:40> [000004EE][Warning] Independent immortal particle effect spawned: X2_EFFECT_O.Interaction.enchant_wpn_range_honor_3g
<13:17:44> [65FB52A3][Warning] Entity Ser Meatball (Vanity):cannot find animation additive_fist_ba_relaxed_idle_rand_1
<13:17:45> [745BAE2F][Warning] failed to stream material xml(game/materials/effects/fume_h_ssd.mtl)
<13:17:47> [B95EE41B][Error] invalid parent unit id(30495)
<13:17:47> [584C4FFD] [net 17:17:47.930] -- Client will disconnect; cause=18 desc=graceful exit
<13:17:47> [05D024BA] System:Quit
