[801989E0] BackupNameAttachment=" Build(0) Date(18 September 2025) Time(13 42 58)"  -- used by backup system
[00000020]  
[38F38F32] Log Started at #c
[0232BD25] Running 32 bit version
[7AB6F5FE] Executable: C:\Games\AAClassic\bin32\archeage.exe
[E5C771AC] FileVersion: 3.5.0.0
[F799D55F] ProductVersion: 3.5.3.0
[1F1D6B13] Using Microsoft (tm) C++ Standard Library implementation
[00000020]  
[C7D96C80] Revision: 350000
[00000020]  
[64533E3E] this is the first client
<13:43:03> [B9197FD5][Error] ConsoleVariableGroup[option_effect] key[e_particles_lod_onoff] has no default
<13:43:03> [76666E6D] 
--- CPU detection ---
<13:43:03> [F4D992D8] CPU: AMD AMD Ryzen 7 7800X3D 8-Core Processor           
<13:43:03> [3F649B02] Family: 15, Model: 1, Stepping: 2
<13:43:03> [83D12E0B] FPU: On-Chip
<13:43:03> [50919DA0] CPU Speed (estimated): 4192.091183 MHz
<13:43:03> [C73FD83A] MMX: not present
<13:43:03> [89D1077A] SSE: present
<13:43:03> [64E2B6F1] 3DNow!: present
<13:43:03> [27B7AC6E] Serial number not present or disabled
<13:43:03> [1D2D8E5B] Number of logical processors: 16
<13:43:03> [FA658084] Number of available logical processors: 16
<13:43:03> [A1F061C2] Invariant Time Stamp Counter : yes
<13:43:03> [FA0251ED] ---------------------

<13:43:03> [03E7D838] Device Info
<13:43:03> [9F603516] Device Info - 1
<13:43:03> [9F603517] Device Info - 2
<13:43:03> [9F603518] Device Info - 3
<13:43:03> [9F603519] Device Info - 4
<13:43:03> [9F60351A] Device Info - 5
<13:43:03> [9F60351B] Device Info - 6
<13:43:03> [9F60351C] Device Info - 7
<13:43:03> [E98ECC28] Video Memory Info
<13:43:03> [D5FBE664] Video Memory - 1
<13:43:03> [D5FBE665] Video Memory - 2
<13:43:04> [D5FBE666] Video Memory - 3
<13:43:04> [D5FBE667] Video Memory - 4
<13:43:04> [D5FBE668] Video Memory - 5
<13:43:04> [D5FBE669] Video Memory - 6
<13:43:04> [D5FBE66A] Video Memory - 7
<13:43:04> [D5FBE66B] Video Memory - 8
<13:43:04> [3A4D54A2][Warning] config/gpu/amd.txt line 55 contains a multiple defined GPU rating!
<13:43:04> [D20872C0] InitThreadAffinities
<13:43:04> [2F28A434] UpdateMainThreadAffinity
<13:43:04> [16962512] Windows 8 64 bit (build 6.2.9200)
<13:43:04> [38DFF081] System language: English
<13:43:04> [861A0178] Windows Directory: "C:\windows"
<13:43:04> [341B54F1] Prerequisites...
<13:43:04> [5D1B3C9C] * Installation of KB940105 hotfix required: no! (either not needed or already installed)
<13:43:04> [0A0C8073] Local time is 13:43:04 09/18/25, system running for 4515 minutes
<13:43:04> [9F11A5E8] 63426MB physical memory installed, 17647MB available, 4095MB virtual memory installed, 72 percent of memory in use
<13:43:04> [31259232] PageFile usage: 
<13:43:04> [453F0D1B] Current display mode is 2560x1440x32
<13:43:04> [8A64FCCC] IBM enhanced (101/102-key) keyboard and 3+ button mouse installed
<13:43:04> [CE30556B] ----- GPU Detection -----------------
<13:43:04> [03E7D838] Device Info
<13:43:04> [9F603516] Device Info - 1
<13:43:04> [9F603517] Device Info - 2
<13:43:04> [9F603518] Device Info - 3
<13:43:04> [9F603519] Device Info - 4
<13:43:04> [9F60351A] Device Info - 5
<13:43:04> [9F60351B] Device Info - 6
<13:43:04> [9F60351C] Device Info - 7
<13:43:04> [E98ECC28] Video Memory Info
<13:43:04> [D5FBE664] Video Memory - 1
<13:43:04> [D5FBE665] Video Memory - 2
<13:43:04> [D5FBE666] Video Memory - 3
<13:43:04> [D5FBE667] Video Memory - 4
<13:43:04> [D5FBE668] Video Memory - 5
<13:43:04> [D5FBE669] Video Memory - 6
<13:43:04> [D5FBE66A] Video Memory - 7
<13:43:04> [D5FBE66B] Video Memory - 8
<13:43:04> [99EA404A]  AMD Radeon RX 7800 XT (RADV NAVI32) (vendor = 0x1002, device = 0x747e, subSys = 0x00000000)
<13:43:04> [77718B6A] -- Video memory: 4081 MB
<13:43:04> [30DF1863] -- Minimum SM 2.0 support: yes
<13:43:04> [13E11956] -- DX11 supported: yes
<13:43:04> [50B60100] --------------------------------------------------------------------------------
<13:43:04> [5921EDBE] Stream Engine Initialization
<13:43:04> [BA0D559B] Splash: Initializing Stream Engine...
<13:43:04> [939F6EBB] Enable Resolutions : 0
<13:43:04> [A30A84B6] can't enum display resolution modes
<13:43:04> [B324CD25] Screen Resolution - 1024x768
<13:43:04> [3778EA0B] Screen Resolution - 0 (2560x1440)
<13:43:04> [A1B107F0] Screen Resolution - Test OK (2560x1440)
<13:43:04> [A9E4B0F2] Network initialization
<13:43:04> [BA0D559B] Splash: Initializing Network System...
<13:43:04> [14FAD233] Socket I/O by iocp
<13:43:04> [E36A4FB9] Physics initialization
<13:43:04> [BA0D559B] Splash: Initializing Physics...
<13:43:04> [2462D581] MovieSystem initialization
<13:43:04> [BA0D559B] Splash: Initializing Movie System...
<13:43:04> [93287AEC] Renderer initialization - Start
<13:43:04> [BA0D559B] Splash: Initializing Renderer...
<13:43:04> [91207680] Renderer initialization - Open
<13:43:04> [4377E7CB] Renderer initialization - DLL Load(CryRenderD3D9.dll)
<13:43:04> [71203A94] Renderer initialization - DLL Done
<13:43:04> [71227C22] Renderer initialization - DLL Init
<13:43:04> [C653D9CB] Renderer initialization - Instance
<13:43:04> [44D9754D] D3D Adapter: Driver name: aticfx32.dll
<13:43:04> [82BE8322] D3D Adapter: Driver description: AMD Radeon RX 7800 XT (RADV NAVI32)
<13:43:04> [2224501A] D3D Adapter: Driver version: 32767.65535.65535.65535
<13:43:04> [E8D1E30D] D3D Adapter: Driver GUID: 00000000-0003-0000-0000000000000000
<13:43:04> [BC8C1ACB] D3D Adapter: VendorId = 0x1002
<13:43:04> [B6A10CFD] D3D Adapter: DeviceId = 0x747E
<13:43:04> [0678E702] D3D Adapter: SubSysId = 0x00000000
<13:43:04> [F2243F0E] D3D Adapter: Revision = 0
<13:43:04> [E571CFEE] Shader manager initialization
<13:43:05> [05BAAEF6] CResFile allocations incurred by user cache preload: (20949.54k)
<13:43:05> [911B73B8] Renderer initialization - Done
<13:43:05> [8E444EA9] Console initialization
<13:43:05> [2904A233] Time initialization
<13:43:05> [3650CFD6] Input initialization
<13:43:05> [BA0D559B] Splash: Initializing Input System...
<13:43:05> Initializing Keyboard
<13:43:05> [99640BF1] Sound initialization
<13:43:05> [BA0D559B] Splash: Initializing Sound System...
<13:43:05> [2C33885C] Sound - Initializing AudioDevice now!
<13:43:05> [E46760A9] <Sound> Initialize FMOD with dynamic memory callbacks
<13:43:06> [D6755BFD] <Sound> Starting to initialize Windows Audio Session API output! 
<13:43:06> [F7E8E3CD] <Sound> Drivers found: 4
<13:43:06> [32CDA16B] <Sound> Available drivers:
	1.	PulseAudio Output (PulseAudio Output)
	2.	Blue Microphones Analog Stereo (Blue Microphones Analog Stereo)
	3.	Wireless Controller (Wireless Controller)
	4.	Family 17h/19h/1ah HD Audio Controller Analog Stereo (Family 17h/19h/1ah HD Audio Controller Analog Stereo)
<13:43:06> [A0BBF7E1] <Sound> FmodEx-AudioDevice: Now running on driver: PulseAudio Output (PulseAudio Output)
<13:43:06> [14D8EFE1] <Sound> Using speaker mode: FMOD_SPEAKERMODE_STEREO
<13:43:06> [E79C27E5] <Sound> Initializing FMOD-EX now!
<13:43:06> [E2A9FE08] <Sound> Available record drivers: 0 PulseAudio Input (PulseAudio Input) !
<13:43:06> [E2A9FE08] <Sound> Available record drivers: 1 Family 17h/19h/1ah HD Audio Controller Analog Stereo (Family 17h/19h/1ah HD Audio Controller Analog Stereo) !
<13:43:06> [E2A9FE08] <Sound> Available record drivers: 2 Wireless Controller (Wireless Controller) !
<13:43:06> [E2A9FE08] <Sound> Available record drivers: 3 Blue Microphones Analog Stereo (Blue Microphones Analog Stereo) !
<13:43:06> [E2A9FE08] <Sound> Available record drivers: 4 Monitor of Family 17h/19h/1ah HD Audio Controller (Monitor of Family 17h/19h/1ah HD Audio Controller) !
<13:43:06> [E2A9FE08] <Sound> Available record drivers: 5 Monitor of Blue Microphones Analog Stereo (Monitor of Blue Microphones Analog Stereo) !
<13:43:06> [E2A9FE08] <Sound> Available record drivers: 6 Wireless Controller (Wireless Controller) !
<13:43:06> [6841BE38] <Sound> Record config is set to autodetect using record driver 0
<13:43:06> [7808B4C4] <Sound> Using FMOD version: 00044414 and internal 00044414!
<13:43:06> [2A2815C7] <Sound> Initialized FMOD-EX
<13:43:06> [BE4EF52E] Sound - Initializing SoundSystem now!
<13:43:06> [0D547471] Font initialization
<13:43:06> [BA0D559B] Splash: Initializing Fonts...
<13:43:06> [C194F7C8][Warning] Cannot load texture textures/defaults/replacemecm.tif, file missing [File=textures/defaults/replacemecm.dds]
<13:43:06> [84206398] AI initialization
<13:43:06> [1BC221DE] Initializing Animation System
<13:43:06> [BA0D559B] Splash: Initializing Animation System...
<13:43:06> [9E592EFE] Initializing 3D Engine
<13:43:06> [BA0D559B] Splash: Initializing 3D Engine...
<13:43:07> [637AF710][Warning] missing chr material : game/objects/characters/ferre/female/nude/Standard_22.mtl (chr: game/objects/characters/ferre/female/nude/fe_f_base.chr)
<13:43:07> [91F5AEEC][Warning] number of bones mismatch! game/objects/characters/ferre/female/nude/fe_f_base.chr=195 game/objects/characters/ferre/female/nude/fe_f_base_lod1.chr=185
<13:43:08> [7415A452] CHR PreCaching 25 Done
<13:43:08> [E7AD4E53] AddSharedMorphTargets - Failed to load objects/characters/dwarf/male/face/dw_m_face00.chr
<13:43:08> [61AD1790] MorphTargetPreCaching - objects/characters/dwarf/male/face/dw_m_face00.chr Add Failed
<13:43:08> [A4A6E4C6] MorphTarget PreCaching 11 Done
<13:43:08> [5ACB40E2] Init Face Makers
<13:43:08> [56B5985B] X2FaceMaker - game/objects/characters/nuian/male/face/nu_m_face01_mid.chr : mouth_UnderbiteOverbite target not exist
<13:43:08> [56B5985B] X2FaceMaker - game/objects/characters/nuian/male/face/nu_m_face01_mid.chr : mouth_UnderbiteOverbite target not exist
<13:43:08> [56B5985B] X2FaceMaker - game/objects/characters/nuian/male/face/nu_m_face01_mid.chr : mouth_UnderbiteOverbite target not exist
<13:43:08> [4ABB03EB] game/objects/characters/ferre/female/face/fe_f_face01_low.chr(303) - objects/characters/ferre/female/face/fe_f_face00.chr(3063) SharedMorph is not matched
<13:43:08> [56B5985B] X2FaceMaker - game/objects/characters/nuian/male/face/nu_m_face01_mid.chr : mouth_UnderbiteOverbite target not exist
<13:43:08> [56B5985B] X2FaceMaker - game/objects/characters/nuian/male/face/nu_m_face01_mid.chr : nose_dw_SeptumVol target not exist
<13:43:08> [56B5985B] X2FaceMaker - game/objects/characters/nuian/male/face/nu_m_face01_mid.chr : nose_dw_NasalZposition target not exist
<13:43:08> [56B5985B] X2FaceMaker - game/objects/characters/nuian/male/face/nu_m_face01_mid.chr : FS_dwEarSize target not exist
<13:43:08> [56B5985B] X2FaceMaker - game/objects/characters/nuian/male/face/nu_m_face01_mid.chr : dwarf_Morph target not exist
<13:43:08> [56B5985B] X2FaceMaker - game/objects/characters/nuian/male/face/nu_m_face01_mid.chr : FS_dw_CheekMeat_min target not exist
<13:43:08> [1191A6A8] X2FaceMaker - game/objects/characters/nuian/male/face/nu_m_face01_mid.chr : FS_dw_CheekMeat_max ex target not exist
<13:43:08> [56B5985B] X2FaceMaker - game/objects/characters/warborn/male/face/wa_m_face01_mid.chr : eye_Forehead target not exist
<13:43:08> [56B5985B] X2FaceMaker - game/objects/characters/warborn/male/face/wa_m_face01_mid.chr : eye_Tail_min target not exist
<13:43:08> [1191A6A8] X2FaceMaker - game/objects/characters/warborn/male/face/wa_m_face01_mid.chr : eye_Tail_max ex target not exist
<13:43:08> [56B5985B] X2FaceMaker - game/objects/characters/warborn/male/face/wa_m_face01_mid.chr : eye_WidthLength_min target not exist
<13:43:08> [1191A6A8] X2FaceMaker - game/objects/characters/warborn/male/face/wa_m_face01_mid.chr : eye_WidthLength_max ex target not exist
<13:43:08> [56B5985B] X2FaceMaker - game/objects/characters/warborn/male/face/wa_m_face01_mid.chr : eye_DoubleEyelidShape target not exist
<13:43:08> [56B5985B] X2FaceMaker - game/objects/characters/warborn/male/face/wa_m_face01_mid.chr : eye_BrowXposition target not exist
<13:43:08> [56B5985B] X2FaceMaker - game/objects/characters/warborn/male/face/wa_m_face01_mid.chr : eye_BrowZposition target not exist
<13:43:08> [56B5985B] X2FaceMaker - game/objects/characters/warborn/male/face/wa_m_face01_mid.chr : nose_Nostril target not exist
<13:43:08> [56B5985B] X2FaceMaker - game/objects/characters/warborn/male/face/wa_m_face01_mid.chr : nose_Size target not exist
<13:43:08> [56B5985B] X2FaceMaker - game/objects/characters/warborn/male/face/wa_m_face01_mid.chr : nose_SeptumZposition target not exist
<13:43:08> [56B5985B] X2FaceMaker - game/objects/characters/warborn/male/face/wa_m_face01_mid.chr : nose_End target not exist
<13:43:08> [56B5985B] X2FaceMaker - game/objects/characters/warborn/male/face/wa_m_face01_mid.chr : nose_Size target not exist
<13:43:08> [56B5985B] X2FaceMaker - game/objects/characters/warborn/male/face/wa_m_face01_mid.chr : mouth_UpperLipVolume target not exist
<13:43:08> [56B5985B] X2FaceMaker - game/objects/characters/warborn/male/face/wa_m_face01_mid.chr : mouth_LowerLipVolume target not exist
<13:43:08> [56B5985B] X2FaceMaker - game/objects/characters/warborn/male/face/wa_m_face01_mid.chr : mouth_UpperLipOpen target not exist
<13:43:08> [56B5985B] X2FaceMaker - game/objects/characters/warborn/male/face/wa_m_face01_mid.chr : mouth_LowerLipOpen target not exist
<13:43:08> [56B5985B] X2FaceMaker - game/objects/characters/warborn/male/face/wa_m_face01_mid.chr : mouth_MouthOpen target not exist
<13:43:08> [56B5985B] X2FaceMaker - game/objects/characters/warborn/male/face/wa_m_face01_mid.chr : mouth_Size target not exist
<13:43:08> [56B5985B] X2FaceMaker - game/objects/characters/warborn/male/face/wa_m_face01_mid.chr : mouth_Shape_min target not exist
<13:43:08> [1191A6A8] X2FaceMaker - game/objects/characters/warborn/male/face/wa_m_face01_mid.chr : mouth_Shape_max ex target not exist
<13:43:08> [56B5985B] X2FaceMaker - game/objects/characters/warborn/male/face/wa_m_face01_mid.chr : mouth_TeethZposition target not exist
<13:43:08> [56B5985B] X2FaceMaker - game/objects/characters/warborn/male/face/wa_m_face01_mid.chr : FS_JawHigh_min target not exist
<13:43:08> [1191A6A8] X2FaceMaker - game/objects/characters/warborn/male/face/wa_m_face01_mid.chr : FS_JawHigh_max ex target not exist
<13:43:08> [56B5985B] X2FaceMaker - game/objects/characters/warborn/male/face/wa_m_face01_mid.chr : FS_EarRotate_min target not exist
<13:43:08> [1191A6A8] X2FaceMaker - game/objects/characters/warborn/male/face/wa_m_face01_mid.chr : FS_EarRotate_max ex target not exist
<13:43:08> [56B5985B] X2FaceMaker - game/objects/characters/warborn/male/face/wa_m_face01_mid.chr : FS_Beard1 target not exist
<13:43:08> [56B5985B] X2FaceMaker - game/objects/characters/warborn/male/face/wa_m_face01_mid.chr : FS_Beard2 target not exist
<13:43:08> [56B5985B] X2FaceMaker - game/objects/characters/warborn/male/face/wa_m_face01_mid.chr : FS_Beard3 target not exist
<13:43:09> [56B5985B] X2FaceMaker - game/objects/characters/warborn/female/face/wa_f_face01_mid.chr : eye_Yposition_min target not exist
<13:43:09> [1191A6A8] X2FaceMaker - game/objects/characters/warborn/female/face/wa_f_face01_mid.chr : eye_Yposition_max ex target not exist
<13:43:09> [56B5985B] X2FaceMaker - game/objects/characters/warborn/female/face/wa_f_face01_mid.chr : FS_AllLowerY target not exist
<13:43:09> [56B5985B] X2FaceMaker - game/objects/characters/warborn/female/face/wa_f_face01_mid.chr : FS_AllRotate target not exist
<13:43:09> [56B5985B] X2FaceMaker - game/objects/characters/warborn/female/face/wa_f_face01_mid.chr : FS_AllY target not exist
<13:43:09> [56B5985B] X2FaceMaker - game/objects/characters/warborn/female/face/wa_f_face01_mid.chr : mouth_Open_min target not exist
<13:43:09> [1191A6A8] X2FaceMaker - game/objects/characters/warborn/female/face/wa_f_face01_mid.chr : mouth_Open_max ex target not exist
<13:43:09> [E320B5CE] Init Face Makers - Done!
<13:43:09> [581CA53C] Script System Initialization
<13:43:09> [BA0D559B] Splash: Initializing Script System...
<13:43:09> [000004EE][Warning] [Lua Error] 1_3_0/scripts/common.lua:276: attempt to index global 'Script' (a nil value)
<13:43:09> [58F3F7FF][Warning] <null>:0: [Lua Error] Failed to execute file @game/scriptsbin/common.alb
<13:43:09> [D8B2BA54] Entity system initialization
<13:43:09> [BA0D559B] Splash: Initializing Entity System...
<13:43:09> [D55F91B2][Warning] [CEntityClassRegistry] LoadClassDescription failed, Entity Class name Chick already registered
<13:43:09> [BA0D559B] Splash: Initializing AI System...
<13:43:09> [DA019954] Initializing AI System
<13:43:09> [2546BCC5] Initializing Budgeting System
<13:43:09> [C0E19025] Initializing Seamless System
<13:43:09> [BA0D559B] Splash: Loading Game Data...
<13:43:10> [90B8EC50][Warning] too many ranges: aoe_shapes descs 10156(10156) threshold 100 ranges 12
<13:43:11> [BA4AD6CE] Loading portal list
<13:43:11> [92597454] Portal added, enter: 3891, exit: 6629
<13:43:11> [92597454] Portal added, enter: 21448, exit: 21449
<13:43:11> [92597454] Portal added, enter: 21450, exit: 21451
<13:43:11> [92597454] Portal added, enter: 21452, exit: 21453
<13:43:11> [92597454] Portal added, enter: 21698, exit: 21699
<13:43:11> [92597454] Portal added, enter: 22023, exit: 22024
<13:43:11> [92597454] Portal added, enter: 22042, exit: 22066
<13:43:11> [92597454] Portal added, enter: 22136, exit: 22137
<13:43:11> [92597454] Portal added, enter: 22163, exit: 22164
<13:43:11> [92597454] Portal added, enter: 22184, exit: 22185
<13:43:11> [92597454] Portal added, enter: 22336, exit: 22337
<13:43:11> [92597454] Portal added, enter: 9000063, exit: 9000064
<13:43:11> [1C664009] End loading portal list
<13:43:11> [937812F7] loaded DDCMS (1396969 descs, 719156 links (17 page 16.95MB size) string) from game\db\compact.sqlite3 in 1057 ms
<13:43:11> [BA0D559B] Splash: Initializing Game System...
<13:43:11> [000004EE][Warning] [Lua Error] no localized ui text for 18 always_refund
<13:43:12> [0ADE3294][Warning] [MFX] Effect 'collisions:grenade' already present. Overriding.
<13:43:12> [311630D1][Warning] MFX WARNING: Material not found: mat_ice_breakable
<13:43:12>  
<13:43:12>    sys_spec = Custom (assuming 4)
<13:43:12>      option_anti_aliasing = 2 expected:3
<13:43:12>  
<13:43:12> [BA0D559B] Splash: Preparing Screen...
<13:43:12> [963385F6] Level System - Loading Start
<13:43:12> [806B6F8D] precaching world entities ..
<13:43:12> [7E39E0DE] precaching world entities .. done!  total (0) objects
<13:43:12> [D2B280D6] Vegetation Manager : Loading World(login2)
<13:43:12> [075AB92F] Vegetation Manager : Loading World - Done (total 36 vegetations)
<13:43:12> [B9410AA1] total 20 terrain world surfaces loaded
<13:43:12> Loading Particle Library: collisions
<13:43:12> Loading Particle Library: water
<13:43:12> Loading Particle Library: misc
<13:43:12> Loading Particle Library: ability_skill_table
<13:43:12> Loading Particle Library: ability_skill_table_k
<13:43:12> Loading Particle Library: abillity_skill_table_m
<13:43:12> Loading Particle Library: machinima
<13:43:12> Loading Particle Library: x2_effects
<13:43:13> Loading Particle Library: x2_effects_k
<13:43:13> [280A47E3] Precached total 2 materials
<13:43:13> [7B1A973B] seamless loading cell terrain(W0, 1), (L0, 0)
<13:43:13> [3EF08C47] seamless loading cell object(W0, 1), (L0, 0)
<13:43:13> [584C4FFD] [net 17:43:04.445]  dns ip:192.168.1.202
<13:43:13> [584C4FFD] [net 17:43:04.445]  dns ip:172.17.0.1
<13:43:13> [584C4FFD] [net 17:43:04.445]  dns ip:172.19.0.1
<13:43:13> [584C4FFD] [net 17:43:04.445]  dns ip:172.18.0.1
<13:43:13> [0DE3FA89][Error] CryAnimation: character-definition creation failed: game/objects/characters/elf/female/nude/el_f_kyprosa.cdf
<13:43:13> [13A58BA0][Error] CryAnimation: character-definition not found: game/objects/characters/elf/female/nude/el_f_kyprosa.cdf
<13:43:13> [4DD44108] Start DaruCommon Extension
<13:43:13> [1B425DA5] Duplicated post effect param! pszName = FilterMaskedBlurring_Amount
<13:43:13> [1B425DA5] Duplicated post effect param! pszName = FilterMaskedBlurring_MaskTexName
<13:43:13> [1B425DA5] Duplicated post effect param! pszName = FilterChromaShift_User_Amount
<13:43:13> [1B425DA5] Duplicated post effect param! pszName = FilterGrain_Amount
<13:43:13> [8F6BAA6C][Warning] Couldn't find console variable 'e_water_ocean_fft'
<13:43:13> Loading Particle Library: wind
<13:43:13> Loading Particle Library: X2_EFFECT_O
<13:43:13> [000004EE][Warning] Particle effect not found: '                                                                ', from ParticleEffect fx_land_green
<13:43:13> [12409CCC] Load Zone Finished
<13:43:13> [A39C1725] Level System - Loading Complete
<13:43:13> [27293DED] -----------------------------------------------------
<13:43:13> [120C18F5] * LOADING: 'loginbg4' loading time: 1.52 seconds
<13:43:13> [27293DED] -----------------------------------------------------
<13:43:13> [000004EE][Warning] [Lua Error] no client player exists
<13:43:13> [A13C772D][Warning] Cannot load texture ui/font_color.g, Image file format is invalid [File=ui/font_color.g]
<13:43:14> [000FABC5][Warning] CAreaGrid::BeginAreas() called before being initialized.
<13:43:14> [000004EE][Warning] I3DEngine::RegisterEntity: entity reports invalid position: Name: LightEntityName (), Class: LightEntityClass, Pos=(515.8,6996.2,587.4), aabb center=(0.0,40.0,0.0)
<13:43:16> [11E02DA3][Warning] Cannot load texture textures/defaults/16_12.dds, file missing [File=textures/defaults/16_12.dds]
<13:43:17> [1D01FDCA] Auth: client connected to server
<13:43:17> [584C4FFD] [net 17:43:17.193]  socket ip:192.168.1.202
<13:43:17> [4C920A71] mac address : 74-56-3c-fe-52-f3
<13:43:18> [A13C772D][Warning] Cannot load texture ui/font_color.g, Image file format is invalid [File=ui/font_color.g]
<13:43:21> [7CC1A260] Save Game Option
<13:43:21> [D2121932] Change resolution: 2560x1440x32 (Fullscreen)
<13:43:21> [FD3FC76F] resetting terrain texture cache
<13:43:21> [FD3FC76F] resetting terrain texture cache
<13:43:21> [583D6F38] Final resolution: 2560x1440x32 (Fullscreen)
<13:43:21> [9FC303B8][Error] [CVARS]: [DUPLICATE] CXConsole::RegisterFloat(): variable [ui_double_click_interval] is already registered
<13:43:21> [000004EE][Warning] [Lua Error] no localized ui text for 18 always_refund
<13:43:21> [000004EE][Warning] [Lua Error] no client player exists
<13:43:21> [09F46B9D]     cl_fov = 90 []
<13:43:21> [09F46B9D]     camera_max_dist = 180 []
<13:43:21> [73861D69] Unknown command: name_tag_hp_width_on_bgmode 80
<13:43:21> [73861D69] Unknown command: name_tag_hp_height_on_bgmode 30
<13:43:21> [247165BA][Warning] Cannot load texture ui/login_stage/background/game_information.dds, file missing [File=ui/login_stage/background/game_information.dds]
<13:43:24> [584C4FFD] [net 17:43:24.578] connection requested to: 192.95.21.64:1239
<13:43:24> [4ABA7BDB] Auth: client disconnected (reason=0)
<13:43:24> [0F08E548] [NetConnection] connect completed (succeeded:true)
<13:43:24> [48F7BDF2] invalid world id in world queue packet
<13:43:24> [26623ECA] ucc info.. 5 0
<13:43:24> [4516816D] pay method: person
<13:43:24> [4AA30841] pay location: person
<13:43:24> [ADF1C07E] pay start: 1900-1-1 00:00:00
<13:43:24> [6486A277] pay end: 1900-1-1 00:00:00
<13:43:24> [FFF6198C] premium point: 0
<13:43:24> [481C0862] premium grade: premium_0
<13:43:24> [88D9AB0C] real pay time: 0
<13:43:25> [34CCC219] stream: connected to world server
<13:43:25> [06A46B5B] stream: authorized by world server
<13:43:25> [4516816D] pay method: person
<13:43:25> [4AA30841] pay location: person
<13:43:25> [ADF1C07E] pay start: 1900-1-1 00:00:00
<13:43:25> [6486A277] pay end: 2037-12-31 16:00:00
<13:43:25> [FFF6198C] premium point: 0
<13:43:25> [481C0862] premium grade: premium_0
<13:43:25> [88D9AB0C] real pay time: -1
<13:43:25> [82321C2B][Warning] [net 17:43:25.373] [time] remote time estimation restarted; estimate accumulator age was 270952.187500
<13:43:27> [637AF710][Warning] missing chr material : game/objects/characters/warborn/female/parts/ar/obj/wa_f_ar_leather181.mtl (chr: game/objects/characters/warborn/female/parts/ar/obj/wa_f_1ac014_1ar117_2ar602_2arm004_2bt005_2pv002.chr)
<13:43:27> [9FC303B8][Error] [CVARS]: [DUPLICATE] CXConsole::RegisterFloat(): variable [ui_double_click_interval] is already registered
<13:43:27> [000004EE][Warning] [Lua Error] no localized ui text for 18 always_refund
<13:43:27> [09F46B9D]     cl_fov = 90 []
<13:43:27> [09F46B9D]     camera_max_dist = 180 []
<13:43:27> [09F46B9D]     name_tag_hp_width_on_bgmode = 80 []
<13:43:27> [09F46B9D]     name_tag_hp_height_on_bgmode = 30 []
<13:43:27> [A13C772D][Warning] Cannot load texture ui/font_color.g, Image file format is invalid [File=ui/font_color.g]
<13:43:27> [06E6A3E9][Warning] Cannot load texture ui/login_stage/queue.dds, file missing [File=ui/login_stage/queue.dds]
<13:43:27> [000004EE][Warning] RenderMesh not assigned game/objects/box_nodraw.cgf
<13:43:29> [DA579B6C][Error] can't load client driven connect info.. Kompy
<13:43:33> [0DE3FA89][Error] CryAnimation: character-definition creation failed: game/objects/characters/returned/female/nude/re_f.cdf
<13:43:33> [6FF68EA5] SetInstantTime: type 0 time 0
<13:43:33> [6FF68EA5] SetInstantTime: type 1 time 1758211439
<13:43:33> [6FF68EA5] SetInstantTime: type 2 time 1757821854
<13:43:33> [6FF68EA5] SetInstantTime: type 3 time 0
<13:43:33> [6FF68EA5] SetInstantTime: type 4 time 0
<13:43:33> [6FF68EA5] SetInstantTime: type 5 time 0
<13:43:33> [6FF68EA5] SetInstantTime: type 6 time 0
<13:43:33> [6FF68EA5] SetInstantTime: type 7 time 1758207950
<13:43:33> [82321C2B][Warning] [net 17:43:33.987] [time] remote time estimation restarted; estimate accumulator age was 2.762149
<13:43:33> [0E61BD35] ExpeditionMember 5 added
<13:43:33> [51CFCC4C] ExpeditionMember count matched. total 5
<13:43:33> [966861E8][Warning] GetAllPolicies empty
<13:43:33> [67B7DD8A][Warning] my ExpeditionMemberDesc not exist
<13:43:34> [7AB931CE] seamless unloading cell object(W0, 0), (L0, 0)
<13:43:34> [4B1E8B22] unload cell object count : 1511
<13:43:34> [B866A294] seamless unloading cell terrain(W0, 0), (L0, 0)
<13:43:34> [963385F6] Level System - Loading Start
<13:43:34> [E0E0EDAE][Warning] failed to load zone time of day from game/worlds/main_world/zone/225//time_of_day.xml
<13:43:34> [AB17243B][Warning] failed to load zone environment from game/worlds/main_world/zone/309//env.xml
<13:43:34> [35D4413E][Warning] failed to load zone clouds from game/worlds/main_world/zone/309//clouds.xml
<13:43:34> [806B6F8D] precaching world entities ..
<13:43:34> [7E39E0DE] precaching world entities .. done!  total (1778) objects
<13:43:34> [D2B280D6] Vegetation Manager : Loading World(main_world)
<13:43:35> [075AB92F] Vegetation Manager : Loading World - Done (total 3055 vegetations)
<13:43:35> [000004EE][Error] CTerrain::LoadWorldSurfaces: Error loading material: materials/Terrain/gweonidforest/w_forest_road_a1
<13:43:35> [751FFB9E][Warning] Error: CShaderMan::mfCreateShaderResources: Couldn't find detail texture
'game/textures/aa_terrain/canyon/tr_canyon_rock_616a_ddn.tga' in path '' [File=game/textures/aa_terrain/canyon/tr_canyon_rock_616a_ddn.tga]
<13:43:35> [B9410AA1] total 600 terrain world surfaces loaded
<13:43:35> [280A47E3] Precached total 4 materials
<13:43:35> [7B1A973B] seamless loading cell terrain(W20, 10), (L4, 4)
<13:43:35> [7B1A973B] seamless loading cell terrain(W21, 10), (L5, 4)
<13:43:35> [7B1A973B] seamless loading cell terrain(W20, 9), (L4, 3)
<13:43:35> [7B1A973B] seamless loading cell terrain(W20, 11), (L4, 5)
<13:43:35> [7B1A973B] seamless loading cell terrain(W19, 10), (L3, 4)
<13:43:35> [7B1A973B] seamless loading cell terrain(W21, 9), (L5, 3)
<13:43:35> [7B1A973B] seamless loading cell terrain(W21, 11), (L5, 5)
<13:43:35> [7B1A973B] seamless loading cell terrain(W19, 9), (L3, 3)
<13:43:35> [7B1A973B] seamless loading cell terrain(W19, 11), (L3, 5)
<13:43:35> [7B1A973B] seamless loading cell terrain(W22, 10), (L6, 4)
<13:43:35> [7B1A973B] seamless loading cell terrain(W20, 8), (L4, 2)
<13:43:35> [7B1A973B] seamless loading cell terrain(W20, 12), (L4, 6)
<13:43:35> [7B1A973B] seamless loading cell terrain(W18, 10), (L2, 4)
<13:43:35> [7B1A973B] seamless loading cell terrain(W22, 9), (L6, 3)
<13:43:35> [7B1A973B] seamless loading cell terrain(W21, 8), (L5, 2)
<13:43:35> [7B1A973B] seamless loading cell terrain(W22, 11), (L6, 5)
<13:43:35> [7B1A973B] seamless loading cell terrain(W19, 8), (L3, 2)
<13:43:35> [7B1A973B] seamless loading cell terrain(W21, 12), (L5, 6)
<13:43:35> [7B1A973B] seamless loading cell terrain(W18, 9), (L2, 3)
<13:43:35> [7B1A973B] seamless loading cell terrain(W19, 12), (L3, 6)
<13:43:35> [7B1A973B] seamless loading cell terrain(W18, 11), (L2, 5)
<13:43:35> [7B1A973B] seamless loading cell terrain(W22, 8), (L6, 2)
<13:43:35> [7B1A973B] seamless loading cell terrain(W22, 12), (L6, 6)
<13:43:35> [7B1A973B] seamless loading cell terrain(W18, 8), (L2, 2)
<13:43:35> [7B1A973B] seamless loading cell terrain(W23, 10), (L7, 4)
<13:43:35> [7B1A973B] seamless loading cell terrain(W18, 12), (L2, 6)
<13:43:35> [7B1A973B] seamless loading cell terrain(W20, 7), (L4, 1)
<13:43:35> [7B1A973B] seamless loading cell terrain(W20, 13), (L4, 7)
<13:43:35> [7B1A973B] seamless loading cell terrain(W23, 9), (L7, 3)
<13:43:35> [7B1A973B] seamless loading cell terrain(W21, 7), (L5, 1)
<13:43:35> [7B1A973B] seamless loading cell terrain(W17, 10), (L1, 4)
<13:43:35> [7B1A973B] seamless loading cell terrain(W23, 11), (L7, 5)
<13:43:35> [7B1A973B] seamless loading cell terrain(W19, 7), (L3, 1)
<13:43:35> [7B1A973B] seamless loading cell terrain(W21, 13), (L5, 7)
<13:43:35> [7B1A973B] seamless loading cell terrain(W17, 9), (L1, 3)
<13:43:35> [7B1A973B] seamless loading cell terrain(W19, 13), (L3, 7)
<13:43:35> [7B1A973B] seamless loading cell terrain(W17, 11), (L1, 5)
<13:43:35> [7B1A973B] seamless loading cell terrain(W23, 8), (L7, 2)
<13:43:35> [7B1A973B] seamless loading cell terrain(W22, 7), (L6, 1)
<13:43:35> [7B1A973B] seamless loading cell terrain(W23, 12), (L7, 6)
<13:43:35> [7B1A973B] seamless loading cell terrain(W18, 7), (L2, 1)
<13:43:35> [7B1A973B] seamless loading cell terrain(W22, 13), (L6, 7)
<13:43:35> [7B1A973B] seamless loading cell terrain(W17, 8), (L1, 2)
<13:43:35> [7B1A973B] seamless loading cell terrain(W18, 13), (L2, 7)
<13:43:35> [7B1A973B] seamless loading cell terrain(W17, 12), (L1, 6)
<13:43:35> [7B1A973B] seamless loading cell terrain(W20, 6), (L4, 0)
<13:43:35> [3EF08C47] seamless loading cell object(W20, 10), (L4, 4)
<13:43:35> [000004EE][Warning] [CGF Error] game/objects/env/02_harihara/001_hcom/hcom_cart_b.cgf [:] LOD1 of geometry hcom_cart_b contains too many polygons comparing to the LOD0 [770 against 1114] :
<13:43:35> Loading Particle Library: X2_EFFECTS_P
<13:43:36> Loading Particle Library: x2_sounds
<13:43:36> [3EF08C47] seamless loading cell object(W21, 10), (L5, 4)
<13:43:36> [000004EE][Warning] [CGF Error] game/objects/env/01_nuia/001_housing/housing_people/hs_people_roof_a.cgf [:] Duplicate LOD helper $lod2 hs_people_roof_a
<13:43:36> [000004EE][Warning] [CGF Error] game/objects/env/01_nuia/001_housing/housing_guild/nuia_h_guild_door_b_back.cga [:] non-uniform scale(1.00, 1.39, 1.00) at node(nuia_h_guild_door_b01_back)
<13:43:36> [3EF08C47] seamless loading cell object(W20, 9), (L4, 3)
<13:43:36> [3EF08C47] seamless loading cell object(W20, 11), (L4, 5)
<13:43:36> [3EF08C47] seamless loading cell object(W19, 10), (L3, 4)
<13:43:36> [3EF08C47] seamless loading cell object(W21, 9), (L5, 3)
<13:43:36> [3EF08C47] seamless loading cell object(W21, 11), (L5, 5)
<13:43:36> [A5DDEC33][Warning] Warning: CShaderMan::mfForName: NULL name
<13:43:36> [3EF08C47] seamless loading cell object(W19, 9), (L3, 3)
<13:43:36> [3EF08C47] seamless loading cell object(W19, 11), (L3, 5)
<13:43:37> [3EF08C47] seamless loading cell object(W22, 10), (L6, 4)
<13:43:37> [3EF08C47] seamless loading cell object(W20, 8), (L4, 2)
<13:43:37> [3EF08C47] seamless loading cell object(W20, 12), (L4, 6)
<13:43:37> [3EF08C47] seamless loading cell object(W18, 10), (L2, 4)
<13:43:37> [3EF08C47] seamless loading cell object(W22, 9), (L6, 3)
<13:43:37> [3EF08C47] seamless loading cell object(W21, 8), (L5, 2)
<13:43:38> [000004EE][Warning] [CGF Error] game/objects/env/02_harihara/03_ti/ti_factorymain_a.cga [:] Invalid BBox : has Invalid BBox node(Object32)
<13:43:38> [3EF08C47] seamless loading cell object(W22, 11), (L6, 5)
<13:43:38> [3EF08C47] seamless loading cell object(W19, 8), (L3, 2)
<13:43:38> [3EF08C47] seamless loading cell object(W21, 12), (L5, 6)
<13:43:38> [3EF08C47] seamless loading cell object(W18, 9), (L2, 3)
<13:43:38> [04F52114][Warning] Cannot load texture game/objects/env/02_harihara/01_ma/ma_top_mhouse12_sp.dds, file missing [File=game/objects/env/02_harihara/01_ma/ma_top_mhouse12_sp.dds]
<13:43:38> [3EF08C47] seamless loading cell object(W19, 12), (L3, 6)
<13:43:38> [3EF08C47] seamless loading cell object(W18, 11), (L2, 5)
<13:43:38> [12409CCC] Load Zone Finished
<13:43:38> [000004EE][Warning] I3DEngine::RegisterEntity: entity reports invalid position: Name: LightEntityName (), Class: LightEntityClass, Pos=(6411.5,2342.7,2816.1), aabb center=(142.0,1019.8,-2.3)
<13:43:39> [5CE4EF2C][Warning] failed to load particle lib from (Libs/Particles/game/abillity_skill_table_m.xml)
<13:43:39> [000004EE][Warning] Particle effect not found: 'game/abillity_skill_table_m.wild.shock_form2', from unknown 
<13:43:39> [2BFDEC33][Error] realstep 8, not match unit req
<13:43:39> [A39C1725] Level System - Loading Complete
<13:43:39> [9BE3F673] total 0 CGF files are precached
<13:43:39> [27293DED] -----------------------------------------------------
<13:43:39> [120C18F5] * LOADING: 'e_singing_land_1' loading time: 5.37 seconds
<13:43:39> [27293DED] -----------------------------------------------------
<13:43:39> [000004EE][Warning] Independent immortal particle effect spawned: X2_EFFECT_O.Interaction.enchant_wpn_range_honor_3g
<13:43:40> [CA175C82][Warning] non-stream IO. system(CGF), filePath(game/objects/env/01_nuia/001_housing/housing_house/housing_addon_floor_m.cgf)
<13:43:40> [745BAE2F][Warning] failed to stream material xml(game/$picking.mtl)
<13:43:40> [CE0EF930][Warning] failed to stream cgf : default
<13:43:40> [755A3546][Warning] Error: CShaderMan::mfCreateShaderResources: Couldn't find custom secondary texture 'game/objects/env/01_nuia/001_housing/housing_house/nuia_housing_treemossy03_ddn.dds' in path '' [File=game/objects/env/01_nuia/001_housing/housing_house/nuia_housing_treemossy03_ddn.dds]
<13:43:40> [5132FEDE][Warning] invalid attached position(-19.27, -7.29, 31.25)
<13:43:40> [A4D70365][Warning] rigid-body own-entity; prefab=prefabs/interaction_c.xml/furniture.kraken_prop_al node=AnimObject_144
<13:43:41> [BF0124EC][Warning] Error: CShaderMan::mfCreateShaderResources: Couldn't find decal texture 'game/objects/Env/01_nuia/001_housing/housing_house/housing_house_equipment_glow.dds' in path '' [File=game/objects/Env/01_nuia/001_housing/housing_house/housing_house_equipment_glow.dds]
<13:43:41> [CE2F4035][Warning] chr physical geom is not precached. (game/objects/env/01_nuia/001_housing/housing_house/housing_house_equipment.chr)
<13:43:41> [637AF710][Warning] missing chr material : game/objects/characters/nuian/male/parts/hm/obj/nu_m_hm_cloth135.mtl (chr: game/objects/characters/nuian/male/parts/hm/obj/nu_m_2hm104.chr)
<13:43:41> [000004EE][Warning] [CGF Error] game/objects/env/01_nuia/001_housing/housing_furniture/hs_f_safe_d.cgf [:] LOD1 of geometry hs_f_safe_d contains too many polygons comparing to the LOD0 [1606 against 2318] :
<13:43:42> [000004EE][Warning] [CGF Error] game/objects/env/01_nuia/001_ndeco/ndeco_dboss.cgf [:] LOD1 of geometry  contains too many polygons comparing to the LOD0 [2373 against 3082] :
<13:43:43> [09F46B9D]     cl_fov = 90 []
<13:43:43> [09F46B9D]     camera_max_dist = 180 []
<13:43:43> [09F46B9D]     name_tag_hp_width_on_bgmode = 80 []
<13:43:43> [09F46B9D]     name_tag_hp_height_on_bgmode = 30 []
<13:43:43> [000004EE][Warning] [Lua Error] Failed to load script file scriptsbin/x2ui/assignment/form.alb
<13:43:43> [A13C772D][Warning] Cannot load texture ui/font_color.g, Image file format is invalid [File=ui/font_color.g]
<13:43:43> [B5A61D8F] Chat Channel(0) Color is not found.
<13:43:43> [000004EE][Warning] [Lua Error] ...ts/x2ui/loginstage/character_create/locale/en_us.lua:524: attempt to index a nil value
<13:43:43> [58F3F7FF][Warning] <null>:0: [Lua Error] Failed to execute file @game/scriptsbin/x2ui/loginstage/character_create/locale/en_us.alb
<13:43:43> [73AFCD09][Warning] Cannot load texture ui/map/frame_map_2.dds, file missing [File=ui/map/frame_map_2.dds]
<13:43:44> [000004EE][Warning] [Lua] invalid style type...  / brown
<13:43:44> [82321C2B][Warning] [net 17:43:44.304] [time] remote time estimation restarted; estimate accumulator age was 0.996329
<13:43:44> [BCCDC555][Warning] MakeSprite - too many sprite update (10). dropping.. (sprites : 65)
<13:43:45> [6603E38F][Warning] CryAnimation: Invalid BBox (-20266.691,-0.239,-1.517)-(20266.689,0.239,1.640). ModenPath: 'game/objects/env/02_harihara/05_si/si_shop_in_c_door.cga'  ErrorCode: 00000012
<13:43:50> [6603E38F][Warning] CryAnimation: Invalid BBox (-1.#NAN00,-1.#NAN00,-1.#NAN00)-(-1.#NAN00,-1.#NAN00,-1.#NAN00). ModenPath: 'game/objects/env/02_harihara/05_si/si_shop_in_c_door.cga'  ErrorCode: 0000c000
<13:43:51> [000004EE][Warning] [CGF Error] game/objects/env/01_nuia/001_ndeco/making/ndeco_powerfulmaking.cga [:] LOD1 of geometry parts01 contains too many polygons comparing to the LOD0 [1592 against 1130] :
<13:43:54> [94DB4391][Warning] Cannot load texture game/objects/characters/animals/cat_baby_cat/cat_baby_stripes_pet_df.dds, file missing [File=game/objects/characters/animals/cat_baby_cat/cat_baby_stripes_pet_df.dds]
<13:43:54> [D42935C5][Warning] Error: CShaderMan::mfCreateShaderResources: Couldn't find subsurface texture 'game/objects/characters/animals/cat_baby_cat/cat_baby_stripes_pet_df.dds' in path '' [File=game/objects/characters/animals/cat_baby_cat/cat_baby_stripes_pet_df.dds]
<13:43:55> [6603E38F][Warning] CryAnimation: Invalid BBox (-1.#NAN00,-1.#NAN00,-1.#NAN00)-(-1.#NAN00,-1.#NAN00,-1.#NAN00). ModenPath: 'game/objects/env/02_harihara/05_si/si_shop_in_c_door.cga'  ErrorCode: 0000c000
<13:44:00> [6603E38F][Warning] CryAnimation: Invalid BBox (-1.#NAN00,-1.#NAN00,-1.#NAN00)-(-1.#NAN00,-1.#NAN00,-1.#NAN00). ModenPath: 'game/objects/env/02_harihara/05_si/si_shop_in_c_door.cga'  ErrorCode: 0000c000
<13:44:03> [000004EE][Warning] [CGF Error] game/objects/env/02_harihara/001_hdeco/quest/hdeco_qust_cocoon01.cgf [:] non-uniform scale(0.87, 0.87, 1.00) at node(hdeco_qust_cocoon01_proxy)
<13:44:04> [CE0EF930][Warning] failed to stream cgf : default
<13:44:05> [6603E38F][Warning] CryAnimation: Invalid BBox (-1.#NAN00,-1.#NAN00,-1.#NAN00)-(-1.#NAN00,-1.#NAN00,-1.#NAN00). ModenPath: 'game/objects/env/02_harihara/05_si/si_shop_in_c_door.cga'  ErrorCode: 0000c000
<13:44:06> Loading Particle Library: pino_effect
<13:44:06> [A5DDEC33][Warning] Warning: CShaderMan::mfForName: NULL name
<13:44:09> [CE0EF930][Warning] failed to stream cgf : default
<13:44:09> [E9F2E683][Warning] Cannot load texture textures/terrain/bump_detail/detail_bump_wood_007_ddn.dds, file missing [File=textures/terrain/bump_detail/detail_bump_wood_007_ddn.dds]
<13:44:09> [4655D2D5][Warning] Error: CShaderMan::mfCreateShaderResources: Couldn't find detail texture
'textures/terrain/bump_detail/detail_bump_wood_007_ddn.dds' in path '' [File=textures/terrain/bump_detail/detail_bump_wood_007_ddn.dds]
<13:44:10> [6603E38F][Warning] CryAnimation: Invalid BBox (-1.#NAN00,-1.#NAN00,-1.#NAN00)-(-1.#NAN00,-1.#NAN00,-1.#NAN00). ModenPath: 'game/objects/env/02_harihara/05_si/si_shop_in_c_door.cga'  ErrorCode: 0000c000
<13:44:12> [745BAE2F][Warning] failed to stream material xml(game/materials/aa_terrain/decals/quest_golddust.mtl)
<13:44:15> [62232BEA][Warning] deferred xml stream error - game/animations/monster/daru_shadow_seller/lmg_files/fist_mo_normal_walk.lmg : f0000003
<13:44:15> [CE0EF930][Warning] failed to stream cgf : default
<13:44:15> [637AF710][Warning] missing chr material : game/objects/characters/monster/daru/daru_shadow_seller/daru_shadow.mtl (chr: game/objects/characters/monster/daru/daru_shadow_seller/daru_shadow_seller.chr)
<13:44:15> [6603E38F][Warning] CryAnimation: Invalid BBox (-1.#NAN00,-1.#NAN00,-1.#NAN00)-(-1.#NAN00,-1.#NAN00,-1.#NAN00). ModenPath: 'game/objects/env/02_harihara/05_si/si_shop_in_c_door.cga'  ErrorCode: 0000c000
<13:44:16> [E126B923][Warning] Cannot load texture game/objects/env/01_nuia/001_housing/housing_furniture/hs_f_drums_ddn, file missing [File=game/objects/env/01_nuia/001_housing/housing_furniture/hs_f_drums_ddn]
<13:44:18> [BCCDC555][Warning] MakeSprite - too many sprite update (10). dropping.. (sprites : 66)
<13:44:20> [745BAE2F][Warning] failed to stream material xml(game/objects/characters/animals/seagull/Material #0.mtl)
<13:44:20> [6603E38F][Warning] CryAnimation: Invalid BBox (-1.#NAN00,-1.#NAN00,-1.#NAN00)-(-1.#NAN00,-1.#NAN00,-1.#NAN00). ModenPath: 'game/objects/env/02_harihara/05_si/si_shop_in_c_door.cga'  ErrorCode: 0000c000
<13:44:24> [CE0EF930][Warning] failed to stream cgf : default
<13:44:25> [6603E38F][Warning] CryAnimation: Invalid BBox (-1.#NAN00,-1.#NAN00,-1.#NAN00)-(-1.#NAN00,-1.#NAN00,-1.#NAN00). ModenPath: 'game/objects/env/02_harihara/05_si/si_shop_in_c_door.cga'  ErrorCode: 0000c000
<13:44:26> [A4D70365][Warning] rigid-body own-entity; prefab=prefabs/interaction_c.xml/house.door_anp node=AnimObject_1
<13:44:26> [000004EE][Warning] [CGF Error] game/objects/env/01_nuia/001_ndeco/collect/ndeco_collect_geyser01.cgf [:] non-uniform scale(1.48, 1.48, 1.00) at node(proxy)
<13:44:28> [745BAE2F][Warning] failed to stream material xml(game/objects/characters/animals/osprey/Material #1.mtl)
<13:44:30> [CE0EF930][Warning] failed to stream cgf : default
<13:44:30> [6603E38F][Warning] CryAnimation: Invalid BBox (-1.#NAN00,-1.#NAN00,-1.#NAN00)-(-1.#NAN00,-1.#NAN00,-1.#NAN00). ModenPath: 'game/objects/env/02_harihara/05_si/si_shop_in_c_door.cga'  ErrorCode: 0000c000
<13:44:33> [000004EE][Warning] [CGF Error] game/objects/env/01_nuia/001_ndeco/ndeco_do_rope03.cgf [:] non-uniform scale(0.87, 0.87, 1.00) at node(proxy03)
<13:44:35> [6603E38F][Warning] CryAnimation: Invalid BBox (-1.#NAN00,-1.#NAN00,-1.#NAN00)-(-1.#NAN00,-1.#NAN00,-1.#NAN00). ModenPath: 'game/objects/env/02_harihara/05_si/si_shop_in_c_door.cga'  ErrorCode: 0000c000
<13:44:35> [CE0EF930][Warning] failed to stream cgf : default
<13:44:40> [6603E38F][Warning] CryAnimation: Invalid BBox (-1.#NAN00,-1.#NAN00,-1.#NAN00)-(-1.#NAN00,-1.#NAN00,-1.#NAN00). ModenPath: 'game/objects/env/02_harihara/05_si/si_shop_in_c_door.cga'  ErrorCode: 0000c000
<13:44:45> [6603E38F][Warning] CryAnimation: Invalid BBox (-1.#NAN00,-1.#NAN00,-1.#NAN00)-(-1.#NAN00,-1.#NAN00,-1.#NAN00). ModenPath: 'game/objects/env/02_harihara/05_si/si_shop_in_c_door.cga'  ErrorCode: 0000c000
<13:44:50> [6603E38F][Warning] CryAnimation: Invalid BBox (-1.#NAN00,-1.#NAN00,-1.#NAN00)-(-1.#NAN00,-1.#NAN00,-1.#NAN00). ModenPath: 'game/objects/env/02_harihara/05_si/si_shop_in_c_door.cga'  ErrorCode: 0000c000
<13:44:55> [6603E38F][Warning] CryAnimation: Invalid BBox (-1.#NAN00,-1.#NAN00,-1.#NAN00)-(-1.#NAN00,-1.#NAN00,-1.#NAN00). ModenPath: 'game/objects/env/02_harihara/05_si/si_shop_in_c_door.cga'  ErrorCode: 0000c000
<13:45:00> [6603E38F][Warning] CryAnimation: Invalid BBox (-1.#NAN00,-1.#NAN00,-1.#NAN00)-(-1.#NAN00,-1.#NAN00,-1.#NAN00). ModenPath: 'game/objects/env/02_harihara/05_si/si_shop_in_c_door.cga'  ErrorCode: 0000c000
<13:45:05> [09F46B9D]     cl_fov = 90 []
<13:45:05> [09F46B9D]     camera_max_dist = 180 []
<13:45:05> [09F46B9D]     name_tag_hp_width_on_bgmode = 80 []
<13:45:05> [09F46B9D]     name_tag_hp_height_on_bgmode = 30 []
<13:45:05> [7CC1A260] Save Game Option
<13:45:05> [6603E38F][Warning] CryAnimation: Invalid BBox (-1.#NAN00,-1.#NAN00,-1.#NAN00)-(-1.#NAN00,-1.#NAN00,-1.#NAN00). ModenPath: 'game/objects/env/02_harihara/05_si/si_shop_in_c_door.cga'  ErrorCode: 0000c000
<13:45:10> [6603E38F][Warning] CryAnimation: Invalid BBox (-1.#NAN00,-1.#NAN00,-1.#NAN00)-(-1.#NAN00,-1.#NAN00,-1.#NAN00). ModenPath: 'game/objects/env/02_harihara/05_si/si_shop_in_c_door.cga'  ErrorCode: 0000c000
<13:45:14> [A4D70365][Warning] rigid-body own-entity; prefab=prefabs/fishboat.xml/fishboat.fishboat_wheel02 node=webbed_feet
<13:45:14> [745BAE2F][Warning] failed to stream material xml(game/objects/env/01_nuia/001_ncom/01 - Default.mtl)
<13:45:14> [DD6CD685][Warning] grand child physical proxy is not supported. grandpa(Dipsy), dad(prefab_doodad_model_681264_prefab://prefabs/fishboat.xml/fishboat.fishboat_wheel02), child(webbed_feet)
<13:45:15> [6603E38F][Warning] CryAnimation: Invalid BBox (-1.#NAN00,-1.#NAN00,-1.#NAN00)-(-1.#NAN00,-1.#NAN00,-1.#NAN00). ModenPath: 'game/objects/env/02_harihara/05_si/si_shop_in_c_door.cga'  ErrorCode: 0000c000
<13:45:20> [6603E38F][Warning] CryAnimation: Invalid BBox (-1.#NAN00,-1.#NAN00,-1.#NAN00)-(-1.#NAN00,-1.#NAN00,-1.#NAN00). ModenPath: 'game/objects/env/02_harihara/05_si/si_shop_in_c_door.cga'  ErrorCode: 0000c000
<13:45:24> [B95EE41B][Error] invalid parent unit id(67977)
<13:45:24> [000004EE][Warning] Particle effect not found: 'game/abillity_skill_table_m.magic.icearrow_form', from unknown 
<13:45:25> [CA175C82][Warning] non-stream IO. system(Material), filePath(game/objects/effects/keffect/m_enchant3_silver_l.mtl)
<13:45:25> Loading Particle Library: ljs_particle_fx
<13:45:25> [745BAE2F][Warning] failed to stream material xml(game/objects/effects/keffect/p_fire_blue1a.mtl)
<13:45:25> [6603E38F][Warning] CryAnimation: Invalid BBox (-1.#NAN00,-1.#NAN00,-1.#NAN00)-(-1.#NAN00,-1.#NAN00,-1.#NAN00). ModenPath: 'game/objects/env/02_harihara/05_si/si_shop_in_c_door.cga'  ErrorCode: 0000c000
<13:45:30> [6603E38F][Warning] CryAnimation: Invalid BBox (-1.#NAN00,-1.#NAN00,-1.#NAN00)-(-1.#NAN00,-1.#NAN00,-1.#NAN00). ModenPath: 'game/objects/env/02_harihara/05_si/si_shop_in_c_door.cga'  ErrorCode: 0000c000
<13:45:35> [6603E38F][Warning] CryAnimation: Invalid BBox (-1.#NAN00,-1.#NAN00,-1.#NAN00)-(-1.#NAN00,-1.#NAN00,-1.#NAN00). ModenPath: 'game/objects/env/02_harihara/05_si/si_shop_in_c_door.cga'  ErrorCode: 0000c000
<13:45:38> [000004EE][Warning] Independent immortal particle effect spawned: X2_EFFECT_O.Interaction.enchant_wpn_range_honor_3g
<13:45:38> [562F2D07][Warning] Failed to stream CAF-file [File=animations/item/effect_bone/staff_2h/staff_2h_darkmoon001/default.caf]
<13:45:38> [A4D70365][Warning] rigid-body own-entity; prefab=prefabs/interaction_c.xml/tool.fish_scale_d_m node=AnimObject_131
<13:45:40> [6603E38F][Warning] CryAnimation: Invalid BBox (-1.#NAN00,-1.#NAN00,-1.#NAN00)-(-1.#NAN00,-1.#NAN00,-1.#NAN00). ModenPath: 'game/objects/env/02_harihara/05_si/si_shop_in_c_door.cga'  ErrorCode: 0000c000
<13:45:45> [6603E38F][Warning] CryAnimation: Invalid BBox (-1.#NAN00,-1.#NAN00,-1.#NAN00)-(-1.#NAN00,-1.#NAN00,-1.#NAN00). ModenPath: 'game/objects/env/02_harihara/05_si/si_shop_in_c_door.cga'  ErrorCode: 0000c000
<13:45:49> [A4D70365][Warning] rigid-body own-entity; prefab=prefabs/interaction_c.xml/tool.fish_scale_d_s node=AnimObject_132
<13:45:49> [000004EE][Warning] Independent immortal particle effect spawned: X2_EFFECT_O.Interaction.enchant_wpn_range_honor_3g
<13:45:50> [6603E38F][Warning] CryAnimation: Invalid BBox (-1.#NAN00,-1.#NAN00,-1.#NAN00)-(-1.#NAN00,-1.#NAN00,-1.#NAN00). ModenPath: 'game/objects/env/02_harihara/05_si/si_shop_in_c_door.cga'  ErrorCode: 0000c000
<13:45:55> [6603E38F][Warning] CryAnimation: Invalid BBox (-1.#NAN00,-1.#NAN00,-1.#NAN00)-(-1.#NAN00,-1.#NAN00,-1.#NAN00). ModenPath: 'game/objects/env/02_harihara/05_si/si_shop_in_c_door.cga'  ErrorCode: 0000c000
<13:45:59> [A4D70365][Warning] rigid-body own-entity; prefab=prefabs/interaction_c.xml/tool.fish_scale_d_s node=AnimObject_132
<13:45:59> [000004EE][Warning] Independent immortal particle effect spawned: X2_EFFECT_O.Interaction.enchant_wpn_range_honor_3g
<13:46:00> [6603E38F][Warning] CryAnimation: Invalid BBox (-1.#NAN00,-1.#NAN00,-1.#NAN00)-(-1.#NAN00,-1.#NAN00,-1.#NAN00). ModenPath: 'game/objects/env/02_harihara/05_si/si_shop_in_c_door.cga'  ErrorCode: 0000c000
<13:46:05> [6603E38F][Warning] CryAnimation: Invalid BBox (-1.#NAN00,-1.#NAN00,-1.#NAN00)-(-1.#NAN00,-1.#NAN00,-1.#NAN00). ModenPath: 'game/objects/env/02_harihara/05_si/si_shop_in_c_door.cga'  ErrorCode: 0000c000
<13:46:09> [A4D70365][Warning] rigid-body own-entity; prefab=prefabs/interaction_c.xml/tool.fish_scale_d_m node=AnimObject_131
<13:46:09> [000004EE][Warning] Independent immortal particle effect spawned: X2_EFFECT_O.Interaction.enchant_wpn_range_honor_3g
<13:46:10> [6603E38F][Warning] CryAnimation: Invalid BBox (-1.#NAN00,-1.#NAN00,-1.#NAN00)-(-1.#NAN00,-1.#NAN00,-1.#NAN00). ModenPath: 'game/objects/env/02_harihara/05_si/si_shop_in_c_door.cga'  ErrorCode: 0000c000
<13:46:15> [6603E38F][Warning] CryAnimation: Invalid BBox (-1.#NAN00,-1.#NAN00,-1.#NAN00)-(-1.#NAN00,-1.#NAN00,-1.#NAN00). ModenPath: 'game/objects/env/02_harihara/05_si/si_shop_in_c_door.cga'  ErrorCode: 0000c000
<13:46:19> [A4D70365][Warning] rigid-body own-entity; prefab=prefabs/interaction_c.xml/tool.fish_scale_d_s node=AnimObject_132
<13:46:19> [000004EE][Warning] Independent immortal particle effect spawned: X2_EFFECT_O.Interaction.enchant_wpn_range_honor_3g
<13:46:20> [6603E38F][Warning] CryAnimation: Invalid BBox (-1.#NAN00,-1.#NAN00,-1.#NAN00)-(-1.#NAN00,-1.#NAN00,-1.#NAN00). ModenPath: 'game/objects/env/02_harihara/05_si/si_shop_in_c_door.cga'  ErrorCode: 0000c000
<13:46:25> [6603E38F][Warning] CryAnimation: Invalid BBox (-1.#NAN00,-1.#NAN00,-1.#NAN00)-(-1.#NAN00,-1.#NAN00,-1.#NAN00). ModenPath: 'game/objects/env/02_harihara/05_si/si_shop_in_c_door.cga'  ErrorCode: 0000c000
<13:46:30> [6603E38F][Warning] CryAnimation: Invalid BBox (-1.#NAN00,-1.#NAN00,-1.#NAN00)-(-1.#NAN00,-1.#NAN00,-1.#NAN00). ModenPath: 'game/objects/env/02_harihara/05_si/si_shop_in_c_door.cga'  ErrorCode: 0000c000
<13:46:33> [A4D70365][Warning] rigid-body own-entity; prefab=prefabs/interaction_c.xml/tool.fish_scale_d_s node=AnimObject_132
<13:46:33> [000004EE][Warning] Independent immortal particle effect spawned: X2_EFFECT_O.Interaction.enchant_wpn_range_honor_3g
<13:46:35> Loading Particle Library: X2_EFFECT_KSW
<13:46:35> [745BAE2F][Warning] failed to stream material xml(game/objects/effects/ksw_effect/qilin.mtl)
<13:46:35> [6603E38F][Warning] CryAnimation: Invalid BBox (-1.#NAN00,-1.#NAN00,-1.#NAN00)-(-1.#NAN00,-1.#NAN00,-1.#NAN00). ModenPath: 'game/objects/env/02_harihara/05_si/si_shop_in_c_door.cga'  ErrorCode: 0000c000
<13:46:36> [B95EE41B][Error] invalid parent unit id(71606)
<13:46:40> [6603E38F][Warning] CryAnimation: Invalid BBox (-1.#NAN00,-1.#NAN00,-1.#NAN00)-(-1.#NAN00,-1.#NAN00,-1.#NAN00). ModenPath: 'game/objects/env/02_harihara/05_si/si_shop_in_c_door.cga'  ErrorCode: 0000c000
<13:46:45> [6603E38F][Warning] CryAnimation: Invalid BBox (-1.#NAN00,-1.#NAN00,-1.#NAN00)-(-1.#NAN00,-1.#NAN00,-1.#NAN00). ModenPath: 'game/objects/env/02_harihara/05_si/si_shop_in_c_door.cga'  ErrorCode: 0000c000
<13:46:50> [09F46B9D]     cl_fov = 90 []
<13:46:50> [09F46B9D]     camera_max_dist = 180 []
<13:46:50> [09F46B9D]     name_tag_hp_width_on_bgmode = 80 []
<13:46:50> [09F46B9D]     name_tag_hp_height_on_bgmode = 30 []
<13:46:50> [7CC1A260] Save Game Option
<13:46:50> [6603E38F][Warning] CryAnimation: Invalid BBox (-1.#NAN00,-1.#NAN00,-1.#NAN00)-(-1.#NAN00,-1.#NAN00,-1.#NAN00). ModenPath: 'game/objects/env/02_harihara/05_si/si_shop_in_c_door.cga'  ErrorCode: 0000c000
<13:46:55> [6603E38F][Warning] CryAnimation: Invalid BBox (-1.#NAN00,-1.#NAN00,-1.#NAN00)-(-1.#NAN00,-1.#NAN00,-1.#NAN00). ModenPath: 'game/objects/env/02_harihara/05_si/si_shop_in_c_door.cga'  ErrorCode: 0000c000
<13:47:00> [6603E38F][Warning] CryAnimation: Invalid BBox (-1.#NAN00,-1.#NAN00,-1.#NAN00)-(-1.#NAN00,-1.#NAN00,-1.#NAN00). ModenPath: 'game/objects/env/02_harihara/05_si/si_shop_in_c_door.cga'  ErrorCode: 0000c000
<13:47:05> [6603E38F][Warning] CryAnimation: Invalid BBox (-1.#NAN00,-1.#NAN00,-1.#NAN00)-(-1.#NAN00,-1.#NAN00,-1.#NAN00). ModenPath: 'game/objects/env/02_harihara/05_si/si_shop_in_c_door.cga'  ErrorCode: 0000c000
<13:47:08> [A4D70365][Warning] rigid-body own-entity; prefab=prefabs/fishboat.xml/fishboat.fishboat_wheel node=webbed_feet
<13:47:08> [745BAE2F][Warning] failed to stream material xml(game/objects/env/01_nuia/001_ncom/01 - Default.mtl)
<13:47:08> [DD6CD685][Warning] grand child physical proxy is not supported. grandpa(Moby Drake), dad(prefab_doodad_model_679462_prefab://prefabs/fishboat.xml/fishboat.fishboat_wheel), child(webbed_feet)
<13:47:10> [6603E38F][Warning] CryAnimation: Invalid BBox (-1.#NAN00,-1.#NAN00,-1.#NAN00)-(-1.#NAN00,-1.#NAN00,-1.#NAN00). ModenPath: 'game/objects/env/02_harihara/05_si/si_shop_in_c_door.cga'  ErrorCode: 0000c000
<13:47:15> [6603E38F][Warning] CryAnimation: Invalid BBox (-1.#NAN00,-1.#NAN00,-1.#NAN00)-(-1.#NAN00,-1.#NAN00,-1.#NAN00). ModenPath: 'game/objects/env/02_harihara/05_si/si_shop_in_c_door.cga'  ErrorCode: 0000c000
<13:47:20> [6603E38F][Warning] CryAnimation: Invalid BBox (-1.#NAN00,-1.#NAN00,-1.#NAN00)-(-1.#NAN00,-1.#NAN00,-1.#NAN00). ModenPath: 'game/objects/env/02_harihara/05_si/si_shop_in_c_door.cga'  ErrorCode: 0000c000
<13:47:22> [B95EE41B][Error] invalid parent unit id(63178)
<13:47:22> [000004EE][Warning] Particle effect not found: 'game/x2_effect_o.pc.skill_hatred_ms_abysscanine_cast', from unknown 
<13:47:22> [5CE4EF2C][Warning] failed to load particle lib from (Libs/Particles/game/ability_skill_table.xml)
<13:47:22> [BD8C448A][Warning] Cannot load texture game/objects/characters/warborn/male/nude/wa_m_nude_ddn.dds, file missing [File=game/objects/characters/warborn/male/nude/wa_m_nude_ddn.dds]
<13:47:25> [6603E38F][Warning] CryAnimation: Invalid BBox (-1.#NAN00,-1.#NAN00,-1.#NAN00)-(-1.#NAN00,-1.#NAN00,-1.#NAN00). ModenPath: 'game/objects/env/02_harihara/05_si/si_shop_in_c_door.cga'  ErrorCode: 0000c000
<13:47:30> [6603E38F][Warning] CryAnimation: Invalid BBox (-1.#NAN00,-1.#NAN00,-1.#NAN00)-(-1.#NAN00,-1.#NAN00,-1.#NAN00). ModenPath: 'game/objects/env/02_harihara/05_si/si_shop_in_c_door.cga'  ErrorCode: 0000c000
<13:47:31> [B95EE41B][Error] invalid parent unit id(63178)
<13:47:35> [6603E38F][Warning] CryAnimation: Invalid BBox (-1.#NAN00,-1.#NAN00,-1.#NAN00)-(-1.#NAN00,-1.#NAN00,-1.#NAN00). ModenPath: 'game/objects/env/02_harihara/05_si/si_shop_in_c_door.cga'  ErrorCode: 0000c000
<13:47:39> [A4D70365][Warning] rigid-body own-entity; prefab=prefabs/interaction_c.xml/tool.fish_scale_d_s node=AnimObject_132
<13:47:40> [6603E38F][Warning] CryAnimation: Invalid BBox (-1.#NAN00,-1.#NAN00,-1.#NAN00)-(-1.#NAN00,-1.#NAN00,-1.#NAN00). ModenPath: 'game/objects/env/02_harihara/05_si/si_shop_in_c_door.cga'  ErrorCode: 0000c000
<13:47:41> [B95EE41B][Error] invalid parent unit id(63275)
<13:47:45> [6603E38F][Warning] CryAnimation: Invalid BBox (-1.#NAN00,-1.#NAN00,-1.#NAN00)-(-1.#NAN00,-1.#NAN00,-1.#NAN00). ModenPath: 'game/objects/env/02_harihara/05_si/si_shop_in_c_door.cga'  ErrorCode: 0000c000
<13:47:49> [A4D70365][Warning] rigid-body own-entity; prefab=prefabs/interaction_c.xml/tool.fish_scale_d_m node=AnimObject_131
<13:47:50> [6603E38F][Warning] CryAnimation: Invalid BBox (-1.#NAN00,-1.#NAN00,-1.#NAN00)-(-1.#NAN00,-1.#NAN00,-1.#NAN00). ModenPath: 'game/objects/env/02_harihara/05_si/si_shop_in_c_door.cga'  ErrorCode: 0000c000
<13:47:51> [B95EE41B][Error] invalid parent unit id(63275)
<13:47:55> [6603E38F][Warning] CryAnimation: Invalid BBox (-1.#NAN00,-1.#NAN00,-1.#NAN00)-(-1.#NAN00,-1.#NAN00,-1.#NAN00). ModenPath: 'game/objects/env/02_harihara/05_si/si_shop_in_c_door.cga'  ErrorCode: 0000c000
<13:47:59> [A4D70365][Warning] rigid-body own-entity; prefab=prefabs/interaction_c.xml/tool.fish_scale_d_s node=AnimObject_132
<13:48:00> [6603E38F][Warning] CryAnimation: Invalid BBox (-1.#NAN00,-1.#NAN00,-1.#NAN00)-(-1.#NAN00,-1.#NAN00,-1.#NAN00). ModenPath: 'game/objects/env/02_harihara/05_si/si_shop_in_c_door.cga'  ErrorCode: 0000c000
<13:48:01> [B95EE41B][Error] invalid parent unit id(63275)
<13:48:05> [6603E38F][Warning] CryAnimation: Invalid BBox (-1.#NAN00,-1.#NAN00,-1.#NAN00)-(-1.#NAN00,-1.#NAN00,-1.#NAN00). ModenPath: 'game/objects/env/02_harihara/05_si/si_shop_in_c_door.cga'  ErrorCode: 0000c000
<13:48:10> [6603E38F][Warning] CryAnimation: Invalid BBox (-1.#NAN00,-1.#NAN00,-1.#NAN00)-(-1.#NAN00,-1.#NAN00,-1.#NAN00). ModenPath: 'game/objects/env/02_harihara/05_si/si_shop_in_c_door.cga'  ErrorCode: 0000c000
<13:48:10> [A4D70365][Warning] rigid-body own-entity; prefab=prefabs/interaction_c.xml/tool.fish_scale_d_s node=AnimObject_132
<13:48:13> [B95EE41B][Error] invalid parent unit id(63275)
<13:48:15> [6603E38F][Warning] CryAnimation: Invalid BBox (-1.#NAN00,-1.#NAN00,-1.#NAN00)-(-1.#NAN00,-1.#NAN00,-1.#NAN00). ModenPath: 'game/objects/env/02_harihara/05_si/si_shop_in_c_door.cga'  ErrorCode: 0000c000
<13:48:20> [6603E38F][Warning] CryAnimation: Invalid BBox (-1.#NAN00,-1.#NAN00,-1.#NAN00)-(-1.#NAN00,-1.#NAN00,-1.#NAN00). ModenPath: 'game/objects/env/02_harihara/05_si/si_shop_in_c_door.cga'  ErrorCode: 0000c000
<13:48:22> [A4D70365][Warning] rigid-body own-entity; prefab=prefabs/interaction_c.xml/tool.fish_scale_d_m node=AnimObject_131
<13:48:24> [745BAE2F][Warning] failed to stream material xml(game/objects/characters/hariharan/male/parts/gv/obj/ha_m_gv_metal224.mtl)
<13:48:24> [637AF710][Warning] missing chr material : game/objects/characters/hariharan/male/parts/gv/obj/ha_m_gv_metal224.mtl (chr: game/objects/characters/hariharan/male/parts/gv/obj/ha_m_3gv101.chr)
<13:48:24> [B95EE41B][Error] invalid parent unit id(63275)
<13:48:26> [000004EE][Warning] Particle effect not found: 'game/x2_effects.p_effect.st1000c', from unknown 
<13:48:28> [6603E38F][Warning] CryAnimation: Invalid BBox (-1.#NAN00,-1.#NAN00,-1.#NAN00)-(-1.#NAN00,-1.#NAN00,-1.#NAN00). ModenPath: 'game/objects/env/02_harihara/05_si/si_shop_in_c_door.cga'  ErrorCode: 0000c000
<13:48:32> [745BAE2F][Warning] failed to stream material xml(game/objects/characters/hariharan/female/parts/ar/obj/ha_f_ar_cloth211.mtl)
<13:48:32> [637AF710][Warning] missing chr material : game/objects/characters/hariharan/female/parts/ar/obj/ha_f_ar_cloth211.mtl (chr: game/objects/characters/hariharan/female/parts/ar/obj/ha_f_1ar801_1bt002_2ar301_2arm002.chr)
<13:48:33> [A4D70365][Warning] rigid-body own-entity; prefab=prefabs/interaction_c.xml/tool.fish_scale_d_s node=AnimObject_132
<13:48:34> [000004EE][Warning] Particle effect not found: 'game/ability_skill_table.mental.mt_spell0003_launch', from unknown 
<13:48:38> [CE0EF930][Warning] failed to stream cgf : default
<13:48:41> [BCCDC555][Warning] MakeSprite - too many sprite update (10). dropping.. (sprites : 114)
<13:48:41> [6603E38F][Warning] CryAnimation: Invalid BBox (-1.#NAN00,-1.#NAN00,-1.#NAN00)-(-1.#NAN00,-1.#NAN00,-1.#NAN00). ModenPath: 'game/objects/env/02_harihara/05_si/si_shop_in_c_door.cga'  ErrorCode: 0000c000
<13:48:46> [6603E38F][Warning] CryAnimation: Invalid BBox (-1.#NAN00,-1.#NAN00,-1.#NAN00)-(-1.#NAN00,-1.#NAN00,-1.#NAN00). ModenPath: 'game/objects/env/02_harihara/05_si/si_shop_in_c_door.cga'  ErrorCode: 0000c000
<13:48:51> [6603E38F][Warning] CryAnimation: Invalid BBox (-1.#NAN00,-1.#NAN00,-1.#NAN00)-(-1.#NAN00,-1.#NAN00,-1.#NAN00). ModenPath: 'game/objects/env/02_harihara/05_si/si_shop_in_c_door.cga'  ErrorCode: 0000c000
<13:48:56> [6603E38F][Warning] CryAnimation: Invalid BBox (-1.#NAN00,-1.#NAN00,-1.#NAN00)-(-1.#NAN00,-1.#NAN00,-1.#NAN00). ModenPath: 'game/objects/env/02_harihara/05_si/si_shop_in_c_door.cga'  ErrorCode: 0000c000
<13:49:01> [6603E38F][Warning] CryAnimation: Invalid BBox (-1.#NAN00,-1.#NAN00,-1.#NAN00)-(-1.#NAN00,-1.#NAN00,-1.#NAN00). ModenPath: 'game/objects/env/02_harihara/05_si/si_shop_in_c_door.cga'  ErrorCode: 0000c000
<13:49:06> [6603E38F][Warning] CryAnimation: Invalid BBox (-1.#NAN00,-1.#NAN00,-1.#NAN00)-(-1.#NAN00,-1.#NAN00,-1.#NAN00). ModenPath: 'game/objects/env/02_harihara/05_si/si_shop_in_c_door.cga'  ErrorCode: 0000c000
<13:49:11> [6603E38F][Warning] CryAnimation: Invalid BBox (-1.#NAN00,-1.#NAN00,-1.#NAN00)-(-1.#NAN00,-1.#NAN00,-1.#NAN00). ModenPath: 'game/objects/env/02_harihara/05_si/si_shop_in_c_door.cga'  ErrorCode: 0000c000
<13:49:16> [6603E38F][Warning] CryAnimation: Invalid BBox (-1.#NAN00,-1.#NAN00,-1.#NAN00)-(-1.#NAN00,-1.#NAN00,-1.#NAN00). ModenPath: 'game/objects/env/02_harihara/05_si/si_shop_in_c_door.cga'  ErrorCode: 0000c000
<13:49:21> [6603E38F][Warning] CryAnimation: Invalid BBox (-1.#NAN00,-1.#NAN00,-1.#NAN00)-(-1.#NAN00,-1.#NAN00,-1.#NAN00). ModenPath: 'game/objects/env/02_harihara/05_si/si_shop_in_c_door.cga'  ErrorCode: 0000c000
<13:49:26> [6603E38F][Warning] CryAnimation: Invalid BBox (-1.#NAN00,-1.#NAN00,-1.#NAN00)-(-1.#NAN00,-1.#NAN00,-1.#NAN00). ModenPath: 'game/objects/env/02_harihara/05_si/si_shop_in_c_door.cga'  ErrorCode: 0000c000
<13:49:31> [6603E38F][Warning] CryAnimation: Invalid BBox (-1.#NAN00,-1.#NAN00,-1.#NAN00)-(-1.#NAN00,-1.#NAN00,-1.#NAN00). ModenPath: 'game/objects/env/02_harihara/05_si/si_shop_in_c_door.cga'  ErrorCode: 0000c000
<13:49:33> [BCCDC555][Warning] MakeSprite - too many sprite update (10). dropping.. (sprites : 83)
<13:49:39> [745BAE2F][Warning] failed to stream material xml(game/objects/characters/hariharan/male/parts/hm/obj/ha_m_hm_cloth001.mtl)
<13:49:39> [637AF710][Warning] missing chr material : game/objects/characters/hariharan/male/parts/hm/obj/ha_m_hm_cloth001.mtl (chr: game/objects/characters/hariharan/male/parts/hm/obj/ha_m_1hm118.chr)
<13:50:11> [A4D70365][Warning] rigid-body own-entity; prefab=prefabs/speedboat_new.xml/speedboat_new.speedboat_ucc_body node=webbed_feet
<13:50:27> [000004EE][Warning] Particle effect not found: 'game/x2_effects.sword_trail_test1', from unknown 
<13:50:27> [745BAE2F][Warning] failed to stream material xml(game/objects/characters/dwarf/female/nude/Material #114.mtl)
<13:50:28> [CA175C82][Warning] non-stream IO. system(Material), filePath(game/objects/effects/keffect/m_enchant2_yellow_l.mtl)
<13:50:28> [5F2B49C4][Warning] cell get sector zone : invalid sector pos (0, -15)
<13:50:32> [000004EE][Warning] [CGF Error] game/objects/env/06_unit/06_glider/glider_wing_crystal/glider_wing_crystal_back.cgf [:] LOD1 of geometry  contains too many polygons comparing to the LOD0 [2720 against 4064] :
<13:50:34> [B95EE41B][Error] invalid parent unit id(67793)
<13:50:40> [000004EE][Warning] [CGF Error] game/objects/env/06_unit/06_glider/glider_wing_crystal/glider_wing_crystal_back.cgf [:] LOD1 of geometry  contains too many polygons comparing to the LOD0 [2720 against 4064] :
<13:50:44> [B95EE41B][Error] invalid parent unit id(67793)
<13:50:50> [000004EE][Warning] [CGF Error] game/objects/env/06_unit/06_glider/glider_wing_crystal/glider_wing_crystal_back.cgf [:] LOD1 of geometry  contains too many polygons comparing to the LOD0 [2720 against 4064] :
<13:50:53> [B95EE41B][Error] invalid parent unit id(67793)
<13:51:02> [000004EE][Warning] [CGF Error] game/objects/env/06_unit/06_glider/glider_wing_crystal/glider_wing_crystal_back.cgf [:] LOD1 of geometry  contains too many polygons comparing to the LOD0 [2720 against 4064] :
<13:51:04> [000004EE][Warning] Particle effect not found: 'game/ability_skill_table_k.p_skill_love.recovery_seed_form', from unknown 
<13:51:04> [B95EE41B][Error] invalid parent unit id(123675)
<13:51:04> [CA175C82][Warning] non-stream IO. system(Material), filePath(game/objects/effects/keffect/m_enchant3_silver_m.mtl)
<13:51:10> [09F46B9D]     cl_fov = 90 []
<13:51:10> [09F46B9D]     camera_max_dist = 180 []
<13:51:10> [09F46B9D]     name_tag_hp_width_on_bgmode = 80 []
<13:51:10> [09F46B9D]     name_tag_hp_height_on_bgmode = 30 []
<13:51:10> [7CC1A260] Save Game Option
<13:51:13> [000004EE][Warning] [CGF Error] game/objects/env/06_unit/06_glider/glider_wing_crystal/glider_wing_crystal_back.cgf [:] LOD1 of geometry  contains too many polygons comparing to the LOD0 [2720 against 4064] :
<13:51:14> [2363981C][Warning] chr material is not precached : game/objects/characters/warborn/female/horns/wa_f_horns002/wa_f_horns002.mtl (chr: game/objects/characters/warborn/female/horns/wa_f_horns002/wa_f_horns002.chr)
<13:51:14> [CA175C82][Warning] non-stream IO. system(Material), filePath(game/objects/characters/warborn/female/horns/wa_f_horns002/wa_f_horns002.mtl)
<13:51:14> [5F89E60D][Warning] non cached CDF(game/objects/characters/warborn/female/parts/hm/leather/hm_leather167/wa_f_hm_leather167.cdf)
<13:51:14> [637AF710][Warning] missing chr material : game/objects/characters/warborn/female/parts/hm/obj/wa_f_hm_leather179.mtl (chr: game/objects/characters/warborn/female/parts/hm/obj/wa_f_2hm109.chr)
<13:51:22> [000004EE][Warning] Independent immortal particle effect spawned: X2_EFFECT_O.Interaction.enchant_wpn_range_honor_3g
<13:51:24> [584C4FFD] [net 17:51:24.491] -- Client will disconnect; cause=18 desc=graceful exit
<13:51:24> [05D024BA] System:Quit
