[801989E0] BackupNameAttachment=" Build(0) Date(24 September 2025) Time(22 08 13)"  -- used by backup system
[00000020]  
[38F38F32] Log Started at #c
[0232BD25] Running 32 bit version
[7AB6F5FE] Executable: C:\Games\AAClassic\bin32\archeage.exe
[E5C771AC] FileVersion: 3.5.0.0
[F799D55F] ProductVersion: 3.5.3.0
[1F1D6B13] Using Microsoft (tm) C++ Standard Library implementation
[00000020]  
[C7D96C80] Revision: 350000
[00000020]  
[64533E3E] this is the first client
<22:08:19> [B9197FD5][Error] ConsoleVariableGroup[option_effect] key[e_particles_lod_onoff] has no default
<22:08:19> [76666E6D] 
--- CPU detection ---
<22:08:19> [F4D992D8] CPU: AMD AMD Ryzen 7 7800X3D 8-Core Processor           
<22:08:19> [3F649B02] Family: 15, Model: 1, Stepping: 2
<22:08:19> [83D12E0B] FPU: On-Chip
<22:08:19> [50919DA0] CPU Speed (estimated): 4192.020113 MHz
<22:08:19> [C73FD83A] MMX: not present
<22:08:19> [89D1077A] SSE: present
<22:08:19> [64E2B6F1] 3DNow!: present
<22:08:19> [27B7AC6E] Serial number not present or disabled
<22:08:19> [1D2D8E5B] Number of logical processors: 16
<22:08:19> [FA658084] Number of available logical processors: 16
<22:08:19> [A1F061C2] Invariant Time Stamp Counter : yes
<22:08:19> [FA0251ED] ---------------------

<22:08:19> [03E7D838] Device Info
<22:08:19> [9F603516] Device Info - 1
<22:08:19> [9F603517] Device Info - 2
<22:08:19> [9F603518] Device Info - 3
<22:08:19> [9F603519] Device Info - 4
<22:08:19> [9F60351A] Device Info - 5
<22:08:19> [9F60351B] Device Info - 6
<22:08:19> [9F60351C] Device Info - 7
<22:08:19> [E98ECC28] Video Memory Info
<22:08:20> [D5FBE664] Video Memory - 1
<22:08:20> [D5FBE665] Video Memory - 2
<22:08:20> [D5FBE666] Video Memory - 3
<22:08:20> [D5FBE667] Video Memory - 4
<22:08:20> [D5FBE668] Video Memory - 5
<22:08:20> [D5FBE669] Video Memory - 6
<22:08:20> [D5FBE66A] Video Memory - 7
<22:08:20> [D5FBE66B] Video Memory - 8
<22:08:20> [3A4D54A2][Warning] config/gpu/amd.txt line 55 contains a multiple defined GPU rating!
<22:08:20> [D20872C0] InitThreadAffinities
<22:08:20> [2F28A434] UpdateMainThreadAffinity
<22:08:20> [16962512] Windows 8 64 bit (build 6.2.9200)
<22:08:20> [38DFF081] System language: English
<22:08:20> [861A0178] Windows Directory: "C:\windows"
<22:08:20> [341B54F1] Prerequisites...
<22:08:20> [5D1B3C9C] * Installation of KB940105 hotfix required: no! (either not needed or already installed)
<22:08:20> [C111EF15] Local time is 22:08:20 09/24/25, system running for 5211 minutes
<22:08:20> [AB566040] 63426MB physical memory installed, 18078MB available, 4095MB virtual memory installed, 71 percent of memory in use
<22:08:20> [31259232] PageFile usage: 
<22:08:20> [453F0D1B] Current display mode is 2560x1440x32
<22:08:20> [8A64FCCC] IBM enhanced (101/102-key) keyboard and 3+ button mouse installed
<22:08:20> [CE30556B] ----- GPU Detection -----------------
<22:08:20> [03E7D838] Device Info
<22:08:20> [9F603516] Device Info - 1
<22:08:20> [9F603517] Device Info - 2
<22:08:20> [9F603518] Device Info - 3
<22:08:20> [9F603519] Device Info - 4
<22:08:20> [9F60351A] Device Info - 5
<22:08:20> [9F60351B] Device Info - 6
<22:08:20> [9F60351C] Device Info - 7
<22:08:20> [E98ECC28] Video Memory Info
<22:08:20> [D5FBE664] Video Memory - 1
<22:08:20> [D5FBE665] Video Memory - 2
<22:08:20> [D5FBE666] Video Memory - 3
<22:08:20> [D5FBE667] Video Memory - 4
<22:08:20> [D5FBE668] Video Memory - 5
<22:08:20> [D5FBE669] Video Memory - 6
<22:08:20> [D5FBE66A] Video Memory - 7
<22:08:20> [D5FBE66B] Video Memory - 8
<22:08:20> [99EA404A]  AMD Radeon RX 7800 XT (RADV NAVI32) (vendor = 0x1002, device = 0x747e, subSys = 0x00000000)
<22:08:20> [77718B6A] -- Video memory: 4081 MB
<22:08:20> [30DF1863] -- Minimum SM 2.0 support: yes
<22:08:20> [13E11956] -- DX11 supported: yes
<22:08:20> [50B60100] --------------------------------------------------------------------------------
<22:08:20> [5921EDBE] Stream Engine Initialization
<22:08:20> [BA0D559B] Splash: Initializing Stream Engine...
<22:08:20> [939F6EBB] Enable Resolutions : 0
<22:08:20> [A30A84B6] can't enum display resolution modes
<22:08:20> [B324CD25] Screen Resolution - 1024x768
<22:08:20> [3778EA0B] Screen Resolution - 0 (2560x1440)
<22:08:20> [A1B107F0] Screen Resolution - Test OK (2560x1440)
<22:08:20> [A9E4B0F2] Network initialization
<22:08:20> [BA0D559B] Splash: Initializing Network System...
<22:08:20> [14FAD233] Socket I/O by iocp
<22:08:20> [E36A4FB9] Physics initialization
<22:08:20> [BA0D559B] Splash: Initializing Physics...
<22:08:20> [2462D581] MovieSystem initialization
<22:08:20> [BA0D559B] Splash: Initializing Movie System...
<22:08:20> [93287AEC] Renderer initialization - Start
<22:08:20> [BA0D559B] Splash: Initializing Renderer...
<22:08:20> [91207680] Renderer initialization - Open
<22:08:20> [4377E7CB] Renderer initialization - DLL Load(CryRenderD3D9.dll)
<22:08:20> [71203A94] Renderer initialization - DLL Done
<22:08:20> [71227C22] Renderer initialization - DLL Init
<22:08:20> [C653D9CB] Renderer initialization - Instance
<22:08:20> [44D9754D] D3D Adapter: Driver name: aticfx32.dll
<22:08:20> [82BE8322] D3D Adapter: Driver description: AMD Radeon RX 7800 XT (RADV NAVI32)
<22:08:20> [2224501A] D3D Adapter: Driver version: 32767.65535.65535.65535
<22:08:20> [E8D1E30D] D3D Adapter: Driver GUID: 00000000-0003-0000-0000000000000000
<22:08:20> [BC8C1ACB] D3D Adapter: VendorId = 0x1002
<22:08:20> [B6A10CFD] D3D Adapter: DeviceId = 0x747E
<22:08:20> [0678E702] D3D Adapter: SubSysId = 0x00000000
<22:08:20> [F2243F0E] D3D Adapter: Revision = 0
<22:08:20> [E571CFEE] Shader manager initialization
<22:08:22> [05BAAEF6] CResFile allocations incurred by user cache preload: (21446.79k)
<22:08:22> [911B73B8] Renderer initialization - Done
<22:08:22> [8E444EA9] Console initialization
<22:08:22> [2904A233] Time initialization
<22:08:22> [3650CFD6] Input initialization
<22:08:22> [BA0D559B] Splash: Initializing Input System...
<22:08:22> Initializing Keyboard
<22:08:22> [99640BF1] Sound initialization
<22:08:22> [BA0D559B] Splash: Initializing Sound System...
<22:08:22> [2C33885C] Sound - Initializing AudioDevice now!
<22:08:22> [E46760A9] <Sound> Initialize FMOD with dynamic memory callbacks
<22:08:24> [D6755BFD] <Sound> Starting to initialize Windows Audio Session API output! 
<22:08:24> [F7E8E3CD] <Sound> Drivers found: 6
<22:08:24> [9B899242] <Sound> Available drivers:
	1.	PulseAudio Output (PulseAudio Output)
	2.	Blue Microphones Analog Stereo (Blue Microphones Analog Stereo)
	3.	soundcore Liberty 4 NC (soundcore Liberty 4 NC)
	4.	Wireless Controller (Wireless Controller)
	5.	Navi 31 HDMI/DP Audio Digital Stereo (HDMI) (Navi 31 HDMI/DP Audio Digital Stereo (HDMI))
	6.	Family 17h/19h/1ah HD Audio Controller Analog Stereo (Family 17h/19h/1ah HD Audio Controller Analog Stereo)
<22:08:24> [A0BBF7E1] <Sound> FmodEx-AudioDevice: Now running on driver: PulseAudio Output (PulseAudio Output)
<22:08:24> [14D8EFE1] <Sound> Using speaker mode: FMOD_SPEAKERMODE_STEREO
<22:08:24> [E79C27E5] <Sound> Initializing FMOD-EX now!
<22:08:24> [E2A9FE08] <Sound> Available record drivers: 0 PulseAudio Input (PulseAudio Input) !
<22:08:24> [E2A9FE08] <Sound> Available record drivers: 1 soundcore Liberty 4 NC (soundcore Liberty 4 NC) !
<22:08:24> [E2A9FE08] <Sound> Available record drivers: 2 Family 17h/19h/1ah HD Audio Controller Analog Stereo (Family 17h/19h/1ah HD Audio Controller Analog Stereo) !
<22:08:24> [E2A9FE08] <Sound> Available record drivers: 3 Wireless Controller (Wireless Controller) !
<22:08:24> [E2A9FE08] <Sound> Available record drivers: 4 Blue Microphones Analog Stereo (Blue Microphones Analog Stereo) !
<22:08:24> [E2A9FE08] <Sound> Available record drivers: 5 Monitor of Family 17h/19h/1ah HD Audio Controller (Monitor of Family 17h/19h/1ah HD Audio Controller) !
<22:08:24> [E2A9FE08] <Sound> Available record drivers: 6 Monitor of Blue Microphones Analog Stereo (Monitor of Blue Microphones Analog Stereo) !
<22:08:24> [E2A9FE08] <Sound> Available record drivers: 7 Wireless Controller (Wireless Controller) !
<22:08:24> [E2A9FE08] <Sound> Available record drivers: 8 Monitor of soundcore Liberty 4 NC (Monitor of soundcore Liberty 4 NC) !
<22:08:24> [E2A9FE08] <Sound> Available record drivers: 9 Monitor of Navi 31 HDMI/DP Audio Digital Stereo (HDMI) (Monitor of Navi 31 HDMI/DP Audio Digital Stereo (HDMI)) !
<22:08:24> [6841BE38] <Sound> Record config is set to autodetect using record driver 0
<22:08:24> [7808B4C4] <Sound> Using FMOD version: 00044414 and internal 00044414!
<22:08:24> [2A2815C7] <Sound> Initialized FMOD-EX
<22:08:24> [BE4EF52E] Sound - Initializing SoundSystem now!
<22:08:24> [0D547471] Font initialization
<22:08:24> [BA0D559B] Splash: Initializing Fonts...
<22:08:24> [C194F7C8][Warning] Cannot load texture textures/defaults/replacemecm.tif, file missing [File=textures/defaults/replacemecm.dds]
<22:08:24> [84206398] AI initialization
<22:08:24> [1BC221DE] Initializing Animation System
<22:08:24> [BA0D559B] Splash: Initializing Animation System...
<22:08:24> [9E592EFE] Initializing 3D Engine
<22:08:24> [BA0D559B] Splash: Initializing 3D Engine...
<22:08:25> [637AF710][Warning] missing chr material : game/objects/characters/ferre/female/nude/Standard_22.mtl (chr: game/objects/characters/ferre/female/nude/fe_f_base.chr)
<22:08:25> [91F5AEEC][Warning] number of bones mismatch! game/objects/characters/ferre/female/nude/fe_f_base.chr=195 game/objects/characters/ferre/female/nude/fe_f_base_lod1.chr=185
<22:08:26> [7415A452] CHR PreCaching 25 Done
<22:08:26> [E7AD4E53] AddSharedMorphTargets - Failed to load objects/characters/dwarf/male/face/dw_m_face00.chr
<22:08:26> [61AD1790] MorphTargetPreCaching - objects/characters/dwarf/male/face/dw_m_face00.chr Add Failed
<22:08:26> [A4A6E4C6] MorphTarget PreCaching 11 Done
<22:08:26> [5ACB40E2] Init Face Makers
<22:08:27> [56B5985B] X2FaceMaker - game/objects/characters/nuian/male/face/nu_m_face01_mid.chr : mouth_UnderbiteOverbite target not exist
<22:08:27> [56B5985B] X2FaceMaker - game/objects/characters/nuian/male/face/nu_m_face01_mid.chr : mouth_UnderbiteOverbite target not exist
<22:08:27> [56B5985B] X2FaceMaker - game/objects/characters/nuian/male/face/nu_m_face01_mid.chr : mouth_UnderbiteOverbite target not exist
<22:08:27> [4ABB03EB] game/objects/characters/ferre/female/face/fe_f_face01_low.chr(303) - objects/characters/ferre/female/face/fe_f_face00.chr(3063) SharedMorph is not matched
<22:08:27> [56B5985B] X2FaceMaker - game/objects/characters/nuian/male/face/nu_m_face01_mid.chr : mouth_UnderbiteOverbite target not exist
<22:08:27> [56B5985B] X2FaceMaker - game/objects/characters/nuian/male/face/nu_m_face01_mid.chr : nose_dw_SeptumVol target not exist
<22:08:27> [56B5985B] X2FaceMaker - game/objects/characters/nuian/male/face/nu_m_face01_mid.chr : nose_dw_NasalZposition target not exist
<22:08:27> [56B5985B] X2FaceMaker - game/objects/characters/nuian/male/face/nu_m_face01_mid.chr : FS_dwEarSize target not exist
<22:08:27> [56B5985B] X2FaceMaker - game/objects/characters/nuian/male/face/nu_m_face01_mid.chr : dwarf_Morph target not exist
<22:08:27> [56B5985B] X2FaceMaker - game/objects/characters/nuian/male/face/nu_m_face01_mid.chr : FS_dw_CheekMeat_min target not exist
<22:08:27> [1191A6A8] X2FaceMaker - game/objects/characters/nuian/male/face/nu_m_face01_mid.chr : FS_dw_CheekMeat_max ex target not exist
<22:08:27> [56B5985B] X2FaceMaker - game/objects/characters/warborn/male/face/wa_m_face01_mid.chr : eye_Forehead target not exist
<22:08:27> [56B5985B] X2FaceMaker - game/objects/characters/warborn/male/face/wa_m_face01_mid.chr : eye_Tail_min target not exist
<22:08:27> [1191A6A8] X2FaceMaker - game/objects/characters/warborn/male/face/wa_m_face01_mid.chr : eye_Tail_max ex target not exist
<22:08:27> [56B5985B] X2FaceMaker - game/objects/characters/warborn/male/face/wa_m_face01_mid.chr : eye_WidthLength_min target not exist
<22:08:27> [1191A6A8] X2FaceMaker - game/objects/characters/warborn/male/face/wa_m_face01_mid.chr : eye_WidthLength_max ex target not exist
<22:08:27> [56B5985B] X2FaceMaker - game/objects/characters/warborn/male/face/wa_m_face01_mid.chr : eye_DoubleEyelidShape target not exist
<22:08:27> [56B5985B] X2FaceMaker - game/objects/characters/warborn/male/face/wa_m_face01_mid.chr : eye_BrowXposition target not exist
<22:08:27> [56B5985B] X2FaceMaker - game/objects/characters/warborn/male/face/wa_m_face01_mid.chr : eye_BrowZposition target not exist
<22:08:27> [56B5985B] X2FaceMaker - game/objects/characters/warborn/male/face/wa_m_face01_mid.chr : nose_Nostril target not exist
<22:08:27> [56B5985B] X2FaceMaker - game/objects/characters/warborn/male/face/wa_m_face01_mid.chr : nose_Size target not exist
<22:08:27> [56B5985B] X2FaceMaker - game/objects/characters/warborn/male/face/wa_m_face01_mid.chr : nose_SeptumZposition target not exist
<22:08:27> [56B5985B] X2FaceMaker - game/objects/characters/warborn/male/face/wa_m_face01_mid.chr : nose_End target not exist
<22:08:27> [56B5985B] X2FaceMaker - game/objects/characters/warborn/male/face/wa_m_face01_mid.chr : nose_Size target not exist
<22:08:27> [56B5985B] X2FaceMaker - game/objects/characters/warborn/male/face/wa_m_face01_mid.chr : mouth_UpperLipVolume target not exist
<22:08:27> [56B5985B] X2FaceMaker - game/objects/characters/warborn/male/face/wa_m_face01_mid.chr : mouth_LowerLipVolume target not exist
<22:08:27> [56B5985B] X2FaceMaker - game/objects/characters/warborn/male/face/wa_m_face01_mid.chr : mouth_UpperLipOpen target not exist
<22:08:27> [56B5985B] X2FaceMaker - game/objects/characters/warborn/male/face/wa_m_face01_mid.chr : mouth_LowerLipOpen target not exist
<22:08:27> [56B5985B] X2FaceMaker - game/objects/characters/warborn/male/face/wa_m_face01_mid.chr : mouth_MouthOpen target not exist
<22:08:27> [56B5985B] X2FaceMaker - game/objects/characters/warborn/male/face/wa_m_face01_mid.chr : mouth_Size target not exist
<22:08:27> [56B5985B] X2FaceMaker - game/objects/characters/warborn/male/face/wa_m_face01_mid.chr : mouth_Shape_min target not exist
<22:08:27> [1191A6A8] X2FaceMaker - game/objects/characters/warborn/male/face/wa_m_face01_mid.chr : mouth_Shape_max ex target not exist
<22:08:27> [56B5985B] X2FaceMaker - game/objects/characters/warborn/male/face/wa_m_face01_mid.chr : mouth_TeethZposition target not exist
<22:08:27> [56B5985B] X2FaceMaker - game/objects/characters/warborn/male/face/wa_m_face01_mid.chr : FS_JawHigh_min target not exist
<22:08:27> [1191A6A8] X2FaceMaker - game/objects/characters/warborn/male/face/wa_m_face01_mid.chr : FS_JawHigh_max ex target not exist
<22:08:27> [56B5985B] X2FaceMaker - game/objects/characters/warborn/male/face/wa_m_face01_mid.chr : FS_EarRotate_min target not exist
<22:08:27> [1191A6A8] X2FaceMaker - game/objects/characters/warborn/male/face/wa_m_face01_mid.chr : FS_EarRotate_max ex target not exist
<22:08:27> [56B5985B] X2FaceMaker - game/objects/characters/warborn/male/face/wa_m_face01_mid.chr : FS_Beard1 target not exist
<22:08:27> [56B5985B] X2FaceMaker - game/objects/characters/warborn/male/face/wa_m_face01_mid.chr : FS_Beard2 target not exist
<22:08:27> [56B5985B] X2FaceMaker - game/objects/characters/warborn/male/face/wa_m_face01_mid.chr : FS_Beard3 target not exist
<22:08:27> [56B5985B] X2FaceMaker - game/objects/characters/warborn/female/face/wa_f_face01_mid.chr : eye_Yposition_min target not exist
<22:08:27> [1191A6A8] X2FaceMaker - game/objects/characters/warborn/female/face/wa_f_face01_mid.chr : eye_Yposition_max ex target not exist
<22:08:27> [56B5985B] X2FaceMaker - game/objects/characters/warborn/female/face/wa_f_face01_mid.chr : FS_AllLowerY target not exist
<22:08:27> [56B5985B] X2FaceMaker - game/objects/characters/warborn/female/face/wa_f_face01_mid.chr : FS_AllRotate target not exist
<22:08:27> [56B5985B] X2FaceMaker - game/objects/characters/warborn/female/face/wa_f_face01_mid.chr : FS_AllY target not exist
<22:08:27> [56B5985B] X2FaceMaker - game/objects/characters/warborn/female/face/wa_f_face01_mid.chr : mouth_Open_min target not exist
<22:08:27> [1191A6A8] X2FaceMaker - game/objects/characters/warborn/female/face/wa_f_face01_mid.chr : mouth_Open_max ex target not exist
<22:08:27> [E320B5CE] Init Face Makers - Done!
<22:08:27> [581CA53C] Script System Initialization
<22:08:27> [BA0D559B] Splash: Initializing Script System...
<22:08:27> [000004EE][Warning] [Lua Error] 1_3_0/scripts/common.lua:276: attempt to index global 'Script' (a nil value)
<22:08:27> [58F3F7FF][Warning] <null>:0: [Lua Error] Failed to execute file @game/scriptsbin/common.alb
<22:08:27> [D8B2BA54] Entity system initialization
<22:08:27> [BA0D559B] Splash: Initializing Entity System...
<22:08:27> [D55F91B2][Warning] [CEntityClassRegistry] LoadClassDescription failed, Entity Class name Chick already registered
<22:08:27> [BA0D559B] Splash: Initializing AI System...
<22:08:27> [DA019954] Initializing AI System
<22:08:27> [2546BCC5] Initializing Budgeting System
<22:08:27> [C0E19025] Initializing Seamless System
<22:08:27> [BA0D559B] Splash: Loading Game Data...
<22:08:29> [90B8EC50][Warning] too many ranges: aoe_shapes descs 10156(10156) threshold 100 ranges 12
<22:08:30> [BA4AD6CE] Loading portal list
<22:08:30> [92597454] Portal added, enter: 3891, exit: 6629
<22:08:30> [92597454] Portal added, enter: 21448, exit: 21449
<22:08:30> [92597454] Portal added, enter: 21450, exit: 21451
<22:08:30> [92597454] Portal added, enter: 21452, exit: 21453
<22:08:30> [92597454] Portal added, enter: 21698, exit: 21699
<22:08:30> [92597454] Portal added, enter: 22023, exit: 22024
<22:08:30> [92597454] Portal added, enter: 22042, exit: 22066
<22:08:30> [92597454] Portal added, enter: 22136, exit: 22137
<22:08:30> [92597454] Portal added, enter: 22163, exit: 22164
<22:08:30> [92597454] Portal added, enter: 22184, exit: 22185
<22:08:30> [92597454] Portal added, enter: 22336, exit: 22337
<22:08:30> [92597454] Portal added, enter: 9000063, exit: 9000064
<22:08:30> [1C664009] End loading portal list
<22:08:30> [937812F7] loaded DDCMS (1396969 descs, 719156 links (17 page 16.95MB size) string) from game\db\compact.sqlite3 in 1336 ms
<22:08:30> [BA0D559B] Splash: Initializing Game System...
<22:08:30> [000004EE][Warning] [Lua Error] no localized ui text for 18 always_refund
<22:08:31> [0ADE3294][Warning] [MFX] Effect 'collisions:grenade' already present. Overriding.
<22:08:31> [311630D1][Warning] MFX WARNING: Material not found: mat_ice_breakable
<22:08:31>  
<22:08:31>    sys_spec = Custom (assuming 4)
<22:08:31>      option_anti_aliasing = 2 expected:3
<22:08:31>  
<22:08:31> [BA0D559B] Splash: Preparing Screen...
<22:08:31> [963385F6] Level System - Loading Start
<22:08:31> [806B6F8D] precaching world entities ..
<22:08:31> [7E39E0DE] precaching world entities .. done!  total (0) objects
<22:08:31> [D2B280D6] Vegetation Manager : Loading World(login2)
<22:08:31> [075AB92F] Vegetation Manager : Loading World - Done (total 36 vegetations)
<22:08:31> [B9410AA1] total 20 terrain world surfaces loaded
<22:08:31> Loading Particle Library: collisions
<22:08:31> Loading Particle Library: water
<22:08:31> Loading Particle Library: misc
<22:08:31> Loading Particle Library: ability_skill_table
<22:08:31> Loading Particle Library: ability_skill_table_k
<22:08:31> Loading Particle Library: abillity_skill_table_m
<22:08:31> Loading Particle Library: machinima
<22:08:31> Loading Particle Library: x2_effects
<22:08:32> Loading Particle Library: x2_effects_k
<22:08:32> [280A47E3] Precached total 2 materials
<22:08:32> [7B1A973B] seamless loading cell terrain(W0, 1), (L0, 0)
<22:08:32> [3EF08C47] seamless loading cell object(W0, 1), (L0, 0)
<22:08:32> [584C4FFD] [net 02:08:20.652]  dns ip:192.168.1.202
<22:08:32> [584C4FFD] [net 02:08:20.652]  dns ip:172.18.0.1
<22:08:32> [584C4FFD] [net 02:08:20.652]  dns ip:172.19.0.1
<22:08:32> [584C4FFD] [net 02:08:20.652]  dns ip:172.17.0.1
<22:08:32> [0DE3FA89][Error] CryAnimation: character-definition creation failed: game/objects/characters/elf/female/nude/el_f_kyprosa.cdf
<22:08:32> [13A58BA0][Error] CryAnimation: character-definition not found: game/objects/characters/elf/female/nude/el_f_kyprosa.cdf
<22:08:32> [4DD44108] Start DaruCommon Extension
<22:08:32> [1B425DA5] Duplicated post effect param! pszName = FilterMaskedBlurring_Amount
<22:08:32> [1B425DA5] Duplicated post effect param! pszName = FilterMaskedBlurring_MaskTexName
<22:08:32> [1B425DA5] Duplicated post effect param! pszName = FilterChromaShift_User_Amount
<22:08:32> [1B425DA5] Duplicated post effect param! pszName = FilterGrain_Amount
<22:08:32> [8F6BAA6C][Warning] Couldn't find console variable 'e_water_ocean_fft'
<22:08:32> Loading Particle Library: wind
<22:08:32> Loading Particle Library: X2_EFFECT_O
<22:08:33> [000004EE][Warning] Particle effect not found: '                                                                ', from ParticleEffect fx_land_green
<22:08:33> [12409CCC] Load Zone Finished
<22:08:33> [A39C1725] Level System - Loading Complete
<22:08:33> [27293DED] -----------------------------------------------------
<22:08:33> [120C18F5] * LOADING: 'loginbg4' loading time: 1.81 seconds
<22:08:33> [27293DED] -----------------------------------------------------
<22:08:33> [000004EE][Warning] [Lua Error] no client player exists
<22:08:33> [A13C772D][Warning] Cannot load texture ui/font_color.g, Image file format is invalid [File=ui/font_color.g]
<22:08:33> [000FABC5][Warning] CAreaGrid::BeginAreas() called before being initialized.
<22:08:36> [1D01FDCA] Auth: client connected to server
<22:08:36> [584C4FFD] [net 02:08:36.355]  socket ip:192.168.1.202
<22:08:36> [4C920A71] mac address : 74-56-3c-fe-52-f3
<22:09:07> [7CC1A260] Save Game Option
<22:09:09> [05D024BA] System:Quit
