[801989E0] BackupNameAttachment=" Build(0) Date(11 September 2025) Time(21 20 18)"  -- used by backup system
[00000020]  
[38F38F32] Log Started at #c
[0232BD25] Running 32 bit version
[7AB6F5FE] Executable: C:\Games\AAClassic\bin32\archeage.exe
[E5C771AC] FileVersion: 3.5.0.0
[F799D55F] ProductVersion: 3.5.3.0
[1F1D6B13] Using Microsoft (tm) C++ Standard Library implementation
[00000020]  
[C7D96C80] Revision: 350000
[00000020]  
[64533E3E] this is the first client
<21:20:24> [B9197FD5][Error] ConsoleVariableGroup[option_effect] key[e_particles_lod_onoff] has no default
<21:20:24> [76666E6D] 
--- CPU detection ---
<21:20:25> [F4D992D8] CPU: AMD AMD Ryzen 7 7800X3D 8-Core Processor           
<21:20:25> [3F649B02] Family: 15, Model: 1, Stepping: 2
<21:20:25> [83D12E0B] FPU: On-Chip
<21:20:25> [50919DA0] CPU Speed (estimated): 4191.989752 MHz
<21:20:25> [C73FD83A] MMX: not present
<21:20:25> [89D1077A] SSE: present
<21:20:25> [64E2B6F1] 3DNow!: present
<21:20:25> [27B7AC6E] Serial number not present or disabled
<21:20:25> [1D2D8E5B] Number of logical processors: 16
<21:20:25> [FA658084] Number of available logical processors: 16
<21:20:25> [A1F061C2] Invariant Time Stamp Counter : yes
<21:20:25> [FA0251ED] ---------------------

<21:20:25> [03E7D838] Device Info
<21:20:25> [9F603516] Device Info - 1
<21:20:25> [9F603517] Device Info - 2
<21:20:25> [9F603518] Device Info - 3
<21:20:25> [9F603519] Device Info - 4
<21:20:25> [9F60351A] Device Info - 5
<21:20:25> [9F60351B] Device Info - 6
<21:20:25> [9F60351C] Device Info - 7
<21:20:25> [E98ECC28] Video Memory Info
<21:20:25> [D5FBE664] Video Memory - 1
<21:20:25> [D5FBE665] Video Memory - 2
<21:20:25> [D5FBE666] Video Memory - 3
<21:20:25> [D5FBE667] Video Memory - 4
<21:20:25> [D5FBE668] Video Memory - 5
<21:20:25> [D5FBE669] Video Memory - 6
<21:20:25> [D5FBE66A] Video Memory - 7
<21:20:25> [D5FBE66B] Video Memory - 8
<21:20:25> [3A4D54A2][Warning] config/gpu/amd.txt line 55 contains a multiple defined GPU rating!
<21:20:25> [D20872C0] InitThreadAffinities
<21:20:25> [2F28A434] UpdateMainThreadAffinity
<21:20:25> [16962512] Windows 8 64 bit (build 6.2.9200)
<21:20:25> [38DFF081] System language: English
<21:20:25> [861A0178] Windows Directory: "C:\windows"
<21:20:25> [341B54F1] Prerequisites...
<21:20:25> [5D1B3C9C] * Installation of KB940105 hotfix required: no! (either not needed or already installed)
<21:20:25> [9E4EDD69] Local time is 21:20:25 09/11/25, system running for 1666 minutes
<21:20:25> [8792F14D] 63426MB physical memory installed, 14708MB available, 4095MB virtual memory installed, 76 percent of memory in use
<21:20:25> [31259232] PageFile usage: 
<21:20:25> [453F0D1B] Current display mode is 2560x1440x32
<21:20:25> [8A64FCCC] IBM enhanced (101/102-key) keyboard and 3+ button mouse installed
<21:20:25> [CE30556B] ----- GPU Detection -----------------
<21:20:25> [03E7D838] Device Info
<21:20:25> [9F603516] Device Info - 1
<21:20:25> [9F603517] Device Info - 2
<21:20:25> [9F603518] Device Info - 3
<21:20:25> [9F603519] Device Info - 4
<21:20:25> [9F60351A] Device Info - 5
<21:20:25> [9F60351B] Device Info - 6
<21:20:25> [9F60351C] Device Info - 7
<21:20:25> [E98ECC28] Video Memory Info
<21:20:25> [D5FBE664] Video Memory - 1
<21:20:25> [D5FBE665] Video Memory - 2
<21:20:25> [D5FBE666] Video Memory - 3
<21:20:25> [D5FBE667] Video Memory - 4
<21:20:25> [D5FBE668] Video Memory - 5
<21:20:25> [D5FBE669] Video Memory - 6
<21:20:25> [D5FBE66A] Video Memory - 7
<21:20:25> [D5FBE66B] Video Memory - 8
<21:20:25> [99EA404A]  AMD Radeon RX 7800 XT (RADV NAVI32) (vendor = 0x1002, device = 0x747e, subSys = 0x00000000)
<21:20:25> [77718B6A] -- Video memory: 4081 MB
<21:20:25> [30DF1863] -- Minimum SM 2.0 support: yes
<21:20:25> [13E11956] -- DX11 supported: yes
<21:20:25> [50B60100] --------------------------------------------------------------------------------
<21:20:25> [5921EDBE] Stream Engine Initialization
<21:20:25> [BA0D559B] Splash: Initializing Stream Engine...
<21:20:25> [939F6EBB] Enable Resolutions : 0
<21:20:25> [A30A84B6] can't enum display resolution modes
<21:20:25> [B324CD25] Screen Resolution - 1024x768
<21:20:25> [3778EA0B] Screen Resolution - 0 (2560x1440)
<21:20:25> [A1B107F0] Screen Resolution - Test OK (2560x1440)
<21:20:25> [A9E4B0F2] Network initialization
<21:20:25> [BA0D559B] Splash: Initializing Network System...
<21:20:25> [14FAD233] Socket I/O by iocp
<21:20:25> [E36A4FB9] Physics initialization
<21:20:25> [BA0D559B] Splash: Initializing Physics...
<21:20:25> [2462D581] MovieSystem initialization
<21:20:25> [BA0D559B] Splash: Initializing Movie System...
<21:20:25> [93287AEC] Renderer initialization - Start
<21:20:25> [BA0D559B] Splash: Initializing Renderer...
<21:20:25> [91207680] Renderer initialization - Open
<21:20:25> [4377E7CB] Renderer initialization - DLL Load(CryRenderD3D10.dll)
<21:20:25> [71203A94] Renderer initialization - DLL Done
<21:20:25> [71227C22] Renderer initialization - DLL Init
<21:20:25> [C653D9CB] Renderer initialization - Instance
<21:20:26> [F4516946] D3D Adapter: Description: AMD Radeon RX 7800 XT (RADV NAVI32)
<21:20:26> [A39C3A75] D3D Adapter: Driver version (UMD): 32.00.65535.65535
<21:20:26> [BC8C1ACB] D3D Adapter: VendorId = 0x1002
<21:20:26> [B6A10CFD] D3D Adapter: DeviceId = 0x747E
<21:20:26> [0678E702] D3D Adapter: SubSysId = 0x00000000
<21:20:26> [F2243F02] D3D Adapter: Revision = 0
<21:20:26> [A18DEBFF] Attempting to open TXAA context...
<21:20:26> [763FCAEF] TXAA startup failed -- status (1)
<21:20:26> [E571CFEE] Shader manager initialization
<21:20:27> [05BAAEF6] CResFile allocations incurred by user cache preload: (17814.05k)
<21:20:27> [911B73B8] Renderer initialization - Done
<21:20:27> [8E444EA9] Console initialization
<21:20:27> [2904A233] Time initialization
<21:20:27> [3650CFD6] Input initialization
<21:20:27> [BA0D559B] Splash: Initializing Input System...
<21:20:27> Initializing Keyboard
<21:20:27> [99640BF1] Sound initialization
<21:20:27> [BA0D559B] Splash: Initializing Sound System...
<21:20:27> [2C33885C] Sound - Initializing AudioDevice now!
<21:20:27> [E46760A9] <Sound> Initialize FMOD with dynamic memory callbacks
<21:20:29> [D6755BFD] <Sound> Starting to initialize Windows Audio Session API output! 
<21:20:29> [F7E8E3CD] <Sound> Drivers found: 5
<21:20:29> [5076AD4B] <Sound> Available drivers:
	1.	PulseAudio Output (PulseAudio Output)
	2.	Blue Microphones Analog Stereo (Blue Microphones Analog Stereo)
	3.	Wireless Controller (Wireless Controller)
	4.	Navi 31 HDMI/DP Audio Digital Stereo (HDMI) (Navi 31 HDMI/DP Audio Digital Stereo (HDMI))
	5.	Family 17h/19h/1ah HD Audio Controller Analog Stereo (Family 17h/19h/1ah HD Audio Controller Analog Stereo)
<21:20:29> [A0BBF7E1] <Sound> FmodEx-AudioDevice: Now running on driver: PulseAudio Output (PulseAudio Output)
<21:20:29> [14D8EFE1] <Sound> Using speaker mode: FMOD_SPEAKERMODE_STEREO
<21:20:29> [E79C27E5] <Sound> Initializing FMOD-EX now!
<21:20:29> [E2A9FE08] <Sound> Available record drivers: 0 PulseAudio Input (PulseAudio Input) !
<21:20:29> [E2A9FE08] <Sound> Available record drivers: 1 Family 17h/19h/1ah HD Audio Controller Analog Stereo (Family 17h/19h/1ah HD Audio Controller Analog Stereo) !
<21:20:29> [E2A9FE08] <Sound> Available record drivers: 2 Wireless Controller (Wireless Controller) !
<21:20:29> [E2A9FE08] <Sound> Available record drivers: 3 Blue Microphones Analog Stereo (Blue Microphones Analog Stereo) !
<21:20:29> [E2A9FE08] <Sound> Available record drivers: 4 Monitor of Family 17h/19h/1ah HD Audio Controller (Monitor of Family 17h/19h/1ah HD Audio Controller) !
<21:20:29> [E2A9FE08] <Sound> Available record drivers: 5 Monitor of Blue Microphones Analog Stereo (Monitor of Blue Microphones Analog Stereo) !
<21:20:29> [E2A9FE08] <Sound> Available record drivers: 6 Wireless Controller (Wireless Controller) !
<21:20:29> [E2A9FE08] <Sound> Available record drivers: 7 Monitor of Navi 31 HDMI/DP Audio Digital Stereo (HDMI) (Monitor of Navi 31 HDMI/DP Audio Digital Stereo (HDMI)) !
<21:20:29> [6841BE38] <Sound> Record config is set to autodetect using record driver 0
<21:20:29> [7808B4C4] <Sound> Using FMOD version: 00044414 and internal 00044414!
<21:20:29> [2A2815C7] <Sound> Initialized FMOD-EX
<21:20:29> [BE4EF52E] Sound - Initializing SoundSystem now!
<21:20:29> [0D547471] Font initialization
<21:20:29> [BA0D559B] Splash: Initializing Fonts...
<21:20:29> [C194F7C8][Warning] Cannot load texture textures/defaults/replacemecm.tif, file missing [File=textures/defaults/replacemecm.dds]
<21:20:30> [84206398] AI initialization
<21:20:30> [1BC221DE] Initializing Animation System
<21:20:30> [BA0D559B] Splash: Initializing Animation System...
<21:20:30> [9E592EFE] Initializing 3D Engine
<21:20:30> [BA0D559B] Splash: Initializing 3D Engine...
<21:20:30> [637AF710][Warning] missing chr material : game/objects/characters/ferre/female/nude/Standard_22.mtl (chr: game/objects/characters/ferre/female/nude/fe_f_base.chr)
<21:20:31> [91F5AEEC][Warning] number of bones mismatch! game/objects/characters/ferre/female/nude/fe_f_base.chr=195 game/objects/characters/ferre/female/nude/fe_f_base_lod1.chr=185
<21:20:32> [7415A452] CHR PreCaching 25 Done
<21:20:32> [E7AD4E53] AddSharedMorphTargets - Failed to load objects/characters/dwarf/male/face/dw_m_face00.chr
<21:20:32> [61AD1790] MorphTargetPreCaching - objects/characters/dwarf/male/face/dw_m_face00.chr Add Failed
<21:20:32> [A4A6E4C6] MorphTarget PreCaching 11 Done
<21:20:32> [5ACB40E2] Init Face Makers
<21:20:32> [56B5985B] X2FaceMaker - game/objects/characters/nuian/male/face/nu_m_face01_mid.chr : mouth_UnderbiteOverbite target not exist
<21:20:32> [56B5985B] X2FaceMaker - game/objects/characters/nuian/male/face/nu_m_face01_mid.chr : mouth_UnderbiteOverbite target not exist
<21:20:32> [56B5985B] X2FaceMaker - game/objects/characters/nuian/male/face/nu_m_face01_mid.chr : mouth_UnderbiteOverbite target not exist
<21:20:32> [4ABB03EB] game/objects/characters/ferre/female/face/fe_f_face01_low.chr(303) - objects/characters/ferre/female/face/fe_f_face00.chr(3063) SharedMorph is not matched
<21:20:32> [56B5985B] X2FaceMaker - game/objects/characters/nuian/male/face/nu_m_face01_mid.chr : mouth_UnderbiteOverbite target not exist
<21:20:32> [56B5985B] X2FaceMaker - game/objects/characters/nuian/male/face/nu_m_face01_mid.chr : nose_dw_SeptumVol target not exist
<21:20:32> [56B5985B] X2FaceMaker - game/objects/characters/nuian/male/face/nu_m_face01_mid.chr : nose_dw_NasalZposition target not exist
<21:20:32> [56B5985B] X2FaceMaker - game/objects/characters/nuian/male/face/nu_m_face01_mid.chr : FS_dwEarSize target not exist
<21:20:32> [56B5985B] X2FaceMaker - game/objects/characters/nuian/male/face/nu_m_face01_mid.chr : dwarf_Morph target not exist
<21:20:32> [56B5985B] X2FaceMaker - game/objects/characters/nuian/male/face/nu_m_face01_mid.chr : FS_dw_CheekMeat_min target not exist
<21:20:32> [1191A6A8] X2FaceMaker - game/objects/characters/nuian/male/face/nu_m_face01_mid.chr : FS_dw_CheekMeat_max ex target not exist
<21:20:32> [56B5985B] X2FaceMaker - game/objects/characters/warborn/male/face/wa_m_face01_mid.chr : eye_Forehead target not exist
<21:20:32> [56B5985B] X2FaceMaker - game/objects/characters/warborn/male/face/wa_m_face01_mid.chr : eye_Tail_min target not exist
<21:20:32> [1191A6A8] X2FaceMaker - game/objects/characters/warborn/male/face/wa_m_face01_mid.chr : eye_Tail_max ex target not exist
<21:20:32> [56B5985B] X2FaceMaker - game/objects/characters/warborn/male/face/wa_m_face01_mid.chr : eye_WidthLength_min target not exist
<21:20:32> [1191A6A8] X2FaceMaker - game/objects/characters/warborn/male/face/wa_m_face01_mid.chr : eye_WidthLength_max ex target not exist
<21:20:32> [56B5985B] X2FaceMaker - game/objects/characters/warborn/male/face/wa_m_face01_mid.chr : eye_DoubleEyelidShape target not exist
<21:20:32> [56B5985B] X2FaceMaker - game/objects/characters/warborn/male/face/wa_m_face01_mid.chr : eye_BrowXposition target not exist
<21:20:32> [56B5985B] X2FaceMaker - game/objects/characters/warborn/male/face/wa_m_face01_mid.chr : eye_BrowZposition target not exist
<21:20:32> [56B5985B] X2FaceMaker - game/objects/characters/warborn/male/face/wa_m_face01_mid.chr : nose_Nostril target not exist
<21:20:32> [56B5985B] X2FaceMaker - game/objects/characters/warborn/male/face/wa_m_face01_mid.chr : nose_Size target not exist
<21:20:32> [56B5985B] X2FaceMaker - game/objects/characters/warborn/male/face/wa_m_face01_mid.chr : nose_SeptumZposition target not exist
<21:20:32> [56B5985B] X2FaceMaker - game/objects/characters/warborn/male/face/wa_m_face01_mid.chr : nose_End target not exist
<21:20:32> [56B5985B] X2FaceMaker - game/objects/characters/warborn/male/face/wa_m_face01_mid.chr : nose_Size target not exist
<21:20:32> [56B5985B] X2FaceMaker - game/objects/characters/warborn/male/face/wa_m_face01_mid.chr : mouth_UpperLipVolume target not exist
<21:20:32> [56B5985B] X2FaceMaker - game/objects/characters/warborn/male/face/wa_m_face01_mid.chr : mouth_LowerLipVolume target not exist
<21:20:32> [56B5985B] X2FaceMaker - game/objects/characters/warborn/male/face/wa_m_face01_mid.chr : mouth_UpperLipOpen target not exist
<21:20:32> [56B5985B] X2FaceMaker - game/objects/characters/warborn/male/face/wa_m_face01_mid.chr : mouth_LowerLipOpen target not exist
<21:20:32> [56B5985B] X2FaceMaker - game/objects/characters/warborn/male/face/wa_m_face01_mid.chr : mouth_MouthOpen target not exist
<21:20:32> [56B5985B] X2FaceMaker - game/objects/characters/warborn/male/face/wa_m_face01_mid.chr : mouth_Size target not exist
<21:20:32> [56B5985B] X2FaceMaker - game/objects/characters/warborn/male/face/wa_m_face01_mid.chr : mouth_Shape_min target not exist
<21:20:32> [1191A6A8] X2FaceMaker - game/objects/characters/warborn/male/face/wa_m_face01_mid.chr : mouth_Shape_max ex target not exist
<21:20:32> [56B5985B] X2FaceMaker - game/objects/characters/warborn/male/face/wa_m_face01_mid.chr : mouth_TeethZposition target not exist
<21:20:32> [56B5985B] X2FaceMaker - game/objects/characters/warborn/male/face/wa_m_face01_mid.chr : FS_JawHigh_min target not exist
<21:20:32> [1191A6A8] X2FaceMaker - game/objects/characters/warborn/male/face/wa_m_face01_mid.chr : FS_JawHigh_max ex target not exist
<21:20:32> [56B5985B] X2FaceMaker - game/objects/characters/warborn/male/face/wa_m_face01_mid.chr : FS_EarRotate_min target not exist
<21:20:32> [1191A6A8] X2FaceMaker - game/objects/characters/warborn/male/face/wa_m_face01_mid.chr : FS_EarRotate_max ex target not exist
<21:20:32> [56B5985B] X2FaceMaker - game/objects/characters/warborn/male/face/wa_m_face01_mid.chr : FS_Beard1 target not exist
<21:20:32> [56B5985B] X2FaceMaker - game/objects/characters/warborn/male/face/wa_m_face01_mid.chr : FS_Beard2 target not exist
<21:20:32> [56B5985B] X2FaceMaker - game/objects/characters/warborn/male/face/wa_m_face01_mid.chr : FS_Beard3 target not exist
<21:20:32> [56B5985B] X2FaceMaker - game/objects/characters/warborn/female/face/wa_f_face01_mid.chr : eye_Yposition_min target not exist
<21:20:32> [1191A6A8] X2FaceMaker - game/objects/characters/warborn/female/face/wa_f_face01_mid.chr : eye_Yposition_max ex target not exist
<21:20:32> [56B5985B] X2FaceMaker - game/objects/characters/warborn/female/face/wa_f_face01_mid.chr : FS_AllLowerY target not exist
<21:20:32> [56B5985B] X2FaceMaker - game/objects/characters/warborn/female/face/wa_f_face01_mid.chr : FS_AllRotate target not exist
<21:20:32> [56B5985B] X2FaceMaker - game/objects/characters/warborn/female/face/wa_f_face01_mid.chr : FS_AllY target not exist
<21:20:32> [56B5985B] X2FaceMaker - game/objects/characters/warborn/female/face/wa_f_face01_mid.chr : mouth_Open_min target not exist
<21:20:32> [1191A6A8] X2FaceMaker - game/objects/characters/warborn/female/face/wa_f_face01_mid.chr : mouth_Open_max ex target not exist
<21:20:32> [E320B5CE] Init Face Makers - Done!
<21:20:32> [581CA53C] Script System Initialization
<21:20:32> [BA0D559B] Splash: Initializing Script System...
<21:20:32> [000004EE][Warning] [Lua Error] 1_3_0/scripts/common.lua:276: attempt to index global 'Script' (a nil value)
<21:20:32> [58F3F7FF][Warning] <null>:0: [Lua Error] Failed to execute file @game/scriptsbin/common.alb
<21:20:32> [D8B2BA54] Entity system initialization
<21:20:32> [BA0D559B] Splash: Initializing Entity System...
<21:20:32> [D55F91B2][Warning] [CEntityClassRegistry] LoadClassDescription failed, Entity Class name Chick already registered
<21:20:32> [BA0D559B] Splash: Initializing AI System...
<21:20:32> [DA019954] Initializing AI System
<21:20:32> [2546BCC5] Initializing Budgeting System
<21:20:32> [C0E19025] Initializing Seamless System
<21:20:33> [BA0D559B] Splash: Loading Game Data...
<21:20:34> [90B8EC50][Warning] too many ranges: aoe_shapes descs 10156(10156) threshold 100 ranges 12
<21:20:35> [BA4AD6CE] Loading portal list
<21:20:35> [92597454] Portal added, enter: 3891, exit: 6629
<21:20:35> [92597454] Portal added, enter: 21448, exit: 21449
<21:20:35> [92597454] Portal added, enter: 21450, exit: 21451
<21:20:35> [92597454] Portal added, enter: 21452, exit: 21453
<21:20:35> [92597454] Portal added, enter: 21698, exit: 21699
<21:20:35> [92597454] Portal added, enter: 22023, exit: 22024
<21:20:35> [92597454] Portal added, enter: 22042, exit: 22066
<21:20:35> [92597454] Portal added, enter: 22136, exit: 22137
<21:20:35> [92597454] Portal added, enter: 22163, exit: 22164
<21:20:35> [92597454] Portal added, enter: 22184, exit: 22185
<21:20:35> [92597454] Portal added, enter: 22336, exit: 22337
<21:20:35> [92597454] Portal added, enter: 9000063, exit: 9000064
<21:20:35> [1C664009] End loading portal list
<21:20:35> [937812F7] loaded DDCMS (1396969 descs, 719156 links (17 page 16.95MB size) string) from game\db\compact.sqlite3 in 1470 ms
<21:20:35> [BA0D559B] Splash: Initializing Game System...
<21:20:35> [000004EE][Warning] [Lua Error] no localized ui text for 18 always_refund
<21:20:36> [0ADE3294][Warning] [MFX] Effect 'collisions:grenade' already present. Overriding.
<21:20:36> [311630D1][Warning] MFX WARNING: Material not found: mat_ice_breakable
<21:20:36>  
<21:20:36>    sys_spec = Custom (assuming 4)
<21:20:36>      option_anti_aliasing = 2 expected:3
<21:20:36>  
<21:20:36> [BA0D559B] Splash: Preparing Screen...
<21:20:36> [963385F6] Level System - Loading Start
<21:20:36> [806B6F8D] precaching world entities ..
<21:20:36> [7E39E0DE] precaching world entities .. done!  total (0) objects
<21:20:36> [D2B280D6] Vegetation Manager : Loading World(login2)
<21:20:36> [075AB92F] Vegetation Manager : Loading World - Done (total 36 vegetations)
<21:20:36> [B9410AA1] total 20 terrain world surfaces loaded
<21:20:36> Loading Particle Library: collisions
<21:20:36> Loading Particle Library: water
<21:20:36> Loading Particle Library: misc
<21:20:36> Loading Particle Library: ability_skill_table
<21:20:37> Loading Particle Library: ability_skill_table_k
<21:20:37> Loading Particle Library: abillity_skill_table_m
<21:20:37> Loading Particle Library: machinima
<21:20:37> Loading Particle Library: x2_effects
<21:20:37> Loading Particle Library: x2_effects_k
<21:20:37> [280A47E3] Precached total 2 materials
<21:20:37> [7B1A973B] seamless loading cell terrain(W0, 1), (L0, 0)
<21:20:37> [3EF08C47] seamless loading cell object(W0, 1), (L0, 0)
<21:20:38> [584C4FFD] [net 01:20:25.877]  dns ip:192.168.1.202
<21:20:38> [584C4FFD] [net 01:20:25.877]  dns ip:172.19.0.1
<21:20:38> [584C4FFD] [net 01:20:25.877]  dns ip:172.18.0.1
<21:20:38> [584C4FFD] [net 01:20:25.877]  dns ip:172.17.0.1
<21:20:38> [0DE3FA89][Error] CryAnimation: character-definition creation failed: game/objects/characters/elf/female/nude/el_f_kyprosa.cdf
<21:20:38> [13A58BA0][Error] CryAnimation: character-definition not found: game/objects/characters/elf/female/nude/el_f_kyprosa.cdf
<21:20:38> [4DD44108] Start DaruCommon Extension
<21:20:38> [1B425DA5] Duplicated post effect param! pszName = FilterMaskedBlurring_Amount
<21:20:38> [1B425DA5] Duplicated post effect param! pszName = FilterMaskedBlurring_MaskTexName
<21:20:38> [1B425DA5] Duplicated post effect param! pszName = FilterChromaShift_User_Amount
<21:20:38> [1B425DA5] Duplicated post effect param! pszName = FilterGrain_Amount
<21:20:38> [8F6BAA6C][Warning] Couldn't find console variable 'e_water_ocean_fft'
<21:20:38> Loading Particle Library: wind
<21:20:38> Loading Particle Library: X2_EFFECT_O
<21:20:38> [000004EE][Warning] Particle effect not found: '                                                                ', from ParticleEffect fx_land_green
<21:20:38> [12409CCC] Load Zone Finished
<21:20:38> [A39C1725] Level System - Loading Complete
<21:20:38> [27293DED] -----------------------------------------------------
<21:20:38> [120C18F5] * LOADING: 'loginbg4' loading time: 1.83 seconds
<21:20:38> [27293DED] -----------------------------------------------------
<21:20:38> [000004EE][Warning] [Lua Error] no client player exists
<21:20:38> [A13C772D][Warning] Cannot load texture ui/font_color.g, Image file format is invalid [File=ui/font_color.g]
<21:20:38> [000FABC5][Warning] CAreaGrid::BeginAreas() called before being initialized.
<21:20:46> [11E02DA3][Warning] Cannot load texture textures/defaults/16_12.dds, file missing [File=textures/defaults/16_12.dds]
<21:20:47> [1D01FDCA] Auth: client connected to server
<21:20:47> [584C4FFD] [net 01:20:47.917]  socket ip:192.168.1.202
<21:20:47> [4C920A71] mac address : 74-56-3c-fe-52-f3
<21:20:49> [A13C772D][Warning] Cannot load texture ui/font_color.g, Image file format is invalid [File=ui/font_color.g]
<21:21:00> [7CC1A260] Save Game Option
<21:21:00> [9FC303B8][Error] [CVARS]: [DUPLICATE] CXConsole::RegisterFloat(): variable [ui_double_click_interval] is already registered
<21:21:00> [000004EE][Warning] [Lua Error] no localized ui text for 18 always_refund
<21:21:00> [000004EE][Warning] [Lua Error] no client player exists
<21:21:00> [09F46B9D]     cl_fov = 90 []
<21:21:00> [09F46B9D]     camera_max_dist = 120 []
<21:21:00> [73861D69] Unknown command: name_tag_hp_width_on_bgmode 80
<21:21:00> [73861D69] Unknown command: name_tag_hp_height_on_bgmode 30
<21:21:00> [A13C772D][Warning] Cannot load texture ui/font_color.g, Image file format is invalid [File=ui/font_color.g]
<21:21:00> [247165BA][Warning] Cannot load texture ui/login_stage/background/game_information.dds, file missing [File=ui/login_stage/background/game_information.dds]
<21:21:00> [D2121932] Change resolution: 2560x1440x32 (Fullscreen)
<21:21:00> [583D6F38] Final resolution: 2560x1440x32 (Fullscreen)
<21:21:03> [7CC1A260] Save Game Option
<21:21:03> [09F46B9D]     cl_fov = 90 []
<21:21:03> [09F46B9D]     camera_max_dist = 120 []
<21:21:03> [73861D69] Unknown command: name_tag_hp_width_on_bgmode 80
<21:21:03> [73861D69] Unknown command: name_tag_hp_height_on_bgmode 30
<21:21:03> [D2121932] Change resolution: 2560x1440x32 (Windowed)
<21:21:03> [B0F7CF3E] Window Rect 3, 3, 2560x1440, 2560x1440
<21:21:03> [583D6F38] Final resolution: 2554x1408x32 (Windowed)
<21:30:54> [05D024BA] System:Quit
