[801989E0] BackupNameAttachment=" Build(0) Date(19 September 2025) Time(09 20 29)"  -- used by backup system
[00000020]  
[38F38F32] Log Started at #c
[0232BD25] Running 32 bit version
[7AB6F5FE] Executable: C:\Games\AAClassic\bin32\archeage.exe
[E5C771AC] FileVersion: 3.5.0.0
[F799D55F] ProductVersion: 3.5.3.0
[1F1D6B13] Using Microsoft (tm) C++ Standard Library implementation
[00000020]  
[C7D96C80] Revision: 350000
[00000020]  
[64533E3E] this is the first client
<09:20:34> [B9197FD5][Error] ConsoleVariableGroup[option_effect] key[e_particles_lod_onoff] has no default
<09:20:34> [76666E6D] 
--- CPU detection ---
<09:20:34> [F4D992D8] CPU: AMD AMD Ryzen 7 7800X3D 8-Core Processor           
<09:20:34> [3F649B02] Family: 15, Model: 1, Stepping: 2
<09:20:34> [83D12E0B] FPU: On-Chip
<09:20:34> [50919DA0] CPU Speed (estimated): 4192.076763 MHz
<09:20:34> [C73FD83A] MMX: not present
<09:20:34> [89D1077A] SSE: present
<09:20:34> [64E2B6F1] 3DNow!: present
<09:20:34> [27B7AC6E] Serial number not present or disabled
<09:20:34> [1D2D8E5B] Number of logical processors: 16
<09:20:34> [FA658084] Number of available logical processors: 16
<09:20:34> [A1F061C2] Invariant Time Stamp Counter : yes
<09:20:34> [FA0251ED] ---------------------

<09:20:34> [03E7D838] Device Info
<09:20:34> [9F603516] Device Info - 1
<09:20:34> [9F603517] Device Info - 2
<09:20:34> [9F603518] Device Info - 3
<09:20:34> [9F603519] Device Info - 4
<09:20:34> [9F60351A] Device Info - 5
<09:20:34> [9F60351B] Device Info - 6
<09:20:34> [9F60351C] Device Info - 7
<09:20:34> [E98ECC28] Video Memory Info
<09:20:34> [D5FBE664] Video Memory - 1
<09:20:34> [D5FBE665] Video Memory - 2
<09:20:34> [D5FBE666] Video Memory - 3
<09:20:34> [D5FBE667] Video Memory - 4
<09:20:34> [D5FBE668] Video Memory - 5
<09:20:34> [D5FBE669] Video Memory - 6
<09:20:34> [D5FBE66A] Video Memory - 7
<09:20:34> [D5FBE66B] Video Memory - 8
<09:20:34> [3A4D54A2][Warning] config/gpu/amd.txt line 55 contains a multiple defined GPU rating!
<09:20:34> [D20872C0] InitThreadAffinities
<09:20:34> [2F28A434] UpdateMainThreadAffinity
<09:20:34> [16962512] Windows 8 64 bit (build 6.2.9200)
<09:20:34> [38DFF081] System language: English
<09:20:34> [861A0178] Windows Directory: "C:\windows"
<09:20:34> [341B54F1] Prerequisites...
<09:20:34> [5D1B3C9C] * Installation of KB940105 hotfix required: no! (either not needed or already installed)
<09:20:34> [7A540A2F] Local time is 09:20:34 09/19/25, system running for 61 minutes
<09:20:34> [0C0C3489] 63426MB physical memory installed, 35517MB available, 4095MB virtual memory installed, 44 percent of memory in use
<09:20:34> [31259232] PageFile usage: 
<09:20:34> [453F0D1B] Current display mode is 2560x1440x32
<09:20:34> [8A64FCCC] IBM enhanced (101/102-key) keyboard and 3+ button mouse installed
<09:20:34> [CE30556B] ----- GPU Detection -----------------
<09:20:34> [03E7D838] Device Info
<09:20:34> [9F603516] Device Info - 1
<09:20:34> [9F603517] Device Info - 2
<09:20:34> [9F603518] Device Info - 3
<09:20:34> [9F603519] Device Info - 4
<09:20:34> [9F60351A] Device Info - 5
<09:20:34> [9F60351B] Device Info - 6
<09:20:34> [9F60351C] Device Info - 7
<09:20:34> [E98ECC28] Video Memory Info
<09:20:34> [D5FBE664] Video Memory - 1
<09:20:34> [D5FBE665] Video Memory - 2
<09:20:34> [D5FBE666] Video Memory - 3
<09:20:34> [D5FBE667] Video Memory - 4
<09:20:34> [D5FBE668] Video Memory - 5
<09:20:34> [D5FBE669] Video Memory - 6
<09:20:34> [D5FBE66A] Video Memory - 7
<09:20:34> [D5FBE66B] Video Memory - 8
<09:20:34> [99EA404A]  AMD Radeon RX 7800 XT (RADV NAVI32) (vendor = 0x1002, device = 0x747e, subSys = 0x00000000)
<09:20:34> [77718B6A] -- Video memory: 4081 MB
<09:20:34> [30DF1863] -- Minimum SM 2.0 support: yes
<09:20:34> [13E11956] -- DX11 supported: yes
<09:20:34> [50B60100] --------------------------------------------------------------------------------
<09:20:34> [5921EDBE] Stream Engine Initialization
<09:20:34> [BA0D559B] Splash: Initializing Stream Engine...
<09:20:34> [939F6EBB] Enable Resolutions : 20
<09:20:34> [B324CD25] Screen Resolution - 2048x1152
<09:20:34> [3778EA0B] Screen Resolution - 0 (2560x1440)
<09:20:34> [A1B107F0] Screen Resolution - Test OK (2560x1440)
<09:20:34> [A9E4B0F2] Network initialization
<09:20:34> [BA0D559B] Splash: Initializing Network System...
<09:20:34> [14FAD233] Socket I/O by iocp
<09:20:34> [E36A4FB9] Physics initialization
<09:20:34> [BA0D559B] Splash: Initializing Physics...
<09:20:34> [2462D581] MovieSystem initialization
<09:20:34> [BA0D559B] Splash: Initializing Movie System...
<09:20:34> [93287AEC] Renderer initialization - Start
<09:20:34> [BA0D559B] Splash: Initializing Renderer...
<09:20:34> [91207680] Renderer initialization - Open
<09:20:34> [4377E7CB] Renderer initialization - DLL Load(CryRenderD3D9.dll)
<09:20:34> [71203A94] Renderer initialization - DLL Done
<09:20:34> [71227C22] Renderer initialization - DLL Init
<09:20:34> [C653D9CB] Renderer initialization - Instance
<09:20:34> [44D9754D] D3D Adapter: Driver name: aticfx32.dll
<09:20:34> [82BE8322] D3D Adapter: Driver description: AMD Radeon RX 7800 XT (RADV NAVI32)
<09:20:34> [2224501A] D3D Adapter: Driver version: 32767.65535.65535.65535
<09:20:34> [E8D1E30D] D3D Adapter: Driver GUID: 00000000-0003-0000-0000000000000000
<09:20:34> [BC8C1ACB] D3D Adapter: VendorId = 0x1002
<09:20:34> [B6A10CFD] D3D Adapter: DeviceId = 0x747E
<09:20:34> [0678E702] D3D Adapter: SubSysId = 0x00000000
<09:20:34> [F2243F0E] D3D Adapter: Revision = 0
<09:20:34> [E571CFEE] Shader manager initialization
<09:20:35> [05BAAEF6] CResFile allocations incurred by user cache preload: (21142.18k)
<09:20:35> [911B73B8] Renderer initialization - Done
<09:20:35> [8E444EA9] Console initialization
<09:20:35> [2904A233] Time initialization
<09:20:35> [3650CFD6] Input initialization
<09:20:35> [BA0D559B] Splash: Initializing Input System...
<09:20:35> Initializing Keyboard
<09:20:35> [99640BF1] Sound initialization
<09:20:35> [BA0D559B] Splash: Initializing Sound System...
<09:20:35> [2C33885C] Sound - Initializing AudioDevice now!
<09:20:35> [E46760A9] <Sound> Initialize FMOD with dynamic memory callbacks
<09:20:36> [D6755BFD] <Sound> Starting to initialize Windows Audio Session API output! 
<09:20:36> [F7E8E3CD] <Sound> Drivers found: 5
<09:20:36> [5076AD4B] <Sound> Available drivers:
	1.	PulseAudio Output (PulseAudio Output)
	2.	Blue Microphones Analog Stereo (Blue Microphones Analog Stereo)
	3.	Wireless Controller (Wireless Controller)
	4.	Navi 31 HDMI/DP Audio Digital Stereo (HDMI) (Navi 31 HDMI/DP Audio Digital Stereo (HDMI))
	5.	Family 17h/19h/1ah HD Audio Controller Analog Stereo (Family 17h/19h/1ah HD Audio Controller Analog Stereo)
<09:20:36> [A0BBF7E1] <Sound> FmodEx-AudioDevice: Now running on driver: PulseAudio Output (PulseAudio Output)
<09:20:36> [14D8EFE1] <Sound> Using speaker mode: FMOD_SPEAKERMODE_STEREO
<09:20:36> [E79C27E5] <Sound> Initializing FMOD-EX now!
<09:20:36> [E2A9FE08] <Sound> Available record drivers: 0 PulseAudio Input (PulseAudio Input) !
<09:20:36> [E2A9FE08] <Sound> Available record drivers: 1 Family 17h/19h/1ah HD Audio Controller Analog Stereo (Family 17h/19h/1ah HD Audio Controller Analog Stereo) !
<09:20:36> [E2A9FE08] <Sound> Available record drivers: 2 Wireless Controller (Wireless Controller) !
<09:20:36> [E2A9FE08] <Sound> Available record drivers: 3 Blue Microphones Analog Stereo (Blue Microphones Analog Stereo) !
<09:20:36> [E2A9FE08] <Sound> Available record drivers: 4 Monitor of Family 17h/19h/1ah HD Audio Controller (Monitor of Family 17h/19h/1ah HD Audio Controller) !
<09:20:36> [E2A9FE08] <Sound> Available record drivers: 5 Monitor of Blue Microphones Analog Stereo (Monitor of Blue Microphones Analog Stereo) !
<09:20:36> [E2A9FE08] <Sound> Available record drivers: 6 Wireless Controller (Wireless Controller) !
<09:20:36> [E2A9FE08] <Sound> Available record drivers: 7 Monitor of Navi 31 HDMI/DP Audio Digital Stereo (HDMI) (Monitor of Navi 31 HDMI/DP Audio Digital Stereo (HDMI)) !
<09:20:36> [6841BE38] <Sound> Record config is set to autodetect using record driver 0
<09:20:36> [7808B4C4] <Sound> Using FMOD version: 00044414 and internal 00044414!
<09:20:36> [2A2815C7] <Sound> Initialized FMOD-EX
<09:20:36> [BE4EF52E] Sound - Initializing SoundSystem now!
<09:20:36> [0D547471] Font initialization
<09:20:36> [BA0D559B] Splash: Initializing Fonts...
<09:20:36> [C194F7C8][Warning] Cannot load texture textures/defaults/replacemecm.tif, file missing [File=textures/defaults/replacemecm.dds]
<09:20:36> [84206398] AI initialization
<09:20:36> [1BC221DE] Initializing Animation System
<09:20:36> [BA0D559B] Splash: Initializing Animation System...
<09:20:36> [9E592EFE] Initializing 3D Engine
<09:20:36> [BA0D559B] Splash: Initializing 3D Engine...
<09:20:37> [637AF710][Warning] missing chr material : game/objects/characters/ferre/female/nude/Standard_22.mtl (chr: game/objects/characters/ferre/female/nude/fe_f_base.chr)
<09:20:37> [91F5AEEC][Warning] number of bones mismatch! game/objects/characters/ferre/female/nude/fe_f_base.chr=195 game/objects/characters/ferre/female/nude/fe_f_base_lod1.chr=185
<09:20:38> [7415A452] CHR PreCaching 25 Done
<09:20:38> [E7AD4E53] AddSharedMorphTargets - Failed to load objects/characters/dwarf/male/face/dw_m_face00.chr
<09:20:38> [61AD1790] MorphTargetPreCaching - objects/characters/dwarf/male/face/dw_m_face00.chr Add Failed
<09:20:38> [A4A6E4C6] MorphTarget PreCaching 11 Done
<09:20:38> [5ACB40E2] Init Face Makers
<09:20:38> [56B5985B] X2FaceMaker - game/objects/characters/nuian/male/face/nu_m_face01_mid.chr : mouth_UnderbiteOverbite target not exist
<09:20:38> [56B5985B] X2FaceMaker - game/objects/characters/nuian/male/face/nu_m_face01_mid.chr : mouth_UnderbiteOverbite target not exist
<09:20:38> [56B5985B] X2FaceMaker - game/objects/characters/nuian/male/face/nu_m_face01_mid.chr : mouth_UnderbiteOverbite target not exist
<09:20:38> [4ABB03EB] game/objects/characters/ferre/female/face/fe_f_face01_low.chr(303) - objects/characters/ferre/female/face/fe_f_face00.chr(3063) SharedMorph is not matched
<09:20:38> [56B5985B] X2FaceMaker - game/objects/characters/nuian/male/face/nu_m_face01_mid.chr : mouth_UnderbiteOverbite target not exist
<09:20:38> [56B5985B] X2FaceMaker - game/objects/characters/nuian/male/face/nu_m_face01_mid.chr : nose_dw_SeptumVol target not exist
<09:20:38> [56B5985B] X2FaceMaker - game/objects/characters/nuian/male/face/nu_m_face01_mid.chr : nose_dw_NasalZposition target not exist
<09:20:38> [56B5985B] X2FaceMaker - game/objects/characters/nuian/male/face/nu_m_face01_mid.chr : FS_dwEarSize target not exist
<09:20:38> [56B5985B] X2FaceMaker - game/objects/characters/nuian/male/face/nu_m_face01_mid.chr : dwarf_Morph target not exist
<09:20:38> [56B5985B] X2FaceMaker - game/objects/characters/nuian/male/face/nu_m_face01_mid.chr : FS_dw_CheekMeat_min target not exist
<09:20:38> [1191A6A8] X2FaceMaker - game/objects/characters/nuian/male/face/nu_m_face01_mid.chr : FS_dw_CheekMeat_max ex target not exist
<09:20:38> [56B5985B] X2FaceMaker - game/objects/characters/warborn/male/face/wa_m_face01_mid.chr : eye_Forehead target not exist
<09:20:38> [56B5985B] X2FaceMaker - game/objects/characters/warborn/male/face/wa_m_face01_mid.chr : eye_Tail_min target not exist
<09:20:38> [1191A6A8] X2FaceMaker - game/objects/characters/warborn/male/face/wa_m_face01_mid.chr : eye_Tail_max ex target not exist
<09:20:38> [56B5985B] X2FaceMaker - game/objects/characters/warborn/male/face/wa_m_face01_mid.chr : eye_WidthLength_min target not exist
<09:20:38> [1191A6A8] X2FaceMaker - game/objects/characters/warborn/male/face/wa_m_face01_mid.chr : eye_WidthLength_max ex target not exist
<09:20:38> [56B5985B] X2FaceMaker - game/objects/characters/warborn/male/face/wa_m_face01_mid.chr : eye_DoubleEyelidShape target not exist
<09:20:38> [56B5985B] X2FaceMaker - game/objects/characters/warborn/male/face/wa_m_face01_mid.chr : eye_BrowXposition target not exist
<09:20:38> [56B5985B] X2FaceMaker - game/objects/characters/warborn/male/face/wa_m_face01_mid.chr : eye_BrowZposition target not exist
<09:20:38> [56B5985B] X2FaceMaker - game/objects/characters/warborn/male/face/wa_m_face01_mid.chr : nose_Nostril target not exist
<09:20:38> [56B5985B] X2FaceMaker - game/objects/characters/warborn/male/face/wa_m_face01_mid.chr : nose_Size target not exist
<09:20:38> [56B5985B] X2FaceMaker - game/objects/characters/warborn/male/face/wa_m_face01_mid.chr : nose_SeptumZposition target not exist
<09:20:38> [56B5985B] X2FaceMaker - game/objects/characters/warborn/male/face/wa_m_face01_mid.chr : nose_End target not exist
<09:20:38> [56B5985B] X2FaceMaker - game/objects/characters/warborn/male/face/wa_m_face01_mid.chr : nose_Size target not exist
<09:20:38> [56B5985B] X2FaceMaker - game/objects/characters/warborn/male/face/wa_m_face01_mid.chr : mouth_UpperLipVolume target not exist
<09:20:38> [56B5985B] X2FaceMaker - game/objects/characters/warborn/male/face/wa_m_face01_mid.chr : mouth_LowerLipVolume target not exist
<09:20:38> [56B5985B] X2FaceMaker - game/objects/characters/warborn/male/face/wa_m_face01_mid.chr : mouth_UpperLipOpen target not exist
<09:20:38> [56B5985B] X2FaceMaker - game/objects/characters/warborn/male/face/wa_m_face01_mid.chr : mouth_LowerLipOpen target not exist
<09:20:38> [56B5985B] X2FaceMaker - game/objects/characters/warborn/male/face/wa_m_face01_mid.chr : mouth_MouthOpen target not exist
<09:20:38> [56B5985B] X2FaceMaker - game/objects/characters/warborn/male/face/wa_m_face01_mid.chr : mouth_Size target not exist
<09:20:38> [56B5985B] X2FaceMaker - game/objects/characters/warborn/male/face/wa_m_face01_mid.chr : mouth_Shape_min target not exist
<09:20:38> [1191A6A8] X2FaceMaker - game/objects/characters/warborn/male/face/wa_m_face01_mid.chr : mouth_Shape_max ex target not exist
<09:20:38> [56B5985B] X2FaceMaker - game/objects/characters/warborn/male/face/wa_m_face01_mid.chr : mouth_TeethZposition target not exist
<09:20:38> [56B5985B] X2FaceMaker - game/objects/characters/warborn/male/face/wa_m_face01_mid.chr : FS_JawHigh_min target not exist
<09:20:38> [1191A6A8] X2FaceMaker - game/objects/characters/warborn/male/face/wa_m_face01_mid.chr : FS_JawHigh_max ex target not exist
<09:20:38> [56B5985B] X2FaceMaker - game/objects/characters/warborn/male/face/wa_m_face01_mid.chr : FS_EarRotate_min target not exist
<09:20:38> [1191A6A8] X2FaceMaker - game/objects/characters/warborn/male/face/wa_m_face01_mid.chr : FS_EarRotate_max ex target not exist
<09:20:38> [56B5985B] X2FaceMaker - game/objects/characters/warborn/male/face/wa_m_face01_mid.chr : FS_Beard1 target not exist
<09:20:38> [56B5985B] X2FaceMaker - game/objects/characters/warborn/male/face/wa_m_face01_mid.chr : FS_Beard2 target not exist
<09:20:38> [56B5985B] X2FaceMaker - game/objects/characters/warborn/male/face/wa_m_face01_mid.chr : FS_Beard3 target not exist
<09:20:38> [56B5985B] X2FaceMaker - game/objects/characters/warborn/female/face/wa_f_face01_mid.chr : eye_Yposition_min target not exist
<09:20:38> [1191A6A8] X2FaceMaker - game/objects/characters/warborn/female/face/wa_f_face01_mid.chr : eye_Yposition_max ex target not exist
<09:20:38> [56B5985B] X2FaceMaker - game/objects/characters/warborn/female/face/wa_f_face01_mid.chr : FS_AllLowerY target not exist
<09:20:38> [56B5985B] X2FaceMaker - game/objects/characters/warborn/female/face/wa_f_face01_mid.chr : FS_AllRotate target not exist
<09:20:38> [56B5985B] X2FaceMaker - game/objects/characters/warborn/female/face/wa_f_face01_mid.chr : FS_AllY target not exist
<09:20:38> [56B5985B] X2FaceMaker - game/objects/characters/warborn/female/face/wa_f_face01_mid.chr : mouth_Open_min target not exist
<09:20:38> [1191A6A8] X2FaceMaker - game/objects/characters/warborn/female/face/wa_f_face01_mid.chr : mouth_Open_max ex target not exist
<09:20:38> [E320B5CE] Init Face Makers - Done!
<09:20:38> [581CA53C] Script System Initialization
<09:20:38> [BA0D559B] Splash: Initializing Script System...
<09:20:38> [000004EE][Warning] [Lua Error] 1_3_0/scripts/common.lua:276: attempt to index global 'Script' (a nil value)
<09:20:38> [58F3F7FF][Warning] <null>:0: [Lua Error] Failed to execute file @game/scriptsbin/common.alb
<09:20:38> [D8B2BA54] Entity system initialization
<09:20:38> [BA0D559B] Splash: Initializing Entity System...
<09:20:38> [D55F91B2][Warning] [CEntityClassRegistry] LoadClassDescription failed, Entity Class name Chick already registered
<09:20:38> [BA0D559B] Splash: Initializing AI System...
<09:20:38> [DA019954] Initializing AI System
<09:20:38> [2546BCC5] Initializing Budgeting System
<09:20:38> [C0E19025] Initializing Seamless System
<09:20:38> [BA0D559B] Splash: Loading Game Data...
<09:20:40> [90B8EC50][Warning] too many ranges: aoe_shapes descs 10156(10156) threshold 100 ranges 12
<09:20:40> [BA4AD6CE] Loading portal list
<09:20:40> [92597454] Portal added, enter: 3891, exit: 6629
<09:20:40> [92597454] Portal added, enter: 21448, exit: 21449
<09:20:40> [92597454] Portal added, enter: 21450, exit: 21451
<09:20:40> [92597454] Portal added, enter: 21452, exit: 21453
<09:20:40> [92597454] Portal added, enter: 21698, exit: 21699
<09:20:40> [92597454] Portal added, enter: 22023, exit: 22024
<09:20:40> [92597454] Portal added, enter: 22042, exit: 22066
<09:20:40> [92597454] Portal added, enter: 22136, exit: 22137
<09:20:40> [92597454] Portal added, enter: 22163, exit: 22164
<09:20:40> [92597454] Portal added, enter: 22184, exit: 22185
<09:20:40> [92597454] Portal added, enter: 22336, exit: 22337
<09:20:40> [92597454] Portal added, enter: 9000063, exit: 9000064
<09:20:40> [1C664009] End loading portal list
<09:20:41> [937812F7] loaded DDCMS (1396969 descs, 719156 links (17 page 16.95MB size) string) from game\db\compact.sqlite3 in 957 ms
<09:20:41> [BA0D559B] Splash: Initializing Game System...
<09:20:41> [000004EE][Warning] [Lua Error] no localized ui text for 18 always_refund
<09:20:41> [0ADE3294][Warning] [MFX] Effect 'collisions:grenade' already present. Overriding.
<09:20:41> [311630D1][Warning] MFX WARNING: Material not found: mat_ice_breakable
<09:20:41>  
<09:20:41>    sys_spec = Custom (assuming 4)
<09:20:41>      option_anti_aliasing = 2 expected:3
<09:20:41>  
<09:20:41> [BA0D559B] Splash: Preparing Screen...
<09:20:41> [963385F6] Level System - Loading Start
<09:20:41> [806B6F8D] precaching world entities ..
<09:20:41> [7E39E0DE] precaching world entities .. done!  total (0) objects
<09:20:41> [D2B280D6] Vegetation Manager : Loading World(login2)
<09:20:41> [075AB92F] Vegetation Manager : Loading World - Done (total 36 vegetations)
<09:20:41> [B9410AA1] total 20 terrain world surfaces loaded
<09:20:41> Loading Particle Library: collisions
<09:20:41> Loading Particle Library: water
<09:20:41> Loading Particle Library: misc
<09:20:41> Loading Particle Library: ability_skill_table
<09:20:41> Loading Particle Library: ability_skill_table_k
<09:20:42> Loading Particle Library: abillity_skill_table_m
<09:20:42> Loading Particle Library: machinima
<09:20:42> Loading Particle Library: x2_effects
<09:20:42> Loading Particle Library: x2_effects_k
<09:20:42> [280A47E3] Precached total 2 materials
<09:20:42> [7B1A973B] seamless loading cell terrain(W0, 1), (L0, 0)
<09:20:42> [3EF08C47] seamless loading cell object(W0, 1), (L0, 0)
<09:20:42> [584C4FFD] [net 13:20:34.860]  dns ip:192.168.1.202
<09:20:42> [584C4FFD] [net 13:20:34.860]  dns ip:172.18.0.1
<09:20:42> [584C4FFD] [net 13:20:34.860]  dns ip:172.19.0.1
<09:20:42> [584C4FFD] [net 13:20:34.860]  dns ip:172.17.0.1
<09:20:42> [0DE3FA89][Error] CryAnimation: character-definition creation failed: game/objects/characters/elf/female/nude/el_f_kyprosa.cdf
<09:20:42> [13A58BA0][Error] CryAnimation: character-definition not found: game/objects/characters/elf/female/nude/el_f_kyprosa.cdf
<09:20:42> [4DD44108] Start DaruCommon Extension
<09:20:42> [1B425DA5] Duplicated post effect param! pszName = FilterMaskedBlurring_Amount
<09:20:42> [1B425DA5] Duplicated post effect param! pszName = FilterMaskedBlurring_MaskTexName
<09:20:42> [1B425DA5] Duplicated post effect param! pszName = FilterChromaShift_User_Amount
<09:20:42> [1B425DA5] Duplicated post effect param! pszName = FilterGrain_Amount
<09:20:42> [8F6BAA6C][Warning] Couldn't find console variable 'e_water_ocean_fft'
<09:20:42> Loading Particle Library: wind
<09:20:42> Loading Particle Library: X2_EFFECT_O
<09:20:43> [000004EE][Warning] Particle effect not found: '                                                                ', from ParticleEffect fx_land_green
<09:20:43> [12409CCC] Load Zone Finished
<09:20:43> [A39C1725] Level System - Loading Complete
<09:20:43> [27293DED] -----------------------------------------------------
<09:20:43> [120C18F5] * LOADING: 'loginbg4' loading time: 1.31 seconds
<09:20:43> [27293DED] -----------------------------------------------------
<09:20:43> [000004EE][Warning] [Lua Error] no client player exists
<09:20:43> [A13C772D][Warning] Cannot load texture ui/font_color.g, Image file format is invalid [File=ui/font_color.g]
<09:20:43> [000FABC5][Warning] CAreaGrid::BeginAreas() called before being initialized.
<09:20:46> [1D01FDCA] Auth: client connected to server
<09:20:46> [584C4FFD] [net 13:20:46.453]  socket ip:192.168.1.202
<09:20:46> [4C920A71] mac address : 74-56-3c-fe-52-f3
<09:20:47> [A13C772D][Warning] Cannot load texture ui/font_color.g, Image file format is invalid [File=ui/font_color.g]
<09:20:51> [584C4FFD] [net 13:20:51.344] connection requested to: 192.95.21.64:1239
<09:20:51> [4ABA7BDB] Auth: client disconnected (reason=0)
<09:20:51> [0F08E548] [NetConnection] connect completed (succeeded:true)
<09:20:51> [48F7BDF2] invalid world id in world queue packet
<09:20:51> [26623ECA] ucc info.. 5 0
<09:20:51> [4516816D] pay method: person
<09:20:51> [4AA30841] pay location: person
<09:20:51> [ADF1C07E] pay start: 1900-1-1 00:00:00
<09:20:51> [6486A277] pay end: 1900-1-1 00:00:00
<09:20:51> [FFF6198C] premium point: 0
<09:20:51> [481C0862] premium grade: premium_0
<09:20:51> [88D9AB0C] real pay time: 19036360409088
<09:20:51> [9FC303B8][Error] [CVARS]: [DUPLICATE] CXConsole::RegisterFloat(): variable [camera_max_dist] is already registered
<09:20:51> [34CCC219] stream: connected to world server
<09:20:51> [06A46B5B] stream: authorized by world server
<09:20:52> [4516816D] pay method: person
<09:20:52> [4AA30841] pay location: person
<09:20:52> [ADF1C07E] pay start: 1900-1-1 00:00:00
<09:20:52> [6486A277] pay end: 2037-12-31 16:00:00
<09:20:52> [FFF6198C] premium point: 0
<09:20:52> [481C0862] premium grade: premium_0
<09:20:52> [88D9AB0C] real pay time: -1
<09:20:52> [82321C2B][Warning] [net 13:20:52.148] [time] remote time estimation restarted; estimate accumulator age was 3709.935547
<09:20:54> [637AF710][Warning] missing chr material : game/objects/characters/warborn/female/parts/ar/obj/wa_f_ar_leather181.mtl (chr: game/objects/characters/warborn/female/parts/ar/obj/wa_f_1ac014_1ar117_2ar602_2arm004_2bt005_2pv002.chr)
<09:20:54> [000004EE][Warning] [Lua Error] no localized ui text for 18 always_refund
<09:20:54> [09F46B9D]     cl_fov = 90 []
<09:20:54> [09F46B9D]     camera_max_dist = 180 []
<09:20:54> [09F46B9D]     name_tag_hp_width_on_bgmode = 80 []
<09:20:54> [09F46B9D]     name_tag_hp_height_on_bgmode = 30 []
<09:20:54> [A13C772D][Warning] Cannot load texture ui/font_color.g, Image file format is invalid [File=ui/font_color.g]
<09:20:54> [06E6A3E9][Warning] Cannot load texture ui/login_stage/queue.dds, file missing [File=ui/login_stage/queue.dds]
<09:20:54> [000004EE][Warning] RenderMesh not assigned game/objects/box_nodraw.cgf
<09:20:55> [DA579B6C][Error] can't load client driven connect info.. Kompy
<09:20:59> [9FC303B8][Error] [CVARS]: [DUPLICATE] CXConsole::RegisterFloat(): variable [ui_double_click_interval] is already registered
<09:20:59> [0DE3FA89][Error] CryAnimation: character-definition creation failed: game/objects/characters/returned/female/nude/re_f.cdf
<09:21:00> [6FF68EA5] SetInstantTime: type 0 time 0
<09:21:00> [6FF68EA5] SetInstantTime: type 1 time 1758211439
<09:21:00> [6FF68EA5] SetInstantTime: type 2 time 1757821854
<09:21:00> [6FF68EA5] SetInstantTime: type 3 time 0
<09:21:00> [6FF68EA5] SetInstantTime: type 4 time 0
<09:21:00> [6FF68EA5] SetInstantTime: type 5 time 0
<09:21:00> [6FF68EA5] SetInstantTime: type 6 time 0
<09:21:00> [6FF68EA5] SetInstantTime: type 7 time 1758285336
<09:21:00> [82321C2B][Warning] [net 13:21:00.046] [time] remote time estimation restarted; estimate accumulator age was 2.102157
<09:21:00> [0E61BD35] ExpeditionMember 20 added
<09:21:00> [0E61BD35] ExpeditionMember 7 added
<09:21:00> [51CFCC4C] ExpeditionMember count matched. total 27
<09:21:00> [966861E8][Warning] GetAllPolicies empty
<09:21:00> [67B7DD8A][Warning] my ExpeditionMemberDesc not exist
<09:21:00> [7AB931CE] seamless unloading cell object(W0, 0), (L0, 0)
<09:21:00> [4B1E8B22] unload cell object count : 1511
<09:21:00> [B866A294] seamless unloading cell terrain(W0, 0), (L0, 0)
<09:21:00> [963385F6] Level System - Loading Start
<09:21:00> [E0E0EDAE][Warning] failed to load zone time of day from game/worlds/main_world/zone/225//time_of_day.xml
<09:21:00> [AB17243B][Warning] failed to load zone environment from game/worlds/main_world/zone/309//env.xml
<09:21:00> [35D4413E][Warning] failed to load zone clouds from game/worlds/main_world/zone/309//clouds.xml
<09:21:00> [806B6F8D] precaching world entities ..
<09:21:00> [7E39E0DE] precaching world entities .. done!  total (1778) objects
<09:21:00> [D2B280D6] Vegetation Manager : Loading World(main_world)
<09:21:00> [075AB92F] Vegetation Manager : Loading World - Done (total 3055 vegetations)
<09:21:00> [000004EE][Error] CTerrain::LoadWorldSurfaces: Error loading material: materials/Terrain/gweonidforest/w_forest_road_a1
<09:21:01> [751FFB9E][Warning] Error: CShaderMan::mfCreateShaderResources: Couldn't find detail texture
'game/textures/aa_terrain/canyon/tr_canyon_rock_616a_ddn.tga' in path '' [File=game/textures/aa_terrain/canyon/tr_canyon_rock_616a_ddn.tga]
<09:21:01> [B9410AA1] total 600 terrain world surfaces loaded
<09:21:01> [280A47E3] Precached total 4 materials
<09:21:01> [7B1A973B] seamless loading cell terrain(W21, 7), (L4, 4)
<09:21:01> [7B1A973B] seamless loading cell terrain(W21, 8), (L4, 5)
<09:21:01> [7B1A973B] seamless loading cell terrain(W20, 7), (L3, 4)
<09:21:01> [7B1A973B] seamless loading cell terrain(W20, 8), (L3, 5)
<09:21:01> [7B1A973B] seamless loading cell terrain(W22, 7), (L5, 4)
<09:21:01> [7B1A973B] seamless loading cell terrain(W22, 8), (L5, 5)
<09:21:01> [7B1A973B] seamless loading cell terrain(W21, 6), (L4, 3)
<09:21:01> [7B1A973B] seamless loading cell terrain(W21, 9), (L4, 6)
<09:21:01> [7B1A973B] seamless loading cell terrain(W20, 6), (L3, 3)
<09:21:01> [7B1A973B] seamless loading cell terrain(W20, 9), (L3, 6)
<09:21:01> [7B1A973B] seamless loading cell terrain(W19, 7), (L2, 4)
<09:21:01> [7B1A973B] seamless loading cell terrain(W22, 6), (L5, 3)
<09:21:01> [7B1A973B] seamless loading cell terrain(W19, 8), (L2, 5)
<09:21:01> [7B1A973B] seamless loading cell terrain(W22, 9), (L5, 6)
<09:21:01> [7B1A973B] seamless loading cell terrain(W23, 7), (L6, 4)
<09:21:01> [7B1A973B] seamless loading cell terrain(W19, 6), (L2, 3)
<09:21:01> [7B1A973B] seamless loading cell terrain(W23, 8), (L6, 5)
<09:21:01> [7B1A973B] seamless loading cell terrain(W19, 9), (L2, 6)
<09:21:01> [7B1A973B] seamless loading cell terrain(W21, 5), (L4, 2)
<09:21:01> [7B1A973B] seamless loading cell terrain(W20, 5), (L3, 2)
<09:21:01> [7B1A973B] seamless loading cell terrain(W21, 10), (L4, 7)
<09:21:01> [7B1A973B] seamless loading cell terrain(W23, 6), (L6, 3)
<09:21:01> [7B1A973B] seamless loading cell terrain(W22, 5), (L5, 2)
<09:21:01> [7B1A973B] seamless loading cell terrain(W20, 10), (L3, 7)
<09:21:01> [7B1A973B] seamless loading cell terrain(W23, 9), (L6, 6)
<09:21:01> [7B1A973B] seamless loading cell terrain(W18, 7), (L1, 4)
<09:21:01> [7B1A973B] seamless loading cell terrain(W18, 8), (L1, 5)
<09:21:01> [7B1A973B] seamless loading cell terrain(W22, 10), (L5, 7)
<09:21:01> [7B1A973B] seamless loading cell terrain(W19, 5), (L2, 2)
<09:21:01> [7B1A973B] seamless loading cell terrain(W18, 6), (L1, 3)
<09:21:01> [7B1A973B] seamless loading cell terrain(W19, 10), (L2, 7)
<09:21:01> [7B1A973B] seamless loading cell terrain(W18, 9), (L1, 6)
<09:21:01> [7B1A973B] seamless loading cell terrain(W24, 7), (L7, 4)
<09:21:01> [7B1A973B] seamless loading cell terrain(W24, 8), (L7, 5)
<09:21:01> [7B1A973B] seamless loading cell terrain(W23, 5), (L6, 2)
<09:21:01> [7B1A973B] seamless loading cell terrain(W23, 10), (L6, 7)
<09:21:01> [7B1A973B] seamless loading cell terrain(W21, 4), (L4, 1)
<09:21:01> [7B1A973B] seamless loading cell terrain(W20, 4), (L3, 1)
<09:21:01> [7B1A973B] seamless loading cell terrain(W24, 6), (L7, 3)
<09:21:01> [7B1A973B] seamless loading cell terrain(W24, 9), (L7, 6)
<09:21:01> [7B1A973B] seamless loading cell terrain(W22, 4), (L5, 1)
<09:21:01> [7B1A973B] seamless loading cell terrain(W18, 5), (L1, 2)
<09:21:01> [7B1A973B] seamless loading cell terrain(W18, 10), (L1, 7)
<09:21:01> [7B1A973B] seamless loading cell terrain(W17, 7), (L0, 4)
<09:21:01> [7B1A973B] seamless loading cell terrain(W17, 8), (L0, 5)
<09:21:01> [7B1A973B] seamless loading cell terrain(W19, 4), (L2, 1)
<09:21:01> [7B1A973B] seamless loading cell terrain(W24, 5), (L7, 2)
<09:21:01> [3EF08C47] seamless loading cell object(W21, 7), (L4, 4)
<09:21:01> [000004EE][Warning] [CGF Error] game/objects/env/02_harihara/001_hcom/hcom_cart_b.cgf [:] LOD1 of geometry hcom_cart_b contains too many polygons comparing to the LOD0 [770 against 1114] :
<09:21:01> [000004EE][Warning] [CGF Error] game/objects/env/01_nuia/001_housing/housing_people/hs_people_roof_a.cgf [:] Duplicate LOD helper $lod2 hs_people_roof_a
<09:21:01> [A5DDEC33][Warning] Warning: CShaderMan::mfForName: NULL name
<09:21:01> Loading Particle Library: X2_EFFECTS_P
<09:21:01> [000004EE][Warning] [CGF Error] game/objects/env/01_nuia/001_housing/housing_guild/nuia_h_guild_door_b_back.cga [:] non-uniform scale(1.00, 1.39, 1.00) at node(nuia_h_guild_door_b01_back)
<09:21:01> [000004EE][Warning] [CGF Error] game/objects/env/02_harihara/03_ti/ti_factorymain_a.cga [:] Invalid BBox : has Invalid BBox node(Object32)
<09:21:01> Loading Particle Library: x2_sounds
<09:21:01> [3EF08C47] seamless loading cell object(W21, 8), (L4, 5)
<09:21:01> [745BAE2F][Warning] failed to stream material xml(game/rock_06.mtl)
<09:21:01> [3EF08C47] seamless loading cell object(W20, 7), (L3, 4)
<09:21:01> [3EF08C47] seamless loading cell object(W20, 8), (L3, 5)
<09:21:02> [3EF08C47] seamless loading cell object(W22, 7), (L5, 4)
<09:21:02> [3EF08C47] seamless loading cell object(W22, 8), (L5, 5)
<09:21:02> [3EF08C47] seamless loading cell object(W21, 6), (L4, 3)
<09:21:02> [3EF08C47] seamless loading cell object(W21, 9), (L4, 6)
<09:21:02> [3EF08C47] seamless loading cell object(W20, 6), (L3, 3)
<09:21:02> [3EF08C47] seamless loading cell object(W20, 9), (L3, 6)
<09:21:02> [3EF08C47] seamless loading cell object(W19, 7), (L2, 4)
<09:21:02> [3EF08C47] seamless loading cell object(W22, 6), (L5, 3)
<09:21:02> [526BDE3A][Warning] Cannot load texture game/objects/env/02_harihara/04_su/su_tent_01game/objects/env/02_harihara/04_su/su_tent_04_df.dds_df.dds, file missing [File=game/objects/env/02_harihara/04_su/su_tent_01game/objects/env/02_harihara/04_su/su_tent_04_df.dds_df.dds]
<09:21:02> [3EF08C47] seamless loading cell object(W19, 8), (L2, 5)
<09:21:02> [3EF08C47] seamless loading cell object(W22, 9), (L5, 6)
<09:21:02> [3EF08C47] seamless loading cell object(W23, 7), (L6, 4)
<09:21:02> [3EF08C47] seamless loading cell object(W19, 6), (L2, 3)
<09:21:02> [3EF08C47] seamless loading cell object(W23, 8), (L6, 5)
<09:21:02> [3C93550B][Warning] Error: CShaderMan::mfCreateShaderResources: Couldn't find custom texture 'objects/env/01_nuia/06_mari/mari_wood04_ddobjects/env/01_nuia/06_mari/mari_wood04_sp.dds' in path '' [File=objects/env/01_nuia/06_mari/mari_wood04_ddobjects/env/01_nuia/06_mari/mari_wood04_sp.dds]
<09:21:02> [3EF08C47] seamless loading cell object(W19, 9), (L2, 6)
<09:21:02> [3EF08C47] seamless loading cell object(W21, 5), (L4, 2)
<09:21:03> [000004EE][Warning] Particle effect not found: 'X2_EFFECTS.e_effect.smoke_slow', from ParticleEffect ParticleEffect_2760
<09:21:03> [3EF08C47] seamless loading cell object(W20, 5), (L3, 2)
<09:21:03> [12409CCC] Load Zone Finished
<09:21:03> [000004EE][Warning] I3DEngine::RegisterEntity: entity reports invalid position: Name: LightEntityName (), Class: LightEntityClass, Pos=(657.3,7976.0,585.4), aabb center=(142.0,1019.8,-2.3)
<09:21:03> [82321C2B][Warning] [net 13:21:03.247] [time] remote time estimation restarted; estimate accumulator age was 3.147555
<09:21:03> [7F89A202][Warning] AI: Warning: AIPoint is not inside Navigation Modifier. pos(4863.9, 5327.1, 637.1)
<09:21:03> [5CE4EF2C][Warning] failed to load particle lib from (Libs/Particles/game/abillity_skill_table_m.xml)
<09:21:03> [000004EE][Warning] Particle effect not found: 'game/abillity_skill_table_m.wild.shock_form2', from unknown 
<09:21:03> [2BFDEC33][Error] realstep 8, not match unit req
<09:21:03> [A39C1725] Level System - Loading Complete
<09:21:03> [9BE3F673] total 0 CGF files are precached
<09:21:04> [27293DED] -----------------------------------------------------
<09:21:04> [120C18F5] * LOADING: 'e_tiger_spine_mountains_2' loading time: 4.03 seconds
<09:21:04> [27293DED] -----------------------------------------------------
<09:21:04> [BCCDC555][Warning] MakeSprite - too many sprite update (10). dropping.. (sprites : 65)
<09:21:04> [000004EE][Warning] Independent immortal particle effect spawned: X2_EFFECT_O.Interaction.enchant_wpn_range_honor_3g
<09:21:04> [62232BEA][Warning] deferred xml stream error - game/animations/animals/owl_postman/lmg_files/normal_run.lmg : f0000003
<09:21:04> [CA175C82][Warning] non-stream IO. system(Material), filePath(game/objects/env/01_nuia/001_housing/housing_farm/hs_f_scarecrow_star.mtl)
<09:21:04> [000004EE][Warning] [CGF Error] game/objects/env/01_nuia/001_ndeco/making/ndeco_powerfulmaking.cga [:] LOD1 of geometry parts01 contains too many polygons comparing to the LOD0 [1592 against 1130] :
<09:21:05> Loading Particle Library: X2_effect_H
<09:21:05> [EBF8A645][Warning] Error: CShaderMan::mfCreateShaderResources: Couldn't find detail texture
'Game/objects/Env/01_nuia/001_housing/housing_house/housing_small_newhouse/housing_small_newhouse_03/housing_small_newhouse_03_floor_ddn.dds' in path '' [File=Game/objects/Env/01_nuia/001_housing/housing_house/housing_small_newhouse/housing_small_newhouse_03/housing_small_newhouse_03_floor_ddn.dds]
<09:21:05> Loading Particle Library: ljs_particle_fx
<09:21:05> [755A3546][Warning] Error: CShaderMan::mfCreateShaderResources: Couldn't find custom secondary texture 'game/objects/env/01_nuia/001_housing/housing_house/nuia_housing_treemossy03_ddn.dds' in path '' [File=game/objects/env/01_nuia/001_housing/housing_house/nuia_housing_treemossy03_ddn.dds]
<09:21:05> [745BAE2F][Warning] failed to stream material xml(game/$picking.mtl)
<09:21:06> [637AF710][Warning] missing chr material : game/objects/characters/hariharan/female/parts/hm/obj/ha_f_hm_cloth207.mtl (chr: game/objects/characters/hariharan/female/parts/hm/obj/ha_f_1hm112.chr)
<09:21:06> [13B09A43][Warning] Cannot load texture game/textures/cubemaps/cxpgame/objects/env/01_nuia/001_housing/housing_furniture/hs_f_cookie_chair_df.dds_river.dds, file missing [File=game/textures/cubemaps/cxpgame/objects/env/01_nuia/001_housing/housing_furniture/hs_f_cookie_chair_df.dds_river.dds]
<09:21:06> [5243B464][Warning] Error: CShaderMan::mfCreateShaderResources: Couldn't find subsurface texture 'objects/characters/ferre/female/face/face01/fe_f_face01_fur_sss.dds' in path '' [File=objects/characters/ferre/female/face/face01/fe_f_face01_fur_sss.dds]
<09:21:06> [CE0EF930][Warning] failed to stream cgf : default
<09:21:07> [09F46B9D]     cl_fov = 90 []
<09:21:07> [09F46B9D]     camera_max_dist = 180 []
<09:21:07> [09F46B9D]     name_tag_hp_width_on_bgmode = 80 []
<09:21:07> [09F46B9D]     name_tag_hp_height_on_bgmode = 30 []
<09:21:07> [000004EE][Warning] [Lua Error] Failed to load script file scriptsbin/x2ui/assignment/form.alb
<09:21:07> [A13C772D][Warning] Cannot load texture ui/font_color.g, Image file format is invalid [File=ui/font_color.g]
<09:21:07> [B5A61D8F] Chat Channel(0) Color is not found.
<09:21:07> [000004EE][Warning] [Lua Error] ...ts/x2ui/loginstage/character_create/locale/en_us.lua:524: attempt to index a nil value
<09:21:07> [58F3F7FF][Warning] <null>:0: [Lua Error] Failed to execute file @game/scriptsbin/x2ui/loginstage/character_create/locale/en_us.alb
<09:21:07> [000004EE][Warning] [Lua] invalid style type...  / brown
<09:21:08> [82321C2B][Warning] [net 13:21:08.044] [time] remote time estimation restarted; estimate accumulator age was 0.703680
<09:21:12> [CE0EF930][Warning] failed to stream cgf : default
<09:21:12> [BCCDC555][Warning] MakeSprite - too many sprite update (10). dropping.. (sprites : 117)
<09:21:16> [000004EE][Warning] [CGF Error] game/objects/env/02_harihara/001_hdeco/quest/hdeco_qust_cocoon01.cgf [:] non-uniform scale(0.87, 0.87, 1.00) at node(hdeco_qust_cocoon01_proxy)
<09:21:16> [A4D70365][Warning] rigid-body own-entity; prefab=prefabs/interaction_d.xml/tool.lever_right node=AnimObject_1
<09:21:16> [7F01D4DF][Warning] Cannot load texture game/textures/p_effects/spider_net_04_ddn.dds, file missing [File=game/textures/p_effects/spider_net_04_ddn.dds]
<09:21:16> [745BAE2F][Warning] failed to stream material xml(game/materials/aa_terrain/decals/quest_golddust.mtl)
<09:21:18> [CE0EF930][Warning] failed to stream cgf : default
<09:21:21> [E9F2E683][Warning] Cannot load texture textures/terrain/bump_detail/detail_bump_wood_007_ddn.dds, file missing [File=textures/terrain/bump_detail/detail_bump_wood_007_ddn.dds]
<09:21:21> [4655D2D5][Warning] Error: CShaderMan::mfCreateShaderResources: Couldn't find detail texture
'textures/terrain/bump_detail/detail_bump_wood_007_ddn.dds' in path '' [File=textures/terrain/bump_detail/detail_bump_wood_007_ddn.dds]
<09:21:23> [5F89E60D][Warning] non cached CDF(game/objects/characters/warborn/female/parts/hm/leather/hm_leather167/wa_f_hm_leather167.cdf)
<09:21:23> [CA175C82][Warning] non-stream IO. system(Material), filePath(game/objects/characters/warborn/female/parts/hm/leather/hm_leather167/wa_f_hm_leather167.mtl)
<09:21:23> [637AF710][Warning] missing chr material : game/objects/characters/warborn/female/parts/hm/obj/wa_f_hm_leather179.mtl (chr: game/objects/characters/warborn/female/parts/hm/obj/wa_f_2hm109.chr)
<09:21:23> [2363981C][Warning] chr material is not precached : game/objects/characters/warborn/female/hair/wa_f_hair_common/wa_f_hair_common0102s_type3.mtl (chr: game/objects/characters/warborn/female/hair/wa_f_hair_common/wa_f_hair_common0102s_type3.chr)
<09:21:26> [000004EE][Warning] Particle effect not found: 'game/abillity_skill_table_m.death.spell_move_form', from unknown 
<09:21:26> [B95EE41B][Error] invalid parent unit id(117065)
<09:21:26> [745BAE2F][Warning] failed to stream material xml(game/objects/characters/hariharan/female/parts/bo/obj/ha_f_bo_leather179.mtl)
<09:21:26> [A4D70365][Warning] rigid-body own-entity; prefab=Prefabs/interaction.xml/toy.crane node=AnimObject_1
<09:21:26> [13A1FD5A][Warning] AWD vehicle has different tire size. model type(1661)
<09:21:27> [CE0EF930][Warning] failed to stream cgf : default
<09:21:32> [745BAE2F][Warning] failed to stream material xml(game/objects/characters/monster/polarbear_baby/Material #0.mtl)
<09:21:32> [62232BEA][Warning] deferred xml stream error - game/animations/monster/polarbear_baby/lmg_files/normal_run.lmg : f0000003
<09:21:33> [CE0EF930][Warning] failed to stream cgf : default
<09:21:33> [584C4FFD] [net 13:21:33.201] -- Client will disconnect; cause=18 desc=graceful exit
<09:21:33> [05D024BA] System:Quit
