[801989E0] BackupNameAttachment=" Build(0) Date(11 September 2025) Time(19 32 01)"  -- used by backup system
[00000020]  
[38F38F32] Log Started at #c
[0232BD25] Running 32 bit version
[7AB6F5FE] Executable: C:\Games\AAClassic\bin32\archeage.exe
[E5C771AC] FileVersion: 3.5.0.0
[F799D55F] ProductVersion: 3.5.3.0
[1F1D6B13] Using Microsoft (tm) C++ Standard Library implementation
[00000020]  
[C7D96C80] Revision: 350000
[00000020]  
[64533E3E] this is the first client
<19:32:08> [B9197FD5][Error] ConsoleVariableGroup[option_effect] key[e_particles_lod_onoff] has no default
<19:32:08> [76666E6D] 
--- CPU detection ---
<19:32:08> [F4D992D8] CPU: AMD AMD Ryzen 7 7800X3D 8-Core Processor           
<19:32:08> [3F649B02] Family: 15, Model: 1, Stepping: 2
<19:32:08> [83D12E0B] FPU: On-Chip
<19:32:08> [50919DA0] CPU Speed (estimated): 4191.984780 MHz
<19:32:08> [C73FD83A] MMX: not present
<19:32:08> [89D1077A] SSE: present
<19:32:08> [64E2B6F1] 3DNow!: present
<19:32:08> [27B7AC6E] Serial number not present or disabled
<19:32:08> [1D2D8E5B] Number of logical processors: 16
<19:32:08> [FA658084] Number of available logical processors: 16
<19:32:08> [A1F061C2] Invariant Time Stamp Counter : yes
<19:32:08> [FA0251ED] ---------------------

<19:32:08> [03E7D838] Device Info
<19:32:08> [9F603516] Device Info - 1
<19:32:08> [9F603517] Device Info - 2
<19:32:08> [9F603518] Device Info - 3
<19:32:08> [9F603519] Device Info - 4
<19:32:08> [9F60351A] Device Info - 5
<19:32:08> [9F60351B] Device Info - 6
<19:32:08> [9F60351C] Device Info - 7
<19:32:08> [E98ECC28] Video Memory Info
<19:32:08> [D5FBE664] Video Memory - 1
<19:32:08> [D5FBE665] Video Memory - 2
<19:32:08> [D5FBE666] Video Memory - 3
<19:32:08> [D5FBE667] Video Memory - 4
<19:32:08> [D5FBE668] Video Memory - 5
<19:32:08> [D5FBE669] Video Memory - 6
<19:32:08> [D5FBE66A] Video Memory - 7
<19:32:08> [D5FBE66B] Video Memory - 8
<19:32:08> [3A4D54A2][Warning] config/gpu/amd.txt line 55 contains a multiple defined GPU rating!
<19:32:08> [D20872C0] InitThreadAffinities
<19:32:08> [2F28A434] UpdateMainThreadAffinity
<19:32:08> [16962512] Windows 8 64 bit (build 6.2.9200)
<19:32:08> [38DFF081] System language: English
<19:32:08> [861A0178] Windows Directory: "C:\windows"
<19:32:08> [341B54F1] Prerequisites...
<19:32:08> [5D1B3C9C] * Installation of KB940105 hotfix required: no! (either not needed or already installed)
<19:32:08> [C65D0D77] Local time is 19:32:08 09/11/25, system running for 1557 minutes
<19:32:08> [DD81B5BD] 63426MB physical memory installed, 15384MB available, 4095MB virtual memory installed, 75 percent of memory in use
<19:32:08> [31259232] PageFile usage: 
<19:32:08> [453F0D1B] Current display mode is 2560x1440x32
<19:32:08> [8A64FCCC] IBM enhanced (101/102-key) keyboard and 3+ button mouse installed
<19:32:08> [CE30556B] ----- GPU Detection -----------------
<19:32:08> [03E7D838] Device Info
<19:32:08> [9F603516] Device Info - 1
<19:32:08> [9F603517] Device Info - 2
<19:32:09> [9F603518] Device Info - 3
<19:32:09> [9F603519] Device Info - 4
<19:32:09> [9F60351A] Device Info - 5
<19:32:09> [9F60351B] Device Info - 6
<19:32:09> [9F60351C] Device Info - 7
<19:32:09> [E98ECC28] Video Memory Info
<19:32:09> [D5FBE664] Video Memory - 1
<19:32:09> [D5FBE665] Video Memory - 2
<19:32:09> [D5FBE666] Video Memory - 3
<19:32:09> [D5FBE667] Video Memory - 4
<19:32:09> [D5FBE668] Video Memory - 5
<19:32:09> [D5FBE669] Video Memory - 6
<19:32:09> [D5FBE66A] Video Memory - 7
<19:32:09> [D5FBE66B] Video Memory - 8
<19:32:09> [99EA404A]  AMD Radeon RX 7800 XT (RADV NAVI32) (vendor = 0x1002, device = 0x747e, subSys = 0x00000000)
<19:32:09> [77718B6A] -- Video memory: 4081 MB
<19:32:09> [30DF1863] -- Minimum SM 2.0 support: yes
<19:32:09> [13E11956] -- DX11 supported: yes
<19:32:09> [50B60100] --------------------------------------------------------------------------------
<19:32:09> [5921EDBE] Stream Engine Initialization
<19:32:09> [BA0D559B] Splash: Initializing Stream Engine...
<19:32:09> [939F6EBB] Enable Resolutions : 0
<19:32:09> [A30A84B6] can't enum display resolution modes
<19:32:09> [B324CD25] Screen Resolution - 1024x768
<19:32:09> [3778EA0B] Screen Resolution - 0 (1920x1080)
<19:32:09> [A1B107F0] Screen Resolution - Test OK (1920x1080)
<19:32:09> [A9E4B0F2] Network initialization
<19:32:09> [BA0D559B] Splash: Initializing Network System...
<19:32:09> [14FAD233] Socket I/O by iocp
<19:32:09> [E36A4FB9] Physics initialization
<19:32:09> [BA0D559B] Splash: Initializing Physics...
<19:32:09> [2462D581] MovieSystem initialization
<19:32:09> [BA0D559B] Splash: Initializing Movie System...
<19:32:09> [93287AEC] Renderer initialization - Start
<19:32:09> [BA0D559B] Splash: Initializing Renderer...
<19:32:09> [91207680] Renderer initialization - Open
<19:32:09> [4377E7CB] Renderer initialization - DLL Load(CryRenderD3D10.dll)
<19:32:09> [71203A94] Renderer initialization - DLL Done
<19:32:09> [71227C22] Renderer initialization - DLL Init
<19:32:09> [C653D9CB] Renderer initialization - Instance
<19:32:09> [F4516946] D3D Adapter: Description: AMD Radeon RX 7800 XT (RADV NAVI32)
<19:32:09> [A39C3A75] D3D Adapter: Driver version (UMD): 32.00.65535.65535
<19:32:09> [BC8C1ACB] D3D Adapter: VendorId = 0x1002
<19:32:09> [B6A10CFD] D3D Adapter: DeviceId = 0x747E
<19:32:09> [0678E702] D3D Adapter: SubSysId = 0x00000000
<19:32:09> [F2243F02] D3D Adapter: Revision = 0
<19:32:09> [A18DEBFF] Attempting to open TXAA context...
<19:32:09> [763FCAEF] TXAA startup failed -- status (1)
<19:32:09> [E571CFEE] Shader manager initialization
<19:32:11> [05BAAEF6] CResFile allocations incurred by user cache preload: (17814.05k)
<19:32:11> [911B73B8] Renderer initialization - Done
<19:32:11> [8E444EA9] Console initialization
<19:32:11> [2904A233] Time initialization
<19:32:11> [3650CFD6] Input initialization
<19:32:11> [BA0D559B] Splash: Initializing Input System...
<19:32:11> Initializing Keyboard
<19:32:11> [99640BF1] Sound initialization
<19:32:11> [BA0D559B] Splash: Initializing Sound System...
<19:32:11> [2C33885C] Sound - Initializing AudioDevice now!
<19:32:11> [E46760A9] <Sound> Initialize FMOD with dynamic memory callbacks
<19:32:13> [D6755BFD] <Sound> Starting to initialize Windows Audio Session API output! 
<19:32:13> [F7E8E3CD] <Sound> Drivers found: 6
<19:32:13> [9B899242] <Sound> Available drivers:
	1.	PulseAudio Output (PulseAudio Output)
	2.	Blue Microphones Analog Stereo (Blue Microphones Analog Stereo)
	3.	soundcore Liberty 4 NC (soundcore Liberty 4 NC)
	4.	Wireless Controller (Wireless Controller)
	5.	Navi 31 HDMI/DP Audio Digital Stereo (HDMI) (Navi 31 HDMI/DP Audio Digital Stereo (HDMI))
	6.	Family 17h/19h/1ah HD Audio Controller Analog Stereo (Family 17h/19h/1ah HD Audio Controller Analog Stereo)
<19:32:13> [A0BBF7E1] <Sound> FmodEx-AudioDevice: Now running on driver: PulseAudio Output (PulseAudio Output)
<19:32:13> [14D8EFE1] <Sound> Using speaker mode: FMOD_SPEAKERMODE_STEREO
<19:32:13> [E79C27E5] <Sound> Initializing FMOD-EX now!
<19:32:13> [E2A9FE08] <Sound> Available record drivers: 0 PulseAudio Input (PulseAudio Input) !
<19:32:13> [E2A9FE08] <Sound> Available record drivers: 1 soundcore Liberty 4 NC (soundcore Liberty 4 NC) !
<19:32:13> [E2A9FE08] <Sound> Available record drivers: 2 Family 17h/19h/1ah HD Audio Controller Analog Stereo (Family 17h/19h/1ah HD Audio Controller Analog Stereo) !
<19:32:13> [E2A9FE08] <Sound> Available record drivers: 3 Wireless Controller (Wireless Controller) !
<19:32:13> [E2A9FE08] <Sound> Available record drivers: 4 Blue Microphones Analog Stereo (Blue Microphones Analog Stereo) !
<19:32:13> [E2A9FE08] <Sound> Available record drivers: 5 Monitor of Family 17h/19h/1ah HD Audio Controller (Monitor of Family 17h/19h/1ah HD Audio Controller) !
<19:32:13> [E2A9FE08] <Sound> Available record drivers: 6 Monitor of Blue Microphones Analog Stereo (Monitor of Blue Microphones Analog Stereo) !
<19:32:13> [E2A9FE08] <Sound> Available record drivers: 7 Wireless Controller (Wireless Controller) !
<19:32:13> [E2A9FE08] <Sound> Available record drivers: 8 Monitor of soundcore Liberty 4 NC (Monitor of soundcore Liberty 4 NC) !
<19:32:13> [E2A9FE08] <Sound> Available record drivers: 9 Monitor of Navi 31 HDMI/DP Audio Digital Stereo (HDMI) (Monitor of Navi 31 HDMI/DP Audio Digital Stereo (HDMI)) !
<19:32:13> [6841BE38] <Sound> Record config is set to autodetect using record driver 0
<19:32:13> [7808B4C4] <Sound> Using FMOD version: 00044414 and internal 00044414!
<19:32:13> [2A2815C7] <Sound> Initialized FMOD-EX
<19:32:13> [BE4EF52E] Sound - Initializing SoundSystem now!
<19:32:13> [0D547471] Font initialization
<19:32:13> [BA0D559B] Splash: Initializing Fonts...
<19:32:13> [C194F7C8][Warning] Cannot load texture textures/defaults/replacemecm.tif, file missing [File=textures/defaults/replacemecm.dds]
<19:32:13> [84206398] AI initialization
<19:32:13> [1BC221DE] Initializing Animation System
<19:32:13> [BA0D559B] Splash: Initializing Animation System...
<19:32:13> [9E592EFE] Initializing 3D Engine
<19:32:13> [BA0D559B] Splash: Initializing 3D Engine...
<19:32:14> [637AF710][Warning] missing chr material : game/objects/characters/ferre/female/nude/Standard_22.mtl (chr: game/objects/characters/ferre/female/nude/fe_f_base.chr)
<19:32:14> [91F5AEEC][Warning] number of bones mismatch! game/objects/characters/ferre/female/nude/fe_f_base.chr=195 game/objects/characters/ferre/female/nude/fe_f_base_lod1.chr=185
<19:32:15> [7415A452] CHR PreCaching 25 Done
<19:32:15> [E7AD4E53] AddSharedMorphTargets - Failed to load objects/characters/dwarf/male/face/dw_m_face00.chr
<19:32:15> [61AD1790] MorphTargetPreCaching - objects/characters/dwarf/male/face/dw_m_face00.chr Add Failed
<19:32:15> [A4A6E4C6] MorphTarget PreCaching 11 Done
<19:32:15> [5ACB40E2] Init Face Makers
<19:32:16> [56B5985B] X2FaceMaker - game/objects/characters/nuian/male/face/nu_m_face01_mid.chr : mouth_UnderbiteOverbite target not exist
<19:32:16> [56B5985B] X2FaceMaker - game/objects/characters/nuian/male/face/nu_m_face01_mid.chr : mouth_UnderbiteOverbite target not exist
<19:32:16> [56B5985B] X2FaceMaker - game/objects/characters/nuian/male/face/nu_m_face01_mid.chr : mouth_UnderbiteOverbite target not exist
<19:32:16> [4ABB03EB] game/objects/characters/ferre/female/face/fe_f_face01_low.chr(303) - objects/characters/ferre/female/face/fe_f_face00.chr(3063) SharedMorph is not matched
<19:32:16> [56B5985B] X2FaceMaker - game/objects/characters/nuian/male/face/nu_m_face01_mid.chr : mouth_UnderbiteOverbite target not exist
<19:32:16> [56B5985B] X2FaceMaker - game/objects/characters/nuian/male/face/nu_m_face01_mid.chr : nose_dw_SeptumVol target not exist
<19:32:16> [56B5985B] X2FaceMaker - game/objects/characters/nuian/male/face/nu_m_face01_mid.chr : nose_dw_NasalZposition target not exist
<19:32:16> [56B5985B] X2FaceMaker - game/objects/characters/nuian/male/face/nu_m_face01_mid.chr : FS_dwEarSize target not exist
<19:32:16> [56B5985B] X2FaceMaker - game/objects/characters/nuian/male/face/nu_m_face01_mid.chr : dwarf_Morph target not exist
<19:32:16> [56B5985B] X2FaceMaker - game/objects/characters/nuian/male/face/nu_m_face01_mid.chr : FS_dw_CheekMeat_min target not exist
<19:32:16> [1191A6A8] X2FaceMaker - game/objects/characters/nuian/male/face/nu_m_face01_mid.chr : FS_dw_CheekMeat_max ex target not exist
<19:32:16> [56B5985B] X2FaceMaker - game/objects/characters/warborn/male/face/wa_m_face01_mid.chr : eye_Forehead target not exist
<19:32:16> [56B5985B] X2FaceMaker - game/objects/characters/warborn/male/face/wa_m_face01_mid.chr : eye_Tail_min target not exist
<19:32:16> [1191A6A8] X2FaceMaker - game/objects/characters/warborn/male/face/wa_m_face01_mid.chr : eye_Tail_max ex target not exist
<19:32:16> [56B5985B] X2FaceMaker - game/objects/characters/warborn/male/face/wa_m_face01_mid.chr : eye_WidthLength_min target not exist
<19:32:16> [1191A6A8] X2FaceMaker - game/objects/characters/warborn/male/face/wa_m_face01_mid.chr : eye_WidthLength_max ex target not exist
<19:32:16> [56B5985B] X2FaceMaker - game/objects/characters/warborn/male/face/wa_m_face01_mid.chr : eye_DoubleEyelidShape target not exist
<19:32:16> [56B5985B] X2FaceMaker - game/objects/characters/warborn/male/face/wa_m_face01_mid.chr : eye_BrowXposition target not exist
<19:32:16> [56B5985B] X2FaceMaker - game/objects/characters/warborn/male/face/wa_m_face01_mid.chr : eye_BrowZposition target not exist
<19:32:16> [56B5985B] X2FaceMaker - game/objects/characters/warborn/male/face/wa_m_face01_mid.chr : nose_Nostril target not exist
<19:32:16> [56B5985B] X2FaceMaker - game/objects/characters/warborn/male/face/wa_m_face01_mid.chr : nose_Size target not exist
<19:32:16> [56B5985B] X2FaceMaker - game/objects/characters/warborn/male/face/wa_m_face01_mid.chr : nose_SeptumZposition target not exist
<19:32:16> [56B5985B] X2FaceMaker - game/objects/characters/warborn/male/face/wa_m_face01_mid.chr : nose_End target not exist
<19:32:16> [56B5985B] X2FaceMaker - game/objects/characters/warborn/male/face/wa_m_face01_mid.chr : nose_Size target not exist
<19:32:16> [56B5985B] X2FaceMaker - game/objects/characters/warborn/male/face/wa_m_face01_mid.chr : mouth_UpperLipVolume target not exist
<19:32:16> [56B5985B] X2FaceMaker - game/objects/characters/warborn/male/face/wa_m_face01_mid.chr : mouth_LowerLipVolume target not exist
<19:32:16> [56B5985B] X2FaceMaker - game/objects/characters/warborn/male/face/wa_m_face01_mid.chr : mouth_UpperLipOpen target not exist
<19:32:16> [56B5985B] X2FaceMaker - game/objects/characters/warborn/male/face/wa_m_face01_mid.chr : mouth_LowerLipOpen target not exist
<19:32:16> [56B5985B] X2FaceMaker - game/objects/characters/warborn/male/face/wa_m_face01_mid.chr : mouth_MouthOpen target not exist
<19:32:16> [56B5985B] X2FaceMaker - game/objects/characters/warborn/male/face/wa_m_face01_mid.chr : mouth_Size target not exist
<19:32:16> [56B5985B] X2FaceMaker - game/objects/characters/warborn/male/face/wa_m_face01_mid.chr : mouth_Shape_min target not exist
<19:32:16> [1191A6A8] X2FaceMaker - game/objects/characters/warborn/male/face/wa_m_face01_mid.chr : mouth_Shape_max ex target not exist
<19:32:16> [56B5985B] X2FaceMaker - game/objects/characters/warborn/male/face/wa_m_face01_mid.chr : mouth_TeethZposition target not exist
<19:32:16> [56B5985B] X2FaceMaker - game/objects/characters/warborn/male/face/wa_m_face01_mid.chr : FS_JawHigh_min target not exist
<19:32:16> [1191A6A8] X2FaceMaker - game/objects/characters/warborn/male/face/wa_m_face01_mid.chr : FS_JawHigh_max ex target not exist
<19:32:16> [56B5985B] X2FaceMaker - game/objects/characters/warborn/male/face/wa_m_face01_mid.chr : FS_EarRotate_min target not exist
<19:32:16> [1191A6A8] X2FaceMaker - game/objects/characters/warborn/male/face/wa_m_face01_mid.chr : FS_EarRotate_max ex target not exist
<19:32:16> [56B5985B] X2FaceMaker - game/objects/characters/warborn/male/face/wa_m_face01_mid.chr : FS_Beard1 target not exist
<19:32:16> [56B5985B] X2FaceMaker - game/objects/characters/warborn/male/face/wa_m_face01_mid.chr : FS_Beard2 target not exist
<19:32:16> [56B5985B] X2FaceMaker - game/objects/characters/warborn/male/face/wa_m_face01_mid.chr : FS_Beard3 target not exist
<19:32:16> [56B5985B] X2FaceMaker - game/objects/characters/warborn/female/face/wa_f_face01_mid.chr : eye_Yposition_min target not exist
<19:32:16> [1191A6A8] X2FaceMaker - game/objects/characters/warborn/female/face/wa_f_face01_mid.chr : eye_Yposition_max ex target not exist
<19:32:16> [56B5985B] X2FaceMaker - game/objects/characters/warborn/female/face/wa_f_face01_mid.chr : FS_AllLowerY target not exist
<19:32:16> [56B5985B] X2FaceMaker - game/objects/characters/warborn/female/face/wa_f_face01_mid.chr : FS_AllRotate target not exist
<19:32:16> [56B5985B] X2FaceMaker - game/objects/characters/warborn/female/face/wa_f_face01_mid.chr : FS_AllY target not exist
<19:32:16> [56B5985B] X2FaceMaker - game/objects/characters/warborn/female/face/wa_f_face01_mid.chr : mouth_Open_min target not exist
<19:32:16> [1191A6A8] X2FaceMaker - game/objects/characters/warborn/female/face/wa_f_face01_mid.chr : mouth_Open_max ex target not exist
<19:32:16> [E320B5CE] Init Face Makers - Done!
<19:32:16> [581CA53C] Script System Initialization
<19:32:16> [BA0D559B] Splash: Initializing Script System...
<19:32:16> [000004EE][Warning] [Lua Error] 1_3_0/scripts/common.lua:276: attempt to index global 'Script' (a nil value)
<19:32:16> [58F3F7FF][Warning] <null>:0: [Lua Error] Failed to execute file @game/scriptsbin/common.alb
<19:32:16> [D8B2BA54] Entity system initialization
<19:32:16> [BA0D559B] Splash: Initializing Entity System...
<19:32:16> [D55F91B2][Warning] [CEntityClassRegistry] LoadClassDescription failed, Entity Class name Chick already registered
<19:32:16> [BA0D559B] Splash: Initializing AI System...
<19:32:16> [DA019954] Initializing AI System
<19:32:16> [2546BCC5] Initializing Budgeting System
<19:32:16> [C0E19025] Initializing Seamless System
<19:32:16> [BA0D559B] Splash: Loading Game Data...
<19:32:18> [90B8EC50][Warning] too many ranges: aoe_shapes descs 10156(10156) threshold 100 ranges 12
<19:32:19> [BA4AD6CE] Loading portal list
<19:32:19> [92597454] Portal added, enter: 3891, exit: 6629
<19:32:19> [92597454] Portal added, enter: 21448, exit: 21449
<19:32:19> [92597454] Portal added, enter: 21450, exit: 21451
<19:32:19> [92597454] Portal added, enter: 21452, exit: 21453
<19:32:19> [92597454] Portal added, enter: 21698, exit: 21699
<19:32:19> [92597454] Portal added, enter: 22023, exit: 22024
<19:32:19> [92597454] Portal added, enter: 22042, exit: 22066
<19:32:19> [92597454] Portal added, enter: 22136, exit: 22137
<19:32:19> [92597454] Portal added, enter: 22163, exit: 22164
<19:32:19> [92597454] Portal added, enter: 22184, exit: 22185
<19:32:19> [92597454] Portal added, enter: 22336, exit: 22337
<19:32:19> [92597454] Portal added, enter: 9000063, exit: 9000064
<19:32:19> [1C664009] End loading portal list
<19:32:19> [937812F7] loaded DDCMS (1396969 descs, 719156 links (17 page 16.95MB size) string) from game\db\compact.sqlite3 in 1519 ms
<19:32:19> [BA0D559B] Splash: Initializing Game System...
<19:32:19> [000004EE][Warning] [Lua Error] no localized ui text for 18 always_refund
<19:32:20> [0ADE3294][Warning] [MFX] Effect 'collisions:grenade' already present. Overriding.
<19:32:20> [311630D1][Warning] MFX WARNING: Material not found: mat_ice_breakable
<19:32:20>  
<19:32:20>    sys_spec = Custom (assuming 4)
<19:32:20>      option_anti_aliasing = 2 expected:3
<19:32:20>  
<19:32:20> [BA0D559B] Splash: Preparing Screen...
<19:32:20> [963385F6] Level System - Loading Start
<19:32:20> [806B6F8D] precaching world entities ..
<19:32:20> [7E39E0DE] precaching world entities .. done!  total (0) objects
<19:32:20> [D2B280D6] Vegetation Manager : Loading World(login2)
<19:32:20> [075AB92F] Vegetation Manager : Loading World - Done (total 36 vegetations)
<19:32:20> [B9410AA1] total 20 terrain world surfaces loaded
<19:32:20> Loading Particle Library: collisions
<19:32:20> Loading Particle Library: water
<19:32:20> Loading Particle Library: misc
<19:32:20> Loading Particle Library: ability_skill_table
<19:32:20> Loading Particle Library: ability_skill_table_k
<19:32:20> Loading Particle Library: abillity_skill_table_m
<19:32:21> Loading Particle Library: machinima
<19:32:21> Loading Particle Library: x2_effects
<19:32:21> Loading Particle Library: x2_effects_k
<19:32:21> [280A47E3] Precached total 2 materials
<19:32:21> [7B1A973B] seamless loading cell terrain(W0, 1), (L0, 0)
<19:32:21> [3EF08C47] seamless loading cell object(W0, 1), (L0, 0)
<19:32:21> [584C4FFD] [net 23:32:09.488]  dns ip:192.168.1.202
<19:32:21> [584C4FFD] [net 23:32:09.488]  dns ip:172.19.0.1
<19:32:21> [584C4FFD] [net 23:32:09.488]  dns ip:172.18.0.1
<19:32:21> [584C4FFD] [net 23:32:09.488]  dns ip:172.17.0.1
<19:32:21> [0DE3FA89][Error] CryAnimation: character-definition creation failed: game/objects/characters/elf/female/nude/el_f_kyprosa.cdf
<19:32:21> [13A58BA0][Error] CryAnimation: character-definition not found: game/objects/characters/elf/female/nude/el_f_kyprosa.cdf
<19:32:21> [4DD44108] Start DaruCommon Extension
<19:32:21> [1B425DA5] Duplicated post effect param! pszName = FilterMaskedBlurring_Amount
<19:32:21> [1B425DA5] Duplicated post effect param! pszName = FilterMaskedBlurring_MaskTexName
<19:32:21> [1B425DA5] Duplicated post effect param! pszName = FilterChromaShift_User_Amount
<19:32:21> [1B425DA5] Duplicated post effect param! pszName = FilterGrain_Amount
<19:32:21> [8F6BAA6C][Warning] Couldn't find console variable 'e_water_ocean_fft'
<19:32:21> Loading Particle Library: wind
<19:32:22> Loading Particle Library: X2_EFFECT_O
<19:32:22> [000004EE][Warning] Particle effect not found: '                                                                ', from ParticleEffect fx_land_green
<19:32:22> [12409CCC] Load Zone Finished
<19:32:22> [A39C1725] Level System - Loading Complete
<19:32:22> [27293DED] -----------------------------------------------------
<19:32:22> [120C18F5] * LOADING: 'loginbg4' loading time: 1.92 seconds
<19:32:22> [27293DED] -----------------------------------------------------
<19:32:22> [000004EE][Warning] [Lua Error] no client player exists
<19:32:22> [A13C772D][Warning] Cannot load texture ui/font_color.g, Image file format is invalid [File=ui/font_color.g]
<19:32:22> [CA175C82][Warning] non-stream IO. system(Material), filePath(game/materials/irradiance_volume/default.mtl)
<19:32:22> [000004EE][Warning] I3DEngine::RegisterEntity: entity reports invalid position: Name: LightEntityName (), Class: LightEntityClass, Pos=(515.8,6956.2,547.4), aabb center=(0.0,0.0,-40.0)
<19:32:31> [1D01FDCA] Auth: client connected to server
<19:32:31> [584C4FFD] [net 23:32:31.604]  socket ip:192.168.1.202
<19:32:31> [4C920A71] mac address : 74-56-3c-fe-52-f3
<19:32:33> [A13C772D][Warning] Cannot load texture ui/font_color.g, Image file format is invalid [File=ui/font_color.g]
<19:32:38> [7CC1A260] Save Game Option
<19:32:38> [9FC303B8][Error] [CVARS]: [DUPLICATE] CXConsole::RegisterFloat(): variable [ui_double_click_interval] is already registered
<19:32:38> [000004EE][Warning] [Lua Error] no localized ui text for 18 always_refund
<19:32:38> [000004EE][Warning] [Lua Error] no client player exists
<19:32:38> [09F46B9D]     cl_fov = 90 []
<19:32:38> [09F46B9D]     camera_max_dist = 120 []
<19:32:38> [73861D69] Unknown command: name_tag_hp_width_on_bgmode 80
<19:32:38> [73861D69] Unknown command: name_tag_hp_height_on_bgmode 30
<19:32:38> [A13C772D][Warning] Cannot load texture ui/font_color.g, Image file format is invalid [File=ui/font_color.g]
<19:32:38> [247165BA][Warning] Cannot load texture ui/login_stage/background/game_information.dds, file missing [File=ui/login_stage/background/game_information.dds]
<19:32:38> [D2121932] Change resolution: 2560x1440x32 (Windowed)
<19:32:38> [583D6F38] Final resolution: 2560x1440x32 (Windowed)
<19:32:42> [7CC1A260] Save Game Option
<19:32:42> [09F46B9D]     cl_fov = 90 []
<19:32:42> [09F46B9D]     camera_max_dist = 120 []
<19:32:42> [73861D69] Unknown command: name_tag_hp_width_on_bgmode 80
<19:32:42> [73861D69] Unknown command: name_tag_hp_height_on_bgmode 30
<19:32:42> [D2121932] Change resolution: 2560x1440x32 (Windowed)
<19:32:42> [B0F7CF3E] Window Rect 3, 9, 2560x1440, 2560x1440
<19:32:42> [583D6F38] Final resolution: 2554x1408x32 (Windowed)
<19:33:06> [584C4FFD] [net 23:33:06.853] connection requested to: 192.95.21.64:1239
<19:33:06> [4ABA7BDB] Auth: client disconnected (reason=0)
<19:33:06> [0F08E548] [NetConnection] connect completed (succeeded:true)
<19:33:07> [48F7BDF2] invalid world id in world queue packet
<19:33:07> [26623ECA] ucc info.. 0 0
<19:33:07> [B71BF2A9] remove ucc data.. version
<19:33:07> [4516816D] pay method: person
<19:33:07> [4AA30841] pay location: person
<19:33:07> [ADF1C07E] pay start: 1900-1-1 00:00:00
<19:33:07> [6486A277] pay end: 1900-1-1 00:00:00
<19:33:07> [FFF6198C] premium point: 0
<19:33:07> [481C0862] premium grade: premium_0
<19:33:07> [88D9AB0C] real pay time: 0
<19:33:07> [9FC303B8][Error] [CVARS]: [DUPLICATE] CXConsole::RegisterFloat(): variable [camera_max_dist] is already registered
<19:33:07> [34CCC219] stream: connected to world server
<19:33:07> [06A46B5B] stream: authorized by world server
<19:33:07> [4516816D] pay method: person
<19:33:07> [4AA30841] pay location: person
<19:33:07> [ADF1C07E] pay start: 1900-1-1 00:00:00
<19:33:07> [6486A277] pay end: 2037-12-31 16:00:00
<19:33:07> [FFF6198C] premium point: 0
<19:33:07> [481C0862] premium grade: premium_0
<19:33:07> [88D9AB0C] real pay time: -1
<19:33:07> [82321C2B][Warning] [net 23:33:07.701] [time] remote time estimation restarted; estimate accumulator age was 93536.390625
<19:33:09> [000004EE][Warning] [Lua Error] no localized ui text for 18 always_refund
<19:33:09> [09F46B9D]     cl_fov = 90 []
<19:33:09> [09F46B9D]     camera_max_dist = 120 []
<19:33:09> [09F46B9D]     name_tag_hp_width_on_bgmode = 80 []
<19:33:09> [09F46B9D]     name_tag_hp_height_on_bgmode = 30 []
<19:33:09> [A13C772D][Warning] Cannot load texture ui/font_color.g, Image file format is invalid [File=ui/font_color.g]
<19:33:09> [06E6A3E9][Warning] Cannot load texture ui/login_stage/queue.dds, file missing [File=ui/login_stage/queue.dds]
<19:33:09> [000004EE][Warning] RenderMesh not assigned game/objects/box_nodraw.cgf
<19:33:14> [DA579B6C][Error] can't load client driven connect info.. Kompy
<19:33:20> [9FC303B8][Error] [CVARS]: [DUPLICATE] CXConsole::RegisterFloat(): variable [ui_double_click_interval] is already registered
<19:33:20> [000004EE][Warning] [Lua Error] no localized ui text for 18 always_refund
<19:33:20> [0DE3FA89][Error] CryAnimation: character-definition creation failed: game/objects/characters/returned/female/nude/re_f.cdf
<19:33:20> [6FF68EA5] SetInstantTime: type 0 time 0
<19:33:20> [6FF68EA5] SetInstantTime: type 1 time 0
<19:33:20> [6FF68EA5] SetInstantTime: type 2 time 0
<19:33:20> [6FF68EA5] SetInstantTime: type 3 time 0
<19:33:20> [6FF68EA5] SetInstantTime: type 4 time 0
<19:33:20> [6FF68EA5] SetInstantTime: type 5 time 0
<19:33:20> [6FF68EA5] SetInstantTime: type 6 time 0
<19:33:20> [6FF68EA5] SetInstantTime: type 7 time 0
<19:33:20> [82321C2B][Warning] [net 23:33:20.986] [time] remote time estimation restarted; estimate accumulator age was 3.856485
<19:33:21> [0E61BD35] ExpeditionMember 20 added
<19:33:21> [0E61BD35] ExpeditionMember 9 added
<19:33:21> [1EBA13B3][Warning] count not matched; total=38; size=29
<19:33:21> [966861E8][Warning] GetAllPolicies empty
<19:33:21> [67B7DD8A][Warning] my ExpeditionMemberDesc not exist
<19:33:21> [7AB931CE] seamless unloading cell object(W0, 0), (L0, 0)
<19:33:21> [4B1E8B22] unload cell object count : 1511
<19:33:21> [B866A294] seamless unloading cell terrain(W0, 0), (L0, 0)
<19:33:21> [963385F6] Level System - Loading Start
<19:33:21> [E0E0EDAE][Warning] failed to load zone time of day from game/worlds/main_world/zone/225//time_of_day.xml
<19:33:21> [AB17243B][Warning] failed to load zone environment from game/worlds/main_world/zone/309//env.xml
<19:33:21> [35D4413E][Warning] failed to load zone clouds from game/worlds/main_world/zone/309//clouds.xml
<19:33:27> [806B6F8D] precaching world entities ..
<19:33:28> [7E39E0DE] precaching world entities .. done!  total (1778) objects
<19:33:28> [D2B280D6] Vegetation Manager : Loading World(main_world)
<19:37:48> [075AB92F] Vegetation Manager : Loading World - Done (total 3055 vegetations)
<19:37:48> [000004EE][Error] CTerrain::LoadWorldSurfaces: Error loading material: materials/Terrain/gweonidforest/w_forest_road_a1
<19:37:48> [59CBED13][Warning] Cannot load texture textures/aa_terrain/canyon/tr_canyon_rock3d_405a_ddn.dds, file missing [File=textures/aa_terrain/canyon/tr_canyon_rock3d_405a_ddn.dds]
<19:37:48> [751FFB9E][Warning] Error: CShaderMan::mfCreateShaderResources: Couldn't find detail texture
'game/textures/aa_terrain/canyon/tr_canyon_rock_616a_ddn.tga' in path '' [File=game/textures/aa_terrain/canyon/tr_canyon_rock_616a_ddn.tga]
<19:37:48> [B9410AA1] total 600 terrain world surfaces loaded
<19:37:48> [280A47E3] Precached total 4 materials
<19:37:48> [7B1A973B] seamless loading cell terrain(W18, 5), (L4, 4)
<19:37:48> [7B1A973B] seamless loading cell terrain(W18, 6), (L4, 5)
<19:37:48> [7B1A973B] seamless loading cell terrain(W19, 5), (L5, 4)
<19:37:48> [7B1A973B] seamless loading cell terrain(W19, 6), (L5, 5)
<19:37:48> [7B1A973B] seamless loading cell terrain(W17, 5), (L3, 4)
<19:37:48> [7B1A973B] seamless loading cell terrain(W18, 4), (L4, 3)
<19:37:48> [7B1A973B] seamless loading cell terrain(W17, 6), (L3, 5)
<19:37:48> [7B1A973B] seamless loading cell terrain(W19, 4), (L5, 3)
<19:37:48> [7B1A973B] seamless loading cell terrain(W18, 7), (L4, 6)
<19:37:48> [7B1A973B] seamless loading cell terrain(W20, 5), (L6, 4)
<19:37:48> [7B1A973B] seamless loading cell terrain(W19, 7), (L5, 6)
<19:37:48> [7B1A973B] seamless loading cell terrain(W20, 6), (L6, 5)
<19:37:48> [7B1A973B] seamless loading cell terrain(W17, 4), (L3, 3)
<19:37:48> [7B1A973B] seamless loading cell terrain(W17, 7), (L3, 6)
<19:37:48> [7B1A973B] seamless loading cell terrain(W20, 4), (L6, 3)
<19:37:48> [7B1A973B] seamless loading cell terrain(W16, 5), (L2, 4)
<19:37:48> [7B1A973B] seamless loading cell terrain(W16, 6), (L2, 5)
<19:37:48> [7B1A973B] seamless loading cell terrain(W18, 3), (L4, 2)
<19:37:48> [7B1A973B] seamless loading cell terrain(W20, 7), (L6, 6)
<19:37:48> [7B1A973B] seamless loading cell terrain(W19, 3), (L5, 2)
<19:37:48> [7B1A973B] seamless loading cell terrain(W16, 4), (L2, 3)
<19:37:48> [7B1A973B] seamless loading cell terrain(W18, 8), (L4, 7)
<19:37:48> [7B1A973B] seamless loading cell terrain(W17, 3), (L3, 2)
<19:37:48> [7B1A973B] seamless loading cell terrain(W19, 8), (L5, 7)
<19:37:48> [7B1A973B] seamless loading cell terrain(W21, 5), (L7, 4)
<19:37:48> [7B1A973B] seamless loading cell terrain(W16, 7), (L2, 6)
<19:37:48> [7B1A973B] seamless loading cell terrain(W21, 6), (L7, 5)
<19:37:48> [7B1A973B] seamless loading cell terrain(W17, 8), (L3, 7)
<19:37:48> [7B1A973B] seamless loading cell terrain(W20, 3), (L6, 2)
<19:37:48> [7B1A973B] seamless loading cell terrain(W21, 4), (L7, 3)
<19:37:48> [7B1A973B] seamless loading cell terrain(W20, 8), (L6, 7)
<19:37:48> [7B1A973B] seamless loading cell terrain(W21, 7), (L7, 6)
<19:37:48> [7B1A973B] seamless loading cell terrain(W16, 3), (L2, 2)
<19:37:48> [7B1A973B] seamless loading cell terrain(W15, 5), (L1, 4)
<19:37:48> [7B1A973B] seamless loading cell terrain(W15, 6), (L1, 5)
<19:37:48> [7B1A973B] seamless loading cell terrain(W18, 2), (L4, 1)
<19:37:48> [7B1A973B] seamless loading cell terrain(W19, 2), (L5, 1)
<19:37:48> [7B1A973B] seamless loading cell terrain(W16, 8), (L2, 7)
<19:37:48> [7B1A973B] seamless loading cell terrain(W15, 4), (L1, 3)
<19:37:48> [7B1A973B] seamless loading cell terrain(W17, 2), (L3, 1)
<19:37:48> [7B1A973B] seamless loading cell terrain(W21, 3), (L7, 2)
<19:37:48> [7B1A973B] seamless loading cell terrain(W15, 7), (L1, 6)
<19:37:48> [7B1A973B] seamless loading cell terrain(W20, 2), (L6, 1)
<19:37:48> [7B1A973B] seamless loading cell terrain(W21, 8), (L7, 7)
<19:37:48> [3EF08C47] seamless loading cell object(W18, 5), (L4, 4)
<19:37:48> [000004EE][Warning] [CGF Error] game/objects/env/02_harihara/04_su/su_incinerator_tower_b.cgf [:] LOD1 of geometry  contains too many polygons comparing to the LOD0 [742 against 1060] :
<19:37:48> [745BAE2F][Warning] failed to stream material xml(Default.mtl)
<19:37:48> [3EF08C47] seamless loading cell object(W18, 6), (L4, 5)
<19:37:48> [000004EE][Warning] [CGF Error] game/objects/env/02_harihara/001_hcom/hcom_cart_b.cgf [:] LOD1 of geometry hcom_cart_b contains too many polygons comparing to the LOD0 [770 against 1114] :
<19:37:48> [3EF08C47] seamless loading cell object(W19, 5), (L5, 4)
<19:37:49> [3EF08C47] seamless loading cell object(W19, 6), (L5, 5)
<19:37:49> [A5DDEC33][Warning] Warning: CShaderMan::mfForName: NULL name
<19:37:49> [000004EE][Warning] [CGF Error] game/objects/env/02_harihara/03_ti/ti_factorymain_a.cga [:] Invalid BBox : has Invalid BBox node(Object32)
<19:37:49> [000004EE][Warning] [CGF Error] game/objects/env/02_harihara/03_ti/ti_factorymain_a.cga [:] Duplicate LOD helper $lod1 factorymain_a_wing02
<19:37:49> [3EF08C47] seamless loading cell object(W17, 5), (L3, 4)
<19:37:49> [3EF08C47] seamless loading cell object(W18, 4), (L4, 3)
<19:37:49> [637AF710][Warning] missing chr material : game/objects/env/06_unit/01_ship/w_middleship/galleon_01.mtl (chr: game/objects/env/06_unit/01_ship/w_middleship/w_middleship_sail_a.chr)
<19:37:49> [3EF08C47] seamless loading cell object(W17, 6), (L3, 5)
<19:37:49> Loading Particle Library: X2_EFFECTS_P
<19:37:49> [3EF08C47] seamless loading cell object(W19, 4), (L5, 3)
<19:37:49> [3EF08C47] seamless loading cell object(W18, 7), (L4, 6)
<19:37:50> [3EF08C47] seamless loading cell object(W20, 5), (L6, 4)
<19:37:50> [CE0EF930][Warning] failed to stream cgf : objects/env/05_nature/08_cry_source/rocks/road_rocks/road_rocks_flat_grey_a.cgf
<19:37:50> [A4D70365][Warning] rigid-body own-entity; prefab=Prefabs/interaction.xml/toy.crane node=AnimObject_1
<19:37:50> [48F1D8BC][Warning] Error: CShaderMan::mfCreateShaderResources: Couldn't find subsurface texture 'game/objects/characters/animals/pangolin_baby/pangolin_red_baby/pangolin_red_baby_sss.dds' in path '' [File=game/objects/characters/animals/pangolin_baby/pangolin_red_baby/pangolin_red_baby_sss.dds]
<19:37:50> [000004EE][Warning] [CGF Error] game/objects/env/01_nuia/001_housing/housing_guild/nuia_h_guild_door_b_back.cga [:] non-uniform scale(1.00, 1.39, 1.00) at node(nuia_h_guild_door_b01_back)
<19:37:50> Loading Particle Library: x2_sounds
<19:37:50> [3EF08C47] seamless loading cell object(W19, 7), (L5, 6)
<19:37:50> [3EF08C47] seamless loading cell object(W20, 6), (L6, 5)
<19:37:50> [3EF08C47] seamless loading cell object(W17, 4), (L3, 3)
<19:37:50> [3EF08C47] seamless loading cell object(W17, 7), (L3, 6)
<19:37:50> [3EF08C47] seamless loading cell object(W20, 4), (L6, 3)
<19:37:50> [3EF08C47] seamless loading cell object(W16, 5), (L2, 4)
<19:37:50> [3EF08C47] seamless loading cell object(W16, 6), (L2, 5)
<19:37:50> [3EF08C47] seamless loading cell object(W18, 3), (L4, 2)
<19:37:50> [3EF08C47] seamless loading cell object(W20, 7), (L6, 6)
<19:37:51> [3EF08C47] seamless loading cell object(W19, 3), (L5, 2)
<19:37:51> [12409CCC] Load Zone Finished
<19:37:51> [000004EE][Warning] I3DEngine::RegisterEntity: entity reports invalid position: Name: LightEntityName (), Class: LightEntityClass, Pos=(657.3,7976.0,585.4), aabb center=(142.0,1019.8,-2.3)
<19:37:51> [188BF914][Warning] [EntityLoader] invalid entity pos(1172.249, 2147.883, 0.000) name(AAC_Mahadevi_Ext_1)
<19:37:51> [82321C2B][Warning] [net 23:37:51.418] [time] remote time estimation restarted; estimate accumulator age was 270.369934
<19:37:51> [5CE4EF2C][Warning] failed to load particle lib from (Libs/Particles/game/abillity_skill_table_m.xml)
<19:37:51> [000004EE][Warning] Particle effect not found: 'game/abillity_skill_table_m.wild.shock_form2', from unknown 
<19:37:51> [2BFDEC33][Error] realstep 8, not match unit req
<19:37:51> [A39C1725] Level System - Loading Complete
<19:37:51> [9BE3F673] total 0 CGF files are precached
<19:37:52> [27293DED] -----------------------------------------------------
<19:37:52> [120C18F5] * LOADING: 'e_sunny_wilderness_1' loading time: 271.48 seconds
<19:37:52> [27293DED] -----------------------------------------------------
<19:37:52> [BCCDC555][Warning] MakeSprite - too many sprite update (10). dropping.. (sprites : 17)
<19:37:54> [745BAE2F][Warning] failed to stream material xml(game/objects/env/01_nuia/001_ndeco/making/ndeco_making_rock01_second.mtl)
<19:37:56> [09F46B9D]     cl_fov = 90 []
<19:37:56> [09F46B9D]     camera_max_dist = 120 []
<19:37:56> [09F46B9D]     name_tag_hp_width_on_bgmode = 80 []
<19:37:56> [09F46B9D]     name_tag_hp_height_on_bgmode = 30 []
<19:37:56> [000004EE][Warning] [Lua Error] Failed to load script file scriptsbin/x2ui/assignment/form.alb
<19:37:56> [A13C772D][Warning] Cannot load texture ui/font_color.g, Image file format is invalid [File=ui/font_color.g]
<19:37:56> [B5A61D8F] Chat Channel(0) Color is not found.
<19:37:56> [000004EE][Warning] [Lua Error] ...ts/x2ui/loginstage/character_create/locale/en_us.lua:524: attempt to index a nil value
<19:37:56> [58F3F7FF][Warning] <null>:0: [Lua Error] Failed to execute file @game/scriptsbin/x2ui/loginstage/character_create/locale/en_us.alb
<19:37:57> [73AFCD09][Warning] Cannot load texture ui/map/frame_map_2.dds, file missing [File=ui/map/frame_map_2.dds]
<19:37:57> [000004EE][Warning] [Lua] invalid style type...  / brown
<19:37:58> [A4D70365][Warning] rigid-body own-entity; prefab=Prefabs/interaction.xml/toy.crane node=AnimObject_1
<19:37:59> [CE0EF930][Warning] failed to stream cgf : default
<19:38:02> [000004EE][Warning] [CGF Error] game/objects/env/01_nuia/001_ndeco/making/ndeco_powerfulmaking.cga [:] LOD1 of geometry parts01 contains too many polygons comparing to the LOD0 [1592 against 1130] :
<19:38:03> [A4D70365][Warning] rigid-body own-entity; prefab=Prefabs/interaction.xml/toy.crane node=AnimObject_1
<19:38:04> [CE0EF930][Warning] failed to stream cgf : default
<19:38:12> [CE0EF930][Warning] failed to stream cgf : default
<19:38:18> [82321C2B][Warning] [net 23:38:18.746] [time] remote time estimation restarted; estimate accumulator age was 0.909345
<19:38:44> [82321C2B][Warning] [net 23:38:44.750] [time] remote time estimation restarted; estimate accumulator age was 1.001907
<19:39:08> [82321C2B][Warning] [net 23:39:08.306] [time] remote time estimation restarted; estimate accumulator age was 0.996337
<19:39:31> [82321C2B][Warning] [net 23:39:31.715] [time] remote time estimation restarted; estimate accumulator age was 1.002410
<19:39:53> [A4D70365][Warning] rigid-body own-entity; prefab=prefabs/interaction_d.xml/tool.lever_right node=AnimObject_1
<19:39:56> [82321C2B][Warning] [net 23:39:56.717] [time] remote time estimation restarted; estimate accumulator age was 1.006223
<19:39:56> [7F01D4DF][Warning] Cannot load texture game/textures/p_effects/spider_net_04_ddn.dds, file missing [File=game/textures/p_effects/spider_net_04_ddn.dds]
<19:39:57> [745BAE2F][Warning] failed to stream material xml(game/objects/characters/animals/osprey/Material #0.mtl)
<19:39:57> [000004EE][Warning] [CGF Error] game/objects/env/02_harihara/001_hdeco/quest/hdeco_qust_cocoon01.cgf [:] non-uniform scale(0.87, 0.87, 1.00) at node(hdeco_qust_cocoon01_proxy)
<19:40:03> [CE0EF930][Warning] failed to stream cgf : default
<19:40:21> [82321C2B][Warning] [net 23:40:21.718] [time] remote time estimation restarted; estimate accumulator age was 1.000926
<19:40:46> [82321C2B][Warning] [net 23:40:46.723] [time] remote time estimation restarted; estimate accumulator age was 0.992882
<19:41:11> [82321C2B][Warning] [net 23:41:11.726] [time] remote time estimation restarted; estimate accumulator age was 1.002542
<19:41:36> [82321C2B][Warning] [net 23:41:36.732] [time] remote time estimation restarted; estimate accumulator age was 1.006369
<19:42:01> [82321C2B][Warning] [net 23:42:01.737] [time] remote time estimation restarted; estimate accumulator age was 0.995465
<19:42:26> [82321C2B][Warning] [net 23:42:26.739] [time] remote time estimation restarted; estimate accumulator age was 1.001496
<19:42:44> [7B1A973B] seamless loading cell terrain(W15, 3), (L1, 2)
<19:43:23> [2363981C][Warning] chr material is not precached : game/objects/characters/warborn/female/horns/wa_f_horns002/wa_f_horns002.mtl (chr: game/objects/characters/warborn/female/horns/wa_f_horns002/wa_f_horns002.chr)
<19:43:23> [CA175C82][Warning] non-stream IO. system(Material), filePath(game/objects/characters/warborn/female/horns/wa_f_horns002/wa_f_horns002.mtl)
<19:43:33> [584C4FFD] [net 23:43:33.580] -- Client will disconnect; cause=18 desc=graceful exit
<19:43:33> [05D024BA] System:Quit
