[801989E0] BackupNameAttachment=" Build(0) Date(13 September 2025) Time(14 00 05)"  -- used by backup system
[00000020]  
[38F38F32] Log Started at #c
[0232BD25] Running 32 bit version
[7AB6F5FE] Executable: C:\Games\AAClassic\bin32\archeage.exe
[E5C771AC] FileVersion: 3.5.0.0
[F799D55F] ProductVersion: 3.5.3.0
[1F1D6B13] Using Microsoft (tm) C++ Standard Library implementation
[00000020]  
[C7D96C80] Revision: 350000
[00000020]  
[64533E3E] this is the first client
<14:00:11> [B9197FD5][Error] ConsoleVariableGroup[option_effect] key[e_particles_lod_onoff] has no default
<14:00:11> [76666E6D] 
--- CPU detection ---
<14:00:11> [F4D992D8] CPU: AMD AMD Ryzen 7 7800X3D 8-Core Processor           
<14:00:11> [3F649B02] Family: 15, Model: 1, Stepping: 2
<14:00:11> [83D12E0B] FPU: On-Chip
<14:00:11> [50919DA0] CPU Speed (estimated): 4191.995377 MHz
<14:00:11> [C73FD83A] MMX: not present
<14:00:11> [89D1077A] SSE: present
<14:00:11> [64E2B6F1] 3DNow!: present
<14:00:11> [27B7AC6E] Serial number not present or disabled
<14:00:11> [1D2D8E5B] Number of logical processors: 16
<14:00:11> [FA658084] Number of available logical processors: 16
<14:00:11> [A1F061C2] Invariant Time Stamp Counter : yes
<14:00:11> [FA0251ED] ---------------------

<14:00:11> [03E7D838] Device Info
<14:00:11> [9F603516] Device Info - 1
<14:00:11> [9F603517] Device Info - 2
<14:00:11> [9F603518] Device Info - 3
<14:00:11> [9F603519] Device Info - 4
<14:00:11> [9F60351A] Device Info - 5
<14:00:11> [9F60351B] Device Info - 6
<14:00:11> [9F60351C] Device Info - 7
<14:00:11> [E98ECC28] Video Memory Info
<14:00:11> [D5FBE664] Video Memory - 1
<14:00:11> [D5FBE665] Video Memory - 2
<14:00:12> [D5FBE666] Video Memory - 3
<14:00:12> [D5FBE667] Video Memory - 4
<14:00:12> [D5FBE668] Video Memory - 5
<14:00:12> [D5FBE669] Video Memory - 6
<14:00:12> [D5FBE66A] Video Memory - 7
<14:00:12> [D5FBE66B] Video Memory - 8
<14:00:12> [3A4D54A2][Warning] config/gpu/amd.txt line 55 contains a multiple defined GPU rating!
<14:00:12> [D20872C0] InitThreadAffinities
<14:00:12> [2F28A434] UpdateMainThreadAffinity
<14:00:12> [16962512] Windows 8 64 bit (build 6.2.9200)
<14:00:12> [38DFF081] System language: English
<14:00:12> [861A0178] Windows Directory: "C:\windows"
<14:00:12> [341B54F1] Prerequisites...
<14:00:12> [5D1B3C9C] * Installation of KB940105 hotfix required: no! (either not needed or already installed)
<14:00:12> [3C334788] Local time is 14:00:12 09/13/25, system running for 264 minutes
<14:00:12> [02898227] 63426MB physical memory installed, 25938MB available, 4095MB virtual memory installed, 59 percent of memory in use
<14:00:12> [31259232] PageFile usage: 
<14:00:12> [453F0D1B] Current display mode is 2560x1440x32
<14:00:12> [8A64FCCC] IBM enhanced (101/102-key) keyboard and 3+ button mouse installed
<14:00:12> [CE30556B] ----- GPU Detection -----------------
<14:00:12> [03E7D838] Device Info
<14:00:12> [9F603516] Device Info - 1
<14:00:12> [9F603517] Device Info - 2
<14:00:12> [9F603518] Device Info - 3
<14:00:12> [9F603519] Device Info - 4
<14:00:12> [9F60351A] Device Info - 5
<14:00:12> [9F60351B] Device Info - 6
<14:00:12> [9F60351C] Device Info - 7
<14:00:12> [E98ECC28] Video Memory Info
<14:00:12> [D5FBE664] Video Memory - 1
<14:00:12> [D5FBE665] Video Memory - 2
<14:00:12> [D5FBE666] Video Memory - 3
<14:00:12> [D5FBE667] Video Memory - 4
<14:00:12> [D5FBE668] Video Memory - 5
<14:00:12> [D5FBE669] Video Memory - 6
<14:00:12> [D5FBE66A] Video Memory - 7
<14:00:12> [D5FBE66B] Video Memory - 8
<14:00:12> [99EA404A]  AMD Radeon RX 7800 XT (RADV NAVI32) (vendor = 0x1002, device = 0x747e, subSys = 0x00000000)
<14:00:12> [77718B6A] -- Video memory: 4081 MB
<14:00:12> [30DF1863] -- Minimum SM 2.0 support: yes
<14:00:12> [13E11956] -- DX11 supported: yes
<14:00:12> [50B60100] --------------------------------------------------------------------------------
<14:00:12> [5921EDBE] Stream Engine Initialization
<14:00:12> [BA0D559B] Splash: Initializing Stream Engine...
<14:00:12> [939F6EBB] Enable Resolutions : 0
<14:00:12> [A30A84B6] can't enum display resolution modes
<14:00:12> [B324CD25] Screen Resolution - 1024x768
<14:00:12> [3778EA0B] Screen Resolution - 2 (2560x1440)
<14:00:12> [A1B107F0] Screen Resolution - Test OK (2560x1440)
<14:00:12> [A9E4B0F2] Network initialization
<14:00:12> [BA0D559B] Splash: Initializing Network System...
<14:00:12> [14FAD233] Socket I/O by iocp
<14:00:12> [E36A4FB9] Physics initialization
<14:00:12> [BA0D559B] Splash: Initializing Physics...
<14:00:12> [2462D581] MovieSystem initialization
<14:00:12> [BA0D559B] Splash: Initializing Movie System...
<14:00:12> [93287AEC] Renderer initialization - Start
<14:00:12> [BA0D559B] Splash: Initializing Renderer...
<14:00:12> [91207680] Renderer initialization - Open
<14:00:12> [4377E7CB] Renderer initialization - DLL Load(CryRenderD3D10.dll)
<14:00:12> [71203A94] Renderer initialization - DLL Done
<14:00:12> [71227C22] Renderer initialization - DLL Init
<14:00:12> [C653D9CB] Renderer initialization - Instance
<14:00:12> [F4516946] D3D Adapter: Description: AMD Radeon RX 7800 XT (RADV NAVI32)
<14:00:12> [A39C3A75] D3D Adapter: Driver version (UMD): 32.00.65535.65535
<14:00:12> [BC8C1ACB] D3D Adapter: VendorId = 0x1002
<14:00:12> [B6A10CFD] D3D Adapter: DeviceId = 0x747E
<14:00:12> [0678E702] D3D Adapter: SubSysId = 0x00000000
<14:00:12> [F2243F02] D3D Adapter: Revision = 0
<14:00:12> [A18DEBFF] Attempting to open TXAA context...
<14:00:12> [763FCAEF] TXAA startup failed -- status (1)
<14:00:12> [E571CFEE] Shader manager initialization
<14:00:14> [05BAAEF6] CResFile allocations incurred by user cache preload: (17814.05k)
<14:00:14> [911B73B8] Renderer initialization - Done
<14:00:14> [8E444EA9] Console initialization
<14:00:14> [2904A233] Time initialization
<14:00:14> [3650CFD6] Input initialization
<14:00:14> [BA0D559B] Splash: Initializing Input System...
<14:00:14> Initializing Keyboard
<14:00:14> [99640BF1] Sound initialization
<14:00:14> [BA0D559B] Splash: Initializing Sound System...
<14:00:14> [2C33885C] Sound - Initializing AudioDevice now!
<14:00:14> [E46760A9] <Sound> Initialize FMOD with dynamic memory callbacks
<14:00:15> [D6755BFD] <Sound> Starting to initialize Windows Audio Session API output! 
<14:00:15> [F7E8E3CD] <Sound> Drivers found: 5
<14:00:15> [5076AD4B] <Sound> Available drivers:
	1.	PulseAudio Output (PulseAudio Output)
	2.	Blue Microphones Analog Stereo (Blue Microphones Analog Stereo)
	3.	Wireless Controller (Wireless Controller)
	4.	Navi 31 HDMI/DP Audio Digital Stereo (HDMI) (Navi 31 HDMI/DP Audio Digital Stereo (HDMI))
	5.	Family 17h/19h/1ah HD Audio Controller Analog Stereo (Family 17h/19h/1ah HD Audio Controller Analog Stereo)
<14:00:15> [A0BBF7E1] <Sound> FmodEx-AudioDevice: Now running on driver: PulseAudio Output (PulseAudio Output)
<14:00:15> [14D8EFE1] <Sound> Using speaker mode: FMOD_SPEAKERMODE_STEREO
<14:00:15> [E79C27E5] <Sound> Initializing FMOD-EX now!
<14:00:15> [E2A9FE08] <Sound> Available record drivers: 0 PulseAudio Input (PulseAudio Input) !
<14:00:15> [E2A9FE08] <Sound> Available record drivers: 1 Family 17h/19h/1ah HD Audio Controller Analog Stereo (Family 17h/19h/1ah HD Audio Controller Analog Stereo) !
<14:00:15> [E2A9FE08] <Sound> Available record drivers: 2 Wireless Controller (Wireless Controller) !
<14:00:15> [E2A9FE08] <Sound> Available record drivers: 3 Blue Microphones Analog Stereo (Blue Microphones Analog Stereo) !
<14:00:15> [E2A9FE08] <Sound> Available record drivers: 4 Monitor of Family 17h/19h/1ah HD Audio Controller (Monitor of Family 17h/19h/1ah HD Audio Controller) !
<14:00:15> [E2A9FE08] <Sound> Available record drivers: 5 Monitor of Blue Microphones Analog Stereo (Monitor of Blue Microphones Analog Stereo) !
<14:00:15> [E2A9FE08] <Sound> Available record drivers: 6 Wireless Controller (Wireless Controller) !
<14:00:15> [E2A9FE08] <Sound> Available record drivers: 7 Monitor of Navi 31 HDMI/DP Audio Digital Stereo (HDMI) (Monitor of Navi 31 HDMI/DP Audio Digital Stereo (HDMI)) !
<14:00:15> [6841BE38] <Sound> Record config is set to autodetect using record driver 0
<14:00:15> [7808B4C4] <Sound> Using FMOD version: 00044414 and internal 00044414!
<14:00:15> [2A2815C7] <Sound> Initialized FMOD-EX
<14:00:15> [BE4EF52E] Sound - Initializing SoundSystem now!
<14:00:15> [0D547471] Font initialization
<14:00:15> [BA0D559B] Splash: Initializing Fonts...
<14:00:15> [C194F7C8][Warning] Cannot load texture textures/defaults/replacemecm.tif, file missing [File=textures/defaults/replacemecm.dds]
<14:00:15> [84206398] AI initialization
<14:00:15> [1BC221DE] Initializing Animation System
<14:00:15> [BA0D559B] Splash: Initializing Animation System...
<14:00:15> [9E592EFE] Initializing 3D Engine
<14:00:15> [BA0D559B] Splash: Initializing 3D Engine...
<14:00:16> [637AF710][Warning] missing chr material : game/objects/characters/ferre/female/nude/Standard_22.mtl (chr: game/objects/characters/ferre/female/nude/fe_f_base.chr)
<14:00:16> [91F5AEEC][Warning] number of bones mismatch! game/objects/characters/ferre/female/nude/fe_f_base.chr=195 game/objects/characters/ferre/female/nude/fe_f_base_lod1.chr=185
<14:00:17> [7415A452] CHR PreCaching 25 Done
<14:00:17> [E7AD4E53] AddSharedMorphTargets - Failed to load objects/characters/dwarf/male/face/dw_m_face00.chr
<14:00:17> [61AD1790] MorphTargetPreCaching - objects/characters/dwarf/male/face/dw_m_face00.chr Add Failed
<14:00:17> [A4A6E4C6] MorphTarget PreCaching 11 Done
<14:00:17> [5ACB40E2] Init Face Makers
<14:00:17> [56B5985B] X2FaceMaker - game/objects/characters/nuian/male/face/nu_m_face01_mid.chr : mouth_UnderbiteOverbite target not exist
<14:00:17> [56B5985B] X2FaceMaker - game/objects/characters/nuian/male/face/nu_m_face01_mid.chr : mouth_UnderbiteOverbite target not exist
<14:00:17> [56B5985B] X2FaceMaker - game/objects/characters/nuian/male/face/nu_m_face01_mid.chr : mouth_UnderbiteOverbite target not exist
<14:00:18> [4ABB03EB] game/objects/characters/ferre/female/face/fe_f_face01_low.chr(303) - objects/characters/ferre/female/face/fe_f_face00.chr(3063) SharedMorph is not matched
<14:00:18> [56B5985B] X2FaceMaker - game/objects/characters/nuian/male/face/nu_m_face01_mid.chr : mouth_UnderbiteOverbite target not exist
<14:00:18> [56B5985B] X2FaceMaker - game/objects/characters/nuian/male/face/nu_m_face01_mid.chr : nose_dw_SeptumVol target not exist
<14:00:18> [56B5985B] X2FaceMaker - game/objects/characters/nuian/male/face/nu_m_face01_mid.chr : nose_dw_NasalZposition target not exist
<14:00:18> [56B5985B] X2FaceMaker - game/objects/characters/nuian/male/face/nu_m_face01_mid.chr : FS_dwEarSize target not exist
<14:00:18> [56B5985B] X2FaceMaker - game/objects/characters/nuian/male/face/nu_m_face01_mid.chr : dwarf_Morph target not exist
<14:00:18> [56B5985B] X2FaceMaker - game/objects/characters/nuian/male/face/nu_m_face01_mid.chr : FS_dw_CheekMeat_min target not exist
<14:00:18> [1191A6A8] X2FaceMaker - game/objects/characters/nuian/male/face/nu_m_face01_mid.chr : FS_dw_CheekMeat_max ex target not exist
<14:00:18> [56B5985B] X2FaceMaker - game/objects/characters/warborn/male/face/wa_m_face01_mid.chr : eye_Forehead target not exist
<14:00:18> [56B5985B] X2FaceMaker - game/objects/characters/warborn/male/face/wa_m_face01_mid.chr : eye_Tail_min target not exist
<14:00:18> [1191A6A8] X2FaceMaker - game/objects/characters/warborn/male/face/wa_m_face01_mid.chr : eye_Tail_max ex target not exist
<14:00:18> [56B5985B] X2FaceMaker - game/objects/characters/warborn/male/face/wa_m_face01_mid.chr : eye_WidthLength_min target not exist
<14:00:18> [1191A6A8] X2FaceMaker - game/objects/characters/warborn/male/face/wa_m_face01_mid.chr : eye_WidthLength_max ex target not exist
<14:00:18> [56B5985B] X2FaceMaker - game/objects/characters/warborn/male/face/wa_m_face01_mid.chr : eye_DoubleEyelidShape target not exist
<14:00:18> [56B5985B] X2FaceMaker - game/objects/characters/warborn/male/face/wa_m_face01_mid.chr : eye_BrowXposition target not exist
<14:00:18> [56B5985B] X2FaceMaker - game/objects/characters/warborn/male/face/wa_m_face01_mid.chr : eye_BrowZposition target not exist
<14:00:18> [56B5985B] X2FaceMaker - game/objects/characters/warborn/male/face/wa_m_face01_mid.chr : nose_Nostril target not exist
<14:00:18> [56B5985B] X2FaceMaker - game/objects/characters/warborn/male/face/wa_m_face01_mid.chr : nose_Size target not exist
<14:00:18> [56B5985B] X2FaceMaker - game/objects/characters/warborn/male/face/wa_m_face01_mid.chr : nose_SeptumZposition target not exist
<14:00:18> [56B5985B] X2FaceMaker - game/objects/characters/warborn/male/face/wa_m_face01_mid.chr : nose_End target not exist
<14:00:18> [56B5985B] X2FaceMaker - game/objects/characters/warborn/male/face/wa_m_face01_mid.chr : nose_Size target not exist
<14:00:18> [56B5985B] X2FaceMaker - game/objects/characters/warborn/male/face/wa_m_face01_mid.chr : mouth_UpperLipVolume target not exist
<14:00:18> [56B5985B] X2FaceMaker - game/objects/characters/warborn/male/face/wa_m_face01_mid.chr : mouth_LowerLipVolume target not exist
<14:00:18> [56B5985B] X2FaceMaker - game/objects/characters/warborn/male/face/wa_m_face01_mid.chr : mouth_UpperLipOpen target not exist
<14:00:18> [56B5985B] X2FaceMaker - game/objects/characters/warborn/male/face/wa_m_face01_mid.chr : mouth_LowerLipOpen target not exist
<14:00:18> [56B5985B] X2FaceMaker - game/objects/characters/warborn/male/face/wa_m_face01_mid.chr : mouth_MouthOpen target not exist
<14:00:18> [56B5985B] X2FaceMaker - game/objects/characters/warborn/male/face/wa_m_face01_mid.chr : mouth_Size target not exist
<14:00:18> [56B5985B] X2FaceMaker - game/objects/characters/warborn/male/face/wa_m_face01_mid.chr : mouth_Shape_min target not exist
<14:00:18> [1191A6A8] X2FaceMaker - game/objects/characters/warborn/male/face/wa_m_face01_mid.chr : mouth_Shape_max ex target not exist
<14:00:18> [56B5985B] X2FaceMaker - game/objects/characters/warborn/male/face/wa_m_face01_mid.chr : mouth_TeethZposition target not exist
<14:00:18> [56B5985B] X2FaceMaker - game/objects/characters/warborn/male/face/wa_m_face01_mid.chr : FS_JawHigh_min target not exist
<14:00:18> [1191A6A8] X2FaceMaker - game/objects/characters/warborn/male/face/wa_m_face01_mid.chr : FS_JawHigh_max ex target not exist
<14:00:18> [56B5985B] X2FaceMaker - game/objects/characters/warborn/male/face/wa_m_face01_mid.chr : FS_EarRotate_min target not exist
<14:00:18> [1191A6A8] X2FaceMaker - game/objects/characters/warborn/male/face/wa_m_face01_mid.chr : FS_EarRotate_max ex target not exist
<14:00:18> [56B5985B] X2FaceMaker - game/objects/characters/warborn/male/face/wa_m_face01_mid.chr : FS_Beard1 target not exist
<14:00:18> [56B5985B] X2FaceMaker - game/objects/characters/warborn/male/face/wa_m_face01_mid.chr : FS_Beard2 target not exist
<14:00:18> [56B5985B] X2FaceMaker - game/objects/characters/warborn/male/face/wa_m_face01_mid.chr : FS_Beard3 target not exist
<14:00:18> [56B5985B] X2FaceMaker - game/objects/characters/warborn/female/face/wa_f_face01_mid.chr : eye_Yposition_min target not exist
<14:00:18> [1191A6A8] X2FaceMaker - game/objects/characters/warborn/female/face/wa_f_face01_mid.chr : eye_Yposition_max ex target not exist
<14:00:18> [56B5985B] X2FaceMaker - game/objects/characters/warborn/female/face/wa_f_face01_mid.chr : FS_AllLowerY target not exist
<14:00:18> [56B5985B] X2FaceMaker - game/objects/characters/warborn/female/face/wa_f_face01_mid.chr : FS_AllRotate target not exist
<14:00:18> [56B5985B] X2FaceMaker - game/objects/characters/warborn/female/face/wa_f_face01_mid.chr : FS_AllY target not exist
<14:00:18> [56B5985B] X2FaceMaker - game/objects/characters/warborn/female/face/wa_f_face01_mid.chr : mouth_Open_min target not exist
<14:00:18> [1191A6A8] X2FaceMaker - game/objects/characters/warborn/female/face/wa_f_face01_mid.chr : mouth_Open_max ex target not exist
<14:00:18> [E320B5CE] Init Face Makers - Done!
<14:00:18> [581CA53C] Script System Initialization
<14:00:18> [BA0D559B] Splash: Initializing Script System...
<14:00:18> [000004EE][Warning] [Lua Error] 1_3_0/scripts/common.lua:276: attempt to index global 'Script' (a nil value)
<14:00:18> [58F3F7FF][Warning] <null>:0: [Lua Error] Failed to execute file @game/scriptsbin/common.alb
<14:00:18> [D8B2BA54] Entity system initialization
<14:00:18> [BA0D559B] Splash: Initializing Entity System...
<14:00:18> [D55F91B2][Warning] [CEntityClassRegistry] LoadClassDescription failed, Entity Class name Chick already registered
<14:00:18> [BA0D559B] Splash: Initializing AI System...
<14:00:18> [DA019954] Initializing AI System
<14:00:18> [2546BCC5] Initializing Budgeting System
<14:00:18> [C0E19025] Initializing Seamless System
<14:00:18> [BA0D559B] Splash: Loading Game Data...
<14:00:20> [90B8EC50][Warning] too many ranges: aoe_shapes descs 10156(10156) threshold 100 ranges 12
<14:00:20> [BA4AD6CE] Loading portal list
<14:00:20> [92597454] Portal added, enter: 3891, exit: 6629
<14:00:20> [92597454] Portal added, enter: 21448, exit: 21449
<14:00:20> [92597454] Portal added, enter: 21450, exit: 21451
<14:00:20> [92597454] Portal added, enter: 21452, exit: 21453
<14:00:20> [92597454] Portal added, enter: 21698, exit: 21699
<14:00:20> [92597454] Portal added, enter: 22023, exit: 22024
<14:00:20> [92597454] Portal added, enter: 22042, exit: 22066
<14:00:20> [92597454] Portal added, enter: 22136, exit: 22137
<14:00:20> [92597454] Portal added, enter: 22163, exit: 22164
<14:00:20> [92597454] Portal added, enter: 22184, exit: 22185
<14:00:20> [92597454] Portal added, enter: 22336, exit: 22337
<14:00:20> [92597454] Portal added, enter: 9000063, exit: 9000064
<14:00:20> [1C664009] End loading portal list
<14:00:20> [937812F7] loaded DDCMS (1396969 descs, 719156 links (17 page 16.95MB size) string) from game\db\compact.sqlite3 in 1250 ms
<14:00:20> [BA0D559B] Splash: Initializing Game System...
<14:00:21> [000004EE][Warning] [Lua Error] no localized ui text for 18 always_refund
<14:00:21> [0ADE3294][Warning] [MFX] Effect 'collisions:grenade' already present. Overriding.
<14:00:21> [311630D1][Warning] MFX WARNING: Material not found: mat_ice_breakable
<14:00:21>  
<14:00:21>    sys_spec = Custom (assuming 4)
<14:00:21>      option_anti_aliasing = 2 expected:3
<14:00:21>  
<14:00:21> [BA0D559B] Splash: Preparing Screen...
<14:00:21> [3778EA0B] Screen Resolution - 2 (2560x1440)
<14:00:21> [A1B107F0] Screen Resolution - Test OK (2560x1440)
<14:00:21> [963385F6] Level System - Loading Start
<14:00:22> [806B6F8D] precaching world entities ..
<14:00:22> [7E39E0DE] precaching world entities .. done!  total (0) objects
<14:00:22> [D2B280D6] Vegetation Manager : Loading World(login2)
<14:00:22> [075AB92F] Vegetation Manager : Loading World - Done (total 36 vegetations)
<14:00:22> [B9410AA1] total 20 terrain world surfaces loaded
<14:00:22> Loading Particle Library: collisions
<14:00:22> Loading Particle Library: water
<14:00:22> Loading Particle Library: misc
<14:00:22> Loading Particle Library: ability_skill_table
<14:00:22> Loading Particle Library: ability_skill_table_k
<14:00:22> Loading Particle Library: abillity_skill_table_m
<14:00:22> Loading Particle Library: machinima
<14:00:22> Loading Particle Library: x2_effects
<14:00:22> Loading Particle Library: x2_effects_k
<14:00:23> [280A47E3] Precached total 2 materials
<14:00:23> [7B1A973B] seamless loading cell terrain(W0, 1), (L0, 0)
<14:00:23> [3EF08C47] seamless loading cell object(W0, 1), (L0, 0)
<14:00:23> [584C4FFD] [net 18:00:12.614]  dns ip:192.168.1.202
<14:00:23> [584C4FFD] [net 18:00:12.614]  dns ip:172.19.0.1
<14:00:23> [584C4FFD] [net 18:00:12.614]  dns ip:172.17.0.1
<14:00:23> [584C4FFD] [net 18:00:12.614]  dns ip:172.18.0.1
<14:00:23> [0DE3FA89][Error] CryAnimation: character-definition creation failed: game/objects/characters/elf/female/nude/el_f_kyprosa.cdf
<14:00:23> [13A58BA0][Error] CryAnimation: character-definition not found: game/objects/characters/elf/female/nude/el_f_kyprosa.cdf
<14:00:23> [4DD44108] Start DaruCommon Extension
<14:00:23> [1B425DA5] Duplicated post effect param! pszName = FilterMaskedBlurring_Amount
<14:00:23> [1B425DA5] Duplicated post effect param! pszName = FilterMaskedBlurring_MaskTexName
<14:00:23> [1B425DA5] Duplicated post effect param! pszName = FilterChromaShift_User_Amount
<14:00:23> [1B425DA5] Duplicated post effect param! pszName = FilterGrain_Amount
<14:00:23> [8F6BAA6C][Warning] Couldn't find console variable 'e_water_ocean_fft'
<14:00:23> [D2121932] Change resolution: 2560x1440x32 (Windowed)
<14:00:23> [583D6F38] Final resolution: 2560x1440x32 (Windowed)
<14:00:23> Loading Particle Library: wind
<14:00:23> Loading Particle Library: X2_EFFECT_O
<14:00:23> [000004EE][Warning] Particle effect not found: '                                                                ', from ParticleEffect fx_land_green
<14:00:23> [12409CCC] Load Zone Finished
<14:00:23> [A39C1725] Level System - Loading Complete
<14:00:23> [27293DED] -----------------------------------------------------
<14:00:23> [120C18F5] * LOADING: 'loginbg4' loading time: 1.71 seconds
<14:00:23> [27293DED] -----------------------------------------------------
<14:00:23> [000004EE][Warning] [Lua Error] no client player exists
<14:00:23> [A13C772D][Warning] Cannot load texture ui/font_color.g, Image file format is invalid [File=ui/font_color.g]
<14:00:23> [000FABC5][Warning] CAreaGrid::BeginAreas() called before being initialized.
<14:00:23> [9FC303B8][Error] [CVARS]: [DUPLICATE] CXConsole::RegisterFloat(): variable [ui_double_click_interval] is already registered
<14:00:23> [09F46B9D]     cl_fov = 90 []
<14:00:23> [09F46B9D]     camera_max_dist = 180 []
<14:00:23> [73861D69] Unknown command: name_tag_hp_width_on_bgmode 80
<14:00:23> [73861D69] Unknown command: name_tag_hp_height_on_bgmode 30
<14:00:24> [247165BA][Warning] Cannot load texture ui/login_stage/background/game_information.dds, file missing [File=ui/login_stage/background/game_information.dds]
<14:00:27> [1D01FDCA] Auth: client connected to server
<14:00:27> [584C4FFD] [net 18:00:27.557]  socket ip:192.168.1.202
<14:00:27> [4C920A71] mac address : 74-56-3c-fe-52-f3
<14:00:28> [A13C772D][Warning] Cannot load texture ui/font_color.g, Image file format is invalid [File=ui/font_color.g]
<14:00:31> [584C4FFD] [net 18:00:31.337] connection requested to: 192.95.21.64:1239
<14:00:31> [4ABA7BDB] Auth: client disconnected (reason=0)
<14:00:31> [0F08E548] [NetConnection] connect completed (succeeded:true)
<14:00:31> [48F7BDF2] invalid world id in world queue packet
<14:00:31> [9FC303B8][Error] [CVARS]: [DUPLICATE] CXConsole::RegisterFloat(): variable [camera_max_dist] is already registered
<14:00:31> [26623ECA] ucc info.. 5 0
<14:00:31> [4516816D] pay method: person
<14:00:31> [4AA30841] pay location: person
<14:00:31> [ADF1C07E] pay start: 1900-1-1 00:00:00
<14:00:31> [6486A277] pay end: 1900-1-1 00:00:00
<14:00:31> [FFF6198C] premium point: 0
<14:00:31> [481C0862] premium grade: premium_0
<14:00:31> [88D9AB0C] real pay time: -1
<14:00:31> [34CCC219] stream: connected to world server
<14:00:31> [06A46B5B] stream: authorized by world server
<14:00:32> [4516816D] pay method: person
<14:00:32> [4AA30841] pay location: person
<14:00:32> [ADF1C07E] pay start: 1900-1-1 00:00:00
<14:00:32> [6486A277] pay end: 2037-12-31 16:00:00
<14:00:32> [FFF6198C] premium point: 0
<14:00:32> [481C0862] premium grade: premium_0
<14:00:32> [88D9AB0C] real pay time: -1
<14:00:32> [82321C2B][Warning] [net 18:00:32.162] [time] remote time estimation restarted; estimate accumulator age was 15919.818359
<14:00:34> [000004EE][Warning] [Lua Error] no localized ui text for 18 always_refund
<14:00:34> [09F46B9D]     cl_fov = 90 []
<14:00:34> [09F46B9D]     camera_max_dist = 180 []
<14:00:34> [09F46B9D]     name_tag_hp_width_on_bgmode = 80 []
<14:00:34> [09F46B9D]     name_tag_hp_height_on_bgmode = 30 []
<14:00:34> [A13C772D][Warning] Cannot load texture ui/font_color.g, Image file format is invalid [File=ui/font_color.g]
<14:00:34> [06E6A3E9][Warning] Cannot load texture ui/login_stage/queue.dds, file missing [File=ui/login_stage/queue.dds]
<14:00:34> [000004EE][Warning] RenderMesh not assigned game/objects/box_nodraw.cgf
<14:00:36> [DA579B6C][Error] can't load client driven connect info.. Kompy
<14:00:41> [9FC303B8][Error] [CVARS]: [DUPLICATE] CXConsole::RegisterFloat(): variable [ui_double_click_interval] is already registered
<14:00:41> [0DE3FA89][Error] CryAnimation: character-definition creation failed: game/objects/characters/returned/female/nude/re_f.cdf
<14:00:41> [82321C2B][Warning] [net 18:00:41.588] [time] remote time estimation restarted; estimate accumulator age was 3.065474
<14:00:41> [6FF68EA5] SetInstantTime: type 0 time 0
<14:00:41> [6FF68EA5] SetInstantTime: type 1 time 0
<14:00:41> [6FF68EA5] SetInstantTime: type 2 time 0
<14:00:41> [6FF68EA5] SetInstantTime: type 3 time 0
<14:00:41> [6FF68EA5] SetInstantTime: type 4 time 0
<14:00:41> [6FF68EA5] SetInstantTime: type 5 time 0
<14:00:41> [6FF68EA5] SetInstantTime: type 6 time 0
<14:00:41> [6FF68EA5] SetInstantTime: type 7 time 0
<14:00:41> [0E61BD35] ExpeditionMember 20 added
<14:00:41> [0E61BD35] ExpeditionMember 20 added
<14:00:41> [0E61BD35] ExpeditionMember 8 added
<14:00:41> [1EBA13B3][Warning] count not matched; total=76; size=48
<14:00:41> [966861E8][Warning] GetAllPolicies empty
<14:00:41> [67B7DD8A][Warning] my ExpeditionMemberDesc not exist
<14:00:41> [7AB931CE] seamless unloading cell object(W0, 0), (L0, 0)
<14:00:41> [4B1E8B22] unload cell object count : 1511
<14:00:41> [B866A294] seamless unloading cell terrain(W0, 0), (L0, 0)
<14:00:41> [963385F6] Level System - Loading Start
<14:00:41> [E0E0EDAE][Warning] failed to load zone time of day from game/worlds/main_world/zone/225//time_of_day.xml
<14:00:42> [AB17243B][Warning] failed to load zone environment from game/worlds/main_world/zone/309//env.xml
<14:00:42> [35D4413E][Warning] failed to load zone clouds from game/worlds/main_world/zone/309//clouds.xml
<14:00:42> [806B6F8D] precaching world entities ..
<14:00:42> [7E39E0DE] precaching world entities .. done!  total (1778) objects
<14:00:42> [D2B280D6] Vegetation Manager : Loading World(main_world)
<14:00:42> [075AB92F] Vegetation Manager : Loading World - Done (total 3055 vegetations)
<14:00:42> [000004EE][Error] CTerrain::LoadWorldSurfaces: Error loading material: materials/Terrain/gweonidforest/w_forest_road_a1
<14:00:42> [751FFB9E][Warning] Error: CShaderMan::mfCreateShaderResources: Couldn't find detail texture
'game/textures/aa_terrain/canyon/tr_canyon_rock_616a_ddn.tga' in path '' [File=game/textures/aa_terrain/canyon/tr_canyon_rock_616a_ddn.tga]
<14:00:43> [B9410AA1] total 600 terrain world surfaces loaded
<14:00:43> [280A47E3] Precached total 4 materials
<14:00:43> [7B1A973B] seamless loading cell terrain(W21, 4), (L4, 4)
<14:00:43> [7B1A973B] seamless loading cell terrain(W21, 5), (L4, 5)
<14:00:43> [7B1A973B] seamless loading cell terrain(W20, 4), (L3, 4)
<14:00:43> [7B1A973B] seamless loading cell terrain(W20, 5), (L3, 5)
<14:00:43> [7B1A973B] seamless loading cell terrain(W22, 4), (L5, 4)
<14:00:43> [7B1A973B] seamless loading cell terrain(W22, 5), (L5, 5)
<14:00:43> [7B1A973B] seamless loading cell terrain(W21, 3), (L4, 3)
<14:00:43> [7B1A973B] seamless loading cell terrain(W21, 6), (L4, 6)
<14:00:43> [7B1A973B] seamless loading cell terrain(W20, 3), (L3, 3)
<14:00:43> [7B1A973B] seamless loading cell terrain(W20, 6), (L3, 6)
<14:00:43> [7B1A973B] seamless loading cell terrain(W19, 4), (L2, 4)
<14:00:43> [7B1A973B] seamless loading cell terrain(W19, 5), (L2, 5)
<14:00:43> [7B1A973B] seamless loading cell terrain(W22, 3), (L5, 3)
<14:00:43> [7B1A973B] seamless loading cell terrain(W22, 6), (L5, 6)
<14:00:43> [7B1A973B] seamless loading cell terrain(W19, 3), (L2, 3)
<14:00:43> [7B1A973B] seamless loading cell terrain(W19, 6), (L2, 6)
<14:00:43> [7B1A973B] seamless loading cell terrain(W23, 4), (L6, 4)
<14:00:43> [7B1A973B] seamless loading cell terrain(W23, 5), (L6, 5)
<14:00:43> [7B1A973B] seamless loading cell terrain(W21, 2), (L4, 2)
<14:00:43> [7B1A973B] seamless loading cell terrain(W20, 2), (L3, 2)
<14:00:43> [7B1A973B] seamless loading cell terrain(W21, 7), (L4, 7)
<14:00:43> [7B1A973B] seamless loading cell terrain(W20, 7), (L3, 7)
<14:00:43> [7B1A973B] seamless loading cell terrain(W18, 4), (L1, 4)
<14:00:43> [7B1A973B] seamless loading cell terrain(W18, 5), (L1, 5)
<14:00:43> [7B1A973B] seamless loading cell terrain(W23, 3), (L6, 3)
<14:00:43> [7B1A973B] seamless loading cell terrain(W22, 2), (L5, 2)
<14:00:43> [7B1A973B] seamless loading cell terrain(W23, 6), (L6, 6)
<14:00:43> [7B1A973B] seamless loading cell terrain(W22, 7), (L5, 7)
<14:00:43> [7B1A973B] seamless loading cell terrain(W19, 2), (L2, 2)
<14:00:43> [7B1A973B] seamless loading cell terrain(W18, 3), (L1, 3)
<14:00:43> [7B1A973B] seamless loading cell terrain(W19, 7), (L2, 7)
<14:00:43> [7B1A973B] seamless loading cell terrain(W18, 6), (L1, 6)
<14:00:43> [7B1A973B] seamless loading cell terrain(W24, 4), (L7, 4)
<14:00:43> [7B1A973B] seamless loading cell terrain(W24, 5), (L7, 5)
<14:00:43> [7B1A973B] seamless loading cell terrain(W23, 2), (L6, 2)
<14:00:43> [7B1A973B] seamless loading cell terrain(W23, 7), (L6, 7)
<14:00:43> [7B1A973B] seamless loading cell terrain(W21, 1), (L4, 1)
<14:00:43> [7B1A973B] seamless loading cell terrain(W20, 1), (L3, 1)
<14:00:43> [7B1A973B] seamless loading cell terrain(W18, 2), (L1, 2)
<14:00:43> [7B1A973B] seamless loading cell terrain(W24, 3), (L7, 3)
<14:00:43> [7B1A973B] seamless loading cell terrain(W18, 7), (L1, 7)
<14:00:43> [7B1A973B] seamless loading cell terrain(W17, 4), (L0, 4)
<14:00:43> [7B1A973B] seamless loading cell terrain(W17, 5), (L0, 5)
<14:00:43> [7B1A973B] seamless loading cell terrain(W24, 6), (L7, 6)
<14:00:43> [7B1A973B] seamless loading cell terrain(W22, 1), (L5, 1)
<14:00:43> [7B1A973B] seamless loading cell terrain(W19, 1), (L2, 1)
<14:00:43> [7B1A973B] seamless loading cell terrain(W17, 3), (L0, 3)
<14:00:43> [7B1A973B] seamless loading cell terrain(W17, 6), (L0, 6)
<14:00:43> [3EF08C47] seamless loading cell object(W21, 4), (L4, 4)
<14:00:43> [3EF08C47] seamless loading cell object(W21, 5), (L4, 5)
<14:00:43> Loading Particle Library: X2_EFFECTS_P
<14:00:43> [000004EE][Warning] Particle effect not found: 'X2_EFFECTS.e_effect.smoke_slow', from ParticleEffect ParticleEffect_2760
<14:00:43> [3EF08C47] seamless loading cell object(W20, 4), (L3, 4)
<14:00:43> [3EF08C47] seamless loading cell object(W20, 5), (L3, 5)
<14:00:43> [000004EE][Warning] [CGF Error] game/objects/env/02_harihara/001_hcom/hcom_cart_b.cgf [:] LOD1 of geometry hcom_cart_b contains too many polygons comparing to the LOD0 [770 against 1114] :
<14:00:43> [A5DDEC33][Warning] Warning: CShaderMan::mfForName: NULL name
<14:00:43> [04F52114][Warning] Cannot load texture game/objects/env/02_harihara/01_ma/ma_top_mhouse12_sp.dds, file missing [File=game/objects/env/02_harihara/01_ma/ma_top_mhouse12_sp.dds]
<14:00:43> [000004EE][Warning] [CGF Error] game/objects/env/01_nuia/001_housing/housing_people/hs_people_roof_a.cgf [:] Duplicate LOD helper $lod2 hs_people_roof_a
<14:00:44> [000004EE][Warning] [CGF Error] game/objects/env/01_nuia/001_housing/housing_guild/nuia_h_guild_door_b_back.cga [:] non-uniform scale(1.00, 1.39, 1.00) at node(nuia_h_guild_door_b01_back)
<14:00:44> Loading Particle Library: x2_sounds
<14:00:44> [3EF08C47] seamless loading cell object(W22, 4), (L5, 4)
<14:00:44> [3EF08C47] seamless loading cell object(W22, 5), (L5, 5)
<14:00:44> [3EF08C47] seamless loading cell object(W21, 3), (L4, 3)
<14:00:44> [3EF08C47] seamless loading cell object(W21, 6), (L4, 6)
<14:00:44> [3EF08C47] seamless loading cell object(W20, 3), (L3, 3)
<14:00:44> [3EF08C47] seamless loading cell object(W20, 6), (L3, 6)
<14:00:44> [3EF08C47] seamless loading cell object(W19, 4), (L2, 4)
<14:00:44> [3EF08C47] seamless loading cell object(W19, 5), (L2, 5)
<14:00:44> [000004EE][Warning] [CGF Error] game/objects/env/02_harihara/04_su/su_incinerator_tower_b.cgf [:] LOD1 of geometry  contains too many polygons comparing to the LOD0 [742 against 1060] :
<14:00:44> [3EF08C47] seamless loading cell object(W22, 3), (L5, 3)
<14:00:44> [3EF08C47] seamless loading cell object(W22, 6), (L5, 6)
<14:00:44> [3EF08C47] seamless loading cell object(W19, 3), (L2, 3)
<14:00:44> [3EF08C47] seamless loading cell object(W19, 6), (L2, 6)
<14:00:44> [000004EE][Warning] [CGF Error] game/objects/env/02_harihara/03_ti/ti_factorymain_a.cga [:] Invalid BBox : has Invalid BBox node(Object32)
<14:00:44> [3EF08C47] seamless loading cell object(W23, 4), (L6, 4)
<14:00:44> [3EF08C47] seamless loading cell object(W23, 5), (L6, 5)
<14:00:44> [3EF08C47] seamless loading cell object(W21, 2), (L4, 2)
<14:00:44> [3EF08C47] seamless loading cell object(W20, 2), (L3, 2)
<14:00:44> [12409CCC] Load Zone Finished
<14:00:44> [000004EE][Warning] I3DEngine::RegisterEntity: entity reports invalid position: Name: LightEntityName (), Class: LightEntityClass, Pos=(657.3,7976.0,585.4), aabb center=(142.0,1019.8,-2.3)
<14:00:44> [82321C2B][Warning] [net 18:00:44.872] [time] remote time estimation restarted; estimate accumulator age was 3.225683
<14:00:44> [C5B7BE3D][Warning] Failed to initialize Irradiance Volume: Insufficient video memory
<14:00:45> [5CE4EF2C][Warning] failed to load particle lib from (Libs/Particles/game/abillity_skill_table_m.xml)
<14:00:45> [000004EE][Warning] Particle effect not found: 'game/abillity_skill_table_m.wild.shock_form2', from unknown 
<14:00:45> [2BFDEC33][Error] realstep 8, not match unit req
<14:00:45> [A39C1725] Level System - Loading Complete
<14:00:45> [9BE3F673] total 0 CGF files are precached
<14:00:45> [27293DED] -----------------------------------------------------
<14:00:45> [120C18F5] * LOADING: 'e_sunny_wilderness_3' loading time: 3.77 seconds
<14:00:45> [27293DED] -----------------------------------------------------
<14:00:46> [CA175C82][Warning] non-stream IO. system(CGF), filePath(Objects\Env\01_nuia\001_housing\housing_farm\hs_f_scarecrow01.cgf)
<14:00:46> [62232BEA][Warning] deferred xml stream error - game/animations/monster/polarbear/lmg_files/normal_run.lmg : f0000003
<14:00:46> [D42935C5][Warning] Error: CShaderMan::mfCreateShaderResources: Couldn't find subsurface texture 'game/objects/characters/animals/cat_baby_cat/cat_baby_stripes_pet_df.dds' in path '' [File=game/objects/characters/animals/cat_baby_cat/cat_baby_stripes_pet_df.dds]
<14:00:46> [755A3546][Warning] Error: CShaderMan::mfCreateShaderResources: Couldn't find custom secondary texture 'game/objects/env/01_nuia/001_housing/housing_house/nuia_housing_treemossy03_ddn.dds' in path '' [File=game/objects/env/01_nuia/001_housing/housing_house/nuia_housing_treemossy03_ddn.dds]
<14:00:46> [A4D70365][Warning] rigid-body own-entity; prefab=prefabs/interaction_c.xml/furniture.baby_cat_e node=AnimObject_144
<14:00:46> [2363981C][Warning] chr material is not precached : game/objects/env/01_nuia/001_housing/housing_house/housing_house_equipment.mtl (chr: game/objects/env/01_nuia/001_housing/housing_house/housing_house_equipment.chr)
<14:00:46> [4BF1C05C][Warning] Cannot load texture game/objects/env/01_nuia/001_housing/housing_house/housing_house_equipment_glow.dds, file missing [File=game/objects/env/01_nuia/001_housing/housing_house/housing_house_equipment_glow.dds]
<14:00:46> [CE2F4035][Warning] chr physical geom is not precached. (game/objects/env/01_nuia/001_housing/housing_house/housing_house_equipment.chr)
<14:00:47> Loading Particle Library: ljs_particle_fx
<14:00:47> [745BAE2F][Warning] failed to stream material xml(game/$picking.mtl)
<14:00:47> [637AF710][Warning] missing chr material : game/objects/characters/nuian/male/parts/hm/obj/nu_m_hm_cloth999.mtl (chr: game/objects/characters/nuian/male/parts/hm/obj/nu_m_1hm187.chr)
<14:00:49> [09F46B9D]     cl_fov = 90 []
<14:00:49> [09F46B9D]     camera_max_dist = 180 []
<14:00:49> [09F46B9D]     name_tag_hp_width_on_bgmode = 80 []
<14:00:49> [09F46B9D]     name_tag_hp_height_on_bgmode = 30 []
<14:00:49> [000004EE][Warning] [Lua Error] Failed to load script file scriptsbin/x2ui/assignment/form.alb
<14:00:49> [A13C772D][Warning] Cannot load texture ui/font_color.g, Image file format is invalid [File=ui/font_color.g]
<14:00:49> [B5A61D8F] Chat Channel(0) Color is not found.
<14:00:49> [000004EE][Warning] [Lua Error] ...ts/x2ui/loginstage/character_create/locale/en_us.lua:524: attempt to index a nil value
<14:00:49> [58F3F7FF][Warning] <null>:0: [Lua Error] Failed to execute file @game/scriptsbin/x2ui/loginstage/character_create/locale/en_us.alb
<14:00:49> [000004EE][Warning] [Lua] invalid style type...  / brown
<14:00:50> [82321C2B][Warning] [net 18:00:50.113] [time] remote time estimation restarted; estimate accumulator age was 1.015742
<14:00:50> [BCCDC555][Warning] MakeSprite - too many sprite update (10). dropping.. (sprites : 20)
<14:00:50> [000004EE][Warning] [CGF Error] game/objects/env/01_nuia/001_housing/housing_furniture/hs_f_safe_d.cgf [:] LOD1 of geometry hs_f_safe_d contains too many polygons comparing to the LOD0 [1606 against 2318] :
<14:00:54> [745BAE2F][Warning] failed to stream material xml(game/objects/env/02_harihara/04_su/ndeco_art_prop.mtl)
<14:00:55> [CE0EF930][Warning] failed to stream cgf : default
<14:01:08> [000004EE][Warning] [CGF Error] game/objects/env/01_nuia/001_ndeco/making/ndeco_powerfulmaking.cga [:] LOD1 of geometry parts01 contains too many polygons comparing to the LOD0 [1592 against 1130] :
<14:01:12> [CE0EF930][Warning] failed to stream cgf : default
<14:01:14> [62232BEA][Warning] deferred xml stream error - game/animations/animals/chick/lmg_files/normal_run.lmg : f0000003
<14:01:19> [745BAE2F][Warning] failed to stream material xml(game/objects/characters/monster/polarbear_baby/Material #0.mtl)
<14:01:19> [CE0EF930][Warning] failed to stream cgf : default
<14:01:20> [A4D70365][Warning] rigid-body own-entity; prefab=Prefabs/interaction.xml/toy.crane node=AnimObject_1
<14:01:20> [A5DDEC33][Warning] Warning: CShaderMan::mfForName: NULL name
<14:03:31> [000004EE][Warning] [Lua Error] 1_3_5n2/scripts/x2ui/addons/addon_list.lua:690: attempt to index field 's_options' (a nil value)
<14:03:58> [2363981C][Warning] chr material is not precached : game/objects/characters/warborn/female/horns/wa_f_horns002/wa_f_horns002.mtl (chr: game/objects/characters/warborn/female/horns/wa_f_horns002/wa_f_horns002.chr)
<14:03:58> [CA175C82][Warning] non-stream IO. system(Material), filePath(game/objects/characters/warborn/female/horns/wa_f_horns002/wa_f_horns002.mtl)
<14:03:58> [5F89E60D][Warning] non cached CDF(game/objects/characters/warborn/female/parts/all/leather/leather095/wa_f_hm_leather095.cdf)
<14:04:17> [5F89E60D][Warning] non cached CDF(game/objects/characters/warborn/female/parts/hm/leather/hm_leather120/wa_f_hm_leather120.cdf)
<14:04:17> [CA175C82][Warning] non-stream IO. system(Material), filePath(game/objects/characters/warborn/female/parts/hm/leather/hm_leather120/wa_f_hm_leather120.mtl)
<14:04:17> [637AF710][Warning] missing chr material : game/objects/characters/warborn/female/parts/hm/obj/wa_f_hm_leather120.mtl (chr: game/objects/characters/warborn/female/parts/hm/obj/wa_f_1hm110.chr)
<14:04:17> [2363981C][Warning] chr material is not precached : game/objects/characters/warborn/female/hair/wa_f_hair_common/wa_f_hair_common0102s_type1.mtl (chr: game/objects/characters/warborn/female/hair/wa_f_hair_common/wa_f_hair_common0102s_type1.chr)
<14:04:22> [5F89E60D][Warning] non cached CDF(game/objects/characters/warborn/female/parts/pt/leather/pt_leather028/wa_f_pt_leather028.cdf)
<14:04:22> [CA175C82][Warning] non-stream IO. system(Material), filePath(game/objects/characters/warborn/female/parts/pt/leather/pt_leather028/wa_f_pt_leather028.mtl)
<14:04:22> [637AF710][Warning] missing chr material : game/objects/characters/warborn/female/parts/pt/obj/wa_f_pt_metal214.mtl (chr: game/objects/characters/warborn/female/parts/pt/obj/wa_f_1pt201.chr)
<14:04:50> [112C1C6B][Warning] Cannot load texture game/ui/icon/ha_m_bo_cloth236.dds, file missing [File=game/ui/icon/ha_m_bo_cloth236.dds]
<14:04:51> [5F89E60D][Warning] non cached CDF(game/objects/characters/warborn/female/parts/hm/cloth/hm_cloth026/wa_f_hm_cloth026.cdf)
<14:04:51> [CA175C82][Warning] non-stream IO. system(Material), filePath(game/objects/characters/warborn/female/parts/hm/cloth/hm_cloth026/wa_f_hm_cloth026.mtl)
<14:04:51> [637AF710][Warning] missing chr material : game/objects/characters/warborn/female/parts/hm/obj/wa_f_hm_cloth026.mtl (chr: game/objects/characters/warborn/female/parts/hm/obj/wa_f_1hm108.chr)
<14:04:54> [3305346E][Warning] Can't load image 'objects/Characters/texture/gv/037ff359c6daefb445555c28959f11e511521a99_sp.dds'. 
<14:04:58> [CA175C82][Warning] non-stream IO. system(Material), filePath(game/objects/characters/warborn/female/parts/all/leather/leather095/wa_f_hm_leather095.mtl)
<14:05:01> [D2B566FF][Warning] Cannot load texture objects/Characters/texture/gv/037ff359c6daefb445555c28959f11e511521a99_sp.dds, file missing [File=objects/Characters/texture/gv/037ff359c6daefb445555c28959f11e511521a99_sp.dds]
<14:05:01> [3305346E][Warning] Can't load image 'objects/Characters/texture/gv/037ff359c6daefb445555c28959f11e511521a99_sp.dds'. 
<14:05:01> [5F89E60D][Warning] non cached CDF(game/objects/characters/warborn/female/parts/bo/cloth/bo_cloth236/wa_f_bo_cloth236.cdf)
<14:05:01> [637AF710][Warning] missing chr material : game/objects/characters/warborn/female/parts/bo/obj/wa_f_bo_cloth236.mtl (chr: game/objects/characters/warborn/female/parts/bo/obj/wa_f_1bo501.chr)
<14:05:05> [CA175C82][Warning] non-stream IO. system(Material), filePath(game/objects/characters/warborn/female/parts/ar/cloth/ar_cloth239/wa_f_ar_cloth239.mtl)
<14:05:07> [5F89E60D][Warning] non cached CDF(game/objects/characters/warborn/female/parts/ar/cloth/ar_cloth240/wa_f_ar_cloth240.cdf)
<14:05:07> [637AF710][Warning] missing chr material : game/objects/characters/warborn/female/parts/ar/obj/wa_f_ar_cloth542.mtl (chr: game/objects/characters/warborn/female/parts/ar/obj/wa_f_1ar402.chr)
<14:05:13> [CA175C82][Warning] non-stream IO. system(Material), filePath(game/objects/characters/warborn/female/parts/all/leather/leather095/wa_f_hm_leather095.mtl)
<14:05:20> [5F89E60D][Warning] non cached CDF(game/objects/characters/warborn/female/parts/ar/cloth/ar_cloth200/wa_f_ar_cloth200.cdf)
<14:05:20> [CA175C82][Warning] non-stream IO. system(Material), filePath(game/objects/characters/warborn/female/parts/ar/cloth/ar_cloth200/wa_f_ar_cloth200.mtl)
<14:05:20> [637AF710][Warning] missing chr material : game/objects/characters/warborn/female/parts/ar/obj/wa_f_ar_cloth200.mtl (chr: game/objects/characters/warborn/female/parts/ar/obj/wa_f_1ar605_1arm007_3sh005.chr)
<14:05:22> [2363981C][Warning] chr material is not precached : game/objects/characters/warborn/female/hair/wa_f_hair_common/wa_f_hair_common0102s_type3.mtl (chr: game/objects/characters/warborn/female/hair/wa_f_hair_common/wa_f_hair_common0102s_type3.chr)
<14:05:25> [CA175C82][Warning] non-stream IO. system(Material), filePath(game/objects/characters/warborn/female/costume/wa_f_sk_lord002/wa_f_sk_lord002.mtl)
<14:05:27> [5F89E60D][Warning] non cached CDF(game/objects/characters/warborn/female/costume/wa_f_sk_lord002/wa_f_sk_lord002_v102.cdf)
<14:05:34> [5F89E60D][Warning] non cached CDF(game/objects/characters/warborn/female/parts/hm/cloth/hm_cloth519/wa_f_hm_cloth519.cdf)
<14:05:34> [CA175C82][Warning] non-stream IO. system(Material), filePath(game/objects/characters/warborn/female/parts/hm/cloth/hm_cloth519/wa_f_hm_cloth519.mtl)
<14:05:34> [637AF710][Warning] missing chr material : game/objects/characters/warborn/female/parts/hm/obj/wa_f_hm_cloth519.mtl (chr: game/objects/characters/warborn/female/parts/hm/obj/wa_f_1hm203.chr)
<14:05:41> [5F89E60D][Warning] non cached CDF(game/objects/characters/warborn/female/costume/wa_f_sk_noble002/wa_f_sk_noble002.cdf)
<14:05:41> [CA175C82][Warning] non-stream IO. system(Material), filePath(game/objects/characters/warborn/female/costume/wa_f_sk_noble002/wa_f_sk_noble002.mtl)
<14:05:41> [2363981C][Warning] chr material is not precached : game/objects/characters/warborn/female/costume/wa_f_sk_noble001/wa_f_sk_noble001.mtl (chr: game/objects/characters/warborn/female/costume/wa_f_sk_noble001/wa_f_sk_noble001.chr)
<14:05:46> [2363981C][Warning] chr material is not precached : game/objects/characters/warborn/female/costume/wa_f_sk_lord006/wa_f_sk_lord006.mtl (chr: game/objects/characters/warborn/female/costume/wa_f_sk_lord006/wa_f_sk_lord006.chr)
<14:05:46> [CA175C82][Warning] non-stream IO. system(Material), filePath(game/objects/characters/warborn/female/costume/wa_f_sk_lord006/wa_f_sk_lord006.mtl)
<14:05:48> [5F89E60D][Warning] non cached CDF(game/objects/characters/warborn/female/costume/wa_f_sk_lord005/wa_f_sk_lord005_v101.cdf)
<14:05:59> [CA175C82][Warning] non-stream IO. system(Material), filePath(game/objects/characters/warborn/female/parts/hm/cloth/hm_cloth519/wa_f_hm_cloth519.mtl)
<14:05:59> [5F89E60D][Warning] non cached CDF(game/objects/characters/warborn/female/parts/ar/cloth/ar_cloth538/wa_f_ar_cloth538.cdf)
<14:06:01> [000004EE][Warning] Particle effect not found: 'game/abillity_skill_table_m.illusion.fear_form', from unknown 
<14:06:01> [5CE4EF2C][Warning] failed to load particle lib from (Libs/Particles/game/x2_effects.xml)
<14:06:01> [B95EE41B][Error] invalid parent unit id(123733)
<14:06:05> [5F89E60D][Warning] non cached CDF(game/objects/characters/warborn/female/parts/pt/cloth/pt_cloth540/wa_f_pt_cloth540.cdf)
<14:06:05> [CA175C82][Warning] non-stream IO. system(Material), filePath(game/objects/characters/warborn/female/parts/pt/cloth/pt_cloth540/wa_f_pt_cloth540.mtl)
<14:06:05> [637AF710][Warning] missing chr material : game/objects/characters/warborn/female/parts/pt/obj/wa_f_pt_cloth541.mtl (chr: game/objects/characters/warborn/female/parts/pt/obj/wa_f_1pt001.chr)
<14:06:11> [2363981C][Warning] chr material is not precached : game/objects/characters/warborn/female/costume/wa_f_sk_swimsuit008/wa_f_sk_swimsuit008.mtl (chr: game/objects/characters/warborn/female/costume/wa_f_sk_swimsuit008/wa_f_sk_swimsuit008.chr)
<14:06:11> [CA175C82][Warning] non-stream IO. system(Material), filePath(game/objects/characters/warborn/female/costume/wa_f_sk_swimsuit008/wa_f_sk_swimsuit008.mtl)
<14:06:13> [5F89E60D][Warning] non cached CDF(game/objects/characters/warborn/female/costume/wa_f_sk_swimsuit009/wa_f_sk_swimsuit009.cdf)
<14:06:16> [CA175C82][Warning] non-stream IO. system(Material), filePath(game/objects/characters/warborn/female/costume/wa_f_sk_marinecasual003/wa_f_sk_marinecasual003.mtl)
<14:06:16> [2363981C][Warning] chr material is not precached : game/objects/characters/warborn/female/costume/wa_f_sk_marinecasual001/wa_f_sk_marinecasual001.mtl (chr: game/objects/characters/warborn/female/costume/wa_f_sk_marinecasual001/wa_f_sk_marinecasual001.chr)
<14:06:19> [5F89E60D][Warning] non cached CDF(game/objects/characters/warborn/female/costume/wa_f_sk_marinecasual002/wa_f_sk_marinecasual002.cdf)
<14:06:22> [CA175C82][Warning] non-stream IO. system(Material), filePath(game/objects/characters/warborn/female/costume/wa_f_sk_lord006/wa_f_sk_lord006_v101.mtl)
<14:06:24> [2363981C][Warning] chr material is not precached : game/objects/characters/warborn/female/costume/wa_f_sk_marine001/wa_f_sk_marine001.mtl (chr: game/objects/characters/warborn/female/costume/wa_f_sk_marine001/wa_f_sk_marine001.chr)
<14:06:28> [5F89E60D][Warning] non cached CDF(game/objects/characters/warborn/female/costume/wa_f_sk_lord005/wa_f_sk_lord005_v103.cdf)
<14:06:28> [CA175C82][Warning] non-stream IO. system(Material), filePath(game/objects/characters/warborn/female/costume/wa_f_sk_lord005/wa_f_sk_lord005_v103.mtl)
<14:06:33> [2363981C][Warning] chr material is not precached : game/objects/characters/warborn/female/costume/wa_f_sk_maid001/wa_f_sk_maid001.mtl (chr: game/objects/characters/warborn/female/costume/wa_f_sk_maid001/wa_f_sk_maid001.chr)
<14:06:36> [5F89E60D][Warning] non cached CDF(game/objects/characters/warborn/female/costume/wa_f_sk_enginer002/wa_f_sk_enginer002.cdf)
<14:06:36> [CA175C82][Warning] non-stream IO. system(Material), filePath(game/objects/characters/warborn/female/costume/wa_f_sk_enginer002/wa_f_sk_enginer002.mtl)
<14:06:41> [CA175C82][Warning] non-stream IO. system(Material), filePath(game/objects/characters/warborn/female/parts/hm/cloth/hm_cloth519/wa_f_hm_cloth519.mtl)
<14:06:41> [5F89E60D][Warning] non cached CDF(game/objects/characters/warborn/female/parts/ar/leather/ar_leather504/wa_f_ar_leather504.cdf)
<14:06:41> [637AF710][Warning] missing chr material : game/objects/characters/warborn/female/parts/ar/obj/wa_f_ar_leather504.mtl (chr: game/objects/characters/warborn/female/parts/ar/obj/wa_f_1ar915_1arm033.chr)
<14:06:42> [B95EE41B][Error] invalid parent unit id(123733)
<14:06:47> [DFBFFC44][Warning] Cannot load texture game/ui/icon/nil, file missing [File=game/ui/icon/nil]
<14:06:48> [2363981C][Warning] chr material is not precached : game/objects/characters/warborn/female/costume/wa_f_sk_whitefox001/wa_f_sk_whitefox001.mtl (chr: game/objects/characters/warborn/female/costume/wa_f_sk_whitefox001/wa_f_sk_whitefox001.chr)
<14:06:48> [CA175C82][Warning] non-stream IO. system(Material), filePath(game/objects/characters/warborn/female/costume/wa_f_sk_whitefox001/wa_f_sk_whitefox001.mtl)
<14:06:50> [5F89E60D][Warning] non cached CDF(game/objects/characters/warborn/female/costume/wa_f_sk_snowman001/wa_f_sk_snowman001.cdf)
<14:06:50> Loading Particle Library: X2_effect_H
<14:06:50> [745BAE2F][Warning] failed to stream material xml(game/materials/effects/heffect/fx_snowsymblol1.mtl)
<14:06:54> [2363981C][Warning] chr material is not precached : game/objects/characters/warborn/female/costume/wa_f_sk_yata007/wa_f_sk_yata007.mtl (chr: game/objects/characters/warborn/female/costume/wa_f_sk_yata007/wa_f_sk_yata007.chr)
<14:06:54> [CA175C82][Warning] non-stream IO. system(Material), filePath(game/objects/characters/warborn/female/costume/wa_f_sk_yata007/wa_f_sk_yata007.mtl)
<14:07:02> [2363981C][Warning] chr material is not precached : game/objects/characters/warborn/female/costume/wa_f_sk_witch001/wa_f_sk_witch001.mtl (chr: game/objects/characters/warborn/female/costume/wa_f_sk_witch001/wa_f_sk_witch001.chr)
<14:07:02> [CA175C82][Warning] non-stream IO. system(Material), filePath(game/objects/characters/warborn/female/costume/wa_f_sk_witch001/wa_f_sk_witch001.mtl)
<14:07:26> [2363981C][Warning] chr material is not precached : game/objects/characters/warborn/female/costume/wa_f_sk_swimsuit017/wa_f_sk_swimsuit017.mtl (chr: game/objects/characters/warborn/female/costume/wa_f_sk_swimsuit017/wa_f_sk_swimsuit017.chr)
<14:07:26> [CA175C82][Warning] non-stream IO. system(Material), filePath(game/objects/characters/warborn/female/costume/wa_f_sk_swimsuit017/wa_f_sk_swimsuit017.mtl)
<14:07:34> [2363981C][Warning] chr material is not precached : game/objects/characters/warborn/female/costume/wa_f_sk_hanbok001/wa_f_sk_hanbok001.mtl (chr: game/objects/characters/warborn/female/costume/wa_f_sk_hanbok001/wa_f_sk_hanbok001.chr)
<14:07:34> [CA175C82][Warning] non-stream IO. system(Material), filePath(game/objects/characters/warborn/female/costume/wa_f_sk_hanbok001/wa_f_sk_hanbok001.mtl)
<14:07:36> [1E5A85CF][Warning] Cannot load texture game/objects/characters/nuian/female/costume/nu_f_sk_death_angel001/untitled-1_mask.dds, file missing [File=game/objects/characters/nuian/female/costume/nu_f_sk_death_angel001/untitled-1_mask.dds]
<14:07:41> [2363981C][Warning] chr material is not precached : game/objects/characters/warborn/female/costume/wa_f_sk_street001/wa_f_sk_street001.mtl (chr: game/objects/characters/warborn/female/costume/wa_f_sk_street001/wa_f_sk_street001.chr)
<14:07:41> [CA175C82][Warning] non-stream IO. system(Material), filePath(game/objects/characters/warborn/female/costume/wa_f_sk_street001/wa_f_sk_street001.mtl)
<14:07:50> [5F89E60D][Warning] non cached CDF(game/objects/characters/warborn/female/costume/wa_f_sk_blackbear001/wa_f_sk_blackbear001_dyeing.cdf)
<14:07:50> [CA175C82][Warning] non-stream IO. system(Material), filePath(game/objects/characters/warborn/female/costume/wa_f_sk_blackbear001/wa_f_sk_blackbear001_dyeing.mtl)
<14:07:50> [2363981C][Warning] chr material is not precached : game/objects/characters/warborn/female/costume/wa_f_sk_blackbear001/wa_f_sk_blackbear001.mtl (chr: game/objects/characters/warborn/female/costume/wa_f_sk_blackbear001/wa_f_sk_blackbear001.chr)
<14:07:55> [2363981C][Warning] chr material is not precached : game/objects/characters/warborn/female/costume/wa_f_sk_alice001/wa_f_sk_alice001.mtl (chr: game/objects/characters/warborn/female/costume/wa_f_sk_alice001/wa_f_sk_alice001.chr)
<14:07:55> [CA175C82][Warning] non-stream IO. system(Material), filePath(game/objects/characters/warborn/female/costume/wa_f_sk_alice001/wa_f_sk_alice001.mtl)
<14:07:55> [CF1423D8][Warning] Cannot load texture game/objects/characters/nuian/male/costume/nu_m_sk_alice001/nu_m_sk_alice001_mask.dds, file missing [File=game/objects/characters/nuian/male/costume/nu_m_sk_alice001/nu_m_sk_alice001_mask.dds]
<14:07:55> [D64B978C][Warning] Error: CShaderMan::mfCreateShaderResources: Couldn't find custom secondary texture 'game/objects/characters/nuian/male/costume/nu_m_sk_alice001/nu_m_sk_alice001_mask.dds' in path '' [File=game/objects/characters/nuian/male/costume/nu_m_sk_alice001/nu_m_sk_alice001_mask.dds]
<14:07:57> [5F89E60D][Warning] non cached CDF(game/objects/characters/warborn/female/costume/wa_f_sk_yata006/wa_f_sk_yata006_dyeing.cdf)
<14:08:00> [2363981C][Warning] chr material is not precached : game/objects/characters/warborn/female/costume/wa_f_sk_fullarmor001/wa_f_sk_fullarmor001.mtl (chr: game/objects/characters/warborn/female/costume/wa_f_sk_fullarmor001/wa_f_sk_fullarmor001.chr)
<14:08:00> [CA175C82][Warning] non-stream IO. system(Material), filePath(game/objects/characters/warborn/female/costume/wa_f_sk_fullarmor001/wa_f_sk_fullarmor001.mtl)
<14:08:07> [2363981C][Warning] chr material is not precached : game/objects/characters/warborn/female/costume/wa_f_sk_tahyang001/wa_f_sk_tahyang001.mtl (chr: game/objects/characters/warborn/female/costume/wa_f_sk_tahyang001/wa_f_sk_tahyang001.chr)
<14:08:07> [CA175C82][Warning] non-stream IO. system(Material), filePath(game/objects/characters/warborn/female/costume/wa_f_sk_tahyang001/wa_f_sk_tahyang001.mtl)
<14:08:16> [2363981C][Warning] chr material is not precached : game/objects/characters/warborn/female/costume/wa_f_sk_russia001/wa_f_sk_russia001.mtl (chr: game/objects/characters/warborn/female/costume/wa_f_sk_russia001/wa_f_sk_russia001.chr)
<14:08:16> [CA175C82][Warning] non-stream IO. system(Material), filePath(game/objects/characters/warborn/female/costume/wa_f_sk_russia001/wa_f_sk_russia001.mtl)
<14:08:18> [9C3B69E3][Warning] Cannot load texture game/ui/icon/costume_set
u_m_sk_gudetama001.dds, file missing [File=game/ui/icon/costume_set
u_m_sk_gudetama001.dds]
<14:08:21> [82321C2B][Warning] [net 18:08:21.655] [time] remote time estimation restarted; estimate accumulator age was 3.227338
<14:08:26> [50CE24AB][Warning] Cannot load texture game/ui/icon/costume_ar
u_f_ar_leather096.dds, file missing [File=game/ui/icon/costume_ar
u_f_ar_leather096.dds]
<14:08:29> [5F89E60D][Warning] non cached CDF(game/objects/characters/warborn/female/parts/hm/cloth/hm_cloth549/wa_f_hm_cloth549.cdf)
<14:08:29> [CA175C82][Warning] non-stream IO. system(Material), filePath(game/objects/characters/warborn/female/parts/hm/cloth/hm_cloth549/wa_f_hm_cloth549.mtl)
<14:08:29> [637AF710][Warning] missing chr material : game/objects/characters/warborn/female/parts/hm/obj/nu_m_5hm018.mtl (chr: game/objects/characters/warborn/female/parts/hm/obj/wa_f_5hm018.chr)
<14:08:29> [2363981C][Warning] chr material is not precached : game/objects/characters/warborn/female/parts/all/leather/leather096/wa_f_hm_leather096.mtl (chr: game/objects/characters/warborn/female/parts/all/leather/leather096/wa_f_hm_leather096.chr)
<14:08:49> [82321C2B][Warning] [net 18:08:49.724] [time] remote time estimation restarted; estimate accumulator age was 9.879525
<14:08:51> [2363981C][Warning] chr material is not precached : game/objects/characters/warborn/female/costume/wa_f_sk_yukata001/wa_f_sk_yukata001.mtl (chr: game/objects/characters/warborn/female/costume/wa_f_sk_yukata001/wa_f_sk_yukata001.chr)
<14:08:51> [CA175C82][Warning] non-stream IO. system(Material), filePath(game/objects/characters/warborn/female/costume/wa_f_sk_yukata001/wa_f_sk_yukata001.mtl)
<14:09:07> [82321C2B][Warning] [net 18:09:07.069] [time] remote time estimation restarted; estimate accumulator age was 10.077679
<14:09:10> [CA175C82][Warning] non-stream IO. system(Material), filePath(game/objects/characters/warborn/female/parts/hm/cloth/hm_cloth549/wa_f_hm_cloth549.mtl)
<14:09:12> [2363981C][Warning] chr material is not precached : game/objects/characters/warborn/female/parts/all/leather/leather098/wa_f_hm_leather098.mtl (chr: game/objects/characters/warborn/female/parts/all/leather/leather098/wa_f_hm_leather098.chr)
<14:09:15> [82321C2B][Warning] [net 18:09:15.842] [time] remote time estimation restarted; estimate accumulator age was 3.464826
<14:09:26> [DFD6BD4D][Warning] Cannot load texture game/ui/icon/costume_set
u_f_in_pants010.dds, file missing [File=game/ui/icon/costume_set
u_f_in_pants010.dds]
<14:09:39> [E32C91B7][Warning] Cannot load texture game/ui/icon/costume_cp
u_m_cp_cloth072.dds, file missing [File=game/ui/icon/costume_cp
u_m_cp_cloth072.dds]
<14:09:44> [2363981C][Warning] chr material is not precached : game/objects/characters/warborn/female/horns/wa_f_horns002/wa_f_horns002.mtl (chr: game/objects/characters/warborn/female/horns/wa_f_horns002/wa_f_horns002.chr)
<14:09:44> [CA175C82][Warning] non-stream IO. system(Material), filePath(game/objects/characters/warborn/female/horns/wa_f_horns002/wa_f_horns002.mtl)
<14:09:44> [5F89E60D][Warning] non cached CDF(game/objects/characters/warborn/female/parts/ar/metal/ar_metal172/wa_f_ar_metal172.cdf)
<14:09:44> [637AF710][Warning] missing chr material : game/objects/characters/warborn/female/parts/ar/obj/wa_f_ar_metal177.mtl (chr: game/objects/characters/warborn/female/parts/ar/obj/wa_f_4sh047_5ar203.chr)
<14:09:49> [5F89E60D][Warning] non cached CDF(game/objects/characters/warborn/female/parts/bo/metal/bo_metal172/wa_f_bo_metal172.cdf)
<14:09:49> [CA175C82][Warning] non-stream IO. system(Material), filePath(game/objects/characters/warborn/female/parts/bo/metal/bo_metal172/wa_f_bo_metal172.mtl)
<14:09:49> [637AF710][Warning] missing chr material : game/objects/characters/warborn/female/parts/bo/obj/wa_f_bo_metal171.mtl (chr: game/objects/characters/warborn/female/parts/bo/obj/wa_f_4bo303.chr)
<14:09:56> [5F89E60D][Warning] non cached CDF(game/objects/characters/warborn/female/parts/pt/metal/pt_metal176/wa_f_pt_metal176.cdf)
<14:09:56> [CA175C82][Warning] non-stream IO. system(Material), filePath(game/objects/characters/warborn/female/parts/pt/metal/pt_metal176/wa_f_pt_metal176.mtl)
<14:10:03> [813DC545][Warning] Cannot load texture game/ui/icon/costume_pt
u_m_pt_leather095.dds, file missing [File=game/ui/icon/costume_pt
u_m_pt_leather095.dds]
<14:10:06> [5F89E60D][Warning] non cached CDF(game/objects/characters/warborn/female/parts/hm/cloth/hm_cloth542/wa_f_hm_cloth542.cdf)
<14:10:06> [CA175C82][Warning] non-stream IO. system(Material), filePath(game/objects/characters/warborn/female/parts/hm/cloth/hm_cloth542/wa_f_hm_cloth542.mtl)
<14:10:06> [637AF710][Warning] missing chr material : game/objects/characters/warborn/female/parts/hm/obj/Material #85.mtl (chr: game/objects/characters/warborn/female/parts/hm/obj/wa_f_5hm014.chr)
<14:10:12> [5F89E60D][Warning] non cached CDF(game/objects/characters/warborn/female/parts/hm/cloth/hm_cloth523/wa_f_hm_cloth523.cdf)
<14:10:12> [CA175C82][Warning] non-stream IO. system(Material), filePath(game/objects/characters/warborn/female/parts/hm/cloth/hm_cloth523/wa_f_hm_cloth523.mtl)
<14:10:12> [637AF710][Warning] missing chr material : game/objects/characters/warborn/female/parts/hm/obj/wa_f_hm_cloth523.mtl (chr: game/objects/characters/warborn/female/parts/hm/obj/wa_f_1hm217.chr)
<14:10:18> [5F89E60D][Warning] non cached CDF(game/objects/characters/warborn/female/parts/hm/cloth/hm_cloth545/wa_f_hm_cloth545.cdf)
<14:10:18> [CA175C82][Warning] non-stream IO. system(Material), filePath(game/objects/characters/warborn/female/parts/hm/cloth/hm_cloth545/wa_f_hm_cloth545.mtl)
<14:10:18> [637AF710][Warning] missing chr material : game/objects/characters/warborn/female/parts/hm/obj/Material #28.mtl (chr: game/objects/characters/warborn/female/parts/hm/obj/wa_f_5hm017.chr)
<14:10:23> [5F89E60D][Warning] non cached CDF(game/objects/characters/warborn/female/parts/all/cloth/cloth171/wa_f_pt_cloth171.cdf)
<14:10:23> [CA175C82][Warning] non-stream IO. system(Material), filePath(game/objects/characters/warborn/female/parts/all/cloth/cloth171/wa_f_pt_cloth171.mtl)
<14:10:23> [2363981C][Warning] chr material is not precached : game/objects/characters/warborn/female/parts/all/cloth/cloth173/wa_f_pt_cloth173.mtl (chr: game/objects/characters/warborn/female/parts/all/cloth/cloth173/wa_f_pt_cloth173.chr)
<14:11:05> [C53E6FFE][Warning] non cached CDF material(objects/Characters/animals/pangolin/pangolin_grey/pangolin_grey.mtl, game/objects/characters/animals/pangolin/pangolin_grey/pangolin_grey.cdf)
<14:11:05> [CA175C82][Warning] non-stream IO. system(Material), filePath(game/objects/characters/animals/pangolin/pangolin_grey/pangolin_grey.mtl)
<14:11:05> [2363981C][Warning] chr material is not precached : game/objects/characters/animals/pangolin/pangolin_red/Pangolin_red.mtl (chr: game/objects/characters/animals/pangolin/pangolin_red/pangolin_red.chr)
<14:11:05> [CE2F4035][Warning] chr physical geom is not precached. (game/objects/characters/animals/pangolin/pangolin_red/pangolin_red.chr)
<14:11:05> [676D2B24][Warning] non-cached LMG xml. (animations/animals/pangolin/lmg_files/fist_mo_normal_walk.lmg)
<14:11:06> [63ABB424][Warning] Facial sequence "fist_ac_whistle" not listed in CAL file for character "game/objects/characters/warborn/female/nude/wa_f_base.chr".
<14:11:06> [A13C772D][Warning] Cannot load texture ui/font_color.g, Image file format is invalid [File=ui/font_color.g]
<14:11:08> [B95EE41B][Error] invalid parent unit id(109246)
<14:11:10> [DE20B351][Warning] Flow Graph Node targets unknown entity guid: 4b2fb81ffe6b0dc9
<14:11:11> [A4D70365][Warning] rigid-body own-entity; prefab=Prefabs/interaction_c.xml/furniture.aquarium_b_fish node=AnimObject_38
<14:11:11> [2E1BA356][Warning] Cannot load texture game/objects/env/01_nuia/001_housing/housing_furniture/hs_fepee_moodlight_won_df.dds, file missing [File=game/objects/env/01_nuia/001_housing/housing_furniture/hs_fepee_moodlight_won_df.dds]
<14:11:18> [62232BEA][Warning] deferred xml stream error - game/animations/animals/piggy/lmg_files/normal_run.lmg : f0000003
<14:11:20> [745BAE2F][Warning] failed to stream material xml(game/objects/env/01_nuia/001_housing/housing_furniture/Standard_13.mtl)
<14:11:20> [F9A4BDC6][Warning] Cannot load texture game/objects/env/01_nuia/001_housing/housing_furniture/hf_aliceset_light_a_ddn2.dds, file missing [File=game/objects/env/01_nuia/001_housing/housing_furniture/hf_aliceset_light_a_ddn2.dds]
<14:11:23> [BCCDC555][Warning] MakeSprite - too many sprite update (10). dropping.. (sprites : 59)
<14:11:24> [A4D70365][Warning] rigid-body own-entity; prefab=prefabs/interaction_c.xml/furniture.baby_cat_c node=AnimObject_144
<14:11:25> [F724A392][Error] CryAnimation:: Trying to load animation with alias "fist_ba_relaxed_idle_rand_2" from file "animations/animals/welsh_corgi/fist/fist_ba_relaxed_idle_rand.caf" into the animation container. Such animation alias already exists and uses file "animations/animals/welsh_corgi/fist/fist_ba_relaxed_idle_rand_2.caf". Please use another animation alias.
<14:15:41> [BCCDC555][Warning] MakeSprite - too many sprite update (10). dropping.. (sprites : 98)
<14:18:57> [000004EE][Warning] Particle effect not found: 'game/abillity_skill_table_m.fight.full_dot_end', from unknown 
<14:18:57> [5CE4EF2C][Warning] failed to load particle lib from (Libs/Particles/game/ability_skill_table_k.xml)
<14:18:57> [745BAE2F][Warning] failed to stream material xml(game/objects/characters/warborn/female/parts/gv/obj/wa_f_gv_cloth160.mtl)
<14:18:57> [637AF710][Warning] missing chr material : game/objects/characters/warborn/female/parts/bo/obj/wa_f_bo_cloth160.mtl (chr: game/objects/characters/warborn/female/parts/bo/obj/wa_f_1bo403.chr)
<14:18:57> [CA175C82][Warning] non-stream IO. system(Material), filePath(game/objects/characters/warborn/female/horns/wa_f_horns011/wa_f_horns011_hc03.mtl)
<14:18:59> [BCCDC555][Warning] MakeSprite - too many sprite update (10). dropping.. (sprites : 135)
<14:19:01> [7B1A973B] seamless loading cell terrain(W23, 1), (L6, 1)
<14:19:02> [7B1A973B] seamless loading cell terrain(W24, 2), (L7, 2)
<14:19:05> [B95EE41B][Error] invalid parent unit id(109246)
<14:19:06> [A4D70365][Warning] rigid-body own-entity; prefab=Prefabs/interaction_c.xml/furniture.aquarium_a_fish node=AnimObject_38
<14:19:12> [3EF08C47] seamless loading cell object(W22, 2), (L5, 2)
<14:19:13> [3EF08C47] seamless loading cell object(W23, 3), (L6, 3)
<14:19:13> [CA175C82][Warning] non-stream IO. system(Material), filePath(game/materials/misc/rope/rope_fishing.mtl)
<14:19:14> [F9376E0D][Warning] [flow] FG-0x91853DE4-Entity 'AnimObject_19' was destroyed with pending updates/activations. Report follows...
<14:19:14> [A8F1529E][Warning] [flow] Pending nodes:
<14:19:14> [745BAE2F][Warning] failed to stream material xml(game/$picking.mtl)
<14:19:17> [637AF710][Warning] missing chr material : game/objects/characters/warborn/male/parts/bo/obj/wa_m_bo_leather499.mtl (chr: game/objects/characters/warborn/male/parts/bo/obj/wa_m_1bo201.chr)
<14:19:17> [B866A294] seamless unloading cell terrain(W17, 23), (L0, 6)
<14:19:19> [745BAE2F][Warning] failed to stream material xml(game/$picking.mtl)
<14:19:19> [4AE32E73][Warning] Cannot load texture game/objects/env/01_nuia/001_housing/housing_house/housing_small_newhouse/housing_small_newhouse_03/housing_small_newhouse_03_floor_ddn.dds, file missing [File=game/objects/env/01_nuia/001_housing/housing_house/housing_small_newhouse/housing_small_newhouse_03/housing_small_newhouse_03_floor_ddn.dds]
<14:19:19> [EBF8A645][Warning] Error: CShaderMan::mfCreateShaderResources: Couldn't find detail texture
'Game/objects/Env/01_nuia/001_housing/housing_house/housing_small_newhouse/housing_small_newhouse_03/housing_small_newhouse_03_floor_ddn.dds' in path '' [File=Game/objects/Env/01_nuia/001_housing/housing_house/housing_small_newhouse/housing_small_newhouse_03/housing_small_newhouse_03_floor_ddn.dds]
<14:19:19> [CA175C82][Warning] non-stream IO. system(Material), filePath(game/materials/misc/rope/rope_fishing.mtl)
<14:19:20> [F9376E0D][Warning] [flow] FG-0x91855644-Entity 'AnimObject_19' was destroyed with pending updates/activations. Report follows...
<14:19:20> [A8F1529E][Warning] [flow] Pending nodes:
<14:19:20> [DE20B351][Warning] Flow Graph Node targets unknown entity guid: 4aeefc04e8c803c0
<14:19:22> [637AF710][Warning] missing chr material : game/objects/characters/warborn/female/parts/pt/obj/wa_f_pt_leather161.mtl (chr: game/objects/characters/warborn/female/parts/pt/obj/wa_f_1pt614_3th004.chr)
<14:19:24> [CA175C82][Warning] non-stream IO. system(Material), filePath(game/materials/misc/rope/rope_fishing.mtl)
<14:19:29> [000004EE][Warning] I3DEngine::RegisterEntity: entity reports invalid position: Name: LightEntityName (), Class: LightEntityClass, Pos=(-2033.8,7060.4,1625.1), aabb center=(4417.1,4793.2,126.5)
<14:19:29> [000004EE][Warning] [CGF Error] game/objects/env/01_nuia/001_ncom/ncom_xmas_musicbox.cga [:] Duplicate LOD helper $lod1 ncom_xmas_musicbox_top
<14:19:29> [A4D70365][Warning] rigid-body own-entity; prefab=prefabs/housing_furniture_props.xml/fishbowl.fishbowl_a node=AnimObject_39
<14:19:29> [76F614F6][Warning] Cannot load texture game/textures/cubemaps/a1_cm2.dds, file missing [File=game/textures/cubemaps/a1_cm2.dds]
<14:19:31> [1D603D28][Warning] Failed to stream CAF-file [File=animations/env/01_nuia/001_housing/rava_chair_b/fist_ba_combat_idle.caf]
<14:19:31> [DE20B351][Warning] Flow Graph Node targets unknown entity guid: 45671b71c0b06ecd
<14:19:36> [000004EE][Warning] Particle effect not found: 'game/abillity_skill_table_m.wild.poison_shot_hit', from unknown 
<14:19:36> [745BAE2F][Warning] failed to stream material xml(game/objects/characters/warborn/female/parts/bo/obj/wa_f_bo_leather179.mtl)
<14:19:36> [637AF710][Warning] missing chr material : game/objects/characters/warborn/female/parts/gv/obj/wa_f_gv_leather179.mtl (chr: game/objects/characters/warborn/female/parts/gv/obj/wa_f_2gv102.chr)
<14:19:36> [CA175C82][Warning] non-stream IO. system(Material), filePath(game/objects/effects/keffect/m_enchant1_pink_m.mtl)
<14:19:37> [000004EE][Warning] [CGF Error] game/objects/env/01_nuia/001_ndeco/ndeco_dboss.cgf [:] LOD1 of geometry  contains too many polygons comparing to the LOD0 [2373 against 3082] :
<14:19:38> [000004EE][Warning] I3DEngine::RegisterEntity: entity reports invalid position: Name: LightEntityName (), Class: LightEntityClass, Pos=(-1981.0,7063.1,1625.5), aabb center=(4464.2,4772.6,137.6)
<14:19:38> [65FCEDA3][Warning] Cannot load texture game/objects/env/01_nuia/001_housing/housing_furniture/rava_bed_sp.dds, file missing [File=game/objects/env/01_nuia/001_housing/housing_furniture/rava_bed_sp.dds]
<14:19:40> [BCCDC555][Warning] MakeSprite - too many sprite update (10). dropping.. (sprites : 35)
<14:19:50> [745BAE2F][Warning] failed to stream material xml(game/materials/effects/fume_h_ssd.mtl)
<14:19:52> [000004EE][Warning] Particle effect not found: 'game/ability_skill_table_k.p_skill_love.recovery_seed_form', from unknown 
<14:19:52> [CA175C82][Warning] non-stream IO. system(Material), filePath(game/objects/effects/keffect/m_enchant1_pink_s.mtl)
<14:19:52> [000004EE][Warning] I3DEngine::RegisterEntity: entity reports invalid position: Name: LightEntityName (), Class: LightEntityClass, Pos=(-1955.2,7084.7,1608.0), aabb center=(4480.9,4758.1,137.1)
<14:19:52> [000004EE][Warning] [CGF Error] game/objects/env/01_nuia/001_housing/housing_furniture/hs_f_safe_e.cgf [:] non-uniform scale(1.00, 1.03, 1.00) at node(hs_f_safe_e)
<14:19:53> [F9376E0D][Warning] [flow] FG-0x6244C7DC-Entity 'AnimObject_19' was destroyed with pending updates/activations. Report follows...
<14:19:53> [A8F1529E][Warning] [flow] Pending nodes:
<14:20:14> [F9376E0D][Warning] [flow] FG-0x6244C1C4-Entity 'AnimObject_19' was destroyed with pending updates/activations. Report follows...
<14:20:14> [A8F1529E][Warning] [flow] Pending nodes:
<14:20:16> [A4D70365][Warning] rigid-body own-entity; prefab=prefabs/interaction_c.xml/furniture.kraken_prop_am node=AnimObject_144
<14:20:20> [000004EE][Warning] [CGF Error] game/objects/item/interaction/dragon_statue/dragon_tree_statue.cgf [:] LOD1 of geometry  contains too many polygons comparing to the LOD0 [1622 against 2418] :
<14:20:20> [F9376E0D][Warning] [flow] FG-0x6244CDF4-Entity 'AnimObject_19' was destroyed with pending updates/activations. Report follows...
<14:20:20> [A8F1529E][Warning] [flow] Pending nodes:
<14:20:25> [DE20B351][Warning] Flow Graph Node targets unknown entity guid: 4289bfcd2c1667f4
<14:20:27> [F9376E0D][Warning] [flow] FG-0x918569C4-Entity 'AnimObject_119' was destroyed with pending updates/activations. Report follows...
<14:20:27> [A8F1529E][Warning] [flow] Pending nodes:
<14:20:27> [A7901A9A][Warning] Cannot load texture game/objects/env/02_harihara/01_ma/ma_tant02_ddn.dds, file missing [File=game/objects/env/02_harihara/01_ma/ma_tant02_ddn.dds]
<14:20:27> [745BAE2F][Warning] failed to stream material xml(game/$picking.mtl)
<14:20:28> [A4D70365][Warning] rigid-body own-entity; prefab=Prefabs/interaction_c.xml/furniture.aquarium_b_fish node=AnimObject_38
<14:20:29> [000004EE][Warning] [Lua] invalid style type...  / brown
<14:20:38> [000004EE][Warning] I3DEngine::RegisterEntity: entity reports invalid position: Name: LightEntityName (), Class: LightEntityClass, Pos=(-1973.7,7233.4,1549.2), aabb center=(4431.9,4792.6,131.3)
<14:20:57> [CFFE1C46][Error] Error streaming texture: Error 'Offset out of range', Texture: game/objects/characters/animals/cat_baby_pet/cat_baby_pet_df.dds
<14:21:43> [CE0EF930][Warning] failed to stream cgf : objects/effects/portal_gate.cgf
<14:22:40> [646DBCFB][Warning] Animation-queue overflow. More then 17 entries. This is a serious performance problem. game/objects/env/01_nuia/06_mari/mari_city_templein_censer_small.chr
<14:22:53> [646DBCFB][Warning] Animation-queue overflow. More then 17 entries. This is a serious performance problem. game/objects/env/01_nuia/06_mari/mari_city_templein_censer_small.chr
<14:22:58> [646DBCFB][Warning] Animation-queue overflow. More then 17 entries. This is a serious performance problem. game/objects/env/01_nuia/06_mari/mari_city_templein_censer_small.chr
<14:23:03> [646DBCFB][Warning] Animation-queue overflow. More then 17 entries. This is a serious performance problem. game/objects/env/01_nuia/06_mari/mari_city_templein_censer_small.chr
<14:23:16> [646DBCFB][Warning] Animation-queue overflow. More then 17 entries. This is a serious performance problem. game/objects/env/01_nuia/06_mari/mari_city_templein_censer_small.chr
<14:23:22> [646DBCFB][Warning] Animation-queue overflow. More then 17 entries. This is a serious performance problem. game/objects/env/01_nuia/06_mari/mari_city_templein_censer_small.chr
<14:23:27> [646DBCFB][Warning] Animation-queue overflow. More then 17 entries. This is a serious performance problem. game/objects/env/01_nuia/06_mari/mari_city_templein_censer_small.chr
<14:23:40> [646DBCFB][Warning] Animation-queue overflow. More then 17 entries. This is a serious performance problem. game/objects/env/01_nuia/06_mari/mari_city_templein_censer_small.chr
<14:23:45> [646DBCFB][Warning] Animation-queue overflow. More then 17 entries. This is a serious performance problem. game/objects/env/01_nuia/06_mari/mari_city_templein_censer_small.chr
<14:24:03> [646DBCFB][Warning] Animation-queue overflow. More then 17 entries. This is a serious performance problem. game/objects/env/01_nuia/06_mari/mari_city_templein_censer_small.chr
<14:24:08> [646DBCFB][Warning] Animation-queue overflow. More then 17 entries. This is a serious performance problem. game/objects/env/01_nuia/06_mari/mari_city_templein_censer_small.chr
<14:24:13> [646DBCFB][Warning] Animation-queue overflow. More then 17 entries. This is a serious performance problem. game/objects/env/01_nuia/06_mari/mari_city_templein_censer_small.chr
<14:24:27> [646DBCFB][Warning] Animation-queue overflow. More then 17 entries. This is a serious performance problem. game/objects/env/01_nuia/06_mari/mari_city_templein_censer_small.chr
<14:24:32> [646DBCFB][Warning] Animation-queue overflow. More then 17 entries. This is a serious performance problem. game/objects/env/01_nuia/06_mari/mari_city_templein_censer_small.chr
<14:24:37> [646DBCFB][Warning] Animation-queue overflow. More then 17 entries. This is a serious performance problem. game/objects/env/01_nuia/06_mari/mari_city_templein_censer_small.chr
<14:24:50> [646DBCFB][Warning] Animation-queue overflow. More then 17 entries. This is a serious performance problem. game/objects/env/01_nuia/06_mari/mari_city_templein_censer_small.chr
<14:24:55> [646DBCFB][Warning] Animation-queue overflow. More then 17 entries. This is a serious performance problem. game/objects/env/01_nuia/06_mari/mari_city_templein_censer_small.chr
<14:24:58> [BCCDC555][Warning] MakeSprite - too many sprite update (10). dropping.. (sprites : 104)
<14:25:02> [B866A294] seamless unloading cell terrain(W17, 20), (L0, 3)
<14:25:02> [B866A294] seamless unloading cell terrain(W17, 21), (L0, 4)
<14:25:02> [B866A294] seamless unloading cell terrain(W17, 22), (L0, 5)
<14:25:02> [B866A294] seamless unloading cell terrain(W18, 19), (L1, 2)
<14:25:02> [B866A294] seamless unloading cell terrain(W18, 20), (L1, 3)
<14:25:02> [B866A294] seamless unloading cell terrain(W18, 21), (L1, 4)
<14:25:02> [B866A294] seamless unloading cell terrain(W18, 22), (L1, 5)
<14:25:02> [B866A294] seamless unloading cell terrain(W18, 23), (L1, 6)
<14:25:02> [B866A294] seamless unloading cell terrain(W18, 24), (L1, 7)
<14:25:02> [B866A294] seamless unloading cell terrain(W19, 18), (L2, 1)
<14:25:02> [B866A294] seamless unloading cell terrain(W19, 19), (L2, 2)
<14:25:02> [7AB931CE] seamless unloading cell object(W19, 20), (L2, 3)
<14:25:02> [4B1E8B22] unload cell object count : 0
<14:25:02> [B866A294] seamless unloading cell terrain(W19, 20), (L2, 3)
<14:25:02> [7AB931CE] seamless unloading cell object(W19, 21), (L2, 4)
<14:25:02> [4B1E8B22] unload cell object count : 0
<14:25:02> [B866A294] seamless unloading cell terrain(W19, 21), (L2, 4)
<14:25:02> [7AB931CE] seamless unloading cell object(W19, 22), (L2, 5)
<14:25:02> [4B1E8B22] unload cell object count : 4328
<14:25:02> [B866A294] seamless unloading cell terrain(W19, 22), (L2, 5)
<14:25:02> [7AB931CE] seamless unloading cell object(W19, 23), (L2, 6)
<14:25:02> [4B1E8B22] unload cell object count : 1094
<14:25:02> [B866A294] seamless unloading cell terrain(W19, 23), (L2, 6)
<14:25:02> [B866A294] seamless unloading cell terrain(W19, 24), (L2, 7)
<14:25:02> [B866A294] seamless unloading cell terrain(W20, 18), (L3, 1)
<14:25:02> [7AB931CE] seamless unloading cell object(W20, 19), (L3, 2)
<14:25:02> [4B1E8B22] unload cell object count : 0
<14:25:02> [B866A294] seamless unloading cell terrain(W20, 19), (L3, 2)
<14:25:02> [7AB931CE] seamless unloading cell object(W20, 20), (L3, 3)
<14:25:02> [4B1E8B22] unload cell object count : 0
<14:25:02> [B866A294] seamless unloading cell terrain(W20, 20), (L3, 3)
<14:25:02> [7AB931CE] seamless unloading cell object(W20, 21), (L3, 4)
<14:25:02> [4B1E8B22] unload cell object count : 538
<14:25:02> [B866A294] seamless unloading cell terrain(W20, 21), (L3, 4)
<14:25:02> [7AB931CE] seamless unloading cell object(W20, 22), (L3, 5)
<14:25:03> [4B1E8B22] unload cell object count : 2881
<14:25:03> [B866A294] seamless unloading cell terrain(W20, 22), (L3, 5)
<14:25:03> [7AB931CE] seamless unloading cell object(W20, 23), (L3, 6)
<14:25:03> [4B1E8B22] unload cell object count : 5342
<14:25:03> [B866A294] seamless unloading cell terrain(W20, 23), (L3, 6)
<14:25:03> [B866A294] seamless unloading cell terrain(W20, 24), (L3, 7)
<14:25:03> [B866A294] seamless unloading cell terrain(W21, 18), (L4, 1)
<14:25:03> [7AB931CE] seamless unloading cell object(W21, 19), (L4, 2)
<14:25:03> [4B1E8B22] unload cell object count : 0
<14:25:03> [B866A294] seamless unloading cell terrain(W21, 19), (L4, 2)
<14:25:03> [7AB931CE] seamless unloading cell object(W21, 20), (L4, 3)
<14:25:03> [4B1E8B22] unload cell object count : 0
<14:25:03> [B866A294] seamless unloading cell terrain(W21, 20), (L4, 3)
<14:25:03> [7AB931CE] seamless unloading cell object(W21, 21), (L4, 4)
<14:25:03> [4B1E8B22] unload cell object count : 1033
<14:25:03> [B866A294] seamless unloading cell terrain(W21, 21), (L4, 4)
<14:25:03> [7AB931CE] seamless unloading cell object(W21, 22), (L4, 5)
<14:25:03> [4B1E8B22] unload cell object count : 399
<14:25:03> [B866A294] seamless unloading cell terrain(W21, 22), (L4, 5)
<14:25:03> [7AB931CE] seamless unloading cell object(W21, 23), (L4, 6)
<14:25:03> [4B1E8B22] unload cell object count : 5081
<14:25:03> [B866A294] seamless unloading cell terrain(W21, 23), (L4, 6)
<14:25:03> [B866A294] seamless unloading cell terrain(W21, 24), (L4, 7)
<14:25:03> [B866A294] seamless unloading cell terrain(W22, 18), (L5, 1)
<14:25:03> [7AB931CE] seamless unloading cell object(W22, 19), (L5, 2)
<14:25:03> [4B1E8B22] unload cell object count : 0
<14:25:03> [B866A294] seamless unloading cell terrain(W22, 19), (L5, 2)
<14:25:03> [7AB931CE] seamless unloading cell object(W22, 20), (L5, 3)
<14:25:03> [4B1E8B22] unload cell object count : 0
<14:25:03> [B866A294] seamless unloading cell terrain(W22, 20), (L5, 3)
<14:25:03> [7AB931CE] seamless unloading cell object(W22, 21), (L5, 4)
<14:25:03> [4B1E8B22] unload cell object count : 262
<14:25:03> [B866A294] seamless unloading cell terrain(W22, 21), (L5, 4)
<14:25:03> [7AB931CE] seamless unloading cell object(W22, 22), (L5, 5)
<14:25:03> [4B1E8B22] unload cell object count : 296
<14:25:03> [B866A294] seamless unloading cell terrain(W22, 22), (L5, 5)
<14:25:03> [7AB931CE] seamless unloading cell object(W22, 23), (L5, 6)
<14:25:03> [4B1E8B22] unload cell object count : 2511
<14:25:03> [B866A294] seamless unloading cell terrain(W22, 23), (L5, 6)
<14:25:03> [B866A294] seamless unloading cell terrain(W22, 24), (L5, 7)
<14:25:03> [B866A294] seamless unloading cell terrain(W23, 18), (L6, 1)
<14:25:03> [B866A294] seamless unloading cell terrain(W23, 19), (L6, 2)
<14:25:03> [7AB931CE] seamless unloading cell object(W23, 20), (L6, 3)
<14:25:03> [4B1E8B22] unload cell object count : 0
<14:25:03> [B866A294] seamless unloading cell terrain(W23, 20), (L6, 3)
<14:25:03> [7AB931CE] seamless unloading cell object(W23, 21), (L6, 4)
<14:25:03> [4B1E8B22] unload cell object count : 0
<14:25:03> [B866A294] seamless unloading cell terrain(W23, 21), (L6, 4)
<14:25:03> [7AB931CE] seamless unloading cell object(W23, 22), (L6, 5)
<14:25:03> [4B1E8B22] unload cell object count : 1
<14:25:03> [B866A294] seamless unloading cell terrain(W23, 22), (L6, 5)
<14:25:03> [B866A294] seamless unloading cell terrain(W23, 23), (L6, 6)
<14:25:03> [B866A294] seamless unloading cell terrain(W23, 24), (L6, 7)
<14:25:03> [B866A294] seamless unloading cell terrain(W24, 19), (L7, 2)
<14:25:03> [B866A294] seamless unloading cell terrain(W24, 20), (L7, 3)
<14:25:03> [B866A294] seamless unloading cell terrain(W24, 21), (L7, 4)
<14:25:03> [B866A294] seamless unloading cell terrain(W24, 22), (L7, 5)
<14:25:03> [B866A294] seamless unloading cell terrain(W24, 23), (L7, 6)
<14:25:03> [963385F6] Level System - Loading Start
<14:25:03> [F9376E0D][Warning] [flow] FG-0x91856274-Entity 'AnimObject_19' was destroyed with pending updates/activations. Report follows...
<14:25:03> [A8F1529E][Warning] [flow] Pending nodes:
<14:25:03> [806B6F8D] precaching world entities ..
<14:25:03> [7E39E0DE] precaching world entities .. done!  total (1) objects
<14:25:03> [D2B280D6] Vegetation Manager : Loading World(arche_mall_world)
<14:25:03> [075AB92F] Vegetation Manager : Loading World - Done (total 55 vegetations)
<14:25:03> [000004EE][Error] CTerrain::LoadWorldSurfaces: Error loading material: materials/Terrain/gweonidforest/w_forest_road_a1
<14:25:03> [59CBED13][Warning] Cannot load texture textures/aa_terrain/canyon/tr_canyon_rock3d_405a_ddn.dds, file missing [File=textures/aa_terrain/canyon/tr_canyon_rock3d_405a_ddn.dds]
<14:25:03> [751FFB9E][Warning] Error: CShaderMan::mfCreateShaderResources: Couldn't find detail texture
'game/textures/aa_terrain/canyon/tr_canyon_rock_616a_ddn.tga' in path '' [File=game/textures/aa_terrain/canyon/tr_canyon_rock_616a_ddn.tga]
<14:25:03> [B9410AA1] total 603 terrain world surfaces loaded
<14:25:03> [280A47E3] Precached total 6 materials
<14:25:03> [7B1A973B] seamless loading cell terrain(W3, 3), (L0, 0)
<14:25:03> [7B1A973B] seamless loading cell terrain(W3, 4), (L0, 1)
<14:25:03> [7B1A973B] seamless loading cell terrain(W4, 4), (L1, 1)
<14:25:03> [7B1A973B] seamless loading cell terrain(W4, 3), (L1, 0)
<14:25:03> [3EF08C47] seamless loading cell object(W3, 3), (L0, 0)
<14:25:03> [3EF08C47] seamless loading cell object(W3, 4), (L0, 1)
<14:25:03> [CE0EF930][Warning] failed to stream cgf : objects/env/05_nature/08_cry_source/rocks/road_rocks/road_rocks_flat_grey_a.cgf
<14:25:03> [A4D70365][Warning] rigid-body own-entity; prefab=prefabs/interaction_c.xml/unit.speedcar_y node=body_1
<14:25:04> [3EF08C47] seamless loading cell object(W4, 4), (L1, 1)
<14:25:04> [3EF08C47] seamless loading cell object(W4, 3), (L1, 0)
<14:25:04> [12409CCC] Load Zone Finished
<14:25:04> [A6BCA44B][Warning] Error: CShaderMan::mfCreateShaderResources: Couldn't find custom secondary texture 'game/objects/env/01_nuia/001_housing/housing_furniture/test8.tif' in path '' [File=game/objects/env/01_nuia/001_housing/housing_furniture/test8.tif]
<14:25:04> [000004EE][Warning] [CGF Error] game/objects/env/01_nuia/001_housing/housing_furniture/housing_whiteset_light_b.cgf [:] non-uniform scale(1.00, 0.35, 1.00) at node(proxy)
<14:25:04> [000004EE][Warning] I3DEngine::RegisterEntity: entity reports invalid position: Name: LightEntityName (), Class: LightEntityClass, Pos=(-1702.9,7902.5,1247.6), aabb center=(4474.9,4806.0,130.7)
<14:25:04> [82321C2B][Warning] [net 18:25:04.703] [time] remote time estimation restarted; estimate accumulator age was 1.876229
<14:25:04> [A39C1725] Level System - Loading Complete
<14:25:04> [BB2687ED] precaching instance world CGF
<14:25:04> [9BE3F673] total 0 CGF files are precached
<14:25:05> [27293DED] -----------------------------------------------------
<14:25:05> [120C18F5] * LOADING: 'arche_mall' loading time: 2.11 seconds
<14:25:05> [27293DED] -----------------------------------------------------
<14:25:05> [2BFDEC33][Error] realstep 8, not match unit req
<14:25:05> [745BAE2F][Warning] failed to stream material xml(game/objects/env/01_nuia/001_ndeco/housing/mari_city_noryette_mansion.mtl)
<14:25:05> [BCCDC555][Warning] MakeSprite - too many sprite update (10). dropping.. (sprites : 53)
<14:25:05> [000004EE][Warning] Particle effect not found: 'game/abillity_skill_table_m.death.spell_move_form', from unknown 
<14:25:05> [5CE4EF2C][Warning] failed to load particle lib from (Libs/Particles/game/x2_effect_o.xml)
<14:25:06> [637AF710][Warning] missing chr material : game/objects/characters/elf/male/parts/gv/obj/el_m_gv_cloth231.mtl (chr: game/objects/characters/elf/male/parts/gv/obj/el_m_1gv201.chr)
<14:25:06> [000004EE][Warning] [CGF Error] game/objects/item/interaction/lord/nu_f_lord007/nu_f_sk_lord007.cgf [:] LOD1 of geometry  contains too many polygons comparing to the LOD0 [18604 against 20280] :
<14:25:06> [CA175C82][Warning] non-stream IO. system(Material), filePath(game/objects/effects/keffect/m_enchant2_yellow_l.mtl)
<14:25:06> [000004EE][Warning] Independent immortal particle effect spawned: X2_EFFECT_O.Interaction.enchant_wpn_range_honor_3g
<14:25:07> [4FC35136][Warning] Cannot load texture game/objects/characters/texture/cp/nu_m_cp_cloth044_df.dds, file missing [File=game/objects/characters/texture/cp/nu_m_cp_cloth044_df.dds]
<14:25:08> [000004EE][Warning] [CGF Error] game/objects/env/02_harihara/001_hdeco/hdeco_workprop_b01.cgf [:] LOD1 of geometry hdeco_workprop_b01 contains too many polygons comparing to the LOD0 [408 against 608] :
<14:25:09> [A4D70365][Warning] rigid-body own-entity; prefab=Prefabs/interaction_c.xml/furniture.aquarium_a_fish node=AnimObject_38
<14:25:11> [63ABB424][Warning] Facial sequence "fist_ac_whistle" not listed in CAL file for character "game/objects/characters/elf/male/nude/el_m_base.chr".
<14:25:11> Loading Particle Library: X2_EFFECT_KSW
<14:25:11> [745BAE2F][Warning] failed to stream material xml(game/objects/effects/ksw_effect/qilin.mtl)
<14:25:12> [B95EE41B][Error] invalid parent unit id(80740)
<14:25:15> [BCCDC555][Warning] MakeSprite - too many sprite update (10). dropping.. (sprites : 50)
<14:25:19> [B95EE41B][Error] invalid parent unit id(80740)
<14:25:20> [CA175C82][Warning] non-stream IO. system(Material), filePath(game/materials/decals/footstep_sand.mtl)
<14:25:36> [82321C2B][Warning] [net 18:25:36.862] [time] remote time estimation restarted; estimate accumulator age was 15.858495
