[801989E0] BackupNameAttachment=" Build(0) Date(28 September 2025) Time(13 05 05)"  -- used by backup system
[00000020]  
[38F38F32] Log Started at #c
[0232BD25] Running 32 bit version
[7AB6F5FE] Executable: C:\Games\AAClassic\bin32\archeage.exe
[E5C771AC] FileVersion: 3.5.0.0
[F799D55F] ProductVersion: 3.5.3.0
[1F1D6B13] Using Microsoft (tm) C++ Standard Library implementation
[00000020]  
[C7D96C80] Revision: 350000
[00000020]  
[64533E3E] this is the first client
<13:05:11> [B9197FD5][Error] ConsoleVariableGroup[option_effect] key[e_particles_lod_onoff] has no default
<13:05:11> [76666E6D] 
--- CPU detection ---
<13:05:11> [F4D992D8] CPU: AMD AMD Ryzen 7 7800X3D 8-Core Processor           
<13:05:11> [3F649B02] Family: 15, Model: 1, Stepping: 2
<13:05:11> [83D12E0B] FPU: On-Chip
<13:05:11> [50919DA0] CPU Speed (estimated): 4192.006531 MHz
<13:05:11> [C73FD83A] MMX: not present
<13:05:11> [89D1077A] SSE: present
<13:05:11> [64E2B6F1] 3DNow!: present
<13:05:11> [27B7AC6E] Serial number not present or disabled
<13:05:11> [1D2D8E5B] Number of logical processors: 16
<13:05:11> [FA658084] Number of available logical processors: 16
<13:05:11> [A1F061C2] Invariant Time Stamp Counter : yes
<13:05:11> [FA0251ED] ---------------------

<13:05:11> [03E7D838] Device Info
<13:05:11> [9F603516] Device Info - 1
<13:05:11> [9F603517] Device Info - 2
<13:05:11> [9F603518] Device Info - 3
<13:05:11> [9F603519] Device Info - 4
<13:05:11> [9F60351A] Device Info - 5
<13:05:11> [9F60351B] Device Info - 6
<13:05:11> [9F60351C] Device Info - 7
<13:05:11> [E98ECC28] Video Memory Info
<13:05:11> [D5FBE664] Video Memory - 1
<13:05:11> [D5FBE665] Video Memory - 2
<13:05:12> [D5FBE666] Video Memory - 3
<13:05:12> [D5FBE667] Video Memory - 4
<13:05:12> [D5FBE668] Video Memory - 5
<13:05:12> [D5FBE669] Video Memory - 6
<13:05:12> [D5FBE66A] Video Memory - 7
<13:05:12> [D5FBE66B] Video Memory - 8
<13:05:12> [3A4D54A2][Warning] config/gpu/amd.txt line 55 contains a multiple defined GPU rating!
<13:05:12> [D20872C0] InitThreadAffinities
<13:05:12> [2F28A434] UpdateMainThreadAffinity
<13:05:12> [16962512] Windows 8 64 bit (build 6.2.9200)
<13:05:12> [38DFF081] System language: English
<13:05:12> [861A0178] Windows Directory: "C:\windows"
<13:05:12> [341B54F1] Prerequisites...
<13:05:12> [5D1B3C9C] * Installation of KB940105 hotfix required: no! (either not needed or already installed)
<13:05:12> [E05B6D1A] Local time is 13:05:12 09/28/25, system running for 8152 minutes
<13:05:12> [8D5B77AE] 63426MB physical memory installed, 12117MB available, 4095MB virtual memory installed, 80 percent of memory in use
<13:05:12> [31259232] PageFile usage: 
<13:05:12> [453F0D1B] Current display mode is 2560x1440x32
<13:05:12> [8A64FCCC] IBM enhanced (101/102-key) keyboard and 3+ button mouse installed
<13:05:12> [CE30556B] ----- GPU Detection -----------------
<13:05:12> [03E7D838] Device Info
<13:05:12> [9F603516] Device Info - 1
<13:05:12> [9F603517] Device Info - 2
<13:05:12> [9F603518] Device Info - 3
<13:05:12> [9F603519] Device Info - 4
<13:05:12> [9F60351A] Device Info - 5
<13:05:12> [9F60351B] Device Info - 6
<13:05:12> [9F60351C] Device Info - 7
<13:05:12> [E98ECC28] Video Memory Info
<13:05:12> [D5FBE664] Video Memory - 1
<13:05:12> [D5FBE665] Video Memory - 2
<13:05:12> [D5FBE666] Video Memory - 3
<13:05:12> [D5FBE667] Video Memory - 4
<13:05:12> [D5FBE668] Video Memory - 5
<13:05:12> [D5FBE669] Video Memory - 6
<13:05:12> [D5FBE66A] Video Memory - 7
<13:05:12> [D5FBE66B] Video Memory - 8
<13:05:12> [99EA404A]  AMD Radeon RX 7800 XT (RADV NAVI32) (vendor = 0x1002, device = 0x747e, subSys = 0x00000000)
<13:05:12> [77718B6A] -- Video memory: 4081 MB
<13:05:12> [30DF1863] -- Minimum SM 2.0 support: yes
<13:05:12> [13E11956] -- DX11 supported: yes
<13:05:12> [50B60100] --------------------------------------------------------------------------------
<13:05:12> [5921EDBE] Stream Engine Initialization
<13:05:12> [BA0D559B] Splash: Initializing Stream Engine...
<13:05:12> [939F6EBB] Enable Resolutions : 0
<13:05:12> [A30A84B6] can't enum display resolution modes
<13:05:12> [B324CD25] Screen Resolution - 1024x768
<13:05:12> [3778EA0B] Screen Resolution - 0 (2560x1440)
<13:05:12> [A1B107F0] Screen Resolution - Test OK (2560x1440)
<13:05:12> [A9E4B0F2] Network initialization
<13:05:12> [BA0D559B] Splash: Initializing Network System...
<13:05:12> [14FAD233] Socket I/O by iocp
<13:05:12> [E36A4FB9] Physics initialization
<13:05:12> [BA0D559B] Splash: Initializing Physics...
<13:05:12> [2462D581] MovieSystem initialization
<13:05:12> [BA0D559B] Splash: Initializing Movie System...
<13:05:12> [93287AEC] Renderer initialization - Start
<13:05:12> [BA0D559B] Splash: Initializing Renderer...
<13:05:12> [91207680] Renderer initialization - Open
<13:05:12> [4377E7CB] Renderer initialization - DLL Load(CryRenderD3D9.dll)
<13:05:12> [71203A94] Renderer initialization - DLL Done
<13:05:12> [71227C22] Renderer initialization - DLL Init
<13:05:12> [C653D9CB] Renderer initialization - Instance
<13:05:12> [44D9754D] D3D Adapter: Driver name: aticfx32.dll
<13:05:12> [82BE8322] D3D Adapter: Driver description: AMD Radeon RX 7800 XT (RADV NAVI32)
<13:05:12> [2224501A] D3D Adapter: Driver version: 32767.65535.65535.65535
<13:05:12> [E8D1E30D] D3D Adapter: Driver GUID: 00000000-0003-0000-0000000000000000
<13:05:12> [BC8C1ACB] D3D Adapter: VendorId = 0x1002
<13:05:12> [B6A10CFD] D3D Adapter: DeviceId = 0x747E
<13:05:12> [0678E702] D3D Adapter: SubSysId = 0x00000000
<13:05:12> [F2243F0E] D3D Adapter: Revision = 0
<13:05:12> [E571CFEE] Shader manager initialization
<13:05:14> [05BAAEF6] CResFile allocations incurred by user cache preload: (25129.55k)
<13:05:14> [911B73B8] Renderer initialization - Done
<13:05:14> [8E444EA9] Console initialization
<13:05:14> [2904A233] Time initialization
<13:05:14> [3650CFD6] Input initialization
<13:05:14> [BA0D559B] Splash: Initializing Input System...
<13:05:14> Initializing Keyboard
<13:05:14> [99640BF1] Sound initialization
<13:05:14> [BA0D559B] Splash: Initializing Sound System...
<13:05:14> [2C33885C] Sound - Initializing AudioDevice now!
<13:05:14> [E46760A9] <Sound> Initialize FMOD with dynamic memory callbacks
<13:05:16> [D6755BFD] <Sound> Starting to initialize Windows Audio Session API output! 
<13:05:16> [F7E8E3CD] <Sound> Drivers found: 6
<13:05:16> [9B899242] <Sound> Available drivers:
	1.	PulseAudio Output (PulseAudio Output)
	2.	Blue Microphones Analog Stereo (Blue Microphones Analog Stereo)
	3.	soundcore Liberty 4 NC (soundcore Liberty 4 NC)
	4.	Wireless Controller (Wireless Controller)
	5.	Navi 31 HDMI/DP Audio Digital Stereo (HDMI) (Navi 31 HDMI/DP Audio Digital Stereo (HDMI))
	6.	Family 17h/19h/1ah HD Audio Controller Analog Stereo (Family 17h/19h/1ah HD Audio Controller Analog Stereo)
<13:05:16> [A0BBF7E1] <Sound> FmodEx-AudioDevice: Now running on driver: PulseAudio Output (PulseAudio Output)
<13:05:16> [14D8EFE1] <Sound> Using speaker mode: FMOD_SPEAKERMODE_STEREO
<13:05:16> [E79C27E5] <Sound> Initializing FMOD-EX now!
<13:05:16> [E2A9FE08] <Sound> Available record drivers: 0 PulseAudio Input (PulseAudio Input) !
<13:05:16> [E2A9FE08] <Sound> Available record drivers: 1 soundcore Liberty 4 NC (soundcore Liberty 4 NC) !
<13:05:16> [E2A9FE08] <Sound> Available record drivers: 2 Family 17h/19h/1ah HD Audio Controller Analog Stereo (Family 17h/19h/1ah HD Audio Controller Analog Stereo) !
<13:05:16> [E2A9FE08] <Sound> Available record drivers: 3 Wireless Controller (Wireless Controller) !
<13:05:16> [E2A9FE08] <Sound> Available record drivers: 4 Blue Microphones Analog Stereo (Blue Microphones Analog Stereo) !
<13:05:16> [E2A9FE08] <Sound> Available record drivers: 5 Monitor of Family 17h/19h/1ah HD Audio Controller (Monitor of Family 17h/19h/1ah HD Audio Controller) !
<13:05:16> [E2A9FE08] <Sound> Available record drivers: 6 Monitor of Blue Microphones Analog Stereo (Monitor of Blue Microphones Analog Stereo) !
<13:05:16> [E2A9FE08] <Sound> Available record drivers: 7 Wireless Controller (Wireless Controller) !
<13:05:16> [E2A9FE08] <Sound> Available record drivers: 8 Monitor of soundcore Liberty 4 NC (Monitor of soundcore Liberty 4 NC) !
<13:05:16> [E2A9FE08] <Sound> Available record drivers: 9 Monitor of Navi 31 HDMI/DP Audio Digital Stereo (HDMI) (Monitor of Navi 31 HDMI/DP Audio Digital Stereo (HDMI)) !
<13:05:16> [6841BE38] <Sound> Record config is set to autodetect using record driver 0
<13:05:16> [7808B4C4] <Sound> Using FMOD version: 00044414 and internal 00044414!
<13:05:16> [2A2815C7] <Sound> Initialized FMOD-EX
<13:05:16> [BE4EF52E] Sound - Initializing SoundSystem now!
<13:05:16> [0D547471] Font initialization
<13:05:16> [BA0D559B] Splash: Initializing Fonts...
<13:05:16> [C194F7C8][Warning] Cannot load texture textures/defaults/replacemecm.tif, file missing [File=textures/defaults/replacemecm.dds]
<13:05:16> [84206398] AI initialization
<13:05:16> [1BC221DE] Initializing Animation System
<13:05:16> [BA0D559B] Splash: Initializing Animation System...
<13:05:16> [9E592EFE] Initializing 3D Engine
<13:05:16> [BA0D559B] Splash: Initializing 3D Engine...
<13:05:17> [637AF710][Warning] missing chr material : game/objects/characters/ferre/female/nude/Standard_22.mtl (chr: game/objects/characters/ferre/female/nude/fe_f_base.chr)
<13:05:17> [91F5AEEC][Warning] number of bones mismatch! game/objects/characters/ferre/female/nude/fe_f_base.chr=195 game/objects/characters/ferre/female/nude/fe_f_base_lod1.chr=185
<13:05:18> [7415A452] CHR PreCaching 25 Done
<13:05:18> [E7AD4E53] AddSharedMorphTargets - Failed to load objects/characters/dwarf/male/face/dw_m_face00.chr
<13:05:18> [61AD1790] MorphTargetPreCaching - objects/characters/dwarf/male/face/dw_m_face00.chr Add Failed
<13:05:18> [A4A6E4C6] MorphTarget PreCaching 11 Done
<13:05:18> [5ACB40E2] Init Face Makers
<13:05:18> [56B5985B] X2FaceMaker - game/objects/characters/nuian/male/face/nu_m_face01_mid.chr : mouth_UnderbiteOverbite target not exist
<13:05:18> [56B5985B] X2FaceMaker - game/objects/characters/nuian/male/face/nu_m_face01_mid.chr : mouth_UnderbiteOverbite target not exist
<13:05:18> [56B5985B] X2FaceMaker - game/objects/characters/nuian/male/face/nu_m_face01_mid.chr : mouth_UnderbiteOverbite target not exist
<13:05:18> [4ABB03EB] game/objects/characters/ferre/female/face/fe_f_face01_low.chr(303) - objects/characters/ferre/female/face/fe_f_face00.chr(3063) SharedMorph is not matched
<13:05:18> [56B5985B] X2FaceMaker - game/objects/characters/nuian/male/face/nu_m_face01_mid.chr : mouth_UnderbiteOverbite target not exist
<13:05:18> [56B5985B] X2FaceMaker - game/objects/characters/nuian/male/face/nu_m_face01_mid.chr : nose_dw_SeptumVol target not exist
<13:05:18> [56B5985B] X2FaceMaker - game/objects/characters/nuian/male/face/nu_m_face01_mid.chr : nose_dw_NasalZposition target not exist
<13:05:18> [56B5985B] X2FaceMaker - game/objects/characters/nuian/male/face/nu_m_face01_mid.chr : FS_dwEarSize target not exist
<13:05:18> [56B5985B] X2FaceMaker - game/objects/characters/nuian/male/face/nu_m_face01_mid.chr : dwarf_Morph target not exist
<13:05:18> [56B5985B] X2FaceMaker - game/objects/characters/nuian/male/face/nu_m_face01_mid.chr : FS_dw_CheekMeat_min target not exist
<13:05:18> [1191A6A8] X2FaceMaker - game/objects/characters/nuian/male/face/nu_m_face01_mid.chr : FS_dw_CheekMeat_max ex target not exist
<13:05:19> [56B5985B] X2FaceMaker - game/objects/characters/warborn/male/face/wa_m_face01_mid.chr : eye_Forehead target not exist
<13:05:19> [56B5985B] X2FaceMaker - game/objects/characters/warborn/male/face/wa_m_face01_mid.chr : eye_Tail_min target not exist
<13:05:19> [1191A6A8] X2FaceMaker - game/objects/characters/warborn/male/face/wa_m_face01_mid.chr : eye_Tail_max ex target not exist
<13:05:19> [56B5985B] X2FaceMaker - game/objects/characters/warborn/male/face/wa_m_face01_mid.chr : eye_WidthLength_min target not exist
<13:05:19> [1191A6A8] X2FaceMaker - game/objects/characters/warborn/male/face/wa_m_face01_mid.chr : eye_WidthLength_max ex target not exist
<13:05:19> [56B5985B] X2FaceMaker - game/objects/characters/warborn/male/face/wa_m_face01_mid.chr : eye_DoubleEyelidShape target not exist
<13:05:19> [56B5985B] X2FaceMaker - game/objects/characters/warborn/male/face/wa_m_face01_mid.chr : eye_BrowXposition target not exist
<13:05:19> [56B5985B] X2FaceMaker - game/objects/characters/warborn/male/face/wa_m_face01_mid.chr : eye_BrowZposition target not exist
<13:05:19> [56B5985B] X2FaceMaker - game/objects/characters/warborn/male/face/wa_m_face01_mid.chr : nose_Nostril target not exist
<13:05:19> [56B5985B] X2FaceMaker - game/objects/characters/warborn/male/face/wa_m_face01_mid.chr : nose_Size target not exist
<13:05:19> [56B5985B] X2FaceMaker - game/objects/characters/warborn/male/face/wa_m_face01_mid.chr : nose_SeptumZposition target not exist
<13:05:19> [56B5985B] X2FaceMaker - game/objects/characters/warborn/male/face/wa_m_face01_mid.chr : nose_End target not exist
<13:05:19> [56B5985B] X2FaceMaker - game/objects/characters/warborn/male/face/wa_m_face01_mid.chr : nose_Size target not exist
<13:05:19> [56B5985B] X2FaceMaker - game/objects/characters/warborn/male/face/wa_m_face01_mid.chr : mouth_UpperLipVolume target not exist
<13:05:19> [56B5985B] X2FaceMaker - game/objects/characters/warborn/male/face/wa_m_face01_mid.chr : mouth_LowerLipVolume target not exist
<13:05:19> [56B5985B] X2FaceMaker - game/objects/characters/warborn/male/face/wa_m_face01_mid.chr : mouth_UpperLipOpen target not exist
<13:05:19> [56B5985B] X2FaceMaker - game/objects/characters/warborn/male/face/wa_m_face01_mid.chr : mouth_LowerLipOpen target not exist
<13:05:19> [56B5985B] X2FaceMaker - game/objects/characters/warborn/male/face/wa_m_face01_mid.chr : mouth_MouthOpen target not exist
<13:05:19> [56B5985B] X2FaceMaker - game/objects/characters/warborn/male/face/wa_m_face01_mid.chr : mouth_Size target not exist
<13:05:19> [56B5985B] X2FaceMaker - game/objects/characters/warborn/male/face/wa_m_face01_mid.chr : mouth_Shape_min target not exist
<13:05:19> [1191A6A8] X2FaceMaker - game/objects/characters/warborn/male/face/wa_m_face01_mid.chr : mouth_Shape_max ex target not exist
<13:05:19> [56B5985B] X2FaceMaker - game/objects/characters/warborn/male/face/wa_m_face01_mid.chr : mouth_TeethZposition target not exist
<13:05:19> [56B5985B] X2FaceMaker - game/objects/characters/warborn/male/face/wa_m_face01_mid.chr : FS_JawHigh_min target not exist
<13:05:19> [1191A6A8] X2FaceMaker - game/objects/characters/warborn/male/face/wa_m_face01_mid.chr : FS_JawHigh_max ex target not exist
<13:05:19> [56B5985B] X2FaceMaker - game/objects/characters/warborn/male/face/wa_m_face01_mid.chr : FS_EarRotate_min target not exist
<13:05:19> [1191A6A8] X2FaceMaker - game/objects/characters/warborn/male/face/wa_m_face01_mid.chr : FS_EarRotate_max ex target not exist
<13:05:19> [56B5985B] X2FaceMaker - game/objects/characters/warborn/male/face/wa_m_face01_mid.chr : FS_Beard1 target not exist
<13:05:19> [56B5985B] X2FaceMaker - game/objects/characters/warborn/male/face/wa_m_face01_mid.chr : FS_Beard2 target not exist
<13:05:19> [56B5985B] X2FaceMaker - game/objects/characters/warborn/male/face/wa_m_face01_mid.chr : FS_Beard3 target not exist
<13:05:19> [56B5985B] X2FaceMaker - game/objects/characters/warborn/female/face/wa_f_face01_mid.chr : eye_Yposition_min target not exist
<13:05:19> [1191A6A8] X2FaceMaker - game/objects/characters/warborn/female/face/wa_f_face01_mid.chr : eye_Yposition_max ex target not exist
<13:05:19> [56B5985B] X2FaceMaker - game/objects/characters/warborn/female/face/wa_f_face01_mid.chr : FS_AllLowerY target not exist
<13:05:19> [56B5985B] X2FaceMaker - game/objects/characters/warborn/female/face/wa_f_face01_mid.chr : FS_AllRotate target not exist
<13:05:19> [56B5985B] X2FaceMaker - game/objects/characters/warborn/female/face/wa_f_face01_mid.chr : FS_AllY target not exist
<13:05:19> [56B5985B] X2FaceMaker - game/objects/characters/warborn/female/face/wa_f_face01_mid.chr : mouth_Open_min target not exist
<13:05:19> [1191A6A8] X2FaceMaker - game/objects/characters/warborn/female/face/wa_f_face01_mid.chr : mouth_Open_max ex target not exist
<13:05:19> [E320B5CE] Init Face Makers - Done!
<13:05:19> [581CA53C] Script System Initialization
<13:05:19> [BA0D559B] Splash: Initializing Script System...
<13:05:19> [000004EE][Warning] [Lua Error] 1_3_0/scripts/common.lua:276: attempt to index global 'Script' (a nil value)
<13:05:19> [58F3F7FF][Warning] <null>:0: [Lua Error] Failed to execute file @game/scriptsbin/common.alb
<13:05:19> [D8B2BA54] Entity system initialization
<13:05:19> [BA0D559B] Splash: Initializing Entity System...
<13:05:19> [D55F91B2][Warning] [CEntityClassRegistry] LoadClassDescription failed, Entity Class name Chick already registered
<13:05:19> [BA0D559B] Splash: Initializing AI System...
<13:05:19> [DA019954] Initializing AI System
<13:05:19> [2546BCC5] Initializing Budgeting System
<13:05:19> [C0E19025] Initializing Seamless System
<13:05:19> [BA0D559B] Splash: Loading Game Data...
<13:05:21> [90B8EC50][Warning] too many ranges: aoe_shapes descs 10156(10156) threshold 100 ranges 12
<13:05:21> [BA4AD6CE] Loading portal list
<13:05:21> [92597454] Portal added, enter: 3891, exit: 6629
<13:05:21> [92597454] Portal added, enter: 21448, exit: 21449
<13:05:21> [92597454] Portal added, enter: 21450, exit: 21451
<13:05:21> [92597454] Portal added, enter: 21452, exit: 21453
<13:05:21> [92597454] Portal added, enter: 21698, exit: 21699
<13:05:21> [92597454] Portal added, enter: 22023, exit: 22024
<13:05:21> [92597454] Portal added, enter: 22042, exit: 22066
<13:05:21> [92597454] Portal added, enter: 22136, exit: 22137
<13:05:21> [92597454] Portal added, enter: 22163, exit: 22164
<13:05:21> [92597454] Portal added, enter: 22184, exit: 22185
<13:05:21> [92597454] Portal added, enter: 22336, exit: 22337
<13:05:21> [92597454] Portal added, enter: 9000063, exit: 9000064
<13:05:21> [1C664009] End loading portal list
<13:05:22> [937812F7] loaded DDCMS (1396969 descs, 719156 links (17 page 16.95MB size) string) from game\db\compact.sqlite3 in 1346 ms
<13:05:22> [BA0D559B] Splash: Initializing Game System...
<13:05:22> [000004EE][Warning] [Lua Error] no localized ui text for 18 always_refund
<13:05:22> [0ADE3294][Warning] [MFX] Effect 'collisions:grenade' already present. Overriding.
<13:05:23> [311630D1][Warning] MFX WARNING: Material not found: mat_ice_breakable
<13:05:23>  
<13:05:23>    sys_spec = Custom (assuming 4)
<13:05:23>      option_view_dist_ratio = 2 expected:4
<13:05:23>  
<13:05:23> [BA0D559B] Splash: Preparing Screen...
<13:05:23> [963385F6] Level System - Loading Start
<13:05:23> [806B6F8D] precaching world entities ..
<13:05:23> [7E39E0DE] precaching world entities .. done!  total (0) objects
<13:05:23> [D2B280D6] Vegetation Manager : Loading World(login2)
<13:05:23> [075AB92F] Vegetation Manager : Loading World - Done (total 36 vegetations)
<13:05:23> [B9410AA1] total 20 terrain world surfaces loaded
<13:05:23> Loading Particle Library: collisions
<13:05:23> Loading Particle Library: water
<13:05:23> Loading Particle Library: misc
<13:05:23> Loading Particle Library: ability_skill_table
<13:05:23> Loading Particle Library: ability_skill_table_k
<13:05:23> Loading Particle Library: abillity_skill_table_m
<13:05:23> Loading Particle Library: machinima
<13:05:23> Loading Particle Library: x2_effects
<13:05:24> Loading Particle Library: x2_effects_k
<13:05:24> [280A47E3] Precached total 2 materials
<13:05:24> [7B1A973B] seamless loading cell terrain(W0, 1), (L0, 0)
<13:05:24> [3EF08C47] seamless loading cell object(W0, 1), (L0, 0)
<13:05:24> [584C4FFD] [net 17:05:12.615]  dns ip:192.168.1.202
<13:05:24> [584C4FFD] [net 17:05:12.615]  dns ip:172.18.0.1
<13:05:24> [584C4FFD] [net 17:05:12.615]  dns ip:172.19.0.1
<13:05:24> [584C4FFD] [net 17:05:12.615]  dns ip:172.17.0.1
<13:05:24> [0DE3FA89][Error] CryAnimation: character-definition creation failed: game/objects/characters/elf/female/nude/el_f_kyprosa.cdf
<13:05:24> [13A58BA0][Error] CryAnimation: character-definition not found: game/objects/characters/elf/female/nude/el_f_kyprosa.cdf
<13:05:24> [4DD44108] Start DaruCommon Extension
<13:05:24> [1B425DA5] Duplicated post effect param! pszName = FilterMaskedBlurring_Amount
<13:05:24> [1B425DA5] Duplicated post effect param! pszName = FilterMaskedBlurring_MaskTexName
<13:05:24> [1B425DA5] Duplicated post effect param! pszName = FilterChromaShift_User_Amount
<13:05:24> [1B425DA5] Duplicated post effect param! pszName = FilterGrain_Amount
<13:05:24> [8F6BAA6C][Warning] Couldn't find console variable 'e_water_ocean_fft'
<13:05:24> Loading Particle Library: wind
<13:05:24> Loading Particle Library: X2_EFFECT_O
<13:05:24> [000004EE][Warning] Particle effect not found: '                                                                ', from ParticleEffect fx_land_green
<13:05:24> [12409CCC] Load Zone Finished
<13:05:24> [A39C1725] Level System - Loading Complete
<13:05:24> [27293DED] -----------------------------------------------------
<13:05:24> [120C18F5] * LOADING: 'loginbg4' loading time: 1.81 seconds
<13:05:24> [27293DED] -----------------------------------------------------
<13:05:25> [000004EE][Warning] [Lua Error] no client player exists
<13:05:25> [A13C772D][Warning] Cannot load texture ui/font_color.g, Image file format is invalid [File=ui/font_color.g]
<13:05:25> [000FABC5][Warning] CAreaGrid::BeginAreas() called before being initialized.
<13:05:25> [000004EE][Warning] I3DEngine::RegisterEntity: entity reports invalid position: Name: LightEntityName (), Class: LightEntityClass, Pos=(515.8,6996.2,587.4), aabb center=(0.0,40.0,0.0)
<13:05:33> [11E02DA3][Warning] Cannot load texture textures/defaults/16_12.dds, file missing [File=textures/defaults/16_12.dds]
<13:05:36> [1D01FDCA] Auth: client connected to server
<13:05:36> [584C4FFD] [net 17:05:36.534]  socket ip:192.168.1.202
<13:05:36> [4C920A71] mac address : 74-56-3c-fe-52-f3
<13:05:40> [A13C772D][Warning] Cannot load texture ui/font_color.g, Image file format is invalid [File=ui/font_color.g]
<13:06:19> [584C4FFD] [net 17:06:19.872] connection requested to: 192.95.21.64:1239
<13:06:19> [4ABA7BDB] Auth: client disconnected (reason=0)
<13:06:19> [0F08E548] [NetConnection] connect completed (succeeded:true)
<13:06:20> [48F7BDF2] invalid world id in world queue packet
<13:06:20> [26623ECA] ucc info.. 5 0
<13:06:20> [4516816D] pay method: person
<13:06:20> [4AA30841] pay location: person
<13:06:20> [ADF1C07E] pay start: 1900-1-1 00:00:00
<13:06:20> [6486A277] pay end: 1900-1-1 00:00:00
<13:06:20> [FFF6198C] premium point: 0
<13:06:20> [481C0862] premium grade: premium_0
<13:06:20> [88D9AB0C] real pay time: -1
<13:06:20> [9FC303B8][Error] [CVARS]: [DUPLICATE] CXConsole::RegisterFloat(): variable [camera_max_dist] is already registered
<13:06:20> [34CCC219] stream: connected to world server
<13:06:20> [06A46B5B] stream: authorized by world server
<13:06:20> [4516816D] pay method: person
<13:06:20> [4AA30841] pay location: person
<13:06:20> [ADF1C07E] pay start: 1900-1-1 00:00:00
<13:06:20> [6486A277] pay end: 2037-12-31 16:00:00
<13:06:20> [FFF6198C] premium point: 0
<13:06:20> [481C0862] premium grade: premium_0
<13:06:20> [88D9AB0C] real pay time: -1
<13:06:20> [82321C2B][Warning] [net 17:06:20.657] [time] remote time estimation restarted; estimate accumulator age was 489214.468750
<13:06:22> [637AF710][Warning] missing chr material : game/objects/characters/warborn/female/parts/ar/obj/wa_f_ar_cloth157.mtl (chr: game/objects/characters/warborn/female/parts/ar/obj/wa_f_1ac008_1ar604.chr)
<13:06:22> [000004EE][Warning] [Lua Error] no localized ui text for 18 always_refund
<13:06:22> [09F46B9D]     cl_fov = 90 []
<13:06:22> [09F46B9D]     camera_max_dist = 180 []
<13:06:22> [09F46B9D]     name_tag_hp_width_on_bgmode = 80 []
<13:06:22> [09F46B9D]     name_tag_hp_height_on_bgmode = 30 []
<13:06:22> [A13C772D][Warning] Cannot load texture ui/font_color.g, Image file format is invalid [File=ui/font_color.g]
<13:06:22> [06E6A3E9][Warning] Cannot load texture ui/login_stage/queue.dds, file missing [File=ui/login_stage/queue.dds]
<13:06:22> [000004EE][Warning] RenderMesh not assigned game/objects/box_nodraw.cgf
<13:06:24> [DA579B6C][Error] can't load client driven connect info.. Kompy
<13:06:29> [9FC303B8][Error] [CVARS]: [DUPLICATE] CXConsole::RegisterFloat(): variable [ui_double_click_interval] is already registered
<13:06:29> [0DE3FA89][Error] CryAnimation: character-definition creation failed: game/objects/characters/returned/female/nude/re_f.cdf
<13:06:30> [82321C2B][Warning] [net 17:06:30.223] [time] remote time estimation restarted; estimate accumulator age was 3.480189
<13:06:30> [6FF68EA5] SetInstantTime: type 0 time 0
<13:06:30> [6FF68EA5] SetInstantTime: type 1 time 1758904169
<13:06:30> [6FF68EA5] SetInstantTime: type 2 time 1759080623
<13:06:30> [6FF68EA5] SetInstantTime: type 3 time 0
<13:06:30> [6FF68EA5] SetInstantTime: type 4 time 0
<13:06:30> [6FF68EA5] SetInstantTime: type 5 time 0
<13:06:30> [6FF68EA5] SetInstantTime: type 6 time 0
<13:06:30> [6FF68EA5] SetInstantTime: type 7 time 1759068360
<13:06:30> [0E61BD35] ExpeditionMember 20 added
<13:06:30> [0E61BD35] ExpeditionMember 20 added
<13:06:30> [0E61BD35] ExpeditionMember 20 added
<13:06:30> [0E61BD35] ExpeditionMember 20 added
<13:06:30> [0E61BD35] ExpeditionMember 20 added
<13:06:30> [51CFCC4C] ExpeditionMember count matched. total 100
<13:06:30> [7AB931CE] seamless unloading cell object(W0, 0), (L0, 0)
<13:06:30> [4B1E8B22] unload cell object count : 1511
<13:06:30> [B866A294] seamless unloading cell terrain(W0, 0), (L0, 0)
<13:06:30> [963385F6] Level System - Loading Start
<13:06:30> [E0E0EDAE][Warning] failed to load zone time of day from game/worlds/main_world/zone/225//time_of_day.xml
<13:06:30> [AB17243B][Warning] failed to load zone environment from game/worlds/main_world/zone/309//env.xml
<13:06:30> [35D4413E][Warning] failed to load zone clouds from game/worlds/main_world/zone/309//clouds.xml
<13:06:30> [806B6F8D] precaching world entities ..
<13:06:30> [7E39E0DE] precaching world entities .. done!  total (1778) objects
<13:06:30> [D2B280D6] Vegetation Manager : Loading World(main_world)
<13:06:31> [075AB92F] Vegetation Manager : Loading World - Done (total 3055 vegetations)
<13:06:31> [000004EE][Error] CTerrain::LoadWorldSurfaces: Error loading material: materials/Terrain/gweonidforest/w_forest_road_a1
<13:06:31> [751FFB9E][Warning] Error: CShaderMan::mfCreateShaderResources: Couldn't find detail texture
'game/textures/aa_terrain/canyon/tr_canyon_rock_616a_ddn.tga' in path '' [File=game/textures/aa_terrain/canyon/tr_canyon_rock_616a_ddn.tga]
<13:06:31> [B9410AA1] total 600 terrain world surfaces loaded
<13:06:31> [280A47E3] Precached total 4 materials
<13:06:31> [7B1A973B] seamless loading cell terrain(W16, 8), (L4, 4)
<13:06:31> [7B1A973B] seamless loading cell terrain(W16, 9), (L4, 5)
<13:06:31> [7B1A973B] seamless loading cell terrain(W15, 8), (L3, 4)
<13:06:31> [7B1A973B] seamless loading cell terrain(W15, 9), (L3, 5)
<13:06:31> [7B1A973B] seamless loading cell terrain(W17, 8), (L5, 4)
<13:06:31> [7B1A973B] seamless loading cell terrain(W17, 9), (L5, 5)
<13:06:31> [7B1A973B] seamless loading cell terrain(W16, 7), (L4, 3)
<13:06:31> [7B1A973B] seamless loading cell terrain(W16, 10), (L4, 6)
<13:06:31> [7B1A973B] seamless loading cell terrain(W15, 7), (L3, 3)
<13:06:31> [7B1A973B] seamless loading cell terrain(W15, 10), (L3, 6)
<13:06:31> [7B1A973B] seamless loading cell terrain(W17, 7), (L5, 3)
<13:06:32> [7B1A973B] seamless loading cell terrain(W17, 10), (L5, 6)
<13:06:32> [7B1A973B] seamless loading cell terrain(W14, 8), (L2, 4)
<13:06:32> [7B1A973B] seamless loading cell terrain(W14, 9), (L2, 5)
<13:06:32> [7B1A973B] seamless loading cell terrain(W18, 8), (L6, 4)
<13:06:32> [7B1A973B] seamless loading cell terrain(W18, 9), (L6, 5)
<13:06:32> [7B1A973B] seamless loading cell terrain(W14, 7), (L2, 3)
<13:06:32> [7B1A973B] seamless loading cell terrain(W16, 6), (L4, 2)
<13:06:32> [7B1A973B] seamless loading cell terrain(W14, 10), (L2, 6)
<13:06:32> [7B1A973B] seamless loading cell terrain(W18, 7), (L6, 3)
<13:06:32> [7B1A973B] seamless loading cell terrain(W16, 11), (L4, 7)
<13:06:32> [7B1A973B] seamless loading cell terrain(W15, 6), (L3, 2)
<13:06:32> [7B1A973B] seamless loading cell terrain(W18, 10), (L6, 6)
<13:06:32> [7B1A973B] seamless loading cell terrain(W17, 6), (L5, 2)
<13:06:32> [7B1A973B] seamless loading cell terrain(W15, 11), (L3, 7)
<13:06:32> [7B1A973B] seamless loading cell terrain(W17, 11), (L5, 7)
<13:06:32> [7B1A973B] seamless loading cell terrain(W13, 8), (L1, 4)
<13:06:32> [7B1A973B] seamless loading cell terrain(W13, 9), (L1, 5)
<13:06:32> [7B1A973B] seamless loading cell terrain(W14, 6), (L2, 2)
<13:06:32> [7B1A973B] seamless loading cell terrain(W19, 8), (L7, 4)
<13:06:32> [7B1A973B] seamless loading cell terrain(W19, 9), (L7, 5)
<13:06:32> [7B1A973B] seamless loading cell terrain(W14, 11), (L2, 7)
<13:06:32> [7B1A973B] seamless loading cell terrain(W18, 6), (L6, 2)
<13:06:32> [7B1A973B] seamless loading cell terrain(W13, 7), (L1, 3)
<13:06:32> [7B1A973B] seamless loading cell terrain(W13, 10), (L1, 6)
<13:06:32> [7B1A973B] seamless loading cell terrain(W18, 11), (L6, 7)
<13:06:32> [7B1A973B] seamless loading cell terrain(W19, 7), (L7, 3)
<13:06:32> [7B1A973B] seamless loading cell terrain(W16, 5), (L4, 1)
<13:06:32> [7B1A973B] seamless loading cell terrain(W19, 10), (L7, 6)
<13:06:32> [7B1A973B] seamless loading cell terrain(W15, 5), (L3, 1)
<13:06:32> [7B1A973B] seamless loading cell terrain(W17, 5), (L5, 1)
<13:06:32> [7B1A973B] seamless loading cell terrain(W13, 6), (L1, 2)
<13:06:32> [7B1A973B] seamless loading cell terrain(W13, 11), (L1, 7)
<13:06:32> [7B1A973B] seamless loading cell terrain(W12, 8), (L0, 4)
<13:06:32> [7B1A973B] seamless loading cell terrain(W14, 5), (L2, 1)
<13:06:32> [7B1A973B] seamless loading cell terrain(W12, 9), (L0, 5)
<13:06:32> [7B1A973B] seamless loading cell terrain(W19, 6), (L7, 2)
<13:06:32> [3EF08C47] seamless loading cell object(W16, 8), (L4, 4)
<13:06:32> [000004EE][Warning] [CGF Error] game/objects/env/02_harihara/01_ma/ma_top05.cgf [:] non-uniform scale(0.70, 1.00, 0.70) at node(Box11)
<13:06:32> Loading Particle Library: X2_EFFECTS_P
<13:06:33> Loading Particle Library: x2_sounds
<13:06:33> [3EF08C47] seamless loading cell object(W16, 9), (L4, 5)
<13:06:33> [3EF08C47] seamless loading cell object(W15, 8), (L3, 4)
<13:06:33> [3EF08C47] seamless loading cell object(W15, 9), (L3, 5)
<13:06:33> [3EF08C47] seamless loading cell object(W17, 8), (L5, 4)
<13:06:33> [A5DDEC33][Warning] Warning: CShaderMan::mfForName: NULL name
<13:06:33> [CF2CE049][Warning] CMTSafeHeap::m_pBigPool is full. (6031863, MemoryBlock)
<13:06:33> [3EF08C47] seamless loading cell object(W17, 9), (L5, 5)
<13:06:33> [3EF08C47] seamless loading cell object(W16, 7), (L4, 3)
<13:06:33> [000004EE][Warning] [CGF Error] game/objects/env/01_nuia/001_housing/housing_people/hs_people_roof_a.cgf [:] Duplicate LOD helper $lod2 hs_people_roof_a
<13:06:33> [3EF08C47] seamless loading cell object(W16, 10), (L4, 6)
<13:06:34> [3EF08C47] seamless loading cell object(W15, 7), (L3, 3)
<13:06:34> [3EF08C47] seamless loading cell object(W15, 10), (L3, 6)
<13:06:34> [3EF08C47] seamless loading cell object(W17, 7), (L5, 3)
<13:06:34> [3EF08C47] seamless loading cell object(W17, 10), (L5, 6)
<13:06:34> [3EF08C47] seamless loading cell object(W14, 8), (L2, 4)
<13:06:34> [3EF08C47] seamless loading cell object(W14, 9), (L2, 5)
<13:06:34> [3EF08C47] seamless loading cell object(W18, 8), (L6, 4)
<13:06:34> [000004EE][Warning] [CGF Error] game/objects/env/02_harihara/001_hcom/hcom_cart_b.cgf [:] LOD1 of geometry hcom_cart_b contains too many polygons comparing to the LOD0 [770 against 1114] :
<13:06:34> [3EF08C47] seamless loading cell object(W18, 9), (L6, 5)
<13:06:34> [3EF08C47] seamless loading cell object(W14, 7), (L2, 3)
<13:06:34> [3EF08C47] seamless loading cell object(W16, 6), (L4, 2)
<13:06:34> [3EF08C47] seamless loading cell object(W14, 10), (L2, 6)
<13:06:35> [3EF08C47] seamless loading cell object(W18, 7), (L6, 3)
<13:06:35> [12409CCC] Load Zone Finished
<13:06:35> [000004EE][Warning] I3DEngine::RegisterEntity: entity reports invalid position: Name: LightEntityName (), Class: LightEntityClass, Pos=(657.3,7976.0,585.4), aabb center=(142.0,1019.8,-2.3)
<13:06:35> [188BF914][Warning] [EntityLoader] invalid entity pos(1172.249, 2147.883, 0.000) name(AAC_Mahadevi_Ext_1)
<13:06:35> [7F89A202][Warning] AI: Warning: AIPoint is not inside Navigation Modifier. pos(4445.1, 5007.6, 114.4)
<13:06:35> [2363981C][Warning] chr material is not precached : game/objects/env/02_harihara/01_ma/ma_crane_b.mtl (chr: game/objects/env/02_harihara/01_ma/ma_crane_b.chr)
<13:06:35> [CE2F4035][Warning] chr physical geom is not precached. (game/objects/env/02_harihara/01_ma/ma_crane_b.chr)
<13:06:35> [A4D70365][Warning] rigid-body own-entity; prefab=Prefabs/interaction.xml/toy.crane node=AnimObject_1
<13:06:35> [CE0EF930][Warning] failed to stream cgf : objects/env/05_nature/08_cry_source/rocks/road_rocks/road_rocks_flat_grey_a.cgf
<13:06:35> [E126B923][Warning] Cannot load texture game/objects/env/01_nuia/001_housing/housing_furniture/hs_f_drums_ddn, file missing [File=game/objects/env/01_nuia/001_housing/housing_furniture/hs_f_drums_ddn]
<13:06:36> [5CE4EF2C][Warning] failed to load particle lib from (Libs/Particles/game/abillity_skill_table_m.xml)
<13:06:36> [000004EE][Warning] Particle effect not found: 'game/abillity_skill_table_m.wild.shock_form2', from unknown 
<13:06:36> [2BFDEC33][Error] realstep 11, not match unit req
<13:06:36> [A39C1725] Level System - Loading Complete
<13:06:36> [9BE3F673] total 0 CGF files are precached
<13:06:36> [27293DED] -----------------------------------------------------
<13:06:36> [120C18F5] * LOADING: 'e_sunrise_peninsula_2' loading time: 6.45 seconds
<13:06:36> [27293DED] -----------------------------------------------------
<13:06:36> [BCCDC555][Warning] MakeSprite - too many sprite update (10). dropping.. (sprites : 30)
<13:06:36> [82321C2B][Warning] [net 17:06:36.895] [time] remote time estimation restarted; estimate accumulator age was 0.890781
<13:06:36> [000004EE][Warning] Independent immortal particle effect spawned: X2_EFFECT_O.Interaction.enchant_wpn_range_honor_3g
<13:06:37> [A5DDEC33][Warning] Warning: CShaderMan::mfForName: NULL name
<13:06:37> [62232BEA][Warning] deferred xml stream error - game/animations/animals/owl_postman/lmg_files/normal_run.lmg : f0000003
<13:06:37> [745BAE2F][Warning] failed to stream material xml(game/objects/characters/animals/owl_postman/aaa_picking.mtl)
<13:06:37> [5132FEDE][Warning] invalid attached position(0.00, 21.44, 6.09)
<13:06:37> [637AF710][Warning] missing chr material : game/objects/env/06_unit/01_ship/w_middleship/galleon_01.mtl (chr: game/objects/env/06_unit/01_ship/w_middleship/w_middleship_sail_b.chr)
<13:06:37> [1CCD372E][Warning] WARNING: Trying to play a sound at (0,0,0) position in the entity Enoan Double Square Rig: Sample (prefab_unit). Entity may not be initialized correctly! 
<13:06:38> [000004EE][Warning] [CGF Error] game/objects/env/01_nuia/001_ndeco/making/ndeco_powerfulmaking.cga [:] LOD1 of geometry parts01 contains too many polygons comparing to the LOD0 [1592 against 1130] :
<13:06:38> [DD6CD685][Warning] grand child physical proxy is not supported. grandpa(Enoan Galleon: Sample), dad(prefab_doodad_model_553077_prefab://Prefabs/galleon.xml/galleon.galleon_helms), child(galleon_helms_1)
<13:06:38> [41E5F602][Warning] CRigidEntity::AddGeometry: ( at -1004313020084201900000000000.0,1271222370889312000000000000000000000000000000000000000000000000000000000000000000000000000000000000000000000000000000000000000000000000000000000000000000000000000000000000000000000000000000000000000000000000000000000000000000000.0,124329907160436070000000000000000000000000000000000000000000000000000000000000000000000000000000000000000000000000000000000000000000000000000000000000000000000000000000000000000.0) Trying to add bad geometry
<13:06:38> [CE0EF930][Warning] failed to stream cgf : default
<13:06:38> [04FA8364][Warning] Cannot load texture game/objects/characters/nuian/male/hair/hair_texture/, file missing [File=game/objects/characters/nuian/male/hair/hair_texture/]
<13:06:38> [CA175C82][Warning] non-stream IO. system(Material), filePath(game/objects/effects/keffect/m_enchant4_orange_l.mtl)
<13:06:38> [000004EE][Warning] Particle effect not found: 'game/abillity_skill_table_m.fight.ground_launch', from unknown 
<13:06:38> [B95EE41B][Error] invalid parent unit id(81674)
<13:06:38> [000004EE][Warning] [CGF Error] game/objects/env/06_unit/06_glider/glider_wing_crystal/glider_wing_crystal_back.cgf [:] LOD1 of geometry  contains too many polygons comparing to the LOD0 [2720 against 4064] :
<13:06:39> [5243B464][Warning] Error: CShaderMan::mfCreateShaderResources: Couldn't find subsurface texture 'objects/characters/ferre/female/face/face01/fe_f_face01_fur_sss.dds' in path '' [File=objects/characters/ferre/female/face/face01/fe_f_face01_fur_sss.dds]
<13:06:39> [000004EE][Warning] Independent immortal particle effect spawned: X2_EFFECT_O.Interaction.enchant_wpn_range_honor_3g
<13:06:39> [09F46B9D]     cl_fov = 90 []
<13:06:39> [09F46B9D]     camera_max_dist = 180 []
<13:06:39> [09F46B9D]     name_tag_hp_width_on_bgmode = 80 []
<13:06:39> [09F46B9D]     name_tag_hp_height_on_bgmode = 30 []
<13:06:39> [000004EE][Warning] [Lua Error] Failed to load script file scriptsbin/x2ui/assignment/form.alb
<13:06:39> [A13C772D][Warning] Cannot load texture ui/font_color.g, Image file format is invalid [File=ui/font_color.g]
<13:06:39> [B5A61D8F] Chat Channel(0) Color is not found.
<13:06:39> [000004EE][Warning] [Lua Error] ...ts/x2ui/loginstage/character_create/locale/en_us.lua:524: attempt to index a nil value
<13:06:39> [58F3F7FF][Warning] <null>:0: [Lua Error] Failed to execute file @game/scriptsbin/x2ui/loginstage/character_create/locale/en_us.alb
<13:06:40> [000004EE][Warning] [Lua] invalid style type...  / brown
<13:06:40> [82321C2B][Warning] [net 17:06:40.767] [time] remote time estimation restarted; estimate accumulator age was 1.445580
<13:06:41> [745BAE2F][Warning] failed to stream material xml(game/objects/env/06_unit/06_glider/glider_blackdragon_whtp01.mtl)
<13:06:41> [637AF710][Warning] missing chr material : game/objects/characters/ferre/male/parts/hm/obj/fe_m_hm_leather001.mtl (chr: game/objects/characters/ferre/male/parts/hm/obj/fe_m_2hm109.chr)
<13:06:41> [2363981C][Warning] chr material is not precached : game/objects/characters/ferre/female/costume/fe_f_sk_lucius001/fe_f_sk_lucius001_h.mtl (chr: game/objects/characters/ferre/female/costume/fe_f_sk_lucius001/fe_f_sk_lucius001_h.chr)
<13:06:42> Loading Particle Library: ljs_particle_fx
<13:06:42> [B8A20C07][Warning] Failed to stream CAF-file [File=animations/item/effect_bone/blade_2h/blade_2h_darkmoon001/default.caf]
<13:06:43> [F724A392][Error] CryAnimation:: Trying to load animation with alias "fist_ba_relaxed_idle_rand_2" from file "animations/monster/pet_agathion/fist/fist_ba_relaxed_idle_rand.caf" into the animation container. Such animation alias already exists and uses file "animations/monster/pet_agathion/fist/fist_ba_relaxed_idle_rand_2.caf". Please use another animation alias.
<13:06:43> [A4D70365][Warning] rigid-body own-entity; prefab=prefabs/interaction_b.xml/quest.ferre_flag node=AnimObject17
<13:06:43> Loading Particle Library: X2_EFFECT_KSW
<13:06:43> [6F1DEDB9][Warning] Cannot load texture game/objects/characters/test/horsearmor/armor_df.dds, file missing [File=game/objects/characters/test/horsearmor/armor_df.dds]
<13:06:44> [7CE2B2CC] DrawRayOnGrid, dir.x(-4507.2), dir.y(-5052.5)
<13:06:44> [7CE2B2CC] DrawRayOnGrid, dir.x(-4507.2), dir.y(-5052.5)
<13:06:44> [62232BEA][Warning] deferred xml stream error - game/animations/monster/daru_shadow_seller/lmg_files/fist_mo_normal_walk.lmg : f0000003
<13:06:44> [CA175C82][Warning] non-stream IO. system(Material), filePath(game/materials/decals/default.mtl)
<13:06:45> [CD8829BA][Warning] Error: CShaderMan::mfCreateShaderResources: Couldn't find subsurface texture 'game/objects/characters/test/glider_squirrel/glider_squirrel_df.dds' in path '' [File=game/objects/characters/test/glider_squirrel/glider_squirrel_df.dds]
<13:06:46> [745BAE2F][Warning] failed to stream material xml(game/objects/characters/nuian/male/parts/bo/obj/nu_m_bo_cloth140.mtl)
<13:06:46> [000004EE][Warning] [CGF Error] game/objects/item/spear_2h/spear_2h_sea_1/spear_2h_sea_1.cgf [:] LOD1 of geometry  contains too many polygons comparing to the LOD0 [1370 against 1964] :
<13:06:46> [000004EE][Warning] Independent immortal particle effect spawned: X2_EFFECT_O.Interaction.enchant_wpn_range_honor_3g
<13:06:48> [CE0EF930][Warning] failed to stream cgf : default
<13:06:48> [A4D70365][Warning] rigid-body own-entity; prefab=Prefabs/interaction.xml/toy.crane node=AnimObject_1
<13:06:49> [B95EE41B][Error] invalid parent unit id(123409)
<13:06:50> [04FA8364][Warning] Cannot load texture game/objects/characters/nuian/male/hair/hair_texture/, file missing [File=game/objects/characters/nuian/male/hair/hair_texture/]
<13:06:50> [637AF710][Warning] missing chr material : game/objects/characters/hariharan/male/parts/ar/obj/ha_m_ar_leather200.mtl (chr: game/objects/characters/hariharan/male/parts/ar/obj/ha_m_1ar306_1arm001_1sh005.chr)
<13:06:50> [5243B464][Warning] Error: CShaderMan::mfCreateShaderResources: Couldn't find subsurface texture 'objects/characters/ferre/female/face/face01/fe_f_face01_fur_sss.dds' in path '' [File=objects/characters/ferre/female/face/face01/fe_f_face01_fur_sss.dds]
<13:06:50> [2363981C][Warning] chr material is not precached : game/objects/characters/ferre/male/costume/fe_m_sk_witcher001/fe_m_sk_witcher001_h.mtl (chr: game/objects/characters/ferre/male/costume/fe_m_sk_witcher001/fe_m_sk_witcher001_h.chr)
<13:06:50> [CA175C82][Warning] non-stream IO. system(Material), filePath(game/objects/characters/ferre/male/costume/fe_m_sk_witcher001/fe_m_sk_witcher001_h.mtl)
<13:06:51> [745BAE2F][Warning] failed to stream material xml(game/objects/characters/hariharan/male/parts/pt/obj/ha_m_pt_cloth207.mtl)
<13:06:51> [3EF08C47] seamless loading cell object(W15, 6), (L3, 2)
<13:06:53> [CE0EF930][Warning] failed to stream cgf : game/objects/item/blade_1h/blade_1h_monster/blade_1h_khirbarcha_harrahdium/blade_1h_khirbarcha_harrahdium.cgf
<13:06:53> [000004EE][Warning] Independent immortal particle effect spawned: X2_EFFECT_O.Interaction.enchant_wpn_range_honor_3g
<13:06:54> [B95EE41B][Error] invalid parent unit id(61132)
<13:06:56> [CA175C82][Warning] non-stream IO. system(Material), filePath(game/materials/misc/rope/rope_fishing.mtl)
<13:06:59> [CE0EF930][Warning] failed to stream cgf : default
<13:07:00> [000004EE][Warning] Independent immortal particle effect spawned: X2_EFFECT_O.Interaction.enchant_wpn_range_honor_3g
<13:07:03> [B95EE41B][Error] invalid parent unit id(78878)
<13:07:11> [A4D70365][Warning] rigid-body own-entity; prefab=prefabs/interaction_c.xml/backpack.backpackfish_d_l node=AnimObject_97
<13:07:19> [000004EE][Warning] [CGF Error] game/objects/item/spear_2h/spear_2h_sea_1/spear_2h_sea_1.cgf [:] LOD1 of geometry  contains too many polygons comparing to the LOD0 [1370 against 1964] :
<13:07:21> [000004EE][Warning] Independent immortal particle effect spawned: X2_EFFECT_O.Interaction.enchant_wpn_range_honor_3g
<13:07:21> [745BAE2F][Warning] failed to stream material xml(game/objects/characters/warborn/female/parts/cp/obj/03 - Default.mtl)
<13:07:21> [637AF710][Warning] missing chr material : game/objects/characters/warborn/female/parts/cp/obj/03 - Default.mtl (chr: game/objects/characters/warborn/female/parts/cp/obj/wa_f_1cp101.chr)
<13:07:21> [CA175C82][Warning] non-stream IO. system(Material), filePath(game/objects/characters/warborn/female/horns/wa_f_horns011/wa_f_horns011_hc03.mtl)
<13:07:21> [7B1A973B] seamless loading cell terrain(W18, 5), (L6, 1)
<13:07:21> [63ABB424][Warning] Facial sequence "fist_ac_whistle" not listed in CAL file for character "game/objects/characters/hariharan/female/nude/ha_f_base.chr".
<13:07:21> [CE0EF930][Warning] failed to stream cgf : default
<13:07:22> [B95EE41B][Error] invalid parent unit id(100941)
<13:07:22> [000004EE][Warning] Particle effect not found: 'game/ability_skill_table_k.p_skill_vocation.beatdown_hit', from unknown 
<13:07:23> [5243B464][Warning] Error: CShaderMan::mfCreateShaderResources: Couldn't find subsurface texture 'objects/characters/ferre/female/face/face01/fe_f_face01_fur_sss.dds' in path '' [File=objects/characters/ferre/female/face/face01/fe_f_face01_fur_sss.dds]
<13:07:23> [4ABB03EB] game/objects/characters/ferre/male/hair/fe_m_hair011/fe_m_hair011_hm_type1.chr(169) - objects/characters/ferre/male/face/fe_m_face00.chr(3063) SharedMorph is not matched
<13:07:23> [A0D50D3A][Warning] Cannot load texture game/objects/characters/texture/cp/nu_m_cp_cloth048_df.dds, file missing [File=game/objects/characters/texture/cp/nu_m_cp_cloth048_df.dds]
<13:07:25> [6DC47A64][Warning] Not a normal map texture tried to be used as a normal map: game/objects/item/aac/all/aa_summer/shield/Hamilton/aa_summer_buoy_shield_df.dds [File=game/objects/item/aac/all/aa_summer/shield/Hamilton/aa_summer_buoy_shield_df.dds]
<13:07:25> [77BB93C4][Warning] Non 3dc normal map used (wrong on DX10): game/objects/item/aac/all/aa_summer/shield/Hamilton/aa_summer_buoy_shield_ddn.dds [File=game/objects/item/aac/all/aa_summer/shield/Hamilton/aa_summer_buoy_shield_ddn.dds]
<13:07:26> [745BAE2F][Warning] failed to stream material xml(game/objects/characters/hariharan/female/parts/ar/obj/ha_f_ar_cloth506.mtl)
<13:07:26> [637AF710][Warning] missing chr material : game/objects/characters/hariharan/female/parts/ar/obj/ha_f_ar_cloth506.mtl (chr: game/objects/characters/hariharan/female/parts/ar/obj/ha_f_1ar110_1arm006_1bt007.chr)
<13:07:26> [000004EE][Warning] Independent immortal particle effect spawned: X2_EFFECT_O.Interaction.enchant_wpn_range_honor_3g
<13:07:27> [CE0EF930][Warning] failed to stream cgf : default
<13:07:28> [CA175C82][Warning] non-stream IO. system(Material), filePath(game/materials/decals/footstep_sand.mtl)
<13:07:28> [5243B464][Warning] Error: CShaderMan::mfCreateShaderResources: Couldn't find subsurface texture 'objects/characters/ferre/female/face/face01/fe_f_face01_fur_sss.dds' in path '' [File=objects/characters/ferre/female/face/face01/fe_f_face01_fur_sss.dds]
<13:07:28> [F724A392][Error] CryAnimation:: Trying to load animation with alias "fist_ba_relaxed_idle_rand_3" from file "animations/monster/yata/fist/fist_ba_relaxed_idle_rand_3.caf" into the animation container. Such animation alias already exists and uses file "animations/monster/yata/fist/fist_ba_relaxed_idle_rand_1.caf". Please use another animation alias.
<13:07:29> [B95EE41B][Error] invalid parent unit id(101158)
<13:07:29> Loading Particle Library: X2_EFFECTS_C1
<13:07:29> [000004EE][Warning] Particle effect not found: 'X2_EFFECTS_C1.Glider.Crystal_Wing.wing_start1', from unknown 
<13:07:29> [A181AEBC][Warning] Anim events cannot find effect "X2_EFFECTS_C1.Glider.Crystal_Wing.wing_start1", requested by animation "animations/env/glider_wing_crystal/fist_ac_gliding_start.caf".
<13:07:33> [745BAE2F][Warning] failed to stream material xml(game/objects/characters/hariharan/female/parts/hm/obj/ha_f_hm_cloth001.mtl)
<13:07:33> [637AF710][Warning] missing chr material : game/objects/characters/hariharan/female/parts/hm/obj/ha_f_hm_cloth001.mtl (chr: game/objects/characters/hariharan/female/parts/hm/obj/ha_f_1hm141.chr)
<13:07:35> [000004EE][Warning] Independent immortal particle effect spawned: X2_EFFECT_O.Interaction.enchant_wpn_range_honor_3g
<13:07:36> [63ABB424][Warning] Facial sequence "fist_ac_whistle" not listed in CAL file for character "game/objects/characters/hariharan/female/nude/ha_f_base.chr".
<13:07:36> [B95EE41B][Error] invalid parent unit id(92273)
<13:07:37> [CE0EF930][Warning] failed to stream cgf : objects/effects/portal_gate.cgf
<13:07:39> [3EF08C47] seamless loading cell object(W17, 6), (L5, 2)
<13:07:41> [A4D70365][Warning] rigid-body own-entity; prefab=Prefabs/interaction.xml/toy.crane node=AnimObject_1
<13:07:43> [745BAE2F][Warning] failed to stream material xml(game/objects/characters/hariharan/female/parts/cp/obj/ha_f_cp_leather002.mtl)
<13:07:43> [637AF710][Warning] missing chr material : game/objects/characters/hariharan/female/parts/cp/obj/ha_f_cp_leather002.mtl (chr: game/objects/characters/hariharan/female/parts/cp/obj/ha_f_1cp113.chr)
<13:07:44> [CE0EF930][Warning] failed to stream cgf : objects/effects/portal_gate.cgf
<13:07:52> [745BAE2F][Warning] failed to stream material xml(game/objects/characters/hariharan/male/parts/cp/obj/ha_m_1cp101.mtl)
<13:07:52> [637AF710][Warning] missing chr material : game/objects/characters/hariharan/male/parts/ar/obj/ha_m_ar_leather159.mtl (chr: game/objects/characters/hariharan/male/parts/ar/obj/ha_m_1ar108_1arm001_2bt004_2pv001_2sh014_3arm001.chr)
<13:07:57> [745BAE2F][Warning] failed to stream material xml(game/objects/characters/ferre/male/parts/hm/metal/hm_metal213/fe_m_hm_metal213_blup02.mtl)
<13:07:57> [B95EE41B][Error] invalid parent unit id(102210)
<13:07:57> [637AF710][Warning] missing chr material : game/objects/characters/ferre/male/parts/bo/obj/fe_m_bo_metal205.mtl (chr: game/objects/characters/ferre/male/parts/bo/obj/fe_m_4bo101.chr)
<13:07:59> Loading Particle Library: X2_EFFECT_SYH
<13:07:59> [4820ACB9][Warning] Cannot load texture game/textures/p_effects/syh_effect/cat_footstrp_01.dds, file missing [File=game/textures/p_effects/syh_effect/cat_footstrp_01.dds]
<13:08:02> [000004EE][Warning] Independent immortal particle effect spawned: X2_EFFECT_O.Interaction.enchant_wpn_range_honor_3g
<13:08:02> [65FB52A3][Warning] Entity Ser Meatball (Vanity):cannot find animation additive_fist_mo_normal_run_f_rand_1
<13:08:10> [CE0EF930][Warning] failed to stream cgf : objects/env/05_nature/08_cry_source/rocks/precipice/landslide_rock_small_d.cgf
<13:08:13> [B95EE41B][Error] invalid parent unit id(129902)
<13:08:15> [000004EE][Warning] Independent immortal particle effect spawned: X2_EFFECT_O.Interaction.enchant_wpn_range_honor_3g
<13:08:17> [745BAE2F][Warning] failed to stream material xml(game/objects/characters/ferre/female/parts/all/cloth/cloth198/fe_f_ar_cloth198_grap01.mtl)
<13:08:17> [637AF710][Warning] missing chr material : game/objects/characters/ferre/female/parts/pt/obj/fe_f_pt_cloth228.mtl (chr: game/objects/characters/ferre/female/parts/pt/obj/fe_f_1pt601.chr)
<13:08:17> [000004EE][Warning] [CGF Error] game/objects/item/bow/bow_eph_7/bow_eph_7.cgf [:] LOD1 of geometry  contains too many polygons comparing to the LOD0 [824 against 1214] :
<13:08:18> [73C0D09F][Warning] Not a normal map texture tried to be used as a normal map: game/objects/env/99_aac/001_ndeco/ndeco_backpack_kraken_p/primal_tent_df.dds [File=game/objects/env/99_aac/001_ndeco/ndeco_backpack_kraken_p/primal_tent_df.dds]
<13:08:20> [5F89E60D][Warning] non cached CDF(game/objects/characters/warborn/female/parts/hm/leather/hm_leather167/wa_f_hm_leather167.cdf)
<13:08:20> [CA175C82][Warning] non-stream IO. system(Material), filePath(game/objects/characters/warborn/female/parts/hm/leather/hm_leather167/wa_f_hm_leather167.mtl)
<13:08:22> [B95EE41B][Error] invalid parent unit id(81674)
<13:08:23> [63ABB424][Warning] Facial sequence "fist_ba_combat_idle_rand_1" not listed in CAL file for character "game/objects/characters/hariharan/female/nude/ha_f_base.chr".
<13:08:23> [000004EE][Warning] Particle effect not found: 'game/x2_effects.p_effect.st1000c', from unknown 
<13:08:29> [B95EE41B][Error] invalid parent unit id(119560)
<13:08:29> [63ABB424][Warning] Facial sequence "fist_ac_whistle" not listed in CAL file for character "game/objects/characters/hariharan/female/nude/ha_f_base.chr".
<13:08:32> [000004EE][Warning] Independent immortal particle effect spawned: X2_EFFECT_O.Interaction.enchant_wpn_range_honor_3g
<13:08:35> [65FB52A3][Warning] Entity Ser Meatball (Vanity):cannot find animation additive_fist_mo_normal_run_f_rand_3
<13:08:35> [B95EE41B][Error] invalid parent unit id(119560)
<13:08:38> [63ABB424][Warning] Facial sequence "fist_ac_whistle" not listed in CAL file for character "game/objects/characters/hariharan/female/nude/ha_f_base.chr".
<13:08:41> [B95EE41B][Error] invalid parent unit id(55030)
<13:08:41> [000004EE][Warning] Independent immortal particle effect spawned: X2_EFFECT_O.Interaction.enchant_wpn_range_honor_3g
<13:08:42> [CE0EF930][Warning] failed to stream cgf : objects/effects/portal_gate.cgf
<13:08:42> [745BAE2F][Warning] failed to stream material xml(game/materials/effects/fume_h_ssd.mtl)
<13:08:44> [65FB52A3][Warning] Entity Ser Meatball (Vanity):cannot find animation additive_fist_ba_relaxed_idle_rand_7
<13:08:48> [B95EE41B][Error] invalid parent unit id(107512)
<13:08:52> [F724A392][Error] CryAnimation:: Trying to load animation with alias "fist_ba_relaxed_idle_rand_3" from file "animations/monster/yata/fist/fist_ba_relaxed_idle_rand_3.caf" into the animation container. Such animation alias already exists and uses file "animations/monster/yata/fist/fist_ba_relaxed_idle_rand_1.caf". Please use another animation alias.
<13:08:54> [B95EE41B][Error] invalid parent unit id(68413)
<13:09:03> [B95EE41B][Error] invalid parent unit id(99053)
<13:09:42> [8B9CED50] [ClientNub] error
<13:09:42> [F9536AB5] [NetConnection] connection closed (gracefull:false)
<13:09:42> [82321C2B][Warning] [net 17:09:42.510] recv exception: internal 32770 wsa 258
<13:09:42> [BC4E4E7A] stream: disconnected (reason=1)
<13:09:42> [8B9CED50] [ClientNub] error
<13:09:42> [F9536AB5] [NetConnection] connection closed (gracefull:false)
<13:09:42> [8B9CED50] [ClientNub] error
<13:09:42> [F9536AB5] [NetConnection] connection closed (gracefull:false)
<13:09:43> [8B9CED50] [ClientNub] error
<13:09:43> [F9536AB5] [NetConnection] connection closed (gracefull:false)
<13:09:43> [8B9CED50] [ClientNub] error
<13:09:43> [F9536AB5] [NetConnection] connection closed (gracefull:false)
<13:09:43> [8B9CED50] [ClientNub] error
<13:09:43> [F9536AB5] [NetConnection] connection closed (gracefull:false)
<13:09:43> [8B9CED50] [ClientNub] error
<13:09:43> [F9536AB5] [NetConnection] connection closed (gracefull:false)
<13:09:44> [8B9CED50] [ClientNub] error
<13:09:44> [F9536AB5] [NetConnection] connection closed (gracefull:false)
<13:09:44> [8B9CED50] [ClientNub] error
<13:09:44> [F9536AB5] [NetConnection] connection closed (gracefull:false)
<13:09:44> [8B9CED50] [ClientNub] error
<13:09:44> [F9536AB5] [NetConnection] connection closed (gracefull:false)
<13:09:45> [8B9CED50] [ClientNub] error
<13:09:45> [F9536AB5] [NetConnection] connection closed (gracefull:false)
<13:09:45> [8B9CED50] [ClientNub] error
<13:09:45> [F9536AB5] [NetConnection] connection closed (gracefull:false)
<13:09:45> [8B9CED50] [ClientNub] error
<13:09:45> [F9536AB5] [NetConnection] connection closed (gracefull:false)
<13:09:45> [8B9CED50] [ClientNub] error
<13:09:45> [F9536AB5] [NetConnection] connection closed (gracefull:false)
<13:09:46> [8B9CED50] [ClientNub] error
<13:09:46> [F9536AB5] [NetConnection] connection closed (gracefull:false)
<13:09:46> [8B9CED50] [ClientNub] error
<13:09:46> [F9536AB5] [NetConnection] connection closed (gracefull:false)
<13:09:46> [8B9CED50] [ClientNub] error
<13:09:46> [F9536AB5] [NetConnection] connection closed (gracefull:false)
<13:09:46> [8B9CED50] [ClientNub] error
<13:09:46> [F9536AB5] [NetConnection] connection closed (gracefull:false)
<13:09:47> [8B9CED50] [ClientNub] error
<13:09:47> [F9536AB5] [NetConnection] connection closed (gracefull:false)
<13:09:47> [8B9CED50] [ClientNub] error
<13:09:47> [F9536AB5] [NetConnection] connection closed (gracefull:false)
<13:09:47> [8B9CED50] [ClientNub] error
<13:09:47> [F9536AB5] [NetConnection] connection closed (gracefull:false)
<13:09:47> [82321C2B][Warning] [net 17:09:47.600] WSASend failed(2:124): 10054
<13:09:47> [8B9CED50] [ClientNub] error
<13:09:47> [F9536AB5] [NetConnection] connection closed (gracefull:false)
<13:09:48> [8B9CED50] [ClientNub] error
<13:09:48> [F9536AB5] [NetConnection] connection closed (gracefull:false)
<13:09:48> [8B9CED50] [ClientNub] error
<13:09:48> [F9536AB5] [NetConnection] connection closed (gracefull:false)
<13:09:48> [8B9CED50] [ClientNub] error
<13:09:48> [F9536AB5] [NetConnection] connection closed (gracefull:false)
<13:09:48> [8B9CED50] [ClientNub] error
<13:09:48> [F9536AB5] [NetConnection] connection closed (gracefull:false)
<13:09:49> [8B9CED50] [ClientNub] error
<13:09:49> [F9536AB5] [NetConnection] connection closed (gracefull:false)
<13:09:49> [8B9CED50] [ClientNub] error
<13:09:49> [F9536AB5] [NetConnection] connection closed (gracefull:false)
<13:09:49> [8B9CED50] [ClientNub] error
<13:09:49> [F9536AB5] [NetConnection] connection closed (gracefull:false)
<13:09:49> [8B9CED50] [ClientNub] error
<13:09:49> [F9536AB5] [NetConnection] connection closed (gracefull:false)
<13:09:50> [8B9CED50] [ClientNub] error
<13:09:50> [F9536AB5] [NetConnection] connection closed (gracefull:false)
<13:09:50> [8B9CED50] [ClientNub] error
<13:09:50> [F9536AB5] [NetConnection] connection closed (gracefull:false)
<13:09:50> [8B9CED50] [ClientNub] error
<13:09:50> [F9536AB5] [NetConnection] connection closed (gracefull:false)
<13:09:50> [8B9CED50] [ClientNub] error
<13:09:50> [F9536AB5] [NetConnection] connection closed (gracefull:false)
<13:09:51> [8B9CED50] [ClientNub] error
<13:09:51> [F9536AB5] [NetConnection] connection closed (gracefull:false)
<13:09:51> [8B9CED50] [ClientNub] error
<13:09:51> [F9536AB5] [NetConnection] connection closed (gracefull:false)
<13:09:51> [8B9CED50] [ClientNub] error
<13:09:51> [F9536AB5] [NetConnection] connection closed (gracefull:false)
<13:09:52> [8B9CED50] [ClientNub] error
<13:09:52> [F9536AB5] [NetConnection] connection closed (gracefull:false)
<13:09:52> [8B9CED50] [ClientNub] error
<13:09:52> [F9536AB5] [NetConnection] connection closed (gracefull:false)
<13:09:52> [8B9CED50] [ClientNub] error
<13:09:52> [F9536AB5] [NetConnection] connection closed (gracefull:false)
<13:09:52> [8B9CED50] [ClientNub] error
<13:09:52> [F9536AB5] [NetConnection] connection closed (gracefull:false)
<13:09:52> [82321C2B][Warning] [net 17:09:52.806] WSASend failed(2:124): 10054
<13:09:53> [8B9CED50] [ClientNub] error
<13:09:53> [F9536AB5] [NetConnection] connection closed (gracefull:false)
<13:09:53> [8B9CED50] [ClientNub] error
<13:09:53> [F9536AB5] [NetConnection] connection closed (gracefull:false)
<13:09:53> [8B9CED50] [ClientNub] error
<13:09:53> [F9536AB5] [NetConnection] connection closed (gracefull:false)
<13:09:53> [8B9CED50] [ClientNub] error
<13:09:53> [F9536AB5] [NetConnection] connection closed (gracefull:false)
<13:09:54> [8B9CED50] [ClientNub] error
<13:09:54> [F9536AB5] [NetConnection] connection closed (gracefull:false)
<13:09:54> [8B9CED50] [ClientNub] error
<13:09:54> [F9536AB5] [NetConnection] connection closed (gracefull:false)
<13:09:54> [8B9CED50] [ClientNub] error
<13:09:54> [F9536AB5] [NetConnection] connection closed (gracefull:false)
<13:09:54> [8B9CED50] [ClientNub] error
<13:09:54> [F9536AB5] [NetConnection] connection closed (gracefull:false)
<13:09:55> [8B9CED50] [ClientNub] error
<13:09:55> [F9536AB5] [NetConnection] connection closed (gracefull:false)
<13:09:55> [8B9CED50] [ClientNub] error
<13:09:55> [F9536AB5] [NetConnection] connection closed (gracefull:false)
<13:09:55> [8B9CED50] [ClientNub] error
<13:09:55> [F9536AB5] [NetConnection] connection closed (gracefull:false)
<13:09:56> [8B9CED50] [ClientNub] error
<13:09:56> [F9536AB5] [NetConnection] connection closed (gracefull:false)
<13:09:56> [8B9CED50] [ClientNub] error
<13:09:56> [F9536AB5] [NetConnection] connection closed (gracefull:false)
<13:09:56> [8B9CED50] [ClientNub] error
<13:09:56> [F9536AB5] [NetConnection] connection closed (gracefull:false)
<13:09:56> [8B9CED50] [ClientNub] error
<13:09:56> [F9536AB5] [NetConnection] connection closed (gracefull:false)
<13:09:57> [8B9CED50] [ClientNub] error
<13:09:57> [F9536AB5] [NetConnection] connection closed (gracefull:false)
<13:09:57> [8B9CED50] [ClientNub] error
<13:09:57> [F9536AB5] [NetConnection] connection closed (gracefull:false)
<13:09:57> [8B9CED50] [ClientNub] error
<13:09:57> [F9536AB5] [NetConnection] connection closed (gracefull:false)
<13:09:57> [8B9CED50] [ClientNub] error
<13:09:57> [F9536AB5] [NetConnection] connection closed (gracefull:false)
<13:09:58> [8B9CED50] [ClientNub] error
<13:09:58> [F9536AB5] [NetConnection] connection closed (gracefull:false)
<13:09:58> [82321C2B][Warning] [net 17:09:58.043] WSASend failed(2:124): 10054
<13:09:58> [8B9CED50] [ClientNub] error
<13:09:58> [F9536AB5] [NetConnection] connection closed (gracefull:false)
<13:09:58> [8B9CED50] [ClientNub] error
<13:09:58> [F9536AB5] [NetConnection] connection closed (gracefull:false)
<13:09:58> [8B9CED50] [ClientNub] error
<13:09:58> [F9536AB5] [NetConnection] connection closed (gracefull:false)
<13:09:59> [8B9CED50] [ClientNub] error
<13:09:59> [F9536AB5] [NetConnection] connection closed (gracefull:false)
<13:09:59> [8B9CED50] [ClientNub] error
<13:09:59> [F9536AB5] [NetConnection] connection closed (gracefull:false)
<13:09:59> [8B9CED50] [ClientNub] error
<13:09:59> [F9536AB5] [NetConnection] connection closed (gracefull:false)
<13:09:59> [8B9CED50] [ClientNub] error
<13:09:59> [F9536AB5] [NetConnection] connection closed (gracefull:false)
<13:10:00> [8B9CED50] [ClientNub] error
<13:10:00> [F9536AB5] [NetConnection] connection closed (gracefull:false)
<13:10:00> [8B9CED50] [ClientNub] error
<13:10:00> [F9536AB5] [NetConnection] connection closed (gracefull:false)
<13:10:00> [8B9CED50] [ClientNub] error
<13:10:00> [F9536AB5] [NetConnection] connection closed (gracefull:false)
<13:10:00> [8B9CED50] [ClientNub] error
<13:10:00> [F9536AB5] [NetConnection] connection closed (gracefull:false)
<13:10:01> [8B9CED50] [ClientNub] error
<13:10:01> [F9536AB5] [NetConnection] connection closed (gracefull:false)
<13:10:01> [8B9CED50] [ClientNub] error
<13:10:01> [F9536AB5] [NetConnection] connection closed (gracefull:false)
<13:10:01> [8B9CED50] [ClientNub] error
<13:10:01> [F9536AB5] [NetConnection] connection closed (gracefull:false)
<13:10:01> [8B9CED50] [ClientNub] error
<13:10:01> [F9536AB5] [NetConnection] connection closed (gracefull:false)
<13:10:02> [8B9CED50] [ClientNub] error
<13:10:02> [F9536AB5] [NetConnection] connection closed (gracefull:false)
<13:10:02> [8B9CED50] [ClientNub] error
<13:10:02> [F9536AB5] [NetConnection] connection closed (gracefull:false)
<13:10:02> [8B9CED50] [ClientNub] error
<13:10:02> [F9536AB5] [NetConnection] connection closed (gracefull:false)
<13:10:03> [8B9CED50] [ClientNub] error
<13:10:03> [F9536AB5] [NetConnection] connection closed (gracefull:false)
<13:10:03> [8B9CED50] [ClientNub] error
<13:10:03> [F9536AB5] [NetConnection] connection closed (gracefull:false)
<13:10:03> [82321C2B][Warning] [net 17:10:03.284] WSASend failed(2:124): 10054
<13:10:03> [8B9CED50] [ClientNub] error
<13:10:03> [F9536AB5] [NetConnection] connection closed (gracefull:false)
<13:10:03> [8B9CED50] [ClientNub] error
<13:10:03> [F9536AB5] [NetConnection] connection closed (gracefull:false)
<13:10:04> [8B9CED50] [ClientNub] error
<13:10:04> [F9536AB5] [NetConnection] connection closed (gracefull:false)
<13:10:04> [8B9CED50] [ClientNub] error
<13:10:04> [F9536AB5] [NetConnection] connection closed (gracefull:false)
<13:10:04> [8B9CED50] [ClientNub] error
<13:10:04> [F9536AB5] [NetConnection] connection closed (gracefull:false)
<13:10:04> [8B9CED50] [ClientNub] error
<13:10:04> [F9536AB5] [NetConnection] connection closed (gracefull:false)
<13:10:05> [8B9CED50] [ClientNub] error
<13:10:05> [F9536AB5] [NetConnection] connection closed (gracefull:false)
<13:10:05> [8B9CED50] [ClientNub] error
<13:10:05> [F9536AB5] [NetConnection] connection closed (gracefull:false)
<13:10:05> [8B9CED50] [ClientNub] error
<13:10:05> [F9536AB5] [NetConnection] connection closed (gracefull:false)
<13:10:05> [8B9CED50] [ClientNub] error
<13:10:05> [F9536AB5] [NetConnection] connection closed (gracefull:false)
<13:10:06> [8B9CED50] [ClientNub] error
<13:10:06> [F9536AB5] [NetConnection] connection closed (gracefull:false)
<13:10:06> [8B9CED50] [ClientNub] error
<13:10:06> [F9536AB5] [NetConnection] connection closed (gracefull:false)
<13:10:06> [8B9CED50] [ClientNub] error
<13:10:06> [F9536AB5] [NetConnection] connection closed (gracefull:false)
<13:10:06> [8B9CED50] [ClientNub] error
<13:10:06> [F9536AB5] [NetConnection] connection closed (gracefull:false)
<13:10:07> [8B9CED50] [ClientNub] error
<13:10:07> [F9536AB5] [NetConnection] connection closed (gracefull:false)
<13:10:07> [8B9CED50] [ClientNub] error
<13:10:07> [F9536AB5] [NetConnection] connection closed (gracefull:false)
<13:10:07> [8B9CED50] [ClientNub] error
<13:10:07> [F9536AB5] [NetConnection] connection closed (gracefull:false)
<13:10:08> [8B9CED50] [ClientNub] error
<13:10:08> [F9536AB5] [NetConnection] connection closed (gracefull:false)
<13:10:08> [8B9CED50] [ClientNub] error
<13:10:08> [F9536AB5] [NetConnection] connection closed (gracefull:false)
<13:10:08> [8B9CED50] [ClientNub] error
<13:10:08> [F9536AB5] [NetConnection] connection closed (gracefull:false)
<13:10:08> [82321C2B][Warning] [net 17:10:08.516] WSASend failed(2:124): 10054
<13:10:08> [8B9CED50] [ClientNub] error
<13:10:08> [F9536AB5] [NetConnection] connection closed (gracefull:false)
<13:10:09> [8B9CED50] [ClientNub] error
<13:10:09> [F9536AB5] [NetConnection] connection closed (gracefull:false)
<13:10:09> [8B9CED50] [ClientNub] error
<13:10:09> [F9536AB5] [NetConnection] connection closed (gracefull:false)
<13:10:09> [8B9CED50] [ClientNub] error
<13:10:09> [F9536AB5] [NetConnection] connection closed (gracefull:false)
<13:10:09> [8B9CED50] [ClientNub] error
<13:10:09> [F9536AB5] [NetConnection] connection closed (gracefull:false)
<13:10:10> [8B9CED50] [ClientNub] error
<13:10:10> [F9536AB5] [NetConnection] connection closed (gracefull:false)
<13:10:10> [8B9CED50] [ClientNub] error
<13:10:10> [F9536AB5] [NetConnection] connection closed (gracefull:false)
<13:10:10> [8B9CED50] [ClientNub] error
<13:10:10> [F9536AB5] [NetConnection] connection closed (gracefull:false)
<13:10:10> [8B9CED50] [ClientNub] error
<13:10:10> [F9536AB5] [NetConnection] connection closed (gracefull:false)
<13:10:11> [8B9CED50] [ClientNub] error
<13:10:11> [F9536AB5] [NetConnection] connection closed (gracefull:false)
<13:10:11> [8B9CED50] [ClientNub] error
<13:10:11> [F9536AB5] [NetConnection] connection closed (gracefull:false)
<13:10:11> [8B9CED50] [ClientNub] error
<13:10:11> [F9536AB5] [NetConnection] connection closed (gracefull:false)
<13:10:11> [8B9CED50] [ClientNub] error
<13:10:11> [F9536AB5] [NetConnection] connection closed (gracefull:false)
<13:10:12> [8B9CED50] [ClientNub] error
<13:10:12> [F9536AB5] [NetConnection] connection closed (gracefull:false)
<13:10:12> [8B9CED50] [ClientNub] error
<13:10:12> [F9536AB5] [NetConnection] connection closed (gracefull:false)
<13:10:12> [8B9CED50] [ClientNub] error
<13:10:12> [F9536AB5] [NetConnection] connection closed (gracefull:false)
<13:10:12> [8B9CED50] [ClientNub] error
<13:10:12> [F9536AB5] [NetConnection] connection closed (gracefull:false)
<13:10:13> [8B9CED50] [ClientNub] error
<13:10:13> [F9536AB5] [NetConnection] connection closed (gracefull:false)
<13:10:13> [8B9CED50] [ClientNub] error
<13:10:13> [F9536AB5] [NetConnection] connection closed (gracefull:false)
<13:10:13> [8B9CED50] [ClientNub] error
<13:10:13> [F9536AB5] [NetConnection] connection closed (gracefull:false)
<13:10:13> [82321C2B][Warning] [net 17:10:13.742] WSASend failed(2:124): 10054
<13:10:14> [8B9CED50] [ClientNub] error
<13:10:14> [F9536AB5] [NetConnection] connection closed (gracefull:false)
<13:10:14> [8B9CED50] [ClientNub] error
<13:10:14> [F9536AB5] [NetConnection] connection closed (gracefull:false)
<13:10:14> [8B9CED50] [ClientNub] error
<13:10:14> [F9536AB5] [NetConnection] connection closed (gracefull:false)
<13:10:14> [8B9CED50] [ClientNub] error
<13:10:14> [F9536AB5] [NetConnection] connection closed (gracefull:false)
<13:10:15> [8B9CED50] [ClientNub] error
<13:10:15> [F9536AB5] [NetConnection] connection closed (gracefull:false)
<13:10:15> [8B9CED50] [ClientNub] error
<13:10:15> [F9536AB5] [NetConnection] connection closed (gracefull:false)
<13:10:15> [8B9CED50] [ClientNub] error
<13:10:15> [F9536AB5] [NetConnection] connection closed (gracefull:false)
<13:10:15> [8B9CED50] [ClientNub] error
<13:10:15> [F9536AB5] [NetConnection] connection closed (gracefull:false)
<13:10:16> [8B9CED50] [ClientNub] error
<13:10:16> [F9536AB5] [NetConnection] connection closed (gracefull:false)
<13:10:16> [8B9CED50] [ClientNub] error
<13:10:16> [F9536AB5] [NetConnection] connection closed (gracefull:false)
<13:10:16> [8B9CED50] [ClientNub] error
<13:10:16> [F9536AB5] [NetConnection] connection closed (gracefull:false)
<13:10:16> [8B9CED50] [ClientNub] error
<13:10:16> [F9536AB5] [NetConnection] connection closed (gracefull:false)
<13:10:17> [8B9CED50] [ClientNub] error
<13:10:17> [F9536AB5] [NetConnection] connection closed (gracefull:false)
<13:10:17> [8B9CED50] [ClientNub] error
<13:10:17> [F9536AB5] [NetConnection] connection closed (gracefull:false)
<13:10:17> [8B9CED50] [ClientNub] error
<13:10:17> [F9536AB5] [NetConnection] connection closed (gracefull:false)
<13:10:17> [8B9CED50] [ClientNub] error
<13:10:17> [F9536AB5] [NetConnection] connection closed (gracefull:false)
<13:10:18> [8B9CED50] [ClientNub] error
<13:10:18> [F9536AB5] [NetConnection] connection closed (gracefull:false)
<13:10:18> [8B9CED50] [ClientNub] error
<13:10:18> [F9536AB5] [NetConnection] connection closed (gracefull:false)
<13:10:18> [8B9CED50] [ClientNub] error
<13:10:18> [F9536AB5] [NetConnection] connection closed (gracefull:false)
<13:10:18> [82321C2B][Warning] [net 17:10:18.715] WSASend failed(2:124): 10054
<13:10:18> [8B9CED50] [ClientNub] error
<13:10:18> [F9536AB5] [NetConnection] connection closed (gracefull:false)
<13:10:19> [8B9CED50] [ClientNub] error
<13:10:19> [F9536AB5] [NetConnection] connection closed (gracefull:false)
<13:10:19> [8B9CED50] [ClientNub] error
<13:10:19> [F9536AB5] [NetConnection] connection closed (gracefull:false)
<13:10:19> [8B9CED50] [ClientNub] error
<13:10:19> [F9536AB5] [NetConnection] connection closed (gracefull:false)
<13:10:20> [8B9CED50] [ClientNub] error
<13:10:20> [F9536AB5] [NetConnection] connection closed (gracefull:false)
<13:10:20> [8B9CED50] [ClientNub] error
<13:10:20> [F9536AB5] [NetConnection] connection closed (gracefull:false)
<13:10:20> [8B9CED50] [ClientNub] error
<13:10:20> [F9536AB5] [NetConnection] connection closed (gracefull:false)
<13:10:20> [8B9CED50] [ClientNub] error
<13:10:20> [F9536AB5] [NetConnection] connection closed (gracefull:false)
<13:10:21> [8B9CED50] [ClientNub] error
<13:10:21> [F9536AB5] [NetConnection] connection closed (gracefull:false)
<13:10:21> [8B9CED50] [ClientNub] error
<13:10:21> [F9536AB5] [NetConnection] connection closed (gracefull:false)
<13:10:21> [8B9CED50] [ClientNub] error
<13:10:21> [F9536AB5] [NetConnection] connection closed (gracefull:false)
<13:10:21> [8B9CED50] [ClientNub] error
<13:10:21> [F9536AB5] [NetConnection] connection closed (gracefull:false)
<13:10:22> [8B9CED50] [ClientNub] error
<13:10:22> [F9536AB5] [NetConnection] connection closed (gracefull:false)
<13:10:22> [8B9CED50] [ClientNub] error
<13:10:22> [F9536AB5] [NetConnection] connection closed (gracefull:false)
<13:10:22> [8B9CED50] [ClientNub] error
<13:10:22> [F9536AB5] [NetConnection] connection closed (gracefull:false)
<13:10:22> [8B9CED50] [ClientNub] error
<13:10:22> [F9536AB5] [NetConnection] connection closed (gracefull:false)
<13:10:23> [8B9CED50] [ClientNub] error
<13:10:23> [F9536AB5] [NetConnection] connection closed (gracefull:false)
<13:10:23> [8B9CED50] [ClientNub] error
<13:10:23> [F9536AB5] [NetConnection] connection closed (gracefull:false)
<13:10:23> [8B9CED50] [ClientNub] error
<13:10:23> [F9536AB5] [NetConnection] connection closed (gracefull:false)
<13:10:23> [8B9CED50] [ClientNub] error
<13:10:23> [F9536AB5] [NetConnection] connection closed (gracefull:false)
<13:10:23> [82321C2B][Warning] [net 17:10:23.926] WSASend failed(2:124): 10054
<13:10:24> [8B9CED50] [ClientNub] error
<13:10:24> [F9536AB5] [NetConnection] connection closed (gracefull:false)
<13:10:24> [8B9CED50] [ClientNub] error
<13:10:24> [F9536AB5] [NetConnection] connection closed (gracefull:false)
<13:10:24> [8B9CED50] [ClientNub] error
<13:10:24> [F9536AB5] [NetConnection] connection closed (gracefull:false)
<13:10:24> [8B9CED50] [ClientNub] error
<13:10:24> [F9536AB5] [NetConnection] connection closed (gracefull:false)
<13:10:25> [8B9CED50] [ClientNub] error
<13:10:25> [F9536AB5] [NetConnection] connection closed (gracefull:false)
<13:10:25> [8B9CED50] [ClientNub] error
<13:10:25> [F9536AB5] [NetConnection] connection closed (gracefull:false)
<13:10:25> [8B9CED50] [ClientNub] error
<13:10:25> [F9536AB5] [NetConnection] connection closed (gracefull:false)
<13:10:26> [8B9CED50] [ClientNub] error
<13:10:26> [F9536AB5] [NetConnection] connection closed (gracefull:false)
<13:10:26> [8B9CED50] [ClientNub] error
<13:10:26> [F9536AB5] [NetConnection] connection closed (gracefull:false)
<13:10:26> [8B9CED50] [ClientNub] error
<13:10:26> [F9536AB5] [NetConnection] connection closed (gracefull:false)
<13:10:26> [8B9CED50] [ClientNub] error
<13:10:26> [F9536AB5] [NetConnection] connection closed (gracefull:false)
<13:10:27> [8B9CED50] [ClientNub] error
<13:10:27> [F9536AB5] [NetConnection] connection closed (gracefull:false)
<13:10:27> [8B9CED50] [ClientNub] error
<13:10:27> [F9536AB5] [NetConnection] connection closed (gracefull:false)
<13:10:27> [8B9CED50] [ClientNub] error
<13:10:27> [F9536AB5] [NetConnection] connection closed (gracefull:false)
<13:10:27> [8B9CED50] [ClientNub] error
<13:10:27> [F9536AB5] [NetConnection] connection closed (gracefull:false)
<13:10:28> [8B9CED50] [ClientNub] error
<13:10:28> [F9536AB5] [NetConnection] connection closed (gracefull:false)
<13:10:28> [8B9CED50] [ClientNub] error
<13:10:28> [F9536AB5] [NetConnection] connection closed (gracefull:false)
<13:10:28> [8B9CED50] [ClientNub] error
<13:10:28> [F9536AB5] [NetConnection] connection closed (gracefull:false)
<13:10:28> [8B9CED50] [ClientNub] error
<13:10:28> [F9536AB5] [NetConnection] connection closed (gracefull:false)
<13:10:29> [8B9CED50] [ClientNub] error
<13:10:29> [F9536AB5] [NetConnection] connection closed (gracefull:false)
<13:10:29> [82321C2B][Warning] [net 17:10:29.155] WSASend failed(2:124): 10054
<13:10:29> [8B9CED50] [ClientNub] error
<13:10:29> [F9536AB5] [NetConnection] connection closed (gracefull:false)
<13:10:29> [8B9CED50] [ClientNub] error
<13:10:29> [F9536AB5] [NetConnection] connection closed (gracefull:false)
<13:10:29> [8B9CED50] [ClientNub] error
<13:10:29> [F9536AB5] [NetConnection] connection closed (gracefull:false)
<13:10:30> [8B9CED50] [ClientNub] error
<13:10:30> [F9536AB5] [NetConnection] connection closed (gracefull:false)
<13:10:30> [8B9CED50] [ClientNub] error
<13:10:30> [F9536AB5] [NetConnection] connection closed (gracefull:false)
<13:10:30> [8B9CED50] [ClientNub] error
<13:10:30> [F9536AB5] [NetConnection] connection closed (gracefull:false)
<13:10:31> [8B9CED50] [ClientNub] error
<13:10:31> [F9536AB5] [NetConnection] connection closed (gracefull:false)
<13:10:31> [8B9CED50] [ClientNub] error
<13:10:31> [F9536AB5] [NetConnection] connection closed (gracefull:false)
<13:10:31> [8B9CED50] [ClientNub] error
<13:10:31> [F9536AB5] [NetConnection] connection closed (gracefull:false)
<13:10:31> [8B9CED50] [ClientNub] error
<13:10:31> [F9536AB5] [NetConnection] connection closed (gracefull:false)
<13:10:31> [8B9CED50] [ClientNub] error
<13:10:31> [F9536AB5] [NetConnection] connection closed (gracefull:false)
<13:10:32> [8B9CED50] [ClientNub] error
<13:10:32> [F9536AB5] [NetConnection] connection closed (gracefull:false)
<13:10:32> [8B9CED50] [ClientNub] error
<13:10:32> [F9536AB5] [NetConnection] connection closed (gracefull:false)
<13:10:32> [8B9CED50] [ClientNub] error
<13:10:32> [F9536AB5] [NetConnection] connection closed (gracefull:false)
<13:10:32> [8B9CED50] [ClientNub] error
<13:10:32> [F9536AB5] [NetConnection] connection closed (gracefull:false)
<13:10:33> [8B9CED50] [ClientNub] error
<13:10:33> [F9536AB5] [NetConnection] connection closed (gracefull:false)
<13:10:33> [8B9CED50] [ClientNub] error
<13:10:33> [F9536AB5] [NetConnection] connection closed (gracefull:false)
<13:10:33> [8B9CED50] [ClientNub] error
<13:10:33> [F9536AB5] [NetConnection] connection closed (gracefull:false)
<13:10:33> [8B9CED50] [ClientNub] error
<13:10:33> [F9536AB5] [NetConnection] connection closed (gracefull:false)
<13:11:32> [82321C2B][Warning] [net 17:11:32.107] WSASend failed(2:124): 10054
<13:11:32> [8B9CED50] [ClientNub] error
<13:11:32> [F9536AB5] [NetConnection] connection closed (gracefull:false)
<13:12:33> [82321C2B][Warning] [net 17:12:33.081] WSASend failed(2:124): 10054
<13:12:33> [8B9CED50] [ClientNub] error
<13:12:33> [F9536AB5] [NetConnection] connection closed (gracefull:false)
<13:13:34> [82321C2B][Warning] [net 17:13:34.103] WSASend failed(2:124): 10054
<13:13:34> [8B9CED50] [ClientNub] error
<13:13:34> [F9536AB5] [NetConnection] connection closed (gracefull:false)
<13:13:34> [8B9CED50] [ClientNub] error
<13:13:34> [F9536AB5] [NetConnection] connection closed (gracefull:false)
<13:14:35> [82321C2B][Warning] [net 17:14:35.075] WSASend failed(2:124): 10054
<13:14:35> [8B9CED50] [ClientNub] error
<13:14:35> [F9536AB5] [NetConnection] connection closed (gracefull:false)
<13:14:55> [82321C2B][Warning] [net 17:14:55.172] WSASend failed(2:124): 10054
<13:14:55> [8B9CED50] [ClientNub] error
<13:14:55> [F9536AB5] [NetConnection] connection closed (gracefull:false)
<13:14:55> [05D024BA] System:Quit
