[801989E0] BackupNameAttachment=" Build(0) Date(11 September 2025) Time(19 31 01)"  -- used by backup system
[00000020]  
[38F38F32] Log Started at #c
[0232BD25] Running 32 bit version
[7AB6F5FE] Executable: C:\Games\AAClassic\bin32\archeage.exe
[E5C771AC] FileVersion: 3.5.0.0
[F799D55F] ProductVersion: 3.5.3.0
[1F1D6B13] Using Microsoft (tm) C++ Standard Library implementation
[00000020]  
[C7D96C80] Revision: 350000
[00000020]  
[64533E3E] this is the first client
<19:31:07> [B9197FD5][Error] ConsoleVariableGroup[option_effect] key[e_particles_lod_onoff] has no default
<19:31:07> [76666E6D] 
--- CPU detection ---
<19:31:08> [F4D992D8] CPU: AMD AMD Ryzen 7 7800X3D 8-Core Processor           
<19:31:08> [3F649B02] Family: 15, Model: 1, Stepping: 2
<19:31:08> [83D12E0B] FPU: On-Chip
<19:31:08> [50919DA0] CPU Speed (estimated): 4192.000208 MHz
<19:31:08> [C73FD83A] MMX: not present
<19:31:08> [89D1077A] SSE: present
<19:31:08> [64E2B6F1] 3DNow!: present
<19:31:08> [27B7AC6E] Serial number not present or disabled
<19:31:08> [1D2D8E5B] Number of logical processors: 16
<19:31:08> [FA658084] Number of available logical processors: 16
<19:31:08> [A1F061C2] Invariant Time Stamp Counter : yes
<19:31:08> [FA0251ED] ---------------------

<19:31:08> [03E7D838] Device Info
<19:31:08> [9F603516] Device Info - 1
<19:31:08> [9F603517] Device Info - 2
<19:31:08> [9F603518] Device Info - 3
<19:31:08> [9F603519] Device Info - 4
<19:31:08> [9F60351A] Device Info - 5
<19:31:08> [9F60351B] Device Info - 6
<19:31:08> [9F60351C] Device Info - 7
<19:31:08> [E98ECC28] Video Memory Info
<19:31:08> [D5FBE664] Video Memory - 1
<19:31:08> [D5FBE665] Video Memory - 2
<19:31:08> [D5FBE666] Video Memory - 3
<19:31:08> [D5FBE667] Video Memory - 4
<19:31:08> [D5FBE668] Video Memory - 5
<19:31:08> [D5FBE669] Video Memory - 6
<19:31:08> [D5FBE66A] Video Memory - 7
<19:31:08> [D5FBE66B] Video Memory - 8
<19:31:08> [3A4D54A2][Warning] config/gpu/amd.txt line 55 contains a multiple defined GPU rating!
<19:31:08> [D20872C0] InitThreadAffinities
<19:31:08> [2F28A434] UpdateMainThreadAffinity
<19:31:08> [16962512] Windows 8 64 bit (build 6.2.9200)
<19:31:08> [38DFF081] System language: English
<19:31:08> [861A0178] Windows Directory: "C:\windows"
<19:31:08> [341B54F1] Prerequisites...
<19:31:08> [5D1B3C9C] * Installation of KB940105 hotfix required: no! (either not needed or already installed)
<19:31:08> [78A110D7] Local time is 19:31:08 09/11/25, system running for 1556 minutes
<19:31:08> [18D484E4] 63426MB physical memory installed, 15259MB available, 4095MB virtual memory installed, 75 percent of memory in use
<19:31:08> [31259232] PageFile usage: 
<19:31:08> [453F0D1B] Current display mode is 2560x1440x32
<19:31:08> [8A64FCCC] IBM enhanced (101/102-key) keyboard and 3+ button mouse installed
<19:31:08> [CE30556B] ----- GPU Detection -----------------
<19:31:08> [03E7D838] Device Info
<19:31:08> [9F603516] Device Info - 1
<19:31:08> [9F603517] Device Info - 2
<19:31:08> [9F603518] Device Info - 3
<19:31:08> [9F603519] Device Info - 4
<19:31:08> [9F60351A] Device Info - 5
<19:31:08> [9F60351B] Device Info - 6
<19:31:08> [9F60351C] Device Info - 7
<19:31:08> [E98ECC28] Video Memory Info
<19:31:08> [D5FBE664] Video Memory - 1
<19:31:08> [D5FBE665] Video Memory - 2
<19:31:08> [D5FBE666] Video Memory - 3
<19:31:08> [D5FBE667] Video Memory - 4
<19:31:08> [D5FBE668] Video Memory - 5
<19:31:08> [D5FBE669] Video Memory - 6
<19:31:08> [D5FBE66A] Video Memory - 7
<19:31:08> [D5FBE66B] Video Memory - 8
<19:31:08> [99EA404A]  AMD Radeon RX 7800 XT (RADV NAVI32) (vendor = 0x1002, device = 0x747e, subSys = 0x00000000)
<19:31:08> [77718B6A] -- Video memory: 4081 MB
<19:31:08> [30DF1863] -- Minimum SM 2.0 support: yes
<19:31:08> [13E11956] -- DX11 supported: yes
<19:31:08> [50B60100] --------------------------------------------------------------------------------
<19:31:08> [5921EDBE] Stream Engine Initialization
<19:31:08> [BA0D559B] Splash: Initializing Stream Engine...
<19:31:08> [939F6EBB] Enable Resolutions : 0
<19:31:08> [A30A84B6] can't enum display resolution modes
<19:31:08> [B324CD25] Screen Resolution - 1024x768
<19:31:08> [3778EA0B] Screen Resolution - 0 (1920x1080)
<19:31:08> [A1B107F0] Screen Resolution - Test OK (1920x1080)
<19:31:08> [A9E4B0F2] Network initialization
<19:31:08> [BA0D559B] Splash: Initializing Network System...
<19:31:08> [14FAD233] Socket I/O by iocp
<19:31:08> [E36A4FB9] Physics initialization
<19:31:08> [BA0D559B] Splash: Initializing Physics...
<19:31:08> [2462D581] MovieSystem initialization
<19:31:08> [BA0D559B] Splash: Initializing Movie System...
<19:31:08> [93287AEC] Renderer initialization - Start
<19:31:08> [BA0D559B] Splash: Initializing Renderer...
<19:31:08> [91207680] Renderer initialization - Open
<19:31:08> [4377E7CB] Renderer initialization - DLL Load(CryRenderD3D10.dll)
<19:31:08> [71203A94] Renderer initialization - DLL Done
<19:31:08> [71227C22] Renderer initialization - DLL Init
<19:31:08> [C653D9CB] Renderer initialization - Instance
<19:31:09> [F4516946] D3D Adapter: Description: AMD Radeon RX 7800 XT (RADV NAVI32)
<19:31:09> [A39C3A75] D3D Adapter: Driver version (UMD): 32.00.65535.65535
<19:31:09> [BC8C1ACB] D3D Adapter: VendorId = 0x1002
<19:31:09> [B6A10CFD] D3D Adapter: DeviceId = 0x747E
<19:31:09> [0678E702] D3D Adapter: SubSysId = 0x00000000
<19:31:09> [F2243F02] D3D Adapter: Revision = 0
<19:31:09> [A18DEBFF] Attempting to open TXAA context...
<19:31:09> [763FCAEF] TXAA startup failed -- status (1)
<19:31:09> [E571CFEE] Shader manager initialization
<19:31:10> [05BAAEF6] CResFile allocations incurred by user cache preload: (17814.05k)
<19:31:10> [911B73B8] Renderer initialization - Done
<19:31:10> [8E444EA9] Console initialization
<19:31:10> [2904A233] Time initialization
<19:31:10> [3650CFD6] Input initialization
<19:31:10> [BA0D559B] Splash: Initializing Input System...
<19:31:10> Initializing Keyboard
<19:31:10> [99640BF1] Sound initialization
<19:31:10> [BA0D559B] Splash: Initializing Sound System...
<19:31:10> [2C33885C] Sound - Initializing AudioDevice now!
<19:31:10> [E46760A9] <Sound> Initialize FMOD with dynamic memory callbacks
<19:31:12> [D6755BFD] <Sound> Starting to initialize Windows Audio Session API output! 
<19:31:12> [F7E8E3CD] <Sound> Drivers found: 6
<19:31:12> [9B899242] <Sound> Available drivers:
	1.	PulseAudio Output (PulseAudio Output)
	2.	Blue Microphones Analog Stereo (Blue Microphones Analog Stereo)
	3.	soundcore Liberty 4 NC (soundcore Liberty 4 NC)
	4.	Wireless Controller (Wireless Controller)
	5.	Navi 31 HDMI/DP Audio Digital Stereo (HDMI) (Navi 31 HDMI/DP Audio Digital Stereo (HDMI))
	6.	Family 17h/19h/1ah HD Audio Controller Analog Stereo (Family 17h/19h/1ah HD Audio Controller Analog Stereo)
<19:31:12> [A0BBF7E1] <Sound> FmodEx-AudioDevice: Now running on driver: PulseAudio Output (PulseAudio Output)
<19:31:12> [14D8EFE1] <Sound> Using speaker mode: FMOD_SPEAKERMODE_STEREO
<19:31:12> [E79C27E5] <Sound> Initializing FMOD-EX now!
<19:31:12> [E2A9FE08] <Sound> Available record drivers: 0 PulseAudio Input (PulseAudio Input) !
<19:31:12> [E2A9FE08] <Sound> Available record drivers: 1 soundcore Liberty 4 NC (soundcore Liberty 4 NC) !
<19:31:12> [E2A9FE08] <Sound> Available record drivers: 2 Family 17h/19h/1ah HD Audio Controller Analog Stereo (Family 17h/19h/1ah HD Audio Controller Analog Stereo) !
<19:31:12> [E2A9FE08] <Sound> Available record drivers: 3 Wireless Controller (Wireless Controller) !
<19:31:12> [E2A9FE08] <Sound> Available record drivers: 4 Blue Microphones Analog Stereo (Blue Microphones Analog Stereo) !
<19:31:12> [E2A9FE08] <Sound> Available record drivers: 5 Monitor of Family 17h/19h/1ah HD Audio Controller (Monitor of Family 17h/19h/1ah HD Audio Controller) !
<19:31:12> [E2A9FE08] <Sound> Available record drivers: 6 Monitor of Blue Microphones Analog Stereo (Monitor of Blue Microphones Analog Stereo) !
<19:31:12> [E2A9FE08] <Sound> Available record drivers: 7 Wireless Controller (Wireless Controller) !
<19:31:12> [E2A9FE08] <Sound> Available record drivers: 8 Monitor of soundcore Liberty 4 NC (Monitor of soundcore Liberty 4 NC) !
<19:31:12> [E2A9FE08] <Sound> Available record drivers: 9 Monitor of Navi 31 HDMI/DP Audio Digital Stereo (HDMI) (Monitor of Navi 31 HDMI/DP Audio Digital Stereo (HDMI)) !
<19:31:12> [6841BE38] <Sound> Record config is set to autodetect using record driver 0
<19:31:12> [7808B4C4] <Sound> Using FMOD version: 00044414 and internal 00044414!
<19:31:12> [2A2815C7] <Sound> Initialized FMOD-EX
<19:31:13> [BE4EF52E] Sound - Initializing SoundSystem now!
<19:31:13> [0D547471] Font initialization
<19:31:13> [BA0D559B] Splash: Initializing Fonts...
<19:31:13> [C194F7C8][Warning] Cannot load texture textures/defaults/replacemecm.tif, file missing [File=textures/defaults/replacemecm.dds]
<19:31:13> [84206398] AI initialization
<19:31:13> [1BC221DE] Initializing Animation System
<19:31:13> [BA0D559B] Splash: Initializing Animation System...
<19:31:13> [9E592EFE] Initializing 3D Engine
<19:31:13> [BA0D559B] Splash: Initializing 3D Engine...
<19:31:14> [637AF710][Warning] missing chr material : game/objects/characters/ferre/female/nude/Standard_22.mtl (chr: game/objects/characters/ferre/female/nude/fe_f_base.chr)
<19:31:14> [91F5AEEC][Warning] number of bones mismatch! game/objects/characters/ferre/female/nude/fe_f_base.chr=195 game/objects/characters/ferre/female/nude/fe_f_base_lod1.chr=185
<19:31:15> [7415A452] CHR PreCaching 25 Done
<19:31:15> [E7AD4E53] AddSharedMorphTargets - Failed to load objects/characters/dwarf/male/face/dw_m_face00.chr
<19:31:15> [61AD1790] MorphTargetPreCaching - objects/characters/dwarf/male/face/dw_m_face00.chr Add Failed
<19:31:15> [A4A6E4C6] MorphTarget PreCaching 11 Done
<19:31:15> [5ACB40E2] Init Face Makers
<19:31:15> [56B5985B] X2FaceMaker - game/objects/characters/nuian/male/face/nu_m_face01_mid.chr : mouth_UnderbiteOverbite target not exist
<19:31:15> [56B5985B] X2FaceMaker - game/objects/characters/nuian/male/face/nu_m_face01_mid.chr : mouth_UnderbiteOverbite target not exist
<19:31:15> [56B5985B] X2FaceMaker - game/objects/characters/nuian/male/face/nu_m_face01_mid.chr : mouth_UnderbiteOverbite target not exist
<19:31:15> [4ABB03EB] game/objects/characters/ferre/female/face/fe_f_face01_low.chr(303) - objects/characters/ferre/female/face/fe_f_face00.chr(3063) SharedMorph is not matched
<19:31:15> [56B5985B] X2FaceMaker - game/objects/characters/nuian/male/face/nu_m_face01_mid.chr : mouth_UnderbiteOverbite target not exist
<19:31:15> [56B5985B] X2FaceMaker - game/objects/characters/nuian/male/face/nu_m_face01_mid.chr : nose_dw_SeptumVol target not exist
<19:31:15> [56B5985B] X2FaceMaker - game/objects/characters/nuian/male/face/nu_m_face01_mid.chr : nose_dw_NasalZposition target not exist
<19:31:15> [56B5985B] X2FaceMaker - game/objects/characters/nuian/male/face/nu_m_face01_mid.chr : FS_dwEarSize target not exist
<19:31:15> [56B5985B] X2FaceMaker - game/objects/characters/nuian/male/face/nu_m_face01_mid.chr : dwarf_Morph target not exist
<19:31:15> [56B5985B] X2FaceMaker - game/objects/characters/nuian/male/face/nu_m_face01_mid.chr : FS_dw_CheekMeat_min target not exist
<19:31:15> [1191A6A8] X2FaceMaker - game/objects/characters/nuian/male/face/nu_m_face01_mid.chr : FS_dw_CheekMeat_max ex target not exist
<19:31:15> [56B5985B] X2FaceMaker - game/objects/characters/warborn/male/face/wa_m_face01_mid.chr : eye_Forehead target not exist
<19:31:15> [56B5985B] X2FaceMaker - game/objects/characters/warborn/male/face/wa_m_face01_mid.chr : eye_Tail_min target not exist
<19:31:15> [1191A6A8] X2FaceMaker - game/objects/characters/warborn/male/face/wa_m_face01_mid.chr : eye_Tail_max ex target not exist
<19:31:15> [56B5985B] X2FaceMaker - game/objects/characters/warborn/male/face/wa_m_face01_mid.chr : eye_WidthLength_min target not exist
<19:31:15> [1191A6A8] X2FaceMaker - game/objects/characters/warborn/male/face/wa_m_face01_mid.chr : eye_WidthLength_max ex target not exist
<19:31:15> [56B5985B] X2FaceMaker - game/objects/characters/warborn/male/face/wa_m_face01_mid.chr : eye_DoubleEyelidShape target not exist
<19:31:15> [56B5985B] X2FaceMaker - game/objects/characters/warborn/male/face/wa_m_face01_mid.chr : eye_BrowXposition target not exist
<19:31:15> [56B5985B] X2FaceMaker - game/objects/characters/warborn/male/face/wa_m_face01_mid.chr : eye_BrowZposition target not exist
<19:31:15> [56B5985B] X2FaceMaker - game/objects/characters/warborn/male/face/wa_m_face01_mid.chr : nose_Nostril target not exist
<19:31:15> [56B5985B] X2FaceMaker - game/objects/characters/warborn/male/face/wa_m_face01_mid.chr : nose_Size target not exist
<19:31:15> [56B5985B] X2FaceMaker - game/objects/characters/warborn/male/face/wa_m_face01_mid.chr : nose_SeptumZposition target not exist
<19:31:15> [56B5985B] X2FaceMaker - game/objects/characters/warborn/male/face/wa_m_face01_mid.chr : nose_End target not exist
<19:31:15> [56B5985B] X2FaceMaker - game/objects/characters/warborn/male/face/wa_m_face01_mid.chr : nose_Size target not exist
<19:31:15> [56B5985B] X2FaceMaker - game/objects/characters/warborn/male/face/wa_m_face01_mid.chr : mouth_UpperLipVolume target not exist
<19:31:15> [56B5985B] X2FaceMaker - game/objects/characters/warborn/male/face/wa_m_face01_mid.chr : mouth_LowerLipVolume target not exist
<19:31:15> [56B5985B] X2FaceMaker - game/objects/characters/warborn/male/face/wa_m_face01_mid.chr : mouth_UpperLipOpen target not exist
<19:31:15> [56B5985B] X2FaceMaker - game/objects/characters/warborn/male/face/wa_m_face01_mid.chr : mouth_LowerLipOpen target not exist
<19:31:15> [56B5985B] X2FaceMaker - game/objects/characters/warborn/male/face/wa_m_face01_mid.chr : mouth_MouthOpen target not exist
<19:31:15> [56B5985B] X2FaceMaker - game/objects/characters/warborn/male/face/wa_m_face01_mid.chr : mouth_Size target not exist
<19:31:15> [56B5985B] X2FaceMaker - game/objects/characters/warborn/male/face/wa_m_face01_mid.chr : mouth_Shape_min target not exist
<19:31:15> [1191A6A8] X2FaceMaker - game/objects/characters/warborn/male/face/wa_m_face01_mid.chr : mouth_Shape_max ex target not exist
<19:31:15> [56B5985B] X2FaceMaker - game/objects/characters/warborn/male/face/wa_m_face01_mid.chr : mouth_TeethZposition target not exist
<19:31:15> [56B5985B] X2FaceMaker - game/objects/characters/warborn/male/face/wa_m_face01_mid.chr : FS_JawHigh_min target not exist
<19:31:15> [1191A6A8] X2FaceMaker - game/objects/characters/warborn/male/face/wa_m_face01_mid.chr : FS_JawHigh_max ex target not exist
<19:31:15> [56B5985B] X2FaceMaker - game/objects/characters/warborn/male/face/wa_m_face01_mid.chr : FS_EarRotate_min target not exist
<19:31:15> [1191A6A8] X2FaceMaker - game/objects/characters/warborn/male/face/wa_m_face01_mid.chr : FS_EarRotate_max ex target not exist
<19:31:15> [56B5985B] X2FaceMaker - game/objects/characters/warborn/male/face/wa_m_face01_mid.chr : FS_Beard1 target not exist
<19:31:15> [56B5985B] X2FaceMaker - game/objects/characters/warborn/male/face/wa_m_face01_mid.chr : FS_Beard2 target not exist
<19:31:15> [56B5985B] X2FaceMaker - game/objects/characters/warborn/male/face/wa_m_face01_mid.chr : FS_Beard3 target not exist
<19:31:15> [56B5985B] X2FaceMaker - game/objects/characters/warborn/female/face/wa_f_face01_mid.chr : eye_Yposition_min target not exist
<19:31:15> [1191A6A8] X2FaceMaker - game/objects/characters/warborn/female/face/wa_f_face01_mid.chr : eye_Yposition_max ex target not exist
<19:31:15> [56B5985B] X2FaceMaker - game/objects/characters/warborn/female/face/wa_f_face01_mid.chr : FS_AllLowerY target not exist
<19:31:15> [56B5985B] X2FaceMaker - game/objects/characters/warborn/female/face/wa_f_face01_mid.chr : FS_AllRotate target not exist
<19:31:15> [56B5985B] X2FaceMaker - game/objects/characters/warborn/female/face/wa_f_face01_mid.chr : FS_AllY target not exist
<19:31:15> [56B5985B] X2FaceMaker - game/objects/characters/warborn/female/face/wa_f_face01_mid.chr : mouth_Open_min target not exist
<19:31:15> [1191A6A8] X2FaceMaker - game/objects/characters/warborn/female/face/wa_f_face01_mid.chr : mouth_Open_max ex target not exist
<19:31:15> [E320B5CE] Init Face Makers - Done!
<19:31:15> [581CA53C] Script System Initialization
<19:31:15> [BA0D559B] Splash: Initializing Script System...
<19:31:15> [000004EE][Warning] [Lua Error] 1_3_0/scripts/common.lua:276: attempt to index global 'Script' (a nil value)
<19:31:15> [58F3F7FF][Warning] <null>:0: [Lua Error] Failed to execute file @game/scriptsbin/common.alb
<19:31:15> [D8B2BA54] Entity system initialization
<19:31:15> [BA0D559B] Splash: Initializing Entity System...
<19:31:15> [D55F91B2][Warning] [CEntityClassRegistry] LoadClassDescription failed, Entity Class name Chick already registered
<19:31:15> [BA0D559B] Splash: Initializing AI System...
<19:31:15> [DA019954] Initializing AI System
<19:31:15> [2546BCC5] Initializing Budgeting System
<19:31:15> [C0E19025] Initializing Seamless System
<19:31:16> [BA0D559B] Splash: Loading Game Data...
<19:31:18> [90B8EC50][Warning] too many ranges: aoe_shapes descs 10156(10156) threshold 100 ranges 12
<19:31:18> [BA4AD6CE] Loading portal list
<19:31:18> [92597454] Portal added, enter: 3891, exit: 6629
<19:31:18> [92597454] Portal added, enter: 21448, exit: 21449
<19:31:18> [92597454] Portal added, enter: 21450, exit: 21451
<19:31:18> [92597454] Portal added, enter: 21452, exit: 21453
<19:31:18> [92597454] Portal added, enter: 21698, exit: 21699
<19:31:18> [92597454] Portal added, enter: 22023, exit: 22024
<19:31:18> [92597454] Portal added, enter: 22042, exit: 22066
<19:31:18> [92597454] Portal added, enter: 22136, exit: 22137
<19:31:18> [92597454] Portal added, enter: 22163, exit: 22164
<19:31:18> [92597454] Portal added, enter: 22184, exit: 22185
<19:31:18> [92597454] Portal added, enter: 22336, exit: 22337
<19:31:18> [92597454] Portal added, enter: 9000063, exit: 9000064
<19:31:18> [1C664009] End loading portal list
<19:31:18> [937812F7] loaded DDCMS (1396969 descs, 719156 links (17 page 16.95MB size) string) from game\db\compact.sqlite3 in 1464 ms
<19:31:18> [BA0D559B] Splash: Initializing Game System...
<19:31:18> [000004EE][Warning] [Lua Error] no localized ui text for 18 always_refund
<19:31:19> [0ADE3294][Warning] [MFX] Effect 'collisions:grenade' already present. Overriding.
<19:31:19> [311630D1][Warning] MFX WARNING: Material not found: mat_ice_breakable
<19:31:19>  
<19:31:19>    sys_spec = Custom (assuming 4)
<19:31:19>      option_anti_aliasing = 2 expected:3
<19:31:19>  
<19:31:19> [BA0D559B] Splash: Preparing Screen...
<19:31:19> [963385F6] Level System - Loading Start
<19:31:20> [806B6F8D] precaching world entities ..
<19:31:20> [7E39E0DE] precaching world entities .. done!  total (0) objects
<19:31:20> [D2B280D6] Vegetation Manager : Loading World(login2)
<19:31:20> [075AB92F] Vegetation Manager : Loading World - Done (total 36 vegetations)
<19:31:20> [B9410AA1] total 20 terrain world surfaces loaded
<19:31:20> Loading Particle Library: collisions
<19:31:20> Loading Particle Library: water
<19:31:20> Loading Particle Library: misc
<19:31:20> Loading Particle Library: ability_skill_table
<19:31:20> Loading Particle Library: ability_skill_table_k
<19:31:20> Loading Particle Library: abillity_skill_table_m
<19:31:20> Loading Particle Library: machinima
<19:31:20> Loading Particle Library: x2_effects
<19:31:21> Loading Particle Library: x2_effects_k
<19:31:21> [280A47E3] Precached total 2 materials
<19:31:21> [7B1A973B] seamless loading cell terrain(W0, 1), (L0, 0)
<19:31:21> [3EF08C47] seamless loading cell object(W0, 1), (L0, 0)
<19:31:21> [584C4FFD] [net 23:31:08.791]  dns ip:192.168.1.202
<19:31:21> [584C4FFD] [net 23:31:08.791]  dns ip:172.19.0.1
<19:31:21> [584C4FFD] [net 23:31:08.791]  dns ip:172.18.0.1
<19:31:21> [584C4FFD] [net 23:31:08.791]  dns ip:172.17.0.1
<19:31:21> [0DE3FA89][Error] CryAnimation: character-definition creation failed: game/objects/characters/elf/female/nude/el_f_kyprosa.cdf
<19:31:21> [13A58BA0][Error] CryAnimation: character-definition not found: game/objects/characters/elf/female/nude/el_f_kyprosa.cdf
<19:31:21> [4DD44108] Start DaruCommon Extension
<19:31:21> [1B425DA5] Duplicated post effect param! pszName = FilterMaskedBlurring_Amount
<19:31:21> [1B425DA5] Duplicated post effect param! pszName = FilterMaskedBlurring_MaskTexName
<19:31:21> [1B425DA5] Duplicated post effect param! pszName = FilterChromaShift_User_Amount
<19:31:21> [1B425DA5] Duplicated post effect param! pszName = FilterGrain_Amount
<19:31:21> [8F6BAA6C][Warning] Couldn't find console variable 'e_water_ocean_fft'
<19:31:21> Loading Particle Library: wind
<19:31:21> Loading Particle Library: X2_EFFECT_O
<19:31:21> [000004EE][Warning] Particle effect not found: '                                                                ', from ParticleEffect fx_land_green
<19:31:21> [12409CCC] Load Zone Finished
<19:31:21> [A39C1725] Level System - Loading Complete
<19:31:21> [27293DED] -----------------------------------------------------
<19:31:21> [120C18F5] * LOADING: 'loginbg4' loading time: 1.91 seconds
<19:31:21> [27293DED] -----------------------------------------------------
<19:31:21> [000004EE][Warning] [Lua Error] no client player exists
<19:31:21> [A13C772D][Warning] Cannot load texture ui/font_color.g, Image file format is invalid [File=ui/font_color.g]
<19:31:22> [000FABC5][Warning] CAreaGrid::BeginAreas() called before being initialized.
<19:31:27> [1D01FDCA] Auth: client connected to server
<19:31:27> [584C4FFD] [net 23:31:27.440]  socket ip:192.168.1.202
<19:31:27> [4C920A71] mac address : 74-56-3c-fe-52-f3
<19:31:28> [A13C772D][Warning] Cannot load texture ui/font_color.g, Image file format is invalid [File=ui/font_color.g]
<19:31:57> [05D024BA] System:Quit
