[801989E0] BackupNameAttachment=" Build(0) Date(12 September 2025) Time(00 03 36)"  -- used by backup system
[00000020]  
[38F38F32] Log Started at #c
[0232BD25] Running 32 bit version
[7AB6F5FE] Executable: C:\Games\AAClassic\bin32\archeage.exe
[E5C771AC] FileVersion: 3.5.0.0
[F799D55F] ProductVersion: 3.5.3.0
[1F1D6B13] Using Microsoft (tm) C++ Standard Library implementation
[00000020]  
[C7D96C80] Revision: 350000
[00000020]  
[64533E3E] this is the first client
<00:03:41> [B9197FD5][Error] ConsoleVariableGroup[option_effect] key[e_particles_lod_onoff] has no default
<00:03:41> [76666E6D] 
--- CPU detection ---
<00:03:41> [F4D992D8] CPU: AMD AMD Ryzen 7 7800X3D 8-Core Processor           
<00:03:41> [3F649B02] Family: 15, Model: 1, Stepping: 2
<00:03:41> [83D12E0B] FPU: On-Chip
<00:03:41> [50919DA0] CPU Speed (estimated): 4192.097977 MHz
<00:03:41> [C73FD83A] MMX: not present
<00:03:41> [89D1077A] SSE: present
<00:03:41> [64E2B6F1] 3DNow!: present
<00:03:41> [27B7AC6E] Serial number not present or disabled
<00:03:41> [1D2D8E5B] Number of logical processors: 16
<00:03:41> [FA658084] Number of available logical processors: 16
<00:03:41> [A1F061C2] Invariant Time Stamp Counter : yes
<00:03:41> [FA0251ED] ---------------------

<00:03:41> [03E7D838] Device Info
<00:03:41> [9F603516] Device Info - 1
<00:03:41> [9F603517] Device Info - 2
<00:03:41> [9F603518] Device Info - 3
<00:03:41> [9F603519] Device Info - 4
<00:03:41> [9F60351A] Device Info - 5
<00:03:41> [9F60351B] Device Info - 6
<00:03:41> [9F60351C] Device Info - 7
<00:03:41> [E98ECC28] Video Memory Info
<00:03:41> [D5FBE664] Video Memory - 1
<00:03:41> [D5FBE665] Video Memory - 2
<00:03:41> [D5FBE666] Video Memory - 3
<00:03:41> [D5FBE667] Video Memory - 4
<00:03:41> [D5FBE668] Video Memory - 5
<00:03:41> [D5FBE669] Video Memory - 6
<00:03:41> [D5FBE66A] Video Memory - 7
<00:03:41> [D5FBE66B] Video Memory - 8
<00:03:41> [3A4D54A2][Warning] config/gpu/amd.txt line 55 contains a multiple defined GPU rating!
<00:03:41> [D20872C0] InitThreadAffinities
<00:03:41> [2F28A434] UpdateMainThreadAffinity
<00:03:41> [16962512] Windows 8 64 bit (build 6.2.9200)
<00:03:41> [38DFF081] System language: English
<00:03:41> [861A0178] Windows Directory: "C:\windows"
<00:03:41> [341B54F1] Prerequisites...
<00:03:41> [5D1B3C9C] * Installation of KB940105 hotfix required: no! (either not needed or already installed)
<00:03:41> [16D02CC9] Local time is 00:03:41 09/12/25, system running for 1829 minutes
<00:03:41> [60D837E6] 63426MB physical memory installed, 21467MB available, 4095MB virtual memory installed, 66 percent of memory in use
<00:03:41> [31259232] PageFile usage: 
<00:03:41> [453F0D1B] Current display mode is 2560x1440x32
<00:03:41> [8A64FCCC] IBM enhanced (101/102-key) keyboard and 3+ button mouse installed
<00:03:41> [CE30556B] ----- GPU Detection -----------------
<00:03:41> [03E7D838] Device Info
<00:03:41> [9F603516] Device Info - 1
<00:03:41> [9F603517] Device Info - 2
<00:03:42> [9F603518] Device Info - 3
<00:03:42> [9F603519] Device Info - 4
<00:03:42> [9F60351A] Device Info - 5
<00:03:42> [9F60351B] Device Info - 6
<00:03:42> [9F60351C] Device Info - 7
<00:03:42> [E98ECC28] Video Memory Info
<00:03:42> [D5FBE664] Video Memory - 1
<00:03:42> [D5FBE665] Video Memory - 2
<00:03:42> [D5FBE666] Video Memory - 3
<00:03:42> [D5FBE667] Video Memory - 4
<00:03:42> [D5FBE668] Video Memory - 5
<00:03:42> [D5FBE669] Video Memory - 6
<00:03:42> [D5FBE66A] Video Memory - 7
<00:03:42> [D5FBE66B] Video Memory - 8
<00:03:42> [99EA404A]  AMD Radeon RX 7800 XT (RADV NAVI32) (vendor = 0x1002, device = 0x747e, subSys = 0x00000000)
<00:03:42> [77718B6A] -- Video memory: 4081 MB
<00:03:42> [30DF1863] -- Minimum SM 2.0 support: yes
<00:03:42> [13E11956] -- DX11 supported: yes
<00:03:42> [50B60100] --------------------------------------------------------------------------------
<00:03:42> [5921EDBE] Stream Engine Initialization
<00:03:42> [BA0D559B] Splash: Initializing Stream Engine...
<00:03:42> [939F6EBB] Enable Resolutions : 0
<00:03:42> [A30A84B6] can't enum display resolution modes
<00:03:42> [B324CD25] Screen Resolution - 1024x768
<00:03:42> [3778EA0B] Screen Resolution - 2 (2560x1440)
<00:03:42> [A1B107F0] Screen Resolution - Test OK (2560x1440)
<00:03:42> [A9E4B0F2] Network initialization
<00:03:42> [BA0D559B] Splash: Initializing Network System...
<00:03:42> [14FAD233] Socket I/O by iocp
<00:03:42> [E36A4FB9] Physics initialization
<00:03:42> [BA0D559B] Splash: Initializing Physics...
<00:03:42> [2462D581] MovieSystem initialization
<00:03:42> [BA0D559B] Splash: Initializing Movie System...
<00:03:42> [93287AEC] Renderer initialization - Start
<00:03:42> [BA0D559B] Splash: Initializing Renderer...
<00:03:42> [91207680] Renderer initialization - Open
<00:03:42> [4377E7CB] Renderer initialization - DLL Load(CryRenderD3D10.dll)
<00:03:42> [71203A94] Renderer initialization - DLL Done
<00:03:42> [71227C22] Renderer initialization - DLL Init
<00:03:42> [C653D9CB] Renderer initialization - Instance
<00:03:42> [F4516946] D3D Adapter: Description: AMD Radeon RX 7800 XT (RADV NAVI32)
<00:03:42> [A39C3A75] D3D Adapter: Driver version (UMD): 32.00.65535.65535
<00:03:42> [BC8C1ACB] D3D Adapter: VendorId = 0x1002
<00:03:42> [B6A10CFD] D3D Adapter: DeviceId = 0x747E
<00:03:42> [0678E702] D3D Adapter: SubSysId = 0x00000000
<00:03:42> [F2243F02] D3D Adapter: Revision = 0
<00:03:42> [A18DEBFF] Attempting to open TXAA context...
<00:03:42> [763FCAEF] TXAA startup failed -- status (1)
<00:03:42> [E571CFEE] Shader manager initialization
<00:03:43> [05BAAEF6] CResFile allocations incurred by user cache preload: (17814.05k)
<00:03:43> [911B73B8] Renderer initialization - Done
<00:03:43> [8E444EA9] Console initialization
<00:03:43> [2904A233] Time initialization
<00:03:43> [3650CFD6] Input initialization
<00:03:43> [BA0D559B] Splash: Initializing Input System...
<00:03:43> Initializing Keyboard
<00:03:43> [99640BF1] Sound initialization
<00:03:43> [BA0D559B] Splash: Initializing Sound System...
<00:03:43> [2C33885C] Sound - Initializing AudioDevice now!
<00:03:43> [E46760A9] <Sound> Initialize FMOD with dynamic memory callbacks
<00:03:45> [D6755BFD] <Sound> Starting to initialize Windows Audio Session API output! 
<00:03:45> [F7E8E3CD] <Sound> Drivers found: 5
<00:03:45> [5076AD4B] <Sound> Available drivers:
	1.	PulseAudio Output (PulseAudio Output)
	2.	Blue Microphones Analog Stereo (Blue Microphones Analog Stereo)
	3.	Wireless Controller (Wireless Controller)
	4.	Navi 31 HDMI/DP Audio Digital Stereo (HDMI) (Navi 31 HDMI/DP Audio Digital Stereo (HDMI))
	5.	Family 17h/19h/1ah HD Audio Controller Analog Stereo (Family 17h/19h/1ah HD Audio Controller Analog Stereo)
<00:03:45> [A0BBF7E1] <Sound> FmodEx-AudioDevice: Now running on driver: PulseAudio Output (PulseAudio Output)
<00:03:45> [14D8EFE1] <Sound> Using speaker mode: FMOD_SPEAKERMODE_STEREO
<00:03:45> [E79C27E5] <Sound> Initializing FMOD-EX now!
<00:03:45> [E2A9FE08] <Sound> Available record drivers: 0 PulseAudio Input (PulseAudio Input) !
<00:03:45> [E2A9FE08] <Sound> Available record drivers: 1 Family 17h/19h/1ah HD Audio Controller Analog Stereo (Family 17h/19h/1ah HD Audio Controller Analog Stereo) !
<00:03:45> [E2A9FE08] <Sound> Available record drivers: 2 Wireless Controller (Wireless Controller) !
<00:03:45> [E2A9FE08] <Sound> Available record drivers: 3 Blue Microphones Analog Stereo (Blue Microphones Analog Stereo) !
<00:03:45> [E2A9FE08] <Sound> Available record drivers: 4 Monitor of Family 17h/19h/1ah HD Audio Controller (Monitor of Family 17h/19h/1ah HD Audio Controller) !
<00:03:45> [E2A9FE08] <Sound> Available record drivers: 5 Monitor of Blue Microphones Analog Stereo (Monitor of Blue Microphones Analog Stereo) !
<00:03:45> [E2A9FE08] <Sound> Available record drivers: 6 Wireless Controller (Wireless Controller) !
<00:03:45> [E2A9FE08] <Sound> Available record drivers: 7 Monitor of Navi 31 HDMI/DP Audio Digital Stereo (HDMI) (Monitor of Navi 31 HDMI/DP Audio Digital Stereo (HDMI)) !
<00:03:45> [6841BE38] <Sound> Record config is set to autodetect using record driver 0
<00:03:45> [7808B4C4] <Sound> Using FMOD version: 00044414 and internal 00044414!
<00:03:45> [2A2815C7] <Sound> Initialized FMOD-EX
<00:03:45> [BE4EF52E] Sound - Initializing SoundSystem now!
<00:03:45> [0D547471] Font initialization
<00:03:45> [BA0D559B] Splash: Initializing Fonts...
<00:03:45> [C194F7C8][Warning] Cannot load texture textures/defaults/replacemecm.tif, file missing [File=textures/defaults/replacemecm.dds]
<00:03:45> [84206398] AI initialization
<00:03:45> [1BC221DE] Initializing Animation System
<00:03:45> [BA0D559B] Splash: Initializing Animation System...
<00:03:45> [9E592EFE] Initializing 3D Engine
<00:03:45> [BA0D559B] Splash: Initializing 3D Engine...
<00:03:46> [637AF710][Warning] missing chr material : game/objects/characters/ferre/female/nude/Standard_22.mtl (chr: game/objects/characters/ferre/female/nude/fe_f_base.chr)
<00:03:46> [91F5AEEC][Warning] number of bones mismatch! game/objects/characters/ferre/female/nude/fe_f_base.chr=195 game/objects/characters/ferre/female/nude/fe_f_base_lod1.chr=185
<00:03:47> [7415A452] CHR PreCaching 25 Done
<00:03:47> [E7AD4E53] AddSharedMorphTargets - Failed to load objects/characters/dwarf/male/face/dw_m_face00.chr
<00:03:47> [61AD1790] MorphTargetPreCaching - objects/characters/dwarf/male/face/dw_m_face00.chr Add Failed
<00:03:47> [A4A6E4C6] MorphTarget PreCaching 11 Done
<00:03:47> [5ACB40E2] Init Face Makers
<00:03:47> [56B5985B] X2FaceMaker - game/objects/characters/nuian/male/face/nu_m_face01_mid.chr : mouth_UnderbiteOverbite target not exist
<00:03:47> [56B5985B] X2FaceMaker - game/objects/characters/nuian/male/face/nu_m_face01_mid.chr : mouth_UnderbiteOverbite target not exist
<00:03:47> [56B5985B] X2FaceMaker - game/objects/characters/nuian/male/face/nu_m_face01_mid.chr : mouth_UnderbiteOverbite target not exist
<00:03:47> [4ABB03EB] game/objects/characters/ferre/female/face/fe_f_face01_low.chr(303) - objects/characters/ferre/female/face/fe_f_face00.chr(3063) SharedMorph is not matched
<00:03:47> [56B5985B] X2FaceMaker - game/objects/characters/nuian/male/face/nu_m_face01_mid.chr : mouth_UnderbiteOverbite target not exist
<00:03:47> [56B5985B] X2FaceMaker - game/objects/characters/nuian/male/face/nu_m_face01_mid.chr : nose_dw_SeptumVol target not exist
<00:03:47> [56B5985B] X2FaceMaker - game/objects/characters/nuian/male/face/nu_m_face01_mid.chr : nose_dw_NasalZposition target not exist
<00:03:47> [56B5985B] X2FaceMaker - game/objects/characters/nuian/male/face/nu_m_face01_mid.chr : FS_dwEarSize target not exist
<00:03:47> [56B5985B] X2FaceMaker - game/objects/characters/nuian/male/face/nu_m_face01_mid.chr : dwarf_Morph target not exist
<00:03:47> [56B5985B] X2FaceMaker - game/objects/characters/nuian/male/face/nu_m_face01_mid.chr : FS_dw_CheekMeat_min target not exist
<00:03:47> [1191A6A8] X2FaceMaker - game/objects/characters/nuian/male/face/nu_m_face01_mid.chr : FS_dw_CheekMeat_max ex target not exist
<00:03:47> [56B5985B] X2FaceMaker - game/objects/characters/warborn/male/face/wa_m_face01_mid.chr : eye_Forehead target not exist
<00:03:47> [56B5985B] X2FaceMaker - game/objects/characters/warborn/male/face/wa_m_face01_mid.chr : eye_Tail_min target not exist
<00:03:47> [1191A6A8] X2FaceMaker - game/objects/characters/warborn/male/face/wa_m_face01_mid.chr : eye_Tail_max ex target not exist
<00:03:47> [56B5985B] X2FaceMaker - game/objects/characters/warborn/male/face/wa_m_face01_mid.chr : eye_WidthLength_min target not exist
<00:03:47> [1191A6A8] X2FaceMaker - game/objects/characters/warborn/male/face/wa_m_face01_mid.chr : eye_WidthLength_max ex target not exist
<00:03:47> [56B5985B] X2FaceMaker - game/objects/characters/warborn/male/face/wa_m_face01_mid.chr : eye_DoubleEyelidShape target not exist
<00:03:47> [56B5985B] X2FaceMaker - game/objects/characters/warborn/male/face/wa_m_face01_mid.chr : eye_BrowXposition target not exist
<00:03:47> [56B5985B] X2FaceMaker - game/objects/characters/warborn/male/face/wa_m_face01_mid.chr : eye_BrowZposition target not exist
<00:03:47> [56B5985B] X2FaceMaker - game/objects/characters/warborn/male/face/wa_m_face01_mid.chr : nose_Nostril target not exist
<00:03:47> [56B5985B] X2FaceMaker - game/objects/characters/warborn/male/face/wa_m_face01_mid.chr : nose_Size target not exist
<00:03:47> [56B5985B] X2FaceMaker - game/objects/characters/warborn/male/face/wa_m_face01_mid.chr : nose_SeptumZposition target not exist
<00:03:47> [56B5985B] X2FaceMaker - game/objects/characters/warborn/male/face/wa_m_face01_mid.chr : nose_End target not exist
<00:03:47> [56B5985B] X2FaceMaker - game/objects/characters/warborn/male/face/wa_m_face01_mid.chr : nose_Size target not exist
<00:03:47> [56B5985B] X2FaceMaker - game/objects/characters/warborn/male/face/wa_m_face01_mid.chr : mouth_UpperLipVolume target not exist
<00:03:47> [56B5985B] X2FaceMaker - game/objects/characters/warborn/male/face/wa_m_face01_mid.chr : mouth_LowerLipVolume target not exist
<00:03:47> [56B5985B] X2FaceMaker - game/objects/characters/warborn/male/face/wa_m_face01_mid.chr : mouth_UpperLipOpen target not exist
<00:03:47> [56B5985B] X2FaceMaker - game/objects/characters/warborn/male/face/wa_m_face01_mid.chr : mouth_LowerLipOpen target not exist
<00:03:47> [56B5985B] X2FaceMaker - game/objects/characters/warborn/male/face/wa_m_face01_mid.chr : mouth_MouthOpen target not exist
<00:03:47> [56B5985B] X2FaceMaker - game/objects/characters/warborn/male/face/wa_m_face01_mid.chr : mouth_Size target not exist
<00:03:47> [56B5985B] X2FaceMaker - game/objects/characters/warborn/male/face/wa_m_face01_mid.chr : mouth_Shape_min target not exist
<00:03:47> [1191A6A8] X2FaceMaker - game/objects/characters/warborn/male/face/wa_m_face01_mid.chr : mouth_Shape_max ex target not exist
<00:03:47> [56B5985B] X2FaceMaker - game/objects/characters/warborn/male/face/wa_m_face01_mid.chr : mouth_TeethZposition target not exist
<00:03:47> [56B5985B] X2FaceMaker - game/objects/characters/warborn/male/face/wa_m_face01_mid.chr : FS_JawHigh_min target not exist
<00:03:47> [1191A6A8] X2FaceMaker - game/objects/characters/warborn/male/face/wa_m_face01_mid.chr : FS_JawHigh_max ex target not exist
<00:03:47> [56B5985B] X2FaceMaker - game/objects/characters/warborn/male/face/wa_m_face01_mid.chr : FS_EarRotate_min target not exist
<00:03:47> [1191A6A8] X2FaceMaker - game/objects/characters/warborn/male/face/wa_m_face01_mid.chr : FS_EarRotate_max ex target not exist
<00:03:47> [56B5985B] X2FaceMaker - game/objects/characters/warborn/male/face/wa_m_face01_mid.chr : FS_Beard1 target not exist
<00:03:47> [56B5985B] X2FaceMaker - game/objects/characters/warborn/male/face/wa_m_face01_mid.chr : FS_Beard2 target not exist
<00:03:47> [56B5985B] X2FaceMaker - game/objects/characters/warborn/male/face/wa_m_face01_mid.chr : FS_Beard3 target not exist
<00:03:47> [56B5985B] X2FaceMaker - game/objects/characters/warborn/female/face/wa_f_face01_mid.chr : eye_Yposition_min target not exist
<00:03:47> [1191A6A8] X2FaceMaker - game/objects/characters/warborn/female/face/wa_f_face01_mid.chr : eye_Yposition_max ex target not exist
<00:03:47> [56B5985B] X2FaceMaker - game/objects/characters/warborn/female/face/wa_f_face01_mid.chr : FS_AllLowerY target not exist
<00:03:47> [56B5985B] X2FaceMaker - game/objects/characters/warborn/female/face/wa_f_face01_mid.chr : FS_AllRotate target not exist
<00:03:47> [56B5985B] X2FaceMaker - game/objects/characters/warborn/female/face/wa_f_face01_mid.chr : FS_AllY target not exist
<00:03:47> [56B5985B] X2FaceMaker - game/objects/characters/warborn/female/face/wa_f_face01_mid.chr : mouth_Open_min target not exist
<00:03:47> [1191A6A8] X2FaceMaker - game/objects/characters/warborn/female/face/wa_f_face01_mid.chr : mouth_Open_max ex target not exist
<00:03:47> [E320B5CE] Init Face Makers - Done!
<00:03:47> [581CA53C] Script System Initialization
<00:03:47> [BA0D559B] Splash: Initializing Script System...
<00:03:47> [000004EE][Warning] [Lua Error] 1_3_0/scripts/common.lua:276: attempt to index global 'Script' (a nil value)
<00:03:47> [58F3F7FF][Warning] <null>:0: [Lua Error] Failed to execute file @game/scriptsbin/common.alb
<00:03:47> [D8B2BA54] Entity system initialization
<00:03:47> [BA0D559B] Splash: Initializing Entity System...
<00:03:47> [D55F91B2][Warning] [CEntityClassRegistry] LoadClassDescription failed, Entity Class name Chick already registered
<00:03:47> [BA0D559B] Splash: Initializing AI System...
<00:03:47> [DA019954] Initializing AI System
<00:03:47> [2546BCC5] Initializing Budgeting System
<00:03:47> [C0E19025] Initializing Seamless System
<00:03:47> [BA0D559B] Splash: Loading Game Data...
<00:03:49> [90B8EC50][Warning] too many ranges: aoe_shapes descs 10156(10156) threshold 100 ranges 12
<00:03:49> [BA4AD6CE] Loading portal list
<00:03:49> [92597454] Portal added, enter: 3891, exit: 6629
<00:03:49> [92597454] Portal added, enter: 21448, exit: 21449
<00:03:49> [92597454] Portal added, enter: 21450, exit: 21451
<00:03:49> [92597454] Portal added, enter: 21452, exit: 21453
<00:03:49> [92597454] Portal added, enter: 21698, exit: 21699
<00:03:49> [92597454] Portal added, enter: 22023, exit: 22024
<00:03:49> [92597454] Portal added, enter: 22042, exit: 22066
<00:03:49> [92597454] Portal added, enter: 22136, exit: 22137
<00:03:49> [92597454] Portal added, enter: 22163, exit: 22164
<00:03:49> [92597454] Portal added, enter: 22184, exit: 22185
<00:03:49> [92597454] Portal added, enter: 22336, exit: 22337
<00:03:49> [92597454] Portal added, enter: 9000063, exit: 9000064
<00:03:49> [1C664009] End loading portal list
<00:03:49> [937812F7] loaded DDCMS (1396969 descs, 719156 links (17 page 16.95MB size) string) from game\db\compact.sqlite3 in 1105 ms
<00:03:49> [BA0D559B] Splash: Initializing Game System...
<00:03:49> [000004EE][Warning] [Lua Error] no localized ui text for 18 always_refund
<00:03:50> [0ADE3294][Warning] [MFX] Effect 'collisions:grenade' already present. Overriding.
<00:03:50> [311630D1][Warning] MFX WARNING: Material not found: mat_ice_breakable
<00:03:50>  
<00:03:50>    sys_spec = Custom (assuming 4)
<00:03:50>      option_anti_aliasing = 2 expected:3
<00:03:50>  
<00:03:50> [BA0D559B] Splash: Preparing Screen...
<00:03:50> [3778EA0B] Screen Resolution - 2 (2560x1440)
<00:03:50> [A1B107F0] Screen Resolution - Test OK (2560x1440)
<00:03:50> [963385F6] Level System - Loading Start
<00:03:50> [806B6F8D] precaching world entities ..
<00:03:50> [7E39E0DE] precaching world entities .. done!  total (0) objects
<00:03:50> [D2B280D6] Vegetation Manager : Loading World(login2)
<00:03:50> [075AB92F] Vegetation Manager : Loading World - Done (total 36 vegetations)
<00:03:50> [B9410AA1] total 20 terrain world surfaces loaded
<00:03:50> Loading Particle Library: collisions
<00:03:50> Loading Particle Library: water
<00:03:50> Loading Particle Library: misc
<00:03:50> Loading Particle Library: ability_skill_table
<00:03:50> Loading Particle Library: ability_skill_table_k
<00:03:50> Loading Particle Library: abillity_skill_table_m
<00:03:51> Loading Particle Library: machinima
<00:03:51> Loading Particle Library: x2_effects
<00:03:51> Loading Particle Library: x2_effects_k
<00:03:51> [280A47E3] Precached total 2 materials
<00:03:51> [7B1A973B] seamless loading cell terrain(W0, 1), (L0, 0)
<00:03:51> [3EF08C47] seamless loading cell object(W0, 1), (L0, 0)
<00:03:51> [584C4FFD] [net 04:03:42.334]  dns ip:192.168.1.202
<00:03:51> [584C4FFD] [net 04:03:42.334]  dns ip:172.19.0.1
<00:03:51> [584C4FFD] [net 04:03:42.334]  dns ip:172.18.0.1
<00:03:51> [584C4FFD] [net 04:03:42.334]  dns ip:172.17.0.1
<00:03:51> [0DE3FA89][Error] CryAnimation: character-definition creation failed: game/objects/characters/elf/female/nude/el_f_kyprosa.cdf
<00:03:51> [13A58BA0][Error] CryAnimation: character-definition not found: game/objects/characters/elf/female/nude/el_f_kyprosa.cdf
<00:03:51> [4DD44108] Start DaruCommon Extension
<00:03:51> [1B425DA5] Duplicated post effect param! pszName = FilterMaskedBlurring_Amount
<00:03:51> [1B425DA5] Duplicated post effect param! pszName = FilterMaskedBlurring_MaskTexName
<00:03:51> [1B425DA5] Duplicated post effect param! pszName = FilterChromaShift_User_Amount
<00:03:51> [1B425DA5] Duplicated post effect param! pszName = FilterGrain_Amount
<00:03:51> [8F6BAA6C][Warning] Couldn't find console variable 'e_water_ocean_fft'
<00:03:51> [D2121932] Change resolution: 2560x1440x32 (Windowed)
<00:03:51> [583D6F38] Final resolution: 2560x1440x32 (Windowed)
<00:03:51> Loading Particle Library: wind
<00:03:51> Loading Particle Library: X2_EFFECT_O
<00:03:52> [000004EE][Warning] Particle effect not found: '                                                                ', from ParticleEffect fx_land_green
<00:03:52> [12409CCC] Load Zone Finished
<00:03:52> [A39C1725] Level System - Loading Complete
<00:03:52> [27293DED] -----------------------------------------------------
<00:03:52> [120C18F5] * LOADING: 'loginbg4' loading time: 1.50 seconds
<00:03:52> [27293DED] -----------------------------------------------------
<00:03:52> [000004EE][Warning] [Lua Error] no client player exists
<00:03:52> [A13C772D][Warning] Cannot load texture ui/font_color.g, Image file format is invalid [File=ui/font_color.g]
<00:03:52> [000FABC5][Warning] CAreaGrid::BeginAreas() called before being initialized.
<00:03:52> [9FC303B8][Error] [CVARS]: [DUPLICATE] CXConsole::RegisterFloat(): variable [ui_double_click_interval] is already registered
<00:03:52> [09F46B9D]     cl_fov = 90 []
<00:03:52> [09F46B9D]     camera_max_dist = 120 []
<00:03:52> [73861D69] Unknown command: name_tag_hp_width_on_bgmode 80
<00:03:52> [73861D69] Unknown command: name_tag_hp_height_on_bgmode 30
<00:03:52> [247165BA][Warning] Cannot load texture ui/login_stage/background/game_information.dds, file missing [File=ui/login_stage/background/game_information.dds]
<00:03:54> [1D01FDCA] Auth: client connected to server
<00:03:54> [584C4FFD] [net 04:03:54.695]  socket ip:192.168.1.202
<00:03:54> [4C920A71] mac address : 74-56-3c-fe-52-f3
<00:03:58> [05D024BA] System:Quit
