[801989E0] BackupNameAttachment=" Build(0) Date(15 September 2025) Time(19 41 01)"  -- used by backup system
[00000020]  
[38F38F32] Log Started at #c
[0232BD25] Running 32 bit version
[7AB6F5FE] Executable: C:\Games\AAClassic\bin32\archeage.exe
[E5C771AC] FileVersion: 3.5.0.0
[F799D55F] ProductVersion: 3.5.3.0
[1F1D6B13] Using Microsoft (tm) C++ Standard Library implementation
[00000020]  
[C7D96C80] Revision: 350000
[00000020]  
[64533E3E] this is the first client
<19:41:07> [B9197FD5][Error] ConsoleVariableGroup[option_effect] key[e_particles_lod_onoff] has no default
<19:41:07> [76666E6D] 
--- CPU detection ---
<19:41:07> [F4D992D8] CPU: AMD AMD Ryzen 7 7800X3D 8-Core Processor           
<19:41:07> [3F649B02] Family: 15, Model: 1, Stepping: 2
<19:41:07> [83D12E0B] FPU: On-Chip
<19:41:07> [50919DA0] CPU Speed (estimated): 4192.081178 MHz
<19:41:07> [C73FD83A] MMX: not present
<19:41:07> [89D1077A] SSE: present
<19:41:07> [64E2B6F1] 3DNow!: present
<19:41:07> [27B7AC6E] Serial number not present or disabled
<19:41:07> [1D2D8E5B] Number of logical processors: 16
<19:41:07> [FA658084] Number of available logical processors: 16
<19:41:07> [A1F061C2] Invariant Time Stamp Counter : yes
<19:41:07> [FA0251ED] ---------------------

<19:41:07> [03E7D838] Device Info
<19:41:07> [9F603516] Device Info - 1
<19:41:07> [9F603517] Device Info - 2
<19:41:07> [9F603518] Device Info - 3
<19:41:07> [9F603519] Device Info - 4
<19:41:07> [9F60351A] Device Info - 5
<19:41:07> [9F60351B] Device Info - 6
<19:41:07> [9F60351C] Device Info - 7
<19:41:07> [E98ECC28] Video Memory Info
<19:41:07> [D5FBE664] Video Memory - 1
<19:41:07> [D5FBE665] Video Memory - 2
<19:41:07> [D5FBE666] Video Memory - 3
<19:41:07> [D5FBE667] Video Memory - 4
<19:41:07> [D5FBE668] Video Memory - 5
<19:41:07> [D5FBE669] Video Memory - 6
<19:41:07> [D5FBE66A] Video Memory - 7
<19:41:07> [D5FBE66B] Video Memory - 8
<19:41:07> [3A4D54A2][Warning] config/gpu/amd.txt line 55 contains a multiple defined GPU rating!
<19:41:07> [D20872C0] InitThreadAffinities
<19:41:07> [2F28A434] UpdateMainThreadAffinity
<19:41:07> [16962512] Windows 8 64 bit (build 6.2.9200)
<19:41:07> [38DFF081] System language: English
<19:41:07> [861A0178] Windows Directory: "C:\windows"
<19:41:07> [341B54F1] Prerequisites...
<19:41:07> [5D1B3C9C] * Installation of KB940105 hotfix required: no! (either not needed or already installed)
<19:41:07> [B0F81FF7] Local time is 19:41:07 09/15/25, system running for 2179 minutes
<19:41:07> [EA4B34FD] 63426MB physical memory installed, 8773MB available, 4095MB virtual memory installed, 86 percent of memory in use
<19:41:07> [31259232] PageFile usage: 
<19:41:07> [453F0D1B] Current display mode is 2560x1440x32
<19:41:07> [8A64FCCC] IBM enhanced (101/102-key) keyboard and 3+ button mouse installed
<19:41:07> [CE30556B] ----- GPU Detection -----------------
<19:41:07> [03E7D838] Device Info
<19:41:07> [9F603516] Device Info - 1
<19:41:07> [9F603517] Device Info - 2
<19:41:07> [9F603518] Device Info - 3
<19:41:07> [9F603519] Device Info - 4
<19:41:07> [9F60351A] Device Info - 5
<19:41:07> [9F60351B] Device Info - 6
<19:41:07> [9F60351C] Device Info - 7
<19:41:07> [E98ECC28] Video Memory Info
<19:41:07> [D5FBE664] Video Memory - 1
<19:41:07> [D5FBE665] Video Memory - 2
<19:41:07> [D5FBE666] Video Memory - 3
<19:41:07> [D5FBE667] Video Memory - 4
<19:41:07> [D5FBE668] Video Memory - 5
<19:41:07> [D5FBE669] Video Memory - 6
<19:41:07> [D5FBE66A] Video Memory - 7
<19:41:07> [D5FBE66B] Video Memory - 8
<19:41:08> [99EA404A]  AMD Radeon RX 7800 XT (RADV NAVI32) (vendor = 0x1002, device = 0x747e, subSys = 0x00000000)
<19:41:08> [77718B6A] -- Video memory: 4081 MB
<19:41:08> [30DF1863] -- Minimum SM 2.0 support: yes
<19:41:08> [13E11956] -- DX11 supported: yes
<19:41:08> [50B60100] --------------------------------------------------------------------------------
<19:41:08> [5921EDBE] Stream Engine Initialization
<19:41:08> [BA0D559B] Splash: Initializing Stream Engine...
<19:41:08> [939F6EBB] Enable Resolutions : 0
<19:41:08> [A30A84B6] can't enum display resolution modes
<19:41:08> [B324CD25] Screen Resolution - 1024x768
<19:41:08> [3778EA0B] Screen Resolution - 1 (2560x1440)
<19:41:08> [A1B107F0] Screen Resolution - Test OK (2560x1440)
<19:41:08> [A9E4B0F2] Network initialization
<19:41:08> [BA0D559B] Splash: Initializing Network System...
<19:41:08> [14FAD233] Socket I/O by iocp
<19:41:08> [E36A4FB9] Physics initialization
<19:41:08> [BA0D559B] Splash: Initializing Physics...
<19:41:08> [2462D581] MovieSystem initialization
<19:41:08> [BA0D559B] Splash: Initializing Movie System...
<19:41:08> [93287AEC] Renderer initialization - Start
<19:41:08> [BA0D559B] Splash: Initializing Renderer...
<19:41:08> [91207680] Renderer initialization - Open
<19:41:08> [4377E7CB] Renderer initialization - DLL Load(CryRenderD3D9.dll)
<19:41:08> [71203A94] Renderer initialization - DLL Done
<19:41:08> [71227C22] Renderer initialization - DLL Init
<19:41:08> [C653D9CB] Renderer initialization - Instance
<19:41:08> [44D9754D] D3D Adapter: Driver name: aticfx32.dll
<19:41:08> [82BE8322] D3D Adapter: Driver description: AMD Radeon RX 7800 XT (RADV NAVI32)
<19:41:08> [2224501A] D3D Adapter: Driver version: 32767.65535.65535.65535
<19:41:08> [E8D1E30D] D3D Adapter: Driver GUID: 00000000-0003-0000-0000000000000000
<19:41:08> [BC8C1ACB] D3D Adapter: VendorId = 0x1002
<19:41:08> [B6A10CFD] D3D Adapter: DeviceId = 0x747E
<19:41:08> [0678E702] D3D Adapter: SubSysId = 0x00000000
<19:41:08> [F2243F0E] D3D Adapter: Revision = 0
<19:41:08> [E571CFEE] Shader manager initialization
<19:41:09> [05BAAEF6] CResFile allocations incurred by user cache preload: (20345.49k)
<19:41:09> [911B73B8] Renderer initialization - Done
<19:41:09> [8E444EA9] Console initialization
<19:41:09> [2904A233] Time initialization
<19:41:09> [3650CFD6] Input initialization
<19:41:09> [BA0D559B] Splash: Initializing Input System...
<19:41:09> Initializing Keyboard
<19:41:09> [99640BF1] Sound initialization
<19:41:09> [BA0D559B] Splash: Initializing Sound System...
<19:41:09> [2C33885C] Sound - Initializing AudioDevice now!
<19:41:09> [E46760A9] <Sound> Initialize FMOD with dynamic memory callbacks
<19:41:11> [D6755BFD] <Sound> Starting to initialize Windows Audio Session API output! 
<19:41:11> [F7E8E3CD] <Sound> Drivers found: 6
<19:41:11> [9B899242] <Sound> Available drivers:
	1.	PulseAudio Output (PulseAudio Output)
	2.	Blue Microphones Analog Stereo (Blue Microphones Analog Stereo)
	3.	soundcore Liberty 4 NC (soundcore Liberty 4 NC)
	4.	Wireless Controller (Wireless Controller)
	5.	Navi 31 HDMI/DP Audio Digital Stereo (HDMI) (Navi 31 HDMI/DP Audio Digital Stereo (HDMI))
	6.	Family 17h/19h/1ah HD Audio Controller Analog Stereo (Family 17h/19h/1ah HD Audio Controller Analog Stereo)
<19:41:11> [A0BBF7E1] <Sound> FmodEx-AudioDevice: Now running on driver: PulseAudio Output (PulseAudio Output)
<19:41:11> [14D8EFE1] <Sound> Using speaker mode: FMOD_SPEAKERMODE_STEREO
<19:41:11> [E79C27E5] <Sound> Initializing FMOD-EX now!
<19:41:11> [E2A9FE08] <Sound> Available record drivers: 0 PulseAudio Input (PulseAudio Input) !
<19:41:11> [E2A9FE08] <Sound> Available record drivers: 1 soundcore Liberty 4 NC (soundcore Liberty 4 NC) !
<19:41:11> [E2A9FE08] <Sound> Available record drivers: 2 Family 17h/19h/1ah HD Audio Controller Analog Stereo (Family 17h/19h/1ah HD Audio Controller Analog Stereo) !
<19:41:11> [E2A9FE08] <Sound> Available record drivers: 3 Wireless Controller (Wireless Controller) !
<19:41:11> [E2A9FE08] <Sound> Available record drivers: 4 Blue Microphones Analog Stereo (Blue Microphones Analog Stereo) !
<19:41:11> [E2A9FE08] <Sound> Available record drivers: 5 Monitor of Family 17h/19h/1ah HD Audio Controller (Monitor of Family 17h/19h/1ah HD Audio Controller) !
<19:41:11> [E2A9FE08] <Sound> Available record drivers: 6 Monitor of Blue Microphones Analog Stereo (Monitor of Blue Microphones Analog Stereo) !
<19:41:11> [E2A9FE08] <Sound> Available record drivers: 7 Wireless Controller (Wireless Controller) !
<19:41:11> [E2A9FE08] <Sound> Available record drivers: 8 Monitor of soundcore Liberty 4 NC (Monitor of soundcore Liberty 4 NC) !
<19:41:11> [E2A9FE08] <Sound> Available record drivers: 9 Monitor of Navi 31 HDMI/DP Audio Digital Stereo (HDMI) (Monitor of Navi 31 HDMI/DP Audio Digital Stereo (HDMI)) !
<19:41:11> [6841BE38] <Sound> Record config is set to autodetect using record driver 0
<19:41:11> [7808B4C4] <Sound> Using FMOD version: 00044414 and internal 00044414!
<19:41:11> [2A2815C7] <Sound> Initialized FMOD-EX
<19:41:11> [BE4EF52E] Sound - Initializing SoundSystem now!
<19:41:11> [0D547471] Font initialization
<19:41:11> [BA0D559B] Splash: Initializing Fonts...
<19:41:11> [C194F7C8][Warning] Cannot load texture textures/defaults/replacemecm.tif, file missing [File=textures/defaults/replacemecm.dds]
<19:41:11> [84206398] AI initialization
<19:41:11> [1BC221DE] Initializing Animation System
<19:41:11> [BA0D559B] Splash: Initializing Animation System...
<19:41:11> [9E592EFE] Initializing 3D Engine
<19:41:11> [BA0D559B] Splash: Initializing 3D Engine...
<19:41:12> [637AF710][Warning] missing chr material : game/objects/characters/ferre/female/nude/Standard_22.mtl (chr: game/objects/characters/ferre/female/nude/fe_f_base.chr)
<19:41:12> [91F5AEEC][Warning] number of bones mismatch! game/objects/characters/ferre/female/nude/fe_f_base.chr=195 game/objects/characters/ferre/female/nude/fe_f_base_lod1.chr=185
<19:41:13> [7415A452] CHR PreCaching 25 Done
<19:41:13> [E7AD4E53] AddSharedMorphTargets - Failed to load objects/characters/dwarf/male/face/dw_m_face00.chr
<19:41:13> [61AD1790] MorphTargetPreCaching - objects/characters/dwarf/male/face/dw_m_face00.chr Add Failed
<19:41:13> [A4A6E4C6] MorphTarget PreCaching 11 Done
<19:41:13> [5ACB40E2] Init Face Makers
<19:41:13> [56B5985B] X2FaceMaker - game/objects/characters/nuian/male/face/nu_m_face01_mid.chr : mouth_UnderbiteOverbite target not exist
<19:41:13> [56B5985B] X2FaceMaker - game/objects/characters/nuian/male/face/nu_m_face01_mid.chr : mouth_UnderbiteOverbite target not exist
<19:41:13> [56B5985B] X2FaceMaker - game/objects/characters/nuian/male/face/nu_m_face01_mid.chr : mouth_UnderbiteOverbite target not exist
<19:41:13> [4ABB03EB] game/objects/characters/ferre/female/face/fe_f_face01_low.chr(303) - objects/characters/ferre/female/face/fe_f_face00.chr(3063) SharedMorph is not matched
<19:41:13> [56B5985B] X2FaceMaker - game/objects/characters/nuian/male/face/nu_m_face01_mid.chr : mouth_UnderbiteOverbite target not exist
<19:41:13> [56B5985B] X2FaceMaker - game/objects/characters/nuian/male/face/nu_m_face01_mid.chr : nose_dw_SeptumVol target not exist
<19:41:13> [56B5985B] X2FaceMaker - game/objects/characters/nuian/male/face/nu_m_face01_mid.chr : nose_dw_NasalZposition target not exist
<19:41:13> [56B5985B] X2FaceMaker - game/objects/characters/nuian/male/face/nu_m_face01_mid.chr : FS_dwEarSize target not exist
<19:41:13> [56B5985B] X2FaceMaker - game/objects/characters/nuian/male/face/nu_m_face01_mid.chr : dwarf_Morph target not exist
<19:41:13> [56B5985B] X2FaceMaker - game/objects/characters/nuian/male/face/nu_m_face01_mid.chr : FS_dw_CheekMeat_min target not exist
<19:41:13> [1191A6A8] X2FaceMaker - game/objects/characters/nuian/male/face/nu_m_face01_mid.chr : FS_dw_CheekMeat_max ex target not exist
<19:41:13> [56B5985B] X2FaceMaker - game/objects/characters/warborn/male/face/wa_m_face01_mid.chr : eye_Forehead target not exist
<19:41:13> [56B5985B] X2FaceMaker - game/objects/characters/warborn/male/face/wa_m_face01_mid.chr : eye_Tail_min target not exist
<19:41:13> [1191A6A8] X2FaceMaker - game/objects/characters/warborn/male/face/wa_m_face01_mid.chr : eye_Tail_max ex target not exist
<19:41:13> [56B5985B] X2FaceMaker - game/objects/characters/warborn/male/face/wa_m_face01_mid.chr : eye_WidthLength_min target not exist
<19:41:13> [1191A6A8] X2FaceMaker - game/objects/characters/warborn/male/face/wa_m_face01_mid.chr : eye_WidthLength_max ex target not exist
<19:41:13> [56B5985B] X2FaceMaker - game/objects/characters/warborn/male/face/wa_m_face01_mid.chr : eye_DoubleEyelidShape target not exist
<19:41:13> [56B5985B] X2FaceMaker - game/objects/characters/warborn/male/face/wa_m_face01_mid.chr : eye_BrowXposition target not exist
<19:41:13> [56B5985B] X2FaceMaker - game/objects/characters/warborn/male/face/wa_m_face01_mid.chr : eye_BrowZposition target not exist
<19:41:13> [56B5985B] X2FaceMaker - game/objects/characters/warborn/male/face/wa_m_face01_mid.chr : nose_Nostril target not exist
<19:41:13> [56B5985B] X2FaceMaker - game/objects/characters/warborn/male/face/wa_m_face01_mid.chr : nose_Size target not exist
<19:41:13> [56B5985B] X2FaceMaker - game/objects/characters/warborn/male/face/wa_m_face01_mid.chr : nose_SeptumZposition target not exist
<19:41:13> [56B5985B] X2FaceMaker - game/objects/characters/warborn/male/face/wa_m_face01_mid.chr : nose_End target not exist
<19:41:13> [56B5985B] X2FaceMaker - game/objects/characters/warborn/male/face/wa_m_face01_mid.chr : nose_Size target not exist
<19:41:13> [56B5985B] X2FaceMaker - game/objects/characters/warborn/male/face/wa_m_face01_mid.chr : mouth_UpperLipVolume target not exist
<19:41:13> [56B5985B] X2FaceMaker - game/objects/characters/warborn/male/face/wa_m_face01_mid.chr : mouth_LowerLipVolume target not exist
<19:41:13> [56B5985B] X2FaceMaker - game/objects/characters/warborn/male/face/wa_m_face01_mid.chr : mouth_UpperLipOpen target not exist
<19:41:13> [56B5985B] X2FaceMaker - game/objects/characters/warborn/male/face/wa_m_face01_mid.chr : mouth_LowerLipOpen target not exist
<19:41:13> [56B5985B] X2FaceMaker - game/objects/characters/warborn/male/face/wa_m_face01_mid.chr : mouth_MouthOpen target not exist
<19:41:13> [56B5985B] X2FaceMaker - game/objects/characters/warborn/male/face/wa_m_face01_mid.chr : mouth_Size target not exist
<19:41:13> [56B5985B] X2FaceMaker - game/objects/characters/warborn/male/face/wa_m_face01_mid.chr : mouth_Shape_min target not exist
<19:41:13> [1191A6A8] X2FaceMaker - game/objects/characters/warborn/male/face/wa_m_face01_mid.chr : mouth_Shape_max ex target not exist
<19:41:13> [56B5985B] X2FaceMaker - game/objects/characters/warborn/male/face/wa_m_face01_mid.chr : mouth_TeethZposition target not exist
<19:41:13> [56B5985B] X2FaceMaker - game/objects/characters/warborn/male/face/wa_m_face01_mid.chr : FS_JawHigh_min target not exist
<19:41:13> [1191A6A8] X2FaceMaker - game/objects/characters/warborn/male/face/wa_m_face01_mid.chr : FS_JawHigh_max ex target not exist
<19:41:13> [56B5985B] X2FaceMaker - game/objects/characters/warborn/male/face/wa_m_face01_mid.chr : FS_EarRotate_min target not exist
<19:41:13> [1191A6A8] X2FaceMaker - game/objects/characters/warborn/male/face/wa_m_face01_mid.chr : FS_EarRotate_max ex target not exist
<19:41:13> [56B5985B] X2FaceMaker - game/objects/characters/warborn/male/face/wa_m_face01_mid.chr : FS_Beard1 target not exist
<19:41:13> [56B5985B] X2FaceMaker - game/objects/characters/warborn/male/face/wa_m_face01_mid.chr : FS_Beard2 target not exist
<19:41:13> [56B5985B] X2FaceMaker - game/objects/characters/warborn/male/face/wa_m_face01_mid.chr : FS_Beard3 target not exist
<19:41:14> [56B5985B] X2FaceMaker - game/objects/characters/warborn/female/face/wa_f_face01_mid.chr : eye_Yposition_min target not exist
<19:41:14> [1191A6A8] X2FaceMaker - game/objects/characters/warborn/female/face/wa_f_face01_mid.chr : eye_Yposition_max ex target not exist
<19:41:14> [56B5985B] X2FaceMaker - game/objects/characters/warborn/female/face/wa_f_face01_mid.chr : FS_AllLowerY target not exist
<19:41:14> [56B5985B] X2FaceMaker - game/objects/characters/warborn/female/face/wa_f_face01_mid.chr : FS_AllRotate target not exist
<19:41:14> [56B5985B] X2FaceMaker - game/objects/characters/warborn/female/face/wa_f_face01_mid.chr : FS_AllY target not exist
<19:41:14> [56B5985B] X2FaceMaker - game/objects/characters/warborn/female/face/wa_f_face01_mid.chr : mouth_Open_min target not exist
<19:41:14> [1191A6A8] X2FaceMaker - game/objects/characters/warborn/female/face/wa_f_face01_mid.chr : mouth_Open_max ex target not exist
<19:41:14> [E320B5CE] Init Face Makers - Done!
<19:41:14> [581CA53C] Script System Initialization
<19:41:14> [BA0D559B] Splash: Initializing Script System...
<19:41:14> [000004EE][Warning] [Lua Error] 1_3_0/scripts/common.lua:276: attempt to index global 'Script' (a nil value)
<19:41:14> [58F3F7FF][Warning] <null>:0: [Lua Error] Failed to execute file @game/scriptsbin/common.alb
<19:41:14> [D8B2BA54] Entity system initialization
<19:41:14> [BA0D559B] Splash: Initializing Entity System...
<19:41:14> [D55F91B2][Warning] [CEntityClassRegistry] LoadClassDescription failed, Entity Class name Chick already registered
<19:41:14> [BA0D559B] Splash: Initializing AI System...
<19:41:14> [DA019954] Initializing AI System
<19:41:14> [2546BCC5] Initializing Budgeting System
<19:41:14> [C0E19025] Initializing Seamless System
<19:41:14> [BA0D559B] Splash: Loading Game Data...
<19:41:15> [90B8EC50][Warning] too many ranges: aoe_shapes descs 10156(10156) threshold 100 ranges 12
<19:41:16> [BA4AD6CE] Loading portal list
<19:41:16> [92597454] Portal added, enter: 3891, exit: 6629
<19:41:16> [92597454] Portal added, enter: 21448, exit: 21449
<19:41:16> [92597454] Portal added, enter: 21450, exit: 21451
<19:41:16> [92597454] Portal added, enter: 21452, exit: 21453
<19:41:16> [92597454] Portal added, enter: 21698, exit: 21699
<19:41:16> [92597454] Portal added, enter: 22023, exit: 22024
<19:41:16> [92597454] Portal added, enter: 22042, exit: 22066
<19:41:16> [92597454] Portal added, enter: 22136, exit: 22137
<19:41:16> [92597454] Portal added, enter: 22163, exit: 22164
<19:41:16> [92597454] Portal added, enter: 22184, exit: 22185
<19:41:16> [92597454] Portal added, enter: 22336, exit: 22337
<19:41:16> [92597454] Portal added, enter: 9000063, exit: 9000064
<19:41:16> [1C664009] End loading portal list
<19:41:16> [937812F7] loaded DDCMS (1396969 descs, 719156 links (17 page 16.95MB size) string) from game\db\compact.sqlite3 in 1080 ms
<19:41:16> [BA0D559B] Splash: Initializing Game System...
<19:41:16> [000004EE][Warning] [Lua Error] no localized ui text for 18 always_refund
<19:41:17> [0ADE3294][Warning] [MFX] Effect 'collisions:grenade' already present. Overriding.
<19:41:17> [311630D1][Warning] MFX WARNING: Material not found: mat_ice_breakable
<19:41:17>  
<19:41:17>    sys_spec = Custom (assuming 4)
<19:41:17>      option_anti_aliasing = 2 expected:3
<19:41:17>  
<19:41:17> [BA0D559B] Splash: Preparing Screen...
<19:41:17> [3778EA0B] Screen Resolution - 1 (2560x1440)
<19:41:17> [A1B107F0] Screen Resolution - Test OK (2560x1440)
<19:41:17> [963385F6] Level System - Loading Start
<19:41:17> [D2121932] Change resolution: 2560x1440x32 (Fullscreen)
<19:41:17> [583D6F38] Final resolution: 2560x1440x32 (Fullscreen)
<19:41:17> [806B6F8D] precaching world entities ..
<19:41:17> [7E39E0DE] precaching world entities .. done!  total (0) objects
<19:41:17> [D2B280D6] Vegetation Manager : Loading World(login2)
<19:41:17> [075AB92F] Vegetation Manager : Loading World - Done (total 36 vegetations)
<19:41:17> [B9410AA1] total 20 terrain world surfaces loaded
<19:41:17> Loading Particle Library: collisions
<19:41:17> Loading Particle Library: water
<19:41:17> Loading Particle Library: misc
<19:41:17> Loading Particle Library: ability_skill_table
<19:41:17> Loading Particle Library: ability_skill_table_k
<19:41:17> Loading Particle Library: abillity_skill_table_m
<19:41:18> Loading Particle Library: machinima
<19:41:18> Loading Particle Library: x2_effects
<19:41:18> Loading Particle Library: x2_effects_k
<19:41:18> [280A47E3] Precached total 2 materials
<19:41:18> [7B1A973B] seamless loading cell terrain(W0, 1), (L0, 0)
<19:41:18> [3EF08C47] seamless loading cell object(W0, 1), (L0, 0)
<19:41:18> [584C4FFD] [net 23:41:08.295]  dns ip:192.168.1.202
<19:41:18> [584C4FFD] [net 23:41:08.295]  dns ip:172.17.0.1
<19:41:18> [584C4FFD] [net 23:41:08.295]  dns ip:172.19.0.1
<19:41:18> [584C4FFD] [net 23:41:08.295]  dns ip:172.18.0.1
<19:41:18> [0DE3FA89][Error] CryAnimation: character-definition creation failed: game/objects/characters/elf/female/nude/el_f_kyprosa.cdf
<19:41:18> [13A58BA0][Error] CryAnimation: character-definition not found: game/objects/characters/elf/female/nude/el_f_kyprosa.cdf
<19:41:18> [4DD44108] Start DaruCommon Extension
<19:41:18> [1B425DA5] Duplicated post effect param! pszName = FilterMaskedBlurring_Amount
<19:41:18> [1B425DA5] Duplicated post effect param! pszName = FilterMaskedBlurring_MaskTexName
<19:41:18> [1B425DA5] Duplicated post effect param! pszName = FilterChromaShift_User_Amount
<19:41:18> [1B425DA5] Duplicated post effect param! pszName = FilterGrain_Amount
<19:41:18> [8F6BAA6C][Warning] Couldn't find console variable 'e_water_ocean_fft'
<19:41:18> Loading Particle Library: wind
<19:41:19> Loading Particle Library: X2_EFFECT_O
<19:41:19> [000004EE][Warning] Particle effect not found: '                                                                ', from ParticleEffect fx_land_green
<19:41:19> [12409CCC] Load Zone Finished
<19:41:19> [A39C1725] Level System - Loading Complete
<19:41:19> [27293DED] -----------------------------------------------------
<19:41:19> [120C18F5] * LOADING: 'loginbg4' loading time: 1.58 seconds
<19:41:19> [27293DED] -----------------------------------------------------
<19:41:19> [000004EE][Warning] [Lua Error] no client player exists
<19:41:19> [A13C772D][Warning] Cannot load texture ui/font_color.g, Image file format is invalid [File=ui/font_color.g]
<19:41:19> [9FC303B8][Error] [CVARS]: [DUPLICATE] CXConsole::RegisterFloat(): variable [ui_double_click_interval] is already registered
<19:41:19> [09F46B9D]     cl_fov = 90 []
<19:41:19> [09F46B9D]     camera_max_dist = 180 []
<19:41:19> [73861D69] Unknown command: name_tag_hp_width_on_bgmode 80
<19:41:19> [73861D69] Unknown command: name_tag_hp_height_on_bgmode 30
<19:41:19> [000FABC5][Warning] CAreaGrid::BeginAreas() called before being initialized.
<19:41:19> [000004EE][Warning] I3DEngine::RegisterEntity: entity reports invalid position: Name: LightEntityName (), Class: LightEntityClass, Pos=(515.8,6996.2,587.4), aabb center=(0.0,40.0,0.0)
<19:41:23> [11E02DA3][Warning] Cannot load texture textures/defaults/16_12.dds, file missing [File=textures/defaults/16_12.dds]
<19:41:24> [1D01FDCA] Auth: client connected to server
<19:41:24> [584C4FFD] [net 23:41:24.846]  socket ip:192.168.1.202
<19:41:24> [4C920A71] mac address : 74-56-3c-fe-52-f3
<19:41:26> [A13C772D][Warning] Cannot load texture ui/font_color.g, Image file format is invalid [File=ui/font_color.g]
<19:41:27> [584C4FFD] [net 23:41:27.896] connection requested to: 192.95.21.64:1239
<19:41:27> [4ABA7BDB] Auth: client disconnected (reason=0)
<19:41:27> [0F08E548] [NetConnection] connect completed (succeeded:true)
<19:41:28> [48F7BDF2] invalid world id in world queue packet
<19:41:28> [26623ECA] ucc info.. 5 0
<19:41:28> [4516816D] pay method: person
<19:41:28> [4AA30841] pay location: person
<19:41:28> [ADF1C07E] pay start: 1900-1-1 00:00:00
<19:41:28> [6486A277] pay end: 1900-1-1 00:00:00
<19:41:28> [FFF6198C] premium point: 0
<19:41:28> [481C0862] premium grade: premium_0
<19:41:28> [88D9AB0C] real pay time: 32681471508480
<19:41:28> [9FC303B8][Error] [CVARS]: [DUPLICATE] CXConsole::RegisterFloat(): variable [camera_max_dist] is already registered
<19:41:28> [34CCC219] stream: connected to world server
<19:41:28> [06A46B5B] stream: authorized by world server
<19:41:28> [4516816D] pay method: person
<19:41:28> [4AA30841] pay location: person
<19:41:28> [ADF1C07E] pay start: 1900-1-1 00:00:00
<19:41:28> [6486A277] pay end: 2037-12-31 16:00:00
<19:41:28> [FFF6198C] premium point: 0
<19:41:28> [481C0862] premium grade: premium_0
<19:41:28> [88D9AB0C] real pay time: -1
<19:41:28> [82321C2B][Warning] [net 23:41:28.670] [time] remote time estimation restarted; estimate accumulator age was 130787.132813
<19:41:30> [000004EE][Warning] [Lua Error] no localized ui text for 18 always_refund
<19:41:30> [09F46B9D]     cl_fov = 90 []
<19:41:30> [09F46B9D]     camera_max_dist = 180 []
<19:41:30> [09F46B9D]     name_tag_hp_width_on_bgmode = 80 []
<19:41:30> [09F46B9D]     name_tag_hp_height_on_bgmode = 30 []
<19:41:30> [06E6A3E9][Warning] Cannot load texture ui/login_stage/queue.dds, file missing [File=ui/login_stage/queue.dds]
<19:41:30> [000004EE][Warning] RenderMesh not assigned game/objects/box_nodraw.cgf
<19:41:31> [A13C772D][Warning] Cannot load texture ui/font_color.g, Image file format is invalid [File=ui/font_color.g]
<19:41:31> [DA579B6C][Error] can't load client driven connect info.. Kompy
<19:41:36> [9FC303B8][Error] [CVARS]: [DUPLICATE] CXConsole::RegisterFloat(): variable [ui_double_click_interval] is already registered
<19:41:36> [0DE3FA89][Error] CryAnimation: character-definition creation failed: game/objects/characters/returned/female/nude/re_f.cdf
<19:41:37> [6FF68EA5] SetInstantTime: type 0 time 0
<19:41:37> [6FF68EA5] SetInstantTime: type 1 time 1757940731
<19:41:37> [6FF68EA5] SetInstantTime: type 2 time 1757821854
<19:41:37> [6FF68EA5] SetInstantTime: type 3 time 0
<19:41:37> [6FF68EA5] SetInstantTime: type 4 time 0
<19:41:37> [6FF68EA5] SetInstantTime: type 5 time 0
<19:41:37> [6FF68EA5] SetInstantTime: type 6 time 0
<19:41:37> [6FF68EA5] SetInstantTime: type 7 time 1757950406
<19:41:37> [82321C2B][Warning] [net 23:41:37.106] [time] remote time estimation restarted; estimate accumulator age was 3.021176
<19:41:37> [0E61BD35] ExpeditionMember 20 added
<19:41:37> [0E61BD35] ExpeditionMember 20 added
<19:41:37> [0E61BD35] ExpeditionMember 20 added
<19:41:37> [0E61BD35] ExpeditionMember 17 added
<19:41:37> [1EBA13B3][Warning] count not matched; total=150; size=77
<19:41:37> [966861E8][Warning] GetAllPolicies empty
<19:41:37> [67B7DD8A][Warning] my ExpeditionMemberDesc not exist
<19:41:37> [7AB931CE] seamless unloading cell object(W0, 0), (L0, 0)
<19:41:37> [4B1E8B22] unload cell object count : 1511
<19:41:37> [B866A294] seamless unloading cell terrain(W0, 0), (L0, 0)
<19:41:37> [963385F6] Level System - Loading Start
<19:41:37> [E0E0EDAE][Warning] failed to load zone time of day from game/worlds/main_world/zone/225//time_of_day.xml
<19:41:37> [AB17243B][Warning] failed to load zone environment from game/worlds/main_world/zone/309//env.xml
<19:41:37> [35D4413E][Warning] failed to load zone clouds from game/worlds/main_world/zone/309//clouds.xml
<19:41:37> [806B6F8D] precaching world entities ..
<19:41:37> [7E39E0DE] precaching world entities .. done!  total (1778) objects
<19:41:37> [D2B280D6] Vegetation Manager : Loading World(main_world)
<19:41:38> [075AB92F] Vegetation Manager : Loading World - Done (total 3055 vegetations)
<19:41:38> [000004EE][Error] CTerrain::LoadWorldSurfaces: Error loading material: materials/Terrain/gweonidforest/w_forest_road_a1
<19:41:38> [751FFB9E][Warning] Error: CShaderMan::mfCreateShaderResources: Couldn't find detail texture
'game/textures/aa_terrain/canyon/tr_canyon_rock_616a_ddn.tga' in path '' [File=game/textures/aa_terrain/canyon/tr_canyon_rock_616a_ddn.tga]
<19:41:38> [B9410AA1] total 600 terrain world surfaces loaded
<19:41:38> [280A47E3] Precached total 4 materials
<19:41:38> [7B1A973B] seamless loading cell terrain(W8, 8), (L4, 4)
<19:41:38> [7B1A973B] seamless loading cell terrain(W8, 7), (L4, 3)
<19:41:38> [7B1A973B] seamless loading cell terrain(W9, 8), (L5, 4)
<19:41:38> [7B1A973B] seamless loading cell terrain(W9, 7), (L5, 3)
<19:41:38> [7B1A973B] seamless loading cell terrain(W7, 8), (L3, 4)
<19:41:38> [7B1A973B] seamless loading cell terrain(W7, 7), (L3, 3)
<19:41:38> [7B1A973B] seamless loading cell terrain(W8, 9), (L4, 5)
<19:41:38> [7B1A973B] seamless loading cell terrain(W8, 6), (L4, 2)
<19:41:38> [7B1A973B] seamless loading cell terrain(W9, 9), (L5, 5)
<19:41:38> [7B1A973B] seamless loading cell terrain(W9, 6), (L5, 2)
<19:41:38> [7B1A973B] seamless loading cell terrain(W7, 9), (L3, 5)
<19:41:38> [7B1A973B] seamless loading cell terrain(W10, 8), (L6, 4)
<19:41:38> [7B1A973B] seamless loading cell terrain(W7, 6), (L3, 2)
<19:41:38> [7B1A973B] seamless loading cell terrain(W10, 7), (L6, 3)
<19:41:38> [7B1A973B] seamless loading cell terrain(W6, 8), (L2, 4)
<19:41:38> [7B1A973B] seamless loading cell terrain(W6, 7), (L2, 3)
<19:41:38> [7B1A973B] seamless loading cell terrain(W10, 9), (L6, 5)
<19:41:38> [7B1A973B] seamless loading cell terrain(W10, 6), (L6, 2)
<19:41:38> [7B1A973B] seamless loading cell terrain(W8, 10), (L4, 6)
<19:41:38> [7B1A973B] seamless loading cell terrain(W8, 5), (L4, 1)
<19:41:38> [7B1A973B] seamless loading cell terrain(W6, 9), (L2, 5)
<19:41:38> [7B1A973B] seamless loading cell terrain(W9, 10), (L5, 6)
<19:41:38> [7B1A973B] seamless loading cell terrain(W6, 6), (L2, 2)
<19:41:38> [7B1A973B] seamless loading cell terrain(W9, 5), (L5, 1)
<19:41:38> [7B1A973B] seamless loading cell terrain(W7, 10), (L3, 6)
<19:41:38> [7B1A973B] seamless loading cell terrain(W7, 5), (L3, 1)
<19:41:38> [7B1A973B] seamless loading cell terrain(W11, 8), (L7, 4)
<19:41:38> [7B1A973B] seamless loading cell terrain(W11, 7), (L7, 3)
<19:41:38> [7B1A973B] seamless loading cell terrain(W10, 10), (L6, 6)
<19:41:38> [7B1A973B] seamless loading cell terrain(W10, 5), (L6, 1)
<19:41:38> [7B1A973B] seamless loading cell terrain(W5, 8), (L1, 4)
<19:41:38> [7B1A973B] seamless loading cell terrain(W5, 7), (L1, 3)
<19:41:38> [7B1A973B] seamless loading cell terrain(W11, 9), (L7, 5)
<19:41:38> [7B1A973B] seamless loading cell terrain(W11, 6), (L7, 2)
<19:41:38> [7B1A973B] seamless loading cell terrain(W6, 10), (L2, 6)
<19:41:38> [7B1A973B] seamless loading cell terrain(W6, 5), (L2, 1)
<19:41:38> [7B1A973B] seamless loading cell terrain(W8, 11), (L4, 7)
<19:41:38> [7B1A973B] seamless loading cell terrain(W5, 9), (L1, 5)
<19:41:38> [7B1A973B] seamless loading cell terrain(W5, 6), (L1, 2)
<19:41:38> [7B1A973B] seamless loading cell terrain(W8, 4), (L4, 0)
<19:41:38> [7B1A973B] seamless loading cell terrain(W9, 11), (L5, 7)
<19:41:38> [7B1A973B] seamless loading cell terrain(W9, 4), (L5, 0)
<19:41:38> [7B1A973B] seamless loading cell terrain(W7, 11), (L3, 7)
<19:41:38> [7B1A973B] seamless loading cell terrain(W7, 4), (L3, 0)
<19:41:38> [7B1A973B] seamless loading cell terrain(W11, 10), (L7, 6)
<19:41:38> [7B1A973B] seamless loading cell terrain(W11, 5), (L7, 1)
<19:41:38> [7B1A973B] seamless loading cell terrain(W10, 11), (L6, 7)
<19:41:38> [7B1A973B] seamless loading cell terrain(W5, 10), (L1, 6)
<19:41:38> [7B1A973B] seamless loading cell terrain(W10, 4), (L6, 0)
<19:41:38> [3EF08C47] seamless loading cell object(W8, 8), (L4, 4)
<19:41:38> [A5DDEC33][Warning] Warning: CShaderMan::mfForName: NULL name
<19:41:39> Loading Particle Library: X2_EFFECTS_P
<19:41:39> [3EF08C47] seamless loading cell object(W8, 7), (L4, 3)
<19:41:39> [3EF08C47] seamless loading cell object(W9, 8), (L5, 4)
<19:41:39> [000004EE][Warning] [CGF Error] game/objects/env/01_nuia/001_ncom/ncom_woodfish.cgf [:] non-uniform scale(1.00, 1.00, 0.90) at node(proxy)
<19:41:40> [3EF08C47] seamless loading cell object(W9, 7), (L5, 3)
<19:41:40> [5E4B1723][Warning] Cannot load texture game/textures/p_effects/armourdslime_ironpiece_body_ddn4.dds, file missing [File=game/textures/p_effects/armourdslime_ironpiece_body_ddn4.dds]
<19:41:40> [D7C2E65B][Warning] Error: CShaderMan::mfCreateShaderResources: Couldn't find custom texture 'game/textures/p_effects/armourdslime_ironpiece_body_ddn4.dds' in path '' [File=game/textures/p_effects/armourdslime_ironpiece_body_ddn4.dds]
<19:41:40> [3EF08C47] seamless loading cell object(W7, 8), (L3, 4)
<19:41:40> [188BF914][Warning] [EntityLoader] invalid entity pos(0.298, -2.719, 0.001) name(B_gear_light)
<19:41:40> [3EF08C47] seamless loading cell object(W7, 7), (L3, 3)
<19:41:40> [3EF08C47] seamless loading cell object(W8, 9), (L4, 5)
<19:41:40> Loading Particle Library: x2_sounds
<19:41:40> [3EF08C47] seamless loading cell object(W8, 6), (L4, 2)
<19:41:40> [D8EA1A9D][Warning] Error: CShaderMan::mfCreateShaderResources: Couldn't find custom secondary texture 'game/objects/env/03_origin_continent/90_the_garden/garden_power_pillar_ddn.dds' in path '' [File=game/objects/env/03_origin_continent/90_the_garden/garden_power_pillar_ddn.dds]
<19:41:40> [7D77A4D2][Warning] Not a normal map texture tried to be used as a normal map: game/objects/env/99_aac/01_world/comet/warm/aa_meteor_warm_df.dds [File=game/objects/env/99_aac/01_world/comet/warm/aa_meteor_warm_df.dds]
<19:41:40> [586BCE46][Warning] Non 3dc normal map used (wrong on DX10): game/objects/env/99_aac/01_world/comet/warm/aa_meteor_warm_ddn.dds [File=game/objects/env/99_aac/01_world/comet/warm/aa_meteor_warm_ddn.dds]
<19:41:40> [000004EE][Warning] [CGF Error] game/objects/env/02_harihara/001_hcom/hcom_cart_b.cgf [:] LOD1 of geometry hcom_cart_b contains too many polygons comparing to the LOD0 [770 against 1114] :
<19:41:40> [3EF08C47] seamless loading cell object(W9, 9), (L5, 5)
<19:41:40> [745BAE2F][Warning] failed to stream material xml(game/objects/env/01_nuia/19_fairy/fairy_tree_ivy.mtl)
<19:41:41> [3EF08C47] seamless loading cell object(W9, 6), (L5, 2)
<19:41:41> [3EF08C47] seamless loading cell object(W7, 9), (L3, 5)
<19:41:41> [000004EE][Warning] [CGF Error] game/objects/env/01_nuia/001_housing/housing_people/hs_people_roof_a.cgf [:] Duplicate LOD helper $lod2 hs_people_roof_a
<19:41:41> [3EF08C47] seamless loading cell object(W10, 8), (L6, 4)
<19:41:41> [3EF08C47] seamless loading cell object(W7, 6), (L3, 2)
<19:41:41> [3EF08C47] seamless loading cell object(W10, 7), (L6, 3)
<19:41:41> [3EF08C47] seamless loading cell object(W6, 8), (L2, 4)
<19:41:41> [3EF08C47] seamless loading cell object(W6, 7), (L2, 3)
<19:41:41> [3EF08C47] seamless loading cell object(W10, 9), (L6, 5)
<19:41:41> [3EF08C47] seamless loading cell object(W10, 6), (L6, 2)
<19:41:41> [3EF08C47] seamless loading cell object(W8, 10), (L4, 6)
<19:41:41> Loading Particle Library: siegefield
<19:41:41> [3EF08C47] seamless loading cell object(W8, 5), (L4, 1)
<19:41:41> [12409CCC] Load Zone Finished
<19:41:41> [000004EE][Warning] I3DEngine::RegisterEntity: entity reports invalid position: Name: LightEntityName (), Class: LightEntityClass, Pos=(657.8,7976.0,585.0), aabb center=(142.0,1019.8,-2.3)
<19:41:41> [82321C2B][Warning] [net 23:41:41.845] [time] remote time estimation restarted; estimate accumulator age was 4.704495
<19:41:42> [5CE4EF2C][Warning] failed to load particle lib from (Libs/Particles/game/abillity_skill_table_m.xml)
<19:41:42> [000004EE][Warning] Particle effect not found: 'game/abillity_skill_table_m.wild.shock_form2', from unknown 
<19:41:42> [2BFDEC33][Error] realstep 8, not match unit req
<19:41:42> [A39C1725] Level System - Loading Complete
<19:41:42> [9BE3F673] total 0 CGF files are precached
<19:41:42> [27293DED] -----------------------------------------------------
<19:41:42> [120C18F5] * LOADING: 'w_long_sand_1' loading time: 5.23 seconds
<19:41:42> [27293DED] -----------------------------------------------------
<19:41:42> [6451496C][Warning] actor bottom level ray is missing
<19:41:43> [62232BEA][Warning] deferred xml stream error - game/animations/animals/owl_postman/lmg_files/normal_run.lmg : f0000003
<19:41:43> [637AF710][Warning] missing chr material : game/objects/characters/dwarf/female/parts/cp/obj/01 - Default.mtl (chr: game/objects/characters/dwarf/female/parts/cp/obj/dw_f_1cp113.chr)
<19:41:44> [CE0EF930][Warning] failed to stream cgf : default
<19:41:45> [09F46B9D]     cl_fov = 90 []
<19:41:45> [09F46B9D]     camera_max_dist = 180 []
<19:41:45> [09F46B9D]     name_tag_hp_width_on_bgmode = 80 []
<19:41:45> [09F46B9D]     name_tag_hp_height_on_bgmode = 30 []
<19:41:45> [000004EE][Warning] [Lua Error] Failed to load script file scriptsbin/x2ui/assignment/form.alb
<19:41:45> [A13C772D][Warning] Cannot load texture ui/font_color.g, Image file format is invalid [File=ui/font_color.g]
<19:41:45> [B5A61D8F] Chat Channel(0) Color is not found.
<19:41:45> [000004EE][Warning] [Lua Error] ...ts/x2ui/loginstage/character_create/locale/en_us.lua:524: attempt to index a nil value
<19:41:45> [58F3F7FF][Warning] <null>:0: [Lua Error] Failed to execute file @game/scriptsbin/x2ui/loginstage/character_create/locale/en_us.alb
<19:41:46> [73AFCD09][Warning] Cannot load texture ui/map/frame_map_2.dds, file missing [File=ui/map/frame_map_2.dds]
<19:41:46> [000004EE][Warning] [Lua] invalid style type...  / brown
<19:41:46> [745BAE2F][Warning] failed to stream material xml(game/objects/characters/nuian/male/parts/ar/obj/nu_m_ar_cloth059.mtl)
<19:41:46> [3EF08C47] seamless loading cell object(W6, 9), (L2, 5)
<19:41:46> [BCCDC555][Warning] MakeSprite - too many sprite update (10). dropping.. (sprites : 19)
<19:41:49> [A4D70365][Warning] rigid-body own-entity; prefab=prefabs/interaction_c.xml/house.door_anp node=AnimObject_1
<19:41:51> [09F46B9D]     cl_fov = 90 []
<19:41:51> [09F46B9D]     camera_max_dist = 180 []
<19:41:51> [09F46B9D]     name_tag_hp_width_on_bgmode = 80 []
<19:41:51> [09F46B9D]     name_tag_hp_height_on_bgmode = 30 []
<19:41:51> [7CC1A260] Save Game Option
<19:41:51> [D2121932] Change resolution: 2560x1440x32 (Windowed)
<19:41:51> [FD3FC76F] resetting terrain texture cache
<19:41:51> [FD3FC76F] resetting terrain texture cache
<19:41:51> [B0F7CF3E] Window Rect 0, 0, 2560x1440, 2560x1440
<19:41:51> [583D6F38] Final resolution: 2554x1408x32 (Windowed)
<19:41:51> [9FC303B8][Error] [CVARS]: [DUPLICATE] CXConsole::RegisterFloat(): variable [ui_double_click_interval] is already registered
<19:41:51> [000004EE][Warning] [Lua Error] no localized ui text for 18 always_refund
<19:41:51> [09F46B9D]     cl_fov = 90 []
<19:41:51> [09F46B9D]     camera_max_dist = 180 []
<19:41:51> [09F46B9D]     name_tag_hp_width_on_bgmode = 80 []
<19:41:51> [09F46B9D]     name_tag_hp_height_on_bgmode = 30 []
<19:41:52> [000004EE][Warning] [Lua Error] Failed to load script file scriptsbin/x2ui/assignment/form.alb
<19:41:52> [A13C772D][Warning] Cannot load texture ui/font_color.g, Image file format is invalid [File=ui/font_color.g]
<19:41:52> [B5A61D8F] Chat Channel(0) Color is not found.
<19:41:52> [5D174B48][Warning] Not a normal map texture tried to be used as a normal map: ui/themes/archeworld/mailbox_btn_write.dds [File=ui/themes/archeworld/mailbox_btn_write.dds]
<19:41:52> [000004EE][Warning] [Lua Error] ...ts/x2ui/loginstage/character_create/locale/en_us.lua:524: attempt to index a nil value
<19:41:52> [58F3F7FF][Warning] <null>:0: [Lua Error] Failed to execute file @game/scriptsbin/x2ui/loginstage/character_create/locale/en_us.alb
<19:41:52> [73AFCD09][Warning] Cannot load texture ui/map/frame_map_2.dds, file missing [File=ui/map/frame_map_2.dds]
<19:41:52> [000004EE][Warning] [Lua] invalid style type...  / brown
<19:41:53> [82321C2B][Warning] [net 23:41:53.282] [time] remote time estimation restarted; estimate accumulator age was 1.754279
<19:41:53> [BCCDC555][Warning] MakeSprite - too many sprite update (10). dropping.. (sprites : 18)
<19:41:54> [CE0EF930][Warning] failed to stream cgf : default
<19:41:56> [000004EE][Warning] [CGF Error] game/objects/env/01_nuia/001_ndeco/making/ndeco_powerfulmaking.cga [:] LOD1 of geometry parts01 contains too many polygons comparing to the LOD0 [1592 against 1130] :
<19:41:57> [745BAE2F][Warning] failed to stream material xml(game/objects/characters/animals/osprey/Material #0.mtl)
<19:41:59> [C53E6FFE][Warning] non cached CDF material(objects/Characters/animals/pangolin/pangolin_grey/pangolin_grey.mtl, game/objects/characters/animals/pangolin/pangolin_grey/pangolin_grey.cdf)
<19:41:59> [CA175C82][Warning] non-stream IO. system(Material), filePath(game/objects/characters/animals/pangolin/pangolin_grey/pangolin_grey.mtl)
<19:41:59> [2363981C][Warning] chr material is not precached : game/objects/characters/animals/pangolin/pangolin_red/Pangolin_red.mtl (chr: game/objects/characters/animals/pangolin/pangolin_red/pangolin_red.chr)
<19:41:59> [CE2F4035][Warning] chr physical geom is not precached. (game/objects/characters/animals/pangolin/pangolin_red/pangolin_red.chr)
<19:41:59> [676D2B24][Warning] non-cached LMG xml. (animations/animals/pangolin/lmg_files/fist_mo_normal_walk.lmg)
<19:41:59> [63ABB424][Warning] Facial sequence "fist_ac_whistle" not listed in CAL file for character "game/objects/characters/warborn/female/nude/wa_f_base.chr".
<19:41:59> [A13C772D][Warning] Cannot load texture ui/font_color.g, Image file format is invalid [File=ui/font_color.g]
<19:42:01> [65FB52A3][Warning] Entity Yogurt:cannot find animation additive_fist_ba_relaxed_idle_rand_4
<19:42:01> [B95EE41B][Error] invalid parent unit id(83966)
<19:42:02> [E9F2E683][Warning] Cannot load texture textures/terrain/bump_detail/detail_bump_wood_007_ddn.dds, file missing [File=textures/terrain/bump_detail/detail_bump_wood_007_ddn.dds]
<19:42:02> [4655D2D5][Warning] Error: CShaderMan::mfCreateShaderResources: Couldn't find detail texture
'textures/terrain/bump_detail/detail_bump_wood_007_ddn.dds' in path '' [File=textures/terrain/bump_detail/detail_bump_wood_007_ddn.dds]
<19:42:09> [7B1A973B] seamless loading cell terrain(W5, 5), (L1, 1)
<19:42:12> [3EF08C47] seamless loading cell object(W6, 6), (L2, 2)
<19:42:28> [A4D70365][Warning] rigid-body own-entity; prefab=prefabs/interaction_c.xml/house.door_a node=AnimObject_1
<19:42:29> [CE0EF930][Warning] failed to stream cgf : default
<19:42:33> [3EF08C47] seamless loading cell object(W9, 5), (L5, 1)
<19:42:35> [745BAE2F][Warning] failed to stream material xml(game/objects/characters/nuian/female/parts/ar/obj/Material #66.mtl)
<19:42:35> [637AF710][Warning] missing chr material : game/objects/characters/nuian/female/parts/ar/obj/nu_f_ar_cloth495.mtl (chr: game/objects/characters/nuian/female/parts/ar/obj/nu_f_1ar906_1arm012_1sh010_n.chr)
<19:42:38> [000004EE][Warning] Independent immortal particle effect spawned: X2_EFFECTS_P.env.rain_drizzle
<19:42:43> [A4D70365][Warning] rigid-body own-entity; prefab=prefabs/interaction_c.xml/house.door_a node=AnimObject_1
<19:42:43> [CE0EF930][Warning] failed to stream cgf : default
<19:42:45> [745BAE2F][Warning] failed to stream material xml(game/objects/characters/animals/seagull/Material #0.mtl)
<19:42:46> [3EF08C47] seamless loading cell object(W7, 5), (L3, 1)
<19:42:47> [000004EE][Warning] [CGF Error] game/objects/env/02_harihara/001_hdeco/hdeco_workprop_b01.cgf [:] LOD1 of geometry hdeco_workprop_b01 contains too many polygons comparing to the LOD0 [408 against 608] :
<19:42:48> [B866A294] seamless unloading cell terrain(W10, 11), (L6, 7)
<19:42:48> [5CE4EF2C][Warning] failed to load particle lib from (Libs/Particles/game/ability_skill_table.xml)
<19:42:48> [000004EE][Warning] Particle effect not found: 'game/ability_skill_table.blackmagic.black0009_form', from unknown 
<19:42:48> [637AF710][Warning] missing chr material : game/objects/characters/nuian/female/parts/ar/obj/nu_f_ar_cloth207.mtl (chr: game/objects/characters/nuian/female/parts/ar/obj/nu_f_1ar302_1arm010.chr)
<19:42:52> [CE0EF930][Warning] failed to stream cgf : default
<19:42:52> [A4D70365][Warning] rigid-body own-entity; prefab=prefabs/daru.xml/daru_pump_a.daru_pump_a node=pump
<19:42:54> [7B1A973B] seamless loading cell terrain(W4, 7), (L0, 3)
<19:42:58> [7B1A973B] seamless loading cell terrain(W4, 8), (L0, 4)
<19:42:59> [000004EE][Warning] Particle effect not found: 'game/ability_skill_table_k.p_skill_vocation.vaulting_smoke_launch', from unknown 
<19:42:59> [745BAE2F][Warning] failed to stream material xml(game/objects/characters/nuian/female/parts/gv/obj/nu_f_gv_cloth037.mtl)
<19:42:59> [637AF710][Warning] missing chr material : game/objects/characters/nuian/female/parts/gv/obj/nu_f_gv_cloth037.mtl (chr: game/objects/characters/nuian/female/parts/gv/obj/nu_f_1gv102.chr)
<19:43:19> [7AB931CE] seamless unloading cell object(W10, 9), (L6, 5)
<19:43:19> [F9376E0D][Warning] [flow] FG-0x583E8B9C-Entity 'B_gear_light' was destroyed with pending updates/activations. Report follows...
<19:43:19> [A8F1529E][Warning] [flow] Pending nodes:
<19:43:22> [B866A294] seamless unloading cell terrain(W11, 10), (L7, 6)
<19:43:26> [7B1A973B] seamless loading cell terrain(W4, 6), (L0, 2)
<19:43:37> [EE46CD89][Warning] Cannot load texture objects/characters/monster/wisp/wisp02_df.dds, file missing [File=objects/characters/monster/wisp/wisp02_df.dds]
<19:43:37> [745BAE2F][Warning] failed to stream material xml(game/objects/characters/monster/wisp/wisp_meadow/picking.mtl)
<19:43:41> [7B1A973B] seamless loading cell terrain(W4, 9), (L0, 5)
<19:43:44> [7AB931CE] seamless unloading cell object(W8, 10), (L4, 6)
<19:43:45> [7AB931CE] seamless unloading cell object(W10, 6), (L6, 2)
<19:43:50> [3EF08C47] seamless loading cell object(W5, 7), (L1, 3)
<19:43:54> [B866A294] seamless unloading cell terrain(W11, 5), (L7, 1)
<19:43:59> [7AB931CE] seamless unloading cell object(W9, 5), (L5, 1)
<19:44:01> [3EF08C47] seamless loading cell object(W5, 8), (L1, 4)
<19:44:01> [745BAE2F][Warning] failed to stream material xml(game/objects/env/04_thirdforce/07_daru/$lod2 daru_hill_treeroots(1500tri).mtl)
<19:44:01> [E46B221E][Warning] Cannot load texture game/objects/characters/monster/daru/daru_tamer/daru_tamer_sp.dds, file missing [File=game/objects/characters/monster/daru/daru_tamer/daru_tamer_sp.dds]
<19:44:02> [DE0DD398][Warning] test ik bone is not right(Bip01 Pelvis)
<19:44:06> [A4D70365][Warning] rigid-body own-entity; prefab=prefabs/daru.xml/daru_pump_a.daru_pump_a node=pump
<19:44:13> [7AB931CE] seamless unloading cell object(W10, 8), (L6, 4)
<19:44:14> [B866A294] seamless unloading cell terrain(W9, 11), (L5, 7)
<19:44:14> [A4D70365][Warning] rigid-body own-entity; prefab=prefabs/daru.xml/daru_pump_a.daru_pump_a node=pump
<19:44:14> [CE0EF930][Warning] failed to stream cgf : default
<19:44:14> [3EF08C47] seamless loading cell object(W6, 5), (L2, 1)
<19:44:18> [7B1A973B] seamless loading cell terrain(W4, 5), (L0, 1)
<19:44:24> [B95EE41B][Error] invalid parent unit id(83966)
<19:44:28> [A4D70365][Warning] rigid-body own-entity; prefab=prefabs/carriage.xml/carriage.carriageb node=AnimObject_55
<19:44:48> [3EF08C47] seamless loading cell object(W5, 6), (L1, 2)
<19:44:54> [B866A294] seamless unloading cell terrain(W11, 9), (L7, 5)
<19:45:12> [7AB931CE] seamless unloading cell object(W10, 7), (L6, 3)
<19:45:22> [3EF08C47] seamless loading cell object(W9, 5), (L5, 1)
<19:45:23> [C53E6FFE][Warning] non cached CDF material(objects/Characters/animals/pangolin/pangolin_grey/pangolin_grey.mtl, game/objects/characters/animals/pangolin/pangolin_grey/pangolin_grey.cdf)
<19:45:23> [CA175C82][Warning] non-stream IO. system(Material), filePath(game/objects/characters/animals/pangolin/pangolin_grey/pangolin_grey.mtl)
<19:45:23> [63ABB424][Warning] Facial sequence "fist_ac_whistle" not listed in CAL file for character "game/objects/characters/warborn/female/nude/wa_f_base.chr".
<19:45:24> [B95EE41B][Error] invalid parent unit id(48879)
<19:45:24> [B866A294] seamless unloading cell terrain(W8, 11), (L4, 7)
<19:45:26> [7AB931CE] seamless unloading cell object(W9, 9), (L5, 5)
<19:45:29> [B866A294] seamless unloading cell terrain(W10, 10), (L6, 6)
<19:45:30> [B866A294] seamless unloading cell terrain(W7, 11), (L3, 7)
<19:45:35> [BCCDC555][Warning] MakeSprite - too many sprite update (10). dropping.. (sprites : 130)
<19:45:53> [7B1A973B] seamless loading cell terrain(W11, 5), (L7, 1)
<19:45:55> [745BAE2F][Warning] failed to stream material xml(game/objects/characters/nuian/male/parts/gv/obj/nu_m_gv_cloth037.mtl)
<19:45:55> [637AF710][Warning] missing chr material : game/objects/characters/nuian/male/parts/gv/obj/nu_m_gv_cloth037.mtl (chr: game/objects/characters/nuian/male/parts/gv/obj/nu_m_1gv102.chr)
<19:45:55> [7AB931CE] seamless unloading cell object(W5, 8), (L1, 4)
<19:45:56> [7AB931CE] seamless unloading cell object(W6, 9), (L2, 5)
<19:46:00> [000004EE][Warning] Particle effect not found: 'game/abillity_skill_table_m.wild.hold_steps_throw', from unknown 
<19:46:00> [4E1BBF7C][Warning] Cannot load texture objects/characters/texture/pt/5a400895df5e7832ac1cbc28dce3174f3ccf81c1_df.dds, file missing [File=objects/characters/texture/pt/5a400895df5e7832ac1cbc28dce3174f3ccf81c1_df.dds]
<19:46:00> [CA175C82][Warning] non-stream IO. system(Material), filePath(game/objects/effects/keffect/m_enchant1_pink_s.mtl)
<19:46:00> [3305346E][Warning] Can't load image 'objects/Characters/texture/pt/5a400895df5e7832ac1cbc28dce3174f3ccf81c1_df.dds'. 
<19:46:00> [B866A294] seamless unloading cell terrain(W5, 10), (L1, 6)
<19:46:00> [745BAE2F][Warning] failed to stream material xml(game/objects/characters/nuian/female/parts/ar/obj/nu_f_ar_cloth135.mtl)
<19:46:00> [637AF710][Warning] missing chr material : game/objects/characters/nuian/female/parts/ar/obj/nu_f_ar_cloth135.mtl (chr: game/objects/characters/nuian/female/parts/ar/obj/nu_f_1ar304_1arm009.chr)
<19:46:01> [B866A294] seamless unloading cell terrain(W4, 9), (L0, 5)
<19:46:11> [320FAB9C][Warning] Cannot load texture objects/Characters/texture/pt/5a400895df5e7832ac1cbc28dce3174f3ccf81c1_df.dds, file missing [File=objects/Characters/texture/pt/5a400895df5e7832ac1cbc28dce3174f3ccf81c1_df.dds]
<19:46:11> [3305346E][Warning] Can't load image 'objects/Characters/texture/pt/5a400895df5e7832ac1cbc28dce3174f3ccf81c1_df.dds'. 
<19:46:13> [90F4FAEE][Error] AI: Error: Wrong AI area file version - found 20 expected 22 - regenerate triangulation [Design bug]
<19:46:13> [BB790A81] origin change campos : 4003.34, 3071.989746
<19:46:13> [00000020]  
<19:46:13> [00000020]  
<19:46:13> [A581FA6D] -----------------------------------------------------------------------------
<19:46:13> [1DAA5677] SeamlessSystem::ChangeOrigin() : Here we go. Old(4,4) -> New(4,3)
<19:46:13> [A581FA6D] -----------------------------------------------------------------------------
<19:46:13> [00000020]  
<19:46:13> [00000020]  
<19:46:13> [7B1A973B] seamless loading cell terrain(W8, 3), (L4, 0)
<19:46:13> [3EF08C47] seamless loading cell object(W7, 4), (L3, 1)
<19:46:14> [1054BE80][Warning] WaterVolume Origin Change error : Err(0.0, -1024.0), CurrPos(8039.9, 7257.4), Origin Frame(0, 1)
<19:46:14> [7B1A973B] seamless loading cell terrain(W9, 3), (L5, 0)
<19:46:14> [3EF08C47] seamless loading cell object(W8, 4), (L4, 1)
<19:46:15> [BCCDC555][Warning] MakeSprite - too many sprite update (10). dropping.. (sprites : 137)
<19:46:21> [3EF08C47] seamless loading cell object(W10, 6), (L6, 3)
<19:46:33> [7AB931CE] seamless unloading cell object(W8, 10), (L4, 6)
<19:46:34> [7AB931CE] seamless unloading cell object(W7, 10), (L3, 6)
<19:46:43> [3EF08C47] seamless loading cell object(W10, 7), (L6, 4)
<19:46:45> [90F4FAEE][Error] AI: Error: Wrong AI area file version - found 20 expected 22 - regenerate triangulation [Design bug]
<19:46:53> [7B1A973B] seamless loading cell terrain(W10, 3), (L6, 0)
<19:46:55> [7AB931CE] seamless unloading cell object(W5, 8), (L1, 4)
<19:47:08> [3EF08C47] seamless loading cell object(W9, 4), (L5, 1)
<19:47:08> [B866A294] seamless unloading cell terrain(W6, 11), (L2, 7)
<19:47:10> [7B1A973B] seamless loading cell terrain(W11, 4), (L7, 1)
<19:47:17> [3EF08C47] seamless loading cell object(W10, 5), (L6, 2)
<19:47:19> [7AB931CE] seamless unloading cell object(W5, 7), (L1, 3)
<19:47:20> [B866A294] seamless unloading cell terrain(W4, 9), (L0, 5)
<19:47:33> [000004EE][Warning] Particle effect not found: 'game/x2_effects.mon_effects.mon_revival_water_buble_form', from unknown 
<19:47:33> [745BAE2F][Warning] failed to stream material xml(game/objects/characters/nuian/female/parts/bo/obj/nu_f_bo_cloth142.mtl)
<19:47:33> [637AF710][Warning] missing chr material : game/objects/characters/nuian/female/parts/bo/obj/nu_f_bo_cloth142.mtl (chr: game/objects/characters/nuian/female/parts/bo/obj/nu_f_1bo402.chr)
<19:47:36> [CFFE1C46][Error] Error streaming texture: Error 'Cannot open the file', Texture: game/objects/editor/suithelper/gradf.dds
<19:47:38> [BCCDC555][Warning] MakeSprite - too many sprite update (10). dropping.. (sprites : 229)
<19:47:41> [CFFE1C46][Error] Error streaming texture: Error 'Cannot open the file', Texture: game/objects/editor/suithelper/gradf.dds
<19:47:46> [CFFE1C46][Error] Error streaming texture: Error 'Cannot open the file', Texture: game/objects/editor/suithelper/gradf.dds
<19:47:48> [B866A294] seamless unloading cell terrain(W4, 6), (L0, 2)
<19:47:51> [CFFE1C46][Error] Error streaming texture: Error 'Cannot open the file', Texture: game/objects/editor/suithelper/gradf.dds
<19:47:56> [CFFE1C46][Error] Error streaming texture: Error 'Cannot open the file', Texture: game/objects/editor/suithelper/gradf.dds
<19:48:01> [CFFE1C46][Error] Error streaming texture: Error 'Cannot open the file', Texture: game/objects/editor/suithelper/gradf.dds
<19:48:06> [CFFE1C46][Error] Error streaming texture: Error 'Cannot open the file', Texture: game/objects/editor/suithelper/gradf.dds
<19:48:11> [CFFE1C46][Error] Error streaming texture: Error 'Cannot open the file', Texture: game/objects/editor/suithelper/gradf.dds
<19:48:15> [BB897B6D][Warning] Cannot load texture 0, file missing [File=0]
<19:48:15> [7AB931CE] seamless unloading cell object(W6, 9), (L2, 5)
<19:48:16> [CFFE1C46][Error] Error streaming texture: Error 'Cannot open the file', Texture: game/objects/editor/suithelper/gradf.dds
<19:48:17> [B866A294] seamless unloading cell terrain(W5, 10), (L1, 6)
<19:48:20> [B866A294] seamless unloading cell terrain(W4, 8), (L0, 4)
<19:48:21> [CFFE1C46][Error] Error streaming texture: Error 'Cannot open the file', Texture: game/objects/editor/suithelper/gradf.dds
<19:48:24> [745BAE2F][Warning] failed to stream material xml(game/objects/env/01_nuia/001_housing/housing_farm/ncom_pumpkin_streetlamp.mtl)
<19:48:26> [CFFE1C46][Error] Error streaming texture: Error 'Cannot open the file', Texture: game/objects/editor/suithelper/gradf.dds
<19:48:28> [B866A294] seamless unloading cell terrain(W4, 7), (L0, 3)
<19:48:29> [7B1A973B] seamless loading cell terrain(W11, 9), (L7, 6)
<19:48:30> [3EF08C47] seamless loading cell object(W10, 8), (L6, 5)
<19:48:31> [65FCEDA3][Warning] Cannot load texture game/objects/env/01_nuia/001_housing/housing_furniture/rava_bed_sp.dds, file missing [File=game/objects/env/01_nuia/001_housing/housing_furniture/rava_bed_sp.dds]
<19:48:32> [745BAE2F][Warning] failed to stream material xml(game/objects/characters/monster/polarbear/polarbear_rider.mtl)
<19:48:32> [637AF710][Warning] missing chr material : game/objects/characters/monster/polarbear/Material #46.mtl (chr: game/objects/characters/monster/polarbear/polarbear_rider.chr)
<19:48:32> [DE20B351][Warning] Flow Graph Node targets unknown entity guid: 45671b71c0b06ecd
<19:48:33> [B95EE41B][Error] invalid parent unit id(92386)
<19:48:36> [E46B221E][Warning] Cannot load texture game/objects/characters/monster/daru/daru_tamer/daru_tamer_sp.dds, file missing [File=game/objects/characters/monster/daru/daru_tamer/daru_tamer_sp.dds]
<19:48:37> [000004EE][Warning] Particle effect not found: 'game/ability_skill_table_k.p_skill_romance.me_sg_launch', from unknown 
<19:48:37> [745BAE2F][Warning] failed to stream material xml(game/objects/characters/dwarf/female/nude/Material #114.mtl)
<19:48:38> [637AF710][Warning] missing chr material : game/objects/characters/elf/female/parts/bo/obj/el_f_bo_cloth030.mtl (chr: game/objects/characters/elf/female/parts/bo/obj/el_f_1bo701.chr)
<19:48:38> [DE20B351][Warning] Flow Graph Node targets unknown entity guid: 4b2fb81ffe6b0dc9
<19:48:39> [62232BEA][Warning] deferred xml stream error - game/animations/animals/calf/lmg_files/normal_run.lmg : f0000003
<19:48:45> Loading Particle Library: X2_EFFECT_KSW
<19:48:45> [745BAE2F][Warning] failed to stream material xml(game/objects/effects/ksw_effect/qilin.mtl)
<19:48:46> [DE20B351][Warning] Flow Graph Node targets unknown entity guid: 4f97e0a80afcebdd
<19:48:46> [B95EE41B][Error] invalid parent unit id(58055)
<19:48:46> [000004EE][Warning] Particle effect not found: 'game/abillity_skill_table_m.wild.lights_arrow_hit', from unknown 
<19:48:46> [5CE4EF2C][Warning] failed to load particle lib from (Libs/Particles/game/x2_effects_k.xml)
<19:48:46> [491B3718][Warning] Cannot load texture objects/characters/ferre/female/face/face01/fe_f_face01_fur_sss.dds, file missing [File=objects/characters/ferre/female/face/face01/fe_f_face01_fur_sss.dds]
<19:48:46> [5243B464][Warning] Error: CShaderMan::mfCreateShaderResources: Couldn't find subsurface texture 'objects/characters/ferre/female/face/face01/fe_f_face01_fur_sss.dds' in path '' [File=objects/characters/ferre/female/face/face01/fe_f_face01_fur_sss.dds]
<19:48:46> [BCCDC555][Warning] MakeSprite - too many sprite update (10). dropping.. (sprites : 132)
<19:48:46> [637AF710][Warning] missing chr material : game/objects/characters/ferre/male/parts/bo/obj/fe_m_bo_metal212.mtl (chr: game/objects/characters/ferre/male/parts/bo/obj/fe_m_4bo701.chr)
<19:48:46> [CA175C82][Warning] non-stream IO. system(Material), filePath(game/objects/effects/keffect/m_enchant2_yellow_m.mtl)
<19:48:46> [000004EE][Warning] Independent immortal particle effect spawned: X2_EFFECT_O.Interaction.enchant_wpn_range_honor_3g
<19:48:47> [62232BEA][Warning] deferred xml stream error - game/animations/animals/calf/lmg_files/normal_run.lmg : f0000003
<19:48:48> [A4D70365][Warning] rigid-body own-entity; prefab=Prefabs/interaction_c.xml/furniture.aquarium_a_fish node=AnimObject_38
<19:48:49> [F9376E0D][Warning] [flow] FG-0x583E87F4-Entity 'AnimObject_19' was destroyed with pending updates/activations. Report follows...
<19:48:49> [A8F1529E][Warning] [flow] Pending nodes:
<19:48:50> [000004EE][Warning] [CGF Error] game/objects/env/01_nuia/001_ncom/ncom_xmas_musicbox.cga [:] Duplicate LOD helper $lod1 ncom_xmas_musicbox_top
<19:48:52> [B95EE41B][Error] invalid parent unit id(92386)
<19:48:57> [DE20B351][Warning] Flow Graph Node targets unknown entity guid: 413295ec378520a6
<19:48:57> [62232BEA][Warning] deferred xml stream error - game/animations/monster/polarbear/lmg_files/normal_run.lmg : f0000003
<19:49:00> [F9376E0D][Warning] [flow] FG-0x8E0F6F8C-Entity 'AnimObject_19' was destroyed with pending updates/activations. Report follows...
<19:49:00> [A8F1529E][Warning] [flow] Pending nodes:
<19:49:00> [000004EE][Warning] Particle effect not found: 'game/ability_skill_table_k.p_skill_love.recovery_seed_form', from unknown 
<19:49:04> [A4D70365][Warning] rigid-body own-entity; prefab=prefabs/making_bee.xml/making_bee.bee02 node=AnimObject_2
<19:49:04> [745BAE2F][Warning] failed to stream material xml(game/objects/characters/nuian/male/parts/hm/obj/nu_m_hm_cloth001.mtl)
<19:49:04> [637AF710][Warning] missing chr material : game/objects/characters/nuian/male/parts/hm/obj/nu_m_hm_cloth001.mtl (chr: game/objects/characters/nuian/male/parts/hm/obj/nu_m_1hm125.chr)
<19:49:04> [B95EE41B][Error] invalid parent unit id(125223)
<19:49:05> [CA175C82][Warning] non-stream IO. system(Material), filePath(game/objects/effects/keffect/m_enchant1_pink_m.mtl)
<19:49:05> [E46B221E][Warning] Cannot load texture game/objects/characters/monster/daru/daru_tamer/daru_tamer_sp.dds, file missing [File=game/objects/characters/monster/daru/daru_tamer/daru_tamer_sp.dds]
<19:49:06> [F9376E0D][Warning] [flow] FG-0x8E0F8F3C-Entity 'AnimObject_19' was destroyed with pending updates/activations. Report follows...
<19:49:06> [A8F1529E][Warning] [flow] Pending nodes:
<19:49:08> [000004EE][Warning] Particle effect not found: 'game/abillity_skill_table_m.magic.icearrow_form', from unknown 
<19:49:08> [000004EE][Warning] Independent immortal particle effect spawned: X2_EFFECT_O.Interaction.enchant_wpn_range_honor_3g
<19:49:12> [F9376E0D][Warning] [flow] FG-0x583E7A8C-Entity 'AnimObject_19' was destroyed with pending updates/activations. Report follows...
<19:49:12> [A8F1529E][Warning] [flow] Pending nodes:
<19:49:18> [F9376E0D][Warning] [flow] FG-0x85B3AA3C-Entity 'AnimObject_19' was destroyed with pending updates/activations. Report follows...
<19:49:18> [A8F1529E][Warning] [flow] Pending nodes:
<19:49:23> [1D603D28][Warning] Failed to stream CAF-file [File=animations/env/01_nuia/001_housing/rava_chair_b/fist_ba_combat_idle.caf]
<19:49:24> [B866A294] seamless unloading cell terrain(W7, 11), (L3, 7)
<19:49:25> [DE20B351][Warning] Flow Graph Node targets unknown entity guid: 4ed327f02cd3624a
<19:49:27> [F9376E0D][Warning] [flow] FG-0x8E0F76DC-Entity 'AnimObject_19' was destroyed with pending updates/activations. Report follows...
<19:49:27> [A8F1529E][Warning] [flow] Pending nodes:
<19:49:29> [90F4FAEE][Error] AI: Error: Wrong AI area file version - found 20 expected 22 - regenerate triangulation [Design bug]
<19:49:29> [745BAE2F][Warning] failed to stream material xml(game/objects/characters/elf/male/parts/pt/obj/el_m_pt_metal999.mtl)
<19:49:29> [637AF710][Warning] missing chr material : game/objects/characters/elf/male/parts/pt/obj/el_m_pt_metal999.mtl (chr: game/objects/characters/elf/male/parts/pt/obj/el_m_4kn003_4pt201_4th003.chr)
<19:49:31> [7AB931CE] seamless unloading cell object(W10, 9), (L6, 5)
<19:49:31> [B95EE41B][Error] invalid parent unit id(125223)
<19:49:32> [B866A294] seamless unloading cell terrain(W11, 10), (L7, 6)
<19:49:33> [04FA8364][Warning] Cannot load texture game/objects/characters/nuian/male/hair/hair_texture/, file missing [File=game/objects/characters/nuian/male/hair/hair_texture/]
<19:49:33> [DE20B351][Warning] Flow Graph Node targets unknown entity guid: 440b69a4bd1a8769
<19:49:34> [745BAE2F][Warning] failed to stream material xml(game/objects/characters/animals/cow/cow_black.mtl)
<19:49:36> [A4D70365][Warning] rigid-body own-entity; prefab=prefabs/making_bee.xml/making_bee.bee02 node=AnimObject_2
<19:49:36> [B866A294] seamless unloading cell terrain(W9, 11), (L5, 7)
<19:49:38> [F9376E0D][Warning] [flow] FG-0x8E0F91AC-Entity 'AnimObject_19' was destroyed with pending updates/activations. Report follows...
<19:49:38> [A8F1529E][Warning] [flow] Pending nodes:
<19:49:43> [F9376E0D][Warning] [flow] FG-0x6E7F1F9C-Entity 'AnimObject_19' was destroyed with pending updates/activations. Report follows...
<19:49:43> [A8F1529E][Warning] [flow] Pending nodes:
<19:49:45> [A4D70365][Warning] rigid-body own-entity; prefab=Prefabs/interaction_c.xml/furniture.aquarium_b_fish node=AnimObject_38
<19:49:46> [DE20B351][Warning] Flow Graph Node targets unknown entity guid: 440b69a4bd1a8769
<19:49:53> [BCCDC555][Warning] MakeSprite - too many sprite update (10). dropping.. (sprites : 196)
<19:49:59> [F9376E0D][Warning] [flow] FG-0x85B3B534-Entity 'AnimObject_19' was destroyed with pending updates/activations. Report follows...
<19:49:59> [A8F1529E][Warning] [flow] Pending nodes:
<19:50:10> [B95EE41B][Error] invalid parent unit id(48879)
<19:50:12> [DE20B351][Warning] Flow Graph Node targets unknown entity guid: 440b69a4bd1a8769
<19:51:38> [F9376E0D][Warning] [flow] FG-0x85B3B534-Entity 'AnimObject_19' was destroyed with pending updates/activations. Report follows...
<19:51:38> [A8F1529E][Warning] [flow] Pending nodes:
<19:53:07> [B95EE41B][Error] invalid parent unit id(48879)
<19:53:14> [DE20B351][Warning] Flow Graph Node targets unknown entity guid: 440b69a4bd1a8769
<19:53:15> [7B1A973B] seamless loading cell terrain(W4, 6), (L0, 3)
<19:53:16> [90F4FAEE][Error] AI: Error: Wrong AI area file version - found 20 expected 22 - regenerate triangulation [Design bug]
<19:53:23> [F9376E0D][Warning] [flow] FG-0x8E0F92E4-Entity 'AnimObject_19' was destroyed with pending updates/activations. Report follows...
<19:53:23> [A8F1529E][Warning] [flow] Pending nodes:
<19:53:29> [7B1A973B] seamless loading cell terrain(W4, 5), (L0, 2)
<19:53:30> [7B1A973B] seamless loading cell terrain(W4, 7), (L0, 4)
<19:53:33> [B95EE41B][Error] invalid parent unit id(118979)
<19:53:33> [000004EE][Warning] Particle effect not found: 'game/abillity_skill_table_m.illusion.mental_destroyed_throw', from unknown 
<19:53:33> [745BAE2F][Warning] failed to stream material xml(game/objects/characters/dwarf/female/hair/dw_f_hair_common/dw_f_hair002.mtl)
<19:53:33> [F7617C06][Warning] Cannot load texture objects/characters/texture/pt/b7e8de8b7e6c5a70e53322dee6844ecb182b8efc_df.dds, file missing [File=objects/characters/texture/pt/b7e8de8b7e6c5a70e53322dee6844ecb182b8efc_df.dds]
<19:53:33> [637AF710][Warning] missing chr material : game/objects/characters/dwarf/female/hair/dw_f_hair_common/dw_f_hair002.mtl (chr: game/objects/characters/dwarf/female/hair/dw_f_hair_common/dw_f_hair_common0101s_type3.chr)
<19:53:33> [CA175C82][Warning] non-stream IO. system(Material), filePath(game/objects/characters/dwarf/female/hair/dw_f_hair005/dw_f_hair005.mtl)
<19:53:33> [3305346E][Warning] Can't load image 'objects/Characters/texture/ar/06d8c42a44eafbfb71b3ae37b6bfb96cc24eb0e4_df.dds'. 
<19:53:53> [B95EE41B][Error] invalid parent unit id(118979)
<19:53:54> [7B1A973B] seamless loading cell terrain(W7, 10), (L3, 7)
<19:53:58> [7B1A973B] seamless loading cell terrain(W5, 9), (L1, 6)
<19:53:59> [3EF08C47] seamless loading cell object(W6, 8), (L2, 5)
<19:54:01> [90F4FAEE][Error] AI: Error: Wrong AI area file version - found 20 expected 22 - regenerate triangulation [Design bug]
<19:54:12> [7B1A973B] seamless loading cell terrain(W9, 10), (L5, 7)
<19:54:32> [7B1A973B] seamless loading cell terrain(W4, 8), (L0, 5)
<19:54:35> [3EF08C47] seamless loading cell object(W5, 6), (L1, 3)
<19:54:37> [7AB931CE] seamless unloading cell object(W10, 6), (L6, 2)
<19:54:43> [B866A294] seamless unloading cell terrain(W11, 5), (L7, 1)
<19:54:46> [7AB931CE] seamless unloading cell object(W9, 5), (L5, 1)
<19:54:47> [90F4FAEE][Error] AI: Error: Wrong AI area file version - found 20 expected 22 - regenerate triangulation [Design bug]
<19:54:47> [7B1A973B] seamless loading cell terrain(W6, 10), (L2, 7)
<19:54:49> [3EF08C47] seamless loading cell object(W5, 7), (L1, 4)
<19:54:50> [B866A294] seamless unloading cell terrain(W10, 4), (L6, 0)
<19:55:02> [745BAE2F][Warning] failed to stream material xml(game/objects/characters/nuian/female/parts/bo/obj/nu_f_bo_cloth142.mtl)
<19:55:02> [637AF710][Warning] missing chr material : game/objects/characters/nuian/female/parts/bo/obj/nu_f_bo_cloth142.mtl (chr: game/objects/characters/nuian/female/parts/bo/obj/nu_f_1bo402.chr)
<19:55:08> [745BAE2F][Warning] failed to stream material xml(game/objects/characters/nuian/male/parts/ar/obj/nu_m_ar_leather146.mtl)
<19:55:08> [637AF710][Warning] missing chr material : game/objects/characters/nuian/male/parts/ar/obj/nu_m_ar_leather146.mtl (chr: game/objects/characters/nuian/male/parts/ar/obj/nu_m_1ar908_1arm000.chr)
<19:55:08> [3EF08C47] seamless loading cell object(W7, 9), (L3, 6)
<19:55:08> [000004EE][Warning] [CGF Error] game/objects/env/01_nuia/001_housing/housing_people/hs_people_roof_a.cgf [:] Duplicate LOD helper $lod2 hs_people_roof_a
<19:55:09> [A5DDEC33][Warning] Warning: CShaderMan::mfForName: NULL name
<19:55:09> [4BF1C05C][Warning] Cannot load texture game/objects/env/01_nuia/001_housing/housing_house/housing_house_equipment_glow.dds, file missing [File=game/objects/env/01_nuia/001_housing/housing_house/housing_house_equipment_glow.dds]
<19:55:09> [BF0124EC][Warning] Error: CShaderMan::mfCreateShaderResources: Couldn't find decal texture 'game/objects/Env/01_nuia/001_housing/housing_house/housing_house_equipment_glow.dds' in path '' [File=game/objects/Env/01_nuia/001_housing/housing_house/housing_house_equipment_glow.dds]
<19:55:09> [000004EE][Warning] [CGF Error] game/objects/env/01_nuia/001_housing/housing_guild/nuia_h_guild_door_b_front.cga [:] non-uniform scale(1.00, 1.39, 1.00) at node(nuia_h_guild_door_b01_front)
<19:55:10> [3EF08C47] seamless loading cell object(W8, 9), (L4, 6)
<19:55:10> [A4D70365][Warning] rigid-body own-entity; prefab=prefabs/interaction_c.xml/house.door_a node=AnimObject_1
<19:55:11> [000004EE][Warning] [CGF Error] game/objects/env/01_nuia/001_ndeco/making/ndeco_powerfulmaking.cga [:] LOD1 of geometry parts01 contains too many polygons comparing to the LOD0 [1592 against 1130] :
<19:55:11> [CE0EF930][Warning] failed to stream cgf : default
<19:55:31> [7AB931CE] seamless unloading cell object(W10, 7), (L6, 3)
<19:55:31> [7AB931CE] seamless unloading cell object(W8, 5), (L4, 1)
<19:55:38> [7AB931CE] seamless unloading cell object(W7, 5), (L3, 1)
<19:55:42> [7B1A973B] seamless loading cell terrain(W5, 10), (L1, 7)
<19:55:43> [7B1A973B] seamless loading cell terrain(W4, 9), (L0, 6)
<19:55:46> [3EF08C47] seamless loading cell object(W6, 9), (L2, 6)
<19:55:46> [000004EE][Warning] [CGF Error] game/objects/env/01_nuia/001_housing/housing_people/hs_people_roof_a.cgf [:] Duplicate LOD helper $lod2 hs_people_roof_a
<19:55:47> [745BAE2F][Warning] failed to stream material xml(game/objects/env/03_origin_continent/001_odeco/ndeco_backpack_nuia_h.mtl)
<19:55:48> [B866A294] seamless unloading cell terrain(W9, 4), (L5, 0)
<19:55:50> [CE0EF930][Warning] failed to stream cgf : default
<19:55:50> [A4D70365][Warning] rigid-body own-entity; prefab=prefabs/daru.xml/daru_pump_a.daru_pump_a node=pump
<19:55:50> [3EF08C47] seamless loading cell object(W5, 8), (L1, 5)
<19:55:51> [E46B221E][Warning] Cannot load texture game/objects/characters/monster/daru/daru_tamer/daru_tamer_sp.dds, file missing [File=game/objects/characters/monster/daru/daru_tamer/daru_tamer_sp.dds]
<19:55:52> [7AB931CE] seamless unloading cell object(W10, 8), (L6, 4)
<19:55:54> [B866A294] seamless unloading cell terrain(W11, 6), (L7, 2)
<19:56:03> [A4D70365][Warning] rigid-body own-entity; prefab=prefabs/daru.xml/daru_pump_a.daru_pump_a node=pump
<19:56:05> [000004EE][Warning] Independent immortal particle effect spawned: X2_EFFECTS_P.env.rain_drizzle
<19:56:09> [DE0DD398][Warning] test ik bone is not right(Bip01 Pelvis)
<19:56:11> [A4D70365][Warning] rigid-body own-entity; prefab=prefabs/daru.xml/daru_pump_a.daru_pump_a node=pump
<19:56:11> [CE0EF930][Warning] failed to stream cgf : default
<19:56:14> [745BAE2F][Warning] failed to stream material xml(game/objects/characters/animals/seagull/Material #0.mtl)
<19:56:16> [7B1A973B] seamless loading cell terrain(W10, 10), (L6, 7)
<19:56:20> [3EF08C47] seamless loading cell object(W9, 9), (L5, 6)
