[801989E0] BackupNameAttachment=" Build(0) Date(19 September 2025) Time(08 42 21)"  -- used by backup system
[00000020]  
[38F38F32] Log Started at #c
[0232BD25] Running 32 bit version
[7AB6F5FE] Executable: C:\Games\AAClassic\bin32\archeage.exe
[E5C771AC] FileVersion: 3.5.0.0
[F799D55F] ProductVersion: 3.5.3.0
[1F1D6B13] Using Microsoft (tm) C++ Standard Library implementation
[00000020]  
[C7D96C80] Revision: 350000
[00000020]  
[64533E3E] this is the first client
<08:42:26> [B9197FD5][Error] ConsoleVariableGroup[option_effect] key[e_particles_lod_onoff] has no default
<08:42:26> [76666E6D] 
--- CPU detection ---
<08:42:26> [F4D992D8] CPU: AMD AMD Ryzen 7 7800X3D 8-Core Processor           
<08:42:26> [3F649B02] Family: 15, Model: 1, Stepping: 2
<08:42:26> [83D12E0B] FPU: On-Chip
<08:42:26> [50919DA0] CPU Speed (estimated): 4192.105659 MHz
<08:42:26> [C73FD83A] MMX: not present
<08:42:26> [89D1077A] SSE: present
<08:42:26> [64E2B6F1] 3DNow!: present
<08:42:26> [27B7AC6E] Serial number not present or disabled
<08:42:26> [1D2D8E5B] Number of logical processors: 16
<08:42:26> [FA658084] Number of available logical processors: 16
<08:42:26> [A1F061C2] Invariant Time Stamp Counter : yes
<08:42:26> [FA0251ED] ---------------------

<08:42:26> [03E7D838] Device Info
<08:42:26> [9F603516] Device Info - 1
<08:42:26> [9F603517] Device Info - 2
<08:42:26> [9F603518] Device Info - 3
<08:42:26> [9F603519] Device Info - 4
<08:42:26> [9F60351A] Device Info - 5
<08:42:26> [9F60351B] Device Info - 6
<08:42:26> [9F60351C] Device Info - 7
<08:42:26> [E98ECC28] Video Memory Info
<08:42:26> [D5FBE664] Video Memory - 1
<08:42:26> [D5FBE665] Video Memory - 2
<08:42:26> [D5FBE666] Video Memory - 3
<08:42:26> [D5FBE667] Video Memory - 4
<08:42:26> [D5FBE668] Video Memory - 5
<08:42:26> [D5FBE669] Video Memory - 6
<08:42:26> [D5FBE66A] Video Memory - 7
<08:42:26> [D5FBE66B] Video Memory - 8
<08:42:26> [3A4D54A2][Warning] config/gpu/amd.txt line 55 contains a multiple defined GPU rating!
<08:42:26> [D20872C0] InitThreadAffinities
<08:42:26> [2F28A434] UpdateMainThreadAffinity
<08:42:26> [16962512] Windows 8 64 bit (build 6.2.9200)
<08:42:26> [38DFF081] System language: English
<08:42:26> [861A0178] Windows Directory: "C:\windows"
<08:42:26> [341B54F1] Prerequisites...
<08:42:26> [5D1B3C9C] * Installation of KB940105 hotfix required: no! (either not needed or already installed)
<08:42:26> [29327617] Local time is 08:42:26 09/19/25, system running for 23 minutes
<08:42:26> [BC5997A2] 63426MB physical memory installed, 32874MB available, 4095MB virtual memory installed, 48 percent of memory in use
<08:42:26> [31259232] PageFile usage: 
<08:42:26> [453F0D1B] Current display mode is 2560x1440x32
<08:42:26> [8A64FCCC] IBM enhanced (101/102-key) keyboard and 3+ button mouse installed
<08:42:26> [CE30556B] ----- GPU Detection -----------------
<08:42:26> [03E7D838] Device Info
<08:42:26> [9F603516] Device Info - 1
<08:42:26> [9F603517] Device Info - 2
<08:42:26> [9F603518] Device Info - 3
<08:42:26> [9F603519] Device Info - 4
<08:42:26> [9F60351A] Device Info - 5
<08:42:26> [9F60351B] Device Info - 6
<08:42:26> [9F60351C] Device Info - 7
<08:42:26> [E98ECC28] Video Memory Info
<08:42:26> [D5FBE664] Video Memory - 1
<08:42:26> [D5FBE665] Video Memory - 2
<08:42:26> [D5FBE666] Video Memory - 3
<08:42:26> [D5FBE667] Video Memory - 4
<08:42:26> [D5FBE668] Video Memory - 5
<08:42:26> [D5FBE669] Video Memory - 6
<08:42:26> [D5FBE66A] Video Memory - 7
<08:42:26> [D5FBE66B] Video Memory - 8
<08:42:27> [99EA404A]  AMD Radeon RX 7800 XT (RADV NAVI32) (vendor = 0x1002, device = 0x747e, subSys = 0x00000000)
<08:42:27> [77718B6A] -- Video memory: 4081 MB
<08:42:27> [30DF1863] -- Minimum SM 2.0 support: yes
<08:42:27> [13E11956] -- DX11 supported: yes
<08:42:27> [50B60100] --------------------------------------------------------------------------------
<08:42:27> [5921EDBE] Stream Engine Initialization
<08:42:27> [BA0D559B] Splash: Initializing Stream Engine...
<08:42:27> [939F6EBB] Enable Resolutions : 0
<08:42:27> [A30A84B6] can't enum display resolution modes
<08:42:27> [B324CD25] Screen Resolution - 1024x768
<08:42:27> [3778EA0B] Screen Resolution - 0 (2560x1440)
<08:42:27> [A1B107F0] Screen Resolution - Test OK (2560x1440)
<08:42:27> [A9E4B0F2] Network initialization
<08:42:27> [BA0D559B] Splash: Initializing Network System...
<08:42:27> [14FAD233] Socket I/O by iocp
<08:42:27> [E36A4FB9] Physics initialization
<08:42:27> [BA0D559B] Splash: Initializing Physics...
<08:42:27> [2462D581] MovieSystem initialization
<08:42:27> [BA0D559B] Splash: Initializing Movie System...
<08:42:27> [93287AEC] Renderer initialization - Start
<08:42:27> [BA0D559B] Splash: Initializing Renderer...
<08:42:27> [91207680] Renderer initialization - Open
<08:42:27> [4377E7CB] Renderer initialization - DLL Load(CryRenderD3D9.dll)
<08:42:27> [71203A94] Renderer initialization - DLL Done
<08:42:27> [71227C22] Renderer initialization - DLL Init
<08:42:27> [C653D9CB] Renderer initialization - Instance
<08:42:27> [44D9754D] D3D Adapter: Driver name: aticfx32.dll
<08:42:27> [82BE8322] D3D Adapter: Driver description: AMD Radeon RX 7800 XT (RADV NAVI32)
<08:42:27> [2224501A] D3D Adapter: Driver version: 32767.65535.65535.65535
<08:42:27> [E8D1E30D] D3D Adapter: Driver GUID: 00000000-0003-0000-0000000000000000
<08:42:27> [BC8C1ACB] D3D Adapter: VendorId = 0x1002
<08:42:27> [B6A10CFD] D3D Adapter: DeviceId = 0x747E
<08:42:27> [0678E702] D3D Adapter: SubSysId = 0x00000000
<08:42:27> [F2243F0E] D3D Adapter: Revision = 0
<08:42:27> [E571CFEE] Shader manager initialization
<08:42:28> [05BAAEF6] CResFile allocations incurred by user cache preload: (21142.18k)
<08:42:28> [911B73B8] Renderer initialization - Done
<08:42:28> [8E444EA9] Console initialization
<08:42:28> [2904A233] Time initialization
<08:42:28> [3650CFD6] Input initialization
<08:42:28> [BA0D559B] Splash: Initializing Input System...
<08:42:28> Initializing Keyboard
<08:42:28> [99640BF1] Sound initialization
<08:42:28> [BA0D559B] Splash: Initializing Sound System...
<08:42:28> [2C33885C] Sound - Initializing AudioDevice now!
<08:42:28> [E46760A9] <Sound> Initialize FMOD with dynamic memory callbacks
<08:42:29> [D6755BFD] <Sound> Starting to initialize Windows Audio Session API output! 
<08:42:29> [F7E8E3CD] <Sound> Drivers found: 5
<08:42:29> [5076AD4B] <Sound> Available drivers:
	1.	PulseAudio Output (PulseAudio Output)
	2.	Blue Microphones Analog Stereo (Blue Microphones Analog Stereo)
	3.	Wireless Controller (Wireless Controller)
	4.	Navi 31 HDMI/DP Audio Digital Stereo (HDMI) (Navi 31 HDMI/DP Audio Digital Stereo (HDMI))
	5.	Family 17h/19h/1ah HD Audio Controller Analog Stereo (Family 17h/19h/1ah HD Audio Controller Analog Stereo)
<08:42:29> [A0BBF7E1] <Sound> FmodEx-AudioDevice: Now running on driver: PulseAudio Output (PulseAudio Output)
<08:42:29> [14D8EFE1] <Sound> Using speaker mode: FMOD_SPEAKERMODE_STEREO
<08:42:29> [E79C27E5] <Sound> Initializing FMOD-EX now!
<08:42:29> [E2A9FE08] <Sound> Available record drivers: 0 PulseAudio Input (PulseAudio Input) !
<08:42:29> [E2A9FE08] <Sound> Available record drivers: 1 Family 17h/19h/1ah HD Audio Controller Analog Stereo (Family 17h/19h/1ah HD Audio Controller Analog Stereo) !
<08:42:29> [E2A9FE08] <Sound> Available record drivers: 2 Wireless Controller (Wireless Controller) !
<08:42:29> [E2A9FE08] <Sound> Available record drivers: 3 Blue Microphones Analog Stereo (Blue Microphones Analog Stereo) !
<08:42:29> [E2A9FE08] <Sound> Available record drivers: 4 Monitor of Family 17h/19h/1ah HD Audio Controller (Monitor of Family 17h/19h/1ah HD Audio Controller) !
<08:42:29> [E2A9FE08] <Sound> Available record drivers: 5 Monitor of Blue Microphones Analog Stereo (Monitor of Blue Microphones Analog Stereo) !
<08:42:29> [E2A9FE08] <Sound> Available record drivers: 6 Wireless Controller (Wireless Controller) !
<08:42:29> [E2A9FE08] <Sound> Available record drivers: 7 Monitor of Navi 31 HDMI/DP Audio Digital Stereo (HDMI) (Monitor of Navi 31 HDMI/DP Audio Digital Stereo (HDMI)) !
<08:42:29> [6841BE38] <Sound> Record config is set to autodetect using record driver 0
<08:42:29> [7808B4C4] <Sound> Using FMOD version: 00044414 and internal 00044414!
<08:42:29> [2A2815C7] <Sound> Initialized FMOD-EX
<08:42:29> [BE4EF52E] Sound - Initializing SoundSystem now!
<08:42:29> [0D547471] Font initialization
<08:42:29> [BA0D559B] Splash: Initializing Fonts...
<08:42:29> [C194F7C8][Warning] Cannot load texture textures/defaults/replacemecm.tif, file missing [File=textures/defaults/replacemecm.dds]
<08:42:29> [84206398] AI initialization
<08:42:29> [1BC221DE] Initializing Animation System
<08:42:29> [BA0D559B] Splash: Initializing Animation System...
<08:42:29> [9E592EFE] Initializing 3D Engine
<08:42:29> [BA0D559B] Splash: Initializing 3D Engine...
<08:42:30> [637AF710][Warning] missing chr material : game/objects/characters/ferre/female/nude/Standard_22.mtl (chr: game/objects/characters/ferre/female/nude/fe_f_base.chr)
<08:42:30> [91F5AEEC][Warning] number of bones mismatch! game/objects/characters/ferre/female/nude/fe_f_base.chr=195 game/objects/characters/ferre/female/nude/fe_f_base_lod1.chr=185
<08:42:31> [7415A452] CHR PreCaching 25 Done
<08:42:31> [E7AD4E53] AddSharedMorphTargets - Failed to load objects/characters/dwarf/male/face/dw_m_face00.chr
<08:42:31> [61AD1790] MorphTargetPreCaching - objects/characters/dwarf/male/face/dw_m_face00.chr Add Failed
<08:42:31> [A4A6E4C6] MorphTarget PreCaching 11 Done
<08:42:31> [5ACB40E2] Init Face Makers
<08:42:31> [56B5985B] X2FaceMaker - game/objects/characters/nuian/male/face/nu_m_face01_mid.chr : mouth_UnderbiteOverbite target not exist
<08:42:31> [56B5985B] X2FaceMaker - game/objects/characters/nuian/male/face/nu_m_face01_mid.chr : mouth_UnderbiteOverbite target not exist
<08:42:31> [56B5985B] X2FaceMaker - game/objects/characters/nuian/male/face/nu_m_face01_mid.chr : mouth_UnderbiteOverbite target not exist
<08:42:31> [4ABB03EB] game/objects/characters/ferre/female/face/fe_f_face01_low.chr(303) - objects/characters/ferre/female/face/fe_f_face00.chr(3063) SharedMorph is not matched
<08:42:31> [56B5985B] X2FaceMaker - game/objects/characters/nuian/male/face/nu_m_face01_mid.chr : mouth_UnderbiteOverbite target not exist
<08:42:31> [56B5985B] X2FaceMaker - game/objects/characters/nuian/male/face/nu_m_face01_mid.chr : nose_dw_SeptumVol target not exist
<08:42:31> [56B5985B] X2FaceMaker - game/objects/characters/nuian/male/face/nu_m_face01_mid.chr : nose_dw_NasalZposition target not exist
<08:42:31> [56B5985B] X2FaceMaker - game/objects/characters/nuian/male/face/nu_m_face01_mid.chr : FS_dwEarSize target not exist
<08:42:31> [56B5985B] X2FaceMaker - game/objects/characters/nuian/male/face/nu_m_face01_mid.chr : dwarf_Morph target not exist
<08:42:31> [56B5985B] X2FaceMaker - game/objects/characters/nuian/male/face/nu_m_face01_mid.chr : FS_dw_CheekMeat_min target not exist
<08:42:31> [1191A6A8] X2FaceMaker - game/objects/characters/nuian/male/face/nu_m_face01_mid.chr : FS_dw_CheekMeat_max ex target not exist
<08:42:31> [56B5985B] X2FaceMaker - game/objects/characters/warborn/male/face/wa_m_face01_mid.chr : eye_Forehead target not exist
<08:42:31> [56B5985B] X2FaceMaker - game/objects/characters/warborn/male/face/wa_m_face01_mid.chr : eye_Tail_min target not exist
<08:42:31> [1191A6A8] X2FaceMaker - game/objects/characters/warborn/male/face/wa_m_face01_mid.chr : eye_Tail_max ex target not exist
<08:42:31> [56B5985B] X2FaceMaker - game/objects/characters/warborn/male/face/wa_m_face01_mid.chr : eye_WidthLength_min target not exist
<08:42:31> [1191A6A8] X2FaceMaker - game/objects/characters/warborn/male/face/wa_m_face01_mid.chr : eye_WidthLength_max ex target not exist
<08:42:31> [56B5985B] X2FaceMaker - game/objects/characters/warborn/male/face/wa_m_face01_mid.chr : eye_DoubleEyelidShape target not exist
<08:42:31> [56B5985B] X2FaceMaker - game/objects/characters/warborn/male/face/wa_m_face01_mid.chr : eye_BrowXposition target not exist
<08:42:31> [56B5985B] X2FaceMaker - game/objects/characters/warborn/male/face/wa_m_face01_mid.chr : eye_BrowZposition target not exist
<08:42:31> [56B5985B] X2FaceMaker - game/objects/characters/warborn/male/face/wa_m_face01_mid.chr : nose_Nostril target not exist
<08:42:31> [56B5985B] X2FaceMaker - game/objects/characters/warborn/male/face/wa_m_face01_mid.chr : nose_Size target not exist
<08:42:31> [56B5985B] X2FaceMaker - game/objects/characters/warborn/male/face/wa_m_face01_mid.chr : nose_SeptumZposition target not exist
<08:42:31> [56B5985B] X2FaceMaker - game/objects/characters/warborn/male/face/wa_m_face01_mid.chr : nose_End target not exist
<08:42:31> [56B5985B] X2FaceMaker - game/objects/characters/warborn/male/face/wa_m_face01_mid.chr : nose_Size target not exist
<08:42:31> [56B5985B] X2FaceMaker - game/objects/characters/warborn/male/face/wa_m_face01_mid.chr : mouth_UpperLipVolume target not exist
<08:42:31> [56B5985B] X2FaceMaker - game/objects/characters/warborn/male/face/wa_m_face01_mid.chr : mouth_LowerLipVolume target not exist
<08:42:31> [56B5985B] X2FaceMaker - game/objects/characters/warborn/male/face/wa_m_face01_mid.chr : mouth_UpperLipOpen target not exist
<08:42:31> [56B5985B] X2FaceMaker - game/objects/characters/warborn/male/face/wa_m_face01_mid.chr : mouth_LowerLipOpen target not exist
<08:42:31> [56B5985B] X2FaceMaker - game/objects/characters/warborn/male/face/wa_m_face01_mid.chr : mouth_MouthOpen target not exist
<08:42:31> [56B5985B] X2FaceMaker - game/objects/characters/warborn/male/face/wa_m_face01_mid.chr : mouth_Size target not exist
<08:42:31> [56B5985B] X2FaceMaker - game/objects/characters/warborn/male/face/wa_m_face01_mid.chr : mouth_Shape_min target not exist
<08:42:31> [1191A6A8] X2FaceMaker - game/objects/characters/warborn/male/face/wa_m_face01_mid.chr : mouth_Shape_max ex target not exist
<08:42:31> [56B5985B] X2FaceMaker - game/objects/characters/warborn/male/face/wa_m_face01_mid.chr : mouth_TeethZposition target not exist
<08:42:31> [56B5985B] X2FaceMaker - game/objects/characters/warborn/male/face/wa_m_face01_mid.chr : FS_JawHigh_min target not exist
<08:42:31> [1191A6A8] X2FaceMaker - game/objects/characters/warborn/male/face/wa_m_face01_mid.chr : FS_JawHigh_max ex target not exist
<08:42:31> [56B5985B] X2FaceMaker - game/objects/characters/warborn/male/face/wa_m_face01_mid.chr : FS_EarRotate_min target not exist
<08:42:31> [1191A6A8] X2FaceMaker - game/objects/characters/warborn/male/face/wa_m_face01_mid.chr : FS_EarRotate_max ex target not exist
<08:42:31> [56B5985B] X2FaceMaker - game/objects/characters/warborn/male/face/wa_m_face01_mid.chr : FS_Beard1 target not exist
<08:42:31> [56B5985B] X2FaceMaker - game/objects/characters/warborn/male/face/wa_m_face01_mid.chr : FS_Beard2 target not exist
<08:42:31> [56B5985B] X2FaceMaker - game/objects/characters/warborn/male/face/wa_m_face01_mid.chr : FS_Beard3 target not exist
<08:42:31> [56B5985B] X2FaceMaker - game/objects/characters/warborn/female/face/wa_f_face01_mid.chr : eye_Yposition_min target not exist
<08:42:31> [1191A6A8] X2FaceMaker - game/objects/characters/warborn/female/face/wa_f_face01_mid.chr : eye_Yposition_max ex target not exist
<08:42:31> [56B5985B] X2FaceMaker - game/objects/characters/warborn/female/face/wa_f_face01_mid.chr : FS_AllLowerY target not exist
<08:42:31> [56B5985B] X2FaceMaker - game/objects/characters/warborn/female/face/wa_f_face01_mid.chr : FS_AllRotate target not exist
<08:42:31> [56B5985B] X2FaceMaker - game/objects/characters/warborn/female/face/wa_f_face01_mid.chr : FS_AllY target not exist
<08:42:31> [56B5985B] X2FaceMaker - game/objects/characters/warborn/female/face/wa_f_face01_mid.chr : mouth_Open_min target not exist
<08:42:31> [1191A6A8] X2FaceMaker - game/objects/characters/warborn/female/face/wa_f_face01_mid.chr : mouth_Open_max ex target not exist
<08:42:31> [E320B5CE] Init Face Makers - Done!
<08:42:31> [581CA53C] Script System Initialization
<08:42:31> [BA0D559B] Splash: Initializing Script System...
<08:42:31> [000004EE][Warning] [Lua Error] 1_3_0/scripts/common.lua:276: attempt to index global 'Script' (a nil value)
<08:42:31> [58F3F7FF][Warning] <null>:0: [Lua Error] Failed to execute file @game/scriptsbin/common.alb
<08:42:31> [D8B2BA54] Entity system initialization
<08:42:31> [BA0D559B] Splash: Initializing Entity System...
<08:42:31> [D55F91B2][Warning] [CEntityClassRegistry] LoadClassDescription failed, Entity Class name Chick already registered
<08:42:31> [BA0D559B] Splash: Initializing AI System...
<08:42:31> [DA019954] Initializing AI System
<08:42:31> [2546BCC5] Initializing Budgeting System
<08:42:31> [C0E19025] Initializing Seamless System
<08:42:31> [BA0D559B] Splash: Loading Game Data...
<08:42:33> [90B8EC50][Warning] too many ranges: aoe_shapes descs 10156(10156) threshold 100 ranges 12
<08:42:33> [BA4AD6CE] Loading portal list
<08:42:33> [92597454] Portal added, enter: 3891, exit: 6629
<08:42:33> [92597454] Portal added, enter: 21448, exit: 21449
<08:42:33> [92597454] Portal added, enter: 21450, exit: 21451
<08:42:33> [92597454] Portal added, enter: 21452, exit: 21453
<08:42:33> [92597454] Portal added, enter: 21698, exit: 21699
<08:42:33> [92597454] Portal added, enter: 22023, exit: 22024
<08:42:33> [92597454] Portal added, enter: 22042, exit: 22066
<08:42:33> [92597454] Portal added, enter: 22136, exit: 22137
<08:42:33> [92597454] Portal added, enter: 22163, exit: 22164
<08:42:33> [92597454] Portal added, enter: 22184, exit: 22185
<08:42:33> [92597454] Portal added, enter: 22336, exit: 22337
<08:42:33> [92597454] Portal added, enter: 9000063, exit: 9000064
<08:42:33> [1C664009] End loading portal list
<08:42:33> [937812F7] loaded DDCMS (1396969 descs, 719156 links (17 page 16.95MB size) string) from game\db\compact.sqlite3 in 1030 ms
<08:42:33> [BA0D559B] Splash: Initializing Game System...
<08:42:33> [000004EE][Warning] [Lua Error] no localized ui text for 18 always_refund
<08:42:34> [0ADE3294][Warning] [MFX] Effect 'collisions:grenade' already present. Overriding.
<08:42:34> [311630D1][Warning] MFX WARNING: Material not found: mat_ice_breakable
<08:42:34>  
<08:42:34>    sys_spec = Custom (assuming 4)
<08:42:34>      option_anti_aliasing = 2 expected:3
<08:42:34>  
<08:42:34> [BA0D559B] Splash: Preparing Screen...
<08:42:34> [963385F6] Level System - Loading Start
<08:42:34> [806B6F8D] precaching world entities ..
<08:42:34> [7E39E0DE] precaching world entities .. done!  total (0) objects
<08:42:34> [D2B280D6] Vegetation Manager : Loading World(login2)
<08:42:34> [075AB92F] Vegetation Manager : Loading World - Done (total 36 vegetations)
<08:42:34> [B9410AA1] total 20 terrain world surfaces loaded
<08:42:34> Loading Particle Library: collisions
<08:42:34> Loading Particle Library: water
<08:42:34> Loading Particle Library: misc
<08:42:34> Loading Particle Library: ability_skill_table
<08:42:34> Loading Particle Library: ability_skill_table_k
<08:42:34> Loading Particle Library: abillity_skill_table_m
<08:42:35> Loading Particle Library: machinima
<08:42:35> Loading Particle Library: x2_effects
<08:42:35> Loading Particle Library: x2_effects_k
<08:42:35> [280A47E3] Precached total 2 materials
<08:42:35> [7B1A973B] seamless loading cell terrain(W0, 1), (L0, 0)
<08:42:35> [3EF08C47] seamless loading cell object(W0, 1), (L0, 0)
<08:42:35> [584C4FFD] [net 12:42:27.256]  dns ip:192.168.1.202
<08:42:35> [584C4FFD] [net 12:42:27.256]  dns ip:172.18.0.1
<08:42:35> [584C4FFD] [net 12:42:27.256]  dns ip:172.19.0.1
<08:42:35> [584C4FFD] [net 12:42:27.256]  dns ip:172.17.0.1
<08:42:35> [0DE3FA89][Error] CryAnimation: character-definition creation failed: game/objects/characters/elf/female/nude/el_f_kyprosa.cdf
<08:42:35> [13A58BA0][Error] CryAnimation: character-definition not found: game/objects/characters/elf/female/nude/el_f_kyprosa.cdf
<08:42:35> [4DD44108] Start DaruCommon Extension
<08:42:35> [1B425DA5] Duplicated post effect param! pszName = FilterMaskedBlurring_Amount
<08:42:35> [1B425DA5] Duplicated post effect param! pszName = FilterMaskedBlurring_MaskTexName
<08:42:35> [1B425DA5] Duplicated post effect param! pszName = FilterChromaShift_User_Amount
<08:42:35> [1B425DA5] Duplicated post effect param! pszName = FilterGrain_Amount
<08:42:35> [8F6BAA6C][Warning] Couldn't find console variable 'e_water_ocean_fft'
<08:42:35> Loading Particle Library: wind
<08:42:35> Loading Particle Library: X2_EFFECT_O
<08:42:35> [000004EE][Warning] Particle effect not found: '                                                                ', from ParticleEffect fx_land_green
<08:42:36> [12409CCC] Load Zone Finished
<08:42:36> [A39C1725] Level System - Loading Complete
<08:42:36> [27293DED] -----------------------------------------------------
<08:42:36> [120C18F5] * LOADING: 'loginbg4' loading time: 1.42 seconds
<08:42:36> [27293DED] -----------------------------------------------------
<08:42:36> [000004EE][Warning] [Lua Error] no client player exists
<08:42:36> [A13C772D][Warning] Cannot load texture ui/font_color.g, Image file format is invalid [File=ui/font_color.g]
<08:42:36> [000FABC5][Warning] CAreaGrid::BeginAreas() called before being initialized.
<08:42:44> [11E02DA3][Warning] Cannot load texture textures/defaults/16_12.dds, file missing [File=textures/defaults/16_12.dds]
<08:42:45> [1D01FDCA] Auth: client connected to server
<08:42:45> [584C4FFD] [net 12:42:45.368]  socket ip:192.168.1.202
<08:42:45> [4C920A71] mac address : 74-56-3c-fe-52-f3
<08:42:46> [A13C772D][Warning] Cannot load texture ui/font_color.g, Image file format is invalid [File=ui/font_color.g]
<08:42:56> [584C4FFD] [net 12:42:56.734] connection requested to: 192.95.21.64:1239
<08:42:56> [4ABA7BDB] Auth: client disconnected (reason=0)
<08:42:56> [0F08E548] [NetConnection] connect completed (succeeded:true)
<08:42:56> [48F7BDF2] invalid world id in world queue packet
<08:42:57> [26623ECA] ucc info.. 5 0
<08:42:57> [4516816D] pay method: person
<08:42:57> [4AA30841] pay location: person
<08:42:57> [ADF1C07E] pay start: 1900-1-1 00:00:00
<08:42:57> [6486A277] pay end: 1900-1-1 00:00:00
<08:42:57> [FFF6198C] premium point: 0
<08:42:57> [481C0862] premium grade: premium_0
<08:42:57> [88D9AB0C] real pay time: 34292084244480
<08:42:57> [9FC303B8][Error] [CVARS]: [DUPLICATE] CXConsole::RegisterFloat(): variable [camera_max_dist] is already registered
<08:42:57> [34CCC219] stream: connected to world server
<08:42:57> [06A46B5B] stream: authorized by world server
<08:42:57> [4516816D] pay method: person
<08:42:57> [4AA30841] pay location: person
<08:42:57> [ADF1C07E] pay start: 1900-1-1 00:00:00
<08:42:57> [6486A277] pay end: 2037-12-31 16:00:00
<08:42:57> [FFF6198C] premium point: 0
<08:42:57> [481C0862] premium grade: premium_0
<08:42:57> [88D9AB0C] real pay time: -1
<08:42:57> [82321C2B][Warning] [net 12:42:57.509] [time] remote time estimation restarted; estimate accumulator age was 1435.363525
<08:42:59> [637AF710][Warning] missing chr material : game/objects/characters/warborn/female/parts/ar/obj/wa_f_ar_leather181.mtl (chr: game/objects/characters/warborn/female/parts/ar/obj/wa_f_1ac014_1ar117_2ar602_2arm004_2bt005_2pv002.chr)
<08:42:59> [000004EE][Warning] [Lua Error] no localized ui text for 18 always_refund
<08:42:59> [09F46B9D]     cl_fov = 90 []
<08:42:59> [09F46B9D]     camera_max_dist = 180 []
<08:42:59> [09F46B9D]     name_tag_hp_width_on_bgmode = 80 []
<08:42:59> [09F46B9D]     name_tag_hp_height_on_bgmode = 30 []
<08:42:59> [A13C772D][Warning] Cannot load texture ui/font_color.g, Image file format is invalid [File=ui/font_color.g]
<08:42:59> [06E6A3E9][Warning] Cannot load texture ui/login_stage/queue.dds, file missing [File=ui/login_stage/queue.dds]
<08:42:59> [000004EE][Warning] RenderMesh not assigned game/objects/box_nodraw.cgf
<08:43:01> [DA579B6C][Error] can't load client driven connect info.. Kompy
<08:43:05> [9FC303B8][Error] [CVARS]: [DUPLICATE] CXConsole::RegisterFloat(): variable [ui_double_click_interval] is already registered
<08:43:05> [0DE3FA89][Error] CryAnimation: character-definition creation failed: game/objects/characters/returned/female/nude/re_f.cdf
<08:43:05> [6FF68EA5] SetInstantTime: type 0 time 0
<08:43:05> [6FF68EA5] SetInstantTime: type 1 time 1758211439
<08:43:05> [6FF68EA5] SetInstantTime: type 2 time 1757821854
<08:43:05> [6FF68EA5] SetInstantTime: type 3 time 0
<08:43:05> [6FF68EA5] SetInstantTime: type 4 time 0
<08:43:05> [6FF68EA5] SetInstantTime: type 5 time 0
<08:43:05> [6FF68EA5] SetInstantTime: type 6 time 0
<08:43:05> [6FF68EA5] SetInstantTime: type 7 time 1758285336
<08:43:05> [82321C2B][Warning] [net 12:43:05.830] [time] remote time estimation restarted; estimate accumulator age was 2.244622
<08:43:05> [0E61BD35] ExpeditionMember 20 added
<08:43:05> [0E61BD35] ExpeditionMember 6 added
<08:43:05> [51CFCC4C] ExpeditionMember count matched. total 26
<08:43:05> [966861E8][Warning] GetAllPolicies empty
<08:43:05> [67B7DD8A][Warning] my ExpeditionMemberDesc not exist
<08:43:05> [7AB931CE] seamless unloading cell object(W0, 0), (L0, 0)
<08:43:05> [4B1E8B22] unload cell object count : 1511
<08:43:05> [B866A294] seamless unloading cell terrain(W0, 0), (L0, 0)
<08:43:05> [963385F6] Level System - Loading Start
<08:43:06> [E0E0EDAE][Warning] failed to load zone time of day from game/worlds/main_world/zone/225//time_of_day.xml
<08:43:06> [AB17243B][Warning] failed to load zone environment from game/worlds/main_world/zone/309//env.xml
<08:43:06> [35D4413E][Warning] failed to load zone clouds from game/worlds/main_world/zone/309//clouds.xml
<08:43:06> [806B6F8D] precaching world entities ..
<08:43:06> [7E39E0DE] precaching world entities .. done!  total (1778) objects
<08:43:06> [D2B280D6] Vegetation Manager : Loading World(main_world)
<08:43:06> [075AB92F] Vegetation Manager : Loading World - Done (total 3055 vegetations)
<08:43:06> [000004EE][Error] CTerrain::LoadWorldSurfaces: Error loading material: materials/Terrain/gweonidforest/w_forest_road_a1
<08:43:06> [751FFB9E][Warning] Error: CShaderMan::mfCreateShaderResources: Couldn't find detail texture
'game/textures/aa_terrain/canyon/tr_canyon_rock_616a_ddn.tga' in path '' [File=game/textures/aa_terrain/canyon/tr_canyon_rock_616a_ddn.tga]
<08:43:06> [B9410AA1] total 600 terrain world surfaces loaded
<08:43:06> [280A47E3] Precached total 4 materials
<08:43:06> [7B1A973B] seamless loading cell terrain(W21, 7), (L4, 4)
<08:43:06> [7B1A973B] seamless loading cell terrain(W21, 8), (L4, 5)
<08:43:06> [7B1A973B] seamless loading cell terrain(W20, 7), (L3, 4)
<08:43:06> [7B1A973B] seamless loading cell terrain(W20, 8), (L3, 5)
<08:43:06> [7B1A973B] seamless loading cell terrain(W22, 7), (L5, 4)
<08:43:06> [7B1A973B] seamless loading cell terrain(W22, 8), (L5, 5)
<08:43:06> [7B1A973B] seamless loading cell terrain(W21, 6), (L4, 3)
<08:43:06> [7B1A973B] seamless loading cell terrain(W20, 6), (L3, 3)
<08:43:06> [7B1A973B] seamless loading cell terrain(W21, 9), (L4, 6)
<08:43:06> [7B1A973B] seamless loading cell terrain(W20, 9), (L3, 6)
<08:43:06> [7B1A973B] seamless loading cell terrain(W19, 7), (L2, 4)
<08:43:06> [7B1A973B] seamless loading cell terrain(W22, 6), (L5, 3)
<08:43:06> [7B1A973B] seamless loading cell terrain(W19, 8), (L2, 5)
<08:43:06> [7B1A973B] seamless loading cell terrain(W22, 9), (L5, 6)
<08:43:06> [7B1A973B] seamless loading cell terrain(W23, 7), (L6, 4)
<08:43:06> [7B1A973B] seamless loading cell terrain(W19, 6), (L2, 3)
<08:43:06> [7B1A973B] seamless loading cell terrain(W23, 8), (L6, 5)
<08:43:06> [7B1A973B] seamless loading cell terrain(W19, 9), (L2, 6)
<08:43:06> [7B1A973B] seamless loading cell terrain(W21, 5), (L4, 2)
<08:43:06> [7B1A973B] seamless loading cell terrain(W20, 5), (L3, 2)
<08:43:06> [7B1A973B] seamless loading cell terrain(W21, 10), (L4, 7)
<08:43:06> [7B1A973B] seamless loading cell terrain(W23, 6), (L6, 3)
<08:43:06> [7B1A973B] seamless loading cell terrain(W22, 5), (L5, 2)
<08:43:06> [7B1A973B] seamless loading cell terrain(W20, 10), (L3, 7)
<08:43:06> [7B1A973B] seamless loading cell terrain(W23, 9), (L6, 6)
<08:43:06> [7B1A973B] seamless loading cell terrain(W18, 7), (L1, 4)
<08:43:06> [7B1A973B] seamless loading cell terrain(W18, 8), (L1, 5)
<08:43:06> [7B1A973B] seamless loading cell terrain(W22, 10), (L5, 7)
<08:43:06> [7B1A973B] seamless loading cell terrain(W19, 5), (L2, 2)
<08:43:06> [7B1A973B] seamless loading cell terrain(W18, 6), (L1, 3)
<08:43:06> [7B1A973B] seamless loading cell terrain(W19, 10), (L2, 7)
<08:43:06> [7B1A973B] seamless loading cell terrain(W18, 9), (L1, 6)
<08:43:06> [7B1A973B] seamless loading cell terrain(W24, 7), (L7, 4)
<08:43:06> [7B1A973B] seamless loading cell terrain(W23, 5), (L6, 2)
<08:43:06> [7B1A973B] seamless loading cell terrain(W24, 8), (L7, 5)
<08:43:06> [7B1A973B] seamless loading cell terrain(W21, 4), (L4, 1)
<08:43:06> [7B1A973B] seamless loading cell terrain(W23, 10), (L6, 7)
<08:43:06> [7B1A973B] seamless loading cell terrain(W20, 4), (L3, 1)
<08:43:06> [7B1A973B] seamless loading cell terrain(W24, 6), (L7, 3)
<08:43:06> [7B1A973B] seamless loading cell terrain(W24, 9), (L7, 6)
<08:43:06> [7B1A973B] seamless loading cell terrain(W22, 4), (L5, 1)
<08:43:06> [7B1A973B] seamless loading cell terrain(W18, 5), (L1, 2)
<08:43:06> [7B1A973B] seamless loading cell terrain(W17, 7), (L0, 4)
<08:43:06> [7B1A973B] seamless loading cell terrain(W18, 10), (L1, 7)
<08:43:06> [7B1A973B] seamless loading cell terrain(W17, 8), (L0, 5)
<08:43:06> [7B1A973B] seamless loading cell terrain(W19, 4), (L2, 1)
<08:43:06> [7B1A973B] seamless loading cell terrain(W24, 5), (L7, 2)
<08:43:06> [3EF08C47] seamless loading cell object(W21, 7), (L4, 4)
<08:43:07> [000004EE][Warning] [CGF Error] game/objects/env/02_harihara/001_hcom/hcom_cart_b.cgf [:] LOD1 of geometry hcom_cart_b contains too many polygons comparing to the LOD0 [770 against 1114] :
<08:43:07> [000004EE][Warning] [CGF Error] game/objects/env/01_nuia/001_housing/housing_people/hs_people_roof_a.cgf [:] Duplicate LOD helper $lod2 hs_people_roof_a
<08:43:07> [A5DDEC33][Warning] Warning: CShaderMan::mfForName: NULL name
<08:43:07> Loading Particle Library: X2_EFFECTS_P
<08:43:07> [000004EE][Warning] [CGF Error] game/objects/env/01_nuia/001_housing/housing_guild/nuia_h_guild_door_b_back.cga [:] non-uniform scale(1.00, 1.39, 1.00) at node(nuia_h_guild_door_b01_back)
<08:43:07> [000004EE][Warning] [CGF Error] game/objects/env/02_harihara/03_ti/ti_factorymain_a.cga [:] Invalid BBox : has Invalid BBox node(Object32)
<08:43:07> Loading Particle Library: x2_sounds
<08:43:07> [3EF08C47] seamless loading cell object(W21, 8), (L4, 5)
<08:43:07> [745BAE2F][Warning] failed to stream material xml(game/rock_06.mtl)
<08:43:07> [3EF08C47] seamless loading cell object(W20, 7), (L3, 4)
<08:43:07> [3EF08C47] seamless loading cell object(W20, 8), (L3, 5)
<08:43:07> [3EF08C47] seamless loading cell object(W22, 7), (L5, 4)
<08:43:07> [3EF08C47] seamless loading cell object(W22, 8), (L5, 5)
<08:43:08> [3EF08C47] seamless loading cell object(W21, 6), (L4, 3)
<08:43:08> [3EF08C47] seamless loading cell object(W20, 6), (L3, 3)
<08:43:08> [3EF08C47] seamless loading cell object(W21, 9), (L4, 6)
<08:43:08> [3EF08C47] seamless loading cell object(W20, 9), (L3, 6)
<08:43:08> [3EF08C47] seamless loading cell object(W19, 7), (L2, 4)
<08:43:08> [3EF08C47] seamless loading cell object(W22, 6), (L5, 3)
<08:43:08> [526BDE3A][Warning] Cannot load texture game/objects/env/02_harihara/04_su/su_tent_01game/objects/env/02_harihara/04_su/su_tent_04_df.dds_df.dds, file missing [File=game/objects/env/02_harihara/04_su/su_tent_01game/objects/env/02_harihara/04_su/su_tent_04_df.dds_df.dds]
<08:43:08> [3EF08C47] seamless loading cell object(W19, 8), (L2, 5)
<08:43:08> [3EF08C47] seamless loading cell object(W22, 9), (L5, 6)
<08:43:08> [3EF08C47] seamless loading cell object(W23, 7), (L6, 4)
<08:43:08> [3EF08C47] seamless loading cell object(W19, 6), (L2, 3)
<08:43:08> [3EF08C47] seamless loading cell object(W23, 8), (L6, 5)
<08:43:08> [3C93550B][Warning] Error: CShaderMan::mfCreateShaderResources: Couldn't find custom texture 'objects/env/01_nuia/06_mari/mari_wood04_ddobjects/env/01_nuia/06_mari/mari_wood04_sp.dds' in path '' [File=objects/env/01_nuia/06_mari/mari_wood04_ddobjects/env/01_nuia/06_mari/mari_wood04_sp.dds]
<08:43:08> [3EF08C47] seamless loading cell object(W19, 9), (L2, 6)
<08:43:08> [3EF08C47] seamless loading cell object(W21, 5), (L4, 2)
<08:43:09> [000004EE][Warning] Particle effect not found: 'X2_EFFECTS.e_effect.smoke_slow', from ParticleEffect ParticleEffect_2760
<08:43:09> [3EF08C47] seamless loading cell object(W20, 5), (L3, 2)
<08:43:09> [12409CCC] Load Zone Finished
<08:43:09> [000004EE][Warning] I3DEngine::RegisterEntity: entity reports invalid position: Name: LightEntityName (), Class: LightEntityClass, Pos=(6411.5,2342.7,2816.1), aabb center=(142.0,1019.8,-2.3)
<08:43:09> [82321C2B][Warning] [net 12:43:09.323] [time] remote time estimation restarted; estimate accumulator age was 3.440337
<08:43:09> [7F89A202][Warning] AI: Warning: AIPoint is not inside Navigation Modifier. pos(4863.9, 5327.1, 637.1)
<08:43:09> [2363981C][Warning] chr material is not precached : game/objects/characters/animals/owl_postman/owl_postman.mtl (chr: game/objects/characters/animals/owl_postman/owl_postman.chr)
<08:43:09> [CE2F4035][Warning] chr physical geom is not precached. (game/objects/characters/animals/owl_postman/owl_postman.chr)
<08:43:09> [5CE4EF2C][Warning] failed to load particle lib from (Libs/Particles/game/abillity_skill_table_m.xml)
<08:43:09> [000004EE][Warning] Particle effect not found: 'game/abillity_skill_table_m.wild.shock_form2', from unknown 
<08:43:09> [2BFDEC33][Error] realstep 8, not match unit req
<08:43:09> [A39C1725] Level System - Loading Complete
<08:43:09> [9BE3F673] total 0 CGF files are precached
<08:43:09> [27293DED] -----------------------------------------------------
<08:43:09> [120C18F5] * LOADING: 'e_tiger_spine_mountains_2' loading time: 3.81 seconds
<08:43:09> [27293DED] -----------------------------------------------------
<08:43:09> [000004EE][Warning] Independent immortal particle effect spawned: X2_EFFECT_O.Interaction.enchant_wpn_range_honor_3g
<08:43:12> [CA175C82][Warning] non-stream IO. system(Material), filePath(game/objects/env/01_nuia/001_housing/housing_farm/hs_f_scarecrow_star.mtl)
<08:43:12> Loading Particle Library: X2_effect_H
<08:43:12> [EBF8A645][Warning] Error: CShaderMan::mfCreateShaderResources: Couldn't find detail texture
'Game/objects/Env/01_nuia/001_housing/housing_house/housing_small_newhouse/housing_small_newhouse_03/housing_small_newhouse_03_floor_ddn.dds' in path '' [File=Game/objects/Env/01_nuia/001_housing/housing_house/housing_small_newhouse/housing_small_newhouse_03/housing_small_newhouse_03_floor_ddn.dds]
<08:43:12> Loading Particle Library: ljs_particle_fx
<08:43:13> [755A3546][Warning] Error: CShaderMan::mfCreateShaderResources: Couldn't find custom secondary texture 'game/objects/env/01_nuia/001_housing/housing_house/nuia_housing_treemossy03_ddn.dds' in path '' [File=game/objects/env/01_nuia/001_housing/housing_house/nuia_housing_treemossy03_ddn.dds]
<08:43:13> [000004EE][Warning] [CGF Error] game/objects/env/01_nuia/001_ndeco/making/ndeco_powerfulmaking.cga [:] LOD1 of geometry parts01 contains too many polygons comparing to the LOD0 [1592 against 1130] :
<08:43:13> [745BAE2F][Warning] failed to stream material xml(game/objects/characters/hariharan/female/parts/hm/obj/ha_f_hm_cloth207.mtl)
<08:43:13> [637AF710][Warning] missing chr material : game/objects/characters/hariharan/female/parts/hm/obj/ha_f_hm_cloth207.mtl (chr: game/objects/characters/hariharan/female/parts/hm/obj/ha_f_1hm112.chr)
<08:43:13> [491B3718][Warning] Cannot load texture objects/characters/ferre/female/face/face01/fe_f_face01_fur_sss.dds, file missing [File=objects/characters/ferre/female/face/face01/fe_f_face01_fur_sss.dds]
<08:43:13> [5243B464][Warning] Error: CShaderMan::mfCreateShaderResources: Couldn't find subsurface texture 'objects/characters/ferre/female/face/face01/fe_f_face01_fur_sss.dds' in path '' [File=objects/characters/ferre/female/face/face01/fe_f_face01_fur_sss.dds]
<08:43:14> [CE0EF930][Warning] failed to stream cgf : default
<08:43:14> [09F46B9D]     cl_fov = 90 []
<08:43:14> [09F46B9D]     camera_max_dist = 180 []
<08:43:14> [09F46B9D]     name_tag_hp_width_on_bgmode = 80 []
<08:43:14> [09F46B9D]     name_tag_hp_height_on_bgmode = 30 []
<08:43:14> [000004EE][Warning] [Lua Error] Failed to load script file scriptsbin/x2ui/assignment/form.alb
<08:43:14> [A13C772D][Warning] Cannot load texture ui/font_color.g, Image file format is invalid [File=ui/font_color.g]
<08:43:14> [B5A61D8F] Chat Channel(0) Color is not found.
<08:43:14> [000004EE][Warning] [Lua Error] ...ts/x2ui/loginstage/character_create/locale/en_us.lua:524: attempt to index a nil value
<08:43:14> [58F3F7FF][Warning] <null>:0: [Lua Error] Failed to execute file @game/scriptsbin/x2ui/loginstage/character_create/locale/en_us.alb
<08:43:15> [000004EE][Warning] [Lua] invalid style type...  / brown
<08:43:15> [82321C2B][Warning] [net 12:43:15.500] [time] remote time estimation restarted; estimate accumulator age was 0.793915
<08:43:15> [BCCDC555][Warning] MakeSprite - too many sprite update (10). dropping.. (sprites : 85)
<08:43:16> [A4D70365][Warning] rigid-body own-entity; prefab=prefabs/carriage.xml/carriage.carriageb node=AnimObject_55
<08:43:17> [62232BEA][Warning] deferred xml stream error - game/animations/animals/crow_lucius/lmg_files/normal_run.lmg : f0000003
<08:43:19> [CE0EF930][Warning] failed to stream cgf : default
<08:43:23> [000004EE][Warning] [CGF Error] game/objects/env/02_harihara/001_hdeco/quest/hdeco_qust_cocoon01.cgf [:] non-uniform scale(0.87, 0.87, 1.00) at node(hdeco_qust_cocoon01_proxy)
<08:43:23> [A4D70365][Warning] rigid-body own-entity; prefab=prefabs/interaction_d.xml/tool.lever_right node=AnimObject_1
<08:43:23> [7F01D4DF][Warning] Cannot load texture game/textures/p_effects/spider_net_04_ddn.dds, file missing [File=game/textures/p_effects/spider_net_04_ddn.dds]
<08:43:23> [745BAE2F][Warning] failed to stream material xml(game/materials/aa_terrain/decals/quest_golddust.mtl)
<08:43:25> [CE0EF930][Warning] failed to stream cgf : default
<08:43:26> [BCCDC555][Warning] MakeSprite - too many sprite update (10). dropping.. (sprites : 155)
<08:43:28> [4655D2D5][Warning] Error: CShaderMan::mfCreateShaderResources: Couldn't find detail texture
'textures/terrain/bump_detail/detail_bump_wood_007_ddn.dds' in path '' [File=textures/terrain/bump_detail/detail_bump_wood_007_ddn.dds]
<08:43:30> [CE0EF930][Warning] failed to stream cgf : default
<08:43:34> [A4D70365][Warning] rigid-body own-entity; prefab=Prefabs/interaction.xml/toy.crane node=AnimObject_1
<08:43:38> [CE0EF930][Warning] failed to stream cgf : default
<08:43:43> [745BAE2F][Warning] failed to stream material xml(game/objects/characters/monster/polarbear_baby/Material #0.mtl)
<08:43:43> [62232BEA][Warning] deferred xml stream error - game/animations/monster/polarbear_baby/lmg_files/normal_run.lmg : f0000003
<08:43:44> [CE0EF930][Warning] failed to stream cgf : default
<08:43:48> [FCD07016][Warning] Cannot load texture objects/characters/ferre/male/hair/fe_m_hair02/fe_m_hair02_df.dds, file missing [File=objects/characters/ferre/male/hair/fe_m_hair02/fe_m_hair02_df.dds]
<08:43:54> [CE0EF930][Warning] failed to stream cgf : default
<08:43:58> [000004EE][Warning] [CGF Error] game/objects/env/01_nuia/001_ndeco/collect/ndeco_collect_geyser01.cgf [:] non-uniform scale(1.48, 1.48, 1.00) at node(proxy)
<08:44:04> [CE0EF930][Warning] failed to stream cgf : game/objects/env/05_nature/08_cry_source/rocks/road_rocks/road_rocks_flat_grey_a.cgf
<08:44:05> [A4D70365][Warning] rigid-body own-entity; prefab=Prefabs/interaction.xml/toy.crane node=AnimObject_1
<08:44:19> [CE0EF930][Warning] failed to stream cgf : default
<08:44:28> [CE0EF930][Warning] failed to stream cgf : default
<08:48:22> [BCCDC555][Warning] MakeSprite - too many sprite update (10). dropping.. (sprites : 164)
<08:48:23> [000004EE][Warning] Particle effect not found: 'game/ability_skill_table_k.p_skill_will.spirit_launch', from unknown 
<08:48:23> [B95EE41B][Error] invalid parent unit id(80035)
<08:48:23> [745BAE2F][Warning] failed to stream material xml(game/objects/characters/hariharan/female/parts/cp/obj/ha_f_cp_leather002.mtl)
<08:48:23> [637AF710][Warning] missing chr material : game/objects/characters/hariharan/female/parts/bo/obj/ha_f_bo_metal166.mtl (chr: game/objects/characters/hariharan/female/parts/bo/obj/ha_f_3bo102.chr)
<08:48:23> [CA175C82][Warning] non-stream IO. system(Material), filePath(game/objects/effects/keffect/m_enchant1_pink_m.mtl)
<08:48:47> [B95EE41B][Error] invalid parent unit id(80035)
<08:51:00> [A4D70365][Warning] rigid-body own-entity; prefab=prefabs/carriage.xml/carriage.carriageb node=AnimObject_55
<08:53:50> [A4D70365][Warning] rigid-body own-entity; prefab=prefabs/carriage.xml/carriage.carriageb node=AnimObject_55
<08:54:03> [B95EE41B][Error] invalid parent unit id(114996)
<08:54:03> [745BAE2F][Warning] failed to stream material xml(game/objects/characters/ferre/male/parts/gv/leather/gv_leather167/fe_m_gv_leather167_blup02.mtl)
<08:54:04> [637AF710][Warning] missing chr material : game/objects/characters/ferre/male/parts/ar/obj/fe_m_ar_leather181.mtl (chr: game/objects/characters/ferre/male/parts/ar/obj/fe_m_1ac014_1ar106_2ar602_2arm004_2bt005_2pv002.chr)
<08:54:18> [B95EE41B][Error] invalid parent unit id(114996)
<08:54:34> [2363981C][Warning] chr material is not precached : game/objects/characters/warborn/female/horns/wa_f_horns002/wa_f_horns002.mtl (chr: game/objects/characters/warborn/female/horns/wa_f_horns002/wa_f_horns002.chr)
<08:54:34> [CA175C82][Warning] non-stream IO. system(Material), filePath(game/objects/characters/warborn/female/horns/wa_f_horns002/wa_f_horns002.mtl)
<08:54:34> [5F89E60D][Warning] non cached CDF(game/objects/characters/warborn/female/parts/hm/leather/hm_leather167/wa_f_hm_leather167.cdf)
<08:54:34> [637AF710][Warning] missing chr material : game/objects/characters/warborn/female/parts/hm/obj/wa_f_hm_leather179.mtl (chr: game/objects/characters/warborn/female/parts/hm/obj/wa_f_2hm109.chr)
<08:54:44> [584C4FFD] [net 12:54:44.619] -- Client will disconnect; cause=18 desc=graceful exit
<08:54:44> [05D024BA] System:Quit
