[801989E0] BackupNameAttachment=" Build(0) Date(15 September 2025) Time(13 56 52)"  -- used by backup system
[00000020]  
[38F38F32] Log Started at #c
[0232BD25] Running 32 bit version
[7AB6F5FE] Executable: C:\Games\AAClassic\bin32\archeage.exe
[E5C771AC] FileVersion: 3.5.0.0
[F799D55F] ProductVersion: 3.5.3.0
[1F1D6B13] Using Microsoft (tm) C++ Standard Library implementation
[00000020]  
[C7D96C80] Revision: 350000
[00000020]  
[64533E3E] this is the first client
<13:56:59> [B9197FD5][Error] ConsoleVariableGroup[option_effect] key[e_particles_lod_onoff] has no default
<13:56:59> [76666E6D] 
--- CPU detection ---
<13:56:59> [F4D992D8] CPU: AMD AMD Ryzen 7 7800X3D 8-Core Processor           
<13:56:59> [3F649B02] Family: 15, Model: 1, Stepping: 2
<13:56:59> [83D12E0B] FPU: On-Chip
<13:56:59> [50919DA0] CPU Speed (estimated): 4191.719274 MHz
<13:56:59> [C73FD83A] MMX: not present
<13:56:59> [89D1077A] SSE: present
<13:56:59> [64E2B6F1] 3DNow!: present
<13:56:59> [27B7AC6E] Serial number not present or disabled
<13:56:59> [1D2D8E5B] Number of logical processors: 16
<13:56:59> [FA658084] Number of available logical processors: 16
<13:56:59> [A1F061C2] Invariant Time Stamp Counter : yes
<13:56:59> [FA0251ED] ---------------------

<13:56:59> [03E7D838] Device Info
<13:56:59> [9F603516] Device Info - 1
<13:56:59> [9F603517] Device Info - 2
<13:56:59> [9F603518] Device Info - 3
<13:56:59> [9F603519] Device Info - 4
<13:56:59> [9F60351A] Device Info - 5
<13:56:59> [9F60351B] Device Info - 6
<13:56:59> [9F60351C] Device Info - 7
<13:56:59> [E98ECC28] Video Memory Info
<13:56:59> [D5FBE664] Video Memory - 1
<13:56:59> [D5FBE665] Video Memory - 2
<13:57:00> [D5FBE666] Video Memory - 3
<13:57:00> [D5FBE667] Video Memory - 4
<13:57:00> [D5FBE668] Video Memory - 5
<13:57:00> [D5FBE669] Video Memory - 6
<13:57:00> [D5FBE66A] Video Memory - 7
<13:57:00> [D5FBE66B] Video Memory - 8
<13:57:00> [3A4D54A2][Warning] config/gpu/amd.txt line 55 contains a multiple defined GPU rating!
<13:57:00> [D20872C0] InitThreadAffinities
<13:57:00> [2F28A434] UpdateMainThreadAffinity
<13:57:00> [16962512] Windows 8 64 bit (build 6.2.9200)
<13:57:00> [38DFF081] System language: English
<13:57:00> [861A0178] Windows Directory: "C:\windows"
<13:57:00> [341B54F1] Prerequisites...
<13:57:00> [5D1B3C9C] * Installation of KB940105 hotfix required: no! (either not needed or already installed)
<13:57:00> [2593B20D] Local time is 13:57:00 09/15/25, system running for 1835 minutes
<13:57:00> [C17A8048] 63426MB physical memory installed, 11562MB available, 4095MB virtual memory installed, 81 percent of memory in use
<13:57:00> [31259232] PageFile usage: 
<13:57:00> [453F0D1B] Current display mode is 2560x1440x32
<13:57:00> [8A64FCCC] IBM enhanced (101/102-key) keyboard and 3+ button mouse installed
<13:57:00> [CE30556B] ----- GPU Detection -----------------
<13:57:00> [03E7D838] Device Info
<13:57:00> [9F603516] Device Info - 1
<13:57:00> [9F603517] Device Info - 2
<13:57:00> [9F603518] Device Info - 3
<13:57:00> [9F603519] Device Info - 4
<13:57:00> [9F60351A] Device Info - 5
<13:57:00> [9F60351B] Device Info - 6
<13:57:00> [9F60351C] Device Info - 7
<13:57:00> [E98ECC28] Video Memory Info
<13:57:00> [D5FBE664] Video Memory - 1
<13:57:00> [D5FBE665] Video Memory - 2
<13:57:00> [D5FBE666] Video Memory - 3
<13:57:00> [D5FBE667] Video Memory - 4
<13:57:00> [D5FBE668] Video Memory - 5
<13:57:00> [D5FBE669] Video Memory - 6
<13:57:00> [D5FBE66A] Video Memory - 7
<13:57:00> [D5FBE66B] Video Memory - 8
<13:57:00> [99EA404A]  AMD Radeon RX 7800 XT (RADV NAVI32) (vendor = 0x1002, device = 0x747e, subSys = 0x00000000)
<13:57:00> [77718B6A] -- Video memory: 4081 MB
<13:57:00> [30DF1863] -- Minimum SM 2.0 support: yes
<13:57:00> [13E11956] -- DX11 supported: yes
<13:57:00> [50B60100] --------------------------------------------------------------------------------
<13:57:00> [5921EDBE] Stream Engine Initialization
<13:57:00> [BA0D559B] Splash: Initializing Stream Engine...
<13:57:00> [939F6EBB] Enable Resolutions : 0
<13:57:00> [A30A84B6] can't enum display resolution modes
<13:57:00> [B324CD25] Screen Resolution - 1024x768
<13:57:00> [3778EA0B] Screen Resolution - 0 (2560x1440)
<13:57:00> [A1B107F0] Screen Resolution - Test OK (2560x1440)
<13:57:00> [A9E4B0F2] Network initialization
<13:57:00> [BA0D559B] Splash: Initializing Network System...
<13:57:00> [14FAD233] Socket I/O by iocp
<13:57:00> [E36A4FB9] Physics initialization
<13:57:00> [BA0D559B] Splash: Initializing Physics...
<13:57:00> [2462D581] MovieSystem initialization
<13:57:00> [BA0D559B] Splash: Initializing Movie System...
<13:57:00> [93287AEC] Renderer initialization - Start
<13:57:00> [BA0D559B] Splash: Initializing Renderer...
<13:57:00> [91207680] Renderer initialization - Open
<13:57:00> [4377E7CB] Renderer initialization - DLL Load(CryRenderD3D9.dll)
<13:57:00> [71203A94] Renderer initialization - DLL Done
<13:57:00> [71227C22] Renderer initialization - DLL Init
<13:57:00> [C653D9CB] Renderer initialization - Instance
<13:57:01> [44D9754D] D3D Adapter: Driver name: aticfx32.dll
<13:57:01> [82BE8322] D3D Adapter: Driver description: AMD Radeon RX 7800 XT (RADV NAVI32)
<13:57:01> [2224501A] D3D Adapter: Driver version: 32767.65535.65535.65535
<13:57:01> [E8D1E30D] D3D Adapter: Driver GUID: 00000000-0003-0000-0000000000000000
<13:57:01> [BC8C1ACB] D3D Adapter: VendorId = 0x1002
<13:57:01> [B6A10CFD] D3D Adapter: DeviceId = 0x747E
<13:57:01> [0678E702] D3D Adapter: SubSysId = 0x00000000
<13:57:01> [F2243F0E] D3D Adapter: Revision = 0
<13:57:01> [E571CFEE] Shader manager initialization
<13:57:03> [05BAAEF6] CResFile allocations incurred by user cache preload: (20177.37k)
<13:57:03> [911B73B8] Renderer initialization - Done
<13:57:03> [8E444EA9] Console initialization
<13:57:03> [2904A233] Time initialization
<13:57:03> [3650CFD6] Input initialization
<13:57:03> [BA0D559B] Splash: Initializing Input System...
<13:57:03> Initializing Keyboard
<13:57:03> [99640BF1] Sound initialization
<13:57:03> [BA0D559B] Splash: Initializing Sound System...
<13:57:03> [2C33885C] Sound - Initializing AudioDevice now!
<13:57:03> [E46760A9] <Sound> Initialize FMOD with dynamic memory callbacks
<13:57:05> [D6755BFD] <Sound> Starting to initialize Windows Audio Session API output! 
<13:57:05> [F7E8E3CD] <Sound> Drivers found: 5
<13:57:05> [5076AD4B] <Sound> Available drivers:
	1.	PulseAudio Output (PulseAudio Output)
	2.	Blue Microphones Analog Stereo (Blue Microphones Analog Stereo)
	3.	Wireless Controller (Wireless Controller)
	4.	Navi 31 HDMI/DP Audio Digital Stereo (HDMI) (Navi 31 HDMI/DP Audio Digital Stereo (HDMI))
	5.	Family 17h/19h/1ah HD Audio Controller Analog Stereo (Family 17h/19h/1ah HD Audio Controller Analog Stereo)
<13:57:05> [A0BBF7E1] <Sound> FmodEx-AudioDevice: Now running on driver: PulseAudio Output (PulseAudio Output)
<13:57:05> [14D8EFE1] <Sound> Using speaker mode: FMOD_SPEAKERMODE_STEREO
<13:57:05> [E79C27E5] <Sound> Initializing FMOD-EX now!
<13:57:05> [E2A9FE08] <Sound> Available record drivers: 0 PulseAudio Input (PulseAudio Input) !
<13:57:05> [E2A9FE08] <Sound> Available record drivers: 1 Family 17h/19h/1ah HD Audio Controller Analog Stereo (Family 17h/19h/1ah HD Audio Controller Analog Stereo) !
<13:57:05> [E2A9FE08] <Sound> Available record drivers: 2 Wireless Controller (Wireless Controller) !
<13:57:05> [E2A9FE08] <Sound> Available record drivers: 3 Blue Microphones Analog Stereo (Blue Microphones Analog Stereo) !
<13:57:05> [E2A9FE08] <Sound> Available record drivers: 4 Monitor of Family 17h/19h/1ah HD Audio Controller (Monitor of Family 17h/19h/1ah HD Audio Controller) !
<13:57:05> [E2A9FE08] <Sound> Available record drivers: 5 Monitor of Blue Microphones Analog Stereo (Monitor of Blue Microphones Analog Stereo) !
<13:57:05> [E2A9FE08] <Sound> Available record drivers: 6 Wireless Controller (Wireless Controller) !
<13:57:05> [E2A9FE08] <Sound> Available record drivers: 7 Monitor of Navi 31 HDMI/DP Audio Digital Stereo (HDMI) (Monitor of Navi 31 HDMI/DP Audio Digital Stereo (HDMI)) !
<13:57:05> [6841BE38] <Sound> Record config is set to autodetect using record driver 0
<13:57:05> [7808B4C4] <Sound> Using FMOD version: 00044414 and internal 00044414!
<13:57:05> [2A2815C7] <Sound> Initialized FMOD-EX
<13:57:05> [BE4EF52E] Sound - Initializing SoundSystem now!
<13:57:05> [0D547471] Font initialization
<13:57:05> [BA0D559B] Splash: Initializing Fonts...
<13:57:05> [C194F7C8][Warning] Cannot load texture textures/defaults/replacemecm.tif, file missing [File=textures/defaults/replacemecm.dds]
<13:57:05> [84206398] AI initialization
<13:57:05> [1BC221DE] Initializing Animation System
<13:57:05> [BA0D559B] Splash: Initializing Animation System...
<13:57:05> [9E592EFE] Initializing 3D Engine
<13:57:05> [BA0D559B] Splash: Initializing 3D Engine...
<13:57:06> [637AF710][Warning] missing chr material : game/objects/characters/ferre/female/nude/Standard_22.mtl (chr: game/objects/characters/ferre/female/nude/fe_f_base.chr)
<13:57:06> [91F5AEEC][Warning] number of bones mismatch! game/objects/characters/ferre/female/nude/fe_f_base.chr=195 game/objects/characters/ferre/female/nude/fe_f_base_lod1.chr=185
<13:57:08> [7415A452] CHR PreCaching 25 Done
<13:57:08> [E7AD4E53] AddSharedMorphTargets - Failed to load objects/characters/dwarf/male/face/dw_m_face00.chr
<13:57:08> [61AD1790] MorphTargetPreCaching - objects/characters/dwarf/male/face/dw_m_face00.chr Add Failed
<13:57:08> [A4A6E4C6] MorphTarget PreCaching 11 Done
<13:57:08> [5ACB40E2] Init Face Makers
<13:57:08> [56B5985B] X2FaceMaker - game/objects/characters/nuian/male/face/nu_m_face01_mid.chr : mouth_UnderbiteOverbite target not exist
<13:57:08> [56B5985B] X2FaceMaker - game/objects/characters/nuian/male/face/nu_m_face01_mid.chr : mouth_UnderbiteOverbite target not exist
<13:57:08> [56B5985B] X2FaceMaker - game/objects/characters/nuian/male/face/nu_m_face01_mid.chr : mouth_UnderbiteOverbite target not exist
<13:57:08> [4ABB03EB] game/objects/characters/ferre/female/face/fe_f_face01_low.chr(303) - objects/characters/ferre/female/face/fe_f_face00.chr(3063) SharedMorph is not matched
<13:57:08> [56B5985B] X2FaceMaker - game/objects/characters/nuian/male/face/nu_m_face01_mid.chr : mouth_UnderbiteOverbite target not exist
<13:57:08> [56B5985B] X2FaceMaker - game/objects/characters/nuian/male/face/nu_m_face01_mid.chr : nose_dw_SeptumVol target not exist
<13:57:08> [56B5985B] X2FaceMaker - game/objects/characters/nuian/male/face/nu_m_face01_mid.chr : nose_dw_NasalZposition target not exist
<13:57:08> [56B5985B] X2FaceMaker - game/objects/characters/nuian/male/face/nu_m_face01_mid.chr : FS_dwEarSize target not exist
<13:57:08> [56B5985B] X2FaceMaker - game/objects/characters/nuian/male/face/nu_m_face01_mid.chr : dwarf_Morph target not exist
<13:57:08> [56B5985B] X2FaceMaker - game/objects/characters/nuian/male/face/nu_m_face01_mid.chr : FS_dw_CheekMeat_min target not exist
<13:57:08> [1191A6A8] X2FaceMaker - game/objects/characters/nuian/male/face/nu_m_face01_mid.chr : FS_dw_CheekMeat_max ex target not exist
<13:57:08> [56B5985B] X2FaceMaker - game/objects/characters/warborn/male/face/wa_m_face01_mid.chr : eye_Forehead target not exist
<13:57:08> [56B5985B] X2FaceMaker - game/objects/characters/warborn/male/face/wa_m_face01_mid.chr : eye_Tail_min target not exist
<13:57:08> [1191A6A8] X2FaceMaker - game/objects/characters/warborn/male/face/wa_m_face01_mid.chr : eye_Tail_max ex target not exist
<13:57:08> [56B5985B] X2FaceMaker - game/objects/characters/warborn/male/face/wa_m_face01_mid.chr : eye_WidthLength_min target not exist
<13:57:08> [1191A6A8] X2FaceMaker - game/objects/characters/warborn/male/face/wa_m_face01_mid.chr : eye_WidthLength_max ex target not exist
<13:57:08> [56B5985B] X2FaceMaker - game/objects/characters/warborn/male/face/wa_m_face01_mid.chr : eye_DoubleEyelidShape target not exist
<13:57:08> [56B5985B] X2FaceMaker - game/objects/characters/warborn/male/face/wa_m_face01_mid.chr : eye_BrowXposition target not exist
<13:57:08> [56B5985B] X2FaceMaker - game/objects/characters/warborn/male/face/wa_m_face01_mid.chr : eye_BrowZposition target not exist
<13:57:08> [56B5985B] X2FaceMaker - game/objects/characters/warborn/male/face/wa_m_face01_mid.chr : nose_Nostril target not exist
<13:57:08> [56B5985B] X2FaceMaker - game/objects/characters/warborn/male/face/wa_m_face01_mid.chr : nose_Size target not exist
<13:57:08> [56B5985B] X2FaceMaker - game/objects/characters/warborn/male/face/wa_m_face01_mid.chr : nose_SeptumZposition target not exist
<13:57:08> [56B5985B] X2FaceMaker - game/objects/characters/warborn/male/face/wa_m_face01_mid.chr : nose_End target not exist
<13:57:08> [56B5985B] X2FaceMaker - game/objects/characters/warborn/male/face/wa_m_face01_mid.chr : nose_Size target not exist
<13:57:08> [56B5985B] X2FaceMaker - game/objects/characters/warborn/male/face/wa_m_face01_mid.chr : mouth_UpperLipVolume target not exist
<13:57:08> [56B5985B] X2FaceMaker - game/objects/characters/warborn/male/face/wa_m_face01_mid.chr : mouth_LowerLipVolume target not exist
<13:57:08> [56B5985B] X2FaceMaker - game/objects/characters/warborn/male/face/wa_m_face01_mid.chr : mouth_UpperLipOpen target not exist
<13:57:08> [56B5985B] X2FaceMaker - game/objects/characters/warborn/male/face/wa_m_face01_mid.chr : mouth_LowerLipOpen target not exist
<13:57:08> [56B5985B] X2FaceMaker - game/objects/characters/warborn/male/face/wa_m_face01_mid.chr : mouth_MouthOpen target not exist
<13:57:08> [56B5985B] X2FaceMaker - game/objects/characters/warborn/male/face/wa_m_face01_mid.chr : mouth_Size target not exist
<13:57:08> [56B5985B] X2FaceMaker - game/objects/characters/warborn/male/face/wa_m_face01_mid.chr : mouth_Shape_min target not exist
<13:57:08> [1191A6A8] X2FaceMaker - game/objects/characters/warborn/male/face/wa_m_face01_mid.chr : mouth_Shape_max ex target not exist
<13:57:08> [56B5985B] X2FaceMaker - game/objects/characters/warborn/male/face/wa_m_face01_mid.chr : mouth_TeethZposition target not exist
<13:57:08> [56B5985B] X2FaceMaker - game/objects/characters/warborn/male/face/wa_m_face01_mid.chr : FS_JawHigh_min target not exist
<13:57:08> [1191A6A8] X2FaceMaker - game/objects/characters/warborn/male/face/wa_m_face01_mid.chr : FS_JawHigh_max ex target not exist
<13:57:08> [56B5985B] X2FaceMaker - game/objects/characters/warborn/male/face/wa_m_face01_mid.chr : FS_EarRotate_min target not exist
<13:57:08> [1191A6A8] X2FaceMaker - game/objects/characters/warborn/male/face/wa_m_face01_mid.chr : FS_EarRotate_max ex target not exist
<13:57:08> [56B5985B] X2FaceMaker - game/objects/characters/warborn/male/face/wa_m_face01_mid.chr : FS_Beard1 target not exist
<13:57:08> [56B5985B] X2FaceMaker - game/objects/characters/warborn/male/face/wa_m_face01_mid.chr : FS_Beard2 target not exist
<13:57:08> [56B5985B] X2FaceMaker - game/objects/characters/warborn/male/face/wa_m_face01_mid.chr : FS_Beard3 target not exist
<13:57:08> [56B5985B] X2FaceMaker - game/objects/characters/warborn/female/face/wa_f_face01_mid.chr : eye_Yposition_min target not exist
<13:57:08> [1191A6A8] X2FaceMaker - game/objects/characters/warborn/female/face/wa_f_face01_mid.chr : eye_Yposition_max ex target not exist
<13:57:08> [56B5985B] X2FaceMaker - game/objects/characters/warborn/female/face/wa_f_face01_mid.chr : FS_AllLowerY target not exist
<13:57:08> [56B5985B] X2FaceMaker - game/objects/characters/warborn/female/face/wa_f_face01_mid.chr : FS_AllRotate target not exist
<13:57:08> [56B5985B] X2FaceMaker - game/objects/characters/warborn/female/face/wa_f_face01_mid.chr : FS_AllY target not exist
<13:57:08> [56B5985B] X2FaceMaker - game/objects/characters/warborn/female/face/wa_f_face01_mid.chr : mouth_Open_min target not exist
<13:57:08> [1191A6A8] X2FaceMaker - game/objects/characters/warborn/female/face/wa_f_face01_mid.chr : mouth_Open_max ex target not exist
<13:57:08> [E320B5CE] Init Face Makers - Done!
<13:57:08> [581CA53C] Script System Initialization
<13:57:08> [BA0D559B] Splash: Initializing Script System...
<13:57:08> [000004EE][Warning] [Lua Error] 1_3_0/scripts/common.lua:276: attempt to index global 'Script' (a nil value)
<13:57:08> [58F3F7FF][Warning] <null>:0: [Lua Error] Failed to execute file @game/scriptsbin/common.alb
<13:57:08> [D8B2BA54] Entity system initialization
<13:57:08> [BA0D559B] Splash: Initializing Entity System...
<13:57:08> [D55F91B2][Warning] [CEntityClassRegistry] LoadClassDescription failed, Entity Class name Chick already registered
<13:57:08> [BA0D559B] Splash: Initializing AI System...
<13:57:08> [DA019954] Initializing AI System
<13:57:08> [2546BCC5] Initializing Budgeting System
<13:57:08> [C0E19025] Initializing Seamless System
<13:57:09> [BA0D559B] Splash: Loading Game Data...
<13:57:11> [90B8EC50][Warning] too many ranges: aoe_shapes descs 10156(10156) threshold 100 ranges 12
<13:57:12> [BA4AD6CE] Loading portal list
<13:57:12> [92597454] Portal added, enter: 3891, exit: 6629
<13:57:12> [92597454] Portal added, enter: 21448, exit: 21449
<13:57:12> [92597454] Portal added, enter: 21450, exit: 21451
<13:57:12> [92597454] Portal added, enter: 21452, exit: 21453
<13:57:12> [92597454] Portal added, enter: 21698, exit: 21699
<13:57:12> [92597454] Portal added, enter: 22023, exit: 22024
<13:57:12> [92597454] Portal added, enter: 22042, exit: 22066
<13:57:12> [92597454] Portal added, enter: 22136, exit: 22137
<13:57:12> [92597454] Portal added, enter: 22163, exit: 22164
<13:57:12> [92597454] Portal added, enter: 22184, exit: 22185
<13:57:12> [92597454] Portal added, enter: 22336, exit: 22337
<13:57:12> [92597454] Portal added, enter: 9000063, exit: 9000064
<13:57:12> [1C664009] End loading portal list
<13:57:12> [937812F7] loaded DDCMS (1396969 descs, 719156 links (17 page 16.95MB size) string) from game\db\compact.sqlite3 in 1799 ms
<13:57:12> [BA0D559B] Splash: Initializing Game System...
<13:57:12> [000004EE][Warning] [Lua Error] no localized ui text for 18 always_refund
<13:57:13> [0ADE3294][Warning] [MFX] Effect 'collisions:grenade' already present. Overriding.
<13:57:13> [311630D1][Warning] MFX WARNING: Material not found: mat_ice_breakable
<13:57:13>  
<13:57:13>    sys_spec = Custom (assuming 4)
<13:57:13>      option_anti_aliasing = 2 expected:3
<13:57:13>  
<13:57:13> [BA0D559B] Splash: Preparing Screen...
<13:57:13> [963385F6] Level System - Loading Start
<13:57:14> [806B6F8D] precaching world entities ..
<13:57:14> [7E39E0DE] precaching world entities .. done!  total (0) objects
<13:57:14> [D2B280D6] Vegetation Manager : Loading World(login2)
<13:57:14> [075AB92F] Vegetation Manager : Loading World - Done (total 36 vegetations)
<13:57:14> [B9410AA1] total 20 terrain world surfaces loaded
<13:57:14> Loading Particle Library: collisions
<13:57:14> Loading Particle Library: water
<13:57:14> Loading Particle Library: misc
<13:57:14> Loading Particle Library: ability_skill_table
<13:57:14> Loading Particle Library: ability_skill_table_k
<13:57:14> Loading Particle Library: abillity_skill_table_m
<13:57:14> Loading Particle Library: machinima
<13:57:14> Loading Particle Library: x2_effects
<13:57:15> Loading Particle Library: x2_effects_k
<13:57:15> [280A47E3] Precached total 2 materials
<13:57:15> [7B1A973B] seamless loading cell terrain(W0, 1), (L0, 0)
<13:57:15> [3EF08C47] seamless loading cell object(W0, 1), (L0, 0)
<13:57:15> [584C4FFD] [net 17:57:00.941]  dns ip:192.168.1.202
<13:57:15> [584C4FFD] [net 17:57:00.941]  dns ip:172.17.0.1
<13:57:15> [584C4FFD] [net 17:57:00.941]  dns ip:172.19.0.1
<13:57:15> [584C4FFD] [net 17:57:00.941]  dns ip:172.18.0.1
<13:57:15> [0DE3FA89][Error] CryAnimation: character-definition creation failed: game/objects/characters/elf/female/nude/el_f_kyprosa.cdf
<13:57:15> [13A58BA0][Error] CryAnimation: character-definition not found: game/objects/characters/elf/female/nude/el_f_kyprosa.cdf
<13:57:15> [4DD44108] Start DaruCommon Extension
<13:57:15> [1B425DA5] Duplicated post effect param! pszName = FilterMaskedBlurring_Amount
<13:57:15> [1B425DA5] Duplicated post effect param! pszName = FilterMaskedBlurring_MaskTexName
<13:57:15> [1B425DA5] Duplicated post effect param! pszName = FilterChromaShift_User_Amount
<13:57:15> [1B425DA5] Duplicated post effect param! pszName = FilterGrain_Amount
<13:57:15> [8F6BAA6C][Warning] Couldn't find console variable 'e_water_ocean_fft'
<13:57:15> Loading Particle Library: wind
<13:57:15> Loading Particle Library: X2_EFFECT_O
<13:57:15> [000004EE][Warning] Particle effect not found: '                                                                ', from ParticleEffect fx_land_green
<13:57:16> [12409CCC] Load Zone Finished
<13:57:16> [A39C1725] Level System - Loading Complete
<13:57:16> [27293DED] -----------------------------------------------------
<13:57:16> [120C18F5] * LOADING: 'loginbg4' loading time: 2.11 seconds
<13:57:16> [27293DED] -----------------------------------------------------
<13:57:16> [000004EE][Warning] [Lua Error] no client player exists
<13:57:16> [A13C772D][Warning] Cannot load texture ui/font_color.g, Image file format is invalid [File=ui/font_color.g]
<13:57:16> [000FABC5][Warning] CAreaGrid::BeginAreas() called before being initialized.
<13:57:18> [1D01FDCA] Auth: client connected to server
<13:57:18> [584C4FFD] [net 17:57:18.717]  socket ip:192.168.1.202
<13:57:18> [4C920A71] mac address : 74-56-3c-fe-52-f3
<13:57:21> [584C4FFD] [net 17:57:21.835] connection requested to: 192.95.21.64:1239
<13:57:21> [4ABA7BDB] Auth: client disconnected (reason=0)
<13:57:21> [0F08E548] [NetConnection] connect completed (succeeded:true)
<13:57:22> [48F7BDF2] invalid world id in world queue packet
<13:57:22> [26623ECA] ucc info.. 5 0
<13:57:22> [4516816D] pay method: person
<13:57:22> [4AA30841] pay location: person
<13:57:22> [ADF1C07E] pay start: 1900-1-1 00:00:00
<13:57:22> [6486A277] pay end: 1900-1-1 00:00:00
<13:57:22> [FFF6198C] premium point: 0
<13:57:22> [481C0862] premium grade: premium_0
<13:57:22> [88D9AB0C] real pay time: -1
<13:57:22> [9FC303B8][Error] [CVARS]: [DUPLICATE] CXConsole::RegisterFloat(): variable [camera_max_dist] is already registered
<13:57:22> [34CCC219] stream: connected to world server
<13:57:22> [06A46B5B] stream: authorized by world server
<13:57:22> [4516816D] pay method: person
<13:57:22> [4AA30841] pay location: person
<13:57:22> [ADF1C07E] pay start: 1900-1-1 00:00:00
<13:57:22> [6486A277] pay end: 2037-12-31 16:00:00
<13:57:22> [FFF6198C] premium point: 0
<13:57:22> [481C0862] premium grade: premium_0
<13:57:22> [88D9AB0C] real pay time: -1
<13:57:22> [82321C2B][Warning] [net 17:57:22.643] [time] remote time estimation restarted; estimate accumulator age was 110141.726563
<13:57:24> [000004EE][Warning] [Lua Error] no localized ui text for 18 always_refund
<13:57:24> [09F46B9D]     cl_fov = 90 []
<13:57:24> [09F46B9D]     camera_max_dist = 180 []
<13:57:24> [09F46B9D]     name_tag_hp_width_on_bgmode = 80 []
<13:57:24> [09F46B9D]     name_tag_hp_height_on_bgmode = 30 []
<13:57:25> [A13C772D][Warning] Cannot load texture ui/font_color.g, Image file format is invalid [File=ui/font_color.g]
<13:57:25> [06E6A3E9][Warning] Cannot load texture ui/login_stage/queue.dds, file missing [File=ui/login_stage/queue.dds]
<13:59:54> [DA579B6C][Error] can't load client driven connect info.. Kompy
<14:00:00> [9FC303B8][Error] [CVARS]: [DUPLICATE] CXConsole::RegisterFloat(): variable [ui_double_click_interval] is already registered
<14:00:00> [000004EE][Warning] [Lua Error] no localized ui text for 18 always_refund
<14:00:00> [0DE3FA89][Error] CryAnimation: character-definition creation failed: game/objects/characters/returned/female/nude/re_f.cdf
<14:00:00> [6FF68EA5] SetInstantTime: type 0 time 0
<14:00:00> [6FF68EA5] SetInstantTime: type 1 time 1757940731
<14:00:00> [6FF68EA5] SetInstantTime: type 2 time 1757821854
<14:00:00> [6FF68EA5] SetInstantTime: type 3 time 0
<14:00:00> [6FF68EA5] SetInstantTime: type 4 time 0
<14:00:00> [6FF68EA5] SetInstantTime: type 5 time 0
<14:00:00> [6FF68EA5] SetInstantTime: type 6 time 0
<14:00:00> [6FF68EA5] SetInstantTime: type 7 time 1757950406
<14:00:00> [82321C2B][Warning] [net 18:00:00.916] [time] remote time estimation restarted; estimate accumulator age was 4.563837
<14:00:00> [0E61BD35] ExpeditionMember 20 added
<14:00:00> [0E61BD35] ExpeditionMember 20 added
<14:00:00> [0E61BD35] ExpeditionMember 20 added
<14:00:00> [0E61BD35] ExpeditionMember 18 added
<14:00:00> [1EBA13B3][Warning] count not matched; total=142; size=78
<14:00:00> [966861E8][Warning] GetAllPolicies empty
<14:00:00> [67B7DD8A][Warning] my ExpeditionMemberDesc not exist
<14:00:01> [7AB931CE] seamless unloading cell object(W0, 0), (L0, 0)
<14:00:01> [4B1E8B22] unload cell object count : 1511
<14:00:01> [B866A294] seamless unloading cell terrain(W0, 0), (L0, 0)
<14:00:01> [963385F6] Level System - Loading Start
<14:00:01> [E0E0EDAE][Warning] failed to load zone time of day from game/worlds/main_world/zone/225//time_of_day.xml
<14:00:01> [AB17243B][Warning] failed to load zone environment from game/worlds/main_world/zone/309//env.xml
<14:00:01> [35D4413E][Warning] failed to load zone clouds from game/worlds/main_world/zone/309//clouds.xml
<14:00:01> [806B6F8D] precaching world entities ..
<14:00:01> [7E39E0DE] precaching world entities .. done!  total (1778) objects
<14:00:01> [D2B280D6] Vegetation Manager : Loading World(main_world)
<14:00:02> [075AB92F] Vegetation Manager : Loading World - Done (total 3055 vegetations)
<14:00:02> [000004EE][Error] CTerrain::LoadWorldSurfaces: Error loading material: materials/Terrain/gweonidforest/w_forest_road_a1
<14:00:02> [59CBED13][Warning] Cannot load texture textures/aa_terrain/canyon/tr_canyon_rock3d_405a_ddn.dds, file missing [File=textures/aa_terrain/canyon/tr_canyon_rock3d_405a_ddn.dds]
<14:00:02> [751FFB9E][Warning] Error: CShaderMan::mfCreateShaderResources: Couldn't find detail texture
'game/textures/aa_terrain/canyon/tr_canyon_rock_616a_ddn.tga' in path '' [File=game/textures/aa_terrain/canyon/tr_canyon_rock_616a_ddn.tga]
<14:00:03> [B9410AA1] total 600 terrain world surfaces loaded
<14:00:03> [280A47E3] Precached total 4 materials
<14:00:03> [7B1A973B] seamless loading cell terrain(W21, 7), (L4, 4)
<14:00:03> [7B1A973B] seamless loading cell terrain(W21, 8), (L4, 5)
<14:00:03> [7B1A973B] seamless loading cell terrain(W20, 7), (L3, 4)
<14:00:03> [7B1A973B] seamless loading cell terrain(W20, 8), (L3, 5)
<14:00:03> [7B1A973B] seamless loading cell terrain(W22, 7), (L5, 4)
<14:00:03> [7B1A973B] seamless loading cell terrain(W21, 6), (L4, 3)
<14:00:03> [7B1A973B] seamless loading cell terrain(W22, 8), (L5, 5)
<14:00:03> [7B1A973B] seamless loading cell terrain(W20, 6), (L3, 3)
<14:00:03> [7B1A973B] seamless loading cell terrain(W21, 9), (L4, 6)
<14:00:03> [7B1A973B] seamless loading cell terrain(W22, 6), (L5, 3)
<14:00:03> [7B1A973B] seamless loading cell terrain(W19, 7), (L2, 4)
<14:00:03> [7B1A973B] seamless loading cell terrain(W20, 9), (L3, 6)
<14:00:03> [7B1A973B] seamless loading cell terrain(W19, 8), (L2, 5)
<14:00:03> [7B1A973B] seamless loading cell terrain(W22, 9), (L5, 6)
<14:00:03> [7B1A973B] seamless loading cell terrain(W23, 7), (L6, 4)
<14:00:03> [7B1A973B] seamless loading cell terrain(W23, 8), (L6, 5)
<14:00:03> [7B1A973B] seamless loading cell terrain(W19, 6), (L2, 3)
<14:00:03> [7B1A973B] seamless loading cell terrain(W21, 5), (L4, 2)
<14:00:03> [7B1A973B] seamless loading cell terrain(W20, 5), (L3, 2)
<14:00:03> [7B1A973B] seamless loading cell terrain(W19, 9), (L2, 6)
<14:00:03> [7B1A973B] seamless loading cell terrain(W23, 6), (L6, 3)
<14:00:03> [7B1A973B] seamless loading cell terrain(W22, 5), (L5, 2)
<14:00:03> [7B1A973B] seamless loading cell terrain(W21, 10), (L4, 7)
<14:00:03> [7B1A973B] seamless loading cell terrain(W23, 9), (L6, 6)
<14:00:03> [7B1A973B] seamless loading cell terrain(W20, 10), (L3, 7)
<14:00:03> [7B1A973B] seamless loading cell terrain(W18, 7), (L1, 4)
<14:00:03> [7B1A973B] seamless loading cell terrain(W22, 10), (L5, 7)
<14:00:03> [7B1A973B] seamless loading cell terrain(W18, 8), (L1, 5)
<14:00:03> [7B1A973B] seamless loading cell terrain(W19, 5), (L2, 2)
<14:00:03> [7B1A973B] seamless loading cell terrain(W18, 6), (L1, 3)
<14:00:03> [7B1A973B] seamless loading cell terrain(W23, 5), (L6, 2)
<14:00:03> [7B1A973B] seamless loading cell terrain(W24, 7), (L7, 4)
<14:00:03> [7B1A973B] seamless loading cell terrain(W24, 8), (L7, 5)
<14:00:03> [7B1A973B] seamless loading cell terrain(W19, 10), (L2, 7)
<14:00:03> [7B1A973B] seamless loading cell terrain(W18, 9), (L1, 6)
<14:00:03> [7B1A973B] seamless loading cell terrain(W21, 4), (L4, 1)
<14:00:03> [7B1A973B] seamless loading cell terrain(W24, 6), (L7, 3)
<14:00:03> [7B1A973B] seamless loading cell terrain(W20, 4), (L3, 1)
<14:00:03> [7B1A973B] seamless loading cell terrain(W23, 10), (L6, 7)
<14:00:03> [7B1A973B] seamless loading cell terrain(W22, 4), (L5, 1)
<14:00:03> [7B1A973B] seamless loading cell terrain(W24, 9), (L7, 6)
<14:00:03> [7B1A973B] seamless loading cell terrain(W18, 5), (L1, 2)
<14:00:03> [7B1A973B] seamless loading cell terrain(W19, 4), (L2, 1)
<14:00:03> [7B1A973B] seamless loading cell terrain(W17, 7), (L0, 4)
<14:00:03> [7B1A973B] seamless loading cell terrain(W24, 5), (L7, 2)
<14:00:03> [7B1A973B] seamless loading cell terrain(W17, 8), (L0, 5)
<14:00:03> [7B1A973B] seamless loading cell terrain(W18, 10), (L1, 7)
<14:00:03> [7B1A973B] seamless loading cell terrain(W23, 4), (L6, 1)
<14:00:03> [3EF08C47] seamless loading cell object(W21, 7), (L4, 4)
<14:00:03> [000004EE][Warning] [CGF Error] game/objects/env/02_harihara/001_hcom/hcom_cart_b.cgf [:] LOD1 of geometry hcom_cart_b contains too many polygons comparing to the LOD0 [770 against 1114] :
<14:00:03> [000004EE][Warning] [CGF Error] game/objects/env/01_nuia/001_housing/housing_people/hs_people_roof_a.cgf [:] Duplicate LOD helper $lod2 hs_people_roof_a
<14:00:04> [A5DDEC33][Warning] Warning: CShaderMan::mfForName: NULL name
<14:00:04> Loading Particle Library: X2_EFFECTS_P
<14:00:04> [000004EE][Warning] [CGF Error] game/objects/env/01_nuia/001_housing/housing_guild/nuia_h_guild_door_b_back.cga [:] non-uniform scale(1.00, 1.39, 1.00) at node(nuia_h_guild_door_b01_back)
<14:00:04> [000004EE][Warning] [CGF Error] game/objects/env/02_harihara/03_ti/ti_factorymain_a.cga [:] Invalid BBox : has Invalid BBox node(Object32)
<14:00:04> Loading Particle Library: x2_sounds
<14:00:04> [3EF08C47] seamless loading cell object(W21, 8), (L4, 5)
<14:00:04> [745BAE2F][Warning] failed to stream material xml(game/rock_06.mtl)
<14:00:05> [3EF08C47] seamless loading cell object(W20, 7), (L3, 4)
<14:00:05> [3EF08C47] seamless loading cell object(W20, 8), (L3, 5)
<14:00:05> [3EF08C47] seamless loading cell object(W22, 7), (L5, 4)
<14:00:05> [3EF08C47] seamless loading cell object(W21, 6), (L4, 3)
<14:00:06> [3EF08C47] seamless loading cell object(W22, 8), (L5, 5)
<14:00:06> [3EF08C47] seamless loading cell object(W20, 6), (L3, 3)
<14:00:06> [3EF08C47] seamless loading cell object(W21, 9), (L4, 6)
<14:00:06> [3EF08C47] seamless loading cell object(W22, 6), (L5, 3)
<14:00:06> [3EF08C47] seamless loading cell object(W19, 7), (L2, 4)
<14:00:07> [3EF08C47] seamless loading cell object(W20, 9), (L3, 6)
<14:00:07> [3EF08C47] seamless loading cell object(W19, 8), (L2, 5)
<14:00:07> [3EF08C47] seamless loading cell object(W22, 9), (L5, 6)
<14:00:07> [3EF08C47] seamless loading cell object(W23, 7), (L6, 4)
<14:00:07> [3EF08C47] seamless loading cell object(W23, 8), (L6, 5)
<14:00:07> [3C93550B][Warning] Error: CShaderMan::mfCreateShaderResources: Couldn't find custom texture 'objects/env/01_nuia/06_mari/mari_wood04_ddobjects/env/01_nuia/06_mari/mari_wood04_sp.dds' in path '' [File=objects/env/01_nuia/06_mari/mari_wood04_ddobjects/env/01_nuia/06_mari/mari_wood04_sp.dds]
<14:00:08> [3EF08C47] seamless loading cell object(W19, 6), (L2, 3)
<14:00:08> [3EF08C47] seamless loading cell object(W21, 5), (L4, 2)
<14:00:08> [000004EE][Warning] Particle effect not found: 'X2_EFFECTS.e_effect.smoke_slow', from ParticleEffect ParticleEffect_2760
<14:00:08> [3EF08C47] seamless loading cell object(W20, 5), (L3, 2)
<14:00:08> [3EF08C47] seamless loading cell object(W19, 9), (L2, 6)
<14:00:08> [3EF08C47] seamless loading cell object(W23, 6), (L6, 3)
<14:00:08> [3EF08C47] seamless loading cell object(W22, 5), (L5, 2)
<14:00:08> [12409CCC] Load Zone Finished
<14:00:08> [000004EE][Warning] I3DEngine::RegisterEntity: entity reports invalid position: Name: LightEntityName (), Class: LightEntityClass, Pos=(6411.5,2342.7,2816.1), aabb center=(142.0,1019.8,-2.3)
<14:00:09> [82321C2B][Warning] [net 18:00:09.140] [time] remote time estimation restarted; estimate accumulator age was 8.141989
<14:00:09> [7F89A202][Warning] AI: Warning: AIPoint is not inside Navigation Modifier. pos(4863.9, 5327.1, 637.1)
<14:00:09> [BCCDC555][Warning] MakeSprite - too many sprite update (10). dropping.. (sprites : 41)
<14:00:09> [5CE4EF2C][Warning] failed to load particle lib from (Libs/Particles/game/abillity_skill_table_m.xml)
<14:00:09> [000004EE][Warning] Particle effect not found: 'game/abillity_skill_table_m.wild.shock_form2', from unknown 
<14:00:09> [2BFDEC33][Error] realstep 8, not match unit req
<14:00:09> [A39C1725] Level System - Loading Complete
<14:00:09> [9BE3F673] total 0 CGF files are precached
<14:00:09> [27293DED] -----------------------------------------------------
<14:00:09> [120C18F5] * LOADING: 'e_tiger_spine_mountains_2' loading time: 8.65 seconds
<14:00:09> [27293DED] -----------------------------------------------------
<14:00:09> [000004EE][Warning] RenderMesh not assigned game/objects/box_nodraw.cgf
<14:00:10> [CA175C82][Warning] non-stream IO. system(Material), filePath(game/objects/env/01_nuia/001_housing/housing_farm/hs_f_scarecrow_star.mtl)
<14:00:10> [83CB8AF3][Warning] Cannot load texture game/objects/env/01_nuia/001_housing/housing_house/jack_house_low_wallout_sp.dds, file missing [File=game/objects/env/01_nuia/001_housing/housing_house/jack_house_low_wallout_sp.dds]
<14:00:10> [755A3546][Warning] Error: CShaderMan::mfCreateShaderResources: Couldn't find custom secondary texture 'game/objects/env/01_nuia/001_housing/housing_house/nuia_housing_treemossy03_ddn.dds' in path '' [File=game/objects/env/01_nuia/001_housing/housing_house/nuia_housing_treemossy03_ddn.dds]
<14:00:10> [5132FEDE][Warning] invalid attached position(-20.88, -20.98, -3.00)
<14:00:10> Loading Particle Library: X2_effect_H
<14:00:11> [EBF8A645][Warning] Error: CShaderMan::mfCreateShaderResources: Couldn't find detail texture
'Game/objects/Env/01_nuia/001_housing/housing_house/housing_small_newhouse/housing_small_newhouse_03/housing_small_newhouse_03_floor_ddn.dds' in path '' [File=Game/objects/Env/01_nuia/001_housing/housing_house/housing_small_newhouse/housing_small_newhouse_03/housing_small_newhouse_03_floor_ddn.dds]
<14:00:11> Loading Particle Library: ljs_particle_fx
<14:00:11> [B95EE41B][Error] invalid parent unit id(83435)
<14:00:11> [62232BEA][Warning] deferred xml stream error - game/animations/animals/kid/lmg_files/normal_run.lmg : f0000003
<14:00:11> [D42935C5][Warning] Error: CShaderMan::mfCreateShaderResources: Couldn't find subsurface texture 'game/objects/characters/animals/cat_baby_cat/cat_baby_stripes_pet_df.dds' in path '' [File=game/objects/characters/animals/cat_baby_cat/cat_baby_stripes_pet_df.dds]
<14:00:11> [745BAE2F][Warning] failed to stream material xml(game/$picking.mtl)
<14:00:11> [A4D70365][Warning] rigid-body own-entity; prefab=prefabs/interaction_c.xml/furniture.kraken_prop_am node=AnimObject_144
<14:00:12> [637AF710][Warning] missing chr material : game/objects/characters/hariharan/male/parts/all/cloth/cloth041/el_m_cp_cloth041.mtl (chr: game/objects/characters/hariharan/male/parts/all/cloth/cloth041/ha_m_cp_cloth041.chr)
<14:00:14> [000004EE][Warning] [CGF Error] game/objects/env/01_nuia/001_housing/housing_furniture/hs_f_safe_e.cgf [:] non-uniform scale(1.00, 1.03, 1.00) at node(hs_f_safe_e)
<14:00:14> [000004EE][Warning] [CGF Error] game/objects/env/01_nuia/001_ndeco/making/ndeco_powerfulmaking.cga [:] LOD1 of geometry parts01 contains too many polygons comparing to the LOD0 [1592 against 1130] :
<14:00:14> [CE0EF930][Warning] failed to stream cgf : default
<14:00:14> [09F46B9D]     cl_fov = 90 []
<14:00:14> [09F46B9D]     camera_max_dist = 180 []
<14:00:14> [09F46B9D]     name_tag_hp_width_on_bgmode = 80 []
<14:00:14> [09F46B9D]     name_tag_hp_height_on_bgmode = 30 []
<14:00:14> [000004EE][Warning] [Lua Error] Failed to load script file scriptsbin/x2ui/assignment/form.alb
<14:00:15> [A13C772D][Warning] Cannot load texture ui/font_color.g, Image file format is invalid [File=ui/font_color.g]
<14:00:15> [B5A61D8F] Chat Channel(0) Color is not found.
<14:00:15> [000004EE][Warning] [Lua Error] ...ts/x2ui/loginstage/character_create/locale/en_us.lua:524: attempt to index a nil value
<14:00:15> [58F3F7FF][Warning] <null>:0: [Lua Error] Failed to execute file @game/scriptsbin/x2ui/loginstage/character_create/locale/en_us.alb
<14:00:15> [73AFCD09][Warning] Cannot load texture ui/map/frame_map_2.dds, file missing [File=ui/map/frame_map_2.dds]
<14:00:16> [000004EE][Warning] [Lua] invalid style type...  / brown
<14:00:16> [82321C2B][Warning] [net 18:00:16.686] [time] remote time estimation restarted; estimate accumulator age was 1.920204
<14:00:16> [BCCDC555][Warning] MakeSprite - too many sprite update (10). dropping.. (sprites : 125)
<14:00:17> [000004EE][Warning] [CGF Error] game/objects/item/bow/bow_eph_7/bow_eph_7.cgf [:] LOD1 of geometry  contains too many polygons comparing to the LOD0 [824 against 1214] :
<14:00:17> [CFFE1C46][Error] Error streaming texture: Error 'Offset out of range', Texture: game/objects/characters/animals/cat_baby_pet/cat_baby_pet_df.dds
<14:00:18> [CA175C82][Warning] non-stream IO. system(Material), filePath(game/objects/characters/warborn/female/horns/wa_f_horns006/wa_f_horns006_hc02.mtl)
<14:00:18> [745BAE2F][Warning] failed to stream material xml(game/objects/characters/hariharan/female/parts/gv/obj/ha_f_gv_cloth037.mtl)
<14:00:19> [637AF710][Warning] missing chr material : game/objects/characters/hariharan/male/parts/hm/obj/ha_m_hm_cloth001.mtl (chr: game/objects/characters/hariharan/male/parts/hm/obj/ha_m_1hm121.chr)
<14:00:22> [CFFE1C46][Error] Error streaming texture: Error 'Offset out of range', Texture: game/objects/characters/animals/cat_baby_pet/cat_baby_pet_df.dds
<14:00:22> [BCCDC555][Warning] MakeSprite - too many sprite update (10). dropping.. (sprites : 143)
<14:00:23> [A4D70365][Warning] rigid-body own-entity; prefab=prefabs/interaction_d.xml/tool.lever_right node=AnimObject_1
<14:00:23> [000004EE][Warning] [CGF Error] game/objects/env/02_harihara/001_hdeco/quest/hdeco_qust_cocoon01.cgf [:] non-uniform scale(0.87, 0.87, 1.00) at node(hdeco_qust_cocoon01_proxy)
<14:00:23> [745BAE2F][Warning] failed to stream material xml(game/objects/characters/animals/osprey/Material #0.mtl)
<14:00:24> [7F01D4DF][Warning] Cannot load texture game/textures/p_effects/spider_net_04_ddn.dds, file missing [File=game/textures/p_effects/spider_net_04_ddn.dds]
<14:00:24> [CE0EF930][Warning] failed to stream cgf : default
<14:00:29> [0E5C1F7F][Warning] Cannot load texture game/objects/characters/ferre/male/hair/fe_m_hair02/fe_m_hair02_blu_df.dds, file missing [File=game/objects/characters/ferre/male/hair/fe_m_hair02/fe_m_hair02_blu_df.dds]
<14:00:31> [CE0EF930][Warning] failed to stream cgf : default
<14:00:33> [745BAE2F][Warning] failed to stream material xml(game/objects/characters/monster/polarbear_baby/Material #0.mtl)
<14:00:33> [62232BEA][Warning] deferred xml stream error - game/animations/monster/polarbear_baby/lmg_files/normal_run.lmg : f0000003
<14:00:35> [A4D70365][Warning] rigid-body own-entity; prefab=Prefabs/interaction.xml/toy.crane node=AnimObject_1
<14:00:36> [CE0EF930][Warning] failed to stream cgf : default
<14:00:41> [CFFE1C46][Error] Error streaming texture: Error 'Offset out of range', Texture: game/objects/characters/animals/cat_baby_pet/cat_baby_pet_df.dds
<14:00:43> [C53E6FFE][Warning] non cached CDF material(objects/Characters/animals/pangolin/pangolin_grey/pangolin_grey.mtl, game/objects/characters/animals/pangolin/pangolin_grey/pangolin_grey.cdf)
<14:00:43> [CA175C82][Warning] non-stream IO. system(Material), filePath(game/objects/characters/animals/pangolin/pangolin_grey/pangolin_grey.mtl)
<14:00:43> [2363981C][Warning] chr material is not precached : game/objects/characters/animals/pangolin/pangolin_red/Pangolin_red.mtl (chr: game/objects/characters/animals/pangolin/pangolin_red/pangolin_red.chr)
<14:00:43> [CE2F4035][Warning] chr physical geom is not precached. (game/objects/characters/animals/pangolin/pangolin_red/pangolin_red.chr)
<14:00:43> [676D2B24][Warning] non-cached LMG xml. (animations/animals/pangolin/lmg_files/fist_mo_normal_walk.lmg)
<14:00:43> [63ABB424][Warning] Facial sequence "fist_ac_whistle" not listed in CAL file for character "game/objects/characters/warborn/female/nude/wa_f_base.chr".
<14:00:43> [A13C772D][Warning] Cannot load texture ui/font_color.g, Image file format is invalid [File=ui/font_color.g]
<14:00:44> [B95EE41B][Error] invalid parent unit id(26569)
<14:00:45> [CE0EF930][Warning] failed to stream cgf : default
<14:00:46> [745BAE2F][Warning] failed to stream material xml(game/materials/aa_terrain/decals/quest_golddust.mtl)
<14:00:46> [CFFE1C46][Error] Error streaming texture: Error 'Offset out of range', Texture: game/objects/characters/animals/cat_baby_pet/cat_baby_pet_df.dds
<14:00:47> [FCD07016][Warning] Cannot load texture objects/characters/ferre/male/hair/fe_m_hair02/fe_m_hair02_df.dds, file missing [File=objects/characters/ferre/male/hair/fe_m_hair02/fe_m_hair02_df.dds]
<14:00:49> [B95EE41B][Error] invalid parent unit id(26569)
<14:00:50> [65FB52A3][Warning] Entity Yogurt:cannot find animation additive_fist_ba_relaxed_idle_rand_3
<14:00:51> [CFFE1C46][Error] Error streaming texture: Error 'Offset out of range', Texture: game/objects/characters/animals/cat_baby_pet/cat_baby_pet_df.dds
<14:00:52> [CE0EF930][Warning] failed to stream cgf : default
<14:00:54> [000004EE][Warning] [CGF Error] game/objects/env/01_nuia/001_ndeco/collect/ndeco_collect_geyser01.cgf [:] non-uniform scale(1.48, 1.48, 1.00) at node(proxy)
<14:00:54> [BCCDC555][Warning] MakeSprite - too many sprite update (10). dropping.. (sprites : 141)
<14:00:55> [65FB52A3][Warning] Entity Yogurt:cannot find animation additive_fist_ba_relaxed_idle_rand_6
<14:00:56> [63ABB424][Warning] Facial sequence "fist_ac_whistle" not listed in CAL file for character "game/objects/characters/hariharan/male/nude/ha_m_base.chr".
<14:00:56> [CFFE1C46][Error] Error streaming texture: Error 'Offset out of range', Texture: game/objects/characters/animals/cat_baby_pet/cat_baby_pet_df.dds
<14:00:57> [B95EE41B][Error] invalid parent unit id(106491)
<14:00:57> [CE0EF930][Warning] failed to stream cgf : game/objects/env/05_nature/08_cry_source/rocks/road_rocks/road_rocks_flat_grey_a.cgf
<14:00:59> [BCCDC555][Warning] MakeSprite - too many sprite update (10). dropping.. (sprites : 146)
<14:01:02> [CFFE1C46][Error] Error streaming texture: Error 'Offset out of range', Texture: game/objects/characters/animals/cat_baby_pet/cat_baby_pet_df.dds
<14:01:02> [CA175C82][Warning] non-stream IO. system(CGF), filePath(objects/ui/grow_mark/guide_leaf_r.cgf)
<14:01:03> [A4D70365][Warning] rigid-body own-entity; prefab=Prefabs/interaction.xml/toy.crane node=AnimObject_1
<14:01:03> [CE0EF930][Warning] failed to stream cgf : default
<14:01:05> [000004EE][Warning] Particle effect not found: 'game/abillity_skill_table_m.wild.lights_arrow_hit', from unknown 
<14:01:05> [745BAE2F][Warning] failed to stream material xml(game/objects/characters/ferre/female/parts/bo/cloth/bo_cloth158/fe_f_bo_cloth158_whtp01.mtl)
<14:01:05> [637AF710][Warning] missing chr material : game/objects/characters/ferre/female/parts/ar/obj/fe_f_ar_cloth157.mtl (chr: game/objects/characters/ferre/female/parts/ar/obj/fe_f_1ac008_1ar604.chr)
<14:01:07> [CFFE1C46][Error] Error streaming texture: Error 'Offset out of range', Texture: game/objects/characters/animals/cat_baby_pet/cat_baby_pet_df.dds
<14:01:08> [CA175C82][Warning] non-stream IO. system(CGF), filePath(objects/ui/grow_mark/guide_leaf_r.cgf)
<14:01:11> [745BAE2F][Warning] failed to stream material xml(game/objects/characters/ferre/male/parts/pt/leather/pt_leather499/fe_m_pt_leather499_brop01.mtl)
<14:01:12> [CFFE1C46][Error] Error streaming texture: Error 'Offset out of range', Texture: game/objects/characters/animals/cat_baby_pet/cat_baby_pet_df.dds
<14:01:12> [CE0EF930][Warning] failed to stream cgf : default
<14:01:14> [CA175C82][Warning] non-stream IO. system(CGF), filePath(objects/ui/grow_mark/guide_leaf_r.cgf)
<14:01:15> [65FB52A3][Warning] Entity Yogurt:cannot find animation additive_fist_ba_relaxed_idle_rand_5
<14:01:22> [CA175C82][Warning] non-stream IO. system(CGF), filePath(objects/ui/grow_mark/guide_leaf_r.cgf)
<14:01:22> [65FB52A3][Warning] Entity Yogurt:cannot find animation additive_fist_ba_relaxed_idle_rand_5
<14:01:29> [65FB52A3][Warning] Entity Yogurt:cannot find animation additive_fist_ba_relaxed_idle_rand_7
<14:01:31> [CA175C82][Warning] non-stream IO. system(CGF), filePath(objects/ui/grow_mark/guide_leaf_r.cgf)
<14:01:33> [B95EE41B][Error] invalid parent unit id(106491)
<14:01:34> [CFFE1C46][Error] Error streaming texture: Error 'Offset out of range', Texture: game/objects/characters/animals/cat_baby_pet/cat_baby_pet_df.dds
<14:01:34> [A4D70365][Warning] rigid-body own-entity; prefab=prefabs/carriage.xml/carriage.carriageb node=AnimObject_55
<14:01:35> [65FB52A3][Warning] Entity Yogurt:cannot find animation additive_fist_ba_relaxed_idle_rand_1
<14:01:39> [CFFE1C46][Error] Error streaming texture: Error 'Offset out of range', Texture: game/objects/characters/animals/cat_baby_pet/cat_baby_pet_df.dds
<14:01:44> [CFFE1C46][Error] Error streaming texture: Error 'Offset out of range', Texture: game/objects/characters/animals/cat_baby_pet/cat_baby_pet_df.dds
<14:01:46> [B95EE41B][Error] invalid parent unit id(77826)
<14:01:59> [63ABB424][Warning] Facial sequence "fist_pos_sit_chair_rest_talk" not listed in CAL file for character "game/objects/characters/hariharan/male/nude/ha_m_base.chr".
<14:02:05> [B95EE41B][Error] invalid parent unit id(41734)
<14:02:05> [745BAE2F][Warning] failed to stream material xml(game/objects/characters/ferre/female/parts/bo/cloth/bo_cloth158/fe_f_bo_cloth158_whtp01.mtl)
<14:02:05> [637AF710][Warning] missing chr material : game/objects/characters/ferre/female/parts/ar/obj/fe_f_ar_cloth157.mtl (chr: game/objects/characters/ferre/female/parts/ar/obj/fe_f_1ac008_1ar604.chr)
<14:02:09> [65FB52A3][Warning] Entity Yogurt:cannot find animation additive_fist_ba_relaxed_idle_rand_5
<14:02:13> [B95EE41B][Error] invalid parent unit id(26569)
<14:02:17> [A4D70365][Warning] rigid-body own-entity; prefab=prefabs/carriage.xml/carriage.carriageb node=AnimObject_55
<14:02:17> [CA175C82][Warning] non-stream IO. system(Material), filePath(game/materials/misc/rope/rope_a.mtl)
<14:02:20> [65FB52A3][Warning] Entity Yogurt:cannot find animation additive_fist_ba_relaxed_idle_rand_7
<14:02:27> [65FB52A3][Warning] Entity Yogurt:cannot find animation additive_fist_ba_relaxed_idle_rand_1
<14:02:33> [B95EE41B][Error] invalid parent unit id(41734)
<14:02:35> [CE0EF930][Warning] failed to stream cgf : objects/effects/portal_gate.cgf
<14:02:41> [745BAE2F][Warning] failed to stream material xml(game/objects/characters/ferre/male/parts/pt/cloth/pt_cloth226/fe_m_pt_cloth226_brop01.mtl)
<14:02:42> [000004EE][Warning] [CGF Error] game/objects/item/bow/bow_eph_7/bow_eph_7.cgf [:] LOD1 of geometry  contains too many polygons comparing to the LOD0 [824 against 1214] :
<14:02:43> [CFFE1C46][Error] Error streaming texture: Error 'Offset out of range', Texture: game/objects/characters/animals/cat_baby_pet/cat_baby_pet_df.dds
<14:02:43> [A4D70365][Warning] rigid-body own-entity; prefab=prefabs/interaction_c.xml/furniture.kraken_prop_am node=AnimObject_144
<14:02:43> [000004EE][Warning] [CGF Error] game/objects/env/01_nuia/001_housing/housing_furniture/hs_f_safe_e.cgf [:] non-uniform scale(1.00, 1.03, 1.00) at node(hs_f_safe_e)
<14:02:45> [B95EE41B][Error] invalid parent unit id(77826)
<14:02:46> [637AF710][Warning] missing chr material : game/objects/characters/hariharan/male/parts/hm/obj/ha_m_hm_cloth001.mtl (chr: game/objects/characters/hariharan/male/parts/hm/obj/ha_m_1hm172.chr)
<14:02:48> [CFFE1C46][Error] Error streaming texture: Error 'Offset out of range', Texture: game/objects/characters/animals/cat_baby_pet/cat_baby_pet_df.dds
<14:02:48> [E46B221E][Warning] Cannot load texture game/objects/characters/monster/daru/daru_tamer/daru_tamer_sp.dds, file missing [File=game/objects/characters/monster/daru/daru_tamer/daru_tamer_sp.dds]
<14:02:51> [745BAE2F][Warning] failed to stream material xml(game/objects/characters/hariharan/male/parts/hm/obj/ha_m_hm_cloth001.mtl)
<14:02:51> [637AF710][Warning] missing chr material : game/objects/characters/hariharan/male/parts/hm/obj/ha_m_hm_cloth001.mtl (chr: game/objects/characters/hariharan/male/parts/hm/obj/ha_m_3hm108.chr)
<14:03:00> [7B1A973B] seamless loading cell terrain(W17, 6), (L0, 3)
<14:03:06> [B95EE41B][Error] invalid parent unit id(26569)
<14:03:07> [745BAE2F][Warning] failed to stream material xml(game/objects/characters/hariharan/female/parts/pt/obj/ha_f_pt_cloth021.mtl)
<14:03:07> [637AF710][Warning] missing chr material : game/objects/characters/hariharan/female/parts/pt/obj/ha_f_pt_cloth021.mtl (chr: game/objects/characters/hariharan/female/parts/pt/obj/ha_f_1pt701.chr)
<14:03:11> [65FB52A3][Warning] Entity Yogurt:cannot find animation additive_fist_ba_relaxed_idle_rand_7
<14:03:19> [65FB52A3][Warning] Entity Yogurt:cannot find animation additive_fist_ba_relaxed_idle_rand_3
<14:03:19> [745BAE2F][Warning] failed to stream material xml(game/objects/characters/ferre/female/parts/bo/cloth/bo_cloth158/fe_f_bo_cloth158_whtp01.mtl)
<14:03:57> [CE0EF930][Warning] failed to stream cgf : objects/effects/portal_gate.cgf
<14:04:04> [BCCDC555][Warning] MakeSprite - too many sprite update (10). dropping.. (sprites : 181)
<14:05:23> [745BAE2F][Warning] failed to stream material xml(game/materials/effects/fume_h_ssd.mtl)
<14:05:43> [000004EE][Warning] Particle effect not found: 'game/abillity_skill_table_m.fight.roaring_launch', from unknown 
<14:05:43> [745BAE2F][Warning] failed to stream material xml(game/objects/characters/warborn/female/hair/wa_f_hair004/nu_f_hair001.mtl)
<14:05:43> [637AF710][Warning] missing chr material : game/objects/characters/warborn/female/parts/cp/obj/01 - Default.mtl (chr: game/objects/characters/warborn/female/parts/cp/obj/wa_f_1cp113.chr)
<14:07:26> [A4D70365][Warning] rigid-body own-entity; prefab=prefabs/carriage.xml/carriage.carriageb node=AnimObject_55
<14:08:00> [000004EE][Warning] Particle effect not found: 'game/x2_effects_k.j_pc_effects.skill_hatred_dt_cursethorns_cast', from unknown 
<14:08:00> [B95EE41B][Error] invalid parent unit id(52639)
<14:08:01> [13A1FD5A][Warning] AWD vehicle has different tire size. model type(2159)
<14:08:01> [2342CE9D][Warning] doodad with no entity can't be attached to vehicle/ship/actor models(Regalia)
<14:08:06> [B95EE41B][Error] invalid parent unit id(52639)
<14:08:22> [A4D70365][Warning] rigid-body own-entity; prefab=prefabs/carriage.xml/carriage.carriageb node=AnimObject_55
<14:08:24> [B95EE41B][Error] invalid parent unit id(77826)
<14:11:08> [745BAE2F][Warning] failed to stream material xml(game/objects/characters/warborn/female/hair/wa_f_hair004/nu_f_hair001.mtl)
<14:11:08> [637AF710][Warning] missing chr material : game/objects/characters/warborn/female/parts/cp/obj/01 - Default.mtl (chr: game/objects/characters/warborn/female/parts/cp/obj/wa_f_1cp113.chr)
<14:11:13> [491B3718][Warning] Cannot load texture objects/characters/ferre/female/face/face01/fe_f_face01_fur_sss.dds, file missing [File=objects/characters/ferre/female/face/face01/fe_f_face01_fur_sss.dds]
<14:11:13> [5243B464][Warning] Error: CShaderMan::mfCreateShaderResources: Couldn't find subsurface texture 'objects/characters/ferre/female/face/face01/fe_f_face01_fur_sss.dds' in path '' [File=objects/characters/ferre/female/face/face01/fe_f_face01_fur_sss.dds]
<14:11:16> [62232BEA][Warning] deferred xml stream error - game/animations/animals/calf/lmg_files/normal_run.lmg : f0000003
<14:11:17> [7F89A202][Warning] AI: Warning: AIPoint is not inside Navigation Modifier. pos(4863.9, 5327.1, 637.1)
<14:11:18> [745BAE2F][Warning] failed to stream material xml(game/objects/characters/hariharan/male/parts/hm/obj/ha_m_hm_cloth001.mtl)
<14:11:18> [637AF710][Warning] missing chr material : game/objects/characters/hariharan/male/parts/hm/obj/ha_m_hm_cloth001.mtl (chr: game/objects/characters/hariharan/male/parts/hm/obj/ha_m_3hm108.chr)
<14:11:22> [62232BEA][Warning] deferred xml stream error - game/animations/animals/kid/lmg_files/normal_run.lmg : f0000003
<14:11:23> [CE0EF930][Warning] failed to stream cgf : default
<14:11:24> [745BAE2F][Warning] failed to stream material xml(game/objects/characters/hariharan/male/parts/ar/obj/ha_m_ar_metal224.mtl)
<14:11:24> [637AF710][Warning] missing chr material : game/objects/characters/hariharan/male/parts/ar/obj/ha_m_ar_metal224.mtl (chr: game/objects/characters/hariharan/male/parts/ar/obj/ha_m_1ar107_1arm001_3arm003_3bt002_3pv001_3sh022_4ac001.chr)
<14:11:29> [745BAE2F][Warning] failed to stream material xml(game/objects/characters/hariharan/male/parts/hm/obj/ha_m_hm_cloth999.mtl)
<14:11:29> [637AF710][Warning] missing chr material : game/objects/characters/hariharan/male/parts/bo/obj/ha_m_bo_cloth486.mtl (chr: game/objects/characters/hariharan/male/parts/bo/obj/ha_m_1bf004_1bo201.chr)
<14:11:30> [CFFE1C46][Error] Error streaming texture: Error 'Offset out of range', Texture: game/objects/characters/animals/cat_baby_pet/cat_baby_pet_df.dds
<14:11:31> [00DCF04C][Warning] Cannot load texture game/objects/characters/ferre/female/test/fe_f_nude_fur_df.dds, file missing [File=game/objects/characters/ferre/female/test/fe_f_nude_fur_df.dds]
<14:11:35> [CFFE1C46][Error] Error streaming texture: Error 'Offset out of range', Texture: game/objects/characters/animals/cat_baby_pet/cat_baby_pet_df.dds
<14:11:41> [CFFE1C46][Error] Error streaming texture: Error 'Offset out of range', Texture: game/objects/characters/animals/cat_baby_pet/cat_baby_pet_df.dds
<14:11:46> [CFFE1C46][Error] Error streaming texture: Error 'Offset out of range', Texture: game/objects/characters/animals/cat_baby_pet/cat_baby_pet_df.dds
<14:11:49> [B866A294] seamless unloading cell terrain(W17, 20), (L0, 3)
<14:11:51> [CFFE1C46][Error] Error streaming texture: Error 'Offset out of range', Texture: game/objects/characters/animals/cat_baby_pet/cat_baby_pet_df.dds
<14:11:59> [BCCDC555][Warning] MakeSprite - too many sprite update (10). dropping.. (sprites : 106)
<14:12:11> [BCCDC555][Warning] MakeSprite - too many sprite update (10). dropping.. (sprites : 197)
<14:12:17> [745BAE2F][Warning] failed to stream material xml(game/objects/env/01_nuia/001_housing/housing_farm/ncom_pumpkin_streetlamp.mtl)
<14:12:23> [CFFE1C46][Error] Error streaming texture: Error 'Offset out of range', Texture: game/objects/characters/animals/cat_baby_pet/cat_baby_pet_df.dds
<14:12:23> [A4D70365][Warning] rigid-body own-entity; prefab=prefabs/interaction_c.xml/furniture.kraken_prop_am node=AnimObject_144
<14:12:24> [000004EE][Warning] [CGF Error] game/objects/env/01_nuia/001_housing/housing_furniture/hs_f_safe_e.cgf [:] non-uniform scale(1.00, 1.03, 1.00) at node(hs_f_safe_e)
<14:12:28> [C53E6FFE][Warning] non cached CDF material(objects/Characters/animals/pangolin/pangolin_grey/pangolin_grey.mtl, game/objects/characters/animals/pangolin/pangolin_grey/pangolin_grey.cdf)
<14:12:28> [CA175C82][Warning] non-stream IO. system(Material), filePath(game/objects/characters/animals/pangolin/pangolin_grey/pangolin_grey.mtl)
<14:12:28> [2363981C][Warning] chr material is not precached : game/objects/characters/animals/pangolin/pangolin_red/Pangolin_red.mtl (chr: game/objects/characters/animals/pangolin/pangolin_red/pangolin_red.chr)
<14:12:28> [CE2F4035][Warning] chr physical geom is not precached. (game/objects/characters/animals/pangolin/pangolin_red/pangolin_red.chr)
<14:12:28> [63ABB424][Warning] Facial sequence "fist_ac_whistle" not listed in CAL file for character "game/objects/characters/warborn/female/nude/wa_f_base.chr".
<14:12:28> [CFFE1C46][Error] Error streaming texture: Error 'Offset out of range', Texture: game/objects/characters/animals/cat_baby_pet/cat_baby_pet_df.dds
<14:12:29> [B95EE41B][Error] invalid parent unit id(61996)
<14:12:33> [CFFE1C46][Error] Error streaming texture: Error 'Offset out of range', Texture: game/objects/characters/animals/cat_baby_pet/cat_baby_pet_df.dds
<14:12:36> [745BAE2F][Warning] failed to stream material xml(game/objects/characters/hariharan/male/parts/ar/obj/ha_m_ar_metal224.mtl)
<14:12:36> [637AF710][Warning] missing chr material : game/objects/characters/hariharan/male/parts/ar/obj/ha_m_ar_metal224.mtl (chr: game/objects/characters/hariharan/male/parts/ar/obj/ha_m_1ar107_1arm001_3arm003_3bt002_3pv001_3sh022_4ac001.chr)
<14:12:37> [CE0EF930][Warning] failed to stream cgf : default
<14:12:38> [CFFE1C46][Error] Error streaming texture: Error 'Offset out of range', Texture: game/objects/characters/animals/cat_baby_pet/cat_baby_pet_df.dds
<14:12:41> [745BAE2F][Warning] failed to stream material xml(game/objects/characters/hariharan/male/parts/bo/obj/ha_m_bo_cloth232.mtl)
<14:12:41> [637AF710][Warning] missing chr material : game/objects/characters/hariharan/male/parts/bo/obj/ha_m_bo_cloth232.mtl (chr: game/objects/characters/hariharan/male/parts/bo/obj/ha_m_1bf004_1bo901.chr)
<14:12:45> [04FA8364][Warning] Cannot load texture game/objects/characters/nuian/male/hair/hair_texture/, file missing [File=game/objects/characters/nuian/male/hair/hair_texture/]
<14:12:47> [745BAE2F][Warning] failed to stream material xml(objects/Characters/ferre/male/parts/ar/leather/ar_leather499/fe_m_ar_leather499_brop01.mtl)
<14:12:47> [637AF710][Warning] missing chr material : game/objects/characters/hariharan/male/parts/ar/obj/ha_m_ar_leather499.mtl (chr: game/objects/characters/hariharan/male/parts/ar/obj/ha_m_1ar603_1arm001_4sh035_r.chr)
<14:12:48> [62232BEA][Warning] deferred xml stream error - game/animations/animals/crow_lucius/lmg_files/normal_run.lmg : f0000003
<14:12:49> [7B1A973B] seamless loading cell terrain(W17, 6), (L0, 3)
<14:12:57> [65FB52A3][Warning] Entity Yogurt:cannot find animation additive_fist_ba_relaxed_idle_rand_7
<14:13:05> [65FB52A3][Warning] Entity Yogurt:cannot find animation additive_fist_ba_relaxed_idle_rand_1
<14:13:11> [65FB52A3][Warning] Entity Yogurt:cannot find animation additive_fist_ba_relaxed_idle_rand_7
<14:13:19> [65FB52A3][Warning] Entity Yogurt:cannot find animation additive_fist_ba_relaxed_idle_rand_1
<14:13:21> [A4D70365][Warning] rigid-body own-entity; prefab=prefabs/carriage.xml/carriage.carriageb node=AnimObject_55
<14:13:26> [65FB52A3][Warning] Entity Yogurt:cannot find animation additive_fist_ba_relaxed_idle_rand_7
<14:13:44> [65FB52A3][Warning] Entity Yogurt:cannot find animation additive_fist_ba_relaxed_idle_rand_7
<14:13:53> [65FB52A3][Warning] Entity Yogurt:cannot find animation additive_fist_ba_relaxed_idle_rand_7
<14:14:01> [65FB52A3][Warning] Entity Yogurt:cannot find animation additive_fist_ba_relaxed_idle_rand_7
<14:14:10> [65FB52A3][Warning] Entity Yogurt:cannot find animation additive_fist_ba_relaxed_idle_rand_5
<14:14:18> [65FB52A3][Warning] Entity Yogurt:cannot find animation additive_fist_ba_relaxed_idle_rand_7
<14:14:23> [000004EE][Warning] Particle effect not found: 'game/ability_skill_table_k.p_skill_vocation.nanta_hit', from unknown 
<14:14:24> [CA175C82][Warning] non-stream IO. system(Material), filePath(game/objects/effects/keffect/m_enchant1_pink_s.mtl)
<14:14:24> [000004EE][Warning] Independent immortal particle effect spawned: X2_EFFECT_O.Interaction.enchant_wpn_range_honor_3g
<14:14:26> [65FB52A3][Warning] Entity Yogurt:cannot find animation additive_fist_ba_relaxed_idle_rand_1
<14:14:28> [745BAE2F][Warning] failed to stream material xml(game/objects/characters/ferre/male/parts/gv/cloth/gv_cloth168/fe_m_gv_cloth168_brop02.mtl)
<14:14:29> [637AF710][Warning] missing chr material : game/objects/characters/ferre/male/parts/bo/obj/fe_m_bo_cloth168.mtl (chr: game/objects/characters/ferre/male/parts/bo/obj/fe_m_2bo504.chr)
<14:14:32> [65FB52A3][Warning] Entity Yogurt:cannot find animation additive_fist_ba_relaxed_idle_rand_7
<14:14:42> [65FB52A3][Warning] Entity Yogurt:cannot find animation additive_fist_ba_relaxed_idle_rand_3
<14:14:51> [CA175C82][Warning] non-stream IO. system(Material), filePath(game/materials/decals/footstep_sand.mtl)
<14:14:52> [65FB52A3][Warning] Entity Yogurt:cannot find animation additive_fist_ba_relaxed_idle_rand_5
<14:15:10> [65FB52A3][Warning] Entity Yogurt:cannot find animation additive_fist_ba_relaxed_idle_rand_7
<14:15:16> [CE0EF930][Warning] failed to stream cgf : objects/effects/portal_gate.cgf
<14:15:17> [65FB52A3][Warning] Entity Yogurt:cannot find animation additive_fist_ba_relaxed_idle_rand_4
<14:15:31> [65FB52A3][Warning] Entity Yogurt:cannot find animation additive_fist_ba_relaxed_idle_rand_7
<14:15:46> [65FB52A3][Warning] Entity Yogurt:cannot find animation additive_fist_ba_relaxed_idle_rand_7
<14:15:54> [65FB52A3][Warning] Entity Yogurt:cannot find animation additive_fist_ba_relaxed_idle_rand_1
<14:15:59> [65FB52A3][Warning] Entity Yogurt:cannot find animation additive_fist_ba_relaxed_idle_rand_7
<14:16:06> [65FB52A3][Warning] Entity Yogurt:cannot find animation additive_fist_ba_relaxed_idle_rand_7
<14:16:12> [65FB52A3][Warning] Entity Yogurt:cannot find animation additive_fist_ba_relaxed_idle_rand_7
<14:16:19> [65FB52A3][Warning] Entity Yogurt:cannot find animation additive_fist_ba_relaxed_idle_rand_7
<14:16:22> [000004EE][Warning] Particle effect not found: 'game/ability_skill_table_k.p_skill_romance.dissonance_launch', from unknown 
<14:16:23> [000004EE][Warning] [CGF Error] game/objects/item/ins_w/ins_w_festival05/ins_w_festival05.cgf [:] LOD1 of geometry  contains too many polygons comparing to the LOD0 [776 against 1122] :
<14:16:23> [F1F7138F][Warning] Cannot load texture game/objects/item/staff_1h/staff_1h_ean_2/staff_1h_ean_2_ddn.dds, file missing [File=game/objects/item/staff_1h/staff_1h_ean_2/staff_1h_ean_2_ddn.dds]
<14:16:23> [CA175C82][Warning] non-stream IO. system(Material), filePath(game/objects/effects/keffect/m_enchant2_yellow_m.mtl)
<14:16:42> [65FB52A3][Warning] Entity Yogurt:cannot find animation additive_fist_ba_relaxed_idle_rand_7
<14:16:48> [65FB52A3][Warning] Entity Yogurt:cannot find animation additive_fist_ba_relaxed_idle_rand_7
<14:16:59> [65FB52A3][Warning] Entity Yogurt:cannot find animation additive_fist_ba_relaxed_idle_rand_7
<14:17:18> [65FB52A3][Warning] Entity Yogurt:cannot find animation additive_fist_ba_relaxed_idle_rand_2
<14:17:25> [7AB931CE] seamless unloading cell object(W22, 19), (L5, 2)
<14:17:26> [B95EE41B][Error] invalid parent unit id(61996)
<14:18:19> [BCCDC555][Warning] MakeSprite - too many sprite update (10). dropping.. (sprites : 61)
<14:21:35> [745BAE2F][Warning] failed to stream material xml(game/objects/characters/hariharan/male/parts/all/cloth/cloth041/el_m_cp_cloth041.mtl)
<14:21:35> [637AF710][Warning] missing chr material : game/objects/characters/hariharan/male/parts/all/cloth/cloth041/el_m_cp_cloth041.mtl (chr: game/objects/characters/hariharan/male/parts/all/cloth/cloth041/ha_m_cp_cloth041.chr)
<14:22:43> [63ABB424][Warning] Facial sequence "fist_ac_whistle" not listed in CAL file for character "game/objects/characters/hariharan/male/nude/ha_m_base.chr".
<14:22:43> [E570AF1F][Warning] non-slice task(17.75 ms) : LogToFileTask
<14:22:43> [F724A392][Error] CryAnimation:: Trying to load animation with alias "fist_ba_relaxed_idle_rand_3" from file "animations/monster/yata/fist/fist_ba_relaxed_idle_rand_3.caf" into the animation container. Such animation alias already exists and uses file "animations/monster/yata/fist/fist_ba_relaxed_idle_rand_1.caf". Please use another animation alias.
<14:22:46> [B95EE41B][Error] invalid parent unit id(63443)
<14:22:54> [B95EE41B][Error] invalid parent unit id(63443)
<14:23:08> [BCCDC555][Warning] MakeSprite - too many sprite update (10). dropping.. (sprites : 87)
<14:23:47> [745BAE2F][Warning] failed to stream material xml(game/objects/characters/ferre/male/parts/all/leather/leather097/fe_m_hm_leather097_brop02.mtl)
<14:23:48> [637AF710][Warning] missing chr material : game/objects/characters/ferre/male/parts/cp/obj/fe_m_1cp101.mtl (chr: game/objects/characters/ferre/male/parts/cp/obj/fe_m_1cp101.chr)
<14:24:07> [B95EE41B][Error] invalid parent unit id(98737)
<14:24:18> [B95EE41B][Error] invalid parent unit id(98737)
<14:24:19> [A4D70365][Warning] rigid-body own-entity; prefab=prefabs/carriage.xml/carriage.carriageb node=AnimObject_55
<14:24:26> [BCCDC555][Warning] MakeSprite - too many sprite update (10). dropping.. (sprites : 114)
<14:24:34> [BCCDC555][Warning] MakeSprite - too many sprite update (10). dropping.. (sprites : 194)
<14:25:11> [745BAE2F][Warning] failed to stream material xml(game/$picking.mtl)
<14:25:12> [4AE32E73][Warning] Cannot load texture game/objects/env/01_nuia/001_housing/housing_house/housing_small_newhouse/housing_small_newhouse_03/housing_small_newhouse_03_floor_ddn.dds, file missing [File=game/objects/env/01_nuia/001_housing/housing_house/housing_small_newhouse/housing_small_newhouse_03/housing_small_newhouse_03_floor_ddn.dds]
<14:25:12> [EBF8A645][Warning] Error: CShaderMan::mfCreateShaderResources: Couldn't find detail texture
'Game/objects/Env/01_nuia/001_housing/housing_house/housing_small_newhouse/housing_small_newhouse_03/housing_small_newhouse_03_floor_ddn.dds' in path '' [File=Game/objects/Env/01_nuia/001_housing/housing_house/housing_small_newhouse/housing_small_newhouse_03/housing_small_newhouse_03_floor_ddn.dds]
<14:25:13> [62232BEA][Warning] deferred xml stream error - game/animations/animals/calf/lmg_files/normal_run.lmg : f0000003
<14:25:13> Loading Particle Library: X2_EFFECT_KSW
<14:25:17> [B95EE41B][Error] invalid parent unit id(49898)
<14:25:17> [000004EE][Warning] Particle effect not found: 'game/ability_skill_table_k.p_skill_love.god_bless_form', from unknown 
<14:25:17> [745BAE2F][Warning] failed to stream material xml(game/objects/characters/warborn/female/parts/bo/obj/wa_f_bo_leather179.mtl)
<14:25:17> [000004EE][Warning] [CGF Error] game/objects/item/bow/bow_eph_7/bow_eph_7.cgf [:] LOD1 of geometry  contains too many polygons comparing to the LOD0 [824 against 1214] :
<14:25:17> [637AF710][Warning] missing chr material : game/objects/characters/warborn/female/parts/pt/obj/wa_f_pt_leather179.mtl (chr: game/objects/characters/warborn/female/parts/pt/obj/wa_f_1pt003.chr)
<14:25:18> [CA175C82][Warning] non-stream IO. system(Material), filePath(game/objects/characters/warborn/female/horns/wa_f_horns006/wa_f_horns006_hc02.mtl)
<14:25:36> [B95EE41B][Error] invalid parent unit id(49898)
<14:25:47> [62232BEA][Warning] deferred xml stream error - game/animations/animals/kid/lmg_files/normal_run.lmg : f0000003
<14:25:56> [CE0EF930][Warning] failed to stream cgf : objects/effects/portal_gate.cgf
<14:26:07> [B95EE41B][Error] invalid parent unit id(119735)
<14:26:07> [745BAE2F][Warning] failed to stream material xml(game/objects/characters/hariharan/male/parts/gv/obj/ha_m_gv_leather002.mtl)
<14:26:07> [637AF710][Warning] missing chr material : game/objects/characters/hariharan/male/parts/gv/obj/ha_m_gv_leather002.mtl (chr: game/objects/characters/hariharan/male/parts/gv/obj/ha_m_2gv102.chr)
<14:27:04> [A4D70365][Warning] rigid-body own-entity; prefab=prefabs/carriage.xml/carriage.carriageb node=AnimObject_55
<14:27:10> [000004EE][Warning] [Lua Error] 1_3_0/scripts/x2ui/characterinfo/character_info.lua:520: attempt to call method 'AnimForEquipped' (a nil value)
<14:27:52> [C53E6FFE][Warning] non cached CDF material(objects/Characters/animals/pangolin/pangolin_grey/pangolin_grey.mtl, game/objects/characters/animals/pangolin/pangolin_grey/pangolin_grey.cdf)
<14:27:52> [CA175C82][Warning] non-stream IO. system(Material), filePath(game/objects/characters/animals/pangolin/pangolin_grey/pangolin_grey.mtl)
<14:27:52> [2363981C][Warning] chr material is not precached : game/objects/characters/animals/pangolin/pangolin_red/Pangolin_red.mtl (chr: game/objects/characters/animals/pangolin/pangolin_red/pangolin_red.chr)
<14:27:52> [CE2F4035][Warning] chr physical geom is not precached. (game/objects/characters/animals/pangolin/pangolin_red/pangolin_red.chr)
<14:27:52> [63ABB424][Warning] Facial sequence "fist_ac_whistle" not listed in CAL file for character "game/objects/characters/warborn/female/nude/wa_f_base.chr".
<14:27:53> [B95EE41B][Error] invalid parent unit id(115028)
<14:27:55> [000004EE][Warning] I3DEngine::RegisterEntity: entity reports invalid position: Name: LightEntityName (), Class: LightEntityClass, Pos=(-1360.9,8933.6,1124.5), aabb center=(4374.6,4989.0,387.4)
<14:27:59> [62232BEA][Warning] deferred xml stream error - game/animations/animals/piggy/lmg_files/normal_run.lmg : f0000003
<14:27:59> [A4D70365][Warning] rigid-body own-entity; prefab=prefabs/interaction_c.xml/furniture.kraken_prop_am node=AnimObject_144
<14:27:59> [745BAE2F][Warning] failed to stream material xml(game/objects/env/01_nuia/001_housing/housing_farm/ncom_pumpkin_streetlamp.mtl)
<14:27:59> [000004EE][Warning] [CGF Error] game/objects/env/01_nuia/001_housing/housing_furniture/hs_f_safe_e.cgf [:] non-uniform scale(1.00, 1.03, 1.00) at node(hs_f_safe_e)
<14:28:01> [E46B221E][Warning] Cannot load texture game/objects/characters/monster/daru/daru_tamer/daru_tamer_sp.dds, file missing [File=game/objects/characters/monster/daru/daru_tamer/daru_tamer_sp.dds]
<14:28:02> [5132FEDE][Warning] invalid attached position(-20.88, -20.98, -3.00)
<14:28:03> [637AF710][Warning] missing chr material : game/objects/characters/nuian/male/parts/hm/obj/nu_m_hm_cloth999.mtl (chr: game/objects/characters/nuian/male/parts/hm/obj/nu_m_1hm124.chr)
<14:28:06> [745BAE2F][Warning] failed to stream material xml(game/objects/characters/ferre/male/parts/gv/cloth/gv_cloth485/fe_m_gv_cloth485_grap01.mtl)
<14:28:09> [3EF08C47] seamless loading cell object(W22, 5), (L5, 2)
<14:28:09> [6EF7289B][Warning] Cannot load texture objects/env/02_harihara/11_lo/lo_biarmtent_a02_dnn.dds, file missing [File=objects/env/02_harihara/11_lo/lo_biarmtent_a02_dnn.dds]
<14:28:21> [745BAE2F][Warning] failed to stream material xml(game/objects/characters/hariharan/female/parts/bo/obj/ha_f_bo_cloth200.mtl)
<14:28:21> [637AF710][Warning] missing chr material : game/objects/characters/hariharan/female/parts/bo/obj/ha_f_bo_cloth200.mtl (chr: game/objects/characters/hariharan/female/parts/bo/obj/ha_f_1bo101.chr)
<14:28:23> [B95EE41B][Error] invalid parent unit id(115028)
<14:28:31> [CA175C82][Warning] non-stream IO. system(CGF), filePath(objects/ui/grow_mark/guide_leaf_r.cgf)
<14:28:36> [CA175C82][Warning] non-stream IO. system(CGF), filePath(objects/ui/grow_mark/guide_leaf_r.cgf)
<14:28:47> [CA175C82][Warning] non-stream IO. system(CGF), filePath(objects/ui/grow_mark/guide_leaf_r.cgf)
<14:28:55> [CA175C82][Warning] non-stream IO. system(CGF), filePath(objects/ui/grow_mark/guide_leaf_r.cgf)
<14:29:03> [CA175C82][Warning] non-stream IO. system(CGF), filePath(objects/ui/grow_mark/guide_leaf_r.cgf)
<14:29:09> [CA175C82][Warning] non-stream IO. system(CGF), filePath(objects/ui/grow_mark/guide_leaf_r.cgf)
<14:29:18> [CA175C82][Warning] non-stream IO. system(CGF), filePath(objects/ui/grow_mark/guide_leaf_r.cgf)
<14:29:23> [CA175C82][Warning] non-stream IO. system(CGF), filePath(objects/ui/grow_mark/guide_leaf_r.cgf)
<14:29:29> [CA175C82][Warning] non-stream IO. system(CGF), filePath(objects/ui/grow_mark/guide_leaf_r.cgf)
<14:29:37> [CA175C82][Warning] non-stream IO. system(CGF), filePath(objects/ui/grow_mark/guide_leaf_r.cgf)
<14:29:42> [CA175C82][Warning] non-stream IO. system(CGF), filePath(objects/ui/grow_mark/guide_leaf_r.cgf)
<14:29:50> [CA175C82][Warning] non-stream IO. system(CGF), filePath(objects/ui/grow_mark/guide_leaf_r.cgf)
<14:29:55> [CA175C82][Warning] non-stream IO. system(CGF), filePath(objects/ui/grow_mark/guide_leaf_r.cgf)
<14:30:01> [CA175C82][Warning] non-stream IO. system(CGF), filePath(objects/ui/grow_mark/guide_leaf_r.cgf)
<14:30:09> [CA175C82][Warning] non-stream IO. system(CGF), filePath(objects/ui/grow_mark/guide_leaf_r.cgf)
<14:30:18> [CA175C82][Warning] non-stream IO. system(CGF), filePath(objects/ui/grow_mark/guide_leaf_r.cgf)
<14:30:26> [CA175C82][Warning] non-stream IO. system(CGF), filePath(objects/ui/grow_mark/guide_leaf_r.cgf)
<14:30:34> [CA175C82][Warning] non-stream IO. system(CGF), filePath(objects/ui/grow_mark/guide_leaf_r.cgf)
<14:30:42> [CA175C82][Warning] non-stream IO. system(CGF), filePath(objects/ui/grow_mark/guide_leaf_r.cgf)
<14:30:51> [CA175C82][Warning] non-stream IO. system(CGF), filePath(objects/ui/grow_mark/guide_leaf_r.cgf)
<14:30:57> [CA175C82][Warning] non-stream IO. system(CGF), filePath(objects/ui/grow_mark/guide_leaf_r.cgf)
<14:31:05> [CA175C82][Warning] non-stream IO. system(CGF), filePath(objects/ui/grow_mark/guide_leaf_r.cgf)
<14:31:13> [CA175C82][Warning] non-stream IO. system(CGF), filePath(objects/ui/grow_mark/guide_leaf_r.cgf)
<14:31:18> [A4D70365][Warning] rigid-body own-entity; prefab=prefabs/carriage.xml/carriage.carriageb node=AnimObject_55
<14:31:21> [CA175C82][Warning] non-stream IO. system(CGF), filePath(objects/ui/grow_mark/guide_leaf_r.cgf)
<14:31:26> [CA175C82][Warning] non-stream IO. system(CGF), filePath(objects/ui/grow_mark/guide_leaf_r.cgf)
<14:31:32> [CA175C82][Warning] non-stream IO. system(CGF), filePath(objects/ui/grow_mark/guide_leaf_r.cgf)
<14:31:40> [CA175C82][Warning] non-stream IO. system(CGF), filePath(objects/ui/grow_mark/guide_leaf_r.cgf)
<14:31:48> [CA175C82][Warning] non-stream IO. system(CGF), filePath(objects/ui/grow_mark/guide_leaf_r.cgf)
<14:31:57> [CA175C82][Warning] non-stream IO. system(CGF), filePath(objects/ui/grow_mark/guide_leaf_r.cgf)
<14:32:05> [CA175C82][Warning] non-stream IO. system(CGF), filePath(objects/ui/grow_mark/guide_leaf_r.cgf)
<14:32:13> [CA175C82][Warning] non-stream IO. system(CGF), filePath(objects/ui/grow_mark/guide_leaf_r.cgf)
<14:32:16> [A4D70365][Warning] rigid-body own-entity; prefab=prefabs/carriage.xml/carriage.carriageb node=AnimObject_55
<14:32:19> [BCCDC555][Warning] MakeSprite - too many sprite update (10). dropping.. (sprites : 142)
<14:32:33> [62232BEA][Warning] deferred xml stream error - game/animations/animals/calf/lmg_files/normal_run.lmg : f0000003
<14:32:34> [745BAE2F][Warning] failed to stream material xml(game/objects/characters/hariharan/male/parts/hm/obj/ha_m_hm_cloth001.mtl)
<14:32:34> [637AF710][Warning] missing chr material : game/objects/characters/hariharan/male/parts/hm/obj/ha_m_hm_cloth001.mtl (chr: game/objects/characters/hariharan/male/parts/hm/obj/ha_m_3hm108.chr)
<14:32:40> [CE0EF930][Warning] failed to stream cgf : default
<14:32:41> [745BAE2F][Warning] failed to stream material xml(game/objects/characters/hariharan/male/parts/ar/obj/ha_m_ar_metal224.mtl)
<14:32:41> [637AF710][Warning] missing chr material : game/objects/characters/hariharan/male/parts/ar/obj/ha_m_ar_metal224.mtl (chr: game/objects/characters/hariharan/male/parts/ar/obj/ha_m_1ar107_1arm001_3arm003_3bt002_3pv001_3sh022_4ac001.chr)
<14:32:42> [62232BEA][Warning] deferred xml stream error - game/animations/animals/piggy/lmg_files/normal_run.lmg : f0000003
<14:32:47> [745BAE2F][Warning] failed to stream material xml(game/objects/characters/ferre/male/parts/pt/leather/pt_leather499/fe_m_pt_leather499_brop01.mtl)
<14:32:47> [491B3718][Warning] Cannot load texture objects/characters/ferre/female/face/face01/fe_f_face01_fur_sss.dds, file missing [File=objects/characters/ferre/female/face/face01/fe_f_face01_fur_sss.dds]
<14:32:47> [5243B464][Warning] Error: CShaderMan::mfCreateShaderResources: Couldn't find subsurface texture 'objects/characters/ferre/female/face/face01/fe_f_face01_fur_sss.dds' in path '' [File=objects/characters/ferre/female/face/face01/fe_f_face01_fur_sss.dds]
<14:32:47> [637AF710][Warning] missing chr material : game/objects/characters/hariharan/male/parts/bo/obj/ha_m_bo_cloth486.mtl (chr: game/objects/characters/hariharan/male/parts/bo/obj/ha_m_1bf004_1bo201.chr)
<14:32:48> [C53E6FFE][Warning] non cached CDF material(objects/Characters/animals/pangolin/pangolin_grey/pangolin_grey.mtl, game/objects/characters/animals/pangolin/pangolin_grey/pangolin_grey.cdf)
<14:32:48> [CA175C82][Warning] non-stream IO. system(Material), filePath(game/objects/characters/animals/pangolin/pangolin_grey/pangolin_grey.mtl)
<14:32:48> [2363981C][Warning] chr material is not precached : game/objects/characters/animals/pangolin/pangolin_red/Pangolin_red.mtl (chr: game/objects/characters/animals/pangolin/pangolin_red/pangolin_red.chr)
<14:32:48> [CE2F4035][Warning] chr physical geom is not precached. (game/objects/characters/animals/pangolin/pangolin_red/pangolin_red.chr)
<14:32:48> [63ABB424][Warning] Facial sequence "fist_ac_whistle" not listed in CAL file for character "game/objects/characters/warborn/female/nude/wa_f_base.chr".
<14:32:49> [B95EE41B][Error] invalid parent unit id(68480)
<14:32:52> [CFFE1C46][Error] Error streaming texture: Error 'Offset out of range', Texture: game/objects/characters/animals/cat_baby_pet/cat_baby_pet_df.dds
<14:32:57> [CFFE1C46][Error] Error streaming texture: Error 'Offset out of range', Texture: game/objects/characters/animals/cat_baby_pet/cat_baby_pet_df.dds
<14:33:00> [B866A294] seamless unloading cell terrain(W17, 20), (L0, 3)
<14:33:05> [BCCDC555][Warning] MakeSprite - too many sprite update (10). dropping.. (sprites : 135)
<14:33:08> [CFFE1C46][Error] Error streaming texture: Error 'Offset out of range', Texture: game/objects/characters/animals/cat_baby_pet/cat_baby_pet_df.dds
<14:33:13> [CFFE1C46][Error] Error streaming texture: Error 'Offset out of range', Texture: game/objects/characters/animals/cat_baby_pet/cat_baby_pet_df.dds
<14:33:17> [CE0EF930][Warning] failed to stream cgf : default
<14:33:18> [CFFE1C46][Error] Error streaming texture: Error 'Offset out of range', Texture: game/objects/characters/animals/cat_baby_pet/cat_baby_pet_df.dds
<14:33:18> [745BAE2F][Warning] failed to stream material xml(game/objects/characters/ferre/male/nude/fe_m_grap02.mtl)
<14:33:18> [637AF710][Warning] missing chr material : game/objects/characters/ferre/male/parts/ar/obj/fe_m_ar_cloth486.mtl (chr: game/objects/characters/ferre/male/parts/ar/obj/fe_m_2ac002_2sh019_5ar101.chr)
<14:33:24> [745BAE2F][Warning] failed to stream material xml(game/objects/characters/hariharan/female/parts/pt/obj/ha_f_pt_leather224.mtl)
<14:33:24> [637AF710][Warning] missing chr material : game/objects/characters/hariharan/female/parts/pt/obj/ha_f_pt_leather224.mtl (chr: game/objects/characters/hariharan/female/parts/pt/obj/ha_f_2pt001.chr)
<14:33:25> [04FA8364][Warning] Cannot load texture game/objects/characters/nuian/male/hair/hair_texture/, file missing [File=game/objects/characters/nuian/male/hair/hair_texture/]
<14:33:28> [62232BEA][Warning] deferred xml stream error - game/animations/animals/crow_lucius/lmg_files/normal_run.lmg : f0000003
<14:33:29> [7B1A973B] seamless loading cell terrain(W17, 6), (L0, 3)
<14:33:36> [7AB931CE] seamless unloading cell object(W22, 19), (L5, 2)
<14:33:39> [BCCDC555][Warning] MakeSprite - too many sprite update (10). dropping.. (sprites : 204)
<14:34:00> [A4D70365][Warning] rigid-body own-entity; prefab=prefabs/interaction_c.xml/furniture.kraken_prop_am node=AnimObject_144
<14:34:00> [745BAE2F][Warning] failed to stream material xml(game/objects/env/01_nuia/001_housing/housing_farm/ncom_pumpkin_streetlamp.mtl)
<14:34:00> [000004EE][Warning] [CGF Error] game/objects/env/01_nuia/001_housing/housing_furniture/hs_f_safe_e.cgf [:] non-uniform scale(1.00, 1.03, 1.00) at node(hs_f_safe_e)
<14:34:02> [5132FEDE][Warning] invalid attached position(-20.88, -20.98, -3.00)
<14:34:07> [745BAE2F][Warning] failed to stream material xml(game/objects/characters/ferre/male/parts/gv/cloth/gv_cloth485/fe_m_gv_cloth485_grap01.mtl)
<14:34:07> [637AF710][Warning] missing chr material : game/objects/characters/ferre/male/parts/ar/obj/fe_m_ar_cloth135.mtl (chr: game/objects/characters/ferre/male/parts/ar/obj/fe_m_1ar308_1arm009.chr)
<14:34:08> [00DCF04C][Warning] Cannot load texture game/objects/characters/ferre/female/test/fe_f_nude_fur_df.dds, file missing [File=game/objects/characters/ferre/female/test/fe_f_nude_fur_df.dds]
<14:34:15> [A4D70365][Warning] rigid-body own-entity; prefab=prefabs/carriage.xml/carriage.carriageb node=AnimObject_55
<14:34:18> [745BAE2F][Warning] failed to stream material xml(game/objects/characters/ferre/male/parts/pt/leather/pt_leather499/fe_m_pt_leather499_brop01.mtl)
<14:34:18> [637AF710][Warning] missing chr material : game/objects/characters/ferre/male/parts/ar/obj/fe_m_ar_leather499.mtl (chr: game/objects/characters/ferre/male/parts/ar/obj/fe_m_1ar603_1arm001_4sh035_r.chr)
<14:34:19> [3EF08C47] seamless loading cell object(W22, 5), (L5, 2)
<14:34:19> [6EF7289B][Warning] Cannot load texture objects/env/02_harihara/11_lo/lo_biarmtent_a02_dnn.dds, file missing [File=objects/env/02_harihara/11_lo/lo_biarmtent_a02_dnn.dds]
<14:34:24> [B866A294] seamless unloading cell terrain(W17, 20), (L0, 3)
<14:34:34> [745BAE2F][Warning] failed to stream material xml(game/objects/env/01_nuia/001_housing/housing_farm/ncom_pumpkin_streetlamp.mtl)
<14:34:35> [A4D70365][Warning] rigid-body own-entity; prefab=prefabs/interaction_c.xml/furniture.kraken_prop_am node=AnimObject_144
<14:34:35> [000004EE][Warning] [CGF Error] game/objects/env/01_nuia/001_housing/housing_furniture/hs_f_safe_e.cgf [:] non-uniform scale(1.00, 1.03, 1.00) at node(hs_f_safe_e)
<14:34:37> [B95EE41B][Error] invalid parent unit id(68480)
<14:34:47> [745BAE2F][Warning] failed to stream material xml(game/objects/effects/ksw_effect/qilin.mtl)
<14:34:47> [B95EE41B][Error] invalid parent unit id(94316)
<14:34:47> [000004EE][Warning] Particle effect not found: 'game/ability_skill_table_k.p_skill_love.vital_add_launch', from unknown 
<14:34:47> [23C0332B][Warning] Cannot load texture objects/characters/ferre/female/nude/fe_f_nude_fur_yel_sp.dds, file missing [File=objects/characters/ferre/female/nude/fe_f_nude_fur_yel_sp.dds]
<14:34:47> [000004EE][Warning] [CGF Error] game/objects/item/blade_2h/blade_2h_monster/blade_2h_docheol_3/blade_2h_docheol_3.cgf [:] LOD1 of geometry  contains too many polygons comparing to the LOD0 [1900 against 2652] :
<14:34:48> [2363981C][Warning] chr material is not precached : game/objects/characters/hariharan/female/hair/ha_f_hair029/ha_f_hair029.mtl (chr: game/objects/characters/hariharan/female/hair/ha_f_hair029/ha_f_hair029.chr)
<14:34:48> [CA175C82][Warning] non-stream IO. system(Material), filePath(game/objects/characters/hariharan/female/hair/ha_f_hair029/ha_f_hair029.mtl)
<14:34:48> [000004EE][Warning] Independent immortal particle effect spawned: X2_EFFECT_O.Interaction.enchant_wpn_range_honor_3g
<14:34:53> [B95EE41B][Error] invalid parent unit id(94316)
<14:34:55> [13A1FD5A][Warning] AWD vehicle has different tire size. model type(2159)
<14:34:55> [2342CE9D][Warning] doodad with no entity can't be attached to vehicle/ship/actor models(Regalia)
<14:35:07> [B95EE41B][Error] invalid parent unit id(107242)
<14:35:09> [000004EE][Warning] Particle effect not found: 'game/abillity_skill_table_m.death.spell_move_form', from unknown 
<14:35:09> [745BAE2F][Warning] failed to stream material xml(game/objects/env/01_nuia/001_ndeco/fish/ndeco_fishrod_a03_brop01.mtl)
<14:35:09> [000004EE][Warning] [CGF Error] game/objects/item/shield/shield_monster/shield_baeksojeong01/shield_baeksojeong01.cgf [:] LOD1 of geometry  contains too many polygons comparing to the LOD0 [872 against 1145] :
<14:35:09> [637AF710][Warning] missing chr material : game/objects/characters/ferre/male/parts/ar/obj/fe_m_ar_leather181.mtl (chr: game/objects/characters/ferre/male/parts/ar/obj/fe_m_1ac014_1ar106_2ar602_2arm004_2bt005_2pv002.chr)
<14:35:09> [CA175C82][Warning] non-stream IO. system(Material), filePath(game/objects/effects/keffect/m_enchant4_orange_m.mtl)
<14:35:10> [13A1FD5A][Warning] AWD vehicle has different tire size. model type(2159)
<14:35:10> [6D6384B1][Warning] doodad with no entity can't be attached to vehicle/ship/actor models(Carbonara)
<14:35:14> [B95EE41B][Error] invalid parent unit id(42247)
<14:35:27> [B95EE41B][Error] invalid parent unit id(42247)
<14:36:27> [000004EE][Warning] Particle effect not found: 'game/abillity_skill_table_m.wild.hold_steps_throw', from unknown 
<14:36:27> [745BAE2F][Warning] failed to stream material xml(game/objects/characters/hariharan/female/parts/ar/obj/ha_f_ar_leather181.mtl)
<14:36:27> [637AF710][Warning] missing chr material : game/objects/characters/hariharan/female/parts/ar/obj/ha_f_ar_leather181.mtl (chr: game/objects/characters/hariharan/female/parts/ar/obj/ha_f_1ac014_1ar117_2ar602_2arm004_2bt005_2pv002.chr)
<14:36:40> [13A1FD5A][Warning] AWD vehicle has different tire size. model type(2159)
<14:36:40> [B95EE41B][Error] invalid parent unit id(42247)
<14:36:53> [B95EE41B][Error] invalid parent unit id(108615)
<14:37:02> [B95EE41B][Error] invalid parent unit id(42247)
<14:37:23> [A4D70365][Warning] rigid-body own-entity; prefab=prefabs/carriage.xml/carriage.carriageb node=AnimObject_55
<14:39:08> [BCCDC555][Warning] MakeSprite - too many sprite update (10). dropping.. (sprites : 274)
<14:39:49> [745BAE2F][Warning] failed to stream material xml(game/objects/characters/hariharan/female/parts/pt/obj/ha_f_pt_cloth999.mtl)
<14:39:49> [637AF710][Warning] missing chr material : game/objects/characters/hariharan/male/parts/gv/obj/ha_m_gv_cloth213.mtl (chr: game/objects/characters/hariharan/male/parts/gv/obj/ha_m_1gv301.chr)
<14:39:52> [CFFE1C46][Error] Error streaming texture: Error 'Offset out of range', Texture: game/objects/characters/animals/cat_baby_pet/cat_baby_pet_df.dds
<14:39:53> [E46B221E][Warning] Cannot load texture game/objects/characters/monster/daru/daru_tamer/daru_tamer_sp.dds, file missing [File=game/objects/characters/monster/daru/daru_tamer/daru_tamer_sp.dds]
<14:39:57> [CFFE1C46][Error] Error streaming texture: Error 'Offset out of range', Texture: game/objects/characters/animals/cat_baby_pet/cat_baby_pet_df.dds
<14:40:02> [CFFE1C46][Error] Error streaming texture: Error 'Offset out of range', Texture: game/objects/characters/animals/cat_baby_pet/cat_baby_pet_df.dds
<14:40:03> [745BAE2F][Warning] failed to stream material xml(game/objects/characters/hariharan/male/parts/gv/obj/ha_m_gv_leather226.mtl)
<14:40:03> [637AF710][Warning] missing chr material : game/objects/characters/hariharan/male/parts/pt/obj/ha_m_pt_cloth139.mtl (chr: game/objects/characters/hariharan/male/parts/pt/obj/ha_m_1pt301.chr)
<14:40:07> [CFFE1C46][Error] Error streaming texture: Error 'Offset out of range', Texture: game/objects/characters/animals/cat_baby_pet/cat_baby_pet_df.dds
<14:40:12> [CFFE1C46][Error] Error streaming texture: Error 'Offset out of range', Texture: game/objects/characters/animals/cat_baby_pet/cat_baby_pet_df.dds
<14:40:14> [745BAE2F][Warning] failed to stream material xml(game/objects/characters/hariharan/male/parts/hm/obj/ha_m_hm_cloth001.mtl)
<14:40:14> [637AF710][Warning] missing chr material : game/objects/characters/hariharan/male/parts/hm/obj/ha_m_hm_cloth001.mtl (chr: game/objects/characters/hariharan/male/parts/hm/obj/ha_m_3hm108.chr)
<14:40:17> [CFFE1C46][Error] Error streaming texture: Error 'Offset out of range', Texture: game/objects/characters/animals/cat_baby_pet/cat_baby_pet_df.dds
<14:40:28> [7B1A973B] seamless loading cell terrain(W17, 6), (L0, 3)
<14:40:34> [BCCDC555][Warning] MakeSprite - too many sprite update (10). dropping.. (sprites : 128)
<14:40:37> [745BAE2F][Warning] failed to stream material xml(game/objects/characters/hariharan/female/parts/bo/obj/ha_f_bo_cloth200.mtl)
<14:40:37> [637AF710][Warning] missing chr material : game/objects/characters/hariharan/female/parts/pt/obj/ha_f_pt_cloth021.mtl (chr: game/objects/characters/hariharan/female/parts/pt/obj/ha_f_1pt701.chr)
<14:40:58> [BCCDC555][Warning] MakeSprite - too many sprite update (10). dropping.. (sprites : 107)
<14:43:13> [A4D70365][Warning] rigid-body own-entity; prefab=prefabs/carriage.xml/carriage.carriageb node=AnimObject_55
<14:44:13> [A4D70365][Warning] rigid-body own-entity; prefab=prefabs/carriage.xml/carriage.carriageb node=AnimObject_55
