[801989E0] BackupNameAttachment=" Build(0) Date(12 September 2025) Time(20 01 01)"  -- used by backup system
[00000020]  
[38F38F32] Log Started at #c
[0232BD25] Running 32 bit version
[7AB6F5FE] Executable: C:\Games\AAClassic\bin32\archeage.exe
[E5C771AC] FileVersion: 3.5.0.0
[F799D55F] ProductVersion: 3.5.3.0
[1F1D6B13] Using Microsoft (tm) C++ Standard Library implementation
[00000020]  
[C7D96C80] Revision: 350000
[00000020]  
[64533E3E] this is the first client
<20:01:06> [B9197FD5][Error] ConsoleVariableGroup[option_effect] key[e_particles_lod_onoff] has no default
<20:01:06> [76666E6D] 
--- CPU detection ---
<20:01:07> [F4D992D8] CPU: AMD AMD Ryzen 7 7800X3D 8-Core Processor           
<20:01:07> [3F649B02] Family: 15, Model: 1, Stepping: 2
<20:01:07> [83D12E0B] FPU: On-Chip
<20:01:07> [50919DA0] CPU Speed (estimated): 4192.089530 MHz
<20:01:07> [C73FD83A] MMX: not present
<20:01:07> [89D1077A] SSE: present
<20:01:07> [64E2B6F1] 3DNow!: present
<20:01:07> [27B7AC6E] Serial number not present or disabled
<20:01:07> [1D2D8E5B] Number of logical processors: 16
<20:01:07> [FA658084] Number of available logical processors: 16
<20:01:07> [A1F061C2] Invariant Time Stamp Counter : yes
<20:01:07> [FA0251ED] ---------------------

<20:01:07> [03E7D838] Device Info
<20:01:07> [9F603516] Device Info - 1
<20:01:07> [9F603517] Device Info - 2
<20:01:07> [9F603518] Device Info - 3
<20:01:07> [9F603519] Device Info - 4
<20:01:07> [9F60351A] Device Info - 5
<20:01:07> [9F60351B] Device Info - 6
<20:01:07> [9F60351C] Device Info - 7
<20:01:07> [E98ECC28] Video Memory Info
<20:01:07> [D5FBE664] Video Memory - 1
<20:01:07> [D5FBE665] Video Memory - 2
<20:01:07> [D5FBE666] Video Memory - 3
<20:01:07> [D5FBE667] Video Memory - 4
<20:01:07> [D5FBE668] Video Memory - 5
<20:01:07> [D5FBE669] Video Memory - 6
<20:01:07> [D5FBE66A] Video Memory - 7
<20:01:07> [D5FBE66B] Video Memory - 8
<20:01:07> [3A4D54A2][Warning] config/gpu/amd.txt line 55 contains a multiple defined GPU rating!
<20:01:07> [D20872C0] InitThreadAffinities
<20:01:07> [2F28A434] UpdateMainThreadAffinity
<20:01:07> [16962512] Windows 8 64 bit (build 6.2.9200)
<20:01:07> [38DFF081] System language: English
<20:01:07> [861A0178] Windows Directory: "C:\windows"
<20:01:07> [341B54F1] Prerequisites...
<20:01:07> [5D1B3C9C] * Installation of KB940105 hotfix required: no! (either not needed or already installed)
<20:01:07> [1955952E] Local time is 20:01:07 09/12/25, system running for 555 minutes
<20:01:07> [3C5837C5] 63426MB physical memory installed, 36830MB available, 4095MB virtual memory installed, 41 percent of memory in use
<20:01:07> [31259232] PageFile usage: 
<20:01:07> [453F0D1B] Current display mode is 2560x1440x32
<20:01:07> [8A64FCCC] IBM enhanced (101/102-key) keyboard and 3+ button mouse installed
<20:01:07> [CE30556B] ----- GPU Detection -----------------
<20:01:07> [03E7D838] Device Info
<20:01:07> [9F603516] Device Info - 1
<20:01:07> [9F603517] Device Info - 2
<20:01:07> [9F603518] Device Info - 3
<20:01:07> [9F603519] Device Info - 4
<20:01:07> [9F60351A] Device Info - 5
<20:01:07> [9F60351B] Device Info - 6
<20:01:07> [9F60351C] Device Info - 7
<20:01:07> [E98ECC28] Video Memory Info
<20:01:07> [D5FBE664] Video Memory - 1
<20:01:07> [D5FBE665] Video Memory - 2
<20:01:07> [D5FBE666] Video Memory - 3
<20:01:07> [D5FBE667] Video Memory - 4
<20:01:07> [D5FBE668] Video Memory - 5
<20:01:07> [D5FBE669] Video Memory - 6
<20:01:07> [D5FBE66A] Video Memory - 7
<20:01:07> [D5FBE66B] Video Memory - 8
<20:01:07> [99EA404A]  AMD Radeon RX 7800 XT (RADV NAVI32) (vendor = 0x1002, device = 0x747e, subSys = 0x00000000)
<20:01:07> [77718B6A] -- Video memory: 4081 MB
<20:01:07> [30DF1863] -- Minimum SM 2.0 support: yes
<20:01:07> [13E11956] -- DX11 supported: yes
<20:01:07> [50B60100] --------------------------------------------------------------------------------
<20:01:07> [5921EDBE] Stream Engine Initialization
<20:01:07> [BA0D559B] Splash: Initializing Stream Engine...
<20:01:07> [939F6EBB] Enable Resolutions : 0
<20:01:07> [A30A84B6] can't enum display resolution modes
<20:01:07> [B324CD25] Screen Resolution - 1024x768
<20:01:07> [3778EA0B] Screen Resolution - 2 (2560x1440)
<20:01:07> [A1B107F0] Screen Resolution - Test OK (2560x1440)
<20:01:07> [A9E4B0F2] Network initialization
<20:01:07> [BA0D559B] Splash: Initializing Network System...
<20:01:07> [14FAD233] Socket I/O by iocp
<20:01:07> [E36A4FB9] Physics initialization
<20:01:07> [BA0D559B] Splash: Initializing Physics...
<20:01:07> [2462D581] MovieSystem initialization
<20:01:07> [BA0D559B] Splash: Initializing Movie System...
<20:01:07> [93287AEC] Renderer initialization - Start
<20:01:07> [BA0D559B] Splash: Initializing Renderer...
<20:01:07> [91207680] Renderer initialization - Open
<20:01:07> [4377E7CB] Renderer initialization - DLL Load(CryRenderD3D10.dll)
<20:01:07> [71203A94] Renderer initialization - DLL Done
<20:01:07> [71227C22] Renderer initialization - DLL Init
<20:01:07> [C653D9CB] Renderer initialization - Instance
<20:01:07> [F4516946] D3D Adapter: Description: AMD Radeon RX 7800 XT (RADV NAVI32)
<20:01:07> [A39C3A75] D3D Adapter: Driver version (UMD): 32.00.65535.65535
<20:01:07> [BC8C1ACB] D3D Adapter: VendorId = 0x1002
<20:01:07> [B6A10CFD] D3D Adapter: DeviceId = 0x747E
<20:01:07> [0678E702] D3D Adapter: SubSysId = 0x00000000
<20:01:07> [F2243F02] D3D Adapter: Revision = 0
<20:01:07> [A18DEBFF] Attempting to open TXAA context...
<20:01:07> [763FCAEF] TXAA startup failed -- status (1)
<20:01:07> [E571CFEE] Shader manager initialization
<20:01:09> [05BAAEF6] CResFile allocations incurred by user cache preload: (17814.05k)
<20:01:09> [911B73B8] Renderer initialization - Done
<20:01:09> [8E444EA9] Console initialization
<20:01:09> [2904A233] Time initialization
<20:01:09> [3650CFD6] Input initialization
<20:01:09> [BA0D559B] Splash: Initializing Input System...
<20:01:09> Initializing Keyboard
<20:01:09> [99640BF1] Sound initialization
<20:01:09> [BA0D559B] Splash: Initializing Sound System...
<20:01:09> [2C33885C] Sound - Initializing AudioDevice now!
<20:01:09> [E46760A9] <Sound> Initialize FMOD with dynamic memory callbacks
<20:01:10> [D6755BFD] <Sound> Starting to initialize Windows Audio Session API output! 
<20:01:10> [F7E8E3CD] <Sound> Drivers found: 6
<20:01:10> [9B899242] <Sound> Available drivers:
	1.	PulseAudio Output (PulseAudio Output)
	2.	Blue Microphones Analog Stereo (Blue Microphones Analog Stereo)
	3.	soundcore Liberty 4 NC (soundcore Liberty 4 NC)
	4.	Wireless Controller (Wireless Controller)
	5.	Navi 31 HDMI/DP Audio Digital Stereo (HDMI) (Navi 31 HDMI/DP Audio Digital Stereo (HDMI))
	6.	Family 17h/19h/1ah HD Audio Controller Analog Stereo (Family 17h/19h/1ah HD Audio Controller Analog Stereo)
<20:01:10> [A0BBF7E1] <Sound> FmodEx-AudioDevice: Now running on driver: PulseAudio Output (PulseAudio Output)
<20:01:10> [14D8EFE1] <Sound> Using speaker mode: FMOD_SPEAKERMODE_STEREO
<20:01:10> [E79C27E5] <Sound> Initializing FMOD-EX now!
<20:01:10> [E2A9FE08] <Sound> Available record drivers: 0 PulseAudio Input (PulseAudio Input) !
<20:01:10> [E2A9FE08] <Sound> Available record drivers: 1 Family 17h/19h/1ah HD Audio Controller Analog Stereo (Family 17h/19h/1ah HD Audio Controller Analog Stereo) !
<20:01:10> [E2A9FE08] <Sound> Available record drivers: 2 Wireless Controller (Wireless Controller) !
<20:01:10> [E2A9FE08] <Sound> Available record drivers: 3 Blue Microphones Analog Stereo (Blue Microphones Analog Stereo) !
<20:01:10> [E2A9FE08] <Sound> Available record drivers: 4 Monitor of Family 17h/19h/1ah HD Audio Controller (Monitor of Family 17h/19h/1ah HD Audio Controller) !
<20:01:10> [E2A9FE08] <Sound> Available record drivers: 5 Monitor of Blue Microphones Analog Stereo (Monitor of Blue Microphones Analog Stereo) !
<20:01:10> [E2A9FE08] <Sound> Available record drivers: 6 Wireless Controller (Wireless Controller) !
<20:01:10> [E2A9FE08] <Sound> Available record drivers: 7 Monitor of soundcore Liberty 4 NC (Monitor of soundcore Liberty 4 NC) !
<20:01:10> [E2A9FE08] <Sound> Available record drivers: 8 Monitor of Navi 31 HDMI/DP Audio Digital Stereo (HDMI) (Monitor of Navi 31 HDMI/DP Audio Digital Stereo (HDMI)) !
<20:01:10> [E2A9FE08] <Sound> Available record drivers: 9 soundcore Liberty 4 NC (soundcore Liberty 4 NC) !
<20:01:10> [6841BE38] <Sound> Record config is set to autodetect using record driver 0
<20:01:10> [7808B4C4] <Sound> Using FMOD version: 00044414 and internal 00044414!
<20:01:10> [2A2815C7] <Sound> Initialized FMOD-EX
<20:01:10> [BE4EF52E] Sound - Initializing SoundSystem now!
<20:01:10> [0D547471] Font initialization
<20:01:10> [BA0D559B] Splash: Initializing Fonts...
<20:01:10> [C194F7C8][Warning] Cannot load texture textures/defaults/replacemecm.tif, file missing [File=textures/defaults/replacemecm.dds]
<20:01:10> [84206398] AI initialization
<20:01:10> [1BC221DE] Initializing Animation System
<20:01:10> [BA0D559B] Splash: Initializing Animation System...
<20:01:10> [9E592EFE] Initializing 3D Engine
<20:01:10> [BA0D559B] Splash: Initializing 3D Engine...
<20:01:10> [637AF710][Warning] missing chr material : game/objects/characters/ferre/female/nude/Standard_22.mtl (chr: game/objects/characters/ferre/female/nude/fe_f_base.chr)
<20:01:10> [91F5AEEC][Warning] number of bones mismatch! game/objects/characters/ferre/female/nude/fe_f_base.chr=195 game/objects/characters/ferre/female/nude/fe_f_base_lod1.chr=185
<20:01:12> [7415A452] CHR PreCaching 25 Done
<20:01:12> [E7AD4E53] AddSharedMorphTargets - Failed to load objects/characters/dwarf/male/face/dw_m_face00.chr
<20:01:12> [61AD1790] MorphTargetPreCaching - objects/characters/dwarf/male/face/dw_m_face00.chr Add Failed
<20:01:12> [A4A6E4C6] MorphTarget PreCaching 11 Done
<20:01:12> [5ACB40E2] Init Face Makers
<20:01:12> [56B5985B] X2FaceMaker - game/objects/characters/nuian/male/face/nu_m_face01_mid.chr : mouth_UnderbiteOverbite target not exist
<20:01:12> [56B5985B] X2FaceMaker - game/objects/characters/nuian/male/face/nu_m_face01_mid.chr : mouth_UnderbiteOverbite target not exist
<20:01:12> [56B5985B] X2FaceMaker - game/objects/characters/nuian/male/face/nu_m_face01_mid.chr : mouth_UnderbiteOverbite target not exist
<20:01:12> [4ABB03EB] game/objects/characters/ferre/female/face/fe_f_face01_low.chr(303) - objects/characters/ferre/female/face/fe_f_face00.chr(3063) SharedMorph is not matched
<20:01:12> [56B5985B] X2FaceMaker - game/objects/characters/nuian/male/face/nu_m_face01_mid.chr : mouth_UnderbiteOverbite target not exist
<20:01:12> [56B5985B] X2FaceMaker - game/objects/characters/nuian/male/face/nu_m_face01_mid.chr : nose_dw_SeptumVol target not exist
<20:01:12> [56B5985B] X2FaceMaker - game/objects/characters/nuian/male/face/nu_m_face01_mid.chr : nose_dw_NasalZposition target not exist
<20:01:12> [56B5985B] X2FaceMaker - game/objects/characters/nuian/male/face/nu_m_face01_mid.chr : FS_dwEarSize target not exist
<20:01:12> [56B5985B] X2FaceMaker - game/objects/characters/nuian/male/face/nu_m_face01_mid.chr : dwarf_Morph target not exist
<20:01:12> [56B5985B] X2FaceMaker - game/objects/characters/nuian/male/face/nu_m_face01_mid.chr : FS_dw_CheekMeat_min target not exist
<20:01:12> [1191A6A8] X2FaceMaker - game/objects/characters/nuian/male/face/nu_m_face01_mid.chr : FS_dw_CheekMeat_max ex target not exist
<20:01:12> [56B5985B] X2FaceMaker - game/objects/characters/warborn/male/face/wa_m_face01_mid.chr : eye_Forehead target not exist
<20:01:12> [56B5985B] X2FaceMaker - game/objects/characters/warborn/male/face/wa_m_face01_mid.chr : eye_Tail_min target not exist
<20:01:12> [1191A6A8] X2FaceMaker - game/objects/characters/warborn/male/face/wa_m_face01_mid.chr : eye_Tail_max ex target not exist
<20:01:12> [56B5985B] X2FaceMaker - game/objects/characters/warborn/male/face/wa_m_face01_mid.chr : eye_WidthLength_min target not exist
<20:01:12> [1191A6A8] X2FaceMaker - game/objects/characters/warborn/male/face/wa_m_face01_mid.chr : eye_WidthLength_max ex target not exist
<20:01:12> [56B5985B] X2FaceMaker - game/objects/characters/warborn/male/face/wa_m_face01_mid.chr : eye_DoubleEyelidShape target not exist
<20:01:12> [56B5985B] X2FaceMaker - game/objects/characters/warborn/male/face/wa_m_face01_mid.chr : eye_BrowXposition target not exist
<20:01:12> [56B5985B] X2FaceMaker - game/objects/characters/warborn/male/face/wa_m_face01_mid.chr : eye_BrowZposition target not exist
<20:01:12> [56B5985B] X2FaceMaker - game/objects/characters/warborn/male/face/wa_m_face01_mid.chr : nose_Nostril target not exist
<20:01:12> [56B5985B] X2FaceMaker - game/objects/characters/warborn/male/face/wa_m_face01_mid.chr : nose_Size target not exist
<20:01:12> [56B5985B] X2FaceMaker - game/objects/characters/warborn/male/face/wa_m_face01_mid.chr : nose_SeptumZposition target not exist
<20:01:12> [56B5985B] X2FaceMaker - game/objects/characters/warborn/male/face/wa_m_face01_mid.chr : nose_End target not exist
<20:01:12> [56B5985B] X2FaceMaker - game/objects/characters/warborn/male/face/wa_m_face01_mid.chr : nose_Size target not exist
<20:01:12> [56B5985B] X2FaceMaker - game/objects/characters/warborn/male/face/wa_m_face01_mid.chr : mouth_UpperLipVolume target not exist
<20:01:12> [56B5985B] X2FaceMaker - game/objects/characters/warborn/male/face/wa_m_face01_mid.chr : mouth_LowerLipVolume target not exist
<20:01:12> [56B5985B] X2FaceMaker - game/objects/characters/warborn/male/face/wa_m_face01_mid.chr : mouth_UpperLipOpen target not exist
<20:01:12> [56B5985B] X2FaceMaker - game/objects/characters/warborn/male/face/wa_m_face01_mid.chr : mouth_LowerLipOpen target not exist
<20:01:12> [56B5985B] X2FaceMaker - game/objects/characters/warborn/male/face/wa_m_face01_mid.chr : mouth_MouthOpen target not exist
<20:01:12> [56B5985B] X2FaceMaker - game/objects/characters/warborn/male/face/wa_m_face01_mid.chr : mouth_Size target not exist
<20:01:12> [56B5985B] X2FaceMaker - game/objects/characters/warborn/male/face/wa_m_face01_mid.chr : mouth_Shape_min target not exist
<20:01:12> [1191A6A8] X2FaceMaker - game/objects/characters/warborn/male/face/wa_m_face01_mid.chr : mouth_Shape_max ex target not exist
<20:01:12> [56B5985B] X2FaceMaker - game/objects/characters/warborn/male/face/wa_m_face01_mid.chr : mouth_TeethZposition target not exist
<20:01:12> [56B5985B] X2FaceMaker - game/objects/characters/warborn/male/face/wa_m_face01_mid.chr : FS_JawHigh_min target not exist
<20:01:12> [1191A6A8] X2FaceMaker - game/objects/characters/warborn/male/face/wa_m_face01_mid.chr : FS_JawHigh_max ex target not exist
<20:01:12> [56B5985B] X2FaceMaker - game/objects/characters/warborn/male/face/wa_m_face01_mid.chr : FS_EarRotate_min target not exist
<20:01:12> [1191A6A8] X2FaceMaker - game/objects/characters/warborn/male/face/wa_m_face01_mid.chr : FS_EarRotate_max ex target not exist
<20:01:12> [56B5985B] X2FaceMaker - game/objects/characters/warborn/male/face/wa_m_face01_mid.chr : FS_Beard1 target not exist
<20:01:12> [56B5985B] X2FaceMaker - game/objects/characters/warborn/male/face/wa_m_face01_mid.chr : FS_Beard2 target not exist
<20:01:12> [56B5985B] X2FaceMaker - game/objects/characters/warborn/male/face/wa_m_face01_mid.chr : FS_Beard3 target not exist
<20:01:12> [56B5985B] X2FaceMaker - game/objects/characters/warborn/female/face/wa_f_face01_mid.chr : eye_Yposition_min target not exist
<20:01:12> [1191A6A8] X2FaceMaker - game/objects/characters/warborn/female/face/wa_f_face01_mid.chr : eye_Yposition_max ex target not exist
<20:01:12> [56B5985B] X2FaceMaker - game/objects/characters/warborn/female/face/wa_f_face01_mid.chr : FS_AllLowerY target not exist
<20:01:12> [56B5985B] X2FaceMaker - game/objects/characters/warborn/female/face/wa_f_face01_mid.chr : FS_AllRotate target not exist
<20:01:12> [56B5985B] X2FaceMaker - game/objects/characters/warborn/female/face/wa_f_face01_mid.chr : FS_AllY target not exist
<20:01:12> [56B5985B] X2FaceMaker - game/objects/characters/warborn/female/face/wa_f_face01_mid.chr : mouth_Open_min target not exist
<20:01:12> [1191A6A8] X2FaceMaker - game/objects/characters/warborn/female/face/wa_f_face01_mid.chr : mouth_Open_max ex target not exist
<20:01:12> [E320B5CE] Init Face Makers - Done!
<20:01:12> [581CA53C] Script System Initialization
<20:01:12> [BA0D559B] Splash: Initializing Script System...
<20:01:12> [000004EE][Warning] [Lua Error] 1_3_0/scripts/common.lua:276: attempt to index global 'Script' (a nil value)
<20:01:12> [58F3F7FF][Warning] <null>:0: [Lua Error] Failed to execute file @game/scriptsbin/common.alb
<20:01:12> [D8B2BA54] Entity system initialization
<20:01:12> [BA0D559B] Splash: Initializing Entity System...
<20:01:12> [D55F91B2][Warning] [CEntityClassRegistry] LoadClassDescription failed, Entity Class name Chick already registered
<20:01:12> [BA0D559B] Splash: Initializing AI System...
<20:01:12> [DA019954] Initializing AI System
<20:01:12> [2546BCC5] Initializing Budgeting System
<20:01:12> [C0E19025] Initializing Seamless System
<20:01:12> [BA0D559B] Splash: Loading Game Data...
<20:01:13> [90B8EC50][Warning] too many ranges: aoe_shapes descs 10156(10156) threshold 100 ranges 12
<20:01:14> [BA4AD6CE] Loading portal list
<20:01:14> [92597454] Portal added, enter: 3891, exit: 6629
<20:01:14> [92597454] Portal added, enter: 21448, exit: 21449
<20:01:14> [92597454] Portal added, enter: 21450, exit: 21451
<20:01:14> [92597454] Portal added, enter: 21452, exit: 21453
<20:01:14> [92597454] Portal added, enter: 21698, exit: 21699
<20:01:14> [92597454] Portal added, enter: 22023, exit: 22024
<20:01:14> [92597454] Portal added, enter: 22042, exit: 22066
<20:01:14> [92597454] Portal added, enter: 22136, exit: 22137
<20:01:14> [92597454] Portal added, enter: 22163, exit: 22164
<20:01:14> [92597454] Portal added, enter: 22184, exit: 22185
<20:01:14> [92597454] Portal added, enter: 22336, exit: 22337
<20:01:14> [92597454] Portal added, enter: 9000063, exit: 9000064
<20:01:14> [1C664009] End loading portal list
<20:01:14> [937812F7] loaded DDCMS (1396969 descs, 719156 links (17 page 16.95MB size) string) from game\db\compact.sqlite3 in 946 ms
<20:01:14> [BA0D559B] Splash: Initializing Game System...
<20:01:14> [000004EE][Warning] [Lua Error] no localized ui text for 18 always_refund
<20:01:15> [0ADE3294][Warning] [MFX] Effect 'collisions:grenade' already present. Overriding.
<20:01:15> [311630D1][Warning] MFX WARNING: Material not found: mat_ice_breakable
<20:01:15>  
<20:01:15>    sys_spec = Custom (assuming 4)
<20:01:15>      option_anti_aliasing = 2 expected:3
<20:01:15>  
<20:01:15> [BA0D559B] Splash: Preparing Screen...
<20:01:15> [3778EA0B] Screen Resolution - 2 (2560x1440)
<20:01:15> [A1B107F0] Screen Resolution - Test OK (2560x1440)
<20:01:15> [963385F6] Level System - Loading Start
<20:01:15> [806B6F8D] precaching world entities ..
<20:01:15> [7E39E0DE] precaching world entities .. done!  total (0) objects
<20:01:15> [D2B280D6] Vegetation Manager : Loading World(login2)
<20:01:15> [075AB92F] Vegetation Manager : Loading World - Done (total 36 vegetations)
<20:01:15> [B9410AA1] total 20 terrain world surfaces loaded
<20:01:15> Loading Particle Library: collisions
<20:01:15> Loading Particle Library: water
<20:01:15> Loading Particle Library: misc
<20:01:15> Loading Particle Library: ability_skill_table
<20:01:15> Loading Particle Library: ability_skill_table_k
<20:01:15> Loading Particle Library: abillity_skill_table_m
<20:01:15> Loading Particle Library: machinima
<20:01:16> Loading Particle Library: x2_effects
<20:01:16> Loading Particle Library: x2_effects_k
<20:01:16> [280A47E3] Precached total 2 materials
<20:01:16> [7B1A973B] seamless loading cell terrain(W0, 1), (L0, 0)
<20:01:16> [3EF08C47] seamless loading cell object(W0, 1), (L0, 0)
<20:01:16> [584C4FFD] [net 00:01:07.625]  dns ip:192.168.1.202
<20:01:16> [584C4FFD] [net 00:01:07.625]  dns ip:172.19.0.1
<20:01:16> [584C4FFD] [net 00:01:07.625]  dns ip:172.17.0.1
<20:01:16> [584C4FFD] [net 00:01:07.625]  dns ip:172.18.0.1
<20:01:16> [0DE3FA89][Error] CryAnimation: character-definition creation failed: game/objects/characters/elf/female/nude/el_f_kyprosa.cdf
<20:01:16> [13A58BA0][Error] CryAnimation: character-definition not found: game/objects/characters/elf/female/nude/el_f_kyprosa.cdf
<20:01:16> [4DD44108] Start DaruCommon Extension
<20:01:16> [1B425DA5] Duplicated post effect param! pszName = FilterMaskedBlurring_Amount
<20:01:16> [1B425DA5] Duplicated post effect param! pszName = FilterMaskedBlurring_MaskTexName
<20:01:16> [1B425DA5] Duplicated post effect param! pszName = FilterChromaShift_User_Amount
<20:01:16> [1B425DA5] Duplicated post effect param! pszName = FilterGrain_Amount
<20:01:16> [8F6BAA6C][Warning] Couldn't find console variable 'e_water_ocean_fft'
<20:01:16> [D2121932] Change resolution: 2560x1440x32 (Windowed)
<20:01:16> [583D6F38] Final resolution: 2560x1440x32 (Windowed)
<20:01:16> Loading Particle Library: wind
<20:01:16> Loading Particle Library: X2_EFFECT_O
<20:01:16> [000004EE][Warning] Particle effect not found: '                                                                ', from ParticleEffect fx_land_green
<20:01:16> [12409CCC] Load Zone Finished
<20:01:16> [A39C1725] Level System - Loading Complete
<20:01:16> [27293DED] -----------------------------------------------------
<20:01:16> [120C18F5] * LOADING: 'loginbg4' loading time: 1.45 seconds
<20:01:16> [27293DED] -----------------------------------------------------
<20:01:16> [000004EE][Warning] [Lua Error] no client player exists
<20:01:17> [A13C772D][Warning] Cannot load texture ui/font_color.g, Image file format is invalid [File=ui/font_color.g]
<20:01:17> [000FABC5][Warning] CAreaGrid::BeginAreas() called before being initialized.
<20:01:17> [000004EE][Warning] I3DEngine::RegisterEntity: entity reports invalid position: Name: LightEntityName (), Class: LightEntityClass, Pos=(515.8,6996.2,587.4), aabb center=(0.0,40.0,0.0)
<20:01:17> [9FC303B8][Error] [CVARS]: [DUPLICATE] CXConsole::RegisterFloat(): variable [ui_double_click_interval] is already registered
<20:01:17> [09F46B9D]     cl_fov = 90 []
<20:01:17> [09F46B9D]     camera_max_dist = 120 []
<20:01:17> [73861D69] Unknown command: name_tag_hp_width_on_bgmode 80
<20:01:17> [73861D69] Unknown command: name_tag_hp_height_on_bgmode 30
<20:01:17> [247165BA][Warning] Cannot load texture ui/login_stage/background/game_information.dds, file missing [File=ui/login_stage/background/game_information.dds]
<20:01:25> [11E02DA3][Warning] Cannot load texture textures/defaults/16_12.dds, file missing [File=textures/defaults/16_12.dds]
<20:01:26> [1D01FDCA] Auth: client connected to server
<20:01:26> [584C4FFD] [net 00:01:26.340]  socket ip:192.168.1.202
<20:01:26> [4C920A71] mac address : 74-56-3c-fe-52-f3
<20:01:27> [A13C772D][Warning] Cannot load texture ui/font_color.g, Image file format is invalid [File=ui/font_color.g]
<20:01:30> [584C4FFD] [net 00:01:30.561] connection requested to: 192.95.21.64:1239
<20:01:30> [4ABA7BDB] Auth: client disconnected (reason=0)
<20:01:30> [0F08E548] [NetConnection] connect completed (succeeded:true)
<20:01:30> [48F7BDF2] invalid world id in world queue packet
<20:01:30> [26623ECA] ucc info.. 0 0
<20:01:30> [B71BF2A9] remove ucc data.. version
<20:01:30> [4516816D] pay method: person
<20:01:30> [4AA30841] pay location: person
<20:01:30> [ADF1C07E] pay start: 1900-1-1 00:00:00
<20:01:30> [6486A277] pay end: 1900-1-1 00:00:00
<20:01:30> [FFF6198C] premium point: 0
<20:01:30> [481C0862] premium grade: premium_0
<20:01:30> [88D9AB0C] real pay time: 4608124035618832384
<20:01:30> [9FC303B8][Error] [CVARS]: [DUPLICATE] CXConsole::RegisterFloat(): variable [camera_max_dist] is already registered
<20:01:31> [34CCC219] stream: connected to world server
<20:01:31> [06A46B5B] stream: authorized by world server
<20:01:31> [4516816D] pay method: person
<20:01:31> [4AA30841] pay location: person
<20:01:31> [ADF1C07E] pay start: 1900-1-1 00:00:00
<20:01:31> [6486A277] pay end: 2037-12-31 16:00:00
<20:01:31> [FFF6198C] premium point: 0
<20:01:31> [481C0862] premium grade: premium_0
<20:01:31> [88D9AB0C] real pay time: -1
<20:01:31> [82321C2B][Warning] [net 00:01:31.331] [time] remote time estimation restarted; estimate accumulator age was 33352.425781
<20:01:33> [637AF710][Warning] missing chr material : game/objects/characters/warborn/female/parts/bo/obj/wa_f_bo_leather200.mtl (chr: game/objects/characters/warborn/female/parts/bo/obj/wa_f_1bf001_1bo201.chr)
<20:01:33> [000004EE][Warning] [Lua Error] no localized ui text for 18 always_refund
<20:01:33> [09F46B9D]     cl_fov = 90 []
<20:01:33> [09F46B9D]     camera_max_dist = 120 []
<20:01:33> [09F46B9D]     name_tag_hp_width_on_bgmode = 80 []
<20:01:33> [09F46B9D]     name_tag_hp_height_on_bgmode = 30 []
<20:01:33> [A13C772D][Warning] Cannot load texture ui/font_color.g, Image file format is invalid [File=ui/font_color.g]
<20:01:33> [06E6A3E9][Warning] Cannot load texture ui/login_stage/queue.dds, file missing [File=ui/login_stage/queue.dds]
<20:01:33> [000004EE][Warning] RenderMesh not assigned game/objects/box_nodraw.cgf
<20:01:36> [DA579B6C][Error] can't load client driven connect info.. Kompy
<20:01:41> [9FC303B8][Error] [CVARS]: [DUPLICATE] CXConsole::RegisterFloat(): variable [ui_double_click_interval] is already registered
<20:01:41> [000004EE][Warning] [Lua Error] no localized ui text for 18 always_refund
<20:01:41> [0DE3FA89][Error] CryAnimation: character-definition creation failed: game/objects/characters/returned/female/nude/re_f.cdf
<20:01:41> [6FF68EA5] SetInstantTime: type 0 time 0
<20:01:41> [6FF68EA5] SetInstantTime: type 1 time 0
<20:01:41> [6FF68EA5] SetInstantTime: type 2 time 0
<20:01:41> [6FF68EA5] SetInstantTime: type 3 time 0
<20:01:41> [6FF68EA5] SetInstantTime: type 4 time 0
<20:01:41> [6FF68EA5] SetInstantTime: type 5 time 0
<20:01:41> [6FF68EA5] SetInstantTime: type 6 time 0
<20:01:41> [6FF68EA5] SetInstantTime: type 7 time 0
<20:01:41> [82321C2B][Warning] [net 00:01:41.661] [time] remote time estimation restarted; estimate accumulator age was 2.473467
<20:01:41> [0E61BD35] ExpeditionMember 20 added
<20:01:41> [0E61BD35] ExpeditionMember 20 added
<20:01:41> [0E61BD35] ExpeditionMember 1 added
<20:01:41> [1EBA13B3][Warning] count not matched; total=59; size=41
<20:01:41> [966861E8][Warning] GetAllPolicies empty
<20:01:41> [67B7DD8A][Warning] my ExpeditionMemberDesc not exist
<20:01:41> [7AB931CE] seamless unloading cell object(W0, 0), (L0, 0)
<20:01:41> [4B1E8B22] unload cell object count : 1511
<20:01:41> [B866A294] seamless unloading cell terrain(W0, 0), (L0, 0)
<20:01:41> [963385F6] Level System - Loading Start
<20:01:41> [E0E0EDAE][Warning] failed to load zone time of day from game/worlds/main_world/zone/225//time_of_day.xml
<20:01:42> [AB17243B][Warning] failed to load zone environment from game/worlds/main_world/zone/309//env.xml
<20:01:42> [35D4413E][Warning] failed to load zone clouds from game/worlds/main_world/zone/309//clouds.xml
<20:01:42> [806B6F8D] precaching world entities ..
<20:01:42> [7E39E0DE] precaching world entities .. done!  total (1778) objects
<20:01:42> [D2B280D6] Vegetation Manager : Loading World(main_world)
<20:01:42> [075AB92F] Vegetation Manager : Loading World - Done (total 3055 vegetations)
<20:01:42> [000004EE][Error] CTerrain::LoadWorldSurfaces: Error loading material: materials/Terrain/gweonidforest/w_forest_road_a1
<20:01:42> [59CBED13][Warning] Cannot load texture textures/aa_terrain/canyon/tr_canyon_rock3d_405a_ddn.dds, file missing [File=textures/aa_terrain/canyon/tr_canyon_rock3d_405a_ddn.dds]
<20:01:42> [751FFB9E][Warning] Error: CShaderMan::mfCreateShaderResources: Couldn't find detail texture
'game/textures/aa_terrain/canyon/tr_canyon_rock_616a_ddn.tga' in path '' [File=game/textures/aa_terrain/canyon/tr_canyon_rock_616a_ddn.tga]
<20:01:42> [B9410AA1] total 600 terrain world surfaces loaded
<20:01:42> [280A47E3] Precached total 4 materials
<20:01:42> [7B1A973B] seamless loading cell terrain(W18, 5), (L4, 4)
<20:01:42> [7B1A973B] seamless loading cell terrain(W19, 5), (L5, 4)
<20:01:42> [7B1A973B] seamless loading cell terrain(W18, 4), (L4, 3)
<20:01:42> [7B1A973B] seamless loading cell terrain(W18, 6), (L4, 5)
<20:01:42> [7B1A973B] seamless loading cell terrain(W19, 4), (L5, 3)
<20:01:42> [7B1A973B] seamless loading cell terrain(W19, 6), (L5, 5)
<20:01:42> [7B1A973B] seamless loading cell terrain(W17, 5), (L3, 4)
<20:01:42> [7B1A973B] seamless loading cell terrain(W20, 5), (L6, 4)
<20:01:42> [7B1A973B] seamless loading cell terrain(W17, 4), (L3, 3)
<20:01:42> [7B1A973B] seamless loading cell terrain(W17, 6), (L3, 5)
<20:01:42> [7B1A973B] seamless loading cell terrain(W20, 4), (L6, 3)
<20:01:42> [7B1A973B] seamless loading cell terrain(W20, 6), (L6, 5)
<20:01:42> [7B1A973B] seamless loading cell terrain(W18, 3), (L4, 2)
<20:01:42> [7B1A973B] seamless loading cell terrain(W19, 3), (L5, 2)
<20:01:42> [7B1A973B] seamless loading cell terrain(W18, 7), (L4, 6)
<20:01:42> [7B1A973B] seamless loading cell terrain(W19, 7), (L5, 6)
<20:01:42> [7B1A973B] seamless loading cell terrain(W16, 5), (L2, 4)
<20:01:42> [7B1A973B] seamless loading cell terrain(W17, 3), (L3, 2)
<20:01:42> [7B1A973B] seamless loading cell terrain(W17, 7), (L3, 6)
<20:01:42> [7B1A973B] seamless loading cell terrain(W16, 4), (L2, 3)
<20:01:42> [7B1A973B] seamless loading cell terrain(W20, 3), (L6, 2)
<20:01:42> [7B1A973B] seamless loading cell terrain(W16, 6), (L2, 5)
<20:01:42> [7B1A973B] seamless loading cell terrain(W20, 7), (L6, 6)
<20:01:42> [7B1A973B] seamless loading cell terrain(W21, 5), (L7, 4)
<20:01:42> [7B1A973B] seamless loading cell terrain(W21, 4), (L7, 3)
<20:01:42> [7B1A973B] seamless loading cell terrain(W21, 6), (L7, 5)
<20:01:42> [7B1A973B] seamless loading cell terrain(W18, 2), (L4, 1)
<20:01:42> [7B1A973B] seamless loading cell terrain(W19, 2), (L5, 1)
<20:01:42> [7B1A973B] seamless loading cell terrain(W16, 3), (L2, 2)
<20:01:42> [7B1A973B] seamless loading cell terrain(W18, 8), (L4, 7)
<20:01:42> [7B1A973B] seamless loading cell terrain(W19, 8), (L5, 7)
<20:01:42> [7B1A973B] seamless loading cell terrain(W16, 7), (L2, 6)
<20:01:42> [7B1A973B] seamless loading cell terrain(W17, 2), (L3, 1)
<20:01:42> [7B1A973B] seamless loading cell terrain(W21, 3), (L7, 2)
<20:01:42> [7B1A973B] seamless loading cell terrain(W17, 8), (L3, 7)
<20:01:42> [7B1A973B] seamless loading cell terrain(W21, 7), (L7, 6)
<20:01:42> [7B1A973B] seamless loading cell terrain(W15, 5), (L1, 4)
<20:01:42> [7B1A973B] seamless loading cell terrain(W20, 2), (L6, 1)
<20:01:42> [7B1A973B] seamless loading cell terrain(W20, 8), (L6, 7)
<20:01:42> [7B1A973B] seamless loading cell terrain(W15, 4), (L1, 3)
<20:01:42> [7B1A973B] seamless loading cell terrain(W15, 6), (L1, 5)
<20:01:42> [7B1A973B] seamless loading cell terrain(W16, 2), (L2, 1)
<20:01:42> [7B1A973B] seamless loading cell terrain(W16, 8), (L2, 7)
<20:01:42> [7B1A973B] seamless loading cell terrain(W15, 3), (L1, 2)
<20:01:42> [7B1A973B] seamless loading cell terrain(W15, 7), (L1, 6)
<20:01:42> [7B1A973B] seamless loading cell terrain(W21, 2), (L7, 1)
<20:01:42> [7B1A973B] seamless loading cell terrain(W18, 1), (L4, 0)
<20:01:42> [7B1A973B] seamless loading cell terrain(W19, 1), (L5, 0)
<20:01:42> [3EF08C47] seamless loading cell object(W18, 5), (L4, 4)
<20:01:43> [000004EE][Warning] [CGF Error] game/objects/env/02_harihara/04_su/su_incinerator_tower_b.cgf [:] LOD1 of geometry  contains too many polygons comparing to the LOD0 [742 against 1060] :
<20:01:43> [745BAE2F][Warning] failed to stream material xml(Default.mtl)
<20:01:43> [3EF08C47] seamless loading cell object(W19, 5), (L5, 4)
<20:01:43> [3EF08C47] seamless loading cell object(W18, 4), (L4, 3)
<20:01:43> [637AF710][Warning] missing chr material : game/objects/env/06_unit/01_ship/w_middleship/galleon_01.mtl (chr: game/objects/env/06_unit/01_ship/w_middleship/w_middleship_sail_a.chr)
<20:01:43> [3EF08C47] seamless loading cell object(W18, 6), (L4, 5)
<20:01:43> [000004EE][Warning] [CGF Error] game/objects/env/02_harihara/001_hcom/hcom_cart_b.cgf [:] LOD1 of geometry hcom_cart_b contains too many polygons comparing to the LOD0 [770 against 1114] :
<20:01:43> [3EF08C47] seamless loading cell object(W19, 4), (L5, 3)
<20:01:43> [3EF08C47] seamless loading cell object(W19, 6), (L5, 5)
<20:01:43> [A5DDEC33][Warning] Warning: CShaderMan::mfForName: NULL name
<20:01:43> [000004EE][Warning] [CGF Error] game/objects/env/02_harihara/03_ti/ti_factorymain_a.cga [:] Invalid BBox : has Invalid BBox node(Object32)
<20:01:43> [000004EE][Warning] [CGF Error] game/objects/env/02_harihara/03_ti/ti_factorymain_a.cga [:] Duplicate LOD helper $lod1 factorymain_a_wing02
<20:01:43> [3EF08C47] seamless loading cell object(W17, 5), (L3, 4)
<20:01:43> [3EF08C47] seamless loading cell object(W20, 5), (L6, 4)
<20:01:43> Loading Particle Library: X2_EFFECTS_P
<20:01:43> [000004EE][Warning] [CGF Error] game/objects/env/01_nuia/001_housing/housing_guild/nuia_h_guild_door_b_back.cga [:] non-uniform scale(1.00, 1.39, 1.00) at node(nuia_h_guild_door_b01_back)
<20:01:43> Loading Particle Library: x2_sounds
<20:01:43> [3EF08C47] seamless loading cell object(W17, 4), (L3, 3)
<20:01:43> [3EF08C47] seamless loading cell object(W17, 6), (L3, 5)
<20:01:43> [3EF08C47] seamless loading cell object(W20, 4), (L6, 3)
<20:01:43> [3EF08C47] seamless loading cell object(W20, 6), (L6, 5)
<20:01:43> [3EF08C47] seamless loading cell object(W18, 3), (L4, 2)
<20:01:43> [3EF08C47] seamless loading cell object(W19, 3), (L5, 2)
<20:01:43> [3EF08C47] seamless loading cell object(W18, 7), (L4, 6)
<20:01:44> [3EF08C47] seamless loading cell object(W19, 7), (L5, 6)
<20:01:44> [CE0EF930][Warning] failed to stream cgf : objects/env/05_nature/08_cry_source/rocks/road_rocks/road_rocks_flat_grey_a.cgf
<20:01:44> [3EF08C47] seamless loading cell object(W16, 5), (L2, 4)
<20:01:44> [3EF08C47] seamless loading cell object(W17, 3), (L3, 2)
<20:01:44> [3EF08C47] seamless loading cell object(W17, 7), (L3, 6)
<20:01:44> [3EF08C47] seamless loading cell object(W16, 4), (L2, 3)
<20:01:44> [3EF08C47] seamless loading cell object(W20, 3), (L6, 2)
<20:01:44> [3EF08C47] seamless loading cell object(W16, 6), (L2, 5)
<20:01:44> [12409CCC] Load Zone Finished
<20:01:44> [000004EE][Warning] I3DEngine::RegisterEntity: entity reports invalid position: Name: LightEntityName (), Class: LightEntityClass, Pos=(6411.5,2342.7,2816.1), aabb center=(142.0,1019.8,-2.3)
<20:01:44> [188BF914][Warning] [EntityLoader] invalid entity pos(1172.249, 2147.883, 0.000) name(AAC_Mahadevi_Ext_1)
<20:01:44> [82321C2B][Warning] [net 00:01:44.359] [time] remote time estimation restarted; estimate accumulator age was 2.630195
<20:01:44> [C5B7BE3D][Warning] Failed to initialize Irradiance Volume: Insufficient video memory
<20:01:44> [BCCDC555][Warning] MakeSprite - too many sprite update (10). dropping.. (sprites : 25)
<20:01:44> [5CE4EF2C][Warning] failed to load particle lib from (Libs/Particles/game/abillity_skill_table_m.xml)
<20:01:44> [000004EE][Warning] Particle effect not found: 'game/abillity_skill_table_m.wild.shock_form2', from unknown 
<20:01:44> [2BFDEC33][Error] realstep 8, not match unit req
<20:01:44> [A39C1725] Level System - Loading Complete
<20:01:44> [9BE3F673] total 0 CGF files are precached
<20:01:45> [27293DED] -----------------------------------------------------
<20:01:45> [120C18F5] * LOADING: 'e_sunny_wilderness_1' loading time: 4.15 seconds
<20:01:45> [27293DED] -----------------------------------------------------
<20:01:46> [BD8C448A][Warning] Cannot load texture game/objects/characters/warborn/male/nude/wa_m_nude_ddn.dds, file missing [File=game/objects/characters/warborn/male/nude/wa_m_nude_ddn.dds]
<20:01:47> [745BAE2F][Warning] failed to stream material xml(game/objects/env/01_nuia/001_ndeco/making/ndeco_making_rock01_second.mtl)
<20:01:48> [A4D70365][Warning] rigid-body own-entity; prefab=Prefabs/interaction.xml/toy.crane node=AnimObject_1
<20:01:48> [48F1D8BC][Warning] Error: CShaderMan::mfCreateShaderResources: Couldn't find subsurface texture 'game/objects/characters/animals/pangolin_baby/pangolin_red_baby/pangolin_red_baby_sss.dds' in path '' [File=game/objects/characters/animals/pangolin_baby/pangolin_red_baby/pangolin_red_baby_sss.dds]
<20:01:48> [62232BEA][Warning] deferred xml stream error - game/animations/animals/pangolin_baby/lmg_files/normal_run.lmg : f0000003
<20:01:48> [09F46B9D]     cl_fov = 90 []
<20:01:48> [09F46B9D]     camera_max_dist = 120 []
<20:01:48> [09F46B9D]     name_tag_hp_width_on_bgmode = 80 []
<20:01:48> [09F46B9D]     name_tag_hp_height_on_bgmode = 30 []
<20:01:48> [000004EE][Warning] [Lua Error] Failed to load script file scriptsbin/x2ui/assignment/form.alb
<20:01:48> [A13C772D][Warning] Cannot load texture ui/font_color.g, Image file format is invalid [File=ui/font_color.g]
<20:01:48> [B5A61D8F] Chat Channel(0) Color is not found.
<20:01:48> [000004EE][Warning] [Lua Error] ...ts/x2ui/loginstage/character_create/locale/en_us.lua:524: attempt to index a nil value
<20:01:48> [58F3F7FF][Warning] <null>:0: [Lua Error] Failed to execute file @game/scriptsbin/x2ui/loginstage/character_create/locale/en_us.alb
<20:01:49> [000004EE][Warning] [Lua] invalid style type...  / brown
<20:01:49> [CE0EF930][Warning] failed to stream cgf : default
<20:01:49> [A5DDEC33][Warning] Warning: CShaderMan::mfForName: NULL name
<20:01:53> [000004EE][Warning] [CGF Error] game/objects/env/01_nuia/001_ndeco/making/ndeco_powerfulmaking.cga [:] LOD1 of geometry parts01 contains too many polygons comparing to the LOD0 [1592 against 1130] :
<20:01:53> Loading Particle Library: collisions_m
<20:01:53> [CA175C82][Warning] non-stream IO. system(Material), filePath(game/materials/decals/footstep_sand.mtl)
<20:02:03> [82321C2B][Warning] [net 00:02:03.709] [time] remote time estimation restarted; estimate accumulator age was 10.008686
