[801989E0] BackupNameAttachment=" Build(0) Date(13 September 2025) Time(12 46 56)"  -- used by backup system
[00000020]  
[38F38F32] Log Started at #c
[0232BD25] Running 32 bit version
[7AB6F5FE] Executable: C:\Games\AAClassic\bin32\archeage.exe
[E5C771AC] FileVersion: 3.5.0.0
[F799D55F] ProductVersion: 3.5.3.0
[1F1D6B13] Using Microsoft (tm) C++ Standard Library implementation
[00000020]  
[C7D96C80] Revision: 350000
[00000020]  
[64533E3E] this is the first client
<12:47:03> [B9197FD5][Error] ConsoleVariableGroup[option_effect] key[e_particles_lod_onoff] has no default
<12:47:03> [76666E6D] 
--- CPU detection ---
<12:47:03> [F4D992D8] CPU: AMD AMD Ryzen 7 7800X3D 8-Core Processor           
<12:47:03> [3F649B02] Family: 15, Model: 1, Stepping: 2
<12:47:03> [83D12E0B] FPU: On-Chip
<12:47:03> [50919DA0] CPU Speed (estimated): 4191.741396 MHz
<12:47:03> [C73FD83A] MMX: not present
<12:47:03> [89D1077A] SSE: present
<12:47:03> [64E2B6F1] 3DNow!: present
<12:47:03> [27B7AC6E] Serial number not present or disabled
<12:47:03> [1D2D8E5B] Number of logical processors: 16
<12:47:03> [FA658084] Number of available logical processors: 16
<12:47:03> [A1F061C2] Invariant Time Stamp Counter : yes
<12:47:03> [FA0251ED] ---------------------

<12:47:03> [03E7D838] Device Info
<12:47:03> [9F603516] Device Info - 1
<12:47:03> [9F603517] Device Info - 2
<12:47:03> [9F603518] Device Info - 3
<12:47:03> [9F603519] Device Info - 4
<12:47:03> [9F60351A] Device Info - 5
<12:47:03> [9F60351B] Device Info - 6
<12:47:03> [9F60351C] Device Info - 7
<12:47:03> [E98ECC28] Video Memory Info
<12:47:03> [D5FBE664] Video Memory - 1
<12:47:03> [D5FBE665] Video Memory - 2
<12:47:03> [D5FBE666] Video Memory - 3
<12:47:03> [D5FBE667] Video Memory - 4
<12:47:03> [D5FBE668] Video Memory - 5
<12:47:03> [D5FBE669] Video Memory - 6
<12:47:03> [D5FBE66A] Video Memory - 7
<12:47:03> [D5FBE66B] Video Memory - 8
<12:47:03> [3A4D54A2][Warning] config/gpu/amd.txt line 55 contains a multiple defined GPU rating!
<12:47:03> [D20872C0] InitThreadAffinities
<12:47:03> [2F28A434] UpdateMainThreadAffinity
<12:47:03> [16962512] Windows 8 64 bit (build 6.2.9200)
<12:47:03> [38DFF081] System language: English
<12:47:03> [861A0178] Windows Directory: "C:\windows"
<12:47:03> [341B54F1] Prerequisites...
<12:47:03> [5D1B3C9C] * Installation of KB940105 hotfix required: no! (either not needed or already installed)
<12:47:03> [962FA5C4] Local time is 12:47:03 09/13/25, system running for 191 minutes
<12:47:03> [98614D2B] 63426MB physical memory installed, 23800MB available, 4095MB virtual memory installed, 62 percent of memory in use
<12:47:03> [31259232] PageFile usage: 
<12:47:03> [453F0D1B] Current display mode is 2560x1440x32
<12:47:03> [8A64FCCC] IBM enhanced (101/102-key) keyboard and 3+ button mouse installed
<12:47:03> [CE30556B] ----- GPU Detection -----------------
<12:47:03> [03E7D838] Device Info
<12:47:03> [9F603516] Device Info - 1
<12:47:03> [9F603517] Device Info - 2
<12:47:03> [9F603518] Device Info - 3
<12:47:03> [9F603519] Device Info - 4
<12:47:03> [9F60351A] Device Info - 5
<12:47:03> [9F60351B] Device Info - 6
<12:47:03> [9F60351C] Device Info - 7
<12:47:03> [E98ECC28] Video Memory Info
<12:47:03> [D5FBE664] Video Memory - 1
<12:47:03> [D5FBE665] Video Memory - 2
<12:47:03> [D5FBE666] Video Memory - 3
<12:47:03> [D5FBE667] Video Memory - 4
<12:47:03> [D5FBE668] Video Memory - 5
<12:47:03> [D5FBE669] Video Memory - 6
<12:47:03> [D5FBE66A] Video Memory - 7
<12:47:03> [D5FBE66B] Video Memory - 8
<12:47:03> [99EA404A]  AMD Radeon RX 7800 XT (RADV NAVI32) (vendor = 0x1002, device = 0x747e, subSys = 0x00000000)
<12:47:03> [77718B6A] -- Video memory: 4081 MB
<12:47:03> [30DF1863] -- Minimum SM 2.0 support: yes
<12:47:03> [13E11956] -- DX11 supported: yes
<12:47:03> [50B60100] --------------------------------------------------------------------------------
<12:47:03> [5921EDBE] Stream Engine Initialization
<12:47:03> [BA0D559B] Splash: Initializing Stream Engine...
<12:47:03> [939F6EBB] Enable Resolutions : 0
<12:47:03> [A30A84B6] can't enum display resolution modes
<12:47:03> [B324CD25] Screen Resolution - 1024x768
<12:47:03> [3778EA0B] Screen Resolution - 2 (1920x1080)
<12:47:03> [A1B107F0] Screen Resolution - Test OK (1920x1080)
<12:47:04> [A9E4B0F2] Network initialization
<12:47:04> [BA0D559B] Splash: Initializing Network System...
<12:47:04> [14FAD233] Socket I/O by iocp
<12:47:04> [E36A4FB9] Physics initialization
<12:47:04> [BA0D559B] Splash: Initializing Physics...
<12:47:04> [2462D581] MovieSystem initialization
<12:47:04> [BA0D559B] Splash: Initializing Movie System...
<12:47:04> [93287AEC] Renderer initialization - Start
<12:47:04> [BA0D559B] Splash: Initializing Renderer...
<12:47:04> [91207680] Renderer initialization - Open
<12:47:04> [4377E7CB] Renderer initialization - DLL Load(CryRenderD3D9.dll)
<12:47:04> [71203A94] Renderer initialization - DLL Done
<12:47:04> [71227C22] Renderer initialization - DLL Init
<12:47:04> [C653D9CB] Renderer initialization - Instance
<12:47:04> [44D9754D] D3D Adapter: Driver name: aticfx32.dll
<12:47:04> [82BE8322] D3D Adapter: Driver description: AMD Radeon RX 7800 XT (RADV NAVI32)
<12:47:04> [2224501A] D3D Adapter: Driver version: 32767.65535.65535.65535
<12:47:04> [E8D1E30D] D3D Adapter: Driver GUID: 00000000-0003-0000-0000000000000000
<12:47:04> [BC8C1ACB] D3D Adapter: VendorId = 0x1002
<12:47:04> [B6A10CFD] D3D Adapter: DeviceId = 0x747E
<12:47:04> [0678E702] D3D Adapter: SubSysId = 0x00000000
<12:47:04> [F2243F0E] D3D Adapter: Revision = 0
<12:47:04> [E571CFEE] Shader manager initialization
<12:47:05> [05BAAEF6] CResFile allocations incurred by user cache preload: (16740.67k)
<12:47:05> [911B73B8] Renderer initialization - Done
<12:47:05> [8E444EA9] Console initialization
<12:47:05> [2904A233] Time initialization
<12:47:05> [3650CFD6] Input initialization
<12:47:05> [BA0D559B] Splash: Initializing Input System...
<12:47:05> Initializing Keyboard
<12:47:05> [99640BF1] Sound initialization
<12:47:05> [BA0D559B] Splash: Initializing Sound System...
<12:47:05> [2C33885C] Sound - Initializing AudioDevice now!
<12:47:05> [E46760A9] <Sound> Initialize FMOD with dynamic memory callbacks
<12:47:06> [D6755BFD] <Sound> Starting to initialize Windows Audio Session API output! 
<12:47:06> [F7E8E3CD] <Sound> Drivers found: 5
<12:47:06> [5076AD4B] <Sound> Available drivers:
	1.	PulseAudio Output (PulseAudio Output)
	2.	Blue Microphones Analog Stereo (Blue Microphones Analog Stereo)
	3.	Wireless Controller (Wireless Controller)
	4.	Navi 31 HDMI/DP Audio Digital Stereo (HDMI) (Navi 31 HDMI/DP Audio Digital Stereo (HDMI))
	5.	Family 17h/19h/1ah HD Audio Controller Analog Stereo (Family 17h/19h/1ah HD Audio Controller Analog Stereo)
<12:47:06> [A0BBF7E1] <Sound> FmodEx-AudioDevice: Now running on driver: PulseAudio Output (PulseAudio Output)
<12:47:06> [14D8EFE1] <Sound> Using speaker mode: FMOD_SPEAKERMODE_STEREO
<12:47:06> [E79C27E5] <Sound> Initializing FMOD-EX now!
<12:47:06> [E2A9FE08] <Sound> Available record drivers: 0 PulseAudio Input (PulseAudio Input) !
<12:47:06> [E2A9FE08] <Sound> Available record drivers: 1 Family 17h/19h/1ah HD Audio Controller Analog Stereo (Family 17h/19h/1ah HD Audio Controller Analog Stereo) !
<12:47:06> [E2A9FE08] <Sound> Available record drivers: 2 Wireless Controller (Wireless Controller) !
<12:47:06> [E2A9FE08] <Sound> Available record drivers: 3 Blue Microphones Analog Stereo (Blue Microphones Analog Stereo) !
<12:47:06> [E2A9FE08] <Sound> Available record drivers: 4 Monitor of Family 17h/19h/1ah HD Audio Controller (Monitor of Family 17h/19h/1ah HD Audio Controller) !
<12:47:06> [E2A9FE08] <Sound> Available record drivers: 5 Monitor of Blue Microphones Analog Stereo (Monitor of Blue Microphones Analog Stereo) !
<12:47:06> [E2A9FE08] <Sound> Available record drivers: 6 Wireless Controller (Wireless Controller) !
<12:47:06> [E2A9FE08] <Sound> Available record drivers: 7 Monitor of Navi 31 HDMI/DP Audio Digital Stereo (HDMI) (Monitor of Navi 31 HDMI/DP Audio Digital Stereo (HDMI)) !
<12:47:06> [6841BE38] <Sound> Record config is set to autodetect using record driver 0
<12:47:06> [7808B4C4] <Sound> Using FMOD version: 00044414 and internal 00044414!
<12:47:06> [2A2815C7] <Sound> Initialized FMOD-EX
<12:47:07> [BE4EF52E] Sound - Initializing SoundSystem now!
<12:47:07> [0D547471] Font initialization
<12:47:07> [BA0D559B] Splash: Initializing Fonts...
<12:47:07> [C194F7C8][Warning] Cannot load texture textures/defaults/replacemecm.tif, file missing [File=textures/defaults/replacemecm.dds]
<12:47:07> [84206398] AI initialization
<12:47:07> [1BC221DE] Initializing Animation System
<12:47:07> [BA0D559B] Splash: Initializing Animation System...
<12:47:07> [9E592EFE] Initializing 3D Engine
<12:47:07> [BA0D559B] Splash: Initializing 3D Engine...
<12:47:08> [637AF710][Warning] missing chr material : game/objects/characters/ferre/female/nude/Standard_22.mtl (chr: game/objects/characters/ferre/female/nude/fe_f_base.chr)
<12:47:08> [91F5AEEC][Warning] number of bones mismatch! game/objects/characters/ferre/female/nude/fe_f_base.chr=195 game/objects/characters/ferre/female/nude/fe_f_base_lod1.chr=185
<12:47:09> [7415A452] CHR PreCaching 25 Done
<12:47:09> [E7AD4E53] AddSharedMorphTargets - Failed to load objects/characters/dwarf/male/face/dw_m_face00.chr
<12:47:09> [61AD1790] MorphTargetPreCaching - objects/characters/dwarf/male/face/dw_m_face00.chr Add Failed
<12:47:09> [A4A6E4C6] MorphTarget PreCaching 11 Done
<12:47:09> [5ACB40E2] Init Face Makers
<12:47:09> [56B5985B] X2FaceMaker - game/objects/characters/nuian/male/face/nu_m_face01_mid.chr : mouth_UnderbiteOverbite target not exist
<12:47:09> [56B5985B] X2FaceMaker - game/objects/characters/nuian/male/face/nu_m_face01_mid.chr : mouth_UnderbiteOverbite target not exist
<12:47:09> [56B5985B] X2FaceMaker - game/objects/characters/nuian/male/face/nu_m_face01_mid.chr : mouth_UnderbiteOverbite target not exist
<12:47:09> [4ABB03EB] game/objects/characters/ferre/female/face/fe_f_face01_low.chr(303) - objects/characters/ferre/female/face/fe_f_face00.chr(3063) SharedMorph is not matched
<12:47:09> [56B5985B] X2FaceMaker - game/objects/characters/nuian/male/face/nu_m_face01_mid.chr : mouth_UnderbiteOverbite target not exist
<12:47:09> [56B5985B] X2FaceMaker - game/objects/characters/nuian/male/face/nu_m_face01_mid.chr : nose_dw_SeptumVol target not exist
<12:47:09> [56B5985B] X2FaceMaker - game/objects/characters/nuian/male/face/nu_m_face01_mid.chr : nose_dw_NasalZposition target not exist
<12:47:09> [56B5985B] X2FaceMaker - game/objects/characters/nuian/male/face/nu_m_face01_mid.chr : FS_dwEarSize target not exist
<12:47:09> [56B5985B] X2FaceMaker - game/objects/characters/nuian/male/face/nu_m_face01_mid.chr : dwarf_Morph target not exist
<12:47:09> [56B5985B] X2FaceMaker - game/objects/characters/nuian/male/face/nu_m_face01_mid.chr : FS_dw_CheekMeat_min target not exist
<12:47:09> [1191A6A8] X2FaceMaker - game/objects/characters/nuian/male/face/nu_m_face01_mid.chr : FS_dw_CheekMeat_max ex target not exist
<12:47:09> [56B5985B] X2FaceMaker - game/objects/characters/warborn/male/face/wa_m_face01_mid.chr : eye_Forehead target not exist
<12:47:09> [56B5985B] X2FaceMaker - game/objects/characters/warborn/male/face/wa_m_face01_mid.chr : eye_Tail_min target not exist
<12:47:09> [1191A6A8] X2FaceMaker - game/objects/characters/warborn/male/face/wa_m_face01_mid.chr : eye_Tail_max ex target not exist
<12:47:09> [56B5985B] X2FaceMaker - game/objects/characters/warborn/male/face/wa_m_face01_mid.chr : eye_WidthLength_min target not exist
<12:47:09> [1191A6A8] X2FaceMaker - game/objects/characters/warborn/male/face/wa_m_face01_mid.chr : eye_WidthLength_max ex target not exist
<12:47:09> [56B5985B] X2FaceMaker - game/objects/characters/warborn/male/face/wa_m_face01_mid.chr : eye_DoubleEyelidShape target not exist
<12:47:09> [56B5985B] X2FaceMaker - game/objects/characters/warborn/male/face/wa_m_face01_mid.chr : eye_BrowXposition target not exist
<12:47:09> [56B5985B] X2FaceMaker - game/objects/characters/warborn/male/face/wa_m_face01_mid.chr : eye_BrowZposition target not exist
<12:47:09> [56B5985B] X2FaceMaker - game/objects/characters/warborn/male/face/wa_m_face01_mid.chr : nose_Nostril target not exist
<12:47:09> [56B5985B] X2FaceMaker - game/objects/characters/warborn/male/face/wa_m_face01_mid.chr : nose_Size target not exist
<12:47:09> [56B5985B] X2FaceMaker - game/objects/characters/warborn/male/face/wa_m_face01_mid.chr : nose_SeptumZposition target not exist
<12:47:09> [56B5985B] X2FaceMaker - game/objects/characters/warborn/male/face/wa_m_face01_mid.chr : nose_End target not exist
<12:47:09> [56B5985B] X2FaceMaker - game/objects/characters/warborn/male/face/wa_m_face01_mid.chr : nose_Size target not exist
<12:47:09> [56B5985B] X2FaceMaker - game/objects/characters/warborn/male/face/wa_m_face01_mid.chr : mouth_UpperLipVolume target not exist
<12:47:09> [56B5985B] X2FaceMaker - game/objects/characters/warborn/male/face/wa_m_face01_mid.chr : mouth_LowerLipVolume target not exist
<12:47:09> [56B5985B] X2FaceMaker - game/objects/characters/warborn/male/face/wa_m_face01_mid.chr : mouth_UpperLipOpen target not exist
<12:47:09> [56B5985B] X2FaceMaker - game/objects/characters/warborn/male/face/wa_m_face01_mid.chr : mouth_LowerLipOpen target not exist
<12:47:09> [56B5985B] X2FaceMaker - game/objects/characters/warborn/male/face/wa_m_face01_mid.chr : mouth_MouthOpen target not exist
<12:47:09> [56B5985B] X2FaceMaker - game/objects/characters/warborn/male/face/wa_m_face01_mid.chr : mouth_Size target not exist
<12:47:09> [56B5985B] X2FaceMaker - game/objects/characters/warborn/male/face/wa_m_face01_mid.chr : mouth_Shape_min target not exist
<12:47:09> [1191A6A8] X2FaceMaker - game/objects/characters/warborn/male/face/wa_m_face01_mid.chr : mouth_Shape_max ex target not exist
<12:47:09> [56B5985B] X2FaceMaker - game/objects/characters/warborn/male/face/wa_m_face01_mid.chr : mouth_TeethZposition target not exist
<12:47:09> [56B5985B] X2FaceMaker - game/objects/characters/warborn/male/face/wa_m_face01_mid.chr : FS_JawHigh_min target not exist
<12:47:09> [1191A6A8] X2FaceMaker - game/objects/characters/warborn/male/face/wa_m_face01_mid.chr : FS_JawHigh_max ex target not exist
<12:47:09> [56B5985B] X2FaceMaker - game/objects/characters/warborn/male/face/wa_m_face01_mid.chr : FS_EarRotate_min target not exist
<12:47:09> [1191A6A8] X2FaceMaker - game/objects/characters/warborn/male/face/wa_m_face01_mid.chr : FS_EarRotate_max ex target not exist
<12:47:09> [56B5985B] X2FaceMaker - game/objects/characters/warborn/male/face/wa_m_face01_mid.chr : FS_Beard1 target not exist
<12:47:09> [56B5985B] X2FaceMaker - game/objects/characters/warborn/male/face/wa_m_face01_mid.chr : FS_Beard2 target not exist
<12:47:09> [56B5985B] X2FaceMaker - game/objects/characters/warborn/male/face/wa_m_face01_mid.chr : FS_Beard3 target not exist
<12:47:09> [56B5985B] X2FaceMaker - game/objects/characters/warborn/female/face/wa_f_face01_mid.chr : eye_Yposition_min target not exist
<12:47:09> [1191A6A8] X2FaceMaker - game/objects/characters/warborn/female/face/wa_f_face01_mid.chr : eye_Yposition_max ex target not exist
<12:47:09> [56B5985B] X2FaceMaker - game/objects/characters/warborn/female/face/wa_f_face01_mid.chr : FS_AllLowerY target not exist
<12:47:09> [56B5985B] X2FaceMaker - game/objects/characters/warborn/female/face/wa_f_face01_mid.chr : FS_AllRotate target not exist
<12:47:09> [56B5985B] X2FaceMaker - game/objects/characters/warborn/female/face/wa_f_face01_mid.chr : FS_AllY target not exist
<12:47:09> [56B5985B] X2FaceMaker - game/objects/characters/warborn/female/face/wa_f_face01_mid.chr : mouth_Open_min target not exist
<12:47:09> [1191A6A8] X2FaceMaker - game/objects/characters/warborn/female/face/wa_f_face01_mid.chr : mouth_Open_max ex target not exist
<12:47:09> [E320B5CE] Init Face Makers - Done!
<12:47:09> [581CA53C] Script System Initialization
<12:47:09> [BA0D559B] Splash: Initializing Script System...
<12:47:09> [000004EE][Warning] [Lua Error] 1_3_0/scripts/common.lua:276: attempt to index global 'Script' (a nil value)
<12:47:09> [58F3F7FF][Warning] <null>:0: [Lua Error] Failed to execute file @game/scriptsbin/common.alb
<12:47:09> [D8B2BA54] Entity system initialization
<12:47:09> [BA0D559B] Splash: Initializing Entity System...
<12:47:09> [D55F91B2][Warning] [CEntityClassRegistry] LoadClassDescription failed, Entity Class name Chick already registered
<12:47:09> [BA0D559B] Splash: Initializing AI System...
<12:47:09> [DA019954] Initializing AI System
<12:47:09> [2546BCC5] Initializing Budgeting System
<12:47:09> [C0E19025] Initializing Seamless System
<12:47:10> [BA0D559B] Splash: Loading Game Data...
<12:47:11> [90B8EC50][Warning] too many ranges: aoe_shapes descs 10156(10156) threshold 100 ranges 12
<12:47:12> [BA4AD6CE] Loading portal list
<12:47:12> [92597454] Portal added, enter: 3891, exit: 6629
<12:47:12> [92597454] Portal added, enter: 21448, exit: 21449
<12:47:12> [92597454] Portal added, enter: 21450, exit: 21451
<12:47:12> [92597454] Portal added, enter: 21452, exit: 21453
<12:47:12> [92597454] Portal added, enter: 21698, exit: 21699
<12:47:12> [92597454] Portal added, enter: 22023, exit: 22024
<12:47:12> [92597454] Portal added, enter: 22042, exit: 22066
<12:47:12> [92597454] Portal added, enter: 22136, exit: 22137
<12:47:12> [92597454] Portal added, enter: 22163, exit: 22164
<12:47:12> [92597454] Portal added, enter: 22184, exit: 22185
<12:47:12> [92597454] Portal added, enter: 22336, exit: 22337
<12:47:12> [92597454] Portal added, enter: 9000063, exit: 9000064
<12:47:12> [1C664009] End loading portal list
<12:47:12> [937812F7] loaded DDCMS (1396969 descs, 719156 links (17 page 16.95MB size) string) from game\db\compact.sqlite3 in 1376 ms
<12:47:12> [BA0D559B] Splash: Initializing Game System...
<12:47:12> [000004EE][Warning] [Lua Error] no localized ui text for 18 always_refund
<12:47:13> [0ADE3294][Warning] [MFX] Effect 'collisions:grenade' already present. Overriding.
<12:47:13> [311630D1][Warning] MFX WARNING: Material not found: mat_ice_breakable
<12:47:13>  
<12:47:13>    sys_spec = Custom (assuming 4)
<12:47:13>      option_anti_aliasing = 2 expected:3
<12:47:13>  
<12:47:13> [BA0D559B] Splash: Preparing Screen...
<12:47:13> [3778EA0B] Screen Resolution - 2 (1920x1080)
<12:47:13> [A1B107F0] Screen Resolution - Test OK (1920x1080)
<12:47:13> [963385F6] Level System - Loading Start
<12:47:13> [D2121932] Change resolution: 2560x1440x32 (Windowed)
<12:47:13> [583D6F38] Final resolution: 2560x1440x32 (Windowed)
<12:47:13> [806B6F8D] precaching world entities ..
<12:47:13> [7E39E0DE] precaching world entities .. done!  total (0) objects
<12:47:13> [D2B280D6] Vegetation Manager : Loading World(login2)
<12:47:13> [075AB92F] Vegetation Manager : Loading World - Done (total 36 vegetations)
<12:47:13> [B9410AA1] total 20 terrain world surfaces loaded
<12:47:13> Loading Particle Library: collisions
<12:47:13> Loading Particle Library: water
<12:47:13> Loading Particle Library: misc
<12:47:14> Loading Particle Library: ability_skill_table
<12:47:14> Loading Particle Library: ability_skill_table_k
<12:47:14> Loading Particle Library: abillity_skill_table_m
<12:47:14> Loading Particle Library: machinima
<12:47:14> Loading Particle Library: x2_effects
<12:47:14> Loading Particle Library: x2_effects_k
<12:47:14> [280A47E3] Precached total 2 materials
<12:47:14> [7B1A973B] seamless loading cell terrain(W0, 1), (L0, 0)
<12:47:15> [3EF08C47] seamless loading cell object(W0, 1), (L0, 0)
<12:47:15> [584C4FFD] [net 16:47:04.195]  dns ip:192.168.1.202
<12:47:15> [584C4FFD] [net 16:47:04.195]  dns ip:172.19.0.1
<12:47:15> [584C4FFD] [net 16:47:04.195]  dns ip:172.17.0.1
<12:47:15> [584C4FFD] [net 16:47:04.195]  dns ip:172.18.0.1
<12:47:15> [0DE3FA89][Error] CryAnimation: character-definition creation failed: game/objects/characters/elf/female/nude/el_f_kyprosa.cdf
<12:47:15> [13A58BA0][Error] CryAnimation: character-definition not found: game/objects/characters/elf/female/nude/el_f_kyprosa.cdf
<12:47:15> [4DD44108] Start DaruCommon Extension
<12:47:15> [1B425DA5] Duplicated post effect param! pszName = FilterMaskedBlurring_Amount
<12:47:15> [1B425DA5] Duplicated post effect param! pszName = FilterMaskedBlurring_MaskTexName
<12:47:15> [1B425DA5] Duplicated post effect param! pszName = FilterChromaShift_User_Amount
<12:47:15> [1B425DA5] Duplicated post effect param! pszName = FilterGrain_Amount
<12:47:15> [8F6BAA6C][Warning] Couldn't find console variable 'e_water_ocean_fft'
<12:47:15> Loading Particle Library: wind
<12:47:15> Loading Particle Library: X2_EFFECT_O
<12:47:15> [000004EE][Warning] Particle effect not found: '                                                                ', from ParticleEffect fx_land_green
<12:47:15> [12409CCC] Load Zone Finished
<12:47:15> [A39C1725] Level System - Loading Complete
<12:47:15> [27293DED] -----------------------------------------------------
<12:47:15> [120C18F5] * LOADING: 'loginbg4' loading time: 1.72 seconds
<12:47:15> [27293DED] -----------------------------------------------------
<12:47:15> [000004EE][Warning] [Lua Error] no client player exists
<12:47:15> [A13C772D][Warning] Cannot load texture ui/font_color.g, Image file format is invalid [File=ui/font_color.g]
<12:47:15> [9FC303B8][Error] [CVARS]: [DUPLICATE] CXConsole::RegisterFloat(): variable [ui_double_click_interval] is already registered
<12:47:15> [09F46B9D]     cl_fov = 90 []
<12:47:15> [09F46B9D]     camera_max_dist = 180 []
<12:47:15> [73861D69] Unknown command: name_tag_hp_width_on_bgmode 80
<12:47:15> [73861D69] Unknown command: name_tag_hp_height_on_bgmode 30
<12:47:15> [000FABC5][Warning] CAreaGrid::BeginAreas() called before being initialized.
<12:47:22> [11E02DA3][Warning] Cannot load texture textures/defaults/16_12.dds, file missing [File=textures/defaults/16_12.dds]
<12:47:23> [1D01FDCA] Auth: client connected to server
<12:47:23> [584C4FFD] [net 16:47:23.317]  socket ip:192.168.1.202
<12:47:23> [4C920A71] mac address : 74-56-3c-fe-52-f3
<12:47:24> [A13C772D][Warning] Cannot load texture ui/font_color.g, Image file format is invalid [File=ui/font_color.g]
<12:47:28> [7CC1A260] Save Game Option
<12:47:28> [D2121932] Change resolution: 2560x1440x32 (Windowed)
<12:47:28> [FD3FC76F] resetting terrain texture cache
<12:47:28> [FD3FC76F] resetting terrain texture cache
<12:47:28> [B0F7CF3E] Window Rect 9, 29, 2560x1440, 2560x1440
<12:47:28> [583D6F38] Final resolution: 2554x1408x32 (Windowed)
<12:47:28> [9FC303B8][Error] [CVARS]: [DUPLICATE] CXConsole::RegisterFloat(): variable [ui_double_click_interval] is already registered
<12:47:28> [000004EE][Warning] [Lua Error] no localized ui text for 18 always_refund
<12:47:28> [000004EE][Warning] [Lua Error] no client player exists
<12:47:28> [09F46B9D]     cl_fov = 90 []
<12:47:28> [09F46B9D]     camera_max_dist = 180 []
<12:47:28> [73861D69] Unknown command: name_tag_hp_width_on_bgmode 80
<12:47:28> [73861D69] Unknown command: name_tag_hp_height_on_bgmode 30
<12:47:28> [247165BA][Warning] Cannot load texture ui/login_stage/background/game_information.dds, file missing [File=ui/login_stage/background/game_information.dds]
<12:47:42> [7CC1A260] Save Game Option
<12:47:42> [D2121932] Change resolution: 2560x1440x32 (Windowed)
<12:47:42> [FD3FC76F] resetting terrain texture cache
<12:47:42> [FD3FC76F] resetting terrain texture cache
<12:47:42> [583D6F38] Final resolution: 2560x1440x32 (Windowed)
<12:47:42> [9FC303B8][Error] [CVARS]: [DUPLICATE] CXConsole::RegisterFloat(): variable [ui_double_click_interval] is already registered
<12:47:42> [000004EE][Warning] [Lua Error] no localized ui text for 18 always_refund
<12:47:42> [000004EE][Warning] [Lua Error] no client player exists
<12:47:42> [09F46B9D]     cl_fov = 90 []
<12:47:42> [09F46B9D]     camera_max_dist = 180 []
<12:47:42> [73861D69] Unknown command: name_tag_hp_width_on_bgmode 80
<12:47:42> [73861D69] Unknown command: name_tag_hp_height_on_bgmode 30
<12:47:42> [A13C772D][Warning] Cannot load texture ui/font_color.g, Image file format is invalid [File=ui/font_color.g]
<12:47:42> [247165BA][Warning] Cannot load texture ui/login_stage/background/game_information.dds, file missing [File=ui/login_stage/background/game_information.dds]
<12:47:56> [7CC1A260] Save Game Option
<12:47:56> [D2121932] Change resolution: 2560x1440x32 (Windowed)
<12:47:56> [FD3FC76F] resetting terrain texture cache
<12:47:56> [FD3FC76F] resetting terrain texture cache
<12:47:56> [B0F7CF3E] Window Rect 9, 29, 2560x1440, 2560x1440
<12:47:56> [583D6F38] Final resolution: 2554x1408x32 (Windowed)
<12:47:56> [9FC303B8][Error] [CVARS]: [DUPLICATE] CXConsole::RegisterFloat(): variable [ui_double_click_interval] is already registered
<12:47:56> [000004EE][Warning] [Lua Error] no localized ui text for 18 always_refund
<12:47:56> [000004EE][Warning] [Lua Error] no client player exists
<12:47:56> [09F46B9D]     cl_fov = 90 []
<12:47:56> [09F46B9D]     camera_max_dist = 180 []
<12:47:56> [73861D69] Unknown command: name_tag_hp_width_on_bgmode 80
<12:47:56> [73861D69] Unknown command: name_tag_hp_height_on_bgmode 30
<12:47:56> [A13C772D][Warning] Cannot load texture ui/font_color.g, Image file format is invalid [File=ui/font_color.g]
<12:47:56> [247165BA][Warning] Cannot load texture ui/login_stage/background/game_information.dds, file missing [File=ui/login_stage/background/game_information.dds]
<12:48:19> [7CC1A260] Save Game Option
<12:48:19> [D2121932] Change resolution: 2560x1440x32 (Windowed)
<12:48:19> [FD3FC76F] resetting terrain texture cache
<12:48:19> [FD3FC76F] resetting terrain texture cache
<12:48:19> [583D6F38] Final resolution: 2560x1440x32 (Windowed)
<12:48:19> [9FC303B8][Error] [CVARS]: [DUPLICATE] CXConsole::RegisterFloat(): variable [ui_double_click_interval] is already registered
<12:48:19> [000004EE][Warning] [Lua Error] no localized ui text for 18 always_refund
<12:48:19> [000004EE][Warning] [Lua Error] no client player exists
<12:48:19> [09F46B9D]     cl_fov = 90 []
<12:48:19> [09F46B9D]     camera_max_dist = 180 []
<12:48:19> [73861D69] Unknown command: name_tag_hp_width_on_bgmode 80
<12:48:19> [73861D69] Unknown command: name_tag_hp_height_on_bgmode 30
<12:48:19> [A13C772D][Warning] Cannot load texture ui/font_color.g, Image file format is invalid [File=ui/font_color.g]
<12:48:19> [247165BA][Warning] Cannot load texture ui/login_stage/background/game_information.dds, file missing [File=ui/login_stage/background/game_information.dds]
<12:48:28> [584C4FFD] [net 16:48:28.079] connection requested to: 192.95.21.64:1239
<12:48:28> [4ABA7BDB] Auth: client disconnected (reason=0)
<12:48:28> [0F08E548] [NetConnection] connect completed (succeeded:true)
<12:48:28> [48F7BDF2] invalid world id in world queue packet
<12:48:28> [26623ECA] ucc info.. 0 0
<12:48:28> [B71BF2A9] remove ucc data.. version
<12:48:28> [4516816D] pay method: person
<12:48:28> [4AA30841] pay location: person
<12:48:28> [ADF1C07E] pay start: 1900-1-1 00:00:00
<12:48:28> [6486A277] pay end: 1900-1-1 00:00:00
<12:48:28> [FFF6198C] premium point: 0
<12:48:28> [481C0862] premium grade: premium_0
<12:48:28> [88D9AB0C] real pay time: 13117895475200
<12:48:28> [9FC303B8][Error] [CVARS]: [DUPLICATE] CXConsole::RegisterFloat(): variable [camera_max_dist] is already registered
<12:48:28> [34CCC219] stream: connected to world server
<12:48:28> [06A46B5B] stream: authorized by world server
<12:48:28> [4516816D] pay method: person
<12:48:28> [4AA30841] pay location: person
<12:48:28> [ADF1C07E] pay start: 1900-1-1 00:00:00
<12:48:28> [6486A277] pay end: 2037-12-31 16:00:00
<12:48:28> [FFF6198C] premium point: 0
<12:48:28> [481C0862] premium grade: premium_0
<12:48:28> [88D9AB0C] real pay time: -1
<12:48:28> [82321C2B][Warning] [net 16:48:28.854] [time] remote time estimation restarted; estimate accumulator age was 11596.622070
<12:48:31> [000004EE][Warning] [Lua Error] no localized ui text for 18 always_refund
<12:48:31> [09F46B9D]     cl_fov = 90 []
<12:48:31> [09F46B9D]     camera_max_dist = 180 []
<12:48:31> [09F46B9D]     name_tag_hp_width_on_bgmode = 80 []
<12:48:31> [09F46B9D]     name_tag_hp_height_on_bgmode = 30 []
<12:48:31> [A13C772D][Warning] Cannot load texture ui/font_color.g, Image file format is invalid [File=ui/font_color.g]
<12:48:31> [06E6A3E9][Warning] Cannot load texture ui/login_stage/queue.dds, file missing [File=ui/login_stage/queue.dds]
<12:48:31> [000004EE][Warning] RenderMesh not assigned game/objects/box_nodraw.cgf
<12:48:37> [DA579B6C][Error] can't load client driven connect info.. Kompy
<12:48:42> [9FC303B8][Error] [CVARS]: [DUPLICATE] CXConsole::RegisterFloat(): variable [ui_double_click_interval] is already registered
<12:48:42> [000004EE][Warning] [Lua Error] no localized ui text for 18 always_refund
<12:48:42> [0DE3FA89][Error] CryAnimation: character-definition creation failed: game/objects/characters/returned/female/nude/re_f.cdf
<12:48:43> [6FF68EA5] SetInstantTime: type 0 time 0
<12:48:43> [6FF68EA5] SetInstantTime: type 1 time 0
<12:48:43> [6FF68EA5] SetInstantTime: type 2 time 0
<12:48:43> [6FF68EA5] SetInstantTime: type 3 time 0
<12:48:43> [6FF68EA5] SetInstantTime: type 4 time 0
<12:48:43> [6FF68EA5] SetInstantTime: type 5 time 0
<12:48:43> [6FF68EA5] SetInstantTime: type 6 time 0
<12:48:43> [6FF68EA5] SetInstantTime: type 7 time 0
<12:48:43> [82321C2B][Warning] [net 16:48:43.010] [time] remote time estimation restarted; estimate accumulator age was 3.387803
<12:48:43> [0E61BD35] ExpeditionMember 20 added
<12:48:43> [0E61BD35] ExpeditionMember 20 added
<12:48:43> [0E61BD35] ExpeditionMember 5 added
<12:48:43> [1EBA13B3][Warning] count not matched; total=73; size=45
<12:48:43> [966861E8][Warning] GetAllPolicies empty
<12:48:43> [67B7DD8A][Warning] my ExpeditionMemberDesc not exist
<12:48:43> [7AB931CE] seamless unloading cell object(W0, 0), (L0, 0)
<12:48:43> [4B1E8B22] unload cell object count : 1511
<12:48:43> [B866A294] seamless unloading cell terrain(W0, 0), (L0, 0)
<12:48:43> [963385F6] Level System - Loading Start
<12:48:43> [E0E0EDAE][Warning] failed to load zone time of day from game/worlds/main_world/zone/225//time_of_day.xml
<12:48:43> [AB17243B][Warning] failed to load zone environment from game/worlds/main_world/zone/309//env.xml
<12:48:43> [35D4413E][Warning] failed to load zone clouds from game/worlds/main_world/zone/309//clouds.xml
<12:48:43> [806B6F8D] precaching world entities ..
<12:48:43> [7E39E0DE] precaching world entities .. done!  total (1778) objects
<12:48:43> [D2B280D6] Vegetation Manager : Loading World(main_world)
<12:48:44> [075AB92F] Vegetation Manager : Loading World - Done (total 3055 vegetations)
<12:48:44> [000004EE][Error] CTerrain::LoadWorldSurfaces: Error loading material: materials/Terrain/gweonidforest/w_forest_road_a1
<12:48:44> [59CBED13][Warning] Cannot load texture textures/aa_terrain/canyon/tr_canyon_rock3d_405a_ddn.dds, file missing [File=textures/aa_terrain/canyon/tr_canyon_rock3d_405a_ddn.dds]
<12:48:44> [751FFB9E][Warning] Error: CShaderMan::mfCreateShaderResources: Couldn't find detail texture
'game/textures/aa_terrain/canyon/tr_canyon_rock_616a_ddn.tga' in path '' [File=game/textures/aa_terrain/canyon/tr_canyon_rock_616a_ddn.tga]
<12:48:44> [B9410AA1] total 600 terrain world surfaces loaded
<12:48:44> [280A47E3] Precached total 4 materials
<12:48:44> [7B1A973B] seamless loading cell terrain(W21, 5), (L4, 4)
<12:48:44> [7B1A973B] seamless loading cell terrain(W22, 5), (L5, 4)
<12:48:44> [7B1A973B] seamless loading cell terrain(W21, 4), (L4, 3)
<12:48:44> [7B1A973B] seamless loading cell terrain(W22, 4), (L5, 3)
<12:48:44> [7B1A973B] seamless loading cell terrain(W21, 6), (L4, 5)
<12:48:44> [7B1A973B] seamless loading cell terrain(W22, 6), (L5, 5)
<12:48:44> [7B1A973B] seamless loading cell terrain(W20, 5), (L3, 4)
<12:48:44> [7B1A973B] seamless loading cell terrain(W23, 5), (L6, 4)
<12:48:44> [7B1A973B] seamless loading cell terrain(W20, 4), (L3, 3)
<12:48:44> [7B1A973B] seamless loading cell terrain(W23, 4), (L6, 3)
<12:48:44> [7B1A973B] seamless loading cell terrain(W20, 6), (L3, 5)
<12:48:44> [7B1A973B] seamless loading cell terrain(W21, 3), (L4, 2)
<12:48:44> [7B1A973B] seamless loading cell terrain(W22, 3), (L5, 2)
<12:48:44> [7B1A973B] seamless loading cell terrain(W23, 6), (L6, 5)
<12:48:44> [7B1A973B] seamless loading cell terrain(W21, 7), (L4, 6)
<12:48:44> [7B1A973B] seamless loading cell terrain(W22, 7), (L5, 6)
<12:48:44> [7B1A973B] seamless loading cell terrain(W20, 3), (L3, 2)
<12:48:44> [7B1A973B] seamless loading cell terrain(W23, 3), (L6, 2)
<12:48:44> [7B1A973B] seamless loading cell terrain(W19, 5), (L2, 4)
<12:48:44> [7B1A973B] seamless loading cell terrain(W19, 4), (L2, 3)
<12:48:44> [7B1A973B] seamless loading cell terrain(W24, 5), (L7, 4)
<12:48:44> [7B1A973B] seamless loading cell terrain(W20, 7), (L3, 6)
<12:48:44> [7B1A973B] seamless loading cell terrain(W19, 6), (L2, 5)
<12:48:44> [7B1A973B] seamless loading cell terrain(W23, 7), (L6, 6)
<12:48:44> [7B1A973B] seamless loading cell terrain(W24, 4), (L7, 3)
<12:48:44> [7B1A973B] seamless loading cell terrain(W24, 6), (L7, 5)
<12:48:44> [7B1A973B] seamless loading cell terrain(W21, 2), (L4, 1)
<12:48:44> [7B1A973B] seamless loading cell terrain(W22, 2), (L5, 1)
<12:48:44> [7B1A973B] seamless loading cell terrain(W19, 3), (L2, 2)
<12:48:44> [7B1A973B] seamless loading cell terrain(W20, 2), (L3, 1)
<12:48:44> [7B1A973B] seamless loading cell terrain(W24, 3), (L7, 2)
<12:48:44> [7B1A973B] seamless loading cell terrain(W21, 8), (L4, 7)
<12:48:44> [7B1A973B] seamless loading cell terrain(W22, 8), (L5, 7)
<12:48:44> [7B1A973B] seamless loading cell terrain(W23, 2), (L6, 1)
<12:48:44> [7B1A973B] seamless loading cell terrain(W19, 7), (L2, 6)
<12:48:44> [7B1A973B] seamless loading cell terrain(W24, 7), (L7, 6)
<12:48:44> [7B1A973B] seamless loading cell terrain(W18, 5), (L1, 4)
<12:48:44> [7B1A973B] seamless loading cell terrain(W20, 8), (L3, 7)
<12:48:44> [7B1A973B] seamless loading cell terrain(W18, 4), (L1, 3)
<12:48:44> [7B1A973B] seamless loading cell terrain(W23, 8), (L6, 7)
<12:48:44> [7B1A973B] seamless loading cell terrain(W18, 6), (L1, 5)
<12:48:44> [7B1A973B] seamless loading cell terrain(W19, 2), (L2, 1)
<12:48:44> [7B1A973B] seamless loading cell terrain(W24, 2), (L7, 1)
<12:48:44> [7B1A973B] seamless loading cell terrain(W21, 1), (L4, 0)
<12:48:44> [7B1A973B] seamless loading cell terrain(W22, 1), (L5, 0)
<12:48:44> [7B1A973B] seamless loading cell terrain(W18, 3), (L1, 2)
<12:48:44> [7B1A973B] seamless loading cell terrain(W19, 8), (L2, 7)
<12:48:44> [3EF08C47] seamless loading cell object(W21, 5), (L4, 4)
<12:48:45> Loading Particle Library: X2_EFFECTS_P
<12:48:45> [000004EE][Warning] Particle effect not found: 'X2_EFFECTS.e_effect.smoke_slow', from ParticleEffect ParticleEffect_2760
<12:48:45> [3EF08C47] seamless loading cell object(W22, 5), (L5, 4)
<12:48:45> [3EF08C47] seamless loading cell object(W21, 4), (L4, 3)
<12:48:45> [3EF08C47] seamless loading cell object(W22, 4), (L5, 3)
<12:48:45> [3EF08C47] seamless loading cell object(W21, 6), (L4, 5)
<12:48:45> [000004EE][Warning] [CGF Error] game/objects/env/02_harihara/001_hcom/hcom_cart_b.cgf [:] LOD1 of geometry hcom_cart_b contains too many polygons comparing to the LOD0 [770 against 1114] :
<12:48:45> [A5DDEC33][Warning] Warning: CShaderMan::mfForName: NULL name
<12:48:45> [3EF08C47] seamless loading cell object(W22, 6), (L5, 5)
<12:48:46> [3EF08C47] seamless loading cell object(W20, 5), (L3, 4)
<12:48:46> [000004EE][Warning] [CGF Error] game/objects/env/01_nuia/001_housing/housing_people/hs_people_roof_a.cgf [:] Duplicate LOD helper $lod2 hs_people_roof_a
<12:48:46> [000004EE][Warning] [CGF Error] game/objects/env/01_nuia/001_housing/housing_guild/nuia_h_guild_door_b_back.cga [:] non-uniform scale(1.00, 1.39, 1.00) at node(nuia_h_guild_door_b01_back)
<12:48:46> Loading Particle Library: x2_sounds
<12:48:46> [3EF08C47] seamless loading cell object(W23, 5), (L6, 4)
<12:48:46> [3EF08C47] seamless loading cell object(W20, 4), (L3, 3)
<12:48:46> [3EF08C47] seamless loading cell object(W23, 4), (L6, 3)
<12:48:46> [3EF08C47] seamless loading cell object(W20, 6), (L3, 5)
<12:48:46> [3EF08C47] seamless loading cell object(W21, 3), (L4, 2)
<12:48:46> [3EF08C47] seamless loading cell object(W22, 3), (L5, 2)
<12:48:46> [3EF08C47] seamless loading cell object(W23, 6), (L6, 5)
<12:48:46> [3EF08C47] seamless loading cell object(W21, 7), (L4, 6)
<12:48:47> [000004EE][Warning] [CGF Error] game/objects/env/02_harihara/03_ti/ti_factorymain_a.cga [:] Invalid BBox : has Invalid BBox node(Object32)
<12:48:47> [3EF08C47] seamless loading cell object(W22, 7), (L5, 6)
<12:48:47> [745BAE2F][Warning] failed to stream material xml(game/rock_06.mtl)
<12:48:47> [3EF08C47] seamless loading cell object(W20, 3), (L3, 2)
<12:48:47> [3EF08C47] seamless loading cell object(W23, 3), (L6, 2)
<12:48:47> [3EF08C47] seamless loading cell object(W19, 5), (L2, 4)
<12:48:47> [000004EE][Warning] [CGF Error] game/objects/env/02_harihara/04_su/su_incinerator_tower_b.cgf [:] LOD1 of geometry  contains too many polygons comparing to the LOD0 [742 against 1060] :
<12:48:47> [3EF08C47] seamless loading cell object(W19, 4), (L2, 3)
<12:48:47> [12409CCC] Load Zone Finished
<12:48:47> [000004EE][Warning] I3DEngine::RegisterEntity: entity reports invalid position: Name: LightEntityName (), Class: LightEntityClass, Pos=(657.2,7976.0,585.5), aabb center=(142.0,1019.8,-2.3)
<12:48:47> [82321C2B][Warning] [net 16:48:47.534] [time] remote time estimation restarted; estimate accumulator age was 4.457230
<12:48:47> [5CE4EF2C][Warning] failed to load particle lib from (Libs/Particles/game/abillity_skill_table_m.xml)
<12:48:47> [000004EE][Warning] Particle effect not found: 'game/abillity_skill_table_m.wild.shock_form2', from unknown 
<12:48:47> [2BFDEC33][Error] realstep 8, not match unit req
<12:48:47> [A39C1725] Level System - Loading Complete
<12:48:47> [9BE3F673] total 0 CGF files are precached
<12:48:47> [27293DED] -----------------------------------------------------
<12:48:47> [120C18F5] * LOADING: 'e_sunny_wilderness_4' loading time: 4.85 seconds
<12:48:47> [27293DED] -----------------------------------------------------
<12:48:48> [62232BEA][Warning] deferred xml stream error - game/animations/animals/chick/lmg_files/normal_run.lmg : f0000003
<12:48:48> [CE2F4035][Warning] chr physical geom is not precached. (game/objects/characters/animals/chick/chick.chr)
<12:48:48> [BD8C448A][Warning] Cannot load texture game/objects/characters/warborn/male/nude/wa_m_nude_ddn.dds, file missing [File=game/objects/characters/warborn/male/nude/wa_m_nude_ddn.dds]
<12:48:48> [637AF710][Warning] missing chr material : game/objects/characters/warborn/male/parts/pt/obj/wa_m_pt_leather220.mtl (chr: game/objects/characters/warborn/male/parts/pt/obj/wa_m_1pt201_2ca001.chr)
<12:48:49> [CA175C82][Warning] non-stream IO. system(Material), filePath(game/objects/characters/warborn/male/horns/wa_m_horns012/wa_m_horns012_hc03.mtl)
<12:48:50> [09F46B9D]     cl_fov = 90 []
<12:48:50> [09F46B9D]     camera_max_dist = 180 []
<12:48:50> [09F46B9D]     name_tag_hp_width_on_bgmode = 80 []
<12:48:50> [09F46B9D]     name_tag_hp_height_on_bgmode = 30 []
<12:48:50> [000004EE][Warning] [Lua Error] Failed to load script file scriptsbin/x2ui/assignment/form.alb
<12:48:50> [A13C772D][Warning] Cannot load texture ui/font_color.g, Image file format is invalid [File=ui/font_color.g]
<12:48:50> [B5A61D8F] Chat Channel(0) Color is not found.
<12:48:50> [000004EE][Warning] [Lua Error] ...ts/x2ui/loginstage/character_create/locale/en_us.lua:524: attempt to index a nil value
<12:48:50> [58F3F7FF][Warning] <null>:0: [Lua Error] Failed to execute file @game/scriptsbin/x2ui/loginstage/character_create/locale/en_us.alb
<12:48:51> [000004EE][Warning] [Lua] invalid style type...  / brown
<12:48:59> [CE0EF930][Warning] failed to stream cgf : default
<12:48:59> [745BAE2F][Warning] failed to stream material xml(game/objects/characters/monster/polarbear_baby/Material #0.mtl)
<12:48:59> [62232BEA][Warning] deferred xml stream error - game/animations/monster/polarbear_baby/lmg_files/normal_run.lmg : f0000003
<12:49:04> [000004EE][Warning] [CGF Error] game/objects/env/01_nuia/001_ndeco/making/ndeco_powerfulmaking.cga [:] LOD1 of geometry parts01 contains too many polygons comparing to the LOD0 [1592 against 1130] :
<12:49:04> [CE0EF930][Warning] failed to stream cgf : default
<12:49:13> [3EF08C47] seamless loading cell object(W20, 7), (L3, 6)
<12:49:15> [CE0EF930][Warning] failed to stream cgf : default
<12:49:17> [000004EE][Warning] [CGF Error] game/objects/env/02_harihara/001_hdeco/quest/hdeco_qust_cocoon01.cgf [:] non-uniform scale(0.87, 0.87, 1.00) at node(hdeco_qust_cocoon01_proxy)
<12:49:20> [CE0EF930][Warning] failed to stream cgf : default
<12:49:29> [A4D70365][Warning] rigid-body own-entity; prefab=prefabs/interaction_d.xml/tool.lever_right node=AnimObject_1
<12:49:29> [745BAE2F][Warning] failed to stream material xml(game/objects/characters/animals/osprey/Material #0.mtl)
<12:49:29> [CE0EF930][Warning] failed to stream cgf : default
<12:49:29> [7F01D4DF][Warning] Cannot load texture game/textures/p_effects/spider_net_04_ddn.dds, file missing [File=game/textures/p_effects/spider_net_04_ddn.dds]
<12:49:38> [C53E6FFE][Warning] non cached CDF material(objects/Characters/animals/pangolin/pangolin_grey/pangolin_grey.mtl, game/objects/characters/animals/pangolin/pangolin_grey/pangolin_grey.cdf)
<12:49:38> [CA175C82][Warning] non-stream IO. system(Material), filePath(game/objects/characters/animals/pangolin/pangolin_grey/pangolin_grey.mtl)
<12:49:38> [2363981C][Warning] chr material is not precached : game/objects/characters/animals/pangolin/pangolin_red/Pangolin_red.mtl (chr: game/objects/characters/animals/pangolin/pangolin_red/pangolin_red.chr)
<12:49:38> [CE2F4035][Warning] chr physical geom is not precached. (game/objects/characters/animals/pangolin/pangolin_red/pangolin_red.chr)
<12:49:38> [676D2B24][Warning] non-cached LMG xml. (animations/animals/pangolin/lmg_files/fist_mo_normal_walk.lmg)
<12:49:38> [63ABB424][Warning] Facial sequence "fist_ac_whistle" not listed in CAL file for character "game/objects/characters/warborn/female/nude/wa_f_base.chr".
<12:49:39> [A13C772D][Warning] Cannot load texture ui/font_color.g, Image file format is invalid [File=ui/font_color.g]
<12:49:44> [CA175C82][Warning] non-stream IO. system(Material), filePath(game/objects/characters/warborn/male/horns/wa_m_horns008/wa_m_horns008_hc03.mtl)
<12:49:59> [CA175C82][Warning] non-stream IO. system(Material), filePath(game/materials/decals/default.mtl)
<12:50:00> Loading Particle Library: pino_effect
<12:50:16> [BB790A81] origin change campos : 5120.36, 4438.824219
<12:50:16> [00000020]  
<12:50:16> [00000020]  
<12:50:16> [A581FA6D] -----------------------------------------------------------------------------
<12:50:16> [1DAA5677] SeamlessSystem::ChangeOrigin() : Here we go. Old(17,1) -> New(18,1)
<12:50:16> [A581FA6D] -----------------------------------------------------------------------------
<12:50:16> [00000020]  
<12:50:16> [00000020]  
<12:50:16> [7B1A973B] seamless loading cell terrain(W25, 5), (L7, 4)
<12:50:16> [3EF08C47] seamless loading cell object(W24, 5), (L6, 4)
<12:50:16> [7B1A973B] seamless loading cell terrain(W25, 4), (L7, 3)
<12:50:16> [7B1A973B] seamless loading cell terrain(W25, 6), (L7, 5)
<12:50:16> [7B1A973B] seamless loading cell terrain(W25, 3), (L7, 2)
<12:51:51> [BB897B6D][Warning] Cannot load texture 0, file missing [File=0]
<12:52:52> [745BAE2F][Warning] failed to stream material xml(game/objects/characters/nuian/female/parts/ar/obj/Material #66.mtl)
<12:52:53> [637AF710][Warning] missing chr material : game/objects/characters/nuian/female/parts/hm/obj/nu_f_hm_cloth495.mtl (chr: game/objects/characters/nuian/female/parts/hm/obj/nu_f_1hm134_n.chr)
<12:52:54> Loading Particle Library: machinima_05
<12:52:54> [7B1A973B] seamless loading cell terrain(W18, 7), (L0, 6)
<12:54:53> [F9376E0D][Warning] [flow] FG-0x84AF1BFC-Entity 'vfx_fio_01' was destroyed with pending updates/activations. Report follows...
<12:54:53> [A8F1529E][Warning] [flow] Pending nodes:
<12:54:53> [745BAE2F][Warning] failed to stream material xml(game/objects/characters/warborn/male/parts/ar/obj/wa_m_ar_cloth029.mtl)
<12:54:53> [BD8C448A][Warning] Cannot load texture game/objects/characters/warborn/male/nude/wa_m_nude_ddn.dds, file missing [File=game/objects/characters/warborn/male/nude/wa_m_nude_ddn.dds]
<12:54:53> [637AF710][Warning] missing chr material : game/objects/characters/warborn/male/parts/pt/obj/wa_m_pt_leather220.mtl (chr: game/objects/characters/warborn/male/parts/pt/obj/wa_m_1pt201_2ca001.chr)
<12:54:53> [CA175C82][Warning] non-stream IO. system(Material), filePath(game/objects/characters/warborn/male/horns/wa_m_horns012/wa_m_horns012_hc03.mtl)
<12:55:45> [BB897B6D][Warning] Cannot load texture 0, file missing [File=0]
<12:57:05> [F9376E0D][Warning] [flow] FG-0x43A6BA64-Entity 'FadeInOut01' was destroyed with pending updates/activations. Report follows...
<12:57:05> [A8F1529E][Warning] [flow] Pending nodes:
<13:07:37> [C53E6FFE][Warning] non cached CDF material(objects/Characters/animals/pangolin/pangolin_grey/pangolin_grey.mtl, game/objects/characters/animals/pangolin/pangolin_grey/pangolin_grey.cdf)
<13:07:37> [CA175C82][Warning] non-stream IO. system(Material), filePath(game/objects/characters/animals/pangolin/pangolin_grey/pangolin_grey.mtl)
<13:07:37> [2363981C][Warning] chr material is not precached : game/objects/characters/animals/pangolin/pangolin_red/Pangolin_red.mtl (chr: game/objects/characters/animals/pangolin/pangolin_red/pangolin_red.chr)
<13:07:37> [CE2F4035][Warning] chr physical geom is not precached. (game/objects/characters/animals/pangolin/pangolin_red/pangolin_red.chr)
<13:07:37> [63ABB424][Warning] Facial sequence "fist_ac_whistle" not listed in CAL file for character "game/objects/characters/warborn/female/nude/wa_f_base.chr".
<13:09:23> [CA175C82][Warning] non-stream IO. system(Material), filePath(game/objects/characters/warborn/male/horns/wa_m_horns008/wa_m_horns008_hc03.mtl)
<13:09:40> [000004EE][Warning] [Lua Error] 1_3_0/scripts/x2ui/characterinfo/character_info.lua:520: attempt to call method 'AnimForEquipped' (a nil value)
<13:09:44> [BD8C448A][Warning] Cannot load texture game/objects/characters/warborn/male/nude/wa_m_nude_ddn.dds, file missing [File=game/objects/characters/warborn/male/nude/wa_m_nude_ddn.dds]
<13:09:45> [CA175C82][Warning] non-stream IO. system(Material), filePath(game/objects/characters/warborn/male/horns/wa_m_horns013/wa_m_horns013_hc02.mtl)
<13:09:58> [7B1A973B] seamless loading cell terrain(W24, 8), (L6, 7)
<13:10:10> [000004EE][Warning] [Lua Error] 1_3_0/scripts/x2ui/characterinfo/character_info.lua:520: attempt to call method 'AnimForEquipped' (a nil value)
<13:10:10> [745BAE2F][Warning] failed to stream material xml(game/objects/characters/hariharan/male/parts/gv/obj/ha_m_gv_leather226.mtl)
<13:10:10> [637AF710][Warning] missing chr material : game/objects/characters/hariharan/male/parts/gv/obj/ha_m_gv_leather226.mtl (chr: game/objects/characters/hariharan/male/parts/gv/obj/ha_m_2gv201.chr)
<13:10:22> [B95EE41B][Error] invalid parent unit id(40493)
<13:10:26> [BD8C448A][Warning] Cannot load texture game/objects/characters/warborn/male/nude/wa_m_nude_ddn.dds, file missing [File=game/objects/characters/warborn/male/nude/wa_m_nude_ddn.dds]
<13:10:26> [CA175C82][Warning] non-stream IO. system(Material), filePath(game/objects/characters/warborn/male/horns/wa_m_horns013/wa_m_horns013_hc02.mtl)
<13:14:18> [745BAE2F][Warning] failed to stream material xml(game/objects/characters/nuian/female/parts/bo/obj/nu_f_bo_cloth142.mtl)
<13:14:18> [637AF710][Warning] missing chr material : game/objects/characters/nuian/female/parts/ar/obj/nu_f_ar_cloth495.mtl (chr: game/objects/characters/nuian/female/parts/ar/obj/nu_f_1ar906_1arm012_1sh010_n.chr)
<13:14:21> [CA175C82][Warning] non-stream IO. system(Material), filePath(game/objects/characters/warborn/male/horns/wa_m_horns008/wa_m_horns008_hc03.mtl)
<13:14:24> [B95EE41B][Error] invalid parent unit id(40493)
<13:14:25> [745BAE2F][Warning] failed to stream material xml(game/objects/characters/hariharan/male/parts/ar/obj/ha_m_ar_leather221.mtl)
<13:14:25> [637AF710][Warning] missing chr material : game/objects/characters/hariharan/male/parts/bo/obj/ha_m_bo_cloth232.mtl (chr: game/objects/characters/hariharan/male/parts/bo/obj/ha_m_1bf004_1bo901.chr)
<13:14:34> [3EF08C47] seamless loading cell object(W23, 7), (L5, 6)
<13:14:35> [62232BEA][Warning] deferred xml stream error - game/animations/animals/owl_postman/lmg_files/normal_run.lmg : f0000003
<13:14:35> [745BAE2F][Warning] failed to stream material xml(game/objects/env/01_nuia/001_ndeco/making/ndeco_making_rock01_second.mtl)
<13:14:35> [CE0EF930][Warning] failed to stream cgf : default
<13:14:37> [000004EE][Warning] [CGF Error] game/objects/env/01_nuia/001_ndeco/collect/ndeco_collect_geyser01.cgf [:] non-uniform scale(1.48, 1.48, 1.00) at node(proxy)
<13:14:41> [FCD07016][Warning] Cannot load texture objects/characters/ferre/male/hair/fe_m_hair02/fe_m_hair02_df.dds, file missing [File=objects/characters/ferre/male/hair/fe_m_hair02/fe_m_hair02_df.dds]
<13:14:41> [CE0EF930][Warning] failed to stream cgf : game/objects/env/05_nature/08_cry_source/rocks/road_rocks/road_rocks_flat_grey_a.cgf
<13:16:22> [745BAE2F][Warning] failed to stream material xml(game/objects/characters/nuian/female/parts/bo/obj/nu_f_bo_cloth142.mtl)
<13:16:22> [637AF710][Warning] missing chr material : game/objects/characters/nuian/female/parts/ar/obj/nu_f_ar_cloth495.mtl (chr: game/objects/characters/nuian/female/parts/ar/obj/nu_f_1ar906_1arm012_1sh010_n.chr)
<13:16:45> [BD8C448A][Warning] Cannot load texture game/objects/characters/warborn/male/nude/wa_m_nude_ddn.dds, file missing [File=game/objects/characters/warborn/male/nude/wa_m_nude_ddn.dds]
<13:16:45> [745BAE2F][Warning] failed to stream material xml(game/objects/characters/warborn/male/parts/pt/obj/wa_m_pt_leather220.mtl)
<13:16:45> [637AF710][Warning] missing chr material : game/objects/characters/warborn/male/parts/pt/obj/wa_m_pt_leather220.mtl (chr: game/objects/characters/warborn/male/parts/pt/obj/wa_m_1pt201_2ca001.chr)
<13:18:30> [BD8C448A][Warning] Cannot load texture game/objects/characters/warborn/male/nude/wa_m_nude_ddn.dds, file missing [File=game/objects/characters/warborn/male/nude/wa_m_nude_ddn.dds]
<13:18:30> [745BAE2F][Warning] failed to stream material xml(game/objects/characters/warborn/male/parts/pt/obj/wa_m_pt_leather220.mtl)
<13:18:30> [637AF710][Warning] missing chr material : game/objects/characters/warborn/male/parts/pt/obj/wa_m_pt_leather220.mtl (chr: game/objects/characters/warborn/male/parts/pt/obj/wa_m_1pt201_2ca001.chr)
<13:18:32> [CA175C82][Warning] non-stream IO. system(Material), filePath(game/objects/characters/warborn/male/horns/wa_m_horns013/wa_m_horns013_hc02.mtl)
<13:19:01> [7AB931CE] seamless unloading cell object(W23, 24), (L5, 6)
<13:23:50> [5F89E60D][Warning] non cached CDF(game/objects/characters/warborn/female/parts/ar/cloth/ar_cloth052/wa_f_ar_cloth052.cdf)
<13:23:50> [CA175C82][Warning] non-stream IO. system(Material), filePath(game/objects/characters/warborn/female/parts/ar/cloth/ar_cloth052/wa_f_ar_cloth052.mtl)
<13:23:50> [637AF710][Warning] missing chr material : game/objects/characters/warborn/female/parts/ar/obj/wa_f_ar_cloth053.mtl (chr: game/objects/characters/warborn/female/parts/ar/obj/wa_f_1ar111_1arm005.chr)
<13:23:50> [000004EE][Warning] [Lua Error] 1_3_0/scripts/x2ui/characterinfo/character_info.lua:520: attempt to call method 'AnimForEquipped' (a nil value)
<13:25:46> [5F89E60D][Warning] non cached CDF(game/objects/characters/warborn/female/parts/all/leather/leather095/wa_f_hm_leather095.cdf)
<13:25:46> [CA175C82][Warning] non-stream IO. system(Material), filePath(game/objects/characters/warborn/female/parts/all/leather/leather095/wa_f_hm_leather095.mtl)
<13:25:46> [2363981C][Warning] chr material is not precached : game/objects/characters/warborn/female/parts/all/leather/leather098/wa_f_hm_leather098.mtl (chr: game/objects/characters/warborn/female/parts/all/leather/leather098/wa_f_hm_leather098.chr)
<13:25:56> [584C4FFD] [net 17:25:56.742] -- Client will disconnect; cause=18 desc=graceful exit
<13:25:56> [05D024BA] System:Quit
