[801989E0] BackupNameAttachment=" Build(0) Date(16 September 2025) Time(11 55 06)"  -- used by backup system
[00000020]  
[38F38F32] Log Started at #c
[0232BD25] Running 32 bit version
[7AB6F5FE] Executable: C:\Games\AAClassic\bin32\archeage.exe
[E5C771AC] FileVersion: 3.5.0.0
[F799D55F] ProductVersion: 3.5.3.0
[1F1D6B13] Using Microsoft (tm) C++ Standard Library implementation
[00000020]  
[C7D96C80] Revision: 350000
[00000020]  
[64533E3E] this is the first client
<11:55:11> [B9197FD5][Error] ConsoleVariableGroup[option_effect] key[e_particles_lod_onoff] has no default
<11:55:11> [76666E6D] 
--- CPU detection ---
<11:55:11> [F4D992D8] CPU: AMD AMD Ryzen 7 7800X3D 8-Core Processor           
<11:55:11> [3F649B02] Family: 15, Model: 1, Stepping: 2
<11:55:11> [83D12E0B] FPU: On-Chip
<11:55:11> [50919DA0] CPU Speed (estimated): 4192.103169 MHz
<11:55:11> [C73FD83A] MMX: not present
<11:55:11> [89D1077A] SSE: present
<11:55:11> [64E2B6F1] 3DNow!: present
<11:55:11> [27B7AC6E] Serial number not present or disabled
<11:55:11> [1D2D8E5B] Number of logical processors: 16
<11:55:11> [FA658084] Number of available logical processors: 16
<11:55:11> [A1F061C2] Invariant Time Stamp Counter : yes
<11:55:11> [FA0251ED] ---------------------

<11:55:11> [03E7D838] Device Info
<11:55:11> [9F603516] Device Info - 1
<11:55:11> [9F603517] Device Info - 2
<11:55:11> [9F603518] Device Info - 3
<11:55:11> [9F603519] Device Info - 4
<11:55:11> [9F60351A] Device Info - 5
<11:55:11> [9F60351B] Device Info - 6
<11:55:11> [9F60351C] Device Info - 7
<11:55:11> [E98ECC28] Video Memory Info
<11:55:11> [D5FBE664] Video Memory - 1
<11:55:11> [D5FBE665] Video Memory - 2
<11:55:12> [D5FBE666] Video Memory - 3
<11:55:12> [D5FBE667] Video Memory - 4
<11:55:12> [D5FBE668] Video Memory - 5
<11:55:12> [D5FBE669] Video Memory - 6
<11:55:12> [D5FBE66A] Video Memory - 7
<11:55:12> [D5FBE66B] Video Memory - 8
<11:55:12> [3A4D54A2][Warning] config/gpu/amd.txt line 55 contains a multiple defined GPU rating!
<11:55:12> [D20872C0] InitThreadAffinities
<11:55:12> [2F28A434] UpdateMainThreadAffinity
<11:55:12> [16962512] Windows 8 64 bit (build 6.2.9200)
<11:55:12> [38DFF081] System language: English
<11:55:12> [861A0178] Windows Directory: "C:\windows"
<11:55:12> [341B54F1] Prerequisites...
<11:55:12> [5D1B3C9C] * Installation of KB940105 hotfix required: no! (either not needed or already installed)
<11:55:12> [EF5E0A0F] Local time is 11:55:12 09/16/25, system running for 2638 minutes
<11:55:12> [44771083] 63426MB physical memory installed, 20893MB available, 4095MB virtual memory installed, 67 percent of memory in use
<11:55:12> [31259232] PageFile usage: 
<11:55:12> [453F0D1B] Current display mode is 2560x1440x32
<11:55:12> [8A64FCCC] IBM enhanced (101/102-key) keyboard and 3+ button mouse installed
<11:55:12> [CE30556B] ----- GPU Detection -----------------
<11:55:12> [03E7D838] Device Info
<11:55:12> [9F603516] Device Info - 1
<11:55:12> [9F603517] Device Info - 2
<11:55:12> [9F603518] Device Info - 3
<11:55:12> [9F603519] Device Info - 4
<11:55:12> [9F60351A] Device Info - 5
<11:55:12> [9F60351B] Device Info - 6
<11:55:12> [9F60351C] Device Info - 7
<11:55:12> [E98ECC28] Video Memory Info
<11:55:12> [D5FBE664] Video Memory - 1
<11:55:12> [D5FBE665] Video Memory - 2
<11:55:12> [D5FBE666] Video Memory - 3
<11:55:12> [D5FBE667] Video Memory - 4
<11:55:12> [D5FBE668] Video Memory - 5
<11:55:12> [D5FBE669] Video Memory - 6
<11:55:12> [D5FBE66A] Video Memory - 7
<11:55:12> [D5FBE66B] Video Memory - 8
<11:55:12> [99EA404A]  AMD Radeon RX 7800 XT (RADV NAVI32) (vendor = 0x1002, device = 0x747e, subSys = 0x00000000)
<11:55:12> [77718B6A] -- Video memory: 4081 MB
<11:55:12> [30DF1863] -- Minimum SM 2.0 support: yes
<11:55:12> [13E11956] -- DX11 supported: yes
<11:55:12> [50B60100] --------------------------------------------------------------------------------
<11:55:12> [5921EDBE] Stream Engine Initialization
<11:55:12> [BA0D559B] Splash: Initializing Stream Engine...
<11:55:12> [939F6EBB] Enable Resolutions : 0
<11:55:12> [A30A84B6] can't enum display resolution modes
<11:55:12> [B324CD25] Screen Resolution - 1024x768
<11:55:12> [3778EA0B] Screen Resolution - 0 (2560x1440)
<11:55:12> [A1B107F0] Screen Resolution - Test OK (2560x1440)
<11:55:12> [A9E4B0F2] Network initialization
<11:55:12> [BA0D559B] Splash: Initializing Network System...
<11:55:12> [14FAD233] Socket I/O by iocp
<11:55:12> [E36A4FB9] Physics initialization
<11:55:12> [BA0D559B] Splash: Initializing Physics...
<11:55:12> [2462D581] MovieSystem initialization
<11:55:12> [BA0D559B] Splash: Initializing Movie System...
<11:55:12> [93287AEC] Renderer initialization - Start
<11:55:12> [BA0D559B] Splash: Initializing Renderer...
<11:55:12> [91207680] Renderer initialization - Open
<11:55:12> [4377E7CB] Renderer initialization - DLL Load(CryRenderD3D9.dll)
<11:55:12> [71203A94] Renderer initialization - DLL Done
<11:55:12> [71227C22] Renderer initialization - DLL Init
<11:55:12> [C653D9CB] Renderer initialization - Instance
<11:55:12> [44D9754D] D3D Adapter: Driver name: aticfx32.dll
<11:55:12> [82BE8322] D3D Adapter: Driver description: AMD Radeon RX 7800 XT (RADV NAVI32)
<11:55:12> [2224501A] D3D Adapter: Driver version: 32767.65535.65535.65535
<11:55:12> [E8D1E30D] D3D Adapter: Driver GUID: 00000000-0003-0000-0000000000000000
<11:55:12> [BC8C1ACB] D3D Adapter: VendorId = 0x1002
<11:55:12> [B6A10CFD] D3D Adapter: DeviceId = 0x747E
<11:55:12> [0678E702] D3D Adapter: SubSysId = 0x00000000
<11:55:12> [F2243F0E] D3D Adapter: Revision = 0
<11:55:12> [E571CFEE] Shader manager initialization
<11:55:13> [05BAAEF6] CResFile allocations incurred by user cache preload: (20541.30k)
<11:55:13> [911B73B8] Renderer initialization - Done
<11:55:13> [8E444EA9] Console initialization
<11:55:13> [2904A233] Time initialization
<11:55:13> [3650CFD6] Input initialization
<11:55:13> [BA0D559B] Splash: Initializing Input System...
<11:55:13> Initializing Keyboard
<11:55:13> [99640BF1] Sound initialization
<11:55:13> [BA0D559B] Splash: Initializing Sound System...
<11:55:13> [2C33885C] Sound - Initializing AudioDevice now!
<11:55:13> [E46760A9] <Sound> Initialize FMOD with dynamic memory callbacks
<11:55:15> [D6755BFD] <Sound> Starting to initialize Windows Audio Session API output! 
<11:55:15> [F7E8E3CD] <Sound> Drivers found: 5
<11:55:15> [5076AD4B] <Sound> Available drivers:
	1.	PulseAudio Output (PulseAudio Output)
	2.	Blue Microphones Analog Stereo (Blue Microphones Analog Stereo)
	3.	Wireless Controller (Wireless Controller)
	4.	Navi 31 HDMI/DP Audio Digital Stereo (HDMI) (Navi 31 HDMI/DP Audio Digital Stereo (HDMI))
	5.	Family 17h/19h/1ah HD Audio Controller Analog Stereo (Family 17h/19h/1ah HD Audio Controller Analog Stereo)
<11:55:15> [A0BBF7E1] <Sound> FmodEx-AudioDevice: Now running on driver: PulseAudio Output (PulseAudio Output)
<11:55:15> [14D8EFE1] <Sound> Using speaker mode: FMOD_SPEAKERMODE_STEREO
<11:55:15> [E79C27E5] <Sound> Initializing FMOD-EX now!
<11:55:15> [E2A9FE08] <Sound> Available record drivers: 0 PulseAudio Input (PulseAudio Input) !
<11:55:15> [E2A9FE08] <Sound> Available record drivers: 1 Family 17h/19h/1ah HD Audio Controller Analog Stereo (Family 17h/19h/1ah HD Audio Controller Analog Stereo) !
<11:55:15> [E2A9FE08] <Sound> Available record drivers: 2 Wireless Controller (Wireless Controller) !
<11:55:15> [E2A9FE08] <Sound> Available record drivers: 3 Blue Microphones Analog Stereo (Blue Microphones Analog Stereo) !
<11:55:15> [E2A9FE08] <Sound> Available record drivers: 4 Monitor of Family 17h/19h/1ah HD Audio Controller (Monitor of Family 17h/19h/1ah HD Audio Controller) !
<11:55:15> [E2A9FE08] <Sound> Available record drivers: 5 Monitor of Blue Microphones Analog Stereo (Monitor of Blue Microphones Analog Stereo) !
<11:55:15> [E2A9FE08] <Sound> Available record drivers: 6 Wireless Controller (Wireless Controller) !
<11:55:15> [E2A9FE08] <Sound> Available record drivers: 7 Monitor of Navi 31 HDMI/DP Audio Digital Stereo (HDMI) (Monitor of Navi 31 HDMI/DP Audio Digital Stereo (HDMI)) !
<11:55:15> [6841BE38] <Sound> Record config is set to autodetect using record driver 0
<11:55:15> [7808B4C4] <Sound> Using FMOD version: 00044414 and internal 00044414!
<11:55:15> [2A2815C7] <Sound> Initialized FMOD-EX
<11:55:15> [BE4EF52E] Sound - Initializing SoundSystem now!
<11:55:15> [0D547471] Font initialization
<11:55:15> [BA0D559B] Splash: Initializing Fonts...
<11:55:15> [C194F7C8][Warning] Cannot load texture textures/defaults/replacemecm.tif, file missing [File=textures/defaults/replacemecm.dds]
<11:55:15> [84206398] AI initialization
<11:55:15> [1BC221DE] Initializing Animation System
<11:55:15> [BA0D559B] Splash: Initializing Animation System...
<11:55:15> [9E592EFE] Initializing 3D Engine
<11:55:15> [BA0D559B] Splash: Initializing 3D Engine...
<11:55:16> [637AF710][Warning] missing chr material : game/objects/characters/ferre/female/nude/Standard_22.mtl (chr: game/objects/characters/ferre/female/nude/fe_f_base.chr)
<11:55:16> [91F5AEEC][Warning] number of bones mismatch! game/objects/characters/ferre/female/nude/fe_f_base.chr=195 game/objects/characters/ferre/female/nude/fe_f_base_lod1.chr=185
<11:55:17> [7415A452] CHR PreCaching 25 Done
<11:55:17> [E7AD4E53] AddSharedMorphTargets - Failed to load objects/characters/dwarf/male/face/dw_m_face00.chr
<11:55:17> [61AD1790] MorphTargetPreCaching - objects/characters/dwarf/male/face/dw_m_face00.chr Add Failed
<11:55:17> [A4A6E4C6] MorphTarget PreCaching 11 Done
<11:55:17> [5ACB40E2] Init Face Makers
<11:55:17> [56B5985B] X2FaceMaker - game/objects/characters/nuian/male/face/nu_m_face01_mid.chr : mouth_UnderbiteOverbite target not exist
<11:55:17> [56B5985B] X2FaceMaker - game/objects/characters/nuian/male/face/nu_m_face01_mid.chr : mouth_UnderbiteOverbite target not exist
<11:55:17> [56B5985B] X2FaceMaker - game/objects/characters/nuian/male/face/nu_m_face01_mid.chr : mouth_UnderbiteOverbite target not exist
<11:55:17> [4ABB03EB] game/objects/characters/ferre/female/face/fe_f_face01_low.chr(303) - objects/characters/ferre/female/face/fe_f_face00.chr(3063) SharedMorph is not matched
<11:55:17> [56B5985B] X2FaceMaker - game/objects/characters/nuian/male/face/nu_m_face01_mid.chr : mouth_UnderbiteOverbite target not exist
<11:55:17> [56B5985B] X2FaceMaker - game/objects/characters/nuian/male/face/nu_m_face01_mid.chr : nose_dw_SeptumVol target not exist
<11:55:17> [56B5985B] X2FaceMaker - game/objects/characters/nuian/male/face/nu_m_face01_mid.chr : nose_dw_NasalZposition target not exist
<11:55:17> [56B5985B] X2FaceMaker - game/objects/characters/nuian/male/face/nu_m_face01_mid.chr : FS_dwEarSize target not exist
<11:55:17> [56B5985B] X2FaceMaker - game/objects/characters/nuian/male/face/nu_m_face01_mid.chr : dwarf_Morph target not exist
<11:55:17> [56B5985B] X2FaceMaker - game/objects/characters/nuian/male/face/nu_m_face01_mid.chr : FS_dw_CheekMeat_min target not exist
<11:55:17> [1191A6A8] X2FaceMaker - game/objects/characters/nuian/male/face/nu_m_face01_mid.chr : FS_dw_CheekMeat_max ex target not exist
<11:55:17> [56B5985B] X2FaceMaker - game/objects/characters/warborn/male/face/wa_m_face01_mid.chr : eye_Forehead target not exist
<11:55:17> [56B5985B] X2FaceMaker - game/objects/characters/warborn/male/face/wa_m_face01_mid.chr : eye_Tail_min target not exist
<11:55:17> [1191A6A8] X2FaceMaker - game/objects/characters/warborn/male/face/wa_m_face01_mid.chr : eye_Tail_max ex target not exist
<11:55:17> [56B5985B] X2FaceMaker - game/objects/characters/warborn/male/face/wa_m_face01_mid.chr : eye_WidthLength_min target not exist
<11:55:17> [1191A6A8] X2FaceMaker - game/objects/characters/warborn/male/face/wa_m_face01_mid.chr : eye_WidthLength_max ex target not exist
<11:55:17> [56B5985B] X2FaceMaker - game/objects/characters/warborn/male/face/wa_m_face01_mid.chr : eye_DoubleEyelidShape target not exist
<11:55:17> [56B5985B] X2FaceMaker - game/objects/characters/warborn/male/face/wa_m_face01_mid.chr : eye_BrowXposition target not exist
<11:55:17> [56B5985B] X2FaceMaker - game/objects/characters/warborn/male/face/wa_m_face01_mid.chr : eye_BrowZposition target not exist
<11:55:17> [56B5985B] X2FaceMaker - game/objects/characters/warborn/male/face/wa_m_face01_mid.chr : nose_Nostril target not exist
<11:55:17> [56B5985B] X2FaceMaker - game/objects/characters/warborn/male/face/wa_m_face01_mid.chr : nose_Size target not exist
<11:55:17> [56B5985B] X2FaceMaker - game/objects/characters/warborn/male/face/wa_m_face01_mid.chr : nose_SeptumZposition target not exist
<11:55:17> [56B5985B] X2FaceMaker - game/objects/characters/warborn/male/face/wa_m_face01_mid.chr : nose_End target not exist
<11:55:17> [56B5985B] X2FaceMaker - game/objects/characters/warborn/male/face/wa_m_face01_mid.chr : nose_Size target not exist
<11:55:17> [56B5985B] X2FaceMaker - game/objects/characters/warborn/male/face/wa_m_face01_mid.chr : mouth_UpperLipVolume target not exist
<11:55:17> [56B5985B] X2FaceMaker - game/objects/characters/warborn/male/face/wa_m_face01_mid.chr : mouth_LowerLipVolume target not exist
<11:55:17> [56B5985B] X2FaceMaker - game/objects/characters/warborn/male/face/wa_m_face01_mid.chr : mouth_UpperLipOpen target not exist
<11:55:17> [56B5985B] X2FaceMaker - game/objects/characters/warborn/male/face/wa_m_face01_mid.chr : mouth_LowerLipOpen target not exist
<11:55:17> [56B5985B] X2FaceMaker - game/objects/characters/warborn/male/face/wa_m_face01_mid.chr : mouth_MouthOpen target not exist
<11:55:17> [56B5985B] X2FaceMaker - game/objects/characters/warborn/male/face/wa_m_face01_mid.chr : mouth_Size target not exist
<11:55:17> [56B5985B] X2FaceMaker - game/objects/characters/warborn/male/face/wa_m_face01_mid.chr : mouth_Shape_min target not exist
<11:55:17> [1191A6A8] X2FaceMaker - game/objects/characters/warborn/male/face/wa_m_face01_mid.chr : mouth_Shape_max ex target not exist
<11:55:17> [56B5985B] X2FaceMaker - game/objects/characters/warborn/male/face/wa_m_face01_mid.chr : mouth_TeethZposition target not exist
<11:55:17> [56B5985B] X2FaceMaker - game/objects/characters/warborn/male/face/wa_m_face01_mid.chr : FS_JawHigh_min target not exist
<11:55:17> [1191A6A8] X2FaceMaker - game/objects/characters/warborn/male/face/wa_m_face01_mid.chr : FS_JawHigh_max ex target not exist
<11:55:17> [56B5985B] X2FaceMaker - game/objects/characters/warborn/male/face/wa_m_face01_mid.chr : FS_EarRotate_min target not exist
<11:55:17> [1191A6A8] X2FaceMaker - game/objects/characters/warborn/male/face/wa_m_face01_mid.chr : FS_EarRotate_max ex target not exist
<11:55:17> [56B5985B] X2FaceMaker - game/objects/characters/warborn/male/face/wa_m_face01_mid.chr : FS_Beard1 target not exist
<11:55:17> [56B5985B] X2FaceMaker - game/objects/characters/warborn/male/face/wa_m_face01_mid.chr : FS_Beard2 target not exist
<11:55:17> [56B5985B] X2FaceMaker - game/objects/characters/warborn/male/face/wa_m_face01_mid.chr : FS_Beard3 target not exist
<11:55:17> [56B5985B] X2FaceMaker - game/objects/characters/warborn/female/face/wa_f_face01_mid.chr : eye_Yposition_min target not exist
<11:55:17> [1191A6A8] X2FaceMaker - game/objects/characters/warborn/female/face/wa_f_face01_mid.chr : eye_Yposition_max ex target not exist
<11:55:17> [56B5985B] X2FaceMaker - game/objects/characters/warborn/female/face/wa_f_face01_mid.chr : FS_AllLowerY target not exist
<11:55:17> [56B5985B] X2FaceMaker - game/objects/characters/warborn/female/face/wa_f_face01_mid.chr : FS_AllRotate target not exist
<11:55:17> [56B5985B] X2FaceMaker - game/objects/characters/warborn/female/face/wa_f_face01_mid.chr : FS_AllY target not exist
<11:55:17> [56B5985B] X2FaceMaker - game/objects/characters/warborn/female/face/wa_f_face01_mid.chr : mouth_Open_min target not exist
<11:55:17> [1191A6A8] X2FaceMaker - game/objects/characters/warborn/female/face/wa_f_face01_mid.chr : mouth_Open_max ex target not exist
<11:55:17> [E320B5CE] Init Face Makers - Done!
<11:55:17> [581CA53C] Script System Initialization
<11:55:17> [BA0D559B] Splash: Initializing Script System...
<11:55:17> [000004EE][Warning] [Lua Error] 1_3_0/scripts/common.lua:276: attempt to index global 'Script' (a nil value)
<11:55:17> [58F3F7FF][Warning] <null>:0: [Lua Error] Failed to execute file @game/scriptsbin/common.alb
<11:55:17> [D8B2BA54] Entity system initialization
<11:55:17> [BA0D559B] Splash: Initializing Entity System...
<11:55:17> [D55F91B2][Warning] [CEntityClassRegistry] LoadClassDescription failed, Entity Class name Chick already registered
<11:55:17> [BA0D559B] Splash: Initializing AI System...
<11:55:17> [DA019954] Initializing AI System
<11:55:17> [2546BCC5] Initializing Budgeting System
<11:55:17> [C0E19025] Initializing Seamless System
<11:55:17> [BA0D559B] Splash: Loading Game Data...
<11:55:19> [90B8EC50][Warning] too many ranges: aoe_shapes descs 10156(10156) threshold 100 ranges 12
<11:55:19> [BA4AD6CE] Loading portal list
<11:55:19> [92597454] Portal added, enter: 3891, exit: 6629
<11:55:19> [92597454] Portal added, enter: 21448, exit: 21449
<11:55:19> [92597454] Portal added, enter: 21450, exit: 21451
<11:55:19> [92597454] Portal added, enter: 21452, exit: 21453
<11:55:19> [92597454] Portal added, enter: 21698, exit: 21699
<11:55:19> [92597454] Portal added, enter: 22023, exit: 22024
<11:55:19> [92597454] Portal added, enter: 22042, exit: 22066
<11:55:19> [92597454] Portal added, enter: 22136, exit: 22137
<11:55:19> [92597454] Portal added, enter: 22163, exit: 22164
<11:55:19> [92597454] Portal added, enter: 22184, exit: 22185
<11:55:19> [92597454] Portal added, enter: 22336, exit: 22337
<11:55:19> [92597454] Portal added, enter: 9000063, exit: 9000064
<11:55:19> [1C664009] End loading portal list
<11:55:20> [937812F7] loaded DDCMS (1396969 descs, 719156 links (17 page 16.95MB size) string) from game\db\compact.sqlite3 in 1020 ms
<11:55:20> [BA0D559B] Splash: Initializing Game System...
<11:55:20> [000004EE][Warning] [Lua Error] no localized ui text for 18 always_refund
<11:55:20> [0ADE3294][Warning] [MFX] Effect 'collisions:grenade' already present. Overriding.
<11:55:20> [311630D1][Warning] MFX WARNING: Material not found: mat_ice_breakable
<11:55:21>  
<11:55:21>    sys_spec = Custom (assuming 4)
<11:55:21>      option_anti_aliasing = 2 expected:3
<11:55:21>  
<11:55:21> [BA0D559B] Splash: Preparing Screen...
<11:55:21> [963385F6] Level System - Loading Start
<11:55:21> [806B6F8D] precaching world entities ..
<11:55:21> [7E39E0DE] precaching world entities .. done!  total (0) objects
<11:55:21> [D2B280D6] Vegetation Manager : Loading World(login2)
<11:55:21> [075AB92F] Vegetation Manager : Loading World - Done (total 36 vegetations)
<11:55:21> [B9410AA1] total 20 terrain world surfaces loaded
<11:55:21> Loading Particle Library: collisions
<11:55:21> Loading Particle Library: water
<11:55:21> Loading Particle Library: misc
<11:55:21> Loading Particle Library: ability_skill_table
<11:55:21> Loading Particle Library: ability_skill_table_k
<11:55:21> Loading Particle Library: abillity_skill_table_m
<11:55:21> Loading Particle Library: machinima
<11:55:21> Loading Particle Library: x2_effects
<11:55:21> Loading Particle Library: x2_effects_k
<11:55:21> [280A47E3] Precached total 2 materials
<11:55:22> [7B1A973B] seamless loading cell terrain(W0, 1), (L0, 0)
<11:55:22> [3EF08C47] seamless loading cell object(W0, 1), (L0, 0)
<11:55:22> [584C4FFD] [net 15:55:12.448]  dns ip:192.168.1.202
<11:55:22> [584C4FFD] [net 15:55:12.448]  dns ip:172.17.0.1
<11:55:22> [584C4FFD] [net 15:55:12.448]  dns ip:172.19.0.1
<11:55:22> [584C4FFD] [net 15:55:12.448]  dns ip:172.18.0.1
<11:55:22> [0DE3FA89][Error] CryAnimation: character-definition creation failed: game/objects/characters/elf/female/nude/el_f_kyprosa.cdf
<11:55:22> [13A58BA0][Error] CryAnimation: character-definition not found: game/objects/characters/elf/female/nude/el_f_kyprosa.cdf
<11:55:22> [4DD44108] Start DaruCommon Extension
<11:55:22> [1B425DA5] Duplicated post effect param! pszName = FilterMaskedBlurring_Amount
<11:55:22> [1B425DA5] Duplicated post effect param! pszName = FilterMaskedBlurring_MaskTexName
<11:55:22> [1B425DA5] Duplicated post effect param! pszName = FilterChromaShift_User_Amount
<11:55:22> [1B425DA5] Duplicated post effect param! pszName = FilterGrain_Amount
<11:55:22> [8F6BAA6C][Warning] Couldn't find console variable 'e_water_ocean_fft'
<11:55:22> Loading Particle Library: wind
<11:55:22> Loading Particle Library: X2_EFFECT_O
<11:55:22> [000004EE][Warning] Particle effect not found: '                                                                ', from ParticleEffect fx_land_green
<11:55:22> [12409CCC] Load Zone Finished
<11:55:22> [A39C1725] Level System - Loading Complete
<11:55:22> [27293DED] -----------------------------------------------------
<11:55:22> [120C18F5] * LOADING: 'loginbg4' loading time: 1.56 seconds
<11:55:22> [27293DED] -----------------------------------------------------
<11:55:22> [000004EE][Warning] [Lua Error] no client player exists
<11:55:22> [A13C772D][Warning] Cannot load texture ui/font_color.g, Image file format is invalid [File=ui/font_color.g]
<11:55:22> [000FABC5][Warning] CAreaGrid::BeginAreas() called before being initialized.
<11:55:22> [CA175C82][Warning] non-stream IO. system(Material), filePath(game/materials/irradiance_volume/default.mtl)
<11:55:22> [000004EE][Warning] I3DEngine::RegisterEntity: entity reports invalid position: Name: LightEntityName (), Class: LightEntityClass, Pos=(515.8,6956.2,547.4), aabb center=(0.0,0.0,-40.0)
<11:55:27> [1D01FDCA] Auth: client connected to server
<11:55:27> [584C4FFD] [net 15:55:27.409]  socket ip:192.168.1.202
<11:55:27> [4C920A71] mac address : 74-56-3c-fe-52-f3
<11:55:28> [A13C772D][Warning] Cannot load texture ui/font_color.g, Image file format is invalid [File=ui/font_color.g]
<11:55:33> [7CC1A260] Save Game Option
<11:55:33> [D2121932] Change resolution: 2560x1440x32 (Fullscreen)
<11:55:33> [FD3FC76F] resetting terrain texture cache
<11:55:33> [FD3FC76F] resetting terrain texture cache
<11:55:33> [583D6F38] Final resolution: 2560x1440x32 (Fullscreen)
<11:55:33> [9FC303B8][Error] [CVARS]: [DUPLICATE] CXConsole::RegisterFloat(): variable [ui_double_click_interval] is already registered
<11:55:33> [000004EE][Warning] [Lua Error] no localized ui text for 18 always_refund
<11:55:33> [000004EE][Warning] [Lua Error] no client player exists
<11:55:33> [09F46B9D]     cl_fov = 90 []
<11:55:33> [09F46B9D]     camera_max_dist = 180 []
<11:55:33> [73861D69] Unknown command: name_tag_hp_width_on_bgmode 80
<11:55:33> [73861D69] Unknown command: name_tag_hp_height_on_bgmode 30
<11:55:33> [247165BA][Warning] Cannot load texture ui/login_stage/background/game_information.dds, file missing [File=ui/login_stage/background/game_information.dds]
<11:55:36> [584C4FFD] [net 15:55:36.129] connection requested to: 192.95.21.64:1239
<11:55:36> [4ABA7BDB] Auth: client disconnected (reason=0)
<11:55:36> [0F08E548] [NetConnection] connect completed (succeeded:true)
<11:55:36> [48F7BDF2] invalid world id in world queue packet
<11:55:36> [26623ECA] ucc info.. 5 0
<11:55:36> [4516816D] pay method: person
<11:55:36> [4AA30841] pay location: person
<11:55:36> [ADF1C07E] pay start: 1900-1-1 00:00:00
<11:55:36> [6486A277] pay end: 1900-1-1 00:00:00
<11:55:36> [FFF6198C] premium point: 0
<11:55:36> [481C0862] premium grade: premium_0
<11:55:36> [88D9AB0C] real pay time: 32844680265728
<11:55:36> [34CCC219] stream: connected to world server
<11:55:36> [06A46B5B] stream: authorized by world server
<11:55:36> [4516816D] pay method: person
<11:55:36> [4AA30841] pay location: person
<11:55:36> [ADF1C07E] pay start: 1900-1-1 00:00:00
<11:55:36> [6486A277] pay end: 2037-12-31 16:00:00
<11:55:36> [FFF6198C] premium point: 0
<11:55:36> [481C0862] premium grade: premium_0
<11:55:36> [88D9AB0C] real pay time: -1
<11:55:36> [82321C2B][Warning] [net 15:55:36.912] [time] remote time estimation restarted; estimate accumulator age was 158356.546875
<11:55:38> [637AF710][Warning] missing chr material : game/objects/characters/warborn/female/parts/ar/obj/wa_f_ar_leather181.mtl (chr: game/objects/characters/warborn/female/parts/ar/obj/wa_f_1ac014_1ar117_2ar602_2arm004_2bt005_2pv002.chr)
<11:55:39> [9FC303B8][Error] [CVARS]: [DUPLICATE] CXConsole::RegisterFloat(): variable [ui_double_click_interval] is already registered
<11:55:39> [000004EE][Warning] [Lua Error] no localized ui text for 18 always_refund
<11:55:39> [09F46B9D]     cl_fov = 90 []
<11:55:39> [09F46B9D]     camera_max_dist = 180 []
<11:55:39> [09F46B9D]     name_tag_hp_width_on_bgmode = 80 []
<11:55:39> [09F46B9D]     name_tag_hp_height_on_bgmode = 30 []
<11:55:39> [A13C772D][Warning] Cannot load texture ui/font_color.g, Image file format is invalid [File=ui/font_color.g]
<11:55:39> [06E6A3E9][Warning] Cannot load texture ui/login_stage/queue.dds, file missing [File=ui/login_stage/queue.dds]
<11:55:39> [000004EE][Warning] RenderMesh not assigned game/objects/box_nodraw.cgf
<11:55:41> [DA579B6C][Error] can't load client driven connect info.. Kompy
<11:55:45> [0DE3FA89][Error] CryAnimation: character-definition creation failed: game/objects/characters/returned/female/nude/re_f.cdf
<11:55:45> [6FF68EA5] SetInstantTime: type 0 time 0
<11:55:45> [6FF68EA5] SetInstantTime: type 1 time 1758036549
<11:55:45> [6FF68EA5] SetInstantTime: type 2 time 1757821854
<11:55:45> [6FF68EA5] SetInstantTime: type 3 time 0
<11:55:45> [6FF68EA5] SetInstantTime: type 4 time 0
<11:55:45> [6FF68EA5] SetInstantTime: type 5 time 0
<11:55:45> [6FF68EA5] SetInstantTime: type 6 time 0
<11:55:45> [6FF68EA5] SetInstantTime: type 7 time 1758031507
<11:55:45> [82321C2B][Warning] [net 15:55:45.947] [time] remote time estimation restarted; estimate accumulator age was 2.642035
<11:55:45> [0E61BD35] ExpeditionMember 20 added
<11:55:45> [0E61BD35] ExpeditionMember 20 added
<11:55:45> [0E61BD35] ExpeditionMember 20 added
<11:55:45> [0E61BD35] ExpeditionMember 18 added
<11:55:45> [1EBA13B3][Warning] count not matched; total=164; size=78
<11:55:45> [966861E8][Warning] GetAllPolicies empty
<11:55:45> [67B7DD8A][Warning] my ExpeditionMemberDesc not exist
<11:55:46> [7AB931CE] seamless unloading cell object(W0, 0), (L0, 0)
<11:55:46> [4B1E8B22] unload cell object count : 1511
<11:55:46> [B866A294] seamless unloading cell terrain(W0, 0), (L0, 0)
<11:55:46> [963385F6] Level System - Loading Start
<11:55:46> [E0E0EDAE][Warning] failed to load zone time of day from game/worlds/main_world/zone/225//time_of_day.xml
<11:55:46> [AB17243B][Warning] failed to load zone environment from game/worlds/main_world/zone/309//env.xml
<11:55:46> [35D4413E][Warning] failed to load zone clouds from game/worlds/main_world/zone/309//clouds.xml
<11:55:46> [806B6F8D] precaching world entities ..
<11:55:46> [7E39E0DE] precaching world entities .. done!  total (1778) objects
<11:55:46> [D2B280D6] Vegetation Manager : Loading World(main_world)
<11:55:46> [075AB92F] Vegetation Manager : Loading World - Done (total 3055 vegetations)
<11:55:46> [000004EE][Error] CTerrain::LoadWorldSurfaces: Error loading material: materials/Terrain/gweonidforest/w_forest_road_a1
<11:55:47> [751FFB9E][Warning] Error: CShaderMan::mfCreateShaderResources: Couldn't find detail texture
'game/textures/aa_terrain/canyon/tr_canyon_rock_616a_ddn.tga' in path '' [File=game/textures/aa_terrain/canyon/tr_canyon_rock_616a_ddn.tga]
<11:55:47> [B9410AA1] total 600 terrain world surfaces loaded
<11:55:47> [280A47E3] Precached total 4 materials
<11:55:47> [7B1A973B] seamless loading cell terrain(W16, 8), (L4, 4)
<11:55:47> [7B1A973B] seamless loading cell terrain(W15, 8), (L3, 4)
<11:55:47> [7B1A973B] seamless loading cell terrain(W16, 9), (L4, 5)
<11:55:47> [7B1A973B] seamless loading cell terrain(W15, 9), (L3, 5)
<11:55:47> [7B1A973B] seamless loading cell terrain(W16, 7), (L4, 3)
<11:55:47> [7B1A973B] seamless loading cell terrain(W17, 8), (L5, 4)
<11:55:47> [7B1A973B] seamless loading cell terrain(W15, 7), (L3, 3)
<11:55:47> [7B1A973B] seamless loading cell terrain(W17, 9), (L5, 5)
<11:55:47> [7B1A973B] seamless loading cell terrain(W17, 7), (L5, 3)
<11:55:47> [7B1A973B] seamless loading cell terrain(W14, 8), (L2, 4)
<11:55:47> [7B1A973B] seamless loading cell terrain(W16, 10), (L4, 6)
<11:55:47> [7B1A973B] seamless loading cell terrain(W14, 9), (L2, 5)
<11:55:47> [7B1A973B] seamless loading cell terrain(W15, 10), (L3, 6)
<11:55:47> [7B1A973B] seamless loading cell terrain(W14, 7), (L2, 3)
<11:55:47> [7B1A973B] seamless loading cell terrain(W17, 10), (L5, 6)
<11:55:47> [7B1A973B] seamless loading cell terrain(W16, 6), (L4, 2)
<11:55:47> [7B1A973B] seamless loading cell terrain(W18, 8), (L6, 4)
<11:55:47> [7B1A973B] seamless loading cell terrain(W15, 6), (L3, 2)
<11:55:47> [7B1A973B] seamless loading cell terrain(W18, 9), (L6, 5)
<11:55:47> [7B1A973B] seamless loading cell terrain(W14, 10), (L2, 6)
<11:55:47> [7B1A973B] seamless loading cell terrain(W17, 6), (L5, 2)
<11:55:47> [7B1A973B] seamless loading cell terrain(W18, 7), (L6, 3)
<11:55:47> [7B1A973B] seamless loading cell terrain(W13, 8), (L1, 4)
<11:55:47> [7B1A973B] seamless loading cell terrain(W16, 11), (L4, 7)
<11:55:47> [7B1A973B] seamless loading cell terrain(W14, 6), (L2, 2)
<11:55:47> [7B1A973B] seamless loading cell terrain(W18, 10), (L6, 6)
<11:55:47> [7B1A973B] seamless loading cell terrain(W13, 9), (L1, 5)
<11:55:47> [7B1A973B] seamless loading cell terrain(W15, 11), (L3, 7)
<11:55:47> [7B1A973B] seamless loading cell terrain(W13, 7), (L1, 3)
<11:55:47> [7B1A973B] seamless loading cell terrain(W17, 11), (L5, 7)
<11:55:47> [7B1A973B] seamless loading cell terrain(W18, 6), (L6, 2)
<11:55:47> [7B1A973B] seamless loading cell terrain(W16, 5), (L4, 1)
<11:55:47> [7B1A973B] seamless loading cell terrain(W19, 8), (L7, 4)
<11:55:47> [7B1A973B] seamless loading cell terrain(W13, 10), (L1, 6)
<11:55:47> [7B1A973B] seamless loading cell terrain(W14, 11), (L2, 7)
<11:55:47> [7B1A973B] seamless loading cell terrain(W15, 5), (L3, 1)
<11:55:47> [7B1A973B] seamless loading cell terrain(W19, 9), (L7, 5)
<11:55:47> [7B1A973B] seamless loading cell terrain(W17, 5), (L5, 1)
<11:55:47> [7B1A973B] seamless loading cell terrain(W19, 7), (L7, 3)
<11:55:47> [7B1A973B] seamless loading cell terrain(W13, 6), (L1, 2)
<11:55:47> [7B1A973B] seamless loading cell terrain(W18, 11), (L6, 7)
<11:55:47> [7B1A973B] seamless loading cell terrain(W14, 5), (L2, 1)
<11:55:47> [7B1A973B] seamless loading cell terrain(W19, 10), (L7, 6)
<11:55:47> [7B1A973B] seamless loading cell terrain(W12, 8), (L0, 4)
<11:55:47> [7B1A973B] seamless loading cell terrain(W12, 9), (L0, 5)
<11:55:47> [7B1A973B] seamless loading cell terrain(W18, 5), (L6, 1)
<11:55:47> [7B1A973B] seamless loading cell terrain(W13, 11), (L1, 7)
<11:55:47> [7B1A973B] seamless loading cell terrain(W19, 6), (L7, 2)
<11:55:47> [7B1A973B] seamless loading cell terrain(W12, 7), (L0, 3)
<11:55:47> [3EF08C47] seamless loading cell object(W16, 8), (L4, 4)
<11:55:47> [000004EE][Warning] [CGF Error] game/objects/env/02_harihara/01_ma/ma_top05.cgf [:] non-uniform scale(0.70, 1.00, 0.70) at node(Box11)
<11:55:47> Loading Particle Library: X2_EFFECTS_P
<11:55:47> Loading Particle Library: x2_sounds
<11:55:47> [3EF08C47] seamless loading cell object(W15, 8), (L3, 4)
<11:55:47> [3EF08C47] seamless loading cell object(W16, 9), (L4, 5)
<11:55:47> [3EF08C47] seamless loading cell object(W15, 9), (L3, 5)
<11:55:48> [3EF08C47] seamless loading cell object(W16, 7), (L4, 3)
<11:55:48> [000004EE][Warning] [CGF Error] game/objects/env/01_nuia/001_housing/housing_people/hs_people_roof_a.cgf [:] Duplicate LOD helper $lod2 hs_people_roof_a
<11:55:48> [A5DDEC33][Warning] Warning: CShaderMan::mfForName: NULL name
<11:55:48> [3EF08C47] seamless loading cell object(W17, 8), (L5, 4)
<11:55:48> [CF2CE049][Warning] CMTSafeHeap::m_pBigPool is full. (6031863, MemoryBlock)
<11:55:48> [3EF08C47] seamless loading cell object(W15, 7), (L3, 3)
<11:55:48> [3EF08C47] seamless loading cell object(W17, 9), (L5, 5)
<11:55:48> [3EF08C47] seamless loading cell object(W17, 7), (L5, 3)
<11:55:48> [3EF08C47] seamless loading cell object(W14, 8), (L2, 4)
<11:55:48> [3EF08C47] seamless loading cell object(W16, 10), (L4, 6)
<11:55:48> [3EF08C47] seamless loading cell object(W14, 9), (L2, 5)
<11:55:48> [3EF08C47] seamless loading cell object(W15, 10), (L3, 6)
<11:55:48> [3EF08C47] seamless loading cell object(W14, 7), (L2, 3)
<11:55:48> [3EF08C47] seamless loading cell object(W17, 10), (L5, 6)
<11:55:48> [3EF08C47] seamless loading cell object(W16, 6), (L4, 2)
<11:55:48> [3EF08C47] seamless loading cell object(W18, 8), (L6, 4)
<11:55:48> [000004EE][Warning] [CGF Error] game/objects/env/02_harihara/001_hcom/hcom_cart_b.cgf [:] LOD1 of geometry hcom_cart_b contains too many polygons comparing to the LOD0 [770 against 1114] :
<11:55:49> [3EF08C47] seamless loading cell object(W15, 6), (L3, 2)
<11:55:49> [3EF08C47] seamless loading cell object(W18, 9), (L6, 5)
<11:55:49> [3EF08C47] seamless loading cell object(W14, 10), (L2, 6)
<11:55:49> [3EF08C47] seamless loading cell object(W17, 6), (L5, 2)
<11:55:49> [3EF08C47] seamless loading cell object(W18, 7), (L6, 3)
<11:55:49> [12409CCC] Load Zone Finished
<11:55:49> [000004EE][Warning] I3DEngine::RegisterEntity: entity reports invalid position: Name: LightEntityName (), Class: LightEntityClass, Pos=(6411.5,2342.7,2816.1), aabb center=(142.0,1019.8,-2.3)
<11:55:49> [188BF914][Warning] [EntityLoader] invalid entity pos(1172.249, 2147.883, 0.000) name(AAC_Mahadevi_Ext_1)
<11:55:49> [82321C2B][Warning] [net 15:55:49.582] [time] remote time estimation restarted; estimate accumulator age was 3.565670
<11:55:49> [7F89A202][Warning] AI: Warning: AIPoint is not inside Navigation Modifier. pos(4445.1, 5007.6, 114.4)
<11:55:49> [2363981C][Warning] chr material is not precached : game/objects/env/02_harihara/01_ma/ma_crane_b.mtl (chr: game/objects/env/02_harihara/01_ma/ma_crane_b.chr)
<11:55:49> [CE2F4035][Warning] chr physical geom is not precached. (game/objects/env/02_harihara/01_ma/ma_crane_b.chr)
<11:55:49> [A4D70365][Warning] rigid-body own-entity; prefab=Prefabs/interaction.xml/toy.crane node=AnimObject_1
<11:55:49> [CE0EF930][Warning] failed to stream cgf : objects/env/05_nature/08_cry_source/rocks/road_rocks/road_rocks_flat_grey_a.cgf
<11:55:49> [E126B923][Warning] Cannot load texture game/objects/env/01_nuia/001_housing/housing_furniture/hs_f_drums_ddn, file missing [File=game/objects/env/01_nuia/001_housing/housing_furniture/hs_f_drums_ddn]
<11:55:49> [5CE4EF2C][Warning] failed to load particle lib from (Libs/Particles/game/abillity_skill_table_m.xml)
<11:55:49> [000004EE][Warning] Particle effect not found: 'game/abillity_skill_table_m.wild.shock_form2', from unknown 
<11:55:49> [2BFDEC33][Error] realstep 8, not match unit req
<11:55:49> [A39C1725] Level System - Loading Complete
<11:55:50> [9BE3F673] total 0 CGF files are precached
<11:55:50> [27293DED] -----------------------------------------------------
<11:55:50> [120C18F5] * LOADING: 'e_sunrise_peninsula_2' loading time: 4.50 seconds
<11:55:50> [27293DED] -----------------------------------------------------
<11:55:50> [BCCDC555][Warning] MakeSprite - too many sprite update (10). dropping.. (sprites : 17)
<11:55:50> [745BAE2F][Warning] failed to stream material xml(game/objects/characters/monster/daru/daru_shadow_seller/daru_shadow.mtl)
<11:55:50> [62232BEA][Warning] deferred xml stream error - game/animations/monster/daru_shadow_seller/lmg_files/fist_mo_normal_walk.lmg : f0000003
<11:55:50> [637AF710][Warning] missing chr material : game/objects/characters/monster/daru/daru_shadow_seller/daru_shadow.mtl (chr: game/objects/characters/monster/daru/daru_shadow_seller/daru_shadow_seller.chr)
<11:55:51> [5132FEDE][Warning] invalid attached position(0.00, 21.44, 6.09)
<11:55:51> [000004EE][Warning] [CGF Error] game/objects/env/01_nuia/001_ndeco/making/ndeco_powerfulmaking.cga [:] LOD1 of geometry parts01 contains too many polygons comparing to the LOD0 [1592 against 1130] :
<11:55:52> [DD6CD685][Warning] grand child physical proxy is not supported. grandpa(Eloy), dad(prefab_doodad_model_287074_prefab://Prefabs/galleon.xml/galleon.galleon_helms), child(galleon_helms_1)
<11:55:52> [5243B464][Warning] Error: CShaderMan::mfCreateShaderResources: Couldn't find subsurface texture 'objects/characters/ferre/female/face/face01/fe_f_face01_fur_sss.dds' in path '' [File=objects/characters/ferre/female/face/face01/fe_f_face01_fur_sss.dds]
<11:55:52> [CA175C82][Warning] non-stream IO. system(Material), filePath(game/objects/effects/keffect/m_enchant4_orange_l.mtl)
<11:55:52> [000004EE][Warning] [CGF Error] game/objects/item/bow/bow_monster/bow_ishtar_003/bow_ishtar_003.cgf [:] LOD1 of geometry  contains too many polygons comparing to the LOD0 [1948 against 2908] :
<11:55:52> [000004EE][Warning] Independent immortal particle effect spawned: X2_EFFECT_O.Interaction.enchant_wpn_range_honor_3g
<11:55:53> [09F46B9D]     cl_fov = 90 []
<11:55:53> [09F46B9D]     camera_max_dist = 180 []
<11:55:53> [09F46B9D]     name_tag_hp_width_on_bgmode = 80 []
<11:55:53> [09F46B9D]     name_tag_hp_height_on_bgmode = 30 []
<11:55:53> [000004EE][Warning] [Lua Error] Failed to load script file scriptsbin/x2ui/assignment/form.alb
<11:55:53> [A13C772D][Warning] Cannot load texture ui/font_color.g, Image file format is invalid [File=ui/font_color.g]
<11:55:53> [B5A61D8F] Chat Channel(0) Color is not found.
<11:55:53> [5D174B48][Warning] Not a normal map texture tried to be used as a normal map: ui/themes/archeworld/mailbox_btn_write.dds [File=ui/themes/archeworld/mailbox_btn_write.dds]
<11:55:53> [000004EE][Warning] [Lua Error] ...ts/x2ui/loginstage/character_create/locale/en_us.lua:524: attempt to index a nil value
<11:55:53> [58F3F7FF][Warning] <null>:0: [Lua Error] Failed to execute file @game/scriptsbin/x2ui/loginstage/character_create/locale/en_us.alb
<11:55:53> [73AFCD09][Warning] Cannot load texture ui/map/frame_map_2.dds, file missing [File=ui/map/frame_map_2.dds]
<11:55:53> [000004EE][Warning] [Lua] invalid style type...  / brown
<11:55:53> [82321C2B][Warning] [net 15:55:53.947] [time] remote time estimation restarted; estimate accumulator age was 0.936472
<11:55:54> [745BAE2F][Warning] failed to stream material xml(game/objects/characters/hariharan/female/parts/hm/obj/ha_f_hm_cloth048.mtl)
<11:55:54> [637AF710][Warning] missing chr material : game/objects/characters/hariharan/female/parts/hm/obj/ha_f_hm_cloth048.mtl (chr: game/objects/characters/hariharan/female/parts/hm/obj/ha_f_1hm189.chr)
<11:55:54> [A4D70365][Warning] rigid-body own-entity; prefab=prefabs/interaction_b.xml/quest.ferre_flag node=AnimObject17
<11:55:56> [7CE2B2CC] DrawRayOnGrid, dir.x(-4360.1), dir.y(-4823.6)
<11:55:56> [7CE2B2CC] DrawRayOnGrid, dir.x(-4360.1), dir.y(-4823.6)
<11:55:56> [CE0EF930][Warning] failed to stream cgf : default
<11:55:59> [CFFE1C46][Error] Error streaming texture: Error 'Cannot open the file', Texture: game/objects/editor/suithelper/gradf.dds
<11:55:59> [745BAE2F][Warning] failed to stream material xml(game/objects/env/01_nuia/001_ndeco/ndeco_backpack_fertilizer.mtl)
<11:56:03> [CE0EF930][Warning] failed to stream cgf : default
<11:56:04> [000004EE][Warning] [CGF Error] game/objects/env/02_harihara/001_hcom/hcom_cart_b.cgf [:] LOD1 of geometry hcom_cart_b contains too many polygons comparing to the LOD0 [770 against 1114] :
<11:56:04> [A4D70365][Warning] rigid-body own-entity; prefab=Prefabs/interaction.xml/toy.crane node=AnimObject_1
<11:56:06> [09F46B9D]     cl_fov = 90 []
<11:56:06> [09F46B9D]     camera_max_dist = 180 []
<11:56:06> [09F46B9D]     name_tag_hp_width_on_bgmode = 80 []
<11:56:06> [09F46B9D]     name_tag_hp_height_on_bgmode = 30 []
<11:56:06> [7CC1A260] Save Game Option
<11:56:13> [745BAE2F][Warning] failed to stream material xml(game/materials/effects/fume_h_ssd.mtl)
<11:56:16> [CA175C82][Warning] non-stream IO. system(Material), filePath(game/materials/decals/footstep_sand.mtl)
<11:56:17> [F724A392][Error] CryAnimation:: Trying to load animation with alias "fist_ba_relaxed_idle_rand_2" from file "animations/monster/pet_agathion/fist/fist_ba_relaxed_idle_rand.caf" into the animation container. Such animation alias already exists and uses file "animations/monster/pet_agathion/fist/fist_ba_relaxed_idle_rand_2.caf". Please use another animation alias.
<11:56:17> Loading Particle Library: X2_EFFECT_KSW
<11:56:17> [B95EE41B][Error] invalid parent unit id(128161)
<11:56:17> [23C0332B][Warning] Cannot load texture objects/characters/ferre/female/nude/fe_f_nude_fur_yel_sp.dds, file missing [File=objects/characters/ferre/female/nude/fe_f_nude_fur_yel_sp.dds]
<11:56:18> [637AF710][Warning] missing chr material : game/objects/characters/ferre/female/parts/gv/obj/fe_f_gv_cloth504.mtl (chr: game/objects/characters/ferre/female/parts/gv/obj/fe_f_1gv501.chr)
<11:56:18> [000004EE][Warning] [CGF Error] game/objects/env/06_unit/06_glider/glider_wing_crystal/glider_wing_crystal_back.cgf [:] LOD1 of geometry  contains too many polygons comparing to the LOD0 [2720 against 4064] :
<11:56:20> [CE0EF930][Warning] failed to stream cgf : default
<11:56:21> [09F46B9D]     cl_fov = 90 []
<11:56:21> [09F46B9D]     camera_max_dist = 180 []
<11:56:21> [09F46B9D]     name_tag_hp_width_on_bgmode = 80 []
<11:56:21> [09F46B9D]     name_tag_hp_height_on_bgmode = 30 []
<11:56:21> [7CC1A260] Save Game Option
<11:56:31> [B95EE41B][Error] invalid parent unit id(72061)
<11:56:31> [000004EE][Warning] Particle effect not found: 'game/ability_skill_table_k.p_skill_will.spirit_launch', from unknown 
<11:56:31> [BD8C448A][Warning] Cannot load texture game/objects/characters/warborn/male/nude/wa_m_nude_ddn.dds, file missing [File=game/objects/characters/warborn/male/nude/wa_m_nude_ddn.dds]
<11:56:31> [745BAE2F][Warning] failed to stream material xml(game/objects/characters/warborn/male/parts/cp/obj/01 - Default.mtl)
<11:56:31> [637AF710][Warning] missing chr material : game/objects/characters/warborn/male/parts/cp/obj/01 - Default.mtl (chr: game/objects/characters/warborn/male/parts/cp/obj/wa_m_1cp101.chr)
<11:56:31> [000004EE][Warning] Independent immortal particle effect spawned: X2_EFFECT_O.Interaction.enchant_wpn_range_honor_3g
<11:56:35> [A4D70365][Warning] rigid-body own-entity; prefab=Prefabs/interaction.xml/toy.crane node=AnimObject_1
<11:56:35> [CE0EF930][Warning] failed to stream cgf : default
<11:56:48> [09F46B9D]     cl_fov = 90 []
<11:56:48> [09F46B9D]     camera_max_dist = 180 []
<11:56:48> [09F46B9D]     name_tag_hp_width_on_bgmode = 80 []
<11:56:48> [09F46B9D]     name_tag_hp_height_on_bgmode = 30 []
<11:56:48> [7CC1A260] Save Game Option
<11:56:50> [B95EE41B][Error] invalid parent unit id(123873)
<11:56:50> [000004EE][Warning] Particle effect not found: 'game/abillity_skill_table_m.fight.roaring_launch', from unknown 
<11:56:50> [745BAE2F][Warning] failed to stream material xml(game/objects/characters/ferre/female/parts/ar/metal/ar_metal170/fe_f_ar_metal170_brop01.mtl)
<11:56:50> [637AF710][Warning] missing chr material : game/objects/characters/ferre/female/parts/pt/obj/fe_f_pt_metal166.mtl (chr: game/objects/characters/ferre/female/parts/pt/obj/fe_f_1pt304.chr)
<11:56:50> [000004EE][Warning] [CGF Error] game/objects/item/bow/bow_eph_3/bow_eph_3.cgf [:] LOD1 of geometry  contains too many polygons comparing to the LOD0 [824 against 1214] :
<11:56:51> [C53E6FFE][Warning] non cached CDF material(objects/Characters/animals/pangolin/pangolin_grey/pangolin_grey.mtl, game/objects/characters/animals/pangolin/pangolin_grey/pangolin_grey.cdf)
<11:56:51> [CA175C82][Warning] non-stream IO. system(Material), filePath(game/objects/characters/animals/pangolin/pangolin_grey/pangolin_grey.mtl)
<11:56:51> [2363981C][Warning] chr material is not precached : game/objects/characters/animals/pangolin/pangolin_red/Pangolin_red.mtl (chr: game/objects/characters/animals/pangolin/pangolin_red/pangolin_red.chr)
<11:56:51> [CE2F4035][Warning] chr physical geom is not precached. (game/objects/characters/animals/pangolin/pangolin_red/pangolin_red.chr)
<11:56:51> [676D2B24][Warning] non-cached LMG xml. (animations/animals/pangolin/lmg_files/fist_mo_normal_walk.lmg)
<11:56:51> [63ABB424][Warning] Facial sequence "fist_ac_whistle" not listed in CAL file for character "game/objects/characters/warborn/female/nude/wa_f_base.chr".
<11:56:51> [A13C772D][Warning] Cannot load texture ui/font_color.g, Image file format is invalid [File=ui/font_color.g]
<11:56:55> [B95EE41B][Error] invalid parent unit id(35128)
<11:56:55> [000004EE][Warning] Particle effect not found: 'game/abillity_skill_table_m.wild.standhold_shot_form', from unknown 
<11:56:56> [000004EE][Warning] Independent immortal particle effect spawned: X2_EFFECT_O.Interaction.enchant_wpn_range_honor_3g
<11:56:56> [745BAE2F][Warning] failed to stream material xml(game/objects/characters/hariharan/male/parts/ar/obj/ha_m_ar_metal042.mtl)
<11:56:56> [637AF710][Warning] missing chr material : game/objects/characters/hariharan/male/parts/ar/obj/ha_m_ar_metal042.mtl (chr: game/objects/characters/hariharan/male/parts/ar/obj/ha_m_1ar107_1arm001_3arm003_3bt002_3pv001_4ac001.chr)
<11:57:01> [000004EE][Warning] Particle effect not found: 'game/ability_skill_table_k.p_skill_romance.me_sg_launch', from unknown 
<11:57:01> [000004EE][Warning] [CGF Error] game/objects/item/bow/bow_eph_7/bow_eph_7.cgf [:] LOD1 of geometry  contains too many polygons comparing to the LOD0 [824 against 1214] :
<11:57:01> [CA175C82][Warning] non-stream IO. system(Material), filePath(game/objects/characters/warborn/female/horns/wa_f_horns011/wa_f_horns011_hc03.mtl)
<11:57:06> [65FB52A3][Warning] Entity Yogurt:cannot find animation additive_fist_ba_relaxed_idle_rand_6
<11:57:33> [5F89E60D][Warning] non cached CDF(game/objects/characters/warborn/female/parts/hm/leather/hm_leather167/wa_f_hm_leather167.cdf)
<11:57:33> [CA175C82][Warning] non-stream IO. system(Material), filePath(game/objects/characters/warborn/female/parts/hm/leather/hm_leather167/wa_f_hm_leather167.mtl)
<11:57:33> [637AF710][Warning] missing chr material : game/objects/characters/warborn/female/parts/hm/obj/wa_f_hm_leather179.mtl (chr: game/objects/characters/warborn/female/parts/hm/obj/wa_f_2hm109.chr)
<11:57:33> [2363981C][Warning] chr material is not precached : game/objects/characters/warborn/female/hair/wa_f_hair_common/wa_f_hair_common0102s_type3.mtl (chr: game/objects/characters/warborn/female/hair/wa_f_hair_common/wa_f_hair_common0102s_type3.chr)
<11:57:42> [745BAE2F][Warning] failed to stream material xml(game/objects/effects/ksw_effect/qilin.mtl)
<11:57:42> [F724A392][Error] CryAnimation:: Trying to load animation with alias "fist_ba_relaxed_idle_rand_2" from file "animations/monster/pet_agathion/fist/fist_ba_relaxed_idle_rand.caf" into the animation container. Such animation alias already exists and uses file "animations/monster/pet_agathion/fist/fist_ba_relaxed_idle_rand_2.caf". Please use another animation alias.
<11:57:42> [B95EE41B][Error] invalid parent unit id(35003)
<11:57:42> [000004EE][Warning] [CGF Error] game/objects/item/sword_1h/sword_1h_53_1/sword_1h_53_1.cgf [:] LOD1 of geometry  contains too many polygons comparing to the LOD0 [1196 against 1350] :
<11:57:42> [CA175C82][Warning] non-stream IO. system(Material), filePath(game/objects/effects/keffect/m_enchant2_yellow_s.mtl)
<11:57:43> [65FB52A3][Warning] Entity Yogurt:cannot find animation additive_fist_ba_relaxed_idle_rand_4
<11:57:43> [584C4FFD] [net 15:57:43.886] -- Client will disconnect; cause=18 desc=graceful exit
<11:57:43> [05D024BA] System:Quit
