[801989E0] BackupNameAttachment=" Build(0) Date(16 September 2025) Time(14 29 06)"  -- used by backup system
[00000020]  
[38F38F32] Log Started at #c
[0232BD25] Running 32 bit version
[7AB6F5FE] Executable: C:\Games\AAClassic\bin32\archeage.exe
[E5C771AC] FileVersion: 3.5.0.0
[F799D55F] ProductVersion: 3.5.3.0
[1F1D6B13] Using Microsoft (tm) C++ Standard Library implementation
[00000020]  
[C7D96C80] Revision: 350000
[00000020]  
[64533E3E] this is the first client
<14:29:11> [B9197FD5][Error] ConsoleVariableGroup[option_effect] key[e_particles_lod_onoff] has no default
<14:29:11> [76666E6D] 
--- CPU detection ---
<14:29:11> [F4D992D8] CPU: AMD AMD Ryzen 7 7800X3D 8-Core Processor           
<14:29:11> [3F649B02] Family: 15, Model: 1, Stepping: 2
<14:29:11> [83D12E0B] FPU: On-Chip
<14:29:11> [50919DA0] CPU Speed (estimated): 4192.107516 MHz
<14:29:11> [C73FD83A] MMX: not present
<14:29:11> [89D1077A] SSE: present
<14:29:11> [64E2B6F1] 3DNow!: present
<14:29:11> [27B7AC6E] Serial number not present or disabled
<14:29:11> [1D2D8E5B] Number of logical processors: 16
<14:29:11> [FA658084] Number of available logical processors: 16
<14:29:11> [A1F061C2] Invariant Time Stamp Counter : yes
<14:29:11> [FA0251ED] ---------------------

<14:29:11> [03E7D838] Device Info
<14:29:11> [9F603516] Device Info - 1
<14:29:11> [9F603517] Device Info - 2
<14:29:11> [9F603518] Device Info - 3
<14:29:11> [9F603519] Device Info - 4
<14:29:11> [9F60351A] Device Info - 5
<14:29:11> [9F60351B] Device Info - 6
<14:29:11> [9F60351C] Device Info - 7
<14:29:11> [E98ECC28] Video Memory Info
<14:29:11> [D5FBE664] Video Memory - 1
<14:29:11> [D5FBE665] Video Memory - 2
<14:29:12> [D5FBE666] Video Memory - 3
<14:29:12> [D5FBE667] Video Memory - 4
<14:29:12> [D5FBE668] Video Memory - 5
<14:29:12> [D5FBE669] Video Memory - 6
<14:29:12> [D5FBE66A] Video Memory - 7
<14:29:12> [D5FBE66B] Video Memory - 8
<14:29:12> [3A4D54A2][Warning] config/gpu/amd.txt line 55 contains a multiple defined GPU rating!
<14:29:12> [D20872C0] InitThreadAffinities
<14:29:12> [2F28A434] UpdateMainThreadAffinity
<14:29:12> [16962512] Windows 8 64 bit (build 6.2.9200)
<14:29:12> [38DFF081] System language: English
<14:29:12> [861A0178] Windows Directory: "C:\windows"
<14:29:12> [341B54F1] Prerequisites...
<14:29:12> [5D1B3C9C] * Installation of KB940105 hotfix required: no! (either not needed or already installed)
<14:29:12> [486D5B40] Local time is 14:29:12 09/16/25, system running for 2792 minutes
<14:29:12> [2F0D5990] 63426MB physical memory installed, 20949MB available, 4095MB virtual memory installed, 66 percent of memory in use
<14:29:12> [31259232] PageFile usage: 
<14:29:12> [453F0D1B] Current display mode is 2560x1440x32
<14:29:12> [8A64FCCC] IBM enhanced (101/102-key) keyboard and 3+ button mouse installed
<14:29:12> [CE30556B] ----- GPU Detection -----------------
<14:29:12> [03E7D838] Device Info
<14:29:12> [9F603516] Device Info - 1
<14:29:12> [9F603517] Device Info - 2
<14:29:12> [9F603518] Device Info - 3
<14:29:12> [9F603519] Device Info - 4
<14:29:12> [9F60351A] Device Info - 5
<14:29:12> [9F60351B] Device Info - 6
<14:29:12> [9F60351C] Device Info - 7
<14:29:12> [E98ECC28] Video Memory Info
<14:29:12> [D5FBE664] Video Memory - 1
<14:29:12> [D5FBE665] Video Memory - 2
<14:29:12> [D5FBE666] Video Memory - 3
<14:29:12> [D5FBE667] Video Memory - 4
<14:29:12> [D5FBE668] Video Memory - 5
<14:29:12> [D5FBE669] Video Memory - 6
<14:29:12> [D5FBE66A] Video Memory - 7
<14:29:12> [D5FBE66B] Video Memory - 8
<14:29:12> [99EA404A]  AMD Radeon RX 7800 XT (RADV NAVI32) (vendor = 0x1002, device = 0x747e, subSys = 0x00000000)
<14:29:12> [77718B6A] -- Video memory: 4081 MB
<14:29:12> [30DF1863] -- Minimum SM 2.0 support: yes
<14:29:12> [13E11956] -- DX11 supported: yes
<14:29:12> [50B60100] --------------------------------------------------------------------------------
<14:29:12> [5921EDBE] Stream Engine Initialization
<14:29:12> [BA0D559B] Splash: Initializing Stream Engine...
<14:29:12> [939F6EBB] Enable Resolutions : 0
<14:29:12> [A30A84B6] can't enum display resolution modes
<14:29:12> [B324CD25] Screen Resolution - 1024x768
<14:29:12> [3778EA0B] Screen Resolution - 0 (2560x1440)
<14:29:12> [A1B107F0] Screen Resolution - Test OK (2560x1440)
<14:29:12> [A9E4B0F2] Network initialization
<14:29:12> [BA0D559B] Splash: Initializing Network System...
<14:29:12> [14FAD233] Socket I/O by iocp
<14:29:12> [E36A4FB9] Physics initialization
<14:29:12> [BA0D559B] Splash: Initializing Physics...
<14:29:12> [2462D581] MovieSystem initialization
<14:29:12> [BA0D559B] Splash: Initializing Movie System...
<14:29:12> [93287AEC] Renderer initialization - Start
<14:29:12> [BA0D559B] Splash: Initializing Renderer...
<14:29:12> [91207680] Renderer initialization - Open
<14:29:12> [4377E7CB] Renderer initialization - DLL Load(CryRenderD3D9.dll)
<14:29:12> [71203A94] Renderer initialization - DLL Done
<14:29:12> [71227C22] Renderer initialization - DLL Init
<14:29:12> [C653D9CB] Renderer initialization - Instance
<14:29:12> [44D9754D] D3D Adapter: Driver name: aticfx32.dll
<14:29:12> [82BE8322] D3D Adapter: Driver description: AMD Radeon RX 7800 XT (RADV NAVI32)
<14:29:12> [2224501A] D3D Adapter: Driver version: 32767.65535.65535.65535
<14:29:12> [E8D1E30D] D3D Adapter: Driver GUID: 00000000-0003-0000-0000000000000000
<14:29:12> [BC8C1ACB] D3D Adapter: VendorId = 0x1002
<14:29:12> [B6A10CFD] D3D Adapter: DeviceId = 0x747E
<14:29:12> [0678E702] D3D Adapter: SubSysId = 0x00000000
<14:29:12> [F2243F0E] D3D Adapter: Revision = 0
<14:29:12> [E571CFEE] Shader manager initialization
<14:29:13> [05BAAEF6] CResFile allocations incurred by user cache preload: (20702.34k)
<14:29:13> [911B73B8] Renderer initialization - Done
<14:29:13> [8E444EA9] Console initialization
<14:29:13> [2904A233] Time initialization
<14:29:13> [3650CFD6] Input initialization
<14:29:13> [BA0D559B] Splash: Initializing Input System...
<14:29:13> Initializing Keyboard
<14:29:13> [99640BF1] Sound initialization
<14:29:13> [BA0D559B] Splash: Initializing Sound System...
<14:29:13> [2C33885C] Sound - Initializing AudioDevice now!
<14:29:13> [E46760A9] <Sound> Initialize FMOD with dynamic memory callbacks
<14:29:14> [D6755BFD] <Sound> Starting to initialize Windows Audio Session API output! 
<14:29:14> [F7E8E3CD] <Sound> Drivers found: 5
<14:29:14> [5076AD4B] <Sound> Available drivers:
	1.	PulseAudio Output (PulseAudio Output)
	2.	Blue Microphones Analog Stereo (Blue Microphones Analog Stereo)
	3.	Wireless Controller (Wireless Controller)
	4.	Navi 31 HDMI/DP Audio Digital Stereo (HDMI) (Navi 31 HDMI/DP Audio Digital Stereo (HDMI))
	5.	Family 17h/19h/1ah HD Audio Controller Analog Stereo (Family 17h/19h/1ah HD Audio Controller Analog Stereo)
<14:29:14> [A0BBF7E1] <Sound> FmodEx-AudioDevice: Now running on driver: PulseAudio Output (PulseAudio Output)
<14:29:14> [14D8EFE1] <Sound> Using speaker mode: FMOD_SPEAKERMODE_STEREO
<14:29:14> [E79C27E5] <Sound> Initializing FMOD-EX now!
<14:29:14> [E2A9FE08] <Sound> Available record drivers: 0 PulseAudio Input (PulseAudio Input) !
<14:29:14> [E2A9FE08] <Sound> Available record drivers: 1 Family 17h/19h/1ah HD Audio Controller Analog Stereo (Family 17h/19h/1ah HD Audio Controller Analog Stereo) !
<14:29:14> [E2A9FE08] <Sound> Available record drivers: 2 Wireless Controller (Wireless Controller) !
<14:29:14> [E2A9FE08] <Sound> Available record drivers: 3 Blue Microphones Analog Stereo (Blue Microphones Analog Stereo) !
<14:29:14> [E2A9FE08] <Sound> Available record drivers: 4 Monitor of Family 17h/19h/1ah HD Audio Controller (Monitor of Family 17h/19h/1ah HD Audio Controller) !
<14:29:14> [E2A9FE08] <Sound> Available record drivers: 5 Monitor of Blue Microphones Analog Stereo (Monitor of Blue Microphones Analog Stereo) !
<14:29:14> [E2A9FE08] <Sound> Available record drivers: 6 Wireless Controller (Wireless Controller) !
<14:29:14> [E2A9FE08] <Sound> Available record drivers: 7 Monitor of Navi 31 HDMI/DP Audio Digital Stereo (HDMI) (Monitor of Navi 31 HDMI/DP Audio Digital Stereo (HDMI)) !
<14:29:14> [6841BE38] <Sound> Record config is set to autodetect using record driver 0
<14:29:14> [7808B4C4] <Sound> Using FMOD version: 00044414 and internal 00044414!
<14:29:14> [2A2815C7] <Sound> Initialized FMOD-EX
<14:29:14> [BE4EF52E] Sound - Initializing SoundSystem now!
<14:29:15> [0D547471] Font initialization
<14:29:15> [BA0D559B] Splash: Initializing Fonts...
<14:29:15> [C194F7C8][Warning] Cannot load texture textures/defaults/replacemecm.tif, file missing [File=textures/defaults/replacemecm.dds]
<14:29:15> [84206398] AI initialization
<14:29:15> [1BC221DE] Initializing Animation System
<14:29:15> [BA0D559B] Splash: Initializing Animation System...
<14:29:15> [9E592EFE] Initializing 3D Engine
<14:29:15> [BA0D559B] Splash: Initializing 3D Engine...
<14:29:15> [637AF710][Warning] missing chr material : game/objects/characters/ferre/female/nude/Standard_22.mtl (chr: game/objects/characters/ferre/female/nude/fe_f_base.chr)
<14:29:15> [91F5AEEC][Warning] number of bones mismatch! game/objects/characters/ferre/female/nude/fe_f_base.chr=195 game/objects/characters/ferre/female/nude/fe_f_base_lod1.chr=185
<14:29:16> [7415A452] CHR PreCaching 25 Done
<14:29:16> [E7AD4E53] AddSharedMorphTargets - Failed to load objects/characters/dwarf/male/face/dw_m_face00.chr
<14:29:16> [61AD1790] MorphTargetPreCaching - objects/characters/dwarf/male/face/dw_m_face00.chr Add Failed
<14:29:16> [A4A6E4C6] MorphTarget PreCaching 11 Done
<14:29:16> [5ACB40E2] Init Face Makers
<14:29:16> [56B5985B] X2FaceMaker - game/objects/characters/nuian/male/face/nu_m_face01_mid.chr : mouth_UnderbiteOverbite target not exist
<14:29:16> [56B5985B] X2FaceMaker - game/objects/characters/nuian/male/face/nu_m_face01_mid.chr : mouth_UnderbiteOverbite target not exist
<14:29:16> [56B5985B] X2FaceMaker - game/objects/characters/nuian/male/face/nu_m_face01_mid.chr : mouth_UnderbiteOverbite target not exist
<14:29:16> [4ABB03EB] game/objects/characters/ferre/female/face/fe_f_face01_low.chr(303) - objects/characters/ferre/female/face/fe_f_face00.chr(3063) SharedMorph is not matched
<14:29:16> [56B5985B] X2FaceMaker - game/objects/characters/nuian/male/face/nu_m_face01_mid.chr : mouth_UnderbiteOverbite target not exist
<14:29:16> [56B5985B] X2FaceMaker - game/objects/characters/nuian/male/face/nu_m_face01_mid.chr : nose_dw_SeptumVol target not exist
<14:29:16> [56B5985B] X2FaceMaker - game/objects/characters/nuian/male/face/nu_m_face01_mid.chr : nose_dw_NasalZposition target not exist
<14:29:16> [56B5985B] X2FaceMaker - game/objects/characters/nuian/male/face/nu_m_face01_mid.chr : FS_dwEarSize target not exist
<14:29:16> [56B5985B] X2FaceMaker - game/objects/characters/nuian/male/face/nu_m_face01_mid.chr : dwarf_Morph target not exist
<14:29:16> [56B5985B] X2FaceMaker - game/objects/characters/nuian/male/face/nu_m_face01_mid.chr : FS_dw_CheekMeat_min target not exist
<14:29:16> [1191A6A8] X2FaceMaker - game/objects/characters/nuian/male/face/nu_m_face01_mid.chr : FS_dw_CheekMeat_max ex target not exist
<14:29:16> [56B5985B] X2FaceMaker - game/objects/characters/warborn/male/face/wa_m_face01_mid.chr : eye_Forehead target not exist
<14:29:16> [56B5985B] X2FaceMaker - game/objects/characters/warborn/male/face/wa_m_face01_mid.chr : eye_Tail_min target not exist
<14:29:16> [1191A6A8] X2FaceMaker - game/objects/characters/warborn/male/face/wa_m_face01_mid.chr : eye_Tail_max ex target not exist
<14:29:16> [56B5985B] X2FaceMaker - game/objects/characters/warborn/male/face/wa_m_face01_mid.chr : eye_WidthLength_min target not exist
<14:29:16> [1191A6A8] X2FaceMaker - game/objects/characters/warborn/male/face/wa_m_face01_mid.chr : eye_WidthLength_max ex target not exist
<14:29:16> [56B5985B] X2FaceMaker - game/objects/characters/warborn/male/face/wa_m_face01_mid.chr : eye_DoubleEyelidShape target not exist
<14:29:16> [56B5985B] X2FaceMaker - game/objects/characters/warborn/male/face/wa_m_face01_mid.chr : eye_BrowXposition target not exist
<14:29:16> [56B5985B] X2FaceMaker - game/objects/characters/warborn/male/face/wa_m_face01_mid.chr : eye_BrowZposition target not exist
<14:29:16> [56B5985B] X2FaceMaker - game/objects/characters/warborn/male/face/wa_m_face01_mid.chr : nose_Nostril target not exist
<14:29:16> [56B5985B] X2FaceMaker - game/objects/characters/warborn/male/face/wa_m_face01_mid.chr : nose_Size target not exist
<14:29:16> [56B5985B] X2FaceMaker - game/objects/characters/warborn/male/face/wa_m_face01_mid.chr : nose_SeptumZposition target not exist
<14:29:16> [56B5985B] X2FaceMaker - game/objects/characters/warborn/male/face/wa_m_face01_mid.chr : nose_End target not exist
<14:29:16> [56B5985B] X2FaceMaker - game/objects/characters/warborn/male/face/wa_m_face01_mid.chr : nose_Size target not exist
<14:29:16> [56B5985B] X2FaceMaker - game/objects/characters/warborn/male/face/wa_m_face01_mid.chr : mouth_UpperLipVolume target not exist
<14:29:16> [56B5985B] X2FaceMaker - game/objects/characters/warborn/male/face/wa_m_face01_mid.chr : mouth_LowerLipVolume target not exist
<14:29:16> [56B5985B] X2FaceMaker - game/objects/characters/warborn/male/face/wa_m_face01_mid.chr : mouth_UpperLipOpen target not exist
<14:29:16> [56B5985B] X2FaceMaker - game/objects/characters/warborn/male/face/wa_m_face01_mid.chr : mouth_LowerLipOpen target not exist
<14:29:16> [56B5985B] X2FaceMaker - game/objects/characters/warborn/male/face/wa_m_face01_mid.chr : mouth_MouthOpen target not exist
<14:29:16> [56B5985B] X2FaceMaker - game/objects/characters/warborn/male/face/wa_m_face01_mid.chr : mouth_Size target not exist
<14:29:16> [56B5985B] X2FaceMaker - game/objects/characters/warborn/male/face/wa_m_face01_mid.chr : mouth_Shape_min target not exist
<14:29:16> [1191A6A8] X2FaceMaker - game/objects/characters/warborn/male/face/wa_m_face01_mid.chr : mouth_Shape_max ex target not exist
<14:29:16> [56B5985B] X2FaceMaker - game/objects/characters/warborn/male/face/wa_m_face01_mid.chr : mouth_TeethZposition target not exist
<14:29:16> [56B5985B] X2FaceMaker - game/objects/characters/warborn/male/face/wa_m_face01_mid.chr : FS_JawHigh_min target not exist
<14:29:16> [1191A6A8] X2FaceMaker - game/objects/characters/warborn/male/face/wa_m_face01_mid.chr : FS_JawHigh_max ex target not exist
<14:29:16> [56B5985B] X2FaceMaker - game/objects/characters/warborn/male/face/wa_m_face01_mid.chr : FS_EarRotate_min target not exist
<14:29:16> [1191A6A8] X2FaceMaker - game/objects/characters/warborn/male/face/wa_m_face01_mid.chr : FS_EarRotate_max ex target not exist
<14:29:16> [56B5985B] X2FaceMaker - game/objects/characters/warborn/male/face/wa_m_face01_mid.chr : FS_Beard1 target not exist
<14:29:16> [56B5985B] X2FaceMaker - game/objects/characters/warborn/male/face/wa_m_face01_mid.chr : FS_Beard2 target not exist
<14:29:16> [56B5985B] X2FaceMaker - game/objects/characters/warborn/male/face/wa_m_face01_mid.chr : FS_Beard3 target not exist
<14:29:16> [56B5985B] X2FaceMaker - game/objects/characters/warborn/female/face/wa_f_face01_mid.chr : eye_Yposition_min target not exist
<14:29:16> [1191A6A8] X2FaceMaker - game/objects/characters/warborn/female/face/wa_f_face01_mid.chr : eye_Yposition_max ex target not exist
<14:29:16> [56B5985B] X2FaceMaker - game/objects/characters/warborn/female/face/wa_f_face01_mid.chr : FS_AllLowerY target not exist
<14:29:16> [56B5985B] X2FaceMaker - game/objects/characters/warborn/female/face/wa_f_face01_mid.chr : FS_AllRotate target not exist
<14:29:16> [56B5985B] X2FaceMaker - game/objects/characters/warborn/female/face/wa_f_face01_mid.chr : FS_AllY target not exist
<14:29:16> [56B5985B] X2FaceMaker - game/objects/characters/warborn/female/face/wa_f_face01_mid.chr : mouth_Open_min target not exist
<14:29:16> [1191A6A8] X2FaceMaker - game/objects/characters/warborn/female/face/wa_f_face01_mid.chr : mouth_Open_max ex target not exist
<14:29:16> [E320B5CE] Init Face Makers - Done!
<14:29:17> [581CA53C] Script System Initialization
<14:29:17> [BA0D559B] Splash: Initializing Script System...
<14:29:17> [000004EE][Warning] [Lua Error] 1_3_0/scripts/common.lua:276: attempt to index global 'Script' (a nil value)
<14:29:17> [58F3F7FF][Warning] <null>:0: [Lua Error] Failed to execute file @game/scriptsbin/common.alb
<14:29:17> [D8B2BA54] Entity system initialization
<14:29:17> [BA0D559B] Splash: Initializing Entity System...
<14:29:17> [D55F91B2][Warning] [CEntityClassRegistry] LoadClassDescription failed, Entity Class name Chick already registered
<14:29:17> [BA0D559B] Splash: Initializing AI System...
<14:29:17> [DA019954] Initializing AI System
<14:29:17> [2546BCC5] Initializing Budgeting System
<14:29:17> [C0E19025] Initializing Seamless System
<14:29:17> [BA0D559B] Splash: Loading Game Data...
<14:29:18> [90B8EC50][Warning] too many ranges: aoe_shapes descs 10156(10156) threshold 100 ranges 12
<14:29:19> [BA4AD6CE] Loading portal list
<14:29:19> [92597454] Portal added, enter: 3891, exit: 6629
<14:29:19> [92597454] Portal added, enter: 21448, exit: 21449
<14:29:19> [92597454] Portal added, enter: 21450, exit: 21451
<14:29:19> [92597454] Portal added, enter: 21452, exit: 21453
<14:29:19> [92597454] Portal added, enter: 21698, exit: 21699
<14:29:19> [92597454] Portal added, enter: 22023, exit: 22024
<14:29:19> [92597454] Portal added, enter: 22042, exit: 22066
<14:29:19> [92597454] Portal added, enter: 22136, exit: 22137
<14:29:19> [92597454] Portal added, enter: 22163, exit: 22164
<14:29:19> [92597454] Portal added, enter: 22184, exit: 22185
<14:29:19> [92597454] Portal added, enter: 22336, exit: 22337
<14:29:19> [92597454] Portal added, enter: 9000063, exit: 9000064
<14:29:19> [1C664009] End loading portal list
<14:29:19> [937812F7] loaded DDCMS (1396969 descs, 719156 links (17 page 16.95MB size) string) from game\db\compact.sqlite3 in 1003 ms
<14:29:19> [BA0D559B] Splash: Initializing Game System...
<14:29:19> [000004EE][Warning] [Lua Error] no localized ui text for 18 always_refund
<14:29:20> [0ADE3294][Warning] [MFX] Effect 'collisions:grenade' already present. Overriding.
<14:29:20> [311630D1][Warning] MFX WARNING: Material not found: mat_ice_breakable
<14:29:20>  
<14:29:20>    sys_spec = Custom (assuming 4)
<14:29:20>      option_anti_aliasing = 2 expected:3
<14:29:20>  
<14:29:20> [BA0D559B] Splash: Preparing Screen...
<14:29:20> [963385F6] Level System - Loading Start
<14:29:20> [806B6F8D] precaching world entities ..
<14:29:20> [7E39E0DE] precaching world entities .. done!  total (0) objects
<14:29:20> [D2B280D6] Vegetation Manager : Loading World(login2)
<14:29:20> [075AB92F] Vegetation Manager : Loading World - Done (total 36 vegetations)
<14:29:20> [B9410AA1] total 20 terrain world surfaces loaded
<14:29:20> Loading Particle Library: collisions
<14:29:20> Loading Particle Library: water
<14:29:20> Loading Particle Library: misc
<14:29:20> Loading Particle Library: ability_skill_table
<14:29:20> Loading Particle Library: ability_skill_table_k
<14:29:20> Loading Particle Library: abillity_skill_table_m
<14:29:20> Loading Particle Library: machinima
<14:29:20> Loading Particle Library: x2_effects
<14:29:20> Loading Particle Library: x2_effects_k
<14:29:21> [280A47E3] Precached total 2 materials
<14:29:21> [7B1A973B] seamless loading cell terrain(W0, 1), (L0, 0)
<14:29:21> [3EF08C47] seamless loading cell object(W0, 1), (L0, 0)
<14:29:21> [584C4FFD] [net 18:29:12.370]  dns ip:192.168.1.202
<14:29:21> [584C4FFD] [net 18:29:12.370]  dns ip:172.17.0.1
<14:29:21> [584C4FFD] [net 18:29:12.370]  dns ip:172.19.0.1
<14:29:21> [584C4FFD] [net 18:29:12.370]  dns ip:172.18.0.1
<14:29:21> [0DE3FA89][Error] CryAnimation: character-definition creation failed: game/objects/characters/elf/female/nude/el_f_kyprosa.cdf
<14:29:21> [13A58BA0][Error] CryAnimation: character-definition not found: game/objects/characters/elf/female/nude/el_f_kyprosa.cdf
<14:29:21> [4DD44108] Start DaruCommon Extension
<14:29:21> [1B425DA5] Duplicated post effect param! pszName = FilterMaskedBlurring_Amount
<14:29:21> [1B425DA5] Duplicated post effect param! pszName = FilterMaskedBlurring_MaskTexName
<14:29:21> [1B425DA5] Duplicated post effect param! pszName = FilterChromaShift_User_Amount
<14:29:21> [1B425DA5] Duplicated post effect param! pszName = FilterGrain_Amount
<14:29:21> [8F6BAA6C][Warning] Couldn't find console variable 'e_water_ocean_fft'
<14:29:21> Loading Particle Library: wind
<14:29:21> Loading Particle Library: X2_EFFECT_O
<14:29:21> [000004EE][Warning] Particle effect not found: '                                                                ', from ParticleEffect fx_land_green
<14:29:21> [12409CCC] Load Zone Finished
<14:29:21> [A39C1725] Level System - Loading Complete
<14:29:21> [27293DED] -----------------------------------------------------
<14:29:21> [120C18F5] * LOADING: 'loginbg4' loading time: 1.34 seconds
<14:29:21> [27293DED] -----------------------------------------------------
<14:29:21> [000004EE][Warning] [Lua Error] no client player exists
<14:29:21> [A13C772D][Warning] Cannot load texture ui/font_color.g, Image file format is invalid [File=ui/font_color.g]
<14:29:21> [000FABC5][Warning] CAreaGrid::BeginAreas() called before being initialized.
<14:29:21> [000004EE][Warning] I3DEngine::RegisterEntity: entity reports invalid position: Name: LightEntityName (), Class: LightEntityClass, Pos=(515.8,6996.2,587.4), aabb center=(0.0,40.0,0.0)
<14:29:24> [11E02DA3][Warning] Cannot load texture textures/defaults/16_12.dds, file missing [File=textures/defaults/16_12.dds]
<14:29:25> [1D01FDCA] Auth: client connected to server
<14:29:25> [584C4FFD] [net 18:29:25.132]  socket ip:192.168.1.202
<14:29:25> [4C920A71] mac address : 74-56-3c-fe-52-f3
<14:30:46> [51074E0C][Warning] cannot login
<14:30:46> [4ABA7BDB] Auth: client disconnected (reason=0)
<14:32:54> [05D024BA] System:Quit
