[801989E0] BackupNameAttachment=" Build(0) Date(25 September 2025) Time(11 02 15)"  -- used by backup system
[00000020]  
[38F38F32] Log Started at #c
[0232BD25] Running 32 bit version
[7AB6F5FE] Executable: C:\Games\AAClassic\bin32\archeage.exe
[E5C771AC] FileVersion: 3.5.0.0
[F799D55F] ProductVersion: 3.5.3.0
[1F1D6B13] Using Microsoft (tm) C++ Standard Library implementation
[00000020]  
[C7D96C80] Revision: 350000
[00000020]  
[64533E3E] this is the first client
<11:02:22> [B9197FD5][Error] ConsoleVariableGroup[option_effect] key[e_particles_lod_onoff] has no default
<11:02:22> [76666E6D] 
--- CPU detection ---
<11:02:22> [F4D992D8] CPU: AMD AMD Ryzen 7 7800X3D 8-Core Processor           
<11:02:22> [3F649B02] Family: 15, Model: 1, Stepping: 2
<11:02:22> [83D12E0B] FPU: On-Chip
<11:02:22> [50919DA0] CPU Speed (estimated): 4191.804143 MHz
<11:02:22> [C73FD83A] MMX: not present
<11:02:22> [89D1077A] SSE: present
<11:02:22> [64E2B6F1] 3DNow!: present
<11:02:22> [27B7AC6E] Serial number not present or disabled
<11:02:22> [1D2D8E5B] Number of logical processors: 16
<11:02:22> [FA658084] Number of available logical processors: 16
<11:02:22> [A1F061C2] Invariant Time Stamp Counter : yes
<11:02:22> [FA0251ED] ---------------------

<11:02:22> [03E7D838] Device Info
<11:02:22> [9F603516] Device Info - 1
<11:02:22> [9F603517] Device Info - 2
<11:02:22> [9F603518] Device Info - 3
<11:02:22> [9F603519] Device Info - 4
<11:02:22> [9F60351A] Device Info - 5
<11:02:22> [9F60351B] Device Info - 6
<11:02:22> [9F60351C] Device Info - 7
<11:02:22> [E98ECC28] Video Memory Info
<11:02:22> [D5FBE664] Video Memory - 1
<11:02:22> [D5FBE665] Video Memory - 2
<11:02:22> [D5FBE666] Video Memory - 3
<11:02:22> [D5FBE667] Video Memory - 4
<11:02:22> [D5FBE668] Video Memory - 5
<11:02:22> [D5FBE669] Video Memory - 6
<11:02:22> [D5FBE66A] Video Memory - 7
<11:02:22> [D5FBE66B] Video Memory - 8
<11:02:22> [3A4D54A2][Warning] config/gpu/amd.txt line 55 contains a multiple defined GPU rating!
<11:02:22> [D20872C0] InitThreadAffinities
<11:02:22> [2F28A434] UpdateMainThreadAffinity
<11:02:22> [16962512] Windows 8 64 bit (build 6.2.9200)
<11:02:22> [38DFF081] System language: English
<11:02:22> [861A0178] Windows Directory: "C:\windows"
<11:02:22> [341B54F1] Prerequisites...
<11:02:22> [5D1B3C9C] * Installation of KB940105 hotfix required: no! (either not needed or already installed)
<11:02:22> [D353E6FD] Local time is 11:02:22 09/25/25, system running for 5430 minutes
<11:02:22> [9A350F21] 63426MB physical memory installed, 20781MB available, 4095MB virtual memory installed, 67 percent of memory in use
<11:02:22> [31259232] PageFile usage: 
<11:02:22> [453F0D1B] Current display mode is 2560x1440x32
<11:02:22> [8A64FCCC] IBM enhanced (101/102-key) keyboard and 3+ button mouse installed
<11:02:22> [CE30556B] ----- GPU Detection -----------------
<11:02:22> [03E7D838] Device Info
<11:02:22> [9F603516] Device Info - 1
<11:02:22> [9F603517] Device Info - 2
<11:02:22> [9F603518] Device Info - 3
<11:02:22> [9F603519] Device Info - 4
<11:02:22> [9F60351A] Device Info - 5
<11:02:22> [9F60351B] Device Info - 6
<11:02:22> [9F60351C] Device Info - 7
<11:02:22> [E98ECC28] Video Memory Info
<11:02:22> [D5FBE664] Video Memory - 1
<11:02:22> [D5FBE665] Video Memory - 2
<11:02:22> [D5FBE666] Video Memory - 3
<11:02:22> [D5FBE667] Video Memory - 4
<11:02:22> [D5FBE668] Video Memory - 5
<11:02:22> [D5FBE669] Video Memory - 6
<11:02:22> [D5FBE66A] Video Memory - 7
<11:02:22> [D5FBE66B] Video Memory - 8
<11:02:22> [99EA404A]  AMD Radeon RX 7800 XT (RADV NAVI32) (vendor = 0x1002, device = 0x747e, subSys = 0x00000000)
<11:02:22> [77718B6A] -- Video memory: 4081 MB
<11:02:22> [30DF1863] -- Minimum SM 2.0 support: yes
<11:02:22> [13E11956] -- DX11 supported: yes
<11:02:22> [50B60100] --------------------------------------------------------------------------------
<11:02:22> [5921EDBE] Stream Engine Initialization
<11:02:22> [BA0D559B] Splash: Initializing Stream Engine...
<11:02:22> [939F6EBB] Enable Resolutions : 0
<11:02:22> [A30A84B6] can't enum display resolution modes
<11:02:22> [B324CD25] Screen Resolution - 1024x768
<11:02:22> [3778EA0B] Screen Resolution - 0 (2560x1440)
<11:02:22> [A1B107F0] Screen Resolution - Test OK (2560x1440)
<11:02:23> [A9E4B0F2] Network initialization
<11:02:23> [BA0D559B] Splash: Initializing Network System...
<11:02:23> [14FAD233] Socket I/O by iocp
<11:02:23> [E36A4FB9] Physics initialization
<11:02:23> [BA0D559B] Splash: Initializing Physics...
<11:02:23> [2462D581] MovieSystem initialization
<11:02:23> [BA0D559B] Splash: Initializing Movie System...
<11:02:23> [93287AEC] Renderer initialization - Start
<11:02:23> [BA0D559B] Splash: Initializing Renderer...
<11:02:23> [91207680] Renderer initialization - Open
<11:02:23> [4377E7CB] Renderer initialization - DLL Load(CryRenderD3D9.dll)
<11:02:23> [71203A94] Renderer initialization - DLL Done
<11:02:23> [71227C22] Renderer initialization - DLL Init
<11:02:23> [C653D9CB] Renderer initialization - Instance
<11:02:23> [44D9754D] D3D Adapter: Driver name: aticfx32.dll
<11:02:23> [82BE8322] D3D Adapter: Driver description: AMD Radeon RX 7800 XT (RADV NAVI32)
<11:02:23> [2224501A] D3D Adapter: Driver version: 32767.65535.65535.65535
<11:02:23> [E8D1E30D] D3D Adapter: Driver GUID: 00000000-0003-0000-0000000000000000
<11:02:23> [BC8C1ACB] D3D Adapter: VendorId = 0x1002
<11:02:23> [B6A10CFD] D3D Adapter: DeviceId = 0x747E
<11:02:23> [0678E702] D3D Adapter: SubSysId = 0x00000000
<11:02:23> [F2243F0E] D3D Adapter: Revision = 0
<11:02:23> [E571CFEE] Shader manager initialization
<11:02:25> [05BAAEF6] CResFile allocations incurred by user cache preload: (21525.81k)
<11:02:25> [911B73B8] Renderer initialization - Done
<11:02:25> [8E444EA9] Console initialization
<11:02:25> [2904A233] Time initialization
<11:02:25> [3650CFD6] Input initialization
<11:02:25> [BA0D559B] Splash: Initializing Input System...
<11:02:25> Initializing Keyboard
<11:02:25> [99640BF1] Sound initialization
<11:02:25> [BA0D559B] Splash: Initializing Sound System...
<11:02:25> [2C33885C] Sound - Initializing AudioDevice now!
<11:02:25> [E46760A9] <Sound> Initialize FMOD with dynamic memory callbacks
<11:02:26> [D6755BFD] <Sound> Starting to initialize Windows Audio Session API output! 
<11:02:26> [F7E8E3CD] <Sound> Drivers found: 6
<11:02:26> [9B899242] <Sound> Available drivers:
	1.	PulseAudio Output (PulseAudio Output)
	2.	Blue Microphones Analog Stereo (Blue Microphones Analog Stereo)
	3.	soundcore Liberty 4 NC (soundcore Liberty 4 NC)
	4.	Wireless Controller (Wireless Controller)
	5.	Navi 31 HDMI/DP Audio Digital Stereo (HDMI) (Navi 31 HDMI/DP Audio Digital Stereo (HDMI))
	6.	Family 17h/19h/1ah HD Audio Controller Analog Stereo (Family 17h/19h/1ah HD Audio Controller Analog Stereo)
<11:02:26> [A0BBF7E1] <Sound> FmodEx-AudioDevice: Now running on driver: PulseAudio Output (PulseAudio Output)
<11:02:26> [14D8EFE1] <Sound> Using speaker mode: FMOD_SPEAKERMODE_STEREO
<11:02:26> [E79C27E5] <Sound> Initializing FMOD-EX now!
<11:02:26> [E2A9FE08] <Sound> Available record drivers: 0 PulseAudio Input (PulseAudio Input) !
<11:02:26> [E2A9FE08] <Sound> Available record drivers: 1 soundcore Liberty 4 NC (soundcore Liberty 4 NC) !
<11:02:26> [E2A9FE08] <Sound> Available record drivers: 2 Family 17h/19h/1ah HD Audio Controller Analog Stereo (Family 17h/19h/1ah HD Audio Controller Analog Stereo) !
<11:02:26> [E2A9FE08] <Sound> Available record drivers: 3 Wireless Controller (Wireless Controller) !
<11:02:26> [E2A9FE08] <Sound> Available record drivers: 4 Blue Microphones Analog Stereo (Blue Microphones Analog Stereo) !
<11:02:26> [E2A9FE08] <Sound> Available record drivers: 5 Monitor of Family 17h/19h/1ah HD Audio Controller (Monitor of Family 17h/19h/1ah HD Audio Controller) !
<11:02:26> [E2A9FE08] <Sound> Available record drivers: 6 Monitor of Blue Microphones Analog Stereo (Monitor of Blue Microphones Analog Stereo) !
<11:02:26> [E2A9FE08] <Sound> Available record drivers: 7 Wireless Controller (Wireless Controller) !
<11:02:26> [E2A9FE08] <Sound> Available record drivers: 8 Monitor of soundcore Liberty 4 NC (Monitor of soundcore Liberty 4 NC) !
<11:02:26> [E2A9FE08] <Sound> Available record drivers: 9 Monitor of Navi 31 HDMI/DP Audio Digital Stereo (HDMI) (Monitor of Navi 31 HDMI/DP Audio Digital Stereo (HDMI)) !
<11:02:26> [6841BE38] <Sound> Record config is set to autodetect using record driver 0
<11:02:26> [7808B4C4] <Sound> Using FMOD version: 00044414 and internal 00044414!
<11:02:27> [2A2815C7] <Sound> Initialized FMOD-EX
<11:02:27> [BE4EF52E] Sound - Initializing SoundSystem now!
<11:02:27> [0D547471] Font initialization
<11:02:27> [BA0D559B] Splash: Initializing Fonts...
<11:02:27> [C194F7C8][Warning] Cannot load texture textures/defaults/replacemecm.tif, file missing [File=textures/defaults/replacemecm.dds]
<11:02:27> [84206398] AI initialization
<11:02:27> [1BC221DE] Initializing Animation System
<11:02:27> [BA0D559B] Splash: Initializing Animation System...
<11:02:27> [9E592EFE] Initializing 3D Engine
<11:02:27> [BA0D559B] Splash: Initializing 3D Engine...
<11:02:28> [637AF710][Warning] missing chr material : game/objects/characters/ferre/female/nude/Standard_22.mtl (chr: game/objects/characters/ferre/female/nude/fe_f_base.chr)
<11:02:28> [91F5AEEC][Warning] number of bones mismatch! game/objects/characters/ferre/female/nude/fe_f_base.chr=195 game/objects/characters/ferre/female/nude/fe_f_base_lod1.chr=185
<11:02:29> [7415A452] CHR PreCaching 25 Done
<11:02:29> [E7AD4E53] AddSharedMorphTargets - Failed to load objects/characters/dwarf/male/face/dw_m_face00.chr
<11:02:29> [61AD1790] MorphTargetPreCaching - objects/characters/dwarf/male/face/dw_m_face00.chr Add Failed
<11:02:29> [A4A6E4C6] MorphTarget PreCaching 11 Done
<11:02:29> [5ACB40E2] Init Face Makers
<11:02:29> [56B5985B] X2FaceMaker - game/objects/characters/nuian/male/face/nu_m_face01_mid.chr : mouth_UnderbiteOverbite target not exist
<11:02:29> [56B5985B] X2FaceMaker - game/objects/characters/nuian/male/face/nu_m_face01_mid.chr : mouth_UnderbiteOverbite target not exist
<11:02:29> [56B5985B] X2FaceMaker - game/objects/characters/nuian/male/face/nu_m_face01_mid.chr : mouth_UnderbiteOverbite target not exist
<11:02:29> [4ABB03EB] game/objects/characters/ferre/female/face/fe_f_face01_low.chr(303) - objects/characters/ferre/female/face/fe_f_face00.chr(3063) SharedMorph is not matched
<11:02:29> [56B5985B] X2FaceMaker - game/objects/characters/nuian/male/face/nu_m_face01_mid.chr : mouth_UnderbiteOverbite target not exist
<11:02:29> [56B5985B] X2FaceMaker - game/objects/characters/nuian/male/face/nu_m_face01_mid.chr : nose_dw_SeptumVol target not exist
<11:02:29> [56B5985B] X2FaceMaker - game/objects/characters/nuian/male/face/nu_m_face01_mid.chr : nose_dw_NasalZposition target not exist
<11:02:29> [56B5985B] X2FaceMaker - game/objects/characters/nuian/male/face/nu_m_face01_mid.chr : FS_dwEarSize target not exist
<11:02:29> [56B5985B] X2FaceMaker - game/objects/characters/nuian/male/face/nu_m_face01_mid.chr : dwarf_Morph target not exist
<11:02:29> [56B5985B] X2FaceMaker - game/objects/characters/nuian/male/face/nu_m_face01_mid.chr : FS_dw_CheekMeat_min target not exist
<11:02:29> [1191A6A8] X2FaceMaker - game/objects/characters/nuian/male/face/nu_m_face01_mid.chr : FS_dw_CheekMeat_max ex target not exist
<11:02:30> [56B5985B] X2FaceMaker - game/objects/characters/warborn/male/face/wa_m_face01_mid.chr : eye_Forehead target not exist
<11:02:30> [56B5985B] X2FaceMaker - game/objects/characters/warborn/male/face/wa_m_face01_mid.chr : eye_Tail_min target not exist
<11:02:30> [1191A6A8] X2FaceMaker - game/objects/characters/warborn/male/face/wa_m_face01_mid.chr : eye_Tail_max ex target not exist
<11:02:30> [56B5985B] X2FaceMaker - game/objects/characters/warborn/male/face/wa_m_face01_mid.chr : eye_WidthLength_min target not exist
<11:02:30> [1191A6A8] X2FaceMaker - game/objects/characters/warborn/male/face/wa_m_face01_mid.chr : eye_WidthLength_max ex target not exist
<11:02:30> [56B5985B] X2FaceMaker - game/objects/characters/warborn/male/face/wa_m_face01_mid.chr : eye_DoubleEyelidShape target not exist
<11:02:30> [56B5985B] X2FaceMaker - game/objects/characters/warborn/male/face/wa_m_face01_mid.chr : eye_BrowXposition target not exist
<11:02:30> [56B5985B] X2FaceMaker - game/objects/characters/warborn/male/face/wa_m_face01_mid.chr : eye_BrowZposition target not exist
<11:02:30> [56B5985B] X2FaceMaker - game/objects/characters/warborn/male/face/wa_m_face01_mid.chr : nose_Nostril target not exist
<11:02:30> [56B5985B] X2FaceMaker - game/objects/characters/warborn/male/face/wa_m_face01_mid.chr : nose_Size target not exist
<11:02:30> [56B5985B] X2FaceMaker - game/objects/characters/warborn/male/face/wa_m_face01_mid.chr : nose_SeptumZposition target not exist
<11:02:30> [56B5985B] X2FaceMaker - game/objects/characters/warborn/male/face/wa_m_face01_mid.chr : nose_End target not exist
<11:02:30> [56B5985B] X2FaceMaker - game/objects/characters/warborn/male/face/wa_m_face01_mid.chr : nose_Size target not exist
<11:02:30> [56B5985B] X2FaceMaker - game/objects/characters/warborn/male/face/wa_m_face01_mid.chr : mouth_UpperLipVolume target not exist
<11:02:30> [56B5985B] X2FaceMaker - game/objects/characters/warborn/male/face/wa_m_face01_mid.chr : mouth_LowerLipVolume target not exist
<11:02:30> [56B5985B] X2FaceMaker - game/objects/characters/warborn/male/face/wa_m_face01_mid.chr : mouth_UpperLipOpen target not exist
<11:02:30> [56B5985B] X2FaceMaker - game/objects/characters/warborn/male/face/wa_m_face01_mid.chr : mouth_LowerLipOpen target not exist
<11:02:30> [56B5985B] X2FaceMaker - game/objects/characters/warborn/male/face/wa_m_face01_mid.chr : mouth_MouthOpen target not exist
<11:02:30> [56B5985B] X2FaceMaker - game/objects/characters/warborn/male/face/wa_m_face01_mid.chr : mouth_Size target not exist
<11:02:30> [56B5985B] X2FaceMaker - game/objects/characters/warborn/male/face/wa_m_face01_mid.chr : mouth_Shape_min target not exist
<11:02:30> [1191A6A8] X2FaceMaker - game/objects/characters/warborn/male/face/wa_m_face01_mid.chr : mouth_Shape_max ex target not exist
<11:02:30> [56B5985B] X2FaceMaker - game/objects/characters/warborn/male/face/wa_m_face01_mid.chr : mouth_TeethZposition target not exist
<11:02:30> [56B5985B] X2FaceMaker - game/objects/characters/warborn/male/face/wa_m_face01_mid.chr : FS_JawHigh_min target not exist
<11:02:30> [1191A6A8] X2FaceMaker - game/objects/characters/warborn/male/face/wa_m_face01_mid.chr : FS_JawHigh_max ex target not exist
<11:02:30> [56B5985B] X2FaceMaker - game/objects/characters/warborn/male/face/wa_m_face01_mid.chr : FS_EarRotate_min target not exist
<11:02:30> [1191A6A8] X2FaceMaker - game/objects/characters/warborn/male/face/wa_m_face01_mid.chr : FS_EarRotate_max ex target not exist
<11:02:30> [56B5985B] X2FaceMaker - game/objects/characters/warborn/male/face/wa_m_face01_mid.chr : FS_Beard1 target not exist
<11:02:30> [56B5985B] X2FaceMaker - game/objects/characters/warborn/male/face/wa_m_face01_mid.chr : FS_Beard2 target not exist
<11:02:30> [56B5985B] X2FaceMaker - game/objects/characters/warborn/male/face/wa_m_face01_mid.chr : FS_Beard3 target not exist
<11:02:30> [56B5985B] X2FaceMaker - game/objects/characters/warborn/female/face/wa_f_face01_mid.chr : eye_Yposition_min target not exist
<11:02:30> [1191A6A8] X2FaceMaker - game/objects/characters/warborn/female/face/wa_f_face01_mid.chr : eye_Yposition_max ex target not exist
<11:02:30> [56B5985B] X2FaceMaker - game/objects/characters/warborn/female/face/wa_f_face01_mid.chr : FS_AllLowerY target not exist
<11:02:30> [56B5985B] X2FaceMaker - game/objects/characters/warborn/female/face/wa_f_face01_mid.chr : FS_AllRotate target not exist
<11:02:30> [56B5985B] X2FaceMaker - game/objects/characters/warborn/female/face/wa_f_face01_mid.chr : FS_AllY target not exist
<11:02:30> [56B5985B] X2FaceMaker - game/objects/characters/warborn/female/face/wa_f_face01_mid.chr : mouth_Open_min target not exist
<11:02:30> [1191A6A8] X2FaceMaker - game/objects/characters/warborn/female/face/wa_f_face01_mid.chr : mouth_Open_max ex target not exist
<11:02:30> [E320B5CE] Init Face Makers - Done!
<11:02:30> [581CA53C] Script System Initialization
<11:02:30> [BA0D559B] Splash: Initializing Script System...
<11:02:30> [000004EE][Warning] [Lua Error] 1_3_0/scripts/common.lua:276: attempt to index global 'Script' (a nil value)
<11:02:30> [58F3F7FF][Warning] <null>:0: [Lua Error] Failed to execute file @game/scriptsbin/common.alb
<11:02:30> [D8B2BA54] Entity system initialization
<11:02:30> [BA0D559B] Splash: Initializing Entity System...
<11:02:30> [D55F91B2][Warning] [CEntityClassRegistry] LoadClassDescription failed, Entity Class name Chick already registered
<11:02:30> [BA0D559B] Splash: Initializing AI System...
<11:02:30> [DA019954] Initializing AI System
<11:02:30> [2546BCC5] Initializing Budgeting System
<11:02:30> [C0E19025] Initializing Seamless System
<11:02:30> [BA0D559B] Splash: Loading Game Data...
<11:02:32> [90B8EC50][Warning] too many ranges: aoe_shapes descs 10156(10156) threshold 100 ranges 12
<11:02:33> [BA4AD6CE] Loading portal list
<11:02:33> [92597454] Portal added, enter: 3891, exit: 6629
<11:02:33> [92597454] Portal added, enter: 21448, exit: 21449
<11:02:33> [92597454] Portal added, enter: 21450, exit: 21451
<11:02:33> [92597454] Portal added, enter: 21452, exit: 21453
<11:02:33> [92597454] Portal added, enter: 21698, exit: 21699
<11:02:33> [92597454] Portal added, enter: 22023, exit: 22024
<11:02:33> [92597454] Portal added, enter: 22042, exit: 22066
<11:02:33> [92597454] Portal added, enter: 22136, exit: 22137
<11:02:33> [92597454] Portal added, enter: 22163, exit: 22164
<11:02:33> [92597454] Portal added, enter: 22184, exit: 22185
<11:02:33> [92597454] Portal added, enter: 22336, exit: 22337
<11:02:33> [92597454] Portal added, enter: 9000063, exit: 9000064
<11:02:33> [1C664009] End loading portal list
<11:02:33> [937812F7] loaded DDCMS (1396969 descs, 719156 links (17 page 16.95MB size) string) from game\db\compact.sqlite3 in 1480 ms
<11:02:33> [BA0D559B] Splash: Initializing Game System...
<11:02:33> [000004EE][Warning] [Lua Error] no localized ui text for 18 always_refund
<11:02:34> [0ADE3294][Warning] [MFX] Effect 'collisions:grenade' already present. Overriding.
<11:02:34> [311630D1][Warning] MFX WARNING: Material not found: mat_ice_breakable
<11:02:34>  
<11:02:34>    sys_spec = Custom (assuming 4)
<11:02:34>      option_animation = 5 expected:4
<11:02:34>      option_anti_aliasing = 2 expected:3
<11:02:34>      option_character_lod = 5 expected:4
<11:02:34>      option_effect = 5 expected:4
<11:02:34>      option_shader_quality = 5 expected:4
<11:02:34>      option_shadow_dist = 5 expected:4
<11:02:34>      option_shadow_view_dist_ratio = 5 expected:4
<11:02:34>      option_shadow_view_dist_ratio_character = 5 expected:4
<11:02:34>      option_terrain_detail = 5 expected:4
<11:02:34>      option_terrain_lod = 5 expected:4
<11:02:34>      option_texture_bg = 5 expected:4
<11:02:34>      option_texture_character = 5 expected:4
<11:02:34>      option_view_dist_ratio = 5 expected:4
<11:02:34>      option_view_dist_ratio_vegetation = 5 expected:4
<11:02:34>      option_view_distance = 5 expected:4
<11:02:34>      option_volumetric_effect = 5 expected:4
<11:02:34>      option_water = 5 expected:4
<11:02:34>  
<11:02:34> [BA0D559B] Splash: Preparing Screen...
<11:02:34> [963385F6] Level System - Loading Start
<11:02:34> [806B6F8D] precaching world entities ..
<11:02:34> [7E39E0DE] precaching world entities .. done!  total (0) objects
<11:02:34> [D2B280D6] Vegetation Manager : Loading World(login2)
<11:02:34> [075AB92F] Vegetation Manager : Loading World - Done (total 36 vegetations)
<11:02:34> [B9410AA1] total 20 terrain world surfaces loaded
<11:02:34> Loading Particle Library: collisions
<11:02:34> Loading Particle Library: water
<11:02:34> Loading Particle Library: misc
<11:02:34> Loading Particle Library: ability_skill_table
<11:02:34> Loading Particle Library: ability_skill_table_k
<11:02:34> Loading Particle Library: abillity_skill_table_m
<11:02:34> Loading Particle Library: machinima
<11:02:35> Loading Particle Library: x2_effects
<11:02:35> Loading Particle Library: x2_effects_k
<11:02:35> [280A47E3] Precached total 2 materials
<11:02:35> [7B1A973B] seamless loading cell terrain(W0, 1), (L0, 0)
<11:02:35> [3EF08C47] seamless loading cell object(W0, 1), (L0, 0)
<11:02:35> [584C4FFD] [net 15:02:23.170]  dns ip:192.168.1.202
<11:02:35> [584C4FFD] [net 15:02:23.170]  dns ip:172.18.0.1
<11:02:35> [584C4FFD] [net 15:02:23.170]  dns ip:172.19.0.1
<11:02:35> [584C4FFD] [net 15:02:23.170]  dns ip:172.17.0.1
<11:02:35> [0DE3FA89][Error] CryAnimation: character-definition creation failed: game/objects/characters/elf/female/nude/el_f_kyprosa.cdf
<11:02:35> [13A58BA0][Error] CryAnimation: character-definition not found: game/objects/characters/elf/female/nude/el_f_kyprosa.cdf
<11:02:35> [4DD44108] Start DaruCommon Extension
<11:02:35> [1B425DA5] Duplicated post effect param! pszName = FilterMaskedBlurring_Amount
<11:02:35> [1B425DA5] Duplicated post effect param! pszName = FilterMaskedBlurring_MaskTexName
<11:02:35> [1B425DA5] Duplicated post effect param! pszName = FilterChromaShift_User_Amount
<11:02:35> [1B425DA5] Duplicated post effect param! pszName = FilterGrain_Amount
<11:02:35> [8F6BAA6C][Warning] Couldn't find console variable 'e_water_ocean_fft'
<11:02:35> Loading Particle Library: wind
<11:02:35> Loading Particle Library: X2_EFFECT_O
<11:02:36> [000004EE][Warning] Particle effect not found: '                                                                ', from ParticleEffect fx_land_green
<11:02:36> [12409CCC] Load Zone Finished
<11:02:36> [A39C1725] Level System - Loading Complete
<11:02:36> [27293DED] -----------------------------------------------------
<11:02:36> [120C18F5] * LOADING: 'loginbg4' loading time: 1.85 seconds
<11:02:36> [27293DED] -----------------------------------------------------
<11:02:36> [000004EE][Warning] [Lua Error] no client player exists
<11:02:36> [A13C772D][Warning] Cannot load texture ui/font_color.g, Image file format is invalid [File=ui/font_color.g]
<11:02:36> [000FABC5][Warning] CAreaGrid::BeginAreas() called before being initialized.
<11:02:36> [000004EE][Warning] I3DEngine::RegisterEntity: entity reports invalid position: Name: LightEntityName (), Class: LightEntityClass, Pos=(515.8,6996.2,587.4), aabb center=(0.0,40.0,0.0)
<11:02:37> [11E02DA3][Warning] Cannot load texture textures/defaults/16_12.dds, file missing [File=textures/defaults/16_12.dds]
<11:02:38> [1D01FDCA] Auth: client connected to server
<11:02:38> [584C4FFD] [net 15:02:38.761]  socket ip:192.168.1.202
<11:02:38> [4C920A71] mac address : 74-56-3c-fe-52-f3
<11:02:41> [584C4FFD] [net 15:02:41.712] connection requested to: 192.95.21.64:1239
<11:02:41> [4ABA7BDB] Auth: client disconnected (reason=0)
<11:02:41> [0F08E548] [NetConnection] connect completed (succeeded:true)
<11:02:41> [48F7BDF2] invalid world id in world queue packet
<11:02:41> [26623ECA] ucc info.. 5 0
<11:02:42> [4516816D] pay method: person
<11:02:42> [4AA30841] pay location: person
<11:02:42> [ADF1C07E] pay start: 1900-1-1 00:00:00
<11:02:42> [6486A277] pay end: 1900-1-1 00:00:00
<11:02:42> [FFF6198C] premium point: 0
<11:02:42> [481C0862] premium grade: premium_0
<11:02:42> [88D9AB0C] real pay time: 68183671177216
<11:02:42> [9FC303B8][Error] [CVARS]: [DUPLICATE] CXConsole::RegisterFloat(): variable [camera_max_dist] is already registered
<11:02:42> [34CCC219] stream: connected to world server
<11:02:42> [06A46B5B] stream: authorized by world server
<11:02:42> [4516816D] pay method: person
<11:02:42> [4AA30841] pay location: person
<11:02:42> [ADF1C07E] pay start: 1900-1-1 00:00:00
<11:02:42> [6486A277] pay end: 2037-12-31 16:00:00
<11:02:42> [FFF6198C] premium point: 0
<11:02:42> [481C0862] premium grade: premium_0
<11:02:42> [88D9AB0C] real pay time: -1
<11:02:42> [82321C2B][Warning] [net 15:02:42.482] [time] remote time estimation restarted; estimate accumulator age was 325831.031250
<11:02:44> [637AF710][Warning] missing chr material : game/objects/characters/warborn/female/parts/ar/obj/wa_f_ar_leather181.mtl (chr: game/objects/characters/warborn/female/parts/ar/obj/wa_f_1ac014_1ar117_2ar602_2arm004_2bt005_2pv002.chr)
<11:02:44> [000004EE][Warning] [Lua Error] no localized ui text for 18 always_refund
<11:02:44> [09F46B9D]     cl_fov = 90 []
<11:02:44> [09F46B9D]     camera_max_dist = 180 []
<11:02:44> [09F46B9D]     name_tag_hp_width_on_bgmode = 80 []
<11:02:44> [09F46B9D]     name_tag_hp_height_on_bgmode = 30 []
<11:02:44> [A13C772D][Warning] Cannot load texture ui/font_color.g, Image file format is invalid [File=ui/font_color.g]
<11:02:44> [06E6A3E9][Warning] Cannot load texture ui/login_stage/queue.dds, file missing [File=ui/login_stage/queue.dds]
<11:02:46> [DA579B6C][Error] can't load client driven connect info.. Kompy
<11:02:51> [9FC303B8][Error] [CVARS]: [DUPLICATE] CXConsole::RegisterFloat(): variable [ui_double_click_interval] is already registered
<11:02:51> [0DE3FA89][Error] CryAnimation: character-definition creation failed: game/objects/characters/returned/female/nude/re_f.cdf
<11:02:51> [82321C2B][Warning] [net 15:02:51.999] [time] remote time estimation restarted; estimate accumulator age was 3.562078
<11:02:52> [6FF68EA5] SetInstantTime: type 0 time 0
<11:02:52> [6FF68EA5] SetInstantTime: type 1 time 1758741899
<11:02:52> [6FF68EA5] SetInstantTime: type 2 time 1758736008
<11:02:52> [6FF68EA5] SetInstantTime: type 3 time 0
<11:02:52> [6FF68EA5] SetInstantTime: type 4 time 0
<11:02:52> [6FF68EA5] SetInstantTime: type 5 time 0
<11:02:52> [6FF68EA5] SetInstantTime: type 6 time 0
<11:02:52> [6FF68EA5] SetInstantTime: type 7 time 1758806967
<11:02:52> [0E61BD35] ExpeditionMember 2 added
<11:02:52> [51CFCC4C] ExpeditionMember count matched. total 2
<11:02:52> [966861E8][Warning] GetAllPolicies empty
<11:02:52> [67B7DD8A][Warning] my ExpeditionMemberDesc not exist
<11:02:52> [7AB931CE] seamless unloading cell object(W0, 0), (L0, 0)
<11:02:52> [4B1E8B22] unload cell object count : 1511
<11:02:52> [B866A294] seamless unloading cell terrain(W0, 0), (L0, 0)
<11:02:52> [963385F6] Level System - Loading Start
<11:02:52> [E0E0EDAE][Warning] failed to load zone time of day from game/worlds/main_world/zone/225//time_of_day.xml
<11:02:52> [AB17243B][Warning] failed to load zone environment from game/worlds/main_world/zone/309//env.xml
<11:02:52> [35D4413E][Warning] failed to load zone clouds from game/worlds/main_world/zone/309//clouds.xml
<11:02:52> [806B6F8D] precaching world entities ..
<11:02:52> [7E39E0DE] precaching world entities .. done!  total (1778) objects
<11:02:52> [D2B280D6] Vegetation Manager : Loading World(main_world)
<11:02:53> [075AB92F] Vegetation Manager : Loading World - Done (total 3055 vegetations)
<11:02:53> [000004EE][Error] CTerrain::LoadWorldSurfaces: Error loading material: materials/Terrain/gweonidforest/w_forest_road_a1
<11:02:53> [751FFB9E][Warning] Error: CShaderMan::mfCreateShaderResources: Couldn't find detail texture
'game/textures/aa_terrain/canyon/tr_canyon_rock_616a_ddn.tga' in path '' [File=game/textures/aa_terrain/canyon/tr_canyon_rock_616a_ddn.tga]
<11:02:53> [B9410AA1] total 600 terrain world surfaces loaded
<11:02:53> [280A47E3] Precached total 4 materials
<11:02:53> [7B1A973B] seamless loading cell terrain(W19, 7), (L4, 4)
<11:02:53> [7B1A973B] seamless loading cell terrain(W19, 8), (L4, 5)
<11:02:53> [7B1A973B] seamless loading cell terrain(W18, 7), (L3, 4)
<11:02:53> [7B1A973B] seamless loading cell terrain(W20, 7), (L5, 4)
<11:02:53> [7B1A973B] seamless loading cell terrain(W19, 6), (L4, 3)
<11:02:53> [7B1A973B] seamless loading cell terrain(W18, 8), (L3, 5)
<11:02:53> [7B1A973B] seamless loading cell terrain(W20, 8), (L5, 5)
<11:02:53> [7B1A973B] seamless loading cell terrain(W18, 6), (L3, 3)
<11:02:53> [7B1A973B] seamless loading cell terrain(W20, 6), (L5, 3)
<11:02:53> [7B1A973B] seamless loading cell terrain(W19, 9), (L4, 6)
<11:02:53> [7B1A973B] seamless loading cell terrain(W17, 7), (L2, 4)
<11:02:53> [7B1A973B] seamless loading cell terrain(W18, 9), (L3, 6)
<11:02:53> [7B1A973B] seamless loading cell terrain(W21, 7), (L6, 4)
<11:02:53> [7B1A973B] seamless loading cell terrain(W20, 9), (L5, 6)
<11:02:53> [7B1A973B] seamless loading cell terrain(W17, 8), (L2, 5)
<11:02:53> [7B1A973B] seamless loading cell terrain(W21, 8), (L6, 5)
<11:02:53> [7B1A973B] seamless loading cell terrain(W19, 5), (L4, 2)
<11:02:53> [7B1A973B] seamless loading cell terrain(W17, 6), (L2, 3)
<11:02:53> [7B1A973B] seamless loading cell terrain(W21, 6), (L6, 3)
<11:02:53> [7B1A973B] seamless loading cell terrain(W18, 5), (L3, 2)
<11:02:53> [7B1A973B] seamless loading cell terrain(W20, 5), (L5, 2)
<11:02:53> [7B1A973B] seamless loading cell terrain(W17, 9), (L2, 6)
<11:02:53> [7B1A973B] seamless loading cell terrain(W21, 9), (L6, 6)
<11:02:53> [7B1A973B] seamless loading cell terrain(W19, 10), (L4, 7)
<11:02:53> [7B1A973B] seamless loading cell terrain(W18, 10), (L3, 7)
<11:02:53> [7B1A973B] seamless loading cell terrain(W17, 5), (L2, 2)
<11:02:53> [7B1A973B] seamless loading cell terrain(W16, 7), (L1, 4)
<11:02:53> [7B1A973B] seamless loading cell terrain(W20, 10), (L5, 7)
<11:02:53> [7B1A973B] seamless loading cell terrain(W21, 5), (L6, 2)
<11:02:53> [7B1A973B] seamless loading cell terrain(W16, 8), (L1, 5)
<11:02:53> [7B1A973B] seamless loading cell terrain(W22, 7), (L7, 4)
<11:02:53> [7B1A973B] seamless loading cell terrain(W22, 8), (L7, 5)
<11:02:53> [7B1A973B] seamless loading cell terrain(W16, 6), (L1, 3)
<11:02:53> [7B1A973B] seamless loading cell terrain(W19, 4), (L4, 1)
<11:02:53> [7B1A973B] seamless loading cell terrain(W22, 6), (L7, 3)
<11:02:53> [7B1A973B] seamless loading cell terrain(W18, 4), (L3, 1)
<11:02:53> [7B1A973B] seamless loading cell terrain(W20, 4), (L5, 1)
<11:02:53> [7B1A973B] seamless loading cell terrain(W17, 10), (L2, 7)
<11:02:53> [7B1A973B] seamless loading cell terrain(W16, 9), (L1, 6)
<11:02:53> [7B1A973B] seamless loading cell terrain(W21, 10), (L6, 7)
<11:02:53> [7B1A973B] seamless loading cell terrain(W22, 9), (L7, 6)
<11:02:53> [7B1A973B] seamless loading cell terrain(W16, 5), (L1, 2)
<11:02:53> [7B1A973B] seamless loading cell terrain(W17, 4), (L2, 1)
<11:02:53> [7B1A973B] seamless loading cell terrain(W22, 5), (L7, 2)
<11:02:53> [7B1A973B] seamless loading cell terrain(W21, 4), (L6, 1)
<11:02:53> [7B1A973B] seamless loading cell terrain(W15, 7), (L0, 4)
<11:02:53> [7B1A973B] seamless loading cell terrain(W15, 8), (L0, 5)
<11:02:53> [7B1A973B] seamless loading cell terrain(W16, 10), (L1, 7)
<11:02:53> [7B1A973B] seamless loading cell terrain(W15, 6), (L0, 3)
<11:02:53> [7B1A973B] seamless loading cell terrain(W22, 10), (L7, 7)
<11:02:53> [7B1A973B] seamless loading cell terrain(W19, 3), (L4, 0)
<11:02:53> [7B1A973B] seamless loading cell terrain(W18, 3), (L3, 0)
<11:02:53> [7B1A973B] seamless loading cell terrain(W15, 9), (L0, 6)
<11:02:53> [7B1A973B] seamless loading cell terrain(W20, 3), (L5, 0)
<11:02:53> [7B1A973B] seamless loading cell terrain(W16, 4), (L1, 1)
<11:02:53> [7B1A973B] seamless loading cell terrain(W22, 4), (L7, 1)
<11:02:53> [7B1A973B] seamless loading cell terrain(W15, 5), (L0, 2)
<11:02:53> [7B1A973B] seamless loading cell terrain(W17, 3), (L2, 0)
<11:02:53> [7B1A973B] seamless loading cell terrain(W21, 3), (L6, 0)
<11:02:53> [7B1A973B] seamless loading cell terrain(W15, 10), (L0, 7)
<11:02:53> [7B1A973B] seamless loading cell terrain(W15, 4), (L0, 1)
<11:02:53> [7B1A973B] seamless loading cell terrain(W16, 3), (L1, 0)
<11:02:53> [7B1A973B] seamless loading cell terrain(W22, 3), (L7, 0)
<11:02:53> [7B1A973B] seamless loading cell terrain(W15, 3), (L0, 0)
<11:02:53> [3EF08C47] seamless loading cell object(W19, 7), (L4, 4)
<11:02:54> [000004EE][Warning] [CGF Error] game/objects/env/02_harihara/001_hcom/hcom_cart_b.cgf [:] LOD1 of geometry hcom_cart_b contains too many polygons comparing to the LOD0 [770 against 1114] :
<11:02:54> [000004EE][Warning] [CGF Error] game/objects/env/01_nuia/001_housing/housing_people/hs_people_roof_a.cgf [:] Duplicate LOD helper $lod2 hs_people_roof_a
<11:02:54> [A5DDEC33][Warning] Warning: CShaderMan::mfForName: NULL name
<11:02:54> [000004EE][Warning] [CGF Error] game/objects/env/01_nuia/001_housing/housing_guild/nuia_h_guild_door_b_back.cga [:] non-uniform scale(1.00, 1.39, 1.00) at node(nuia_h_guild_door_b01_back)
<11:02:54> [3EF08C47] seamless loading cell object(W19, 8), (L4, 5)
<11:02:54> Loading Particle Library: X2_EFFECTS_P
<11:02:55> Loading Particle Library: x2_sounds
<11:02:55> [3EF08C47] seamless loading cell object(W18, 7), (L3, 4)
<11:02:55> [A4D70365][Warning] rigid-body own-entity; prefab=Prefabs/interaction.xml/toy.crane node=AnimObject_1
<11:02:55> [3EF08C47] seamless loading cell object(W20, 7), (L5, 4)
<11:02:55> [CE0EF930][Warning] failed to stream cgf : objects/env/05_nature/08_cry_source/rocks/road_rocks/road_rocks_flat_grey_a.cgf
<11:02:55> [3EF08C47] seamless loading cell object(W19, 6), (L4, 3)
<11:02:55> [000004EE][Warning] [CGF Error] game/objects/env/02_harihara/03_ti/ti_factorymain_a.cga [:] Invalid BBox : has Invalid BBox node(Object32)
<11:02:55> [3EF08C47] seamless loading cell object(W18, 8), (L3, 5)
<11:02:55> [3EF08C47] seamless loading cell object(W20, 8), (L5, 5)
<11:02:56> [3EF08C47] seamless loading cell object(W18, 6), (L3, 3)
<11:02:56> [3EF08C47] seamless loading cell object(W20, 6), (L5, 3)
<11:02:56> [3EF08C47] seamless loading cell object(W19, 9), (L4, 6)
<11:02:56> [3EF08C47] seamless loading cell object(W17, 7), (L2, 4)
<11:02:56> [3EF08C47] seamless loading cell object(W18, 9), (L3, 6)
<11:02:56> [3EF08C47] seamless loading cell object(W21, 7), (L6, 4)
<11:02:56> [3EF08C47] seamless loading cell object(W20, 9), (L5, 6)
<11:02:56> [745BAE2F][Warning] failed to stream material xml(game/rock_06.mtl)
<11:02:56> [3EF08C47] seamless loading cell object(W17, 8), (L2, 5)
<11:02:56> [CF2CE049][Warning] CMTSafeHeap::m_pBigPool is full. (6031863, MemoryBlock)
<11:02:57> [3EF08C47] seamless loading cell object(W21, 8), (L6, 5)
<11:02:57> [3EF08C47] seamless loading cell object(W19, 5), (L4, 2)
<11:02:57> [000004EE][Warning] [CGF Error] game/objects/env/02_harihara/04_su/su_incinerator_tower_b.cgf [:] LOD1 of geometry  contains too many polygons comparing to the LOD0 [742 against 1060] :
<11:02:57> [3EF08C47] seamless loading cell object(W17, 6), (L2, 3)
<11:02:57> [3EF08C47] seamless loading cell object(W21, 6), (L6, 3)
<11:02:57> [3EF08C47] seamless loading cell object(W18, 5), (L3, 2)
<11:02:57> [3EF08C47] seamless loading cell object(W20, 5), (L5, 2)
<11:02:57> [3EF08C47] seamless loading cell object(W17, 9), (L2, 6)
<11:02:57> [3EF08C47] seamless loading cell object(W21, 9), (L6, 6)
<11:02:57> [3EF08C47] seamless loading cell object(W17, 5), (L2, 2)
<11:02:57> [3EF08C47] seamless loading cell object(W16, 7), (L1, 4)
<11:02:57> [3EF08C47] seamless loading cell object(W21, 5), (L6, 2)
<11:02:58> [526BDE3A][Warning] Cannot load texture game/objects/env/02_harihara/04_su/su_tent_01game/objects/env/02_harihara/04_su/su_tent_04_df.dds_df.dds, file missing [File=game/objects/env/02_harihara/04_su/su_tent_01game/objects/env/02_harihara/04_su/su_tent_04_df.dds_df.dds]
<11:02:58> [000004EE][Warning] Particle effect not found: 'X2_EFFECTS.e_effect.smoke_slow', from ParticleEffect ParticleEffect_2760
<11:02:58> [3EF08C47] seamless loading cell object(W16, 8), (L1, 5)
<11:02:58> [3EF08C47] seamless loading cell object(W16, 6), (L1, 3)
<11:02:58> [3EF08C47] seamless loading cell object(W19, 4), (L4, 1)
<11:02:58> [3EF08C47] seamless loading cell object(W18, 4), (L3, 1)
<11:02:58> [637AF710][Warning] missing chr material : game/objects/env/06_unit/01_ship/w_middleship/galleon_01.mtl (chr: game/objects/env/06_unit/01_ship/w_middleship/w_middleship_sail_a.chr)
<11:02:58> [3EF08C47] seamless loading cell object(W20, 4), (L5, 1)
<11:02:58> [3EF08C47] seamless loading cell object(W16, 9), (L1, 6)
<11:02:58> [3EF08C47] seamless loading cell object(W16, 5), (L1, 2)
<11:02:58> [3EF08C47] seamless loading cell object(W17, 4), (L2, 1)
<11:02:58> [3EF08C47] seamless loading cell object(W21, 4), (L6, 1)
<11:02:58> [3EF08C47] seamless loading cell object(W16, 4), (L1, 1)
<11:02:58> [12409CCC] Load Zone Finished
<11:02:58> [000004EE][Warning] I3DEngine::RegisterEntity: entity reports invalid position: Name: LightEntityName (), Class: LightEntityClass, Pos=(6411.5,2342.7,2816.1), aabb center=(142.0,1019.8,-2.3)
<11:02:58> [188BF914][Warning] [EntityLoader] invalid entity pos(1172.249, 2147.883, 0.000) name(AAC_Mahadevi_Ext_1)
<11:02:59> [82321C2B][Warning] [net 15:02:59.241] [time] remote time estimation restarted; estimate accumulator age was 7.183551
<11:02:59> [7F89A202][Warning] AI: Warning: AIPoint is not inside Navigation Modifier. pos(4158.6, 4972.6, 253.1)
<11:02:59> [BCCDC555][Warning] MakeSprite - too many sprite update (10). dropping.. (sprites : 92)
<11:02:59> [C5B7BE3D][Warning] Failed to initialize Irradiance Volume: Insufficient video memory
<11:02:59> [5CE4EF2C][Warning] failed to load particle lib from (Libs/Particles/game/abillity_skill_table_m.xml)
<11:02:59> [000004EE][Warning] Particle effect not found: 'game/abillity_skill_table_m.wild.shock_form2', from unknown 
<11:02:59> [2BFDEC33][Error] realstep 8, not match unit req
<11:02:59> [A39C1725] Level System - Loading Complete
<11:02:59> [9BE3F673] total 0 CGF files are precached
<11:02:59> [27293DED] -----------------------------------------------------
<11:02:59> [120C18F5] * LOADING: 'e_rainbow_field_2' loading time: 7.68 seconds
<11:02:59> [27293DED] -----------------------------------------------------
<11:03:00> [CA175C82][Warning] non-stream IO. system(CGF), filePath(Objects/Env/01_nuia/001_housing/housing_farm/hs_f_scarecrow_sun.cgf)
<11:03:00> [EFC67A6D][Warning] Error: CShaderMan::mfCreateShaderResources: Couldn't find detail texture
'game/objects/env/01_nuia/001_housing/housing_house/nuia_housing_tree07_ddn.dds' in path '' [File=game/objects/env/01_nuia/001_housing/housing_house/nuia_housing_tree07_ddn.dds]
<11:03:01> [2363981C][Warning] chr material is not precached : game/objects/env/01_nuia/001_housing/housing_house/housing_house_equipment.mtl (chr: game/objects/env/01_nuia/001_housing/housing_house/housing_house_equipment.chr)
<11:03:01> [BF0124EC][Warning] Error: CShaderMan::mfCreateShaderResources: Couldn't find decal texture 'game/objects/Env/01_nuia/001_housing/housing_house/housing_house_equipment_glow.dds' in path '' [File=game/objects/Env/01_nuia/001_housing/housing_house/housing_house_equipment_glow.dds]
<11:03:01> [CE2F4035][Warning] chr physical geom is not precached. (game/objects/env/01_nuia/001_housing/housing_house/housing_house_equipment.chr)
<11:03:01> [95829CAD][Warning] Cannot load texture game/objects/env/01_nuia/001_housing/housing_house/housing_tree_bodywood_sp.dds, file missing [File=game/objects/env/01_nuia/001_housing/housing_house/housing_tree_bodywood_sp.dds]
<11:03:01> [000004EE][Warning] RenderMesh not assigned game/objects/box_nodraw.cgf
<11:03:01> [745BAE2F][Warning] failed to stream material xml(game/$picking.mtl)
<11:03:01> [755A3546][Warning] Error: CShaderMan::mfCreateShaderResources: Couldn't find custom secondary texture 'game/objects/env/01_nuia/001_housing/housing_house/nuia_housing_treemossy03_ddn.dds' in path '' [File=game/objects/env/01_nuia/001_housing/housing_house/nuia_housing_treemossy03_ddn.dds]
<11:03:01> [5132FEDE][Warning] invalid attached position(17.04, -24.13, -0.33)
<11:03:01> [A4D70365][Warning] rigid-body own-entity; prefab=prefabs/interaction_c.xml/furniture.kraken_prop_am node=AnimObject_144
<11:03:02> [637AF710][Warning] missing chr material : game/objects/characters/nuian/male/parts/hm/obj/nu_m_hm_cloth001.mtl (chr: game/objects/characters/nuian/male/parts/hm/obj/nu_m_4hm138.chr)
<11:03:02> [000004EE][Warning] [CGF Error] game/objects/env/01_nuia/001_housing/housing_furniture/hs_f_safe_d.cgf [:] LOD1 of geometry hs_f_safe_d contains too many polygons comparing to the LOD0 [1606 against 2318] :
<11:03:02> [000004EE][Warning] [CGF Error] game/objects/env/01_nuia/001_housing/housing_furniture/hs_f_safe_e.cgf [:] non-uniform scale(1.00, 1.03, 1.00) at node(hs_f_safe_e)
<11:03:03> [DE20B351][Warning] Flow Graph Node targets unknown entity guid: 45671b71c0b06ecd
<11:03:04> [CE0EF930][Warning] failed to stream cgf : default
<11:03:04> [09F46B9D]     cl_fov = 90 []
<11:03:04> [09F46B9D]     camera_max_dist = 180 []
<11:03:04> [09F46B9D]     name_tag_hp_width_on_bgmode = 80 []
<11:03:04> [09F46B9D]     name_tag_hp_height_on_bgmode = 30 []
<11:03:04> [000004EE][Warning] [Lua Error] Failed to load script file scriptsbin/x2ui/assignment/form.alb
<11:03:04> [A13C772D][Warning] Cannot load texture ui/font_color.g, Image file format is invalid [File=ui/font_color.g]
<11:03:04> [B5A61D8F] Chat Channel(0) Color is not found.
<11:03:05> [000004EE][Warning] [Lua Error] ...ts/x2ui/loginstage/character_create/locale/en_us.lua:524: attempt to index a nil value
<11:03:05> [58F3F7FF][Warning] <null>:0: [Lua Error] Failed to execute file @game/scriptsbin/x2ui/loginstage/character_create/locale/en_us.alb
<11:03:05> [000004EE][Warning] [Lua] invalid style type...  / brown
<11:03:06> [82321C2B][Warning] [net 15:03:06.027] [time] remote time estimation restarted; estimate accumulator age was 1.403586
<11:03:06> [BB790A81] origin change campos : 4067.03, 5180.797363
<11:03:06> [00000020]  
<11:03:06> [00000020]  
<11:03:06> [A581FA6D] -----------------------------------------------------------------------------
<11:03:06> [1DAA5677] SeamlessSystem::ChangeOrigin() : Here we go. Old(15,3) -> New(15,4)
<11:03:06> [A581FA6D] -----------------------------------------------------------------------------
<11:03:06> [00000020]  
<11:03:06> [00000020]  
<11:03:06> [B866A294] seamless unloading cell terrain(W15, 15), (L0, 0)
<11:03:06> [B866A294] seamless unloading cell terrain(W16, 15), (L1, 0)
<11:03:06> [B866A294] seamless unloading cell terrain(W17, 15), (L2, 0)
<11:03:06> [B866A294] seamless unloading cell terrain(W18, 15), (L3, 0)
<11:03:06> [B866A294] seamless unloading cell terrain(W19, 15), (L4, 0)
<11:03:06> [B866A294] seamless unloading cell terrain(W20, 15), (L5, 0)
<11:03:06> [B866A294] seamless unloading cell terrain(W21, 15), (L6, 0)
<11:03:06> [B866A294] seamless unloading cell terrain(W22, 15), (L7, 0)
<11:03:06> [9CAE9693] Starting In World Loading
<11:03:06> [7B1A973B] seamless loading cell terrain(W18, 11), (L3, 7)
<11:03:06> [7B1A973B] seamless loading cell terrain(W19, 11), (L4, 7)
<11:03:06> [7B1A973B] seamless loading cell terrain(W17, 11), (L2, 7)
<11:03:06> [7B1A973B] seamless loading cell terrain(W20, 11), (L5, 7)
<11:03:06> [7B1A973B] seamless loading cell terrain(W16, 11), (L1, 7)
<11:03:06> [7B1A973B] seamless loading cell terrain(W21, 11), (L6, 7)
<11:03:06> [7B1A973B] seamless loading cell terrain(W15, 11), (L0, 7)
<11:03:06> [7B1A973B] seamless loading cell terrain(W22, 11), (L7, 7)
<11:03:06> [3EF08C47] seamless loading cell object(W18, 10), (L3, 6)
<11:03:06> [3EF08C47] seamless loading cell object(W19, 10), (L4, 6)
<11:03:06> [3EF08C47] seamless loading cell object(W17, 10), (L2, 6)
<11:03:06> [3EF08C47] seamless loading cell object(W20, 10), (L5, 6)
<11:03:06> [3EF08C47] seamless loading cell object(W16, 10), (L1, 6)
<11:03:06> [3EF08C47] seamless loading cell object(W21, 10), (L6, 6)
<11:03:06> [E3FEB79A][Warning] Cannot load texture game/materials/decals/guided/tt.dds, file missing [File=game/materials/decals/guided/tt.dds]
<11:03:07> [B42C333F] In World Loading Finished
<11:03:07> [BCCDC555][Warning] MakeSprite - too many sprite update (10). dropping.. (sprites : 120)
<11:03:08> [745BAE2F][Warning] failed to stream material xml(game/materials/aa_terrain/decals/quest_golddust.mtl)
<11:03:09> [4655D2D5][Warning] Error: CShaderMan::mfCreateShaderResources: Couldn't find detail texture
'textures/terrain/bump_detail/detail_bump_wood_007_ddn.dds' in path '' [File=textures/terrain/bump_detail/detail_bump_wood_007_ddn.dds]
<11:03:09> [A4D70365][Warning] rigid-body own-entity; prefab=Prefabs/interaction.xml/toy.crane node=AnimObject_1
<11:03:11> [B95EE41B][Error] invalid parent unit id(95967)
<11:03:13> [637AF710][Warning] missing chr material : game/objects/characters/hariharan/female/parts/pt/obj/ha_f_pt_cloth999.mtl (chr: game/objects/characters/hariharan/female/parts/pt/obj/ha_f_1pt301.chr)
<11:03:13> [DE20B351][Warning] Flow Graph Node targets unknown entity guid: 4aeefc04e8c803c0
<11:03:13> [000004EE][Warning] [CGF Error] game/objects/env/02_harihara/001_hdeco/quest/hdeco_qust_cocoon01.cgf [:] non-uniform scale(0.87, 0.87, 1.00) at node(hdeco_qust_cocoon01_proxy)
<11:03:14> [745BAE2F][Warning] failed to stream material xml(game/objects/characters/animals/osprey/Material #1.mtl)
<11:03:14> [7F01D4DF][Warning] Cannot load texture game/textures/p_effects/spider_net_04_ddn.dds, file missing [File=game/textures/p_effects/spider_net_04_ddn.dds]
<11:03:14> [CE0EF930][Warning] failed to stream cgf : default
<11:03:14> [C4901C15][Warning] Error: CShaderMan::mfCreateShaderResources: Couldn't find detail texture
'game/textures/cubemaps/cxpgame/objects/env/01_nuia/001_housing/housing_furniture/hs_f_cookie_chair_df.dds_river.dds' in path '' [File=game/textures/cubemaps/cxpgame/objects/env/01_nuia/001_housing/housing_furniture/hs_f_cookie_chair_df.dds_river.dds]
<11:03:16> [CFFE1C46][Error] Error streaming texture: Error 'Offset out of range', Texture: game/objects/characters/animals/cat_baby_pet/cat_baby_pet_df.dds
<11:03:17> [BCCDC555][Warning] MakeSprite - too many sprite update (10). dropping.. (sprites : 351)
<11:03:21> [745BAE2F][Warning] failed to stream material xml(game/objects/characters/hariharan/male/parts/gv/obj/ha_m_gv_metal224.mtl)
<11:03:21> [637AF710][Warning] missing chr material : game/objects/characters/hariharan/male/parts/gv/obj/ha_m_gv_metal224.mtl (chr: game/objects/characters/hariharan/male/parts/gv/obj/ha_m_3gv101.chr)
<11:03:21> [000004EE][Warning] Particle effect not found: 'game/x2_effects.p_effect.st1000c', from unknown 
<11:03:22> [CE0EF930][Warning] failed to stream cgf : default
<11:03:25> [CFFE1C46][Error] Error streaming texture: Error 'Offset out of range', Texture: game/objects/characters/animals/cat_baby_pet/cat_baby_pet_df.dds
<11:03:27> [A4D70365][Warning] rigid-body own-entity; prefab=Prefabs/interaction.xml/toy.crane node=AnimObject_1
<11:03:27> [62232BEA][Warning] deferred xml stream error - game/animations/animals/pangolin_baby/lmg_files/normal_run.lmg : f0000003
<11:03:27> [CF3B9C70][Warning] Cannot load texture game/objects/characters/animals/pangolin_baby/pangolin_red_baby/pangolin_red_baby_sss.dds, file missing [File=game/objects/characters/animals/pangolin_baby/pangolin_red_baby/pangolin_red_baby_sss.dds]
<11:03:27> [48F1D8BC][Warning] Error: CShaderMan::mfCreateShaderResources: Couldn't find subsurface texture 'game/objects/characters/animals/pangolin_baby/pangolin_red_baby/pangolin_red_baby_sss.dds' in path '' [File=game/objects/characters/animals/pangolin_baby/pangolin_red_baby/pangolin_red_baby_sss.dds]
<11:03:27> [BCCDC555][Warning] MakeSprite - too many sprite update (10). dropping.. (sprites : 220)
<11:03:29> [CE0EF930][Warning] failed to stream cgf : default
<11:03:30> [CFFE1C46][Error] Error streaming texture: Error 'Offset out of range', Texture: game/objects/characters/animals/cat_baby_pet/cat_baby_pet_df.dds
<11:03:34> [CE0EF930][Warning] failed to stream cgf : default
<11:03:40> [CFFE1C46][Error] Error streaming texture: Error 'Offset out of range', Texture: game/objects/characters/animals/cat_baby_pet/cat_baby_pet_df.dds
<11:03:41> [BCCDC555][Warning] MakeSprite - too many sprite update (10). dropping.. (sprites : 505)
<11:03:42> [CE0EF930][Warning] failed to stream cgf : default
<11:03:43> [F9376E0D][Warning] [flow] FG-0x71B39DC4-Entity 'AnimObject_19' was destroyed with pending updates/activations. Report follows...
<11:03:43> [A8F1529E][Warning] [flow] Pending nodes:
<11:03:45> [CFFE1C46][Error] Error streaming texture: Error 'Offset out of range', Texture: game/objects/characters/animals/cat_baby_pet/cat_baby_pet_df.dds
<11:03:49> [F9376E0D][Warning] [flow] FG-0x86B621C4-Entity 'AnimObject_19' was destroyed with pending updates/activations. Report follows...
<11:03:49> [A8F1529E][Warning] [flow] Pending nodes:
<11:03:50> [CE0EF930][Warning] failed to stream cgf : default
<11:03:50> [A4D70365][Warning] rigid-body own-entity; prefab=Prefabs/interaction.xml/toy.crane node=AnimObject_1
<11:03:50> [CFFE1C46][Error] Error streaming texture: Error 'Offset out of range', Texture: game/objects/characters/animals/cat_baby_pet/cat_baby_pet_df.dds
<11:03:51> [62232BEA][Warning] deferred xml stream error - game/animations/monster/polarbear/lmg_files/normal_run.lmg : f0000003
<11:03:51> [745BAE2F][Warning] failed to stream material xml(game/objects/env/02_harihara/04_su/ndeco_art_prop.mtl)
<11:03:52> [DE20B351][Warning] Flow Graph Node targets unknown entity guid: 40ed51b954c837fc
<11:03:55> [CE0EF930][Warning] failed to stream cgf : default
<11:03:55> [CFFE1C46][Error] Error streaming texture: Error 'Offset out of range', Texture: game/objects/characters/animals/cat_baby_pet/cat_baby_pet_df.dds
<11:03:56> [7F89A202][Warning] AI: Warning: AIPoint is not inside Navigation Modifier. pos(4098.2, 4072.0, 221.3)
<11:03:57> [000004EE][Warning] Particle effect not found: 'game/x2_sounds.particles.lute_playing_01', from unknown 
<11:03:57> [745BAE2F][Warning] failed to stream material xml(game/objects/characters/hariharan/male/parts/gv/obj/ha_m_gv_cloth037.mtl)
<11:03:57> [637AF710][Warning] missing chr material : game/objects/characters/hariharan/male/parts/gv/obj/ha_m_gv_cloth037.mtl (chr: game/objects/characters/hariharan/male/parts/gv/obj/ha_m_1gv102.chr)
<11:04:00> [CFFE1C46][Error] Error streaming texture: Error 'Offset out of range', Texture: game/objects/characters/animals/cat_baby_pet/cat_baby_pet_df.dds
<11:04:03> [F9376E0D][Warning] [flow] FG-0x6DC5199C-Entity 'AnimObject_19' was destroyed with pending updates/activations. Report follows...
<11:04:03> [A8F1529E][Warning] [flow] Pending nodes:
<11:04:04> [CE0EF930][Warning] failed to stream cgf : default
<11:04:06> [A4D70365][Warning] rigid-body own-entity; prefab=Prefabs/interaction.xml/toy.crane node=AnimObject_1
<11:04:06> [E126B923][Warning] Cannot load texture game/objects/env/01_nuia/001_housing/housing_furniture/hs_f_drums_ddn, file missing [File=game/objects/env/01_nuia/001_housing/housing_furniture/hs_f_drums_ddn]
<11:04:15> [A4D70365][Warning] rigid-body own-entity; prefab=Prefabs/interaction.xml/toy.crane node=AnimObject_1
<11:04:15> [CE0EF930][Warning] failed to stream cgf : default
<11:04:21> [F9376E0D][Warning] [flow] FG-0x6DC4EDBC-Entity 'AnimObject_234' was destroyed with pending updates/activations. Report follows...
<11:04:21> [A8F1529E][Warning] [flow] Pending nodes:
<11:04:24> [A4D70365][Warning] rigid-body own-entity; prefab=prefabs/interaction_c.xml/furniture.kraken_prop_am node=AnimObject_144
<11:04:24> [000004EE][Warning] I3DEngine::RegisterEntity: entity reports invalid position: Name: LightEntityName (), Class: LightEntityClass, Pos=(-2497.6,7458.4,1283.1), aabb center=(3641.9,4272.7,206.9)
<11:04:24> [CE0EF930][Warning] failed to stream cgf : default
<11:04:25> [CCFBC94A][Warning] Cannot load texture game/objects/characters/animals/cat_baby_cat/cat_baby_black_pet_df.dds, file missing [File=game/objects/characters/animals/cat_baby_cat/cat_baby_black_pet_df.dds]
<11:04:25> [8BC8B87E][Warning] Error: CShaderMan::mfCreateShaderResources: Couldn't find subsurface texture 'game/objects/characters/animals/cat_baby_cat/cat_baby_black_pet_df.dds' in path '' [File=game/objects/characters/animals/cat_baby_cat/cat_baby_black_pet_df.dds]
<11:04:25> [000004EE][Warning] [CGF Error] game/objects/env/01_nuia/001_ncom/ncom_xmas_musicbox.cga [:] Duplicate LOD helper $lod1 ncom_xmas_musicbox_top
<11:04:27> [5132FEDE][Warning] invalid attached position(19.21, -20.49, 80.04)
<11:04:27> [745BAE2F][Warning] failed to stream material xml(game/$picking.mtl)
<11:04:30> [491B3718][Warning] Cannot load texture objects/characters/ferre/female/face/face01/fe_f_face01_fur_sss.dds, file missing [File=objects/characters/ferre/female/face/face01/fe_f_face01_fur_sss.dds]
<11:04:30> [5243B464][Warning] Error: CShaderMan::mfCreateShaderResources: Couldn't find subsurface texture 'objects/characters/ferre/female/face/face01/fe_f_face01_fur_sss.dds' in path '' [File=objects/characters/ferre/female/face/face01/fe_f_face01_fur_sss.dds]
<11:04:30> [637AF710][Warning] missing chr material : game/objects/characters/ferre/male/hair/fe_m_hair010/fe_m_hair009.mtl (chr: game/objects/characters/ferre/male/hair/fe_m_hair010/fe_m_hair010_hm_type1.chr)
<11:04:33> [CA175C82][Warning] non-stream IO. system(CGF), filePath(Objects/Env/01_nuia/001_housing/housing_house/housing_tree_spider.cgf)
<11:04:33> [745BAE2F][Warning] failed to stream material xml(game/objects/env/01_nuia/001_housing/housing_house/gw_elfremain_b.mtl)
<11:04:35> Loading Particle Library: ljs_particle_fx
<11:04:35> [A4D70365][Warning] rigid-body own-entity; prefab=Prefabs/interaction_c.xml/furniture.aquarium_a_fish node=AnimObject_38
<11:04:36> [637AF710][Warning] missing chr material : game/objects/characters/hariharan/female/parts/hm/obj/ha_f_hm_leather028.mtl (chr: game/objects/characters/hariharan/female/parts/hm/obj/ha_f_1hm121.chr)
<11:04:36> [F724A392][Error] CryAnimation:: Trying to load animation with alias "fist_ba_relaxed_idle_rand_2" from file "animations/animals/welsh_corgi_baby/fist/fist_ba_relaxed_idle_rand.caf" into the animation container. Such animation alias already exists and uses file "animations/animals/welsh_corgi_baby/fist/fist_ba_relaxed_idle_rand_2.caf". Please use another animation alias.
<11:04:37> [D7801FD7][Warning] Cannot load texture game/objects/env/01_nuia/001_housing/housing_house/housing_mushhouse_2tier_in_wall_dd.dds, file missing [File=game/objects/env/01_nuia/001_housing/housing_house/housing_mushhouse_2tier_in_wall_dd.dds]
<11:04:38> [000004EE][Warning] Particle effect not found: 'X2_EFFECTS_K.J_Inter_effects.water_flow_collision_dot', from unknown 
<11:04:38> Loading Particle Library: X2_effect_H
<11:04:39> [745BAE2F][Warning] failed to stream material xml(game/objects/characters/hariharan/male/parts/hm/obj/ha_m_hm_cloth001.mtl)
<11:04:39> [5CE4EF2C][Warning] failed to load particle lib from (Libs/Particles/game/ability_skill_table.xml)
<11:04:39> [000004EE][Warning] [CGF Error] game/objects/env/01_nuia/001_housing/housing_furniture/hs_f_safe_d.cgf [:] LOD1 of geometry hs_f_safe_d contains too many polygons comparing to the LOD0 [1606 against 2318] :
<11:04:40> [CA175C82][Warning] non-stream IO. system(Material), filePath(game/objects/characters/warborn/female/horns/wa_f_horns002/wa_f_horns002_hc02.mtl)
<11:04:42> [000004EE][Warning] I3DEngine::RegisterEntity: entity reports invalid position: Name: LightEntityName (), Class: LightEntityClass, Pos=(-2576.6,7581.4,1271.3), aabb center=(3543.2,4351.5,215.3)
<11:04:43> [A4D70365][Warning] rigid-body own-entity; prefab=prefabs/interaction_c.xml/furniture.baby_yata_a node=AnimObject_144
<11:04:58> [04FA8364][Warning] Cannot load texture game/objects/characters/nuian/male/hair/hair_texture/, file missing [File=game/objects/characters/nuian/male/hair/hair_texture/]
<11:04:58> [745BAE2F][Warning] failed to stream material xml(game/objects/characters/hariharan/male/parts/pt/obj/ha_m_pt_cloth250.mtl)
<11:04:58> [637AF710][Warning] missing chr material : game/objects/characters/hariharan/male/parts/pt/obj/ha_m_pt_cloth250.mtl (chr: game/objects/characters/hariharan/male/parts/pt/obj/ha_m_1pt900.chr)
<11:05:03> [32D9BEB8][Warning] Error: CShaderMan::mfCreateShaderResources: Couldn't find subsurface texture 'game/objects/characters/monster/1111/bee_df.dds' in path '' [File=game/objects/characters/monster/1111/bee_df.dds]
<11:05:09> [F9376E0D][Warning] [flow] FG-0x99DCAE24-Entity 'AnimObject_46' was destroyed with pending updates/activations. Report follows...
<11:05:09> [A8F1529E][Warning] [flow] Pending nodes:
<11:05:19> [5CE4EF2C][Warning] failed to load particle lib from (Libs/Particles/game/x2_effect_o.xml)
<11:05:19> [000004EE][Warning] Particle effect not found: 'game/x2_effect_o.mon_effects.mon_groundshake_launch', from unknown 
<11:05:24> [745BAE2F][Warning] failed to stream material xml(game/objects/characters/hariharan/male/parts/gv/obj/ha_m_gv_metal224.mtl)
<11:05:25> [637AF710][Warning] missing chr material : game/objects/characters/hariharan/male/parts/gv/obj/ha_m_gv_metal224.mtl (chr: game/objects/characters/hariharan/male/parts/gv/obj/ha_m_3gv101.chr)
<11:05:26> [000004EE][Warning] Particle effect not found: 'game/x2_effect_o.mon_effects.mon_digestive_fluid_hit', from unknown 
<11:05:26> [62AE7A26][Warning] Cannot load texture objects/characters/monster/brokencorpse/test01.dds, file missing [File=objects/characters/monster/brokencorpse/test01.dds]
<11:05:26> [A894C680][Warning] Error: CShaderMan::mfCreateShaderResources: Couldn't find custom texture 'objects/characters/monster/brokencorpse/test01.tif' in path '' [File=objects/characters/monster/brokencorpse/test01.tif]
<11:05:52> [BB790A81] origin change campos : 3071.97, 4386.829102
<11:05:52> [00000020]  
<11:05:52> [00000020]  
<11:05:52> [A581FA6D] -----------------------------------------------------------------------------
<11:05:52> [1DAA5677] SeamlessSystem::ChangeOrigin() : Here we go. Old(15,4) -> New(14,4)
<11:05:52> [A581FA6D] -----------------------------------------------------------------------------
<11:05:52> [00000020]  
<11:05:52> [00000020]  
<11:05:52> [B866A294] seamless unloading cell terrain(W22, 15), (L7, 0)
<11:05:52> [B866A294] seamless unloading cell terrain(W22, 16), (L7, 1)
<11:05:52> [B866A294] seamless unloading cell terrain(W22, 17), (L7, 2)
<11:05:52> [B866A294] seamless unloading cell terrain(W22, 18), (L7, 3)
<11:05:52> [B866A294] seamless unloading cell terrain(W22, 19), (L7, 4)
<11:05:52> [B866A294] seamless unloading cell terrain(W22, 20), (L7, 5)
<11:05:52> [B866A294] seamless unloading cell terrain(W22, 21), (L7, 6)
<11:05:52> [B866A294] seamless unloading cell terrain(W22, 22), (L7, 7)
<11:05:52> [7B1A973B] seamless loading cell terrain(W14, 8), (L0, 4)
<11:05:52> [3EF08C47] seamless loading cell object(W15, 8), (L1, 4)
<11:05:52> [1054BE80][Warning] WaterVolume Origin Change error : Err(-1024.0, 0.0), CurrPos(18699.6, 8256.4), Origin Frame(1, 2)
<11:05:52> [7B1A973B] seamless loading cell terrain(W14, 7), (L0, 3)
<11:05:52> [3EF08C47] seamless loading cell object(W15, 7), (L1, 3)
<11:05:52> [7B1A973B] seamless loading cell terrain(W14, 9), (L0, 5)
<11:05:52> [3EF08C47] seamless loading cell object(W15, 9), (L1, 5)
<11:05:52> [7B1A973B] seamless loading cell terrain(W14, 6), (L0, 2)
<11:05:52> [3EF08C47] seamless loading cell object(W15, 6), (L1, 2)
<11:05:52> [000004EE][Warning] Particle effect not found: 'game/x2_effect_o.mon_effects.mon_strong_attack_hit', from unknown 
<11:05:52> [7B1A973B] seamless loading cell terrain(W14, 10), (L0, 6)
<11:05:52> [3EF08C47] seamless loading cell object(W15, 10), (L1, 6)
<11:05:52> [7B1A973B] seamless loading cell terrain(W14, 5), (L0, 1)
<11:05:52> [3EF08C47] seamless loading cell object(W15, 5), (L1, 1)
<11:05:52> [7B1A973B] seamless loading cell terrain(W14, 11), (L0, 7)
<11:05:52> [7B1A973B] seamless loading cell terrain(W14, 4), (L0, 0)
<11:05:54> [A4D70365][Warning] rigid-body own-entity; prefab=prefabs/interaction_b.xml/quest.ferre_flag node=AnimObject17
<11:05:58> [CE0EF930][Warning] failed to stream cgf : default
<11:06:02> [745BAE2F][Warning] failed to stream material xml(game/objects/characters/animals/seagull/Material #0.mtl)
<11:06:06> [637AF710][Warning] missing chr material : game/objects/characters/hariharan/male/parts/ar/obj/ha_m_ar_metal225.mtl (chr: game/objects/characters/hariharan/male/parts/ar/obj/ha_m_1ar107_1arm001_3arm003_3bt002_3sh022_4ac001.chr)
<11:06:12> [04FA8364][Warning] Cannot load texture game/objects/characters/nuian/male/hair/hair_texture/, file missing [File=game/objects/characters/nuian/male/hair/hair_texture/]
<11:06:45> [745BAE2F][Warning] failed to stream material xml(game/objects/characters/nuian/female/parts/bo/obj/nu_f_bo_cloth142.mtl)
<11:06:45> [637AF710][Warning] missing chr material : game/objects/characters/nuian/female/parts/ar/obj/nu_f_ar_cloth495.mtl (chr: game/objects/characters/nuian/female/parts/ar/obj/nu_f_1ar906_1arm012_1sh010_n.chr)
<11:07:04> [A4D70365][Warning] rigid-body own-entity; prefab=prefabs/carriage.xml/carriage.carriageb node=AnimObject_55
<11:07:06> [745BAE2F][Warning] failed to stream material xml(game/objects/characters/hariharan/female/parts/pt/obj/ha_f_pt_leather205.mtl)
<11:07:06> [637AF710][Warning] missing chr material : game/objects/characters/hariharan/female/parts/pt/obj/ha_f_pt_leather205.mtl (chr: game/objects/characters/hariharan/female/parts/pt/obj/ha_f_1pt101.chr)
<11:07:11> [CE0EF930][Warning] failed to stream cgf : default
<11:07:11> [745BAE2F][Warning] failed to stream material xml(game/objects/characters/hariharan/female/parts/pt/obj/ha_f_pt_cloth999.mtl)
<11:07:11> [637AF710][Warning] missing chr material : game/objects/characters/hariharan/female/parts/pt/obj/ha_f_pt_cloth999.mtl (chr: game/objects/characters/hariharan/female/parts/pt/obj/ha_f_1pt900.chr)
<11:07:13> [E46B221E][Warning] Cannot load texture game/objects/characters/monster/daru/daru_tamer/daru_tamer_sp.dds, file missing [File=game/objects/characters/monster/daru/daru_tamer/daru_tamer_sp.dds]
<11:07:39> [A4D70365][Warning] rigid-body own-entity; prefab=prefabs/carriage.xml/carriage.carriageb node=AnimObject_55
<11:08:14> [745BAE2F][Warning] failed to stream material xml(game/objects/characters/hariharan/male/parts/ar/obj/ha_m_ar_cloth046.mtl)
<11:08:14> [637AF710][Warning] missing chr material : game/objects/characters/hariharan/male/parts/ar/obj/ha_m_ar_cloth046.mtl (chr: game/objects/characters/hariharan/male/parts/ar/obj/ha_m_1ar304_1arm001.chr)
<11:08:17> [BB790A81] origin change campos : 3071.93, 4271.541992
<11:08:17> [00000020]  
<11:08:17> [00000020]  
<11:08:17> [A581FA6D] -----------------------------------------------------------------------------
<11:08:17> [1DAA5677] SeamlessSystem::ChangeOrigin() : Here we go. Old(14,4) -> New(13,4)
<11:08:17> [A581FA6D] -----------------------------------------------------------------------------
<11:08:17> [00000020]  
<11:08:17> [00000020]  
<11:08:17> [B866A294] seamless unloading cell terrain(W21, 14), (L7, 0)
<11:08:17> [7AB931CE] seamless unloading cell object(W21, 14), (L7, 0)
<11:08:17> [4B1E8B22] unload cell object count : 1033
<11:08:17> [B866A294] seamless unloading cell terrain(W21, 15), (L7, 1)
<11:08:17> [7AB931CE] seamless unloading cell object(W21, 15), (L7, 1)
<11:08:17> [4B1E8B22] unload cell object count : 399
<11:08:17> [B866A294] seamless unloading cell terrain(W21, 16), (L7, 2)
<11:08:17> [7AB931CE] seamless unloading cell object(W21, 16), (L7, 2)
<11:08:17> [4B1E8B22] unload cell object count : 5081
<11:08:17> [B866A294] seamless unloading cell terrain(W21, 17), (L7, 3)
<11:08:17> [7AB931CE] seamless unloading cell object(W21, 17), (L7, 3)
<11:08:17> [4B1E8B22] unload cell object count : 11732
<11:08:17> [B866A294] seamless unloading cell terrain(W21, 18), (L7, 4)
<11:08:17> [7AB931CE] seamless unloading cell object(W21, 18), (L7, 4)
<11:08:17> [4B1E8B22] unload cell object count : 8624
<11:08:17> [B866A294] seamless unloading cell terrain(W21, 19), (L7, 5)
<11:08:17> [7AB931CE] seamless unloading cell object(W21, 19), (L7, 5)
<11:08:17> [4B1E8B22] unload cell object count : 5800
<11:08:17> [B866A294] seamless unloading cell terrain(W21, 20), (L7, 6)
<11:08:17> [7AB931CE] seamless unloading cell object(W21, 20), (L7, 6)
<11:08:18> [4B1E8B22] unload cell object count : 29430
<11:08:18> [B866A294] seamless unloading cell terrain(W21, 21), (L7, 7)
<11:08:18> [7B1A973B] seamless loading cell terrain(W13, 8), (L0, 4)
<11:08:18> [3EF08C47] seamless loading cell object(W14, 8), (L1, 4)
<11:08:18> [1054BE80][Warning] WaterVolume Origin Change error : Err(-1024.0, 0.0), CurrPos(16219.5, 7347.1), Origin Frame(2, 3)
<11:08:18> [7B1A973B] seamless loading cell terrain(W13, 7), (L0, 3)
<11:08:18> [3EF08C47] seamless loading cell object(W14, 7), (L1, 3)
<11:08:18> [7B1A973B] seamless loading cell terrain(W13, 9), (L0, 5)
<11:08:18> [3EF08C47] seamless loading cell object(W14, 9), (L1, 5)
<11:08:18> [7B1A973B] seamless loading cell terrain(W13, 6), (L0, 2)
<11:08:18> [3EF08C47] seamless loading cell object(W14, 6), (L1, 2)
<11:08:18> [188BF914][Warning] [EntityLoader] invalid entity pos(653.073, 1421.338, 0.000) name(AAC_Solis_Ext_1)
<11:08:18> [7B1A973B] seamless loading cell terrain(W13, 10), (L0, 6)
<11:08:18> [3EF08C47] seamless loading cell object(W14, 10), (L1, 6)
<11:08:18> [7B1A973B] seamless loading cell terrain(W13, 5), (L0, 1)
<11:08:18> [3EF08C47] seamless loading cell object(W14, 5), (L1, 1)
<11:08:18> [7B1A973B] seamless loading cell terrain(W13, 11), (L0, 7)
<11:08:18> [7B1A973B] seamless loading cell terrain(W13, 4), (L0, 0)
<11:08:26> [000004EE][Warning] Particle effect not found: 'game/abillity_skill_table_m.fight.dash_hit', from unknown 
<11:09:09> [745BAE2F][Warning] failed to stream material xml(game/objects/characters/hariharan/male/parts/hm/obj/ha_m_hm_cloth001.mtl)
<11:09:09> [637AF710][Warning] missing chr material : game/objects/characters/hariharan/male/parts/hm/obj/ha_m_hm_cloth001.mtl (chr: game/objects/characters/hariharan/male/parts/hm/obj/ha_m_1hm104.chr)
<11:09:14> [04FA8364][Warning] Cannot load texture game/objects/characters/nuian/male/hair/hair_texture/, file missing [File=game/objects/characters/nuian/male/hair/hair_texture/]
<11:09:42> Loading Particle Library: X2_EFFECT_KSW
<11:09:42> [745BAE2F][Warning] failed to stream material xml(game/objects/effects/ksw_effect/qilin.mtl)
<11:09:42> [B95EE41B][Error] invalid parent unit id(114018)
<11:09:42> [000004EE][Warning] Particle effect not found: 'game/abillity_skill_table_m.fight.restrict_clear_launch', from unknown 
<11:09:42> [5CE4EF2C][Warning] failed to load particle lib from (Libs/Particles/game/x2_effects_k.xml)
<11:09:42> [000004EE][Warning] [CGF Error] game/objects/item/bow/bow_eph_3/bow_eph_3.cgf [:] LOD1 of geometry  contains too many polygons comparing to the LOD0 [824 against 1214] :
<11:09:42> [2363981C][Warning] chr material is not precached : game/objects/characters/hariharan/female/hair/ha_f_hair001/ha_f_hair001.mtl (chr: game/objects/characters/hariharan/female/hair/ha_f_hair001/ha_f_hair001.chr)
<11:09:42> [CA175C82][Warning] non-stream IO. system(Material), filePath(game/objects/characters/hariharan/female/hair/ha_f_hair001/ha_f_hair001.mtl)
<11:09:42> [42424527][Warning] Failed to stream CAF-file [File=animations/item/effect_bone/spear_2h/spear_2h_darkmoon001/default.caf]
<11:09:42> [000004EE][Warning] Independent immortal particle effect spawned: X2_EFFECT_O.Interaction.enchant_wpn_range_honor_3g
<11:09:46> [637AF710][Warning] missing chr material : game/objects/characters/nuian/female/parts/pt/obj/nu_f_pt_cloth150.mtl (chr: game/objects/characters/nuian/female/parts/pt/obj/nu_f_1pt601.chr)
<11:09:48> [745BAE2F][Warning] failed to stream material xml(game/objects/characters/hariharan/male/parts/hm/obj/ha_m_hm_cloth001.mtl)
<11:09:49> [491B3718][Warning] Cannot load texture objects/characters/ferre/female/face/face01/fe_f_face01_fur_sss.dds, file missing [File=objects/characters/ferre/female/face/face01/fe_f_face01_fur_sss.dds]
<11:09:49> [5243B464][Warning] Error: CShaderMan::mfCreateShaderResources: Couldn't find subsurface texture 'objects/characters/ferre/female/face/face01/fe_f_face01_fur_sss.dds' in path '' [File=objects/characters/ferre/female/face/face01/fe_f_face01_fur_sss.dds]
<11:09:50> [A4D70365][Warning] rigid-body own-entity; prefab=prefabs/carriage.xml/carriage.carriageb node=AnimObject_55
<11:09:52> [B95EE41B][Error] invalid parent unit id(114018)
<11:09:53> [637AF710][Warning] missing chr material : game/objects/characters/hariharan/male/parts/bo/obj/ha_m_bo_cloth140.mtl (chr: game/objects/characters/hariharan/male/parts/bo/obj/ha_m_1bo201.chr)
<11:09:59> [745BAE2F][Warning] failed to stream material xml(game/objects/characters/hariharan/male/parts/bo/obj/ha_m_bo_cloth232.mtl)
<11:09:59> [637AF710][Warning] missing chr material : game/objects/characters/hariharan/male/parts/bo/obj/ha_m_bo_cloth232.mtl (chr: game/objects/characters/hariharan/male/parts/bo/obj/ha_m_1bf004_1bo901.chr)
<11:10:00> [04FA8364][Warning] Cannot load texture game/objects/characters/nuian/male/hair/hair_texture/, file missing [File=game/objects/characters/nuian/male/hair/hair_texture/]
<11:10:04> [745BAE2F][Warning] failed to stream material xml(objects/Characters/ferre/male/parts/gv/cloth/gv_cloth228/fe_m_gv_cloth228_brop01.mtl)
<11:10:04> [637AF710][Warning] missing chr material : game/objects/characters/hariharan/male/parts/gv/obj/ha_m_gv_leather226.mtl (chr: game/objects/characters/hariharan/male/parts/gv/obj/ha_m_2gv201.chr)
<11:10:11> [745BAE2F][Warning] failed to stream material xml(game/objects/characters/ferre/male/parts/all/cloth/cloth487/fe_m_bo_cloth487_grap01.mtl)
<11:10:12> [637AF710][Warning] missing chr material : game/objects/characters/ferre/male/parts/pt/obj/fe_m_pt_cloth159.mtl (chr: game/objects/characters/ferre/male/parts/pt/obj/fe_m_1pt901.chr)
<11:10:20> [745BAE2F][Warning] failed to stream material xml(game/objects/characters/ferre/male/parts/pt/metal/pt_metal213/fe_m_pt_metal213_brop03.mtl)
<11:10:21> [BCCDC555][Warning] MakeSprite - too many sprite update (10). dropping.. (sprites : 83)
<11:10:23> [CE0EF930][Warning] failed to stream cgf : default
<11:10:23> [637AF710][Warning] missing chr material : game/objects/characters/hariharan/female/parts/hm/obj/ha_f_hm_cloth048.mtl (chr: game/objects/characters/hariharan/female/parts/hm/obj/ha_f_1hm189.chr)
<11:10:25> [745BAE2F][Warning] failed to stream material xml(game/objects/characters/hariharan/male/parts/ar/obj/ha_m_ar_metal042.mtl)
<11:10:25> [000004EE][Warning] Particle effect not found: 'game/ability_skill_table_k.p_skill_will.masic_off_launch', from unknown 
<11:10:25> [BD8C448A][Warning] Cannot load texture game/objects/characters/warborn/male/nude/wa_m_nude_ddn.dds, file missing [File=game/objects/characters/warborn/male/nude/wa_m_nude_ddn.dds]
<11:10:26> [CA175C82][Warning] non-stream IO. system(Material), filePath(game/objects/characters/warborn/male/horns/wa_m_horns014/wa_m_horns014_hc02.mtl)
<11:10:26> [000004EE][Warning] Independent immortal particle effect spawned: X2_EFFECT_O.Interaction.enchant_wpn_range_honor_3g
<11:10:27> [B95EE41B][Error] invalid parent unit id(113291)
<11:10:28> [637AF710][Warning] missing chr material : game/objects/characters/hariharan/female/parts/ar/obj/ha_f_ar_cloth048.mtl (chr: game/objects/characters/hariharan/female/parts/ar/obj/ha_f_1ar110_1arm010.chr)
<11:10:30> [000004EE][Warning] Particle effect not found: 'game/x2_effects_k.j_pc_effects.skill_hatred_dt_cursethorns_cast', from unknown 
<11:10:30> [745BAE2F][Warning] failed to stream material xml(game/objects/env/06_unit/06_glider/glider_blue2_grap01.mtl)
<11:10:31> [CA175C82][Warning] non-stream IO. system(Material), filePath(game/objects/effects/keffect/m_enchant2_yellow_l.mtl)
<11:10:32> [000004EE][Warning] [CGF Error] game/objects/env/06_unit/06_glider/glider_wing_crystal/glider_wing_crystal_back.cgf [:] LOD1 of geometry  contains too many polygons comparing to the LOD0 [2720 against 4064] :
<11:10:33> [5132FEDE][Warning] invalid attached position(0.00, 21.44, 6.09)
<11:10:33> [DD6CD685][Warning] grand child physical proxy is not supported. grandpa(Enoan Galleon: Sample), dad(prefab_doodad_model_553077_prefab://Prefabs/galleon.xml/galleon.galleon_helms), child(galleon_helms_1)
<11:10:36> [CA175C82][Warning] non-stream IO. system(Material), filePath(game/materials/misc/rope/rope_fishing.mtl)
<11:10:37> [BCCDC555][Warning] MakeSprite - too many sprite update (10). dropping.. (sprites : 178)
<11:10:39> [745BAE2F][Warning] failed to stream material xml(game/objects/characters/monster/daru/daru_trader/Material #367.mtl)
