[801989E0] BackupNameAttachment=" Build(0) Date(25 September 2025) Time(11 13 20)"  -- used by backup system
[00000020]  
[38F38F32] Log Started at #c
[0232BD25] Running 32 bit version
[7AB6F5FE] Executable: C:\Games\AAClassic\bin32\archeage.exe
[E5C771AC] FileVersion: 3.5.0.0
[F799D55F] ProductVersion: 3.5.3.0
[1F1D6B13] Using Microsoft (tm) C++ Standard Library implementation
[00000020]  
[C7D96C80] Revision: 350000
[00000020]  
[64533E3E] this is the first client
<11:13:26> [B9197FD5][Error] ConsoleVariableGroup[option_effect] key[e_particles_lod_onoff] has no default
<11:13:26> [76666E6D] 
--- CPU detection ---
<11:13:26> [F4D992D8] CPU: AMD AMD Ryzen 7 7800X3D 8-Core Processor           
<11:13:26> [3F649B02] Family: 15, Model: 1, Stepping: 2
<11:13:26> [83D12E0B] FPU: On-Chip
<11:13:26> [50919DA0] CPU Speed (estimated): 4191.757998 MHz
<11:13:26> [C73FD83A] MMX: not present
<11:13:26> [89D1077A] SSE: present
<11:13:26> [64E2B6F1] 3DNow!: present
<11:13:26> [27B7AC6E] Serial number not present or disabled
<11:13:26> [1D2D8E5B] Number of logical processors: 16
<11:13:26> [FA658084] Number of available logical processors: 16
<11:13:26> [A1F061C2] Invariant Time Stamp Counter : yes
<11:13:26> [FA0251ED] ---------------------

<11:13:26> [03E7D838] Device Info
<11:13:26> [9F603516] Device Info - 1
<11:13:26> [9F603517] Device Info - 2
<11:13:26> [9F603518] Device Info - 3
<11:13:26> [9F603519] Device Info - 4
<11:13:26> [9F60351A] Device Info - 5
<11:13:26> [9F60351B] Device Info - 6
<11:13:26> [9F60351C] Device Info - 7
<11:13:26> [E98ECC28] Video Memory Info
<11:13:26> [D5FBE664] Video Memory - 1
<11:13:26> [D5FBE665] Video Memory - 2
<11:13:27> [D5FBE666] Video Memory - 3
<11:13:27> [D5FBE667] Video Memory - 4
<11:13:27> [D5FBE668] Video Memory - 5
<11:13:27> [D5FBE669] Video Memory - 6
<11:13:27> [D5FBE66A] Video Memory - 7
<11:13:27> [D5FBE66B] Video Memory - 8
<11:13:27> [3A4D54A2][Warning] config/gpu/amd.txt line 55 contains a multiple defined GPU rating!
<11:13:27> [D20872C0] InitThreadAffinities
<11:13:27> [2F28A434] UpdateMainThreadAffinity
<11:13:27> [16962512] Windows 8 64 bit (build 6.2.9200)
<11:13:27> [38DFF081] System language: English
<11:13:27> [861A0178] Windows Directory: "C:\windows"
<11:13:27> [341B54F1] Prerequisites...
<11:13:27> [5D1B3C9C] * Installation of KB940105 hotfix required: no! (either not needed or already installed)
<11:13:27> [051AA4C2] Local time is 11:13:27 09/25/25, system running for 5441 minutes
<11:13:27> [10C8E5C2] 63426MB physical memory installed, 20892MB available, 4095MB virtual memory installed, 67 percent of memory in use
<11:13:27> [31259232] PageFile usage: 
<11:13:27> [453F0D1B] Current display mode is 2560x1440x32
<11:13:27> [8A64FCCC] IBM enhanced (101/102-key) keyboard and 3+ button mouse installed
<11:13:27> [CE30556B] ----- GPU Detection -----------------
<11:13:27> [03E7D838] Device Info
<11:13:27> [9F603516] Device Info - 1
<11:13:27> [9F603517] Device Info - 2
<11:13:27> [9F603518] Device Info - 3
<11:13:27> [9F603519] Device Info - 4
<11:13:27> [9F60351A] Device Info - 5
<11:13:27> [9F60351B] Device Info - 6
<11:13:27> [9F60351C] Device Info - 7
<11:13:27> [E98ECC28] Video Memory Info
<11:13:27> [D5FBE664] Video Memory - 1
<11:13:27> [D5FBE665] Video Memory - 2
<11:13:27> [D5FBE666] Video Memory - 3
<11:13:27> [D5FBE667] Video Memory - 4
<11:13:27> [D5FBE668] Video Memory - 5
<11:13:27> [D5FBE669] Video Memory - 6
<11:13:27> [D5FBE66A] Video Memory - 7
<11:13:27> [D5FBE66B] Video Memory - 8
<11:13:27> [99EA404A]  AMD Radeon RX 7800 XT (RADV NAVI32) (vendor = 0x1002, device = 0x747e, subSys = 0x00000000)
<11:13:27> [77718B6A] -- Video memory: 4081 MB
<11:13:27> [30DF1863] -- Minimum SM 2.0 support: yes
<11:13:27> [13E11956] -- DX11 supported: yes
<11:13:27> [50B60100] --------------------------------------------------------------------------------
<11:13:27> [5921EDBE] Stream Engine Initialization
<11:13:27> [BA0D559B] Splash: Initializing Stream Engine...
<11:13:27> [939F6EBB] Enable Resolutions : 0
<11:13:27> [A30A84B6] can't enum display resolution modes
<11:13:27> [B324CD25] Screen Resolution - 1024x768
<11:13:27> [3778EA0B] Screen Resolution - 0 (2560x1440)
<11:13:27> [A1B107F0] Screen Resolution - Test OK (2560x1440)
<11:13:27> [A9E4B0F2] Network initialization
<11:13:27> [BA0D559B] Splash: Initializing Network System...
<11:13:27> [14FAD233] Socket I/O by iocp
<11:13:27> [E36A4FB9] Physics initialization
<11:13:27> [BA0D559B] Splash: Initializing Physics...
<11:13:27> [2462D581] MovieSystem initialization
<11:13:27> [BA0D559B] Splash: Initializing Movie System...
<11:13:27> [93287AEC] Renderer initialization - Start
<11:13:27> [BA0D559B] Splash: Initializing Renderer...
<11:13:27> [91207680] Renderer initialization - Open
<11:13:27> [4377E7CB] Renderer initialization - DLL Load(CryRenderD3D9.dll)
<11:13:27> [71203A94] Renderer initialization - DLL Done
<11:13:27> [71227C22] Renderer initialization - DLL Init
<11:13:27> [C653D9CB] Renderer initialization - Instance
<11:13:27> [44D9754D] D3D Adapter: Driver name: aticfx32.dll
<11:13:27> [82BE8322] D3D Adapter: Driver description: AMD Radeon RX 7800 XT (RADV NAVI32)
<11:13:27> [2224501A] D3D Adapter: Driver version: 32767.65535.65535.65535
<11:13:27> [E8D1E30D] D3D Adapter: Driver GUID: 00000000-0003-0000-0000000000000000
<11:13:27> [BC8C1ACB] D3D Adapter: VendorId = 0x1002
<11:13:27> [B6A10CFD] D3D Adapter: DeviceId = 0x747E
<11:13:27> [0678E702] D3D Adapter: SubSysId = 0x00000000
<11:13:27> [F2243F0E] D3D Adapter: Revision = 0
<11:13:27> [E571CFEE] Shader manager initialization
<11:13:29> [05BAAEF6] CResFile allocations incurred by user cache preload: (21525.81k)
<11:13:29> [911B73B8] Renderer initialization - Done
<11:13:29> [8E444EA9] Console initialization
<11:13:29> [2904A233] Time initialization
<11:13:29> [3650CFD6] Input initialization
<11:13:29> [BA0D559B] Splash: Initializing Input System...
<11:13:29> Initializing Keyboard
<11:13:29> [99640BF1] Sound initialization
<11:13:29> [BA0D559B] Splash: Initializing Sound System...
<11:13:29> [2C33885C] Sound - Initializing AudioDevice now!
<11:13:29> [E46760A9] <Sound> Initialize FMOD with dynamic memory callbacks
<11:13:31> [D6755BFD] <Sound> Starting to initialize Windows Audio Session API output! 
<11:13:31> [F7E8E3CD] <Sound> Drivers found: 6
<11:13:31> [9B899242] <Sound> Available drivers:
	1.	PulseAudio Output (PulseAudio Output)
	2.	Blue Microphones Analog Stereo (Blue Microphones Analog Stereo)
	3.	soundcore Liberty 4 NC (soundcore Liberty 4 NC)
	4.	Wireless Controller (Wireless Controller)
	5.	Navi 31 HDMI/DP Audio Digital Stereo (HDMI) (Navi 31 HDMI/DP Audio Digital Stereo (HDMI))
	6.	Family 17h/19h/1ah HD Audio Controller Analog Stereo (Family 17h/19h/1ah HD Audio Controller Analog Stereo)
<11:13:31> [A0BBF7E1] <Sound> FmodEx-AudioDevice: Now running on driver: PulseAudio Output (PulseAudio Output)
<11:13:31> [14D8EFE1] <Sound> Using speaker mode: FMOD_SPEAKERMODE_STEREO
<11:13:31> [E79C27E5] <Sound> Initializing FMOD-EX now!
<11:13:31> [E2A9FE08] <Sound> Available record drivers: 0 PulseAudio Input (PulseAudio Input) !
<11:13:31> [E2A9FE08] <Sound> Available record drivers: 1 soundcore Liberty 4 NC (soundcore Liberty 4 NC) !
<11:13:31> [E2A9FE08] <Sound> Available record drivers: 2 Family 17h/19h/1ah HD Audio Controller Analog Stereo (Family 17h/19h/1ah HD Audio Controller Analog Stereo) !
<11:13:31> [E2A9FE08] <Sound> Available record drivers: 3 Wireless Controller (Wireless Controller) !
<11:13:31> [E2A9FE08] <Sound> Available record drivers: 4 Blue Microphones Analog Stereo (Blue Microphones Analog Stereo) !
<11:13:31> [E2A9FE08] <Sound> Available record drivers: 5 Monitor of Family 17h/19h/1ah HD Audio Controller (Monitor of Family 17h/19h/1ah HD Audio Controller) !
<11:13:31> [E2A9FE08] <Sound> Available record drivers: 6 Monitor of Blue Microphones Analog Stereo (Monitor of Blue Microphones Analog Stereo) !
<11:13:31> [E2A9FE08] <Sound> Available record drivers: 7 Wireless Controller (Wireless Controller) !
<11:13:31> [E2A9FE08] <Sound> Available record drivers: 8 Monitor of soundcore Liberty 4 NC (Monitor of soundcore Liberty 4 NC) !
<11:13:31> [E2A9FE08] <Sound> Available record drivers: 9 Monitor of Navi 31 HDMI/DP Audio Digital Stereo (HDMI) (Monitor of Navi 31 HDMI/DP Audio Digital Stereo (HDMI)) !
<11:13:31> [6841BE38] <Sound> Record config is set to autodetect using record driver 0
<11:13:31> [7808B4C4] <Sound> Using FMOD version: 00044414 and internal 00044414!
<11:13:31> [2A2815C7] <Sound> Initialized FMOD-EX
<11:13:31> [BE4EF52E] Sound - Initializing SoundSystem now!
<11:13:31> [0D547471] Font initialization
<11:13:31> [BA0D559B] Splash: Initializing Fonts...
<11:13:31> [C194F7C8][Warning] Cannot load texture textures/defaults/replacemecm.tif, file missing [File=textures/defaults/replacemecm.dds]
<11:13:31> [84206398] AI initialization
<11:13:31> [1BC221DE] Initializing Animation System
<11:13:31> [BA0D559B] Splash: Initializing Animation System...
<11:13:31> [9E592EFE] Initializing 3D Engine
<11:13:31> [BA0D559B] Splash: Initializing 3D Engine...
<11:13:32> [637AF710][Warning] missing chr material : game/objects/characters/ferre/female/nude/Standard_22.mtl (chr: game/objects/characters/ferre/female/nude/fe_f_base.chr)
<11:13:32> [91F5AEEC][Warning] number of bones mismatch! game/objects/characters/ferre/female/nude/fe_f_base.chr=195 game/objects/characters/ferre/female/nude/fe_f_base_lod1.chr=185
<11:13:33> [7415A452] CHR PreCaching 25 Done
<11:13:33> [E7AD4E53] AddSharedMorphTargets - Failed to load objects/characters/dwarf/male/face/dw_m_face00.chr
<11:13:33> [61AD1790] MorphTargetPreCaching - objects/characters/dwarf/male/face/dw_m_face00.chr Add Failed
<11:13:33> [A4A6E4C6] MorphTarget PreCaching 11 Done
<11:13:33> [5ACB40E2] Init Face Makers
<11:13:34> [56B5985B] X2FaceMaker - game/objects/characters/nuian/male/face/nu_m_face01_mid.chr : mouth_UnderbiteOverbite target not exist
<11:13:34> [56B5985B] X2FaceMaker - game/objects/characters/nuian/male/face/nu_m_face01_mid.chr : mouth_UnderbiteOverbite target not exist
<11:13:34> [56B5985B] X2FaceMaker - game/objects/characters/nuian/male/face/nu_m_face01_mid.chr : mouth_UnderbiteOverbite target not exist
<11:13:34> [4ABB03EB] game/objects/characters/ferre/female/face/fe_f_face01_low.chr(303) - objects/characters/ferre/female/face/fe_f_face00.chr(3063) SharedMorph is not matched
<11:13:34> [56B5985B] X2FaceMaker - game/objects/characters/nuian/male/face/nu_m_face01_mid.chr : mouth_UnderbiteOverbite target not exist
<11:13:34> [56B5985B] X2FaceMaker - game/objects/characters/nuian/male/face/nu_m_face01_mid.chr : nose_dw_SeptumVol target not exist
<11:13:34> [56B5985B] X2FaceMaker - game/objects/characters/nuian/male/face/nu_m_face01_mid.chr : nose_dw_NasalZposition target not exist
<11:13:34> [56B5985B] X2FaceMaker - game/objects/characters/nuian/male/face/nu_m_face01_mid.chr : FS_dwEarSize target not exist
<11:13:34> [56B5985B] X2FaceMaker - game/objects/characters/nuian/male/face/nu_m_face01_mid.chr : dwarf_Morph target not exist
<11:13:34> [56B5985B] X2FaceMaker - game/objects/characters/nuian/male/face/nu_m_face01_mid.chr : FS_dw_CheekMeat_min target not exist
<11:13:34> [1191A6A8] X2FaceMaker - game/objects/characters/nuian/male/face/nu_m_face01_mid.chr : FS_dw_CheekMeat_max ex target not exist
<11:13:34> [56B5985B] X2FaceMaker - game/objects/characters/warborn/male/face/wa_m_face01_mid.chr : eye_Forehead target not exist
<11:13:34> [56B5985B] X2FaceMaker - game/objects/characters/warborn/male/face/wa_m_face01_mid.chr : eye_Tail_min target not exist
<11:13:34> [1191A6A8] X2FaceMaker - game/objects/characters/warborn/male/face/wa_m_face01_mid.chr : eye_Tail_max ex target not exist
<11:13:34> [56B5985B] X2FaceMaker - game/objects/characters/warborn/male/face/wa_m_face01_mid.chr : eye_WidthLength_min target not exist
<11:13:34> [1191A6A8] X2FaceMaker - game/objects/characters/warborn/male/face/wa_m_face01_mid.chr : eye_WidthLength_max ex target not exist
<11:13:34> [56B5985B] X2FaceMaker - game/objects/characters/warborn/male/face/wa_m_face01_mid.chr : eye_DoubleEyelidShape target not exist
<11:13:34> [56B5985B] X2FaceMaker - game/objects/characters/warborn/male/face/wa_m_face01_mid.chr : eye_BrowXposition target not exist
<11:13:34> [56B5985B] X2FaceMaker - game/objects/characters/warborn/male/face/wa_m_face01_mid.chr : eye_BrowZposition target not exist
<11:13:34> [56B5985B] X2FaceMaker - game/objects/characters/warborn/male/face/wa_m_face01_mid.chr : nose_Nostril target not exist
<11:13:34> [56B5985B] X2FaceMaker - game/objects/characters/warborn/male/face/wa_m_face01_mid.chr : nose_Size target not exist
<11:13:34> [56B5985B] X2FaceMaker - game/objects/characters/warborn/male/face/wa_m_face01_mid.chr : nose_SeptumZposition target not exist
<11:13:34> [56B5985B] X2FaceMaker - game/objects/characters/warborn/male/face/wa_m_face01_mid.chr : nose_End target not exist
<11:13:34> [56B5985B] X2FaceMaker - game/objects/characters/warborn/male/face/wa_m_face01_mid.chr : nose_Size target not exist
<11:13:34> [56B5985B] X2FaceMaker - game/objects/characters/warborn/male/face/wa_m_face01_mid.chr : mouth_UpperLipVolume target not exist
<11:13:34> [56B5985B] X2FaceMaker - game/objects/characters/warborn/male/face/wa_m_face01_mid.chr : mouth_LowerLipVolume target not exist
<11:13:34> [56B5985B] X2FaceMaker - game/objects/characters/warborn/male/face/wa_m_face01_mid.chr : mouth_UpperLipOpen target not exist
<11:13:34> [56B5985B] X2FaceMaker - game/objects/characters/warborn/male/face/wa_m_face01_mid.chr : mouth_LowerLipOpen target not exist
<11:13:34> [56B5985B] X2FaceMaker - game/objects/characters/warborn/male/face/wa_m_face01_mid.chr : mouth_MouthOpen target not exist
<11:13:34> [56B5985B] X2FaceMaker - game/objects/characters/warborn/male/face/wa_m_face01_mid.chr : mouth_Size target not exist
<11:13:34> [56B5985B] X2FaceMaker - game/objects/characters/warborn/male/face/wa_m_face01_mid.chr : mouth_Shape_min target not exist
<11:13:34> [1191A6A8] X2FaceMaker - game/objects/characters/warborn/male/face/wa_m_face01_mid.chr : mouth_Shape_max ex target not exist
<11:13:34> [56B5985B] X2FaceMaker - game/objects/characters/warborn/male/face/wa_m_face01_mid.chr : mouth_TeethZposition target not exist
<11:13:34> [56B5985B] X2FaceMaker - game/objects/characters/warborn/male/face/wa_m_face01_mid.chr : FS_JawHigh_min target not exist
<11:13:34> [1191A6A8] X2FaceMaker - game/objects/characters/warborn/male/face/wa_m_face01_mid.chr : FS_JawHigh_max ex target not exist
<11:13:34> [56B5985B] X2FaceMaker - game/objects/characters/warborn/male/face/wa_m_face01_mid.chr : FS_EarRotate_min target not exist
<11:13:34> [1191A6A8] X2FaceMaker - game/objects/characters/warborn/male/face/wa_m_face01_mid.chr : FS_EarRotate_max ex target not exist
<11:13:34> [56B5985B] X2FaceMaker - game/objects/characters/warborn/male/face/wa_m_face01_mid.chr : FS_Beard1 target not exist
<11:13:34> [56B5985B] X2FaceMaker - game/objects/characters/warborn/male/face/wa_m_face01_mid.chr : FS_Beard2 target not exist
<11:13:34> [56B5985B] X2FaceMaker - game/objects/characters/warborn/male/face/wa_m_face01_mid.chr : FS_Beard3 target not exist
<11:13:34> [56B5985B] X2FaceMaker - game/objects/characters/warborn/female/face/wa_f_face01_mid.chr : eye_Yposition_min target not exist
<11:13:34> [1191A6A8] X2FaceMaker - game/objects/characters/warborn/female/face/wa_f_face01_mid.chr : eye_Yposition_max ex target not exist
<11:13:34> [56B5985B] X2FaceMaker - game/objects/characters/warborn/female/face/wa_f_face01_mid.chr : FS_AllLowerY target not exist
<11:13:34> [56B5985B] X2FaceMaker - game/objects/characters/warborn/female/face/wa_f_face01_mid.chr : FS_AllRotate target not exist
<11:13:34> [56B5985B] X2FaceMaker - game/objects/characters/warborn/female/face/wa_f_face01_mid.chr : FS_AllY target not exist
<11:13:34> [56B5985B] X2FaceMaker - game/objects/characters/warborn/female/face/wa_f_face01_mid.chr : mouth_Open_min target not exist
<11:13:34> [1191A6A8] X2FaceMaker - game/objects/characters/warborn/female/face/wa_f_face01_mid.chr : mouth_Open_max ex target not exist
<11:13:34> [E320B5CE] Init Face Makers - Done!
<11:13:34> [581CA53C] Script System Initialization
<11:13:34> [BA0D559B] Splash: Initializing Script System...
<11:13:34> [000004EE][Warning] [Lua Error] 1_3_0/scripts/common.lua:276: attempt to index global 'Script' (a nil value)
<11:13:34> [58F3F7FF][Warning] <null>:0: [Lua Error] Failed to execute file @game/scriptsbin/common.alb
<11:13:34> [D8B2BA54] Entity system initialization
<11:13:34> [BA0D559B] Splash: Initializing Entity System...
<11:13:34> [D55F91B2][Warning] [CEntityClassRegistry] LoadClassDescription failed, Entity Class name Chick already registered
<11:13:34> [BA0D559B] Splash: Initializing AI System...
<11:13:34> [DA019954] Initializing AI System
<11:13:34> [2546BCC5] Initializing Budgeting System
<11:13:34> [C0E19025] Initializing Seamless System
<11:13:34> [BA0D559B] Splash: Loading Game Data...
<11:13:36> [90B8EC50][Warning] too many ranges: aoe_shapes descs 10156(10156) threshold 100 ranges 12
<11:13:37> [BA4AD6CE] Loading portal list
<11:13:37> [92597454] Portal added, enter: 3891, exit: 6629
<11:13:37> [92597454] Portal added, enter: 21448, exit: 21449
<11:13:37> [92597454] Portal added, enter: 21450, exit: 21451
<11:13:37> [92597454] Portal added, enter: 21452, exit: 21453
<11:13:37> [92597454] Portal added, enter: 21698, exit: 21699
<11:13:37> [92597454] Portal added, enter: 22023, exit: 22024
<11:13:37> [92597454] Portal added, enter: 22042, exit: 22066
<11:13:37> [92597454] Portal added, enter: 22136, exit: 22137
<11:13:37> [92597454] Portal added, enter: 22163, exit: 22164
<11:13:37> [92597454] Portal added, enter: 22184, exit: 22185
<11:13:37> [92597454] Portal added, enter: 22336, exit: 22337
<11:13:37> [92597454] Portal added, enter: 9000063, exit: 9000064
<11:13:37> [1C664009] End loading portal list
<11:13:37> [937812F7] loaded DDCMS (1396969 descs, 719156 links (17 page 16.95MB size) string) from game\db\compact.sqlite3 in 1482 ms
<11:13:37> [BA0D559B] Splash: Initializing Game System...
<11:13:37> [000004EE][Warning] [Lua Error] no localized ui text for 18 always_refund
<11:13:38> [0ADE3294][Warning] [MFX] Effect 'collisions:grenade' already present. Overriding.
<11:13:38> [311630D1][Warning] MFX WARNING: Material not found: mat_ice_breakable
<11:13:38>  
<11:13:38>    sys_spec = Custom (assuming 4)
<11:13:38>      option_animation = 5 expected:4
<11:13:38>      option_anti_aliasing = 2 expected:3
<11:13:38>      option_character_lod = 5 expected:4
<11:13:38>      option_effect = 5 expected:4
<11:13:38>      option_shader_quality = 5 expected:4
<11:13:38>      option_shadow_dist = 5 expected:4
<11:13:38>      option_shadow_view_dist_ratio = 5 expected:4
<11:13:38>      option_shadow_view_dist_ratio_character = 5 expected:4
<11:13:38>      option_terrain_detail = 5 expected:4
<11:13:38>      option_terrain_lod = 5 expected:4
<11:13:38>      option_texture_bg = 5 expected:4
<11:13:38>      option_texture_character = 5 expected:4
<11:13:38>      option_view_dist_ratio = 5 expected:4
<11:13:38>      option_view_dist_ratio_vegetation = 5 expected:4
<11:13:38>      option_view_distance = 5 expected:4
<11:13:38>      option_volumetric_effect = 5 expected:4
<11:13:38>      option_water = 5 expected:4
<11:13:38>  
<11:13:38> [BA0D559B] Splash: Preparing Screen...
<11:13:38> [963385F6] Level System - Loading Start
<11:13:38> [806B6F8D] precaching world entities ..
<11:13:38> [7E39E0DE] precaching world entities .. done!  total (0) objects
<11:13:38> [D2B280D6] Vegetation Manager : Loading World(login2)
<11:13:38> [075AB92F] Vegetation Manager : Loading World - Done (total 36 vegetations)
<11:13:38> [B9410AA1] total 20 terrain world surfaces loaded
<11:13:38> Loading Particle Library: collisions
<11:13:38> Loading Particle Library: water
<11:13:38> Loading Particle Library: misc
<11:13:38> Loading Particle Library: ability_skill_table
<11:13:38> Loading Particle Library: ability_skill_table_k
<11:13:38> Loading Particle Library: abillity_skill_table_m
<11:13:39> Loading Particle Library: machinima
<11:13:39> Loading Particle Library: x2_effects
<11:13:39> Loading Particle Library: x2_effects_k
<11:13:39> [280A47E3] Precached total 2 materials
<11:13:39> [7B1A973B] seamless loading cell terrain(W0, 1), (L0, 0)
<11:13:39> [3EF08C47] seamless loading cell object(W0, 1), (L0, 0)
<11:13:39> [584C4FFD] [net 15:13:27.643]  dns ip:192.168.1.202
<11:13:39> [584C4FFD] [net 15:13:27.643]  dns ip:172.18.0.1
<11:13:39> [584C4FFD] [net 15:13:27.643]  dns ip:172.19.0.1
<11:13:39> [584C4FFD] [net 15:13:27.643]  dns ip:172.17.0.1
<11:13:39> [0DE3FA89][Error] CryAnimation: character-definition creation failed: game/objects/characters/elf/female/nude/el_f_kyprosa.cdf
<11:13:39> [13A58BA0][Error] CryAnimation: character-definition not found: game/objects/characters/elf/female/nude/el_f_kyprosa.cdf
<11:13:40> [4DD44108] Start DaruCommon Extension
<11:13:40> [1B425DA5] Duplicated post effect param! pszName = FilterMaskedBlurring_Amount
<11:13:40> [1B425DA5] Duplicated post effect param! pszName = FilterMaskedBlurring_MaskTexName
<11:13:40> [1B425DA5] Duplicated post effect param! pszName = FilterChromaShift_User_Amount
<11:13:40> [1B425DA5] Duplicated post effect param! pszName = FilterGrain_Amount
<11:13:40> [8F6BAA6C][Warning] Couldn't find console variable 'e_water_ocean_fft'
<11:13:40> Loading Particle Library: wind
<11:13:40> Loading Particle Library: X2_EFFECT_O
<11:13:40> [000004EE][Warning] Particle effect not found: '                                                                ', from ParticleEffect fx_land_green
<11:13:40> [12409CCC] Load Zone Finished
<11:13:40> [A39C1725] Level System - Loading Complete
<11:13:40> [27293DED] -----------------------------------------------------
<11:13:40> [120C18F5] * LOADING: 'loginbg4' loading time: 1.85 seconds
<11:13:40> [27293DED] -----------------------------------------------------
<11:13:40> [000004EE][Warning] [Lua Error] no client player exists
<11:13:40> [A13C772D][Warning] Cannot load texture ui/font_color.g, Image file format is invalid [File=ui/font_color.g]
<11:13:40> [000FABC5][Warning] CAreaGrid::BeginAreas() called before being initialized.
<11:13:43> [1D01FDCA] Auth: client connected to server
<11:13:43> [584C4FFD] [net 15:13:43.406]  socket ip:192.168.1.202
<11:13:43> [4C920A71] mac address : 74-56-3c-fe-52-f3
<11:14:06> [7CC1A260] Save Game Option
<11:14:07> [05D024BA] System:Quit
