[801989E0] BackupNameAttachment=" Build(0) Date(24 September 2025) Time(12 40 26)"  -- used by backup system
[00000020]  
[38F38F32] Log Started at #c
[0232BD25] Running 32 bit version
[7AB6F5FE] Executable: C:\Games\AAClassic\bin32\archeage.exe
[E5C771AC] FileVersion: 3.5.0.0
[F799D55F] ProductVersion: 3.5.3.0
[1F1D6B13] Using Microsoft (tm) C++ Standard Library implementation
[00000020]  
[C7D96C80] Revision: 350000
[00000020]  
[64533E3E] this is the first client
<12:40:32> [B9197FD5][Error] ConsoleVariableGroup[option_effect] key[e_particles_lod_onoff] has no default
<12:40:32> [76666E6D] 
--- CPU detection ---
<12:40:32> [F4D992D8] CPU: AMD AMD Ryzen 7 7800X3D 8-Core Processor           
<12:40:32> [3F649B02] Family: 15, Model: 1, Stepping: 2
<12:40:32> [83D12E0B] FPU: On-Chip
<12:40:32> [50919DA0] CPU Speed (estimated): 4191.980726 MHz
<12:40:32> [C73FD83A] MMX: not present
<12:40:32> [89D1077A] SSE: present
<12:40:32> [64E2B6F1] 3DNow!: present
<12:40:32> [27B7AC6E] Serial number not present or disabled
<12:40:32> [1D2D8E5B] Number of logical processors: 16
<12:40:32> [FA658084] Number of available logical processors: 16
<12:40:32> [A1F061C2] Invariant Time Stamp Counter : yes
<12:40:32> [FA0251ED] ---------------------

<12:40:32> [03E7D838] Device Info
<12:40:32> [9F603516] Device Info - 1
<12:40:32> [9F603517] Device Info - 2
<12:40:32> [9F603518] Device Info - 3
<12:40:32> [9F603519] Device Info - 4
<12:40:32> [9F60351A] Device Info - 5
<12:40:32> [9F60351B] Device Info - 6
<12:40:32> [9F60351C] Device Info - 7
<12:40:32> [E98ECC28] Video Memory Info
<12:40:32> [D5FBE664] Video Memory - 1
<12:40:32> [D5FBE665] Video Memory - 2
<12:40:32> [D5FBE666] Video Memory - 3
<12:40:32> [D5FBE667] Video Memory - 4
<12:40:32> [D5FBE668] Video Memory - 5
<12:40:32> [D5FBE669] Video Memory - 6
<12:40:32> [D5FBE66A] Video Memory - 7
<12:40:32> [D5FBE66B] Video Memory - 8
<12:40:32> [3A4D54A2][Warning] config/gpu/amd.txt line 55 contains a multiple defined GPU rating!
<12:40:32> [D20872C0] InitThreadAffinities
<12:40:32> [2F28A434] UpdateMainThreadAffinity
<12:40:32> [16962512] Windows 8 64 bit (build 6.2.9200)
<12:40:32> [38DFF081] System language: English
<12:40:32> [861A0178] Windows Directory: "C:\windows"
<12:40:32> [341B54F1] Prerequisites...
<12:40:32> [5D1B3C9C] * Installation of KB940105 hotfix required: no! (either not needed or already installed)
<12:40:32> [4C8E81E8] Local time is 12:40:32 09/24/25, system running for 4644 minutes
<12:40:32> [A36E1436] 63426MB physical memory installed, 26162MB available, 4095MB virtual memory installed, 58 percent of memory in use
<12:40:32> [31259232] PageFile usage: 
<12:40:32> [453F0D1B] Current display mode is 2560x1440x32
<12:40:32> [8A64FCCC] IBM enhanced (101/102-key) keyboard and 3+ button mouse installed
<12:40:32> [CE30556B] ----- GPU Detection -----------------
<12:40:32> [03E7D838] Device Info
<12:40:32> [9F603516] Device Info - 1
<12:40:32> [9F603517] Device Info - 2
<12:40:32> [9F603518] Device Info - 3
<12:40:32> [9F603519] Device Info - 4
<12:40:32> [9F60351A] Device Info - 5
<12:40:32> [9F60351B] Device Info - 6
<12:40:32> [9F60351C] Device Info - 7
<12:40:32> [E98ECC28] Video Memory Info
<12:40:32> [D5FBE664] Video Memory - 1
<12:40:32> [D5FBE665] Video Memory - 2
<12:40:32> [D5FBE666] Video Memory - 3
<12:40:32> [D5FBE667] Video Memory - 4
<12:40:32> [D5FBE668] Video Memory - 5
<12:40:32> [D5FBE669] Video Memory - 6
<12:40:32> [D5FBE66A] Video Memory - 7
<12:40:32> [D5FBE66B] Video Memory - 8
<12:40:32> [99EA404A]  AMD Radeon RX 7800 XT (RADV NAVI32) (vendor = 0x1002, device = 0x747e, subSys = 0x00000000)
<12:40:32> [77718B6A] -- Video memory: 4081 MB
<12:40:32> [30DF1863] -- Minimum SM 2.0 support: yes
<12:40:32> [13E11956] -- DX11 supported: yes
<12:40:32> [50B60100] --------------------------------------------------------------------------------
<12:40:32> [5921EDBE] Stream Engine Initialization
<12:40:32> [BA0D559B] Splash: Initializing Stream Engine...
<12:40:32> [939F6EBB] Enable Resolutions : 0
<12:40:32> [A30A84B6] can't enum display resolution modes
<12:40:32> [B324CD25] Screen Resolution - 1024x768
<12:40:32> [3778EA0B] Screen Resolution - 0 (2560x1440)
<12:40:32> [A1B107F0] Screen Resolution - Test OK (2560x1440)
<12:40:33> [A9E4B0F2] Network initialization
<12:40:33> [BA0D559B] Splash: Initializing Network System...
<12:40:33> [14FAD233] Socket I/O by iocp
<12:40:33> [E36A4FB9] Physics initialization
<12:40:33> [BA0D559B] Splash: Initializing Physics...
<12:40:33> [2462D581] MovieSystem initialization
<12:40:33> [BA0D559B] Splash: Initializing Movie System...
<12:40:33> [93287AEC] Renderer initialization - Start
<12:40:33> [BA0D559B] Splash: Initializing Renderer...
<12:40:33> [91207680] Renderer initialization - Open
<12:40:33> [4377E7CB] Renderer initialization - DLL Load(CryRenderD3D9.dll)
<12:40:33> [71203A94] Renderer initialization - DLL Done
<12:40:33> [71227C22] Renderer initialization - DLL Init
<12:40:33> [C653D9CB] Renderer initialization - Instance
<12:40:33> [44D9754D] D3D Adapter: Driver name: aticfx32.dll
<12:40:33> [82BE8322] D3D Adapter: Driver description: AMD Radeon RX 7800 XT (RADV NAVI32)
<12:40:33> [2224501A] D3D Adapter: Driver version: 32767.65535.65535.65535
<12:40:33> [E8D1E30D] D3D Adapter: Driver GUID: 00000000-0003-0000-0000000000000000
<12:40:33> [BC8C1ACB] D3D Adapter: VendorId = 0x1002
<12:40:33> [B6A10CFD] D3D Adapter: DeviceId = 0x747E
<12:40:33> [0678E702] D3D Adapter: SubSysId = 0x00000000
<12:40:33> [F2243F0E] D3D Adapter: Revision = 0
<12:40:33> [1B425DA5] Duplicated post effect param! pszName = FilterMaskedBlurring_Amount
<12:40:33> [1B425DA5] Duplicated post effect param! pszName = FilterMaskedBlurring_MaskTexName
<12:40:33> [1B425DA5] Duplicated post effect param! pszName = FilterChromaShift_User_Amount
<12:40:33> [1B425DA5] Duplicated post effect param! pszName = FilterGrain_Amount
<12:40:33> [E571CFEE] Shader manager initialization
<12:40:34> [8F6BAA6C][Warning] Couldn't find console variable 'e_water_ocean_fft'
<12:40:34> [05BAAEF6] CResFile allocations incurred by user cache preload: (21446.79k)
<12:40:34> [911B73B8] Renderer initialization - Done
<12:40:34> [8E444EA9] Console initialization
<12:40:34> [2904A233] Time initialization
<12:40:34> [3650CFD6] Input initialization
<12:40:34> [BA0D559B] Splash: Initializing Input System...
<12:40:34> Initializing Keyboard
<12:40:34> [99640BF1] Sound initialization
<12:40:34> [BA0D559B] Splash: Initializing Sound System...
<12:40:34> [2C33885C] Sound - Initializing AudioDevice now!
<12:40:34> [E46760A9] <Sound> Initialize FMOD with dynamic memory callbacks
<12:40:35> [D6755BFD] <Sound> Starting to initialize Windows Audio Session API output! 
<12:40:35> [F7E8E3CD] <Sound> Drivers found: 6
<12:40:35> [9B899242] <Sound> Available drivers:
	1.	PulseAudio Output (PulseAudio Output)
	2.	Blue Microphones Analog Stereo (Blue Microphones Analog Stereo)
	3.	soundcore Liberty 4 NC (soundcore Liberty 4 NC)
	4.	Wireless Controller (Wireless Controller)
	5.	Navi 31 HDMI/DP Audio Digital Stereo (HDMI) (Navi 31 HDMI/DP Audio Digital Stereo (HDMI))
	6.	Family 17h/19h/1ah HD Audio Controller Analog Stereo (Family 17h/19h/1ah HD Audio Controller Analog Stereo)
<12:40:35> [A0BBF7E1] <Sound> FmodEx-AudioDevice: Now running on driver: PulseAudio Output (PulseAudio Output)
<12:40:35> [14D8EFE1] <Sound> Using speaker mode: FMOD_SPEAKERMODE_STEREO
<12:40:35> [E79C27E5] <Sound> Initializing FMOD-EX now!
<12:40:35> [E2A9FE08] <Sound> Available record drivers: 0 PulseAudio Input (PulseAudio Input) !
<12:40:35> [E2A9FE08] <Sound> Available record drivers: 1 soundcore Liberty 4 NC (soundcore Liberty 4 NC) !
<12:40:35> [E2A9FE08] <Sound> Available record drivers: 2 Family 17h/19h/1ah HD Audio Controller Analog Stereo (Family 17h/19h/1ah HD Audio Controller Analog Stereo) !
<12:40:35> [E2A9FE08] <Sound> Available record drivers: 3 Wireless Controller (Wireless Controller) !
<12:40:35> [E2A9FE08] <Sound> Available record drivers: 4 Blue Microphones Analog Stereo (Blue Microphones Analog Stereo) !
<12:40:35> [E2A9FE08] <Sound> Available record drivers: 5 Monitor of Family 17h/19h/1ah HD Audio Controller (Monitor of Family 17h/19h/1ah HD Audio Controller) !
<12:40:35> [E2A9FE08] <Sound> Available record drivers: 6 Monitor of Blue Microphones Analog Stereo (Monitor of Blue Microphones Analog Stereo) !
<12:40:35> [E2A9FE08] <Sound> Available record drivers: 7 Wireless Controller (Wireless Controller) !
<12:40:35> [E2A9FE08] <Sound> Available record drivers: 8 Monitor of soundcore Liberty 4 NC (Monitor of soundcore Liberty 4 NC) !
<12:40:35> [E2A9FE08] <Sound> Available record drivers: 9 Monitor of Navi 31 HDMI/DP Audio Digital Stereo (HDMI) (Monitor of Navi 31 HDMI/DP Audio Digital Stereo (HDMI)) !
<12:40:35> [6841BE38] <Sound> Record config is set to autodetect using record driver 0
<12:40:35> [7808B4C4] <Sound> Using FMOD version: 00044414 and internal 00044414!
<12:40:35> [2A2815C7] <Sound> Initialized FMOD-EX
<12:40:36> [BE4EF52E] Sound - Initializing SoundSystem now!
<12:40:36> [0D547471] Font initialization
<12:40:36> [BA0D559B] Splash: Initializing Fonts...
<12:40:36> [C194F7C8][Warning] Cannot load texture textures/defaults/replacemecm.tif, file missing [File=textures/defaults/replacemecm.dds]
<12:40:36> [84206398] AI initialization
<12:40:36> [1BC221DE] Initializing Animation System
<12:40:36> [BA0D559B] Splash: Initializing Animation System...
<12:40:36> [9E592EFE] Initializing 3D Engine
<12:40:36> [BA0D559B] Splash: Initializing 3D Engine...
<12:40:36> [637AF710][Warning] missing chr material : game/objects/characters/ferre/female/nude/Standard_22.mtl (chr: game/objects/characters/ferre/female/nude/fe_f_base.chr)
<12:40:37> [91F5AEEC][Warning] number of bones mismatch! game/objects/characters/ferre/female/nude/fe_f_base.chr=195 game/objects/characters/ferre/female/nude/fe_f_base_lod1.chr=185
<12:40:38> [7415A452] CHR PreCaching 25 Done
<12:40:38> [E7AD4E53] AddSharedMorphTargets - Failed to load objects/characters/dwarf/male/face/dw_m_face00.chr
<12:40:38> [61AD1790] MorphTargetPreCaching - objects/characters/dwarf/male/face/dw_m_face00.chr Add Failed
<12:40:38> [A4A6E4C6] MorphTarget PreCaching 11 Done
<12:40:38> [5ACB40E2] Init Face Makers
<12:40:38> [56B5985B] X2FaceMaker - game/objects/characters/nuian/male/face/nu_m_face01_mid.chr : mouth_UnderbiteOverbite target not exist
<12:40:38> [56B5985B] X2FaceMaker - game/objects/characters/nuian/male/face/nu_m_face01_mid.chr : mouth_UnderbiteOverbite target not exist
<12:40:38> [56B5985B] X2FaceMaker - game/objects/characters/nuian/male/face/nu_m_face01_mid.chr : mouth_UnderbiteOverbite target not exist
<12:40:38> [4ABB03EB] game/objects/characters/ferre/female/face/fe_f_face01_low.chr(303) - objects/characters/ferre/female/face/fe_f_face00.chr(3063) SharedMorph is not matched
<12:40:38> [56B5985B] X2FaceMaker - game/objects/characters/nuian/male/face/nu_m_face01_mid.chr : mouth_UnderbiteOverbite target not exist
<12:40:38> [56B5985B] X2FaceMaker - game/objects/characters/nuian/male/face/nu_m_face01_mid.chr : nose_dw_SeptumVol target not exist
<12:40:38> [56B5985B] X2FaceMaker - game/objects/characters/nuian/male/face/nu_m_face01_mid.chr : nose_dw_NasalZposition target not exist
<12:40:38> [56B5985B] X2FaceMaker - game/objects/characters/nuian/male/face/nu_m_face01_mid.chr : FS_dwEarSize target not exist
<12:40:38> [56B5985B] X2FaceMaker - game/objects/characters/nuian/male/face/nu_m_face01_mid.chr : dwarf_Morph target not exist
<12:40:38> [56B5985B] X2FaceMaker - game/objects/characters/nuian/male/face/nu_m_face01_mid.chr : FS_dw_CheekMeat_min target not exist
<12:40:38> [1191A6A8] X2FaceMaker - game/objects/characters/nuian/male/face/nu_m_face01_mid.chr : FS_dw_CheekMeat_max ex target not exist
<12:40:38> [56B5985B] X2FaceMaker - game/objects/characters/warborn/male/face/wa_m_face01_mid.chr : eye_Forehead target not exist
<12:40:38> [56B5985B] X2FaceMaker - game/objects/characters/warborn/male/face/wa_m_face01_mid.chr : eye_Tail_min target not exist
<12:40:38> [1191A6A8] X2FaceMaker - game/objects/characters/warborn/male/face/wa_m_face01_mid.chr : eye_Tail_max ex target not exist
<12:40:38> [56B5985B] X2FaceMaker - game/objects/characters/warborn/male/face/wa_m_face01_mid.chr : eye_WidthLength_min target not exist
<12:40:38> [1191A6A8] X2FaceMaker - game/objects/characters/warborn/male/face/wa_m_face01_mid.chr : eye_WidthLength_max ex target not exist
<12:40:38> [56B5985B] X2FaceMaker - game/objects/characters/warborn/male/face/wa_m_face01_mid.chr : eye_DoubleEyelidShape target not exist
<12:40:38> [56B5985B] X2FaceMaker - game/objects/characters/warborn/male/face/wa_m_face01_mid.chr : eye_BrowXposition target not exist
<12:40:38> [56B5985B] X2FaceMaker - game/objects/characters/warborn/male/face/wa_m_face01_mid.chr : eye_BrowZposition target not exist
<12:40:38> [56B5985B] X2FaceMaker - game/objects/characters/warborn/male/face/wa_m_face01_mid.chr : nose_Nostril target not exist
<12:40:38> [56B5985B] X2FaceMaker - game/objects/characters/warborn/male/face/wa_m_face01_mid.chr : nose_Size target not exist
<12:40:38> [56B5985B] X2FaceMaker - game/objects/characters/warborn/male/face/wa_m_face01_mid.chr : nose_SeptumZposition target not exist
<12:40:38> [56B5985B] X2FaceMaker - game/objects/characters/warborn/male/face/wa_m_face01_mid.chr : nose_End target not exist
<12:40:38> [56B5985B] X2FaceMaker - game/objects/characters/warborn/male/face/wa_m_face01_mid.chr : nose_Size target not exist
<12:40:38> [56B5985B] X2FaceMaker - game/objects/characters/warborn/male/face/wa_m_face01_mid.chr : mouth_UpperLipVolume target not exist
<12:40:38> [56B5985B] X2FaceMaker - game/objects/characters/warborn/male/face/wa_m_face01_mid.chr : mouth_LowerLipVolume target not exist
<12:40:38> [56B5985B] X2FaceMaker - game/objects/characters/warborn/male/face/wa_m_face01_mid.chr : mouth_UpperLipOpen target not exist
<12:40:38> [56B5985B] X2FaceMaker - game/objects/characters/warborn/male/face/wa_m_face01_mid.chr : mouth_LowerLipOpen target not exist
<12:40:38> [56B5985B] X2FaceMaker - game/objects/characters/warborn/male/face/wa_m_face01_mid.chr : mouth_MouthOpen target not exist
<12:40:38> [56B5985B] X2FaceMaker - game/objects/characters/warborn/male/face/wa_m_face01_mid.chr : mouth_Size target not exist
<12:40:38> [56B5985B] X2FaceMaker - game/objects/characters/warborn/male/face/wa_m_face01_mid.chr : mouth_Shape_min target not exist
<12:40:38> [1191A6A8] X2FaceMaker - game/objects/characters/warborn/male/face/wa_m_face01_mid.chr : mouth_Shape_max ex target not exist
<12:40:38> [56B5985B] X2FaceMaker - game/objects/characters/warborn/male/face/wa_m_face01_mid.chr : mouth_TeethZposition target not exist
<12:40:38> [56B5985B] X2FaceMaker - game/objects/characters/warborn/male/face/wa_m_face01_mid.chr : FS_JawHigh_min target not exist
<12:40:38> [1191A6A8] X2FaceMaker - game/objects/characters/warborn/male/face/wa_m_face01_mid.chr : FS_JawHigh_max ex target not exist
<12:40:38> [56B5985B] X2FaceMaker - game/objects/characters/warborn/male/face/wa_m_face01_mid.chr : FS_EarRotate_min target not exist
<12:40:38> [1191A6A8] X2FaceMaker - game/objects/characters/warborn/male/face/wa_m_face01_mid.chr : FS_EarRotate_max ex target not exist
<12:40:38> [56B5985B] X2FaceMaker - game/objects/characters/warborn/male/face/wa_m_face01_mid.chr : FS_Beard1 target not exist
<12:40:38> [56B5985B] X2FaceMaker - game/objects/characters/warborn/male/face/wa_m_face01_mid.chr : FS_Beard2 target not exist
<12:40:38> [56B5985B] X2FaceMaker - game/objects/characters/warborn/male/face/wa_m_face01_mid.chr : FS_Beard3 target not exist
<12:40:38> [56B5985B] X2FaceMaker - game/objects/characters/warborn/female/face/wa_f_face01_mid.chr : eye_Yposition_min target not exist
<12:40:38> [1191A6A8] X2FaceMaker - game/objects/characters/warborn/female/face/wa_f_face01_mid.chr : eye_Yposition_max ex target not exist
<12:40:38> [56B5985B] X2FaceMaker - game/objects/characters/warborn/female/face/wa_f_face01_mid.chr : FS_AllLowerY target not exist
<12:40:38> [56B5985B] X2FaceMaker - game/objects/characters/warborn/female/face/wa_f_face01_mid.chr : FS_AllRotate target not exist
<12:40:38> [56B5985B] X2FaceMaker - game/objects/characters/warborn/female/face/wa_f_face01_mid.chr : FS_AllY target not exist
<12:40:38> [56B5985B] X2FaceMaker - game/objects/characters/warborn/female/face/wa_f_face01_mid.chr : mouth_Open_min target not exist
<12:40:38> [1191A6A8] X2FaceMaker - game/objects/characters/warborn/female/face/wa_f_face01_mid.chr : mouth_Open_max ex target not exist
<12:40:38> [E320B5CE] Init Face Makers - Done!
<12:40:38> [581CA53C] Script System Initialization
<12:40:38> [BA0D559B] Splash: Initializing Script System...
<12:40:38> [000004EE][Warning] [Lua Error] 1_3_0/scripts/common.lua:276: attempt to index global 'Script' (a nil value)
<12:40:38> [58F3F7FF][Warning] <null>:0: [Lua Error] Failed to execute file @game/scriptsbin/common.alb
<12:40:38> [D8B2BA54] Entity system initialization
<12:40:38> [BA0D559B] Splash: Initializing Entity System...
<12:40:38> [D55F91B2][Warning] [CEntityClassRegistry] LoadClassDescription failed, Entity Class name Chick already registered
<12:40:38> [BA0D559B] Splash: Initializing AI System...
<12:40:38> [DA019954] Initializing AI System
<12:40:38> [2546BCC5] Initializing Budgeting System
<12:40:38> [C0E19025] Initializing Seamless System
<12:40:38> [BA0D559B] Splash: Loading Game Data...
<12:40:40> [90B8EC50][Warning] too many ranges: aoe_shapes descs 10156(10156) threshold 100 ranges 12
<12:40:41> [BA4AD6CE] Loading portal list
<12:40:41> [92597454] Portal added, enter: 3891, exit: 6629
<12:40:41> [92597454] Portal added, enter: 21448, exit: 21449
<12:40:41> [92597454] Portal added, enter: 21450, exit: 21451
<12:40:41> [92597454] Portal added, enter: 21452, exit: 21453
<12:40:41> [92597454] Portal added, enter: 21698, exit: 21699
<12:40:41> [92597454] Portal added, enter: 22023, exit: 22024
<12:40:41> [92597454] Portal added, enter: 22042, exit: 22066
<12:40:41> [92597454] Portal added, enter: 22136, exit: 22137
<12:40:41> [92597454] Portal added, enter: 22163, exit: 22164
<12:40:41> [92597454] Portal added, enter: 22184, exit: 22185
<12:40:41> [92597454] Portal added, enter: 22336, exit: 22337
<12:40:41> [92597454] Portal added, enter: 9000063, exit: 9000064
<12:40:41> [1C664009] End loading portal list
<12:40:41> [937812F7] loaded DDCMS (1396969 descs, 719156 links (17 page 16.95MB size) string) from game\db\compact.sqlite3 in 1308 ms
<12:40:41> [BA0D559B] Splash: Initializing Game System...
<12:40:41> [000004EE][Warning] [Lua Error] no localized ui text for 18 always_refund
<12:40:42> [0ADE3294][Warning] [MFX] Effect 'collisions:grenade' already present. Overriding.
<12:40:42> [311630D1][Warning] MFX WARNING: Material not found: mat_ice_breakable
<12:40:42>  
<12:40:42>    sys_spec = Custom (assuming 4)
<12:40:42>      option_anti_aliasing = 2 expected:3
<12:40:42>  
<12:40:42> [BA0D559B] Splash: Preparing Screen...
<12:40:42> [963385F6] Level System - Loading Start
<12:40:42> [806B6F8D] precaching world entities ..
<12:40:42> [7E39E0DE] precaching world entities .. done!  total (0) objects
<12:40:42> [D2B280D6] Vegetation Manager : Loading World(login2)
<12:40:42> [075AB92F] Vegetation Manager : Loading World - Done (total 36 vegetations)
<12:40:42> [B9410AA1] total 20 terrain world surfaces loaded
<12:40:42> Loading Particle Library: collisions
<12:40:42> Loading Particle Library: water
<12:40:42> Loading Particle Library: misc
<12:40:42> Loading Particle Library: ability_skill_table
<12:40:42> Loading Particle Library: ability_skill_table_k
<12:40:42> Loading Particle Library: abillity_skill_table_m
<12:40:42> Loading Particle Library: machinima
<12:40:42> Loading Particle Library: x2_effects
<12:40:43> Loading Particle Library: x2_effects_k
<12:40:43> [280A47E3] Precached total 2 materials
<12:40:43> [7B1A973B] seamless loading cell terrain(W0, 1), (L0, 0)
<12:40:43> [3EF08C47] seamless loading cell object(W0, 1), (L0, 0)
<12:40:43> [584C4FFD] [net 16:40:33.096]  dns ip:192.168.1.202
<12:40:43> [584C4FFD] [net 16:40:33.096]  dns ip:172.18.0.1
<12:40:43> [584C4FFD] [net 16:40:33.097]  dns ip:172.19.0.1
<12:40:43> [584C4FFD] [net 16:40:33.097]  dns ip:172.17.0.1
<12:40:43> [0DE3FA89][Error] CryAnimation: character-definition creation failed: game/objects/characters/elf/female/nude/el_f_kyprosa.cdf
<12:40:43> [13A58BA0][Error] CryAnimation: character-definition not found: game/objects/characters/elf/female/nude/el_f_kyprosa.cdf
<12:40:43> [4DD44108] Start DaruCommon Extension
<12:40:43> Loading Particle Library: wind
<12:40:43> Loading Particle Library: X2_EFFECT_O
<12:40:43> [000004EE][Warning] Particle effect not found: '                                                                ', from ParticleEffect fx_land_green
<12:40:43> [12409CCC] Load Zone Finished
<12:40:43> [A39C1725] Level System - Loading Complete
<12:40:43> [27293DED] -----------------------------------------------------
<12:40:43> [120C18F5] * LOADING: 'loginbg4' loading time: 1.55 seconds
<12:40:43> [27293DED] -----------------------------------------------------
<12:40:43> [000004EE][Warning] [Lua Error] no client player exists
<12:40:43> [A13C772D][Warning] Cannot load texture ui/font_color.g, Image file format is invalid [File=ui/font_color.g]
<12:40:43> [000FABC5][Warning] CAreaGrid::BeginAreas() called before being initialized.
<12:40:43> [000004EE][Warning] I3DEngine::RegisterEntity: entity reports invalid position: Name: LightEntityName (), Class: LightEntityClass, Pos=(515.8,6996.2,587.4), aabb center=(0.0,40.0,0.0)
<12:40:51> [11E02DA3][Warning] Cannot load texture textures/defaults/16_12.dds, file missing [File=textures/defaults/16_12.dds]
<12:40:53> [1D01FDCA] Auth: client connected to server
<12:40:53> [584C4FFD] [net 16:40:53.052]  socket ip:192.168.1.202
<12:40:53> [4C920A71] mac address : 74-56-3c-fe-52-f3
<12:40:54> [A13C772D][Warning] Cannot load texture ui/font_color.g, Image file format is invalid [File=ui/font_color.g]
<12:40:57> [584C4FFD] [net 16:40:57.557] connection requested to: 192.95.21.64:1239
<12:40:57> [4ABA7BDB] Auth: client disconnected (reason=0)
<12:40:57> [0F08E548] [NetConnection] connect completed (succeeded:true)
<12:40:57> [48F7BDF2] invalid world id in world queue packet
<12:40:57> [26623ECA] ucc info.. 5 0
<12:40:57> [4516816D] pay method: person
<12:40:57> [4AA30841] pay location: person
<12:40:57> [ADF1C07E] pay start: 1900-1-1 00:00:00
<12:40:57> [6486A277] pay end: 1900-1-1 00:00:00
<12:40:57> [FFF6198C] premium point: 0
<12:40:57> [481C0862] premium grade: premium_0
<12:40:57> [88D9AB0C] real pay time: -9222865086586625703
<12:40:57> [9FC303B8][Error] [CVARS]: [DUPLICATE] CXConsole::RegisterFloat(): variable [camera_max_dist] is already registered
<12:40:58> [34CCC219] stream: connected to world server
<12:40:58> [06A46B5B] stream: authorized by world server
<12:40:58> [4516816D] pay method: person
<12:40:58> [4AA30841] pay location: person
<12:40:58> [ADF1C07E] pay start: 1900-1-1 00:00:00
<12:40:58> [6486A277] pay end: 2037-12-31 16:00:00
<12:40:58> [FFF6198C] premium point: 0
<12:40:58> [481C0862] premium grade: premium_0
<12:40:58> [88D9AB0C] real pay time: -1
<12:40:58> [82321C2B][Warning] [net 16:40:58.344] [time] remote time estimation restarted; estimate accumulator age was 278672.437500
<12:41:00> [637AF710][Warning] missing chr material : game/objects/characters/warborn/female/parts/ar/obj/wa_f_ar_leather181.mtl (chr: game/objects/characters/warborn/female/parts/ar/obj/wa_f_1ac014_1ar117_2ar602_2arm004_2bt005_2pv002.chr)
<12:41:00> [000004EE][Warning] [Lua Error] no localized ui text for 18 always_refund
<12:41:00> [09F46B9D]     cl_fov = 90 []
<12:41:00> [09F46B9D]     camera_max_dist = 180 []
<12:41:00> [09F46B9D]     name_tag_hp_width_on_bgmode = 80 []
<12:41:00> [09F46B9D]     name_tag_hp_height_on_bgmode = 30 []
<12:41:00> [A13C772D][Warning] Cannot load texture ui/font_color.g, Image file format is invalid [File=ui/font_color.g]
<12:41:00> [06E6A3E9][Warning] Cannot load texture ui/login_stage/queue.dds, file missing [File=ui/login_stage/queue.dds]
<12:41:00> [000004EE][Warning] RenderMesh not assigned game/objects/box_nodraw.cgf
<12:41:07> [DA579B6C][Error] can't load client driven connect info.. Kompy
<12:41:12> [9FC303B8][Error] [CVARS]: [DUPLICATE] CXConsole::RegisterFloat(): variable [ui_double_click_interval] is already registered
<12:41:12> [000004EE][Warning] [Lua Error] no localized ui text for 18 always_refund
<12:41:12> [0DE3FA89][Error] CryAnimation: character-definition creation failed: game/objects/characters/returned/female/nude/re_f.cdf
<12:41:13> [6FF68EA5] SetInstantTime: type 0 time 0
<12:41:13> [6FF68EA5] SetInstantTime: type 1 time 1758635812
<12:41:13> [6FF68EA5] SetInstantTime: type 2 time 1758562106
<12:41:13> [6FF68EA5] SetInstantTime: type 3 time 0
<12:41:13> [6FF68EA5] SetInstantTime: type 4 time 0
<12:41:13> [6FF68EA5] SetInstantTime: type 5 time 0
<12:41:13> [6FF68EA5] SetInstantTime: type 6 time 0
<12:41:13> [6FF68EA5] SetInstantTime: type 7 time 1758710458
<12:41:13> [82321C2B][Warning] [net 16:41:13.066] [time] remote time estimation restarted; estimate accumulator age was 3.134795
<12:41:13> [0E61BD35] ExpeditionMember 20 added
<12:41:13> [0E61BD35] ExpeditionMember 20 added
<12:41:13> [0E61BD35] ExpeditionMember 20 added
<12:41:13> [0E61BD35] ExpeditionMember 6 added
<12:41:13> [1EBA13B3][Warning] count not matched; total=135; size=66
<12:41:13> [966861E8][Warning] GetAllPolicies empty
<12:41:13> [67B7DD8A][Warning] my ExpeditionMemberDesc not exist
<12:41:13> [7AB931CE] seamless unloading cell object(W0, 0), (L0, 0)
<12:41:13> [4B1E8B22] unload cell object count : 1511
<12:41:13> [B866A294] seamless unloading cell terrain(W0, 0), (L0, 0)
<12:41:13> [963385F6] Level System - Loading Start
<12:41:13> [E0E0EDAE][Warning] failed to load zone time of day from game/worlds/main_world/zone/225//time_of_day.xml
<12:41:13> [AB17243B][Warning] failed to load zone environment from game/worlds/main_world/zone/309//env.xml
<12:41:13> [35D4413E][Warning] failed to load zone clouds from game/worlds/main_world/zone/309//clouds.xml
<12:41:13> [806B6F8D] precaching world entities ..
<12:41:13> [7E39E0DE] precaching world entities .. done!  total (1778) objects
<12:41:13> [D2B280D6] Vegetation Manager : Loading World(main_world)
<12:41:14> [075AB92F] Vegetation Manager : Loading World - Done (total 3055 vegetations)
<12:41:14> [000004EE][Error] CTerrain::LoadWorldSurfaces: Error loading material: materials/Terrain/gweonidforest/w_forest_road_a1
<12:41:14> [59CBED13][Warning] Cannot load texture textures/aa_terrain/canyon/tr_canyon_rock3d_405a_ddn.dds, file missing [File=textures/aa_terrain/canyon/tr_canyon_rock3d_405a_ddn.dds]
<12:41:14> [751FFB9E][Warning] Error: CShaderMan::mfCreateShaderResources: Couldn't find detail texture
'game/textures/aa_terrain/canyon/tr_canyon_rock_616a_ddn.tga' in path '' [File=game/textures/aa_terrain/canyon/tr_canyon_rock_616a_ddn.tga]
<12:41:14> [B9410AA1] total 600 terrain world surfaces loaded
<12:41:14> [280A47E3] Precached total 4 materials
<12:41:14> [7B1A973B] seamless loading cell terrain(W16, 8), (L4, 4)
<12:41:14> [7B1A973B] seamless loading cell terrain(W16, 9), (L4, 5)
<12:41:14> [7B1A973B] seamless loading cell terrain(W15, 8), (L3, 4)
<12:41:14> [7B1A973B] seamless loading cell terrain(W15, 9), (L3, 5)
<12:41:14> [7B1A973B] seamless loading cell terrain(W17, 8), (L5, 4)
<12:41:14> [7B1A973B] seamless loading cell terrain(W17, 9), (L5, 5)
<12:41:14> [7B1A973B] seamless loading cell terrain(W16, 7), (L4, 3)
<12:41:14> [7B1A973B] seamless loading cell terrain(W15, 7), (L3, 3)
<12:41:14> [7B1A973B] seamless loading cell terrain(W16, 10), (L4, 6)
<12:41:14> [7B1A973B] seamless loading cell terrain(W17, 7), (L5, 3)
<12:41:14> [7B1A973B] seamless loading cell terrain(W15, 10), (L3, 6)
<12:41:14> [7B1A973B] seamless loading cell terrain(W14, 8), (L2, 4)
<12:41:14> [7B1A973B] seamless loading cell terrain(W14, 9), (L2, 5)
<12:41:14> [7B1A973B] seamless loading cell terrain(W17, 10), (L5, 6)
<12:41:14> [7B1A973B] seamless loading cell terrain(W18, 8), (L6, 4)
<12:41:14> [7B1A973B] seamless loading cell terrain(W18, 9), (L6, 5)
<12:41:14> [7B1A973B] seamless loading cell terrain(W14, 7), (L2, 3)
<12:41:14> [7B1A973B] seamless loading cell terrain(W16, 6), (L4, 2)
<12:41:14> [7B1A973B] seamless loading cell terrain(W14, 10), (L2, 6)
<12:41:14> [7B1A973B] seamless loading cell terrain(W15, 6), (L3, 2)
<12:41:14> [7B1A973B] seamless loading cell terrain(W18, 7), (L6, 3)
<12:41:14> [7B1A973B] seamless loading cell terrain(W17, 6), (L5, 2)
<12:41:14> [7B1A973B] seamless loading cell terrain(W16, 11), (L4, 7)
<12:41:14> [7B1A973B] seamless loading cell terrain(W18, 10), (L6, 6)
<12:41:14> [7B1A973B] seamless loading cell terrain(W15, 11), (L3, 7)
<12:41:14> [7B1A973B] seamless loading cell terrain(W17, 11), (L5, 7)
<12:41:14> [7B1A973B] seamless loading cell terrain(W13, 8), (L1, 4)
<12:41:14> [7B1A973B] seamless loading cell terrain(W13, 9), (L1, 5)
<12:41:14> [7B1A973B] seamless loading cell terrain(W14, 6), (L2, 2)
<12:41:14> [7B1A973B] seamless loading cell terrain(W19, 8), (L7, 4)
<12:41:14> [7B1A973B] seamless loading cell terrain(W18, 6), (L6, 2)
<12:41:14> [7B1A973B] seamless loading cell terrain(W13, 7), (L1, 3)
<12:41:14> [7B1A973B] seamless loading cell terrain(W19, 9), (L7, 5)
<12:41:14> [7B1A973B] seamless loading cell terrain(W14, 11), (L2, 7)
<12:41:14> [7B1A973B] seamless loading cell terrain(W13, 10), (L1, 6)
<12:41:14> [7B1A973B] seamless loading cell terrain(W16, 5), (L4, 1)
<12:41:14> [7B1A973B] seamless loading cell terrain(W18, 11), (L6, 7)
<12:41:14> [7B1A973B] seamless loading cell terrain(W19, 7), (L7, 3)
<12:41:14> [7B1A973B] seamless loading cell terrain(W15, 5), (L3, 1)
<12:41:14> [7B1A973B] seamless loading cell terrain(W19, 10), (L7, 6)
<12:41:14> [7B1A973B] seamless loading cell terrain(W17, 5), (L5, 1)
<12:41:14> [7B1A973B] seamless loading cell terrain(W13, 6), (L1, 2)
<12:41:14> [7B1A973B] seamless loading cell terrain(W14, 5), (L2, 1)
<12:41:14> [7B1A973B] seamless loading cell terrain(W12, 8), (L0, 4)
<12:41:14> [7B1A973B] seamless loading cell terrain(W13, 11), (L1, 7)
<12:41:14> [7B1A973B] seamless loading cell terrain(W19, 6), (L7, 2)
<12:41:14> [7B1A973B] seamless loading cell terrain(W12, 9), (L0, 5)
<12:41:14> [7B1A973B] seamless loading cell terrain(W18, 5), (L6, 1)
<12:41:14> [3EF08C47] seamless loading cell object(W16, 8), (L4, 4)
<12:41:14> [000004EE][Warning] [CGF Error] game/objects/env/02_harihara/01_ma/ma_top05.cgf [:] non-uniform scale(0.70, 1.00, 0.70) at node(Box11)
<12:41:15> Loading Particle Library: X2_EFFECTS_P
<12:41:15> Loading Particle Library: x2_sounds
<12:41:15> [3EF08C47] seamless loading cell object(W16, 9), (L4, 5)
<12:41:15> [3EF08C47] seamless loading cell object(W15, 8), (L3, 4)
<12:41:15> [3EF08C47] seamless loading cell object(W15, 9), (L3, 5)
<12:41:15> [3EF08C47] seamless loading cell object(W17, 8), (L5, 4)
<12:41:15> [A5DDEC33][Warning] Warning: CShaderMan::mfForName: NULL name
<12:41:15> [CF2CE049][Warning] CMTSafeHeap::m_pBigPool is full. (6031863, MemoryBlock)
<12:41:15> [3EF08C47] seamless loading cell object(W17, 9), (L5, 5)
<12:41:15> [3EF08C47] seamless loading cell object(W16, 7), (L4, 3)
<12:41:15> [000004EE][Warning] [CGF Error] game/objects/env/01_nuia/001_housing/housing_people/hs_people_roof_a.cgf [:] Duplicate LOD helper $lod2 hs_people_roof_a
<12:41:15> [3EF08C47] seamless loading cell object(W15, 7), (L3, 3)
<12:41:16> [3EF08C47] seamless loading cell object(W16, 10), (L4, 6)
<12:41:16> [3EF08C47] seamless loading cell object(W17, 7), (L5, 3)
<12:41:16> [3EF08C47] seamless loading cell object(W15, 10), (L3, 6)
<12:41:16> [3EF08C47] seamless loading cell object(W14, 8), (L2, 4)
<12:41:16> [3EF08C47] seamless loading cell object(W14, 9), (L2, 5)
<12:41:16> [3EF08C47] seamless loading cell object(W17, 10), (L5, 6)
<12:41:16> [3EF08C47] seamless loading cell object(W18, 8), (L6, 4)
<12:41:16> [000004EE][Warning] [CGF Error] game/objects/env/02_harihara/001_hcom/hcom_cart_b.cgf [:] LOD1 of geometry hcom_cart_b contains too many polygons comparing to the LOD0 [770 against 1114] :
<12:41:16> [3EF08C47] seamless loading cell object(W18, 9), (L6, 5)
<12:41:16> [3EF08C47] seamless loading cell object(W14, 7), (L2, 3)
<12:41:16> [3EF08C47] seamless loading cell object(W16, 6), (L4, 2)
<12:41:16> [3EF08C47] seamless loading cell object(W14, 10), (L2, 6)
<12:41:16> [3EF08C47] seamless loading cell object(W15, 6), (L3, 2)
<12:41:16> [3EF08C47] seamless loading cell object(W18, 7), (L6, 3)
<12:41:17> [12409CCC] Load Zone Finished
<12:41:17> [000004EE][Warning] I3DEngine::RegisterEntity: entity reports invalid position: Name: LightEntityName (), Class: LightEntityClass, Pos=(6411.5,2342.7,2816.1), aabb center=(142.0,1019.8,-2.3)
<12:41:17> [188BF914][Warning] [EntityLoader] invalid entity pos(1172.249, 2147.883, 0.000) name(AAC_Mahadevi_Ext_1)
<12:41:17> [A4D70365][Warning] rigid-body own-entity; prefab=Prefabs/interaction.xml/toy.crane node=AnimObject_1
<12:41:17> [82321C2B][Warning] [net 16:41:17.258] [time] remote time estimation restarted; estimate accumulator age was 4.126701
<12:41:17> [7F89A202][Warning] AI: Warning: AIPoint is not inside Navigation Modifier. pos(4445.1, 5007.6, 114.4)
<12:41:17> [CE0EF930][Warning] failed to stream cgf : objects/env/05_nature/08_cry_source/rocks/road_rocks/road_rocks_flat_grey_a.cgf
<12:41:17> [5CE4EF2C][Warning] failed to load particle lib from (Libs/Particles/game/abillity_skill_table_m.xml)
<12:41:17> [000004EE][Warning] Particle effect not found: 'game/abillity_skill_table_m.wild.shock_form2', from unknown 
<12:41:17> [2BFDEC33][Error] realstep 8, not match unit req
<12:41:17> [A39C1725] Level System - Loading Complete
<12:41:17> [9BE3F673] total 0 CGF files are precached
<12:41:18> [BCCDC555][Warning] MakeSprite - too many sprite update (10). dropping.. (sprites : 11)
<12:41:18> [27293DED] -----------------------------------------------------
<12:41:18> [120C18F5] * LOADING: 'e_sunrise_peninsula_2' loading time: 5.08 seconds
<12:41:18> [27293DED] -----------------------------------------------------
<12:41:18> [000004EE][Warning] Independent immortal particle effect spawned: X2_EFFECT_O.Interaction.enchant_wpn_range_honor_3g
<12:41:18> [62232BEA][Warning] deferred xml stream error - game/animations/animals/owl_postman/lmg_files/normal_run.lmg : f0000003
<12:41:18> [745BAE2F][Warning] failed to stream material xml(game/objects/characters/animals/owl_postman/aaa_picking.mtl)
<12:41:18> [5132FEDE][Warning] invalid attached position(0.00, 21.44, 6.09)
<12:41:18> [637AF710][Warning] missing chr material : game/objects/env/06_unit/01_ship/w_middleship/galleon_01.mtl (chr: game/objects/env/06_unit/01_ship/w_middleship/w_middleship_sail_a.chr)
<12:41:19> [1CCD372E][Warning] WARNING: Trying to play a sound at (0,0,0) position in the entity Enoan Double Square Rig: Sample (prefab_unit). Entity may not be initialized correctly! 
<12:41:19> [22545D91][Warning] Cannot load texture game/objects/env/03_origin_continent/22_dew_plains/dummy_middletree_df.dds, file missing [File=game/objects/env/03_origin_continent/22_dew_plains/dummy_middletree_df.dds]
<12:41:19> [DD6CD685][Warning] grand child physical proxy is not supported. grandpa(Enoan Galleon: Sample), dad(prefab_doodad_model_549068_prefab://Prefabs/galleon.xml/galleon.galleon_helms), child(galleon_helms_1)
<12:41:19> [000004EE][Warning] [CGF Error] game/objects/env/01_nuia/001_ndeco/making/ndeco_powerfulmaking.cga [:] LOD1 of geometry parts01 contains too many polygons comparing to the LOD0 [1592 against 1130] :
<12:41:20> [0D885CE8][Warning] Not a normal map texture tried to be used as a normal map: game/objects/item/aac/all/aa_valentines/1h_scepter/aa_valentines_1h_scepter_fx_02.dds [File=game/objects/item/aac/all/aa_valentines/1h_scepter/aa_valentines_1h_scepter_fx_02.dds]
<12:41:20> [1F198D91][Warning] Non 3dc normal map used (wrong on DX10): game/objects/item/aac/all/aa_valentines/1h_scepter/aa_valentines_1h_scepter_ddn.dds [File=game/objects/item/aac/all/aa_valentines/1h_scepter/aa_valentines_1h_scepter_ddn.dds]
<12:41:20> [CA175C82][Warning] non-stream IO. system(Material), filePath(game/objects/effects/keffect/m_enchant3_silver_m.mtl)
<12:41:20> [CE0EF930][Warning] failed to stream cgf : default
<12:41:20> [000004EE][Warning] [CGF Error] game/objects/env/06_unit/06_glider/glider_wing_crystal/glider_wing_crystal_back.cgf [:] LOD1 of geometry  contains too many polygons comparing to the LOD0 [2720 against 4064] :
<12:41:20> [000004EE][Warning] Particle effect not found: 'game/ability_skill_table_k.p_skill_will.spell_shield_form', from unknown 
<12:41:20> [5243B464][Warning] Error: CShaderMan::mfCreateShaderResources: Couldn't find subsurface texture 'objects/characters/ferre/female/face/face01/fe_f_face01_fur_sss.dds' in path '' [File=objects/characters/ferre/female/face/face01/fe_f_face01_fur_sss.dds]
<12:41:20> [09F46B9D]     cl_fov = 90 []
<12:41:20> [09F46B9D]     camera_max_dist = 180 []
<12:41:20> [09F46B9D]     name_tag_hp_width_on_bgmode = 80 []
<12:41:20> [09F46B9D]     name_tag_hp_height_on_bgmode = 30 []
<12:41:20> [000004EE][Warning] [Lua Error] Failed to load script file scriptsbin/x2ui/assignment/form.alb
<12:41:20> [A13C772D][Warning] Cannot load texture ui/font_color.g, Image file format is invalid [File=ui/font_color.g]
<12:41:20> [B5A61D8F] Chat Channel(0) Color is not found.
<12:41:21> [000004EE][Warning] [Lua Error] ...ts/x2ui/loginstage/character_create/locale/en_us.lua:524: attempt to index a nil value
<12:41:21> [58F3F7FF][Warning] <null>:0: [Lua Error] Failed to execute file @game/scriptsbin/x2ui/loginstage/character_create/locale/en_us.alb
<12:41:21> [000004EE][Warning] [Lua] invalid style type...  / brown
<12:41:22> [82321C2B][Warning] [net 16:41:22.079] [time] remote time estimation restarted; estimate accumulator age was 1.302582
<12:41:22> [745BAE2F][Warning] failed to stream material xml(game/objects/characters/ferre/male/parts/all/leather/leather182/fe_m_gv_leather182_brop01.mtl)
<12:41:22> [B95EE41B][Error] invalid parent unit id(50225)
<12:41:22> [BD8C448A][Warning] Cannot load texture game/objects/characters/warborn/male/nude/wa_m_nude_ddn.dds, file missing [File=game/objects/characters/warborn/male/nude/wa_m_nude_ddn.dds]
<12:41:22> [637AF710][Warning] missing chr material : game/objects/characters/warborn/male/parts/cp/obj/01 - Default.mtl (chr: game/objects/characters/warborn/male/parts/cp/obj/wa_m_1cp101.chr)
<12:41:23> [000004EE][Warning] Independent immortal particle effect spawned: X2_EFFECT_O.Interaction.enchant_wpn_range_honor_3g
<12:41:23> [A4D70365][Warning] rigid-body own-entity; prefab=prefabs/interaction_b.xml/quest.ferre_flag node=AnimObject17
<12:41:24> Loading Particle Library: X2_effect_H
<12:41:25> [CA175C82][Warning] non-stream IO. system(Material), filePath(game/materials/decals/default.mtl)
<12:41:25> [000004EE][Warning] CDecalManager::Spawn: Specified decal material "game/objects/effects/peffect/decal_01" not found!
<12:41:25> [CE0EF930][Warning] failed to stream cgf : game/objects/effects/H_Mesh/FX_Hopping_Tonado2.cgf
<12:41:26> [63ABB424][Warning] Facial sequence "fist_ba_combat_idle_rand_2" not listed in CAL file for character "game/objects/characters/hariharan/female/nude/ha_f_base.chr".
<12:41:27> [745BAE2F][Warning] failed to stream material xml(game/objects/characters/hariharan/female/parts/gv/obj/ha_f_gv_metal145.mtl)
<12:41:27> [637AF710][Warning] missing chr material : game/objects/characters/hariharan/female/parts/gv/obj/ha_f_gv_metal145.mtl (chr: game/objects/characters/hariharan/female/parts/gv/obj/ha_f_4gf005_4gv402.chr)
<12:41:27> [A0AEF1D1][Warning] Cannot load texture game/objects/characters/texture/cp/nu_m_1cp101_c_v01100_ddn.dds, file missing [File=game/objects/characters/texture/cp/nu_m_1cp101_c_v01100_ddn.dds]
<12:41:28> [000004EE][Warning] Independent immortal particle effect spawned: X2_EFFECT_O.Interaction.enchant_wpn_range_honor_3g
<12:41:28> [2363981C][Warning] chr material is not precached : game/objects/characters/hariharan/male/costume/ha_m_sk_metalpriest001/ha_m_sk_metalpriest001_h.mtl (chr: game/objects/characters/hariharan/male/costume/ha_m_sk_metalpriest001/ha_m_sk_metalpriest001_h.chr)
<12:41:29> [BCCDC555][Warning] MakeSprite - too many sprite update (10). dropping.. (sprites : 23)
<12:41:29> [000004EE][Warning] [CGF Error] game/objects/item/bow/bow_eph_3/bow_eph_3.cgf [:] LOD1 of geometry  contains too many polygons comparing to the LOD0 [824 against 1214] :
<12:41:29> [A4D70365][Warning] rigid-body own-entity; prefab=Prefabs/interaction.xml/toy.crane node=AnimObject_1
<12:41:29> [CA175C82][Warning] non-stream IO. system(Material), filePath(game/objects/characters/warborn/female/horns/wa_f_horns010/wa_f_horns010_hc01.mtl)
<12:41:30> [CD8829BA][Warning] Error: CShaderMan::mfCreateShaderResources: Couldn't find subsurface texture 'game/objects/characters/test/glider_squirrel/glider_squirrel_df.dds' in path '' [File=game/objects/characters/test/glider_squirrel/glider_squirrel_df.dds]
<12:41:30> Loading Particle Library: ljs_particle_fx
<12:41:31> [CE0EF930][Warning] failed to stream cgf : objects/effects/portal_gate.cgf
<12:41:32> [745BAE2F][Warning] failed to stream material xml(game/objects/characters/hariharan/male/parts/hm/obj/ha_m_hm_cloth001.mtl)
<12:41:32> [637AF710][Warning] missing chr material : game/objects/characters/ferre/male/parts/gv/obj/fe_m_gv_cloth037.mtl (chr: game/objects/characters/ferre/male/parts/gv/obj/fe_m_1gv102.chr)
<12:41:33> [437E3168][Warning] Cannot load texture game/objects/characters/monster/phoenix_white/phoenix_white2_df.dds, file missing [File=game/objects/characters/monster/phoenix_white/phoenix_white2_df.dds]
<12:41:33> [34837D7E][Warning] Failed to Load Character file. Skeleton-Initial-Positions are missing [File=game/objects/characters/monster/snowman_ride/snowman_ride_armor01/snowman_ride_hm_01/snowman_ride_hm_01.chr]
<12:41:35> [000004EE][Warning] [CGF Error] game/objects/item/staff_2h/staff_2h_cathero/staff_2h_cathero.cgf [:] LOD1 of geometry  contains too many polygons comparing to the LOD0 [2051 against 2608] :
<12:41:35> [000004EE][Warning] Independent immortal particle effect spawned: X2_EFFECT_O.Interaction.enchant_wpn_range_honor_3g
<12:41:35> [CA175C82][Warning] non-stream IO. system(Material), filePath(game/objects/characters/warborn/female/horns/wa_f_horns014/wa_f_horns014_hc03.mtl)
<12:41:35> [63ABB424][Warning] Facial sequence "fist_ba_combat_idle_rand_3" not listed in CAL file for character "game/objects/characters/hariharan/female/nude/ha_f_base.chr".
<12:41:38> [745BAE2F][Warning] failed to stream material xml(game/objects/characters/hariharan/female/parts/pt/obj/ha_f_pt_leather179.mtl)
<12:41:38> [637AF710][Warning] missing chr material : game/objects/characters/hariharan/female/parts/pt/obj/ha_f_pt_leather179.mtl (chr: game/objects/characters/hariharan/female/parts/pt/obj/ha_f_1pt003.chr)
<12:41:39> [CE0EF930][Warning] failed to stream cgf : default
<12:41:41> [B95EE41B][Error] invalid parent unit id(50225)
<12:41:42> [CA175C82][Warning] non-stream IO. system(Material), filePath(game/materials/decals/footstep_sand.mtl)
<12:41:45> [745BAE2F][Warning] failed to stream material xml(game/materials/effects/fume_h_ssd.mtl)
<12:41:51> [BD8C448A][Warning] Cannot load texture game/objects/characters/warborn/male/nude/wa_m_nude_ddn.dds, file missing [File=game/objects/characters/warborn/male/nude/wa_m_nude_ddn.dds]
<12:41:51> [CA175C82][Warning] non-stream IO. system(Material), filePath(game/objects/characters/warborn/male/horns/wa_m_horns011/wa_m_horns011_hc06.mtl)
<12:41:54> [CE0EF930][Warning] failed to stream cgf : default
<12:41:57> Loading Particle Library: X2_EFFECT_KSW
<12:41:57> [000004EE][Warning] Independent immortal particle effect spawned: X2_EFFECT_O.Interaction.enchant_wpn_range_honor_3g
<12:41:57> [745BAE2F][Warning] failed to stream material xml(game/objects/effects/ksw_effect/qilin.mtl)
<12:41:57> [B95EE41B][Error] invalid parent unit id(32247)
<12:41:57> [0C909E39][Warning] Cannot load texture game/objects/characters/texture/cp/nu_m_cp_cloth047_df.dds, file missing [File=game/objects/characters/texture/cp/nu_m_cp_cloth047_df.dds]
<12:41:57> [CA175C82][Warning] non-stream IO. system(Material), filePath(game/objects/characters/warborn/male/horns/wa_m_horns007/wa_m_horns007_hc02.mtl)
<12:42:03> [B95EE41B][Error] invalid parent unit id(79100)
<12:42:03> [000004EE][Warning] Independent immortal particle effect spawned: X2_EFFECT_O.Interaction.enchant_wpn_range_honor_3g
<12:42:04> [CE0EF930][Warning] failed to stream cgf : objects/effects/portal_gate.cgf
<12:42:10> [000004EE][Warning] Particle effect not found: 'game/abillity_skill_table_m.magic.vital_absorb_form', from unknown 
<12:42:14> [000004EE][Warning] Independent immortal particle effect spawned: X2_EFFECT_O.Interaction.enchant_wpn_range_honor_3g
<12:42:16> [A4D70365][Warning] rigid-body own-entity; prefab=Prefabs/interaction.xml/toy.crane node=AnimObject_1
<12:42:16> [B95EE41B][Error] invalid parent unit id(73292)
<12:42:16> [745BAE2F][Warning] failed to stream material xml(game/objects/characters/ferre/female/parts/all/leather/leather182/fe_f_ar_leather182_whtp02.mtl)
<12:42:16> [637AF710][Warning] missing chr material : game/objects/characters/ferre/female/parts/bo/obj/fe_f_bo_leather179.mtl (chr: game/objects/characters/ferre/female/parts/bo/obj/fe_f_2bo502.chr)
<12:42:17> [CE0EF930][Warning] failed to stream cgf : default
<12:42:18> Loading Particle Library: X2_EFFECTS_C1
<12:42:18> [000004EE][Warning] Particle effect not found: 'X2_EFFECTS_C1.Glider.Crystal_Wing.front_trail_idle', from unknown 
<12:42:18> [A181AEBC][Warning] Anim events cannot find effect "X2_EFFECTS_C1.Glider.Crystal_Wing.front_trail_idle", requested by animation "animations/env/glider_wing_crystal/fist_ac_gliding_down.caf".
<12:42:25> [CE0EF930][Warning] failed to stream cgf : objects/effects/portal_gate.cgf
<12:42:25> [B95EE41B][Error] invalid parent unit id(73292)
<12:42:25> [A181AEBC][Warning] Anim events cannot find effect "X2_EFFECTS_C1.Glider.Crystal_Wing.front_trail1", requested by animation "animations/env/glider_wing_crystal/fist_ac_gliding_front.caf".
<12:42:28> [745BAE2F][Warning] failed to stream material xml(game/objects/characters/hariharan/male/parts/bo/obj/ha_m_bo_cloth232.mtl)
<12:42:28> [637AF710][Warning] missing chr material : game/objects/characters/hariharan/male/parts/bo/obj/ha_m_bo_cloth232.mtl (chr: game/objects/characters/hariharan/male/parts/bo/obj/ha_m_1bf004_1bo901.chr)
<12:42:32> [B95EE41B][Error] invalid parent unit id(79100)
<12:42:32> [000004EE][Warning] Independent immortal particle effect spawned: X2_EFFECT_O.Interaction.enchant_wpn_range_honor_3g
<12:42:33> [745BAE2F][Warning] failed to stream material xml(game/objects/env/06_unit/06_glider/glider_wing_crystal/glider_wing_crystal_whtp02.mtl)
<12:42:39> [B95EE41B][Error] invalid parent unit id(79100)
<12:42:39> [745BAE2F][Warning] failed to stream material xml(game/objects/env/06_unit/06_glider/glider_wing_crystal/glider_wing_crystal_whtp02.mtl)
<12:42:40> [63ABB424][Warning] Facial sequence "fist_ba_combat_idle_rand_5" not listed in CAL file for character "game/objects/characters/hariharan/female/nude/ha_f_base.chr".
<12:42:45> [B95EE41B][Error] invalid parent unit id(73292)
<12:42:45> [63ABB424][Warning] Facial sequence "fist_ba_combat_idle_rand_1" not listed in CAL file for character "game/objects/characters/hariharan/female/nude/ha_f_base.chr".
<12:42:48> [000004EE][Warning] Independent immortal particle effect spawned: X2_EFFECT_O.Interaction.enchant_wpn_range_honor_3g
<12:42:53> [745BAE2F][Warning] failed to stream material xml(objects/Characters/ferre/female/parts/bo/leather/bo_leather167/fe_f_bo_leather167_whtp02.mtl)
<12:42:53> [B95EE41B][Error] invalid parent unit id(126234)
<12:42:55> [637AF710][Warning] missing chr material : game/objects/characters/hariharan/male/parts/gv/obj/ha_m_gv_metal224.mtl (chr: game/objects/characters/hariharan/male/parts/gv/obj/ha_m_3gv101.chr)
<12:42:56> [000004EE][Warning] Particle effect not found: 'game/x2_effects.p_effect.st1000c', from unknown 
<12:42:59> [745BAE2F][Warning] failed to stream material xml(objects/Characters/ferre/female/parts/bo/leather/bo_leather167/fe_f_bo_leather167_whtp02.mtl)
<12:43:00> [B95EE41B][Error] invalid parent unit id(126234)
<12:43:01> [000004EE][Warning] Independent immortal particle effect spawned: X2_EFFECT_O.Interaction.enchant_wpn_range_2g
<12:43:03> [186EDA89][Warning] Cannot load texture game/objects/characters/ferre/female/face/fe_f_face_yel_df.dds, file missing [File=game/objects/characters/ferre/female/face/fe_f_face_yel_df.dds]
<12:43:04> [745BAE2F][Warning] failed to stream material xml(objects/Characters/ferre/female/parts/bo/leather/bo_leather167/fe_f_bo_leather167_whtp02.mtl)
<12:43:09> [637AF710][Warning] missing chr material : game/objects/characters/ferre/male/parts/ar/obj/fe_m_ar_leather181.mtl (chr: game/objects/characters/ferre/male/parts/ar/obj/fe_m_1ac014_1ar106_2ar602_2arm004_2bt005_2pv002.chr)
<12:43:09> [745BAE2F][Warning] failed to stream material xml(game/objects/effects/keffect/p_fire_blue1a.mtl)
<12:43:12> [B95EE41B][Error] invalid parent unit id(116424)
<12:43:26> [B95EE41B][Error] invalid parent unit id(116424)
<12:43:27> [CE0EF930][Warning] failed to stream cgf : objects/effects/portal_gate.cgf
<12:43:29> [745BAE2F][Warning] failed to stream material xml(game/objects/characters/ferre/male/parts/ar/metal/ar_metal175/fe_m_ar_metal175_brop02.mtl)
<12:43:29> [637AF710][Warning] missing chr material : game/objects/characters/ferre/male/parts/bo/obj/fe_m_bo_metal177.mtl (chr: game/objects/characters/ferre/male/parts/bo/obj/fe_m_4bo303.chr)
<12:43:30> [CA175C82][Warning] non-stream IO. system(Material), filePath(game/objects/characters/warborn/male/horns/wa_m_horns014/wa_m_horns014_hc02.mtl)
<12:43:38> [63ABB424][Warning] Facial sequence "fist_ac_whistle" not listed in CAL file for character "game/objects/characters/ferre/male/nude/fe_m_base.chr".
<12:43:39> [745BAE2F][Warning] failed to stream material xml(game/materials/effects/fume_h_ssd.mtl)
<12:43:43> [637AF710][Warning] missing chr material : game/objects/characters/ferre/male/parts/bo/obj/fe_m_bo_metal205.mtl (chr: game/objects/characters/ferre/male/parts/bo/obj/fe_m_4bo101.chr)
<12:43:47> [000004EE][Warning] Particle effect not found: 'X2_EFFECTS_C1.Glider.Crystal_Wing.wing_start1', from unknown 
<12:43:47> [A181AEBC][Warning] Anim events cannot find effect "X2_EFFECTS_C1.Glider.Crystal_Wing.wing_start1", requested by animation "animations/env/glider_wing_crystal/fist_ac_gliding_start.caf".
<12:43:51> [CE0EF930][Warning] failed to stream cgf : objects/env/05_nature/08_cry_source/rocks/precipice/landslide_rock_small_d.cgf
<12:43:52> [F724A392][Error] CryAnimation:: Trying to load animation with alias "fist_ba_relaxed_idle_rand_3" from file "animations/animals/horse/fist/fist_ba_relaxed_idle_rand_3.caf" into the animation container. Such animation alias already exists and uses file "animations/animals/horse/fist/fist_ba_relaxed_idle_rand_1.caf". Please use another animation alias.
<12:43:53> [B95EE41B][Error] invalid parent unit id(121046)
<12:43:53> [745BAE2F][Warning] failed to stream material xml(game/objects/characters/ferre/male/nude/fe_m_blup01.mtl)
<12:43:53> [000004EE][Warning] Independent immortal particle effect spawned: X2_EFFECT_O.Interaction.enchant_wpn_range_honor_3g
<12:43:55> [A181AEBC][Warning] Anim events cannot find effect "X2_EFFECTS_C1.Glider.Crystal_Wing.wing_start1", requested by animation "animations/env/glider_wing_crystal/fist_ac_gliding_start.caf".
<12:43:59> [CA175C82][Warning] non-stream IO. system(Material), filePath(game/materials/effects/decal_white_pattern_02.mtl)
<12:44:00> [B95EE41B][Error] invalid parent unit id(122134)
<12:44:03> [A181AEBC][Warning] Anim events cannot find effect "X2_EFFECTS_C1.Glider.Crystal_Wing.wing_start1", requested by animation "animations/env/glider_wing_crystal/fist_ac_gliding_start.caf".
<12:44:08> [000004EE][Warning] Independent immortal particle effect spawned: X2_EFFECT_O.Interaction.enchant_wpn_range_honor_3g
<12:44:08> [A181AEBC][Warning] Anim events cannot find effect "X2_EFFECTS_C1.Glider.Crystal_Wing.wing_start1", requested by animation "animations/env/glider_wing_crystal/fist_ac_gliding_start.caf".
<12:44:09> [745BAE2F][Warning] failed to stream material xml(game/objects/characters/hariharan/male/parts/hm/obj/ha_m_hm_cloth001.mtl)
<12:44:09> [637AF710][Warning] missing chr material : game/objects/characters/hariharan/male/parts/hm/obj/ha_m_hm_cloth001.mtl (chr: game/objects/characters/hariharan/male/parts/hm/obj/ha_m_3hm108.chr)
<12:44:12> [63ABB424][Warning] Facial sequence "all_re_combat_hit_r" not listed in CAL file for character "game/objects/characters/hariharan/male/nude/ha_m_base.chr".
<12:44:17> [CE0EF930][Warning] failed to stream cgf : objects/effects/portal_gate.cgf
<12:44:18> Loading Particle Library: x2_effect_LJS
<12:44:18> [745BAE2F][Warning] failed to stream material xml(game/objects/effects/jjc_effect/01 - Default.mtl)
<12:44:28> [000004EE][Warning] Independent immortal particle effect spawned: X2_EFFECT_O.Interaction.enchant_wpn_range_honor_3g
<12:44:28> [E5DF1C60][Warning] XML parser: Buffer is null. (data size: 0)
<12:44:28> [C3348E9C][Warning] Failed to stream facial sequence (game/animations/nuian/female/facial/twohand_re_combat_hit.fsq)
<12:44:32> [745BAE2F][Warning] failed to stream material xml(game/objects/characters/ferre/female/hair/fe_f_hair039/fe_f_hair039_whin01.mtl)
<12:44:32> [637AF710][Warning] missing chr material : game/objects/characters/ferre/female/parts/bo/obj/fe_f_bo_leather179.mtl (chr: game/objects/characters/ferre/female/parts/bo/obj/fe_f_2bo502.chr)
<12:44:36> [BB897B6D][Warning] Cannot load texture 0, file missing [File=0]
<12:44:37> [B95EE41B][Error] invalid parent unit id(53776)
<12:44:39> [A181AEBC][Warning] Anim events cannot find effect "X2_EFFECTS_C1.Glider.Crystal_Wing.wing_start1", requested by animation "animations/env/glider_wing_crystal/fist_ac_gliding_start.caf".
<12:44:43> [000004EE][Warning] Independent immortal particle effect spawned: X2_EFFECT_O.Interaction.enchant_wpn_range_honor_3g
<12:44:49> [B95EE41B][Error] invalid parent unit id(122134)
<12:44:56> [CE0EF930][Warning] failed to stream cgf : objects/effects/portal_gate.cgf
<12:44:58> [745BAE2F][Warning] failed to stream material xml(game/objects/characters/warborn/female/parts/pt/obj/wa_f_pt_leather214.mtl)
<12:44:58> [637AF710][Warning] missing chr material : game/objects/characters/warborn/female/parts/pt/obj/wa_f_pt_leather214.mtl (chr: game/objects/characters/warborn/female/parts/pt/obj/wa_f_1pt602.chr)
<12:44:58> [000004EE][Warning] [CGF Error] game/objects/item/bow/bow_eph_3/bow_eph_3.cgf [:] LOD1 of geometry  contains too many polygons comparing to the LOD0 [824 against 1214] :
<12:44:58> [CA175C82][Warning] non-stream IO. system(Material), filePath(game/objects/characters/warborn/female/horns/wa_f_horns010/wa_f_horns010_hc01.mtl)
<12:44:58> [000004EE][Warning] Independent immortal particle effect spawned: X2_EFFECT_O.Interaction.enchant_wpn_range_honor_3g
<12:45:03> [B95EE41B][Error] invalid parent unit id(122134)
<12:45:04> [745BAE2F][Warning] failed to stream material xml(game/objects/item/sword_1h/sword_1h_41_12/sword_1h_41_9.mtl)
<12:45:05> [CE0EF930][Warning] failed to stream cgf : objects/effects/portal_gate.cgf
<12:45:12> [CE0EF930][Warning] failed to stream cgf : default
<12:45:20> [B95EE41B][Error] invalid parent unit id(122134)
<12:45:21> [000004EE][Warning] Independent immortal particle effect spawned: X2_EFFECT_O.Interaction.enchant_wpn_range_honor_3g
<12:45:21> [CA175C82][Warning] non-stream IO. system(CGF), filePath(game/objects/Env/01_nuia/001_ndeco/ndeco_wood_big_box_a.cgf)
<12:45:23> [745BAE2F][Warning] failed to stream material xml(game/objects/characters/hariharan/male/parts/hm/obj/ha_m_hm_cloth001.mtl)
<12:45:23> [637AF710][Warning] missing chr material : game/objects/characters/hariharan/male/parts/hm/obj/ha_m_hm_cloth001.mtl (chr: game/objects/characters/hariharan/male/parts/hm/obj/ha_m_3hm108.chr)
<12:45:25> [13A1FD5A][Warning] AWD vehicle has different tire size. model type(2159)
<12:45:25> [E206FEB5][Warning] doodad with no entity can't be attached to vehicle/ship/actor models(Turboslider)
<12:45:33> [745BAE2F][Warning] failed to stream material xml(game/objects/characters/ferre/male/hair/fe_m_hair007/fe_m_hair007_hm_type3_brop02.mtl)
<12:45:33> [637AF710][Warning] missing chr material : game/objects/characters/ferre/male/parts/pt/obj/fe_m_pt_metal229.mtl (chr: game/objects/characters/ferre/male/parts/pt/obj/fe_m_1pt201_4th002.chr)
<12:45:36> [B95EE41B][Error] invalid parent unit id(76127)
<12:45:40> [000004EE][Warning] Independent immortal particle effect spawned: X2_EFFECT_O.Interaction.enchant_wpn_range_honor_3g
<12:45:40> [745BAE2F][Warning] failed to stream material xml(game/objects/env/06_unit/06_glider/glider_wing_crystal/glider_wing_crystal_brop01.mtl)
<12:45:42> [13A1FD5A][Warning] AWD vehicle has different tire size. model type(2159)
<12:45:44> [6FF68EA5] SetInstantTime: type 0 time 1758732494
<12:45:47> [000004EE][Warning] Independent immortal particle effect spawned: X2_EFFECT_O.Interaction.enchant_wpn_range_honor_3g
<12:45:48> [13A1FD5A][Warning] AWD vehicle has different tire size. model type(2159)
<12:45:48> [745BAE2F][Warning] failed to stream material xml(objects/Characters/ferre/female/parts/hm/metal/hm_metal208/fe_f_hm_metal208_brop01.mtl)
<12:45:49> [7241CF78][Warning] Not a normal map texture tried to be used as a normal map: game/objects/item/aac/all/aa_summer/shield/Sunphira/aa_summer_sunflower_df.dds [File=game/objects/item/aac/all/aa_summer/shield/Sunphira/aa_summer_sunflower_df.dds]
<12:45:49> [E40A7B30][Warning] Non 3dc normal map used (wrong on DX10): game/objects/item/aac/all/aa_summer/shield/Sunphira/aa_summer_sunflower_ddn.dds [File=game/objects/item/aac/all/aa_summer/shield/Sunphira/aa_summer_sunflower_ddn.dds]
<12:45:53> [000004EE][Warning] Independent immortal particle effect spawned: X2_EFFECT_O.Interaction.enchant_wpn_range_honor_3g
<12:45:53> [637AF710][Warning] missing chr material : game/objects/characters/warborn/female/parts/hm/obj/wa_f_hm_leather217.mtl (chr: game/objects/characters/warborn/female/parts/hm/obj/wa_f_1hm212.chr)
<12:45:53> [000004EE][Warning] [CGF Error] game/objects/item/bow/bow_monster/bow_ishtar_003/bow_ishtar_003.cgf [:] LOD1 of geometry  contains too many polygons comparing to the LOD0 [1948 against 2908] :
<12:45:53> [745BAE2F][Warning] failed to stream material xml(objects/Characters/ferre/female/parts/hm/metal/hm_metal208/fe_f_hm_metal208_brop01.mtl)
<12:45:57> [CA175C82][Warning] non-stream IO. system(Material), filePath(game/objects/effects/keffect/m_enchant_red_l.mtl)
<12:45:57> [B8A20C07][Warning] Failed to stream CAF-file [File=animations/item/effect_bone/blade_2h/blade_2h_darkmoon001/default.caf]
<12:45:58> [000004EE][Warning] Independent immortal particle effect spawned: X2_EFFECT_O.Interaction.enchant_wpn_range_honor_3g
<12:45:59> [B95EE41B][Error] invalid parent unit id(25602)
<12:45:59> [745BAE2F][Warning] failed to stream material xml(game/objects/effects/ksw_effect/qilin.mtl)
<12:45:59> [637AF710][Warning] missing chr material : game/objects/characters/warborn/female/parts/pt/obj/wa_f_pt_metal165.mtl (chr: game/objects/characters/warborn/female/parts/pt/obj/wa_f_4kn003_4pt201.chr)
<12:46:03> [BD8C448A][Warning] Cannot load texture game/objects/characters/warborn/male/nude/wa_m_nude_ddn.dds, file missing [File=game/objects/characters/warborn/male/nude/wa_m_nude_ddn.dds]
<12:46:04> [000004EE][Warning] Independent immortal particle effect spawned: X2_EFFECT_O.Interaction.enchant_wpn_range_honor_3g
<12:46:05> [DD6CD685][Warning] grand child physical proxy is not supported. grandpa(Merchant Schooner), dad(prefab_doodad_model_268933_prefab://Prefabs/galleon.xml/galleon.galleon_helms), child(galleon_helms_1)
<12:46:06> [B95EE41B][Error] invalid parent unit id(74478)
<12:46:11> [745BAE2F][Warning] failed to stream material xml(game/objects/characters/ferre/female/costume/fe_f_sk_metalpriest001/fe_f_sk_metalpriest001_whin01.mtl)
<12:46:11> [2363981C][Warning] chr material is not precached : game/objects/characters/ferre/female/costume/fe_f_sk_metalpriest001/fe_f_sk_metalpriest001_h.mtl (chr: game/objects/characters/ferre/female/costume/fe_f_sk_metalpriest001/fe_f_sk_metalpriest001_h.chr)
<12:46:11> [CA175C82][Warning] non-stream IO. system(Material), filePath(game/objects/characters/ferre/female/costume/fe_f_sk_metalpriest001/fe_f_sk_metalpriest001_h.mtl)
<12:46:12> [DD6CD685][Warning] grand child physical proxy is not supported. grandpa(Merchant Schooner), dad(prefab_doodad_model_268933_prefab://Prefabs/galleon.xml/galleon.galleon_helms), child(galleon_helms_1)
<12:46:13> [B95EE41B][Error] invalid parent unit id(85584)
<12:46:15> [000004EE][Warning] Independent immortal particle effect spawned: X2_EFFECT_O.Interaction.enchant_wpn_range_honor_3g
<12:46:15> [CE0EF930][Warning] failed to stream cgf : objects/effects/portal_gate.cgf
<12:46:17> [000004EE][Warning] [CGF Error] game/objects/item/bow/bow_eph_7/bow_eph_7.cgf [:] LOD1 of geometry  contains too many polygons comparing to the LOD0 [824 against 1214] :
<12:46:17> [CA175C82][Warning] non-stream IO. system(Material), filePath(game/objects/characters/warborn/female/horns/wa_f_horns011/wa_f_horns011_hc03.mtl)
<12:46:19> [745BAE2F][Warning] failed to stream material xml(game/objects/characters/ferre/female/parts/hm/cloth/hm_cloth199/fe_f_hm_cloth199_whtp01.mtl)
<12:46:19> [637AF710][Warning] missing chr material : game/objects/characters/hariharan/female/parts/gv/obj/ha_f_gv_leather179.mtl (chr: game/objects/characters/hariharan/female/parts/gv/obj/ha_f_2gv102.chr)
<12:46:21> [B95EE41B][Error] invalid parent unit id(85584)
<12:46:22> [A181AEBC][Warning] Anim events cannot find effect "X2_EFFECTS_C1.Glider.Crystal_Wing.wing_start1", requested by animation "animations/env/glider_wing_crystal/fist_ac_gliding_start.caf".
<12:46:25> [745BAE2F][Warning] failed to stream material xml(game/objects/characters/ferre/male/costume/fe_m_sk_lucius001/fe_m_sk_lucius001_grap02.mtl)
<12:46:25> [1701B2CC][Warning] Not a normal map texture tried to be used as a normal map: game/objects/item/aac/all/aa_summer/flute/Chenbi/aa_summer_shell_flute_df.dds [File=game/objects/item/aac/all/aa_summer/flute/Chenbi/aa_summer_shell_flute_df.dds]
<12:46:25> [77811B8C][Warning] Non 3dc normal map used (wrong on DX10): game/objects/item/aac/all/aa_summer/flute/Chenbi/aa_summer_shell_flute_ddn.dds [File=game/objects/item/aac/all/aa_summer/flute/Chenbi/aa_summer_shell_flute_ddn.dds]
<12:46:25> [2363981C][Warning] chr material is not precached : game/objects/characters/hariharan/female/costume/ha_f_sk_dragon001/ha_f_sk_dragon001_h.mtl (chr: game/objects/characters/hariharan/female/costume/ha_f_sk_dragon001/ha_f_sk_dragon001_h.chr)
<12:46:25> [CA175C82][Warning] non-stream IO. system(Material), filePath(game/objects/characters/hariharan/female/costume/ha_f_sk_dragon001/ha_f_sk_dragon001_h.mtl)
<12:46:26> [000004EE][Warning] Independent immortal particle effect spawned: X2_EFFECT_O.Interaction.enchant_wpn_range_honor_3g
<12:46:26> [000004EE][Warning] [CGF Error] game/objects/item/sword_1h/sword_1h_53_1/sword_1h_53_1.cgf [:] LOD1 of geometry  contains too many polygons comparing to the LOD0 [1196 against 1350] :
<12:46:28> [A13C772D][Warning] Cannot load texture ui/font_color.g, Image file format is invalid [File=ui/font_color.g]
<12:46:32> [B95EE41B][Error] invalid parent unit id(70558)
<12:46:36> [CE0EF930][Warning] failed to stream cgf : objects/effects/portal_gate.cgf
<12:46:38> [745BAE2F][Warning] failed to stream material xml(game/objects/characters/hariharan/male/parts/hm/obj/ha_m_hm_cloth001.mtl)
<12:46:38> [637AF710][Warning] missing chr material : game/objects/characters/hariharan/male/parts/hm/obj/ha_m_hm_cloth001.mtl (chr: game/objects/characters/hariharan/male/parts/hm/obj/ha_m_3hm108.chr)
<12:46:44> [745BAE2F][Warning] failed to stream material xml(game/objects/characters/ferre/male/costume/fe_m_sk_yata007/fe_m_sk_yata007_brop01.mtl)
<12:46:47> [A181AEBC][Warning] Anim events cannot find effect "X2_EFFECTS_C1.Glider.Crystal_Wing.wing_start1", requested by animation "animations/env/glider_wing_crystal/fist_ac_gliding_start.caf".
<12:46:48> [6FF68EA5] SetInstantTime: type 0 time 0
<12:46:48> [6FF68EA5] SetInstantTime: type 2 time 1758736008
<12:46:48> [B95EE41B][Error] invalid parent unit id(25602)
<12:46:48> [9CAE9693] Starting In World Loading
<12:46:48> [7B1A973B] seamless loading cell terrain(W19, 11), (L7, 7)
<12:46:49> [B42C333F] In World Loading Finished
<12:46:49> [82321C2B][Warning] [net 16:46:49.156] [time] remote time estimation restarted; estimate accumulator age was 0.788382
<12:46:49> [CA175C82][Warning] non-stream IO. system(CGF), filePath(objects/Env/01_nuia/001_ndeco/ndeco_do_hammer01.cgf)
<12:46:49> [5132FEDE][Warning] invalid attached position(-0.00, 21.44, 6.09)
<12:46:49> [DD6CD685][Warning] grand child physical proxy is not supported. grandpa(Enoan Galleon: Sample), dad(prefab_doodad_model_549068_prefab://Prefabs/galleon.xml/galleon.galleon_helms), child(galleon_helms_1)
<12:46:49> [CE0EF930][Warning] failed to stream cgf : default
<12:46:49> [A4D70365][Warning] rigid-body own-entity; prefab=Prefabs/interaction.xml/toy.crane node=AnimObject_1
<12:46:49> [000004EE][Warning] Particle effect not found: 'game/ability_skill_table_k.p_skill_romance.penance_hymn_launch', from unknown 
<12:46:50> [745BAE2F][Warning] failed to stream material xml(objects/Characters/ferre/male/costume/fe_m_sk_blackbear001/fe_m_sk_blackbear001_dyeing_grap02.mtl)
<12:46:50> [000004EE][Warning] Independent immortal particle effect spawned: X2_EFFECT_O.Interaction.enchant_wpn_range_1g
<12:46:50> [2363981C][Warning] chr material is not precached : game/objects/characters/warborn/female/costume/wa_f_sk_lucius001/wa_f_sk_lucius001_h.mtl (chr: game/objects/characters/warborn/female/costume/wa_f_sk_lucius001/wa_f_sk_lucius001_h.chr)
<12:46:50> [000004EE][Warning] [CGF Error] game/objects/env/06_unit/06_glider/glider_wing_crystal/glider_wing_crystal_back.cgf [:] LOD1 of geometry  contains too many polygons comparing to the LOD0 [2720 against 4064] :
<12:46:50> [637AF710][Warning] missing chr material : game/objects/characters/warborn/female/parts/gv/obj/wa_f_gv_leather200.mtl (chr: game/objects/characters/warborn/female/parts/gv/obj/wa_f_1gf001_1gv201.chr)
<12:46:52> [000004EE][Warning] [CGF Error] game/objects/item/mace_2h/mace_2h_56_2/mace_2h_56_2.cga [:] LOD1 of geometry mace_2h_56_2 contains too many polygons comparing to the LOD0 [662 against 900] :
<12:46:53> [C45FAC6E][Warning] Cannot load texture game/objects/characters/test/glider_squirrel/glider_squirrel_df.dds, file missing [File=game/objects/characters/test/glider_squirrel/glider_squirrel_df.dds]
<12:46:53> [CD8829BA][Warning] Error: CShaderMan::mfCreateShaderResources: Couldn't find subsurface texture 'game/objects/characters/test/glider_squirrel/glider_squirrel_df.dds' in path '' [File=game/objects/characters/test/glider_squirrel/glider_squirrel_df.dds]
<12:46:54> [CA175C82][Warning] non-stream IO. system(Material), filePath(game/objects/characters/hariharan/female/hair/ha_f_hair001/ha_f_hair001_hc11.mtl)
<12:46:55> [745BAE2F][Warning] failed to stream material xml(game/objects/characters/ferre/male/parts/gv/leather/gv_leather499/fe_m_gv_leather499_brop01.mtl)
<12:46:55> [000004EE][Warning] Independent immortal particle effect spawned: X2_EFFECT_O.Interaction.enchant_wpn_range_honor_3g
<12:46:55> [637AF710][Warning] missing chr material : game/objects/characters/nuian/male/parts/gv/obj/nu_m_gv_metal205.mtl (chr: game/objects/characters/nuian/male/parts/gv/obj/nu_m_4gv101.chr)
<12:46:56> [CE0EF930][Warning] failed to stream cgf : objects/effects/portal_gate.cgf
<12:46:56> [A181AEBC][Warning] Anim events cannot find effect "X2_EFFECTS_C1.Glider.Crystal_Wing.front_trail1", requested by animation "animations/env/glider_wing_crystal/fist_ac_gliding_front.caf".
<12:46:57> [321B38F7][Warning] Not a normal map texture tried to be used as a normal map: game/objects/item/aac/all/aa_valentines/1h_scepter/aa_valentines_1h_scepter_df.dds [File=game/objects/item/aac/all/aa_valentines/1h_scepter/aa_valentines_1h_scepter_df.dds]
<12:46:57> [1F198D91][Warning] Non 3dc normal map used (wrong on DX10): game/objects/item/aac/all/aa_valentines/1h_scepter/aa_valentines_1h_scepter_ddn.dds [File=game/objects/item/aac/all/aa_valentines/1h_scepter/aa_valentines_1h_scepter_ddn.dds]
<12:47:02> [3EF08C47] seamless loading cell object(W18, 10), (L6, 6)
<12:47:02> [745BAE2F][Warning] failed to stream material xml(game/objects/env/01_nuia/001_ndeco/ndeco_backpack_fertilizer.mtl)
<12:47:03> [000004EE][Warning] Independent immortal particle effect spawned: X2_EFFECT_O.Interaction.enchant_wpn_range_honor_3g
<12:47:03> [2363981C][Warning] chr material is not precached : game/objects/characters/ferre/female/costume/fe_f_sk_metalpriest001/fe_f_sk_metalpriest001_h.mtl (chr: game/objects/characters/ferre/female/costume/fe_f_sk_metalpriest001/fe_f_sk_metalpriest001_h.chr)
<12:47:03> [CA175C82][Warning] non-stream IO. system(Material), filePath(game/objects/characters/ferre/female/costume/fe_f_sk_metalpriest001/fe_f_sk_metalpriest001_h.mtl)
<12:47:05> [000004EE][Warning] Particle effect not found: 'game/abillity_skill_table_m.death.death_trick_launch', from unknown 
<12:47:05> [637AF710][Warning] missing chr material : game/objects/characters/hariharan/male/parts/bo/obj/ha_m_bo_cloth168.mtl (chr: game/objects/characters/hariharan/male/parts/bo/obj/ha_m_2bo504.chr)
<12:47:09> [CA175C82][Warning] non-stream IO. system(Material), filePath(game/objects/characters/ferre/female/face/fe_f_face_whin01.mtl)
<12:47:10> [745BAE2F][Warning] failed to stream material xml(game/objects/characters/ferre/female/parts/all/leather/leather199/fe_f_bo_leather199_whin01.mtl)
<12:47:10> [637AF710][Warning] missing chr material : game/objects/characters/ferre/female/parts/hm/obj/fe_f_hm_cloth533.mtl (chr: game/objects/characters/ferre/female/parts/hm/obj/fe_f_5hm009.chr)
<12:47:16> [B95EE41B][Error] invalid parent unit id(67119)
<12:47:16> [CE0EF930][Warning] failed to stream cgf : objects/effects/portal_gate.cgf
<12:47:17> [A181AEBC][Warning] Anim events cannot find effect "X2_EFFECTS_C1.Glider.Crystal_Wing.wing_start1", requested by animation "animations/env/glider_wing_crystal/fist_ac_gliding_start.caf".
<12:47:23> [745BAE2F][Warning] failed to stream material xml(game/objects/characters/hariharan/female/parts/gv/obj/ha_f_gv_cloth168.mtl)
<12:47:23> [637AF710][Warning] missing chr material : game/objects/characters/hariharan/female/parts/gv/obj/ha_f_gv_cloth168.mtl (chr: game/objects/characters/hariharan/female/parts/gv/obj/ha_f_2gv302.chr)
<12:47:25> [B95EE41B][Error] invalid parent unit id(67119)
<12:47:26> [BCCDC555][Warning] MakeSprite - too many sprite update (10). dropping.. (sprites : 55)
<12:47:29> [745BAE2F][Warning] failed to stream material xml(game/objects/characters/hariharan/male/parts/gv/obj/ha_m_gv_leather002.mtl)
<12:47:29> [637AF710][Warning] missing chr material : game/objects/characters/hariharan/male/parts/gv/obj/ha_m_gv_leather002.mtl (chr: game/objects/characters/hariharan/male/parts/gv/obj/ha_m_2gv102.chr)
<12:47:30> [000004EE][Warning] [CGF Error] game/objects/item/bow/bow_eph_7/bow_eph_7.cgf [:] LOD1 of geometry  contains too many polygons comparing to the LOD0 [824 against 1214] :
<12:47:30> [CA175C82][Warning] non-stream IO. system(Material), filePath(game/objects/characters/warborn/female/horns/wa_f_horns011/wa_f_horns011_hc03.mtl)
<12:47:32> [04FA8364][Warning] Cannot load texture game/objects/characters/nuian/male/hair/hair_texture/, file missing [File=game/objects/characters/nuian/male/hair/hair_texture/]
<12:47:35> [5F89E60D][Warning] non cached CDF(game/objects/characters/warborn/female/parts/hm/leather/hm_leather167/wa_f_hm_leather167.cdf)
<12:47:35> [CA175C82][Warning] non-stream IO. system(Material), filePath(game/objects/characters/warborn/female/parts/hm/leather/hm_leather167/wa_f_hm_leather167.mtl)
<12:47:35> [637AF710][Warning] missing chr material : game/objects/characters/warborn/female/parts/hm/obj/wa_f_hm_leather179.mtl (chr: game/objects/characters/warborn/female/parts/hm/obj/wa_f_2hm109.chr)
<12:47:35> [2363981C][Warning] chr material is not precached : game/objects/characters/warborn/female/hair/wa_f_hair_common/wa_f_hair_common0102s_type3.mtl (chr: game/objects/characters/warborn/female/hair/wa_f_hair_common/wa_f_hair_common0102s_type3.chr)
<12:47:40> [B95EE41B][Error] invalid parent unit id(87814)
<12:47:41> [CE0EF930][Warning] failed to stream cgf : objects/effects/portal_gate.cgf
