[801989E0] BackupNameAttachment=" Build(0) Date(13 September 2025) Time(13 33 22)"  -- used by backup system
[00000020]  
[38F38F32] Log Started at #c
[0232BD25] Running 32 bit version
[7AB6F5FE] Executable: C:\Games\AAClassic\bin32\archeage.exe
[E5C771AC] FileVersion: 3.5.0.0
[F799D55F] ProductVersion: 3.5.3.0
[1F1D6B13] Using Microsoft (tm) C++ Standard Library implementation
[00000020]  
[C7D96C80] Revision: 350000
[00000020]  
[64533E3E] this is the first client
<13:33:28> [B9197FD5][Error] ConsoleVariableGroup[option_effect] key[e_particles_lod_onoff] has no default
<13:33:28> [76666E6D] 
--- CPU detection ---
<13:33:28> [F4D992D8] CPU: AMD AMD Ryzen 7 7800X3D 8-Core Processor           
<13:33:28> [3F649B02] Family: 15, Model: 1, Stepping: 2
<13:33:28> [83D12E0B] FPU: On-Chip
<13:33:28> [50919DA0] CPU Speed (estimated): 4191.976184 MHz
<13:33:28> [C73FD83A] MMX: not present
<13:33:28> [89D1077A] SSE: present
<13:33:28> [64E2B6F1] 3DNow!: present
<13:33:28> [27B7AC6E] Serial number not present or disabled
<13:33:28> [1D2D8E5B] Number of logical processors: 16
<13:33:28> [FA658084] Number of available logical processors: 16
<13:33:28> [A1F061C2] Invariant Time Stamp Counter : yes
<13:33:28> [FA0251ED] ---------------------

<13:33:28> [03E7D838] Device Info
<13:33:28> [9F603516] Device Info - 1
<13:33:28> [9F603517] Device Info - 2
<13:33:28> [9F603518] Device Info - 3
<13:33:28> [9F603519] Device Info - 4
<13:33:28> [9F60351A] Device Info - 5
<13:33:28> [9F60351B] Device Info - 6
<13:33:28> [9F60351C] Device Info - 7
<13:33:28> [E98ECC28] Video Memory Info
<13:33:28> [D5FBE664] Video Memory - 1
<13:33:28> [D5FBE665] Video Memory - 2
<13:33:29> [D5FBE666] Video Memory - 3
<13:33:29> [D5FBE667] Video Memory - 4
<13:33:29> [D5FBE668] Video Memory - 5
<13:33:29> [D5FBE669] Video Memory - 6
<13:33:29> [D5FBE66A] Video Memory - 7
<13:33:29> [D5FBE66B] Video Memory - 8
<13:33:29> [3A4D54A2][Warning] config/gpu/amd.txt line 55 contains a multiple defined GPU rating!
<13:33:29> [D20872C0] InitThreadAffinities
<13:33:29> [2F28A434] UpdateMainThreadAffinity
<13:33:29> [16962512] Windows 8 64 bit (build 6.2.9200)
<13:33:29> [38DFF081] System language: English
<13:33:29> [861A0178] Windows Directory: "C:\windows"
<13:33:29> [341B54F1] Prerequisites...
<13:33:29> [5D1B3C9C] * Installation of KB940105 hotfix required: no! (either not needed or already installed)
<13:33:29> [8BECE14A] Local time is 13:33:29 09/13/25, system running for 238 minutes
<13:33:29> [7C3B84E1] 63426MB physical memory installed, 26635MB available, 4095MB virtual memory installed, 58 percent of memory in use
<13:33:29> [31259232] PageFile usage: 
<13:33:29> [453F0D1B] Current display mode is 2560x1440x32
<13:33:29> [8A64FCCC] IBM enhanced (101/102-key) keyboard and 3+ button mouse installed
<13:33:29> [CE30556B] ----- GPU Detection -----------------
<13:33:29> [03E7D838] Device Info
<13:33:29> [9F603516] Device Info - 1
<13:33:29> [9F603517] Device Info - 2
<13:33:29> [9F603518] Device Info - 3
<13:33:29> [9F603519] Device Info - 4
<13:33:29> [9F60351A] Device Info - 5
<13:33:29> [9F60351B] Device Info - 6
<13:33:29> [9F60351C] Device Info - 7
<13:33:29> [E98ECC28] Video Memory Info
<13:33:29> [D5FBE664] Video Memory - 1
<13:33:29> [D5FBE665] Video Memory - 2
<13:33:29> [D5FBE666] Video Memory - 3
<13:33:29> [D5FBE667] Video Memory - 4
<13:33:29> [D5FBE668] Video Memory - 5
<13:33:29> [D5FBE669] Video Memory - 6
<13:33:29> [D5FBE66A] Video Memory - 7
<13:33:29> [D5FBE66B] Video Memory - 8
<13:33:29> [99EA404A]  AMD Radeon RX 7800 XT (RADV NAVI32) (vendor = 0x1002, device = 0x747e, subSys = 0x00000000)
<13:33:29> [77718B6A] -- Video memory: 4081 MB
<13:33:29> [30DF1863] -- Minimum SM 2.0 support: yes
<13:33:29> [13E11956] -- DX11 supported: yes
<13:33:29> [50B60100] --------------------------------------------------------------------------------
<13:33:29> [5921EDBE] Stream Engine Initialization
<13:33:29> [BA0D559B] Splash: Initializing Stream Engine...
<13:33:29> [939F6EBB] Enable Resolutions : 0
<13:33:29> [A30A84B6] can't enum display resolution modes
<13:33:29> [B324CD25] Screen Resolution - 1024x768
<13:33:29> [3778EA0B] Screen Resolution - 0 (2560x1440)
<13:33:29> [A1B107F0] Screen Resolution - Test OK (2560x1440)
<13:33:29> [A9E4B0F2] Network initialization
<13:33:29> [BA0D559B] Splash: Initializing Network System...
<13:33:29> [14FAD233] Socket I/O by iocp
<13:33:29> [E36A4FB9] Physics initialization
<13:33:29> [BA0D559B] Splash: Initializing Physics...
<13:33:29> [2462D581] MovieSystem initialization
<13:33:29> [BA0D559B] Splash: Initializing Movie System...
<13:33:29> [93287AEC] Renderer initialization - Start
<13:33:29> [BA0D559B] Splash: Initializing Renderer...
<13:33:29> [91207680] Renderer initialization - Open
<13:33:29> [4377E7CB] Renderer initialization - DLL Load(CryRenderD3D10.dll)
<13:33:29> [71203A94] Renderer initialization - DLL Done
<13:33:29> [71227C22] Renderer initialization - DLL Init
<13:33:29> [C653D9CB] Renderer initialization - Instance
<13:33:29> [F4516946] D3D Adapter: Description: AMD Radeon RX 7800 XT (RADV NAVI32)
<13:33:29> [A39C3A75] D3D Adapter: Driver version (UMD): 32.00.65535.65535
<13:33:29> [BC8C1ACB] D3D Adapter: VendorId = 0x1002
<13:33:29> [B6A10CFD] D3D Adapter: DeviceId = 0x747E
<13:33:29> [0678E702] D3D Adapter: SubSysId = 0x00000000
<13:33:29> [F2243F02] D3D Adapter: Revision = 0
<13:33:29> [A18DEBFF] Attempting to open TXAA context...
<13:33:29> [763FCAEF] TXAA startup failed -- status (1)
<13:33:29> [E571CFEE] Shader manager initialization
<13:33:31> [05BAAEF6] CResFile allocations incurred by user cache preload: (17814.05k)
<13:33:31> [911B73B8] Renderer initialization - Done
<13:33:31> [8E444EA9] Console initialization
<13:33:31> [2904A233] Time initialization
<13:33:31> [3650CFD6] Input initialization
<13:33:31> [BA0D559B] Splash: Initializing Input System...
<13:33:31> Initializing Keyboard
<13:33:31> [99640BF1] Sound initialization
<13:33:31> [BA0D559B] Splash: Initializing Sound System...
<13:33:31> [2C33885C] Sound - Initializing AudioDevice now!
<13:33:31> [E46760A9] <Sound> Initialize FMOD with dynamic memory callbacks
<13:33:32> [D6755BFD] <Sound> Starting to initialize Windows Audio Session API output! 
<13:33:32> [F7E8E3CD] <Sound> Drivers found: 5
<13:33:32> [5076AD4B] <Sound> Available drivers:
	1.	PulseAudio Output (PulseAudio Output)
	2.	Blue Microphones Analog Stereo (Blue Microphones Analog Stereo)
	3.	Wireless Controller (Wireless Controller)
	4.	Navi 31 HDMI/DP Audio Digital Stereo (HDMI) (Navi 31 HDMI/DP Audio Digital Stereo (HDMI))
	5.	Family 17h/19h/1ah HD Audio Controller Analog Stereo (Family 17h/19h/1ah HD Audio Controller Analog Stereo)
<13:33:32> [A0BBF7E1] <Sound> FmodEx-AudioDevice: Now running on driver: PulseAudio Output (PulseAudio Output)
<13:33:32> [14D8EFE1] <Sound> Using speaker mode: FMOD_SPEAKERMODE_STEREO
<13:33:32> [E79C27E5] <Sound> Initializing FMOD-EX now!
<13:33:32> [E2A9FE08] <Sound> Available record drivers: 0 PulseAudio Input (PulseAudio Input) !
<13:33:32> [E2A9FE08] <Sound> Available record drivers: 1 Family 17h/19h/1ah HD Audio Controller Analog Stereo (Family 17h/19h/1ah HD Audio Controller Analog Stereo) !
<13:33:32> [E2A9FE08] <Sound> Available record drivers: 2 Wireless Controller (Wireless Controller) !
<13:33:32> [E2A9FE08] <Sound> Available record drivers: 3 Blue Microphones Analog Stereo (Blue Microphones Analog Stereo) !
<13:33:32> [E2A9FE08] <Sound> Available record drivers: 4 Monitor of Family 17h/19h/1ah HD Audio Controller (Monitor of Family 17h/19h/1ah HD Audio Controller) !
<13:33:32> [E2A9FE08] <Sound> Available record drivers: 5 Monitor of Blue Microphones Analog Stereo (Monitor of Blue Microphones Analog Stereo) !
<13:33:32> [E2A9FE08] <Sound> Available record drivers: 6 Wireless Controller (Wireless Controller) !
<13:33:32> [E2A9FE08] <Sound> Available record drivers: 7 Monitor of Navi 31 HDMI/DP Audio Digital Stereo (HDMI) (Monitor of Navi 31 HDMI/DP Audio Digital Stereo (HDMI)) !
<13:33:32> [6841BE38] <Sound> Record config is set to autodetect using record driver 0
<13:33:32> [7808B4C4] <Sound> Using FMOD version: 00044414 and internal 00044414!
<13:33:32> [2A2815C7] <Sound> Initialized FMOD-EX
<13:33:32> [BE4EF52E] Sound - Initializing SoundSystem now!
<13:33:32> [0D547471] Font initialization
<13:33:32> [BA0D559B] Splash: Initializing Fonts...
<13:33:32> [C194F7C8][Warning] Cannot load texture textures/defaults/replacemecm.tif, file missing [File=textures/defaults/replacemecm.dds]
<13:33:32> [84206398] AI initialization
<13:33:32> [1BC221DE] Initializing Animation System
<13:33:32> [BA0D559B] Splash: Initializing Animation System...
<13:33:32> [9E592EFE] Initializing 3D Engine
<13:33:32> [BA0D559B] Splash: Initializing 3D Engine...
<13:33:33> [637AF710][Warning] missing chr material : game/objects/characters/ferre/female/nude/Standard_22.mtl (chr: game/objects/characters/ferre/female/nude/fe_f_base.chr)
<13:33:33> [91F5AEEC][Warning] number of bones mismatch! game/objects/characters/ferre/female/nude/fe_f_base.chr=195 game/objects/characters/ferre/female/nude/fe_f_base_lod1.chr=185
<13:33:34> [7415A452] CHR PreCaching 25 Done
<13:33:34> [E7AD4E53] AddSharedMorphTargets - Failed to load objects/characters/dwarf/male/face/dw_m_face00.chr
<13:33:34> [61AD1790] MorphTargetPreCaching - objects/characters/dwarf/male/face/dw_m_face00.chr Add Failed
<13:33:34> [A4A6E4C6] MorphTarget PreCaching 11 Done
<13:33:34> [5ACB40E2] Init Face Makers
<13:33:34> [56B5985B] X2FaceMaker - game/objects/characters/nuian/male/face/nu_m_face01_mid.chr : mouth_UnderbiteOverbite target not exist
<13:33:34> [56B5985B] X2FaceMaker - game/objects/characters/nuian/male/face/nu_m_face01_mid.chr : mouth_UnderbiteOverbite target not exist
<13:33:34> [56B5985B] X2FaceMaker - game/objects/characters/nuian/male/face/nu_m_face01_mid.chr : mouth_UnderbiteOverbite target not exist
<13:33:34> [4ABB03EB] game/objects/characters/ferre/female/face/fe_f_face01_low.chr(303) - objects/characters/ferre/female/face/fe_f_face00.chr(3063) SharedMorph is not matched
<13:33:34> [56B5985B] X2FaceMaker - game/objects/characters/nuian/male/face/nu_m_face01_mid.chr : mouth_UnderbiteOverbite target not exist
<13:33:34> [56B5985B] X2FaceMaker - game/objects/characters/nuian/male/face/nu_m_face01_mid.chr : nose_dw_SeptumVol target not exist
<13:33:34> [56B5985B] X2FaceMaker - game/objects/characters/nuian/male/face/nu_m_face01_mid.chr : nose_dw_NasalZposition target not exist
<13:33:34> [56B5985B] X2FaceMaker - game/objects/characters/nuian/male/face/nu_m_face01_mid.chr : FS_dwEarSize target not exist
<13:33:34> [56B5985B] X2FaceMaker - game/objects/characters/nuian/male/face/nu_m_face01_mid.chr : dwarf_Morph target not exist
<13:33:34> [56B5985B] X2FaceMaker - game/objects/characters/nuian/male/face/nu_m_face01_mid.chr : FS_dw_CheekMeat_min target not exist
<13:33:34> [1191A6A8] X2FaceMaker - game/objects/characters/nuian/male/face/nu_m_face01_mid.chr : FS_dw_CheekMeat_max ex target not exist
<13:33:34> [56B5985B] X2FaceMaker - game/objects/characters/warborn/male/face/wa_m_face01_mid.chr : eye_Forehead target not exist
<13:33:34> [56B5985B] X2FaceMaker - game/objects/characters/warborn/male/face/wa_m_face01_mid.chr : eye_Tail_min target not exist
<13:33:34> [1191A6A8] X2FaceMaker - game/objects/characters/warborn/male/face/wa_m_face01_mid.chr : eye_Tail_max ex target not exist
<13:33:34> [56B5985B] X2FaceMaker - game/objects/characters/warborn/male/face/wa_m_face01_mid.chr : eye_WidthLength_min target not exist
<13:33:34> [1191A6A8] X2FaceMaker - game/objects/characters/warborn/male/face/wa_m_face01_mid.chr : eye_WidthLength_max ex target not exist
<13:33:34> [56B5985B] X2FaceMaker - game/objects/characters/warborn/male/face/wa_m_face01_mid.chr : eye_DoubleEyelidShape target not exist
<13:33:34> [56B5985B] X2FaceMaker - game/objects/characters/warborn/male/face/wa_m_face01_mid.chr : eye_BrowXposition target not exist
<13:33:34> [56B5985B] X2FaceMaker - game/objects/characters/warborn/male/face/wa_m_face01_mid.chr : eye_BrowZposition target not exist
<13:33:34> [56B5985B] X2FaceMaker - game/objects/characters/warborn/male/face/wa_m_face01_mid.chr : nose_Nostril target not exist
<13:33:34> [56B5985B] X2FaceMaker - game/objects/characters/warborn/male/face/wa_m_face01_mid.chr : nose_Size target not exist
<13:33:34> [56B5985B] X2FaceMaker - game/objects/characters/warborn/male/face/wa_m_face01_mid.chr : nose_SeptumZposition target not exist
<13:33:34> [56B5985B] X2FaceMaker - game/objects/characters/warborn/male/face/wa_m_face01_mid.chr : nose_End target not exist
<13:33:34> [56B5985B] X2FaceMaker - game/objects/characters/warborn/male/face/wa_m_face01_mid.chr : nose_Size target not exist
<13:33:34> [56B5985B] X2FaceMaker - game/objects/characters/warborn/male/face/wa_m_face01_mid.chr : mouth_UpperLipVolume target not exist
<13:33:34> [56B5985B] X2FaceMaker - game/objects/characters/warborn/male/face/wa_m_face01_mid.chr : mouth_LowerLipVolume target not exist
<13:33:34> [56B5985B] X2FaceMaker - game/objects/characters/warborn/male/face/wa_m_face01_mid.chr : mouth_UpperLipOpen target not exist
<13:33:34> [56B5985B] X2FaceMaker - game/objects/characters/warborn/male/face/wa_m_face01_mid.chr : mouth_LowerLipOpen target not exist
<13:33:34> [56B5985B] X2FaceMaker - game/objects/characters/warborn/male/face/wa_m_face01_mid.chr : mouth_MouthOpen target not exist
<13:33:34> [56B5985B] X2FaceMaker - game/objects/characters/warborn/male/face/wa_m_face01_mid.chr : mouth_Size target not exist
<13:33:34> [56B5985B] X2FaceMaker - game/objects/characters/warborn/male/face/wa_m_face01_mid.chr : mouth_Shape_min target not exist
<13:33:34> [1191A6A8] X2FaceMaker - game/objects/characters/warborn/male/face/wa_m_face01_mid.chr : mouth_Shape_max ex target not exist
<13:33:34> [56B5985B] X2FaceMaker - game/objects/characters/warborn/male/face/wa_m_face01_mid.chr : mouth_TeethZposition target not exist
<13:33:34> [56B5985B] X2FaceMaker - game/objects/characters/warborn/male/face/wa_m_face01_mid.chr : FS_JawHigh_min target not exist
<13:33:34> [1191A6A8] X2FaceMaker - game/objects/characters/warborn/male/face/wa_m_face01_mid.chr : FS_JawHigh_max ex target not exist
<13:33:34> [56B5985B] X2FaceMaker - game/objects/characters/warborn/male/face/wa_m_face01_mid.chr : FS_EarRotate_min target not exist
<13:33:34> [1191A6A8] X2FaceMaker - game/objects/characters/warborn/male/face/wa_m_face01_mid.chr : FS_EarRotate_max ex target not exist
<13:33:34> [56B5985B] X2FaceMaker - game/objects/characters/warborn/male/face/wa_m_face01_mid.chr : FS_Beard1 target not exist
<13:33:34> [56B5985B] X2FaceMaker - game/objects/characters/warborn/male/face/wa_m_face01_mid.chr : FS_Beard2 target not exist
<13:33:34> [56B5985B] X2FaceMaker - game/objects/characters/warborn/male/face/wa_m_face01_mid.chr : FS_Beard3 target not exist
<13:33:34> [56B5985B] X2FaceMaker - game/objects/characters/warborn/female/face/wa_f_face01_mid.chr : eye_Yposition_min target not exist
<13:33:34> [1191A6A8] X2FaceMaker - game/objects/characters/warborn/female/face/wa_f_face01_mid.chr : eye_Yposition_max ex target not exist
<13:33:34> [56B5985B] X2FaceMaker - game/objects/characters/warborn/female/face/wa_f_face01_mid.chr : FS_AllLowerY target not exist
<13:33:34> [56B5985B] X2FaceMaker - game/objects/characters/warborn/female/face/wa_f_face01_mid.chr : FS_AllRotate target not exist
<13:33:34> [56B5985B] X2FaceMaker - game/objects/characters/warborn/female/face/wa_f_face01_mid.chr : FS_AllY target not exist
<13:33:34> [56B5985B] X2FaceMaker - game/objects/characters/warborn/female/face/wa_f_face01_mid.chr : mouth_Open_min target not exist
<13:33:34> [1191A6A8] X2FaceMaker - game/objects/characters/warborn/female/face/wa_f_face01_mid.chr : mouth_Open_max ex target not exist
<13:33:34> [E320B5CE] Init Face Makers - Done!
<13:33:34> [581CA53C] Script System Initialization
<13:33:34> [BA0D559B] Splash: Initializing Script System...
<13:33:34> [000004EE][Warning] [Lua Error] 1_3_0/scripts/common.lua:276: attempt to index global 'Script' (a nil value)
<13:33:34> [58F3F7FF][Warning] <null>:0: [Lua Error] Failed to execute file @game/scriptsbin/common.alb
<13:33:34> [D8B2BA54] Entity system initialization
<13:33:34> [BA0D559B] Splash: Initializing Entity System...
<13:33:34> [D55F91B2][Warning] [CEntityClassRegistry] LoadClassDescription failed, Entity Class name Chick already registered
<13:33:34> [BA0D559B] Splash: Initializing AI System...
<13:33:34> [DA019954] Initializing AI System
<13:33:34> [2546BCC5] Initializing Budgeting System
<13:33:34> [C0E19025] Initializing Seamless System
<13:33:35> [BA0D559B] Splash: Loading Game Data...
<13:33:36> [90B8EC50][Warning] too many ranges: aoe_shapes descs 10156(10156) threshold 100 ranges 12
<13:33:37> [BA4AD6CE] Loading portal list
<13:33:37> [92597454] Portal added, enter: 3891, exit: 6629
<13:33:37> [92597454] Portal added, enter: 21448, exit: 21449
<13:33:37> [92597454] Portal added, enter: 21450, exit: 21451
<13:33:37> [92597454] Portal added, enter: 21452, exit: 21453
<13:33:37> [92597454] Portal added, enter: 21698, exit: 21699
<13:33:37> [92597454] Portal added, enter: 22023, exit: 22024
<13:33:37> [92597454] Portal added, enter: 22042, exit: 22066
<13:33:37> [92597454] Portal added, enter: 22136, exit: 22137
<13:33:37> [92597454] Portal added, enter: 22163, exit: 22164
<13:33:37> [92597454] Portal added, enter: 22184, exit: 22185
<13:33:37> [92597454] Portal added, enter: 22336, exit: 22337
<13:33:37> [92597454] Portal added, enter: 9000063, exit: 9000064
<13:33:37> [1C664009] End loading portal list
<13:33:37> [937812F7] loaded DDCMS (1396969 descs, 719156 links (17 page 16.95MB size) string) from game\db\compact.sqlite3 in 1268 ms
<13:33:37> [BA0D559B] Splash: Initializing Game System...
<13:33:37> [000004EE][Warning] [Lua Error] no localized ui text for 18 always_refund
<13:33:38> [0ADE3294][Warning] [MFX] Effect 'collisions:grenade' already present. Overriding.
<13:33:38> [311630D1][Warning] MFX WARNING: Material not found: mat_ice_breakable
<13:33:38>  
<13:33:38>    sys_spec = Custom (assuming 4)
<13:33:38>      option_anti_aliasing = 2 expected:3
<13:33:38>  
<13:33:38> [BA0D559B] Splash: Preparing Screen...
<13:33:38> [963385F6] Level System - Loading Start
<13:33:38> [806B6F8D] precaching world entities ..
<13:33:38> [7E39E0DE] precaching world entities .. done!  total (0) objects
<13:33:38> [D2B280D6] Vegetation Manager : Loading World(login2)
<13:33:38> [075AB92F] Vegetation Manager : Loading World - Done (total 36 vegetations)
<13:33:38> [B9410AA1] total 20 terrain world surfaces loaded
<13:33:38> Loading Particle Library: collisions
<13:33:38> Loading Particle Library: water
<13:33:38> Loading Particle Library: misc
<13:33:38> Loading Particle Library: ability_skill_table
<13:33:38> Loading Particle Library: ability_skill_table_k
<13:33:38> Loading Particle Library: abillity_skill_table_m
<13:33:39> Loading Particle Library: machinima
<13:33:39> Loading Particle Library: x2_effects
<13:33:39> Loading Particle Library: x2_effects_k
<13:33:39> [280A47E3] Precached total 2 materials
<13:33:39> [7B1A973B] seamless loading cell terrain(W0, 1), (L0, 0)
<13:33:39> [3EF08C47] seamless loading cell object(W0, 1), (L0, 0)
<13:33:39> [584C4FFD] [net 17:33:29.460]  dns ip:192.168.1.202
<13:33:39> [584C4FFD] [net 17:33:29.460]  dns ip:172.19.0.1
<13:33:39> [584C4FFD] [net 17:33:29.460]  dns ip:172.17.0.1
<13:33:39> [584C4FFD] [net 17:33:29.460]  dns ip:172.18.0.1
<13:33:39> [0DE3FA89][Error] CryAnimation: character-definition creation failed: game/objects/characters/elf/female/nude/el_f_kyprosa.cdf
<13:33:39> [13A58BA0][Error] CryAnimation: character-definition not found: game/objects/characters/elf/female/nude/el_f_kyprosa.cdf
<13:33:39> [4DD44108] Start DaruCommon Extension
<13:33:39> [1B425DA5] Duplicated post effect param! pszName = FilterMaskedBlurring_Amount
<13:33:39> [1B425DA5] Duplicated post effect param! pszName = FilterMaskedBlurring_MaskTexName
<13:33:39> [1B425DA5] Duplicated post effect param! pszName = FilterChromaShift_User_Amount
<13:33:39> [1B425DA5] Duplicated post effect param! pszName = FilterGrain_Amount
<13:33:39> [8F6BAA6C][Warning] Couldn't find console variable 'e_water_ocean_fft'
<13:33:39> Loading Particle Library: wind
<13:33:39> Loading Particle Library: X2_EFFECT_O
<13:33:40> [000004EE][Warning] Particle effect not found: '                                                                ', from ParticleEffect fx_land_green
<13:33:40> [12409CCC] Load Zone Finished
<13:33:40> [A39C1725] Level System - Loading Complete
<13:33:40> [27293DED] -----------------------------------------------------
<13:33:40> [120C18F5] * LOADING: 'loginbg4' loading time: 1.61 seconds
<13:33:40> [27293DED] -----------------------------------------------------
<13:33:40> [000004EE][Warning] [Lua Error] no client player exists
<13:33:40> [A13C772D][Warning] Cannot load texture ui/font_color.g, Image file format is invalid [File=ui/font_color.g]
<13:33:40> [000FABC5][Warning] CAreaGrid::BeginAreas() called before being initialized.
<13:33:43> [1D01FDCA] Auth: client connected to server
<13:33:43> [584C4FFD] [net 17:33:43.856]  socket ip:192.168.1.202
<13:33:43> [4C920A71] mac address : 74-56-3c-fe-52-f3
<13:33:45> [A13C772D][Warning] Cannot load texture ui/font_color.g, Image file format is invalid [File=ui/font_color.g]
<13:33:48> [7CC1A260] Save Game Option
<13:33:48> [9FC303B8][Error] [CVARS]: [DUPLICATE] CXConsole::RegisterFloat(): variable [ui_double_click_interval] is already registered
<13:33:48> [000004EE][Warning] [Lua Error] no localized ui text for 18 always_refund
<13:33:48> [000004EE][Warning] [Lua Error] no client player exists
<13:33:48> [09F46B9D]     cl_fov = 90 []
<13:33:48> [09F46B9D]     camera_max_dist = 180 []
<13:33:48> [73861D69] Unknown command: name_tag_hp_width_on_bgmode 80
<13:33:48> [73861D69] Unknown command: name_tag_hp_height_on_bgmode 30
<13:33:48> [247165BA][Warning] Cannot load texture ui/login_stage/background/game_information.dds, file missing [File=ui/login_stage/background/game_information.dds]
<13:33:48> [D2121932] Change resolution: 2560x1440x32 (Windowed)
<13:33:48> [583D6F38] Final resolution: 2560x1440x32 (Windowed)
<13:33:51> [584C4FFD] [net 17:33:51.087] connection requested to: 192.95.21.64:1239
<13:33:51> [4ABA7BDB] Auth: client disconnected (reason=0)
<13:33:51> [0F08E548] [NetConnection] connect completed (succeeded:true)
<13:33:51> [48F7BDF2] invalid world id in world queue packet
<13:33:51> [26623ECA] ucc info.. 0 0
<13:33:51> [B71BF2A9] remove ucc data.. version
<13:33:51> [4516816D] pay method: person
<13:33:51> [4AA30841] pay location: person
<13:33:51> [ADF1C07E] pay start: 1900-1-1 00:00:00
<13:33:51> [6486A277] pay end: 1900-1-1 00:00:00
<13:33:51> [FFF6198C] premium point: 0
<13:33:51> [481C0862] premium grade: premium_0
<13:33:51> [88D9AB0C] real pay time: 0
<13:33:51> [34CCC219] stream: connected to world server
<13:33:51> [06A46B5B] stream: authorized by world server
<13:33:51> [4516816D] pay method: person
<13:33:51> [4AA30841] pay location: person
<13:33:51> [ADF1C07E] pay start: 1900-1-1 00:00:00
<13:33:51> [6486A277] pay end: 2037-12-31 16:00:00
<13:33:51> [FFF6198C] premium point: 0
<13:33:51> [481C0862] premium grade: premium_0
<13:33:51> [88D9AB0C] real pay time: -1
<13:33:51> [82321C2B][Warning] [net 17:33:51.882] [time] remote time estimation restarted; estimate accumulator age was 14319.584961
<13:33:54> [9FC303B8][Error] [CVARS]: [DUPLICATE] CXConsole::RegisterFloat(): variable [ui_double_click_interval] is already registered
<13:33:54> [000004EE][Warning] [Lua Error] no localized ui text for 18 always_refund
<13:33:54> [09F46B9D]     cl_fov = 90 []
<13:33:54> [09F46B9D]     camera_max_dist = 180 []
<13:33:54> [09F46B9D]     name_tag_hp_width_on_bgmode = 80 []
<13:33:54> [09F46B9D]     name_tag_hp_height_on_bgmode = 30 []
<13:33:54> [A13C772D][Warning] Cannot load texture ui/font_color.g, Image file format is invalid [File=ui/font_color.g]
<13:33:54> [06E6A3E9][Warning] Cannot load texture ui/login_stage/queue.dds, file missing [File=ui/login_stage/queue.dds]
<13:33:54> [000004EE][Warning] RenderMesh not assigned game/objects/box_nodraw.cgf
<13:33:58> [DA579B6C][Error] can't load client driven connect info.. Kompy
<13:34:03> [9FC303B8][Error] [CVARS]: [DUPLICATE] CXConsole::RegisterFloat(): variable [ui_double_click_interval] is already registered
<13:34:03> [000004EE][Warning] [Lua Error] no localized ui text for 18 always_refund
<13:34:03> [0DE3FA89][Error] CryAnimation: character-definition creation failed: game/objects/characters/returned/female/nude/re_f.cdf
<13:34:04> [6FF68EA5] SetInstantTime: type 0 time 0
<13:34:04> [6FF68EA5] SetInstantTime: type 1 time 0
<13:34:04> [6FF68EA5] SetInstantTime: type 2 time 0
<13:34:04> [6FF68EA5] SetInstantTime: type 3 time 0
<13:34:04> [6FF68EA5] SetInstantTime: type 4 time 0
<13:34:04> [6FF68EA5] SetInstantTime: type 5 time 0
<13:34:04> [6FF68EA5] SetInstantTime: type 6 time 0
<13:34:04> [6FF68EA5] SetInstantTime: type 7 time 0
<13:34:04> [82321C2B][Warning] [net 17:34:04.084] [time] remote time estimation restarted; estimate accumulator age was 3.356047
<13:34:04> [0E61BD35] ExpeditionMember 20 added
<13:34:04> [0E61BD35] ExpeditionMember 20 added
<13:34:04> [0E61BD35] ExpeditionMember 6 added
<13:34:04> [1EBA13B3][Warning] count not matched; total=74; size=46
<13:34:04> [966861E8][Warning] GetAllPolicies empty
<13:34:04> [67B7DD8A][Warning] my ExpeditionMemberDesc not exist
<13:34:04> [7AB931CE] seamless unloading cell object(W0, 0), (L0, 0)
<13:34:04> [4B1E8B22] unload cell object count : 1511
<13:34:04> [B866A294] seamless unloading cell terrain(W0, 0), (L0, 0)
<13:34:04> [963385F6] Level System - Loading Start
<13:34:04> [E0E0EDAE][Warning] failed to load zone time of day from game/worlds/main_world/zone/225//time_of_day.xml
<13:34:04> [AB17243B][Warning] failed to load zone environment from game/worlds/main_world/zone/309//env.xml
<13:34:04> [35D4413E][Warning] failed to load zone clouds from game/worlds/main_world/zone/309//clouds.xml
<13:34:04> [806B6F8D] precaching world entities ..
<13:34:04> [7E39E0DE] precaching world entities .. done!  total (1778) objects
<13:34:04> [D2B280D6] Vegetation Manager : Loading World(main_world)
<13:34:05> [075AB92F] Vegetation Manager : Loading World - Done (total 3055 vegetations)
<13:34:05> [000004EE][Error] CTerrain::LoadWorldSurfaces: Error loading material: materials/Terrain/gweonidforest/w_forest_road_a1
<13:34:05> [59CBED13][Warning] Cannot load texture textures/aa_terrain/canyon/tr_canyon_rock3d_405a_ddn.dds, file missing [File=textures/aa_terrain/canyon/tr_canyon_rock3d_405a_ddn.dds]
<13:34:05> [751FFB9E][Warning] Error: CShaderMan::mfCreateShaderResources: Couldn't find detail texture
'game/textures/aa_terrain/canyon/tr_canyon_rock_616a_ddn.tga' in path '' [File=game/textures/aa_terrain/canyon/tr_canyon_rock_616a_ddn.tga]
<13:34:05> [B9410AA1] total 600 terrain world surfaces loaded
<13:34:05> [280A47E3] Precached total 4 materials
<13:34:05> [7B1A973B] seamless loading cell terrain(W21, 5), (L4, 4)
<13:34:05> [7B1A973B] seamless loading cell terrain(W22, 5), (L5, 4)
<13:34:05> [7B1A973B] seamless loading cell terrain(W21, 4), (L4, 3)
<13:34:05> [7B1A973B] seamless loading cell terrain(W22, 4), (L5, 3)
<13:34:05> [7B1A973B] seamless loading cell terrain(W21, 6), (L4, 5)
<13:34:05> [7B1A973B] seamless loading cell terrain(W22, 6), (L5, 5)
<13:34:05> [7B1A973B] seamless loading cell terrain(W20, 5), (L3, 4)
<13:34:05> [7B1A973B] seamless loading cell terrain(W23, 5), (L6, 4)
<13:34:05> [7B1A973B] seamless loading cell terrain(W20, 4), (L3, 3)
<13:34:05> [7B1A973B] seamless loading cell terrain(W23, 4), (L6, 3)
<13:34:05> [7B1A973B] seamless loading cell terrain(W20, 6), (L3, 5)
<13:34:05> [7B1A973B] seamless loading cell terrain(W21, 3), (L4, 2)
<13:34:05> [7B1A973B] seamless loading cell terrain(W22, 3), (L5, 2)
<13:34:05> [7B1A973B] seamless loading cell terrain(W23, 6), (L6, 5)
<13:34:05> [7B1A973B] seamless loading cell terrain(W21, 7), (L4, 6)
<13:34:05> [7B1A973B] seamless loading cell terrain(W22, 7), (L5, 6)
<13:34:05> [7B1A973B] seamless loading cell terrain(W20, 3), (L3, 2)
<13:34:05> [7B1A973B] seamless loading cell terrain(W19, 5), (L2, 4)
<13:34:05> [7B1A973B] seamless loading cell terrain(W23, 3), (L6, 2)
<13:34:05> [7B1A973B] seamless loading cell terrain(W19, 4), (L2, 3)
<13:34:05> [7B1A973B] seamless loading cell terrain(W20, 7), (L3, 6)
<13:34:05> [7B1A973B] seamless loading cell terrain(W24, 5), (L7, 4)
<13:34:05> [7B1A973B] seamless loading cell terrain(W19, 6), (L2, 5)
<13:34:05> [7B1A973B] seamless loading cell terrain(W23, 7), (L6, 6)
<13:34:05> [7B1A973B] seamless loading cell terrain(W24, 4), (L7, 3)
<13:34:05> [7B1A973B] seamless loading cell terrain(W21, 2), (L4, 1)
<13:34:05> [7B1A973B] seamless loading cell terrain(W24, 6), (L7, 5)
<13:34:05> [7B1A973B] seamless loading cell terrain(W22, 2), (L5, 1)
<13:34:05> [7B1A973B] seamless loading cell terrain(W19, 3), (L2, 2)
<13:34:05> [7B1A973B] seamless loading cell terrain(W20, 2), (L3, 1)
<13:34:05> [7B1A973B] seamless loading cell terrain(W24, 3), (L7, 2)
<13:34:05> [7B1A973B] seamless loading cell terrain(W21, 8), (L4, 7)
<13:34:05> [7B1A973B] seamless loading cell terrain(W22, 8), (L5, 7)
<13:34:05> [7B1A973B] seamless loading cell terrain(W19, 7), (L2, 6)
<13:34:05> [7B1A973B] seamless loading cell terrain(W23, 2), (L6, 1)
<13:34:05> [7B1A973B] seamless loading cell terrain(W24, 7), (L7, 6)
<13:34:05> [7B1A973B] seamless loading cell terrain(W18, 5), (L1, 4)
<13:34:05> [7B1A973B] seamless loading cell terrain(W20, 8), (L3, 7)
<13:34:05> [7B1A973B] seamless loading cell terrain(W18, 4), (L1, 3)
<13:34:05> [7B1A973B] seamless loading cell terrain(W23, 8), (L6, 7)
<13:34:05> [7B1A973B] seamless loading cell terrain(W18, 6), (L1, 5)
<13:34:05> [7B1A973B] seamless loading cell terrain(W19, 2), (L2, 1)
<13:34:05> [7B1A973B] seamless loading cell terrain(W24, 2), (L7, 1)
<13:34:05> [7B1A973B] seamless loading cell terrain(W21, 1), (L4, 0)
<13:34:05> [7B1A973B] seamless loading cell terrain(W18, 3), (L1, 2)
<13:34:05> [7B1A973B] seamless loading cell terrain(W22, 1), (L5, 0)
<13:34:05> [7B1A973B] seamless loading cell terrain(W19, 8), (L2, 7)
<13:34:05> [3EF08C47] seamless loading cell object(W21, 5), (L4, 4)
<13:34:06> Loading Particle Library: X2_EFFECTS_P
<13:34:06> [000004EE][Warning] Particle effect not found: 'X2_EFFECTS.e_effect.smoke_slow', from ParticleEffect ParticleEffect_2760
<13:34:06> [3EF08C47] seamless loading cell object(W22, 5), (L5, 4)
<13:34:06> [3EF08C47] seamless loading cell object(W21, 4), (L4, 3)
<13:34:06> [3EF08C47] seamless loading cell object(W22, 4), (L5, 3)
<13:34:06> [3EF08C47] seamless loading cell object(W21, 6), (L4, 5)
<13:34:06> [000004EE][Warning] [CGF Error] game/objects/env/02_harihara/001_hcom/hcom_cart_b.cgf [:] LOD1 of geometry hcom_cart_b contains too many polygons comparing to the LOD0 [770 against 1114] :
<13:34:06> [A5DDEC33][Warning] Warning: CShaderMan::mfForName: NULL name
<13:34:07> [3EF08C47] seamless loading cell object(W22, 6), (L5, 5)
<13:34:07> [3EF08C47] seamless loading cell object(W20, 5), (L3, 4)
<13:34:07> [000004EE][Warning] [CGF Error] game/objects/env/01_nuia/001_housing/housing_people/hs_people_roof_a.cgf [:] Duplicate LOD helper $lod2 hs_people_roof_a
<13:34:07> [000004EE][Warning] [CGF Error] game/objects/env/01_nuia/001_housing/housing_guild/nuia_h_guild_door_b_back.cga [:] non-uniform scale(1.00, 1.39, 1.00) at node(nuia_h_guild_door_b01_back)
<13:34:07> Loading Particle Library: x2_sounds
<13:34:07> [3EF08C47] seamless loading cell object(W23, 5), (L6, 4)
<13:34:07> [3EF08C47] seamless loading cell object(W20, 4), (L3, 3)
<13:34:07> [3EF08C47] seamless loading cell object(W23, 4), (L6, 3)
<13:34:07> [3EF08C47] seamless loading cell object(W20, 6), (L3, 5)
<13:34:07> [3EF08C47] seamless loading cell object(W21, 3), (L4, 2)
<13:34:07> [3EF08C47] seamless loading cell object(W22, 3), (L5, 2)
<13:34:07> [3EF08C47] seamless loading cell object(W23, 6), (L6, 5)
<13:34:07> [3EF08C47] seamless loading cell object(W21, 7), (L4, 6)
<13:34:08> [000004EE][Warning] [CGF Error] game/objects/env/02_harihara/03_ti/ti_factorymain_a.cga [:] Invalid BBox : has Invalid BBox node(Object32)
<13:34:08> [3EF08C47] seamless loading cell object(W22, 7), (L5, 6)
<13:34:08> [745BAE2F][Warning] failed to stream material xml(game/rock_06.mtl)
<13:34:08> [3EF08C47] seamless loading cell object(W20, 3), (L3, 2)
<13:34:08> [3EF08C47] seamless loading cell object(W19, 5), (L2, 4)
<13:34:08> [000004EE][Warning] [CGF Error] game/objects/env/02_harihara/04_su/su_incinerator_tower_b.cgf [:] LOD1 of geometry  contains too many polygons comparing to the LOD0 [742 against 1060] :
<13:34:08> [3EF08C47] seamless loading cell object(W23, 3), (L6, 2)
<13:34:08> [3EF08C47] seamless loading cell object(W19, 4), (L2, 3)
<13:34:08> [3EF08C47] seamless loading cell object(W20, 7), (L3, 6)
<13:34:08> [12409CCC] Load Zone Finished
<13:34:08> [000004EE][Warning] I3DEngine::RegisterEntity: entity reports invalid position: Name: LightEntityName (), Class: LightEntityClass, Pos=(657.3,7976.0,585.4), aabb center=(142.0,1019.8,-2.3)
<13:34:08> [82321C2B][Warning] [net 17:34:08.773] [time] remote time estimation restarted; estimate accumulator age was 4.625922
<13:34:08> [2363981C][Warning] chr material is not precached : game/objects/characters/animals/cow/cow_white.mtl (chr: game/objects/characters/animals/cow/cow_white.chr)
<13:34:08> [CE2F4035][Warning] chr physical geom is not precached. (game/objects/characters/animals/cow/cow_white.chr)
<13:34:08> [676D2B24][Warning] non-cached LMG xml. (animations/animals/cow/lmg_files/normal_walk.lmg)
<13:34:09> [C53E6FFE][Warning] non cached CDF material(objects/Characters/animals/elk_baby/elk_baby_white.mtl, game/objects/characters/animals/elk_baby/elk_baby_white.cdf)
<13:34:09> [5CE4EF2C][Warning] failed to load particle lib from (Libs/Particles/game/abillity_skill_table_m.xml)
<13:34:09> [000004EE][Warning] Particle effect not found: 'game/abillity_skill_table_m.wild.shock_form2', from unknown 
<13:34:09> [2BFDEC33][Error] realstep 8, not match unit req
<13:34:09> [A39C1725] Level System - Loading Complete
<13:34:09> [9BE3F673] total 0 CGF files are precached
<13:34:09> [27293DED] -----------------------------------------------------
<13:34:09> [120C18F5] * LOADING: 'e_sunny_wilderness_4' loading time: 5.60 seconds
<13:34:09> [27293DED] -----------------------------------------------------
<13:34:09> [62232BEA][Warning] deferred xml stream error - game/animations/animals/chick/lmg_files/normal_run.lmg : f0000003
<13:34:10> [BD8C448A][Warning] Cannot load texture game/objects/characters/warborn/male/nude/wa_m_nude_ddn.dds, file missing [File=game/objects/characters/warborn/male/nude/wa_m_nude_ddn.dds]
<13:34:10> [637AF710][Warning] missing chr material : game/objects/characters/warborn/male/parts/pt/obj/wa_m_pt_leather220.mtl (chr: game/objects/characters/warborn/male/parts/pt/obj/wa_m_1pt201_2ca001.chr)
<13:34:10> [CA175C82][Warning] non-stream IO. system(Material), filePath(game/objects/characters/warborn/male/horns/wa_m_horns012/wa_m_horns012_hc03.mtl)
<13:34:12> [09F46B9D]     cl_fov = 90 []
<13:34:12> [09F46B9D]     camera_max_dist = 180 []
<13:34:12> [09F46B9D]     name_tag_hp_width_on_bgmode = 80 []
<13:34:12> [09F46B9D]     name_tag_hp_height_on_bgmode = 30 []
<13:34:12> [000004EE][Warning] [Lua Error] Failed to load script file scriptsbin/x2ui/assignment/form.alb
<13:34:12> [A13C772D][Warning] Cannot load texture ui/font_color.g, Image file format is invalid [File=ui/font_color.g]
<13:34:12> [B5A61D8F] Chat Channel(0) Color is not found.
<13:34:12> [000004EE][Warning] [Lua Error] ...ts/x2ui/loginstage/character_create/locale/en_us.lua:524: attempt to index a nil value
<13:34:12> [58F3F7FF][Warning] <null>:0: [Lua Error] Failed to execute file @game/scriptsbin/x2ui/loginstage/character_create/locale/en_us.alb
<13:34:13> [000004EE][Warning] [Lua] invalid style type...  / brown
<13:34:13> [82321C2B][Warning] [net 17:34:13.392] [time] remote time estimation restarted; estimate accumulator age was 1.174508
<13:34:20> [CE0EF930][Warning] failed to stream cgf : default
<13:34:20> [745BAE2F][Warning] failed to stream material xml(game/objects/characters/monster/polarbear_baby/Material #0.mtl)
<13:34:20> [62232BEA][Warning] deferred xml stream error - game/animations/monster/polarbear_baby/lmg_files/normal_run.lmg : f0000003
<13:34:25> [000004EE][Warning] [CGF Error] game/objects/env/01_nuia/001_ndeco/making/ndeco_powerfulmaking.cga [:] LOD1 of geometry parts01 contains too many polygons comparing to the LOD0 [1592 against 1130] :
<13:34:25> [CE0EF930][Warning] failed to stream cgf : default
<13:34:32> [745BAE2F][Warning] failed to stream material xml(game/objects/characters/nuian/female/parts/ar/obj/Material #66.mtl)
<13:34:32> [637AF710][Warning] missing chr material : game/objects/characters/nuian/female/parts/ar/obj/nu_f_ar_cloth495.mtl (chr: game/objects/characters/nuian/female/parts/ar/obj/nu_f_1ar906_1arm012_1sh010_n.chr)
<13:34:34> [CA175C82][Warning] non-stream IO. system(Material), filePath(game/objects/characters/warborn/male/horns/wa_m_horns008/wa_m_horns008_hc03.mtl)
<13:34:36> [CE0EF930][Warning] failed to stream cgf : default
<13:34:38> [000004EE][Warning] [CGF Error] game/objects/env/02_harihara/001_hdeco/quest/hdeco_qust_cocoon01.cgf [:] non-uniform scale(0.87, 0.87, 1.00) at node(hdeco_qust_cocoon01_proxy)
<13:34:38> [745BAE2F][Warning] failed to stream material xml(game/objects/characters/hariharan/male/parts/gv/obj/ha_m_gv_leather226.mtl)
<13:34:38> [637AF710][Warning] missing chr material : game/objects/characters/hariharan/male/parts/gv/obj/ha_m_gv_leather226.mtl (chr: game/objects/characters/hariharan/male/parts/gv/obj/ha_m_2gv201.chr)
<13:34:39> [7B1A973B] seamless loading cell terrain(W24, 8), (L7, 7)
<13:34:42> [E9F2E683][Warning] Cannot load texture textures/terrain/bump_detail/detail_bump_wood_007_ddn.dds, file missing [File=textures/terrain/bump_detail/detail_bump_wood_007_ddn.dds]
<13:34:42> [4655D2D5][Warning] Error: CShaderMan::mfCreateShaderResources: Couldn't find detail texture
'textures/terrain/bump_detail/detail_bump_wood_007_ddn.dds' in path '' [File=textures/terrain/bump_detail/detail_bump_wood_007_ddn.dds]
<13:34:50> [A4D70365][Warning] rigid-body own-entity; prefab=prefabs/interaction_d.xml/tool.lever_right node=AnimObject_1
<13:34:50> [745BAE2F][Warning] failed to stream material xml(game/objects/characters/animals/osprey/Material #0.mtl)
<13:34:50> [CE0EF930][Warning] failed to stream cgf : default
<13:34:50> [7F01D4DF][Warning] Cannot load texture game/textures/p_effects/spider_net_04_ddn.dds, file missing [File=game/textures/p_effects/spider_net_04_ddn.dds]
<13:35:28> [CA175C82][Warning] non-stream IO. system(Material), filePath(game/objects/characters/warborn/male/horns/wa_m_horns008/wa_m_horns008_hc03.mtl)
<13:35:45> [CA175C82][Warning] non-stream IO. system(Material), filePath(game/objects/characters/warborn/male/horns/wa_m_horns008/wa_m_horns008_hc03.mtl)
<13:36:01> [CA175C82][Warning] non-stream IO. system(Material), filePath(game/objects/characters/warborn/male/horns/wa_m_horns013/wa_m_horns013_hc02.mtl)
<13:36:01> [BD8C448A][Warning] Cannot load texture game/objects/characters/warborn/male/nude/wa_m_nude_ddn.dds, file missing [File=game/objects/characters/warborn/male/nude/wa_m_nude_ddn.dds]
<13:37:05> [09F46B9D]     cl_fov = 90 []
<13:37:05> [09F46B9D]     camera_max_dist = 180 []
<13:37:05> [09F46B9D]     name_tag_hp_width_on_bgmode = 80 []
<13:37:05> [09F46B9D]     name_tag_hp_height_on_bgmode = 30 []
<13:37:05> [7CC1A260] Save Game Option
<13:37:26> [09F46B9D]     cl_fov = 90 []
<13:37:26> [09F46B9D]     camera_max_dist = 180 []
<13:37:26> [09F46B9D]     name_tag_hp_width_on_bgmode = 80 []
<13:37:26> [09F46B9D]     name_tag_hp_height_on_bgmode = 30 []
<13:37:26> [7CC1A260] Save Game Option
<13:38:11> [745BAE2F][Warning] failed to stream material xml(game/objects/characters/nuian/female/parts/bo/obj/nu_f_bo_cloth142.mtl)
<13:38:11> [637AF710][Warning] missing chr material : game/objects/characters/nuian/female/parts/ar/obj/nu_f_ar_cloth495.mtl (chr: game/objects/characters/nuian/female/parts/ar/obj/nu_f_1ar906_1arm012_1sh010_n.chr)
<13:38:39> [BB790A81] origin change campos : 5120.00, 4400.752930
<13:38:39> [00000020]  
<13:38:39> [00000020]  
<13:38:39> [A581FA6D] -----------------------------------------------------------------------------
<13:38:39> [1DAA5677] SeamlessSystem::ChangeOrigin() : Here we go. Old(17,1) -> New(18,1)
<13:38:39> [A581FA6D] -----------------------------------------------------------------------------
<13:38:39> [00000020]  
<13:38:39> [00000020]  
<13:38:39> [7B1A973B] seamless loading cell terrain(W25, 5), (L7, 4)
<13:38:39> [3EF08C47] seamless loading cell object(W24, 5), (L6, 4)
<13:38:39> [7B1A973B] seamless loading cell terrain(W25, 4), (L7, 3)
<13:38:39> [7B1A973B] seamless loading cell terrain(W25, 6), (L7, 5)
<13:38:39> [7B1A973B] seamless loading cell terrain(W25, 3), (L7, 2)
<13:38:44> [C53E6FFE][Warning] non cached CDF material(objects/Characters/animals/pangolin/pangolin_grey/pangolin_grey.mtl, game/objects/characters/animals/pangolin/pangolin_grey/pangolin_grey.cdf)
<13:38:44> [CA175C82][Warning] non-stream IO. system(Material), filePath(game/objects/characters/animals/pangolin/pangolin_grey/pangolin_grey.mtl)
<13:38:44> [2363981C][Warning] chr material is not precached : game/objects/characters/animals/pangolin/pangolin_red/Pangolin_red.mtl (chr: game/objects/characters/animals/pangolin/pangolin_red/pangolin_red.chr)
<13:38:44> [CE2F4035][Warning] chr physical geom is not precached. (game/objects/characters/animals/pangolin/pangolin_red/pangolin_red.chr)
<13:38:44> [676D2B24][Warning] non-cached LMG xml. (animations/animals/pangolin/lmg_files/fist_mo_normal_walk.lmg)
<13:38:44> [A13C772D][Warning] Cannot load texture ui/font_color.g, Image file format is invalid [File=ui/font_color.g]
<13:38:46> [BD8C448A][Warning] Cannot load texture game/objects/characters/warborn/male/nude/wa_m_nude_ddn.dds, file missing [File=game/objects/characters/warborn/male/nude/wa_m_nude_ddn.dds]
<13:38:59> [B95EE41B][Error] invalid parent unit id(93189)
<13:39:09> [CA175C82][Warning] non-stream IO. system(Material), filePath(game/objects/characters/warborn/male/horns/wa_m_horns008/wa_m_horns008_hc03.mtl)
<13:39:15> [745BAE2F][Warning] failed to stream material xml(game/objects/characters/hariharan/male/parts/ar/obj/ha_m_ar_leather221.mtl)
<13:39:15> [637AF710][Warning] missing chr material : game/objects/characters/hariharan/male/parts/bo/obj/ha_m_bo_cloth232.mtl (chr: game/objects/characters/hariharan/male/parts/bo/obj/ha_m_1bf004_1bo901.chr)
<13:39:22> [3EF08C47] seamless loading cell object(W23, 7), (L5, 6)
<13:39:23> [CE0EF930][Warning] failed to stream cgf : default
<13:39:25> [000004EE][Warning] [CGF Error] game/objects/env/01_nuia/001_ndeco/collect/ndeco_collect_geyser01.cgf [:] non-uniform scale(1.48, 1.48, 1.00) at node(proxy)
<13:39:29> [FCD07016][Warning] Cannot load texture objects/characters/ferre/male/hair/fe_m_hair02/fe_m_hair02_df.dds, file missing [File=objects/characters/ferre/male/hair/fe_m_hair02/fe_m_hair02_df.dds]
<13:39:29> [CE0EF930][Warning] failed to stream cgf : game/objects/env/05_nature/08_cry_source/rocks/road_rocks/road_rocks_flat_grey_a.cgf
<13:39:53> [7B1A973B] seamless loading cell terrain(W18, 7), (L0, 6)
<13:40:30> [BD8C448A][Warning] Cannot load texture game/objects/characters/warborn/male/nude/wa_m_nude_ddn.dds, file missing [File=game/objects/characters/warborn/male/nude/wa_m_nude_ddn.dds]
<13:40:31> [745BAE2F][Warning] failed to stream material xml(game/objects/characters/warborn/male/parts/pt/obj/wa_m_pt_leather220.mtl)
<13:40:31> [637AF710][Warning] missing chr material : game/objects/characters/warborn/male/parts/pt/obj/wa_m_pt_leather220.mtl (chr: game/objects/characters/warborn/male/parts/pt/obj/wa_m_1pt201_2ca001.chr)
<13:41:36> [B866A294] seamless unloading cell terrain(W22, 18), (L4, 0)
<13:41:37> [B866A294] seamless unloading cell terrain(W25, 20), (L7, 2)
<13:41:38> [3EF08C47] seamless loading cell object(W19, 6), (L1, 5)
<13:41:38> [745BAE2F][Warning] failed to stream material xml(game/objects/env/02_harihara/04_su/Standardmaterial.mtl)
<13:41:38> [A4D70365][Warning] rigid-body own-entity; prefab=Prefabs/interaction.xml/toy.crane node=AnimObject_1
<13:41:38> [CE0EF930][Warning] failed to stream cgf : default
<13:41:38> [A5DDEC33][Warning] Warning: CShaderMan::mfForName: NULL name
<13:41:39> [B866A294] seamless unloading cell terrain(W21, 18), (L3, 0)
<13:41:49> [7AB931CE] seamless unloading cell object(W23, 20), (L5, 2)
<13:41:52> [B866A294] seamless unloading cell terrain(W24, 19), (L6, 1)
<13:42:03> [7AB931CE] seamless unloading cell object(W24, 22), (L6, 4)
<13:42:16> [000004EE][Warning] Particle effect not found: 'game/x2_effects.sword_trail_test1', from unknown 
<13:42:16> [745BAE2F][Warning] failed to stream material xml(game/objects/characters/warborn/male/parts/bo/obj/wa_m_bo_metal205.mtl)
<13:42:16> [637AF710][Warning] missing chr material : game/objects/characters/warborn/male/parts/bo/obj/wa_m_bo_metal205.mtl (chr: game/objects/characters/warborn/male/parts/bo/obj/wa_m_4bo101.chr)
<13:42:40> [CA175C82][Warning] non-stream IO. system(Material), filePath(game/objects/characters/warborn/female/horns/wa_f_horns010/wa_f_horns010_hc01.mtl)
<13:42:40> [BD8C448A][Warning] Cannot load texture game/objects/characters/warborn/male/nude/wa_m_nude_ddn.dds, file missing [File=game/objects/characters/warborn/male/nude/wa_m_nude_ddn.dds]
<13:42:40> [745BAE2F][Warning] failed to stream material xml(game/objects/characters/warborn/male/parts/bo/obj/wa_m_bo_leather201.mtl)
<13:42:40> [637AF710][Warning] missing chr material : game/objects/characters/warborn/male/parts/bo/obj/wa_m_bo_leather201.mtl (chr: game/objects/characters/warborn/male/parts/bo/obj/wa_m_1bo101.chr)
<13:42:45> [BD8C448A][Warning] Cannot load texture game/objects/characters/warborn/male/nude/wa_m_nude_ddn.dds, file missing [File=game/objects/characters/warborn/male/nude/wa_m_nude_ddn.dds]
<13:42:47> [745BAE2F][Warning] failed to stream material xml(game/objects/characters/warborn/female/parts/pt/obj/wa_f_pt_cloth148.mtl)
<13:42:47> [637AF710][Warning] missing chr material : game/objects/characters/warborn/female/parts/pt/obj/wa_f_pt_cloth148.mtl (chr: game/objects/characters/warborn/female/parts/pt/obj/wa_f_1pt004.chr)
<13:42:48> [CA175C82][Warning] non-stream IO. system(Material), filePath(game/objects/characters/warborn/female/horns/wa_f_horns011/wa_f_horns011_hc03.mtl)
<13:42:53> [745BAE2F][Warning] failed to stream material xml(game/objects/characters/warborn/male/parts/bo/obj/wa_m_bo_leather499.mtl)
<13:42:53> [637AF710][Warning] missing chr material : game/objects/characters/warborn/male/parts/bo/obj/wa_m_bo_leather499.mtl (chr: game/objects/characters/warborn/male/parts/bo/obj/wa_m_1bo201.chr)
<13:42:53> [7AB931CE] seamless unloading cell object(W23, 24), (L5, 6)
<13:42:54> [CA175C82][Warning] non-stream IO. system(Material), filePath(game/objects/characters/warborn/male/horns/wa_m_horns001/wa_m_horns001_hc02.mtl)
<13:42:55> [B866A294] seamless unloading cell terrain(W24, 25), (L6, 7)
<13:42:57> [BD8C448A][Warning] Cannot load texture game/objects/characters/warborn/male/nude/wa_m_nude_ddn.dds, file missing [File=game/objects/characters/warborn/male/nude/wa_m_nude_ddn.dds]
<13:42:59> [745BAE2F][Warning] failed to stream material xml(game/objects/characters/warborn/female/parts/pt/obj/wa_f_pt_metal214.mtl)
<13:42:59> [637AF710][Warning] missing chr material : game/objects/characters/warborn/female/parts/pt/obj/wa_f_pt_metal214.mtl (chr: game/objects/characters/warborn/female/parts/pt/obj/wa_f_1pt201.chr)
<13:43:01> [CA175C82][Warning] non-stream IO. system(Material), filePath(game/objects/characters/warborn/male/horns/wa_m_horns003/wa_m_horns003_hc03.mtl)
<13:43:03> [BD8C448A][Warning] Cannot load texture game/objects/characters/warborn/male/nude/wa_m_nude_ddn.dds, file missing [File=game/objects/characters/warborn/male/nude/wa_m_nude_ddn.dds]
<13:43:05> [7B1A973B] seamless loading cell terrain(W21, 1), (L3, 0)
<13:43:05> [745BAE2F][Warning] failed to stream material xml(game/objects/characters/warborn/male/parts/pt/obj/wa_m_pt_leather212.mtl)
<13:43:05> [637AF710][Warning] missing chr material : game/objects/characters/warborn/male/parts/pt/obj/wa_m_pt_leather212.mtl (chr: game/objects/characters/warborn/male/parts/pt/obj/wa_m_1pt401.chr)
<13:43:09> [CE0EF930][Warning] failed to stream cgf : default
<13:43:10> [BD8C448A][Warning] Cannot load texture game/objects/characters/warborn/male/nude/wa_m_nude_ddn.dds, file missing [File=game/objects/characters/warborn/male/nude/wa_m_nude_ddn.dds]
<13:43:18> [B95EE41B][Error] invalid parent unit id(93189)
<13:43:26> [BB897B6D][Warning] Cannot load texture 0, file missing [File=0]
<13:43:40> [000004EE][Warning] [Lua Error] 1_3_0/scripts/x2ui/characterinfo/character_info.lua:520: attempt to call method 'AnimForEquipped' (a nil value)
<13:43:45> [BD8C448A][Warning] Cannot load texture game/objects/characters/warborn/male/nude/wa_m_nude_ddn.dds, file missing [File=game/objects/characters/warborn/male/nude/wa_m_nude_ddn.dds]
<13:46:20> [CA175C82][Warning] non-stream IO. system(Material), filePath(game/objects/characters/warborn/female/horns/wa_f_horns004/wa_f_horns004_hc03.mtl)
<13:46:21> [745BAE2F][Warning] failed to stream material xml(game/objects/characters/warborn/male/parts/ar/obj/wa_m_ar_cloth239.mtl)
<13:46:21> [637AF710][Warning] missing chr material : game/objects/characters/warborn/male/parts/ar/obj/wa_m_ar_cloth239.mtl (chr: game/objects/characters/warborn/male/parts/ar/obj/wa_m_1ar105.chr)
<13:49:02> [CE0EF930][Warning] failed to stream cgf : default
<13:49:05> [BD8C448A][Warning] Cannot load texture game/objects/characters/warborn/male/nude/wa_m_nude_ddn.dds, file missing [File=game/objects/characters/warborn/male/nude/wa_m_nude_ddn.dds]
<13:49:06> [CA175C82][Warning] non-stream IO. system(Material), filePath(game/objects/characters/warborn/male/horns/wa_m_horns003/wa_m_horns003_hc03.mtl)
<13:49:10> [B866A294] seamless unloading cell terrain(W25, 23), (L7, 5)
<13:49:10> [BD8C448A][Warning] Cannot load texture game/objects/characters/warborn/male/nude/wa_m_nude_ddn.dds, file missing [File=game/objects/characters/warborn/male/nude/wa_m_nude_ddn.dds]
<13:49:11> [745BAE2F][Warning] failed to stream material xml(game/objects/characters/warborn/female/parts/pt/obj/wa_f_pt_cloth230.mtl)
<13:49:11> [637AF710][Warning] missing chr material : game/objects/characters/warborn/female/parts/pt/obj/wa_f_pt_cloth230.mtl (chr: game/objects/characters/warborn/female/parts/pt/obj/wa_f_1pt603.chr)
<13:49:14> [B866A294] seamless unloading cell terrain(W25, 21), (L7, 3)
<13:49:19> [BD8C448A][Warning] Cannot load texture game/objects/characters/warborn/male/nude/wa_m_nude_ddn.dds, file missing [File=game/objects/characters/warborn/male/nude/wa_m_nude_ddn.dds]
<13:49:19> [745BAE2F][Warning] failed to stream material xml(game/objects/characters/nuian/male/parts/ar/obj/nu_m_ar_cloth486.mtl)
<13:49:19> [637AF710][Warning] missing chr material : game/objects/characters/nuian/male/parts/ar/obj/nu_m_ar_cloth486.mtl (chr: game/objects/characters/nuian/male/parts/ar/obj/nu_m_2ac002_2sh019_5ar101.chr)
<13:49:33> [BD8C448A][Warning] Cannot load texture game/objects/characters/warborn/male/nude/wa_m_nude_ddn.dds, file missing [File=game/objects/characters/warborn/male/nude/wa_m_nude_ddn.dds]
<13:49:33> [745BAE2F][Warning] failed to stream material xml(game/objects/characters/warborn/male/parts/bo/obj/wa_m_bo_metal178.mtl)
<13:49:33> [637AF710][Warning] missing chr material : game/objects/characters/warborn/male/parts/bo/obj/wa_m_bo_metal178.mtl (chr: game/objects/characters/warborn/male/parts/bo/obj/wa_m_1bf001_1bo201.chr)
<13:49:34> [CA175C82][Warning] non-stream IO. system(Material), filePath(game/objects/characters/warborn/female/horns/wa_f_horns011/wa_f_horns011_hc03.mtl)
<13:50:15> [BD8C448A][Warning] Cannot load texture game/objects/characters/warborn/male/nude/wa_m_nude_ddn.dds, file missing [File=game/objects/characters/warborn/male/nude/wa_m_nude_ddn.dds]
<13:50:24> [BD8C448A][Warning] Cannot load texture game/objects/characters/warborn/male/nude/wa_m_nude_ddn.dds, file missing [File=game/objects/characters/warborn/male/nude/wa_m_nude_ddn.dds]
<13:50:35> [745BAE2F][Warning] failed to stream material xml(game/objects/characters/warborn/female/parts/ar/obj/wa_f_ar_cloth269.mtl)
<13:50:35> [637AF710][Warning] missing chr material : game/objects/characters/warborn/female/parts/pt/obj/wa_f_pt_cloth148.mtl (chr: game/objects/characters/warborn/female/parts/pt/obj/wa_f_1pt004.chr)
<13:50:36> [BD8C448A][Warning] Cannot load texture game/objects/characters/warborn/male/nude/wa_m_nude_ddn.dds, file missing [File=game/objects/characters/warborn/male/nude/wa_m_nude_ddn.dds]
<13:50:36> [CA175C82][Warning] non-stream IO. system(Material), filePath(game/objects/characters/warborn/female/horns/wa_f_horns011/wa_f_horns011_hc03.mtl)
<13:50:46> [BD8C448A][Warning] Cannot load texture game/objects/characters/warborn/male/nude/wa_m_nude_ddn.dds, file missing [File=game/objects/characters/warborn/male/nude/wa_m_nude_ddn.dds]
<13:50:52> [BD8C448A][Warning] Cannot load texture game/objects/characters/warborn/male/nude/wa_m_nude_ddn.dds, file missing [File=game/objects/characters/warborn/male/nude/wa_m_nude_ddn.dds]
<13:51:38> [BD8C448A][Warning] Cannot load texture game/objects/characters/warborn/male/nude/wa_m_nude_ddn.dds, file missing [File=game/objects/characters/warborn/male/nude/wa_m_nude_ddn.dds]
<13:51:51> [BD8C448A][Warning] Cannot load texture game/objects/characters/warborn/male/nude/wa_m_nude_ddn.dds, file missing [File=game/objects/characters/warborn/male/nude/wa_m_nude_ddn.dds]
<13:51:51> [CA175C82][Warning] non-stream IO. system(Material), filePath(game/objects/characters/warborn/female/horns/wa_f_horns011/wa_f_horns011_hc03.mtl)
<13:51:57> [BD8C448A][Warning] Cannot load texture game/objects/characters/warborn/male/nude/wa_m_nude_ddn.dds, file missing [File=game/objects/characters/warborn/male/nude/wa_m_nude_ddn.dds]
<13:52:09> [CA175C82][Warning] non-stream IO. system(Material), filePath(game/objects/characters/warborn/female/horns/wa_f_horns011/wa_f_horns011_hc03.mtl)
<13:52:12> [745BAE2F][Warning] failed to stream material xml(game/objects/characters/warborn/female/parts/bo/obj/wa_f_bo_cloth030.mtl)
<13:52:12> [637AF710][Warning] missing chr material : game/objects/characters/warborn/female/parts/bo/obj/wa_f_bo_cloth030.mtl (chr: game/objects/characters/warborn/female/parts/bo/obj/wa_f_1bo701.chr)
<13:52:14> [BD8C448A][Warning] Cannot load texture game/objects/characters/warborn/male/nude/wa_m_nude_ddn.dds, file missing [File=game/objects/characters/warborn/male/nude/wa_m_nude_ddn.dds]
<13:52:18> [745BAE2F][Warning] failed to stream material xml(game/objects/characters/warborn/female/parts/ar/obj/wa_f_ar_cloth182.mtl)
<13:52:18> [637AF710][Warning] missing chr material : game/objects/characters/warborn/female/parts/ar/obj/wa_f_ar_cloth182.mtl (chr: game/objects/characters/warborn/female/parts/ar/obj/wa_f_1ac015_1ar911_1arm028_1bt020.chr)
<13:52:24> [CA175C82][Warning] non-stream IO. system(Material), filePath(game/objects/characters/warborn/male/horns/wa_m_horns001/wa_m_horns001_hc02.mtl)
<13:52:26> [745BAE2F][Warning] failed to stream material xml(game/objects/characters/warborn/male/parts/ar/obj/wa_m_ar_cloth230.mtl)
<13:52:26> [637AF710][Warning] missing chr material : game/objects/characters/warborn/male/parts/ar/obj/wa_m_ar_cloth230.mtl (chr: game/objects/characters/warborn/male/parts/ar/obj/wa_m_1ar901_1arm010_1bt003_1pv001_1sh010.chr)
<13:52:29> [BD8C448A][Warning] Cannot load texture game/objects/characters/warborn/male/nude/wa_m_nude_ddn.dds, file missing [File=game/objects/characters/warborn/male/nude/wa_m_nude_ddn.dds]
<13:52:36> [BD8C448A][Warning] Cannot load texture game/objects/characters/warborn/male/nude/wa_m_nude_ddn.dds, file missing [File=game/objects/characters/warborn/male/nude/wa_m_nude_ddn.dds]
<13:52:49> [A4D70365][Warning] rigid-body own-entity; prefab=Prefabs/airship.xml/airship.normal node=wing
<13:53:19> [7B1A973B] seamless loading cell terrain(W22, 1), (L4, 0)
<13:53:25> [7B1A973B] seamless loading cell terrain(W20, 1), (L2, 0)
<13:53:35> [84229360][Warning] Cannot load texture game/objects/characters/monster/daru/daru_pilot/daru_pilot_ddn.dd, file missing [File=game/objects/characters/monster/daru/daru_pilot/daru_pilot_ddn.dd]
<13:53:41> [745BAE2F][Warning] failed to stream material xml(game/objects/characters/warborn/male/parts/gv/obj/wa_m_gv_metal217.mtl)
<13:53:41> [637AF710][Warning] missing chr material : game/objects/characters/warborn/male/parts/gv/obj/wa_m_gv_metal217.mtl (chr: game/objects/characters/warborn/male/parts/gv/obj/wa_m_4gv102.chr)
<13:53:45> [BD8C448A][Warning] Cannot load texture game/objects/characters/warborn/male/nude/wa_m_nude_ddn.dds, file missing [File=game/objects/characters/warborn/male/nude/wa_m_nude_ddn.dds]
<13:53:47> [CA175C82][Warning] non-stream IO. system(Material), filePath(game/objects/characters/warborn/female/horns/wa_f_horns004/wa_f_horns004_hc03.mtl)
<13:54:10> [7B1A973B] seamless loading cell terrain(W18, 2), (L0, 1)
<13:54:12> [3EF08C47] seamless loading cell object(W19, 3), (L1, 2)
<13:55:00> [B866A294] seamless unloading cell terrain(W25, 22), (L7, 4)
<13:55:06> [B95EE41B][Error] invalid parent unit id(93189)
<13:55:30> [7B1A973B] seamless loading cell terrain(W19, 1), (L1, 0)
<13:55:33> [7AB931CE] seamless unloading cell object(W22, 24), (L4, 6)
<13:55:36> [62232BEA][Warning] deferred xml stream error - game/animations/monster/polarbear/lmg_files/normal_run.lmg : f0000003
<13:55:36> [A7901A9A][Warning] Cannot load texture game/objects/env/02_harihara/01_ma/ma_tant02_ddn.dds, file missing [File=game/objects/env/02_harihara/01_ma/ma_tant02_ddn.dds]
<13:55:36> [EFC67A6D][Warning] Error: CShaderMan::mfCreateShaderResources: Couldn't find detail texture
'game/objects/env/01_nuia/001_housing/housing_house/nuia_housing_tree07_ddn.dds' in path '' [File=game/objects/env/01_nuia/001_housing/housing_house/nuia_housing_tree07_ddn.dds]
<13:55:36> [745BAE2F][Warning] failed to stream material xml(game/objects/env/01_nuia/001_housing/housing_house/housing_hari_2t.mtl)
<13:55:37> [7AB931CE] seamless unloading cell object(W23, 23), (L5, 5)
<13:55:38> [000004EE][Warning] [CGF Error] game/objects/env/01_nuia/001_housing/housing_furniture/hs_f_safe_d.cgf [:] LOD1 of geometry hs_f_safe_d contains too many polygons comparing to the LOD0 [1606 against 2318] :
<13:55:38> [3EF08C47] seamless loading cell object(W21, 2), (L3, 1)
<13:55:38> [B866A294] seamless unloading cell terrain(W23, 25), (L5, 7)
<13:55:39> [A4D70365][Warning] rigid-body own-entity; prefab=prefabs/interaction_c.xml/furniture.baby_cat_e node=AnimObject_144
<13:55:40> [CA175C82][Warning] non-stream IO. system(CGF), filePath(Objects/Env/01_nuia/001_housing/housing_house/housing_tree_spider.cgf)
<13:55:42> [B866A294] seamless unloading cell terrain(W24, 24), (L6, 6)
<13:55:42> [94DB4391][Warning] Cannot load texture game/objects/characters/animals/cat_baby_cat/cat_baby_stripes_pet_df.dds, file missing [File=game/objects/characters/animals/cat_baby_cat/cat_baby_stripes_pet_df.dds]
<13:55:42> [D42935C5][Warning] Error: CShaderMan::mfCreateShaderResources: Couldn't find subsurface texture 'game/objects/characters/animals/cat_baby_cat/cat_baby_stripes_pet_df.dds' in path '' [File=game/objects/characters/animals/cat_baby_cat/cat_baby_stripes_pet_df.dds]
<13:55:43> [745BAE2F][Warning] failed to stream material xml(game/$picking.mtl)
<13:55:43> [637AF710][Warning] missing chr material : game/objects/characters/nuian/male/parts/hm/obj/nu_m_hm_cloth001.mtl (chr: game/objects/characters/nuian/male/parts/hm/obj/nu_m_4hm138.chr)
<13:55:43> [000004EE][Warning] [CGF Error] game/objects/env/01_nuia/001_housing/housing_house/housing_addon_roof_a.cgf [:] LOD1 of geometry  contains too many polygons comparing to the LOD0 [2104 against 3035] :
<13:55:43> [000004EE][Warning] I3DEngine::RegisterEntity: entity reports invalid position: Name: LightEntityName (), Class: LightEntityClass, Pos=(-2866.3,2856.2,3381.4), aabb center=(3223.2,4101.8,161.6)
<13:55:46> [3EF08C47] seamless loading cell object(W20, 2), (L2, 1)
<13:55:47> [2363981C][Warning] chr material is not precached : game/objects/characters/warborn/female/horns/wa_f_horns002/wa_f_horns002.mtl (chr: game/objects/characters/warborn/female/horns/wa_f_horns002/wa_f_horns002.chr)
<13:55:47> [CA175C82][Warning] non-stream IO. system(Material), filePath(game/objects/characters/warborn/female/horns/wa_f_horns002/wa_f_horns002.mtl)
<13:55:47> [5F89E60D][Warning] non cached CDF(game/objects/characters/warborn/female/parts/all/leather/leather095/wa_f_hm_leather095.cdf)
<13:55:48> Loading Particle Library: ljs_particle_fx
<13:55:48> [745BAE2F][Warning] failed to stream material xml(game/$picking.mtl)
<13:55:49> [000004EE][Warning] I3DEngine::RegisterEntity: entity reports invalid position: Name: LightEntityName (), Class: LightEntityClass, Pos=(-2883.1,2819.7,3374.5), aabb center=(3212.7,4051.7,161.5)
<13:56:03> [F9141B61][Warning] Not a normal map texture tried to be used as a normal map: Game\ui\icon\aac/icon_item_onyxice.dds [File=Game\ui\icon\aac/icon_item_onyxice.dds]
<13:56:13> [000004EE][Warning] I3DEngine::RegisterEntity: entity reports invalid position: Name: LightEntityName (), Class: LightEntityClass, Pos=(-2909.8,2857.4,3347.9), aabb center=(3212.9,4031.9,164.6)
<13:57:43> [2363981C][Warning] chr material is not precached : game/objects/characters/warborn/female/horns/wa_f_horns002/wa_f_horns002.mtl (chr: game/objects/characters/warborn/female/horns/wa_f_horns002/wa_f_horns002.chr)
<13:57:43> [CA175C82][Warning] non-stream IO. system(Material), filePath(game/objects/characters/warborn/female/horns/wa_f_horns002/wa_f_horns002.mtl)
<13:57:53> [584C4FFD] [net 17:57:53.998] -- Client will disconnect; cause=18 desc=graceful exit
<13:57:53> [05D024BA] System:Quit
