[801989E0] BackupNameAttachment=" Build(0) Date(13 September 2025) Time(14 28 03)"  -- used by backup system
[00000020]  
[38F38F32] Log Started at #c
[0232BD25] Running 32 bit version
[7AB6F5FE] Executable: C:\Games\AAClassic\bin32\archeage.exe
[E5C771AC] FileVersion: 3.5.0.0
[F799D55F] ProductVersion: 3.5.3.0
[1F1D6B13] Using Microsoft (tm) C++ Standard Library implementation
[00000020]  
[C7D96C80] Revision: 350000
[00000020]  
[64533E3E] this is the first client
<14:28:09> [B9197FD5][Error] ConsoleVariableGroup[option_effect] key[e_particles_lod_onoff] has no default
<14:28:09> [76666E6D] 
--- CPU detection ---
<14:28:09> [F4D992D8] CPU: AMD AMD Ryzen 7 7800X3D 8-Core Processor           
<14:28:09> [3F649B02] Family: 15, Model: 1, Stepping: 2
<14:28:09> [83D12E0B] FPU: On-Chip
<14:28:09> [50919DA0] CPU Speed (estimated): 4192.069965 MHz
<14:28:09> [C73FD83A] MMX: not present
<14:28:09> [89D1077A] SSE: present
<14:28:09> [64E2B6F1] 3DNow!: present
<14:28:09> [27B7AC6E] Serial number not present or disabled
<14:28:09> [1D2D8E5B] Number of logical processors: 16
<14:28:09> [FA658084] Number of available logical processors: 16
<14:28:09> [A1F061C2] Invariant Time Stamp Counter : yes
<14:28:09> [FA0251ED] ---------------------

<14:28:09> [03E7D838] Device Info
<14:28:09> [9F603516] Device Info - 1
<14:28:09> [9F603517] Device Info - 2
<14:28:09> [9F603518] Device Info - 3
<14:28:09> [9F603519] Device Info - 4
<14:28:09> [9F60351A] Device Info - 5
<14:28:09> [9F60351B] Device Info - 6
<14:28:09> [9F60351C] Device Info - 7
<14:28:09> [E98ECC28] Video Memory Info
<14:28:09> [D5FBE664] Video Memory - 1
<14:28:09> [D5FBE665] Video Memory - 2
<14:28:09> [D5FBE666] Video Memory - 3
<14:28:09> [D5FBE667] Video Memory - 4
<14:28:09> [D5FBE668] Video Memory - 5
<14:28:09> [D5FBE669] Video Memory - 6
<14:28:09> [D5FBE66A] Video Memory - 7
<14:28:09> [D5FBE66B] Video Memory - 8
<14:28:09> [3A4D54A2][Warning] config/gpu/amd.txt line 55 contains a multiple defined GPU rating!
<14:28:09> [D20872C0] InitThreadAffinities
<14:28:09> [2F28A434] UpdateMainThreadAffinity
<14:28:09> [16962512] Windows 8 64 bit (build 6.2.9200)
<14:28:09> [38DFF081] System language: English
<14:28:09> [861A0178] Windows Directory: "C:\windows"
<14:28:09> [341B54F1] Prerequisites...
<14:28:09> [5D1B3C9C] * Installation of KB940105 hotfix required: no! (either not needed or already installed)
<14:28:09> [88F82A67] Local time is 14:28:09 09/13/25, system running for 1 minutes
<14:28:09> [C1E4D769] 63426MB physical memory installed, 50255MB available, 4095MB virtual memory installed, 20 percent of memory in use
<14:28:09> [31259232] PageFile usage: 
<14:28:09> [453F0D1B] Current display mode is 2560x1440x32
<14:28:09> [8A64FCCC] IBM enhanced (101/102-key) keyboard and 3+ button mouse installed
<14:28:09> [CE30556B] ----- GPU Detection -----------------
<14:28:09> [03E7D838] Device Info
<14:28:09> [9F603516] Device Info - 1
<14:28:09> [9F603517] Device Info - 2
<14:28:09> [9F603518] Device Info - 3
<14:28:09> [9F603519] Device Info - 4
<14:28:09> [9F60351A] Device Info - 5
<14:28:09> [9F60351B] Device Info - 6
<14:28:09> [9F60351C] Device Info - 7
<14:28:09> [E98ECC28] Video Memory Info
<14:28:09> [D5FBE664] Video Memory - 1
<14:28:09> [D5FBE665] Video Memory - 2
<14:28:09> [D5FBE666] Video Memory - 3
<14:28:09> [D5FBE667] Video Memory - 4
<14:28:09> [D5FBE668] Video Memory - 5
<14:28:09> [D5FBE669] Video Memory - 6
<14:28:09> [D5FBE66A] Video Memory - 7
<14:28:09> [D5FBE66B] Video Memory - 8
<14:28:09> [99EA404A]  AMD Radeon RX 7800 XT (RADV NAVI32) (vendor = 0x1002, device = 0x747e, subSys = 0x00000000)
<14:28:09> [77718B6A] -- Video memory: 4081 MB
<14:28:09> [30DF1863] -- Minimum SM 2.0 support: yes
<14:28:09> [13E11956] -- DX11 supported: yes
<14:28:09> [50B60100] --------------------------------------------------------------------------------
<14:28:09> [5921EDBE] Stream Engine Initialization
<14:28:09> [BA0D559B] Splash: Initializing Stream Engine...
<14:28:09> [939F6EBB] Enable Resolutions : 0
<14:28:09> [A30A84B6] can't enum display resolution modes
<14:28:09> [B324CD25] Screen Resolution - 1024x768
<14:28:09> [3778EA0B] Screen Resolution - 2 (2560x1440)
<14:28:09> [A1B107F0] Screen Resolution - Test OK (2560x1440)
<14:28:09> [A9E4B0F2] Network initialization
<14:28:09> [BA0D559B] Splash: Initializing Network System...
<14:28:09> [14FAD233] Socket I/O by iocp
<14:28:09> [E36A4FB9] Physics initialization
<14:28:09> [BA0D559B] Splash: Initializing Physics...
<14:28:09> [2462D581] MovieSystem initialization
<14:28:09> [BA0D559B] Splash: Initializing Movie System...
<14:28:09> [93287AEC] Renderer initialization - Start
<14:28:09> [BA0D559B] Splash: Initializing Renderer...
<14:28:09> [91207680] Renderer initialization - Open
<14:28:09> [4377E7CB] Renderer initialization - DLL Load(CryRenderD3D10.dll)
<14:28:09> [71203A94] Renderer initialization - DLL Done
<14:28:09> [71227C22] Renderer initialization - DLL Init
<14:28:09> [C653D9CB] Renderer initialization - Instance
<14:28:10> [F4516946] D3D Adapter: Description: AMD Radeon RX 7800 XT (RADV NAVI32)
<14:28:10> [A39C3A75] D3D Adapter: Driver version (UMD): 32.00.65535.65535
<14:28:10> [BC8C1ACB] D3D Adapter: VendorId = 0x1002
<14:28:10> [B6A10CFD] D3D Adapter: DeviceId = 0x747E
<14:28:10> [0678E702] D3D Adapter: SubSysId = 0x00000000
<14:28:10> [F2243F02] D3D Adapter: Revision = 0
<14:28:10> [A18DEBFF] Attempting to open TXAA context...
<14:28:10> [763FCAEF] TXAA startup failed -- status (1)
<14:28:10> [E571CFEE] Shader manager initialization
<14:28:11> [05BAAEF6] CResFile allocations incurred by user cache preload: (19053.53k)
<14:28:11> [911B73B8] Renderer initialization - Done
<14:28:11> [8E444EA9] Console initialization
<14:28:11> [2904A233] Time initialization
<14:28:11> [3650CFD6] Input initialization
<14:28:11> [BA0D559B] Splash: Initializing Input System...
<14:28:11> Initializing Keyboard
<14:28:11> [99640BF1] Sound initialization
<14:28:11> [BA0D559B] Splash: Initializing Sound System...
<14:28:11> [2C33885C] Sound - Initializing AudioDevice now!
<14:28:11> [E46760A9] <Sound> Initialize FMOD with dynamic memory callbacks
<14:28:12> [D6755BFD] <Sound> Starting to initialize Windows Audio Session API output! 
<14:28:12> [F7E8E3CD] <Sound> Drivers found: 5
<14:28:12> [5076AD4B] <Sound> Available drivers:
	1.	PulseAudio Output (PulseAudio Output)
	2.	Blue Microphones Analog Stereo (Blue Microphones Analog Stereo)
	3.	Wireless Controller (Wireless Controller)
	4.	Navi 31 HDMI/DP Audio Digital Stereo (HDMI) (Navi 31 HDMI/DP Audio Digital Stereo (HDMI))
	5.	Family 17h/19h/1ah HD Audio Controller Analog Stereo (Family 17h/19h/1ah HD Audio Controller Analog Stereo)
<14:28:12> [A0BBF7E1] <Sound> FmodEx-AudioDevice: Now running on driver: PulseAudio Output (PulseAudio Output)
<14:28:12> [14D8EFE1] <Sound> Using speaker mode: FMOD_SPEAKERMODE_STEREO
<14:28:12> [E79C27E5] <Sound> Initializing FMOD-EX now!
<14:28:12> [E2A9FE08] <Sound> Available record drivers: 0 PulseAudio Input (PulseAudio Input) !
<14:28:12> [E2A9FE08] <Sound> Available record drivers: 1 Family 17h/19h/1ah HD Audio Controller Analog Stereo (Family 17h/19h/1ah HD Audio Controller Analog Stereo) !
<14:28:12> [E2A9FE08] <Sound> Available record drivers: 2 Wireless Controller (Wireless Controller) !
<14:28:12> [E2A9FE08] <Sound> Available record drivers: 3 Blue Microphones Analog Stereo (Blue Microphones Analog Stereo) !
<14:28:12> [E2A9FE08] <Sound> Available record drivers: 4 Monitor of Family 17h/19h/1ah HD Audio Controller (Monitor of Family 17h/19h/1ah HD Audio Controller) !
<14:28:12> [E2A9FE08] <Sound> Available record drivers: 5 Monitor of Blue Microphones Analog Stereo (Monitor of Blue Microphones Analog Stereo) !
<14:28:12> [E2A9FE08] <Sound> Available record drivers: 6 Wireless Controller (Wireless Controller) !
<14:28:12> [E2A9FE08] <Sound> Available record drivers: 7 Monitor of Navi 31 HDMI/DP Audio Digital Stereo (HDMI) (Monitor of Navi 31 HDMI/DP Audio Digital Stereo (HDMI)) !
<14:28:12> [6841BE38] <Sound> Record config is set to autodetect using record driver 0
<14:28:12> [7808B4C4] <Sound> Using FMOD version: 00044414 and internal 00044414!
<14:28:12> [2A2815C7] <Sound> Initialized FMOD-EX
<14:28:12> [BE4EF52E] Sound - Initializing SoundSystem now!
<14:28:12> [0D547471] Font initialization
<14:28:12> [BA0D559B] Splash: Initializing Fonts...
<14:28:12> [C194F7C8][Warning] Cannot load texture textures/defaults/replacemecm.tif, file missing [File=textures/defaults/replacemecm.dds]
<14:28:12> [84206398] AI initialization
<14:28:12> [1BC221DE] Initializing Animation System
<14:28:12> [BA0D559B] Splash: Initializing Animation System...
<14:28:12> [9E592EFE] Initializing 3D Engine
<14:28:12> [BA0D559B] Splash: Initializing 3D Engine...
<14:28:13> [637AF710][Warning] missing chr material : game/objects/characters/ferre/female/nude/Standard_22.mtl (chr: game/objects/characters/ferre/female/nude/fe_f_base.chr)
<14:28:13> [91F5AEEC][Warning] number of bones mismatch! game/objects/characters/ferre/female/nude/fe_f_base.chr=195 game/objects/characters/ferre/female/nude/fe_f_base_lod1.chr=185
<14:28:14> [7415A452] CHR PreCaching 25 Done
<14:28:14> [E7AD4E53] AddSharedMorphTargets - Failed to load objects/characters/dwarf/male/face/dw_m_face00.chr
<14:28:14> [61AD1790] MorphTargetPreCaching - objects/characters/dwarf/male/face/dw_m_face00.chr Add Failed
<14:28:14> [A4A6E4C6] MorphTarget PreCaching 11 Done
<14:28:14> [5ACB40E2] Init Face Makers
<14:28:14> [56B5985B] X2FaceMaker - game/objects/characters/nuian/male/face/nu_m_face01_mid.chr : mouth_UnderbiteOverbite target not exist
<14:28:14> [56B5985B] X2FaceMaker - game/objects/characters/nuian/male/face/nu_m_face01_mid.chr : mouth_UnderbiteOverbite target not exist
<14:28:14> [56B5985B] X2FaceMaker - game/objects/characters/nuian/male/face/nu_m_face01_mid.chr : mouth_UnderbiteOverbite target not exist
<14:28:14> [4ABB03EB] game/objects/characters/ferre/female/face/fe_f_face01_low.chr(303) - objects/characters/ferre/female/face/fe_f_face00.chr(3063) SharedMorph is not matched
<14:28:14> [56B5985B] X2FaceMaker - game/objects/characters/nuian/male/face/nu_m_face01_mid.chr : mouth_UnderbiteOverbite target not exist
<14:28:14> [56B5985B] X2FaceMaker - game/objects/characters/nuian/male/face/nu_m_face01_mid.chr : nose_dw_SeptumVol target not exist
<14:28:14> [56B5985B] X2FaceMaker - game/objects/characters/nuian/male/face/nu_m_face01_mid.chr : nose_dw_NasalZposition target not exist
<14:28:14> [56B5985B] X2FaceMaker - game/objects/characters/nuian/male/face/nu_m_face01_mid.chr : FS_dwEarSize target not exist
<14:28:14> [56B5985B] X2FaceMaker - game/objects/characters/nuian/male/face/nu_m_face01_mid.chr : dwarf_Morph target not exist
<14:28:14> [56B5985B] X2FaceMaker - game/objects/characters/nuian/male/face/nu_m_face01_mid.chr : FS_dw_CheekMeat_min target not exist
<14:28:14> [1191A6A8] X2FaceMaker - game/objects/characters/nuian/male/face/nu_m_face01_mid.chr : FS_dw_CheekMeat_max ex target not exist
<14:28:14> [56B5985B] X2FaceMaker - game/objects/characters/warborn/male/face/wa_m_face01_mid.chr : eye_Forehead target not exist
<14:28:14> [56B5985B] X2FaceMaker - game/objects/characters/warborn/male/face/wa_m_face01_mid.chr : eye_Tail_min target not exist
<14:28:14> [1191A6A8] X2FaceMaker - game/objects/characters/warborn/male/face/wa_m_face01_mid.chr : eye_Tail_max ex target not exist
<14:28:14> [56B5985B] X2FaceMaker - game/objects/characters/warborn/male/face/wa_m_face01_mid.chr : eye_WidthLength_min target not exist
<14:28:14> [1191A6A8] X2FaceMaker - game/objects/characters/warborn/male/face/wa_m_face01_mid.chr : eye_WidthLength_max ex target not exist
<14:28:14> [56B5985B] X2FaceMaker - game/objects/characters/warborn/male/face/wa_m_face01_mid.chr : eye_DoubleEyelidShape target not exist
<14:28:14> [56B5985B] X2FaceMaker - game/objects/characters/warborn/male/face/wa_m_face01_mid.chr : eye_BrowXposition target not exist
<14:28:14> [56B5985B] X2FaceMaker - game/objects/characters/warborn/male/face/wa_m_face01_mid.chr : eye_BrowZposition target not exist
<14:28:14> [56B5985B] X2FaceMaker - game/objects/characters/warborn/male/face/wa_m_face01_mid.chr : nose_Nostril target not exist
<14:28:14> [56B5985B] X2FaceMaker - game/objects/characters/warborn/male/face/wa_m_face01_mid.chr : nose_Size target not exist
<14:28:14> [56B5985B] X2FaceMaker - game/objects/characters/warborn/male/face/wa_m_face01_mid.chr : nose_SeptumZposition target not exist
<14:28:14> [56B5985B] X2FaceMaker - game/objects/characters/warborn/male/face/wa_m_face01_mid.chr : nose_End target not exist
<14:28:14> [56B5985B] X2FaceMaker - game/objects/characters/warborn/male/face/wa_m_face01_mid.chr : nose_Size target not exist
<14:28:14> [56B5985B] X2FaceMaker - game/objects/characters/warborn/male/face/wa_m_face01_mid.chr : mouth_UpperLipVolume target not exist
<14:28:14> [56B5985B] X2FaceMaker - game/objects/characters/warborn/male/face/wa_m_face01_mid.chr : mouth_LowerLipVolume target not exist
<14:28:14> [56B5985B] X2FaceMaker - game/objects/characters/warborn/male/face/wa_m_face01_mid.chr : mouth_UpperLipOpen target not exist
<14:28:14> [56B5985B] X2FaceMaker - game/objects/characters/warborn/male/face/wa_m_face01_mid.chr : mouth_LowerLipOpen target not exist
<14:28:14> [56B5985B] X2FaceMaker - game/objects/characters/warborn/male/face/wa_m_face01_mid.chr : mouth_MouthOpen target not exist
<14:28:14> [56B5985B] X2FaceMaker - game/objects/characters/warborn/male/face/wa_m_face01_mid.chr : mouth_Size target not exist
<14:28:14> [56B5985B] X2FaceMaker - game/objects/characters/warborn/male/face/wa_m_face01_mid.chr : mouth_Shape_min target not exist
<14:28:14> [1191A6A8] X2FaceMaker - game/objects/characters/warborn/male/face/wa_m_face01_mid.chr : mouth_Shape_max ex target not exist
<14:28:14> [56B5985B] X2FaceMaker - game/objects/characters/warborn/male/face/wa_m_face01_mid.chr : mouth_TeethZposition target not exist
<14:28:14> [56B5985B] X2FaceMaker - game/objects/characters/warborn/male/face/wa_m_face01_mid.chr : FS_JawHigh_min target not exist
<14:28:14> [1191A6A8] X2FaceMaker - game/objects/characters/warborn/male/face/wa_m_face01_mid.chr : FS_JawHigh_max ex target not exist
<14:28:14> [56B5985B] X2FaceMaker - game/objects/characters/warborn/male/face/wa_m_face01_mid.chr : FS_EarRotate_min target not exist
<14:28:14> [1191A6A8] X2FaceMaker - game/objects/characters/warborn/male/face/wa_m_face01_mid.chr : FS_EarRotate_max ex target not exist
<14:28:14> [56B5985B] X2FaceMaker - game/objects/characters/warborn/male/face/wa_m_face01_mid.chr : FS_Beard1 target not exist
<14:28:14> [56B5985B] X2FaceMaker - game/objects/characters/warborn/male/face/wa_m_face01_mid.chr : FS_Beard2 target not exist
<14:28:14> [56B5985B] X2FaceMaker - game/objects/characters/warborn/male/face/wa_m_face01_mid.chr : FS_Beard3 target not exist
<14:28:14> [56B5985B] X2FaceMaker - game/objects/characters/warborn/female/face/wa_f_face01_mid.chr : eye_Yposition_min target not exist
<14:28:14> [1191A6A8] X2FaceMaker - game/objects/characters/warborn/female/face/wa_f_face01_mid.chr : eye_Yposition_max ex target not exist
<14:28:14> [56B5985B] X2FaceMaker - game/objects/characters/warborn/female/face/wa_f_face01_mid.chr : FS_AllLowerY target not exist
<14:28:14> [56B5985B] X2FaceMaker - game/objects/characters/warborn/female/face/wa_f_face01_mid.chr : FS_AllRotate target not exist
<14:28:14> [56B5985B] X2FaceMaker - game/objects/characters/warborn/female/face/wa_f_face01_mid.chr : FS_AllY target not exist
<14:28:14> [56B5985B] X2FaceMaker - game/objects/characters/warborn/female/face/wa_f_face01_mid.chr : mouth_Open_min target not exist
<14:28:14> [1191A6A8] X2FaceMaker - game/objects/characters/warborn/female/face/wa_f_face01_mid.chr : mouth_Open_max ex target not exist
<14:28:14> [E320B5CE] Init Face Makers - Done!
<14:28:14> [581CA53C] Script System Initialization
<14:28:14> [BA0D559B] Splash: Initializing Script System...
<14:28:14> [000004EE][Warning] [Lua Error] 1_3_0/scripts/common.lua:276: attempt to index global 'Script' (a nil value)
<14:28:14> [58F3F7FF][Warning] <null>:0: [Lua Error] Failed to execute file @game/scriptsbin/common.alb
<14:28:14> [D8B2BA54] Entity system initialization
<14:28:14> [BA0D559B] Splash: Initializing Entity System...
<14:28:14> [D55F91B2][Warning] [CEntityClassRegistry] LoadClassDescription failed, Entity Class name Chick already registered
<14:28:14> [BA0D559B] Splash: Initializing AI System...
<14:28:14> [DA019954] Initializing AI System
<14:28:14> [2546BCC5] Initializing Budgeting System
<14:28:14> [C0E19025] Initializing Seamless System
<14:28:14> [BA0D559B] Splash: Loading Game Data...
<14:28:16> [90B8EC50][Warning] too many ranges: aoe_shapes descs 10156(10156) threshold 100 ranges 12
<14:28:16> [BA4AD6CE] Loading portal list
<14:28:16> [92597454] Portal added, enter: 3891, exit: 6629
<14:28:16> [92597454] Portal added, enter: 21448, exit: 21449
<14:28:16> [92597454] Portal added, enter: 21450, exit: 21451
<14:28:16> [92597454] Portal added, enter: 21452, exit: 21453
<14:28:16> [92597454] Portal added, enter: 21698, exit: 21699
<14:28:16> [92597454] Portal added, enter: 22023, exit: 22024
<14:28:16> [92597454] Portal added, enter: 22042, exit: 22066
<14:28:16> [92597454] Portal added, enter: 22136, exit: 22137
<14:28:16> [92597454] Portal added, enter: 22163, exit: 22164
<14:28:16> [92597454] Portal added, enter: 22184, exit: 22185
<14:28:16> [92597454] Portal added, enter: 22336, exit: 22337
<14:28:16> [92597454] Portal added, enter: 9000063, exit: 9000064
<14:28:16> [1C664009] End loading portal list
<14:28:16> [937812F7] loaded DDCMS (1396969 descs, 719156 links (17 page 16.95MB size) string) from game\db\compact.sqlite3 in 1023 ms
<14:28:16> [BA0D559B] Splash: Initializing Game System...
<14:28:16> [000004EE][Warning] [Lua Error] no localized ui text for 18 always_refund
<14:28:17> [0ADE3294][Warning] [MFX] Effect 'collisions:grenade' already present. Overriding.
<14:28:17> [311630D1][Warning] MFX WARNING: Material not found: mat_ice_breakable
<14:28:17>  
<14:28:17>    sys_spec = Custom (assuming 4)
<14:28:17>      option_anti_aliasing = 2 expected:3
<14:28:17>  
<14:28:17> [BA0D559B] Splash: Preparing Screen...
<14:28:17> [3778EA0B] Screen Resolution - 2 (2560x1440)
<14:28:17> [A1B107F0] Screen Resolution - Test OK (2560x1440)
<14:28:17> [963385F6] Level System - Loading Start
<14:28:17> [806B6F8D] precaching world entities ..
<14:28:17> [7E39E0DE] precaching world entities .. done!  total (0) objects
<14:28:17> [D2B280D6] Vegetation Manager : Loading World(login2)
<14:28:17> [075AB92F] Vegetation Manager : Loading World - Done (total 36 vegetations)
<14:28:17> [B9410AA1] total 20 terrain world surfaces loaded
<14:28:17> Loading Particle Library: collisions
<14:28:17> Loading Particle Library: water
<14:28:17> Loading Particle Library: misc
<14:28:18> Loading Particle Library: ability_skill_table
<14:28:18> Loading Particle Library: ability_skill_table_k
<14:28:18> Loading Particle Library: abillity_skill_table_m
<14:28:18> Loading Particle Library: machinima
<14:28:18> Loading Particle Library: x2_effects
<14:28:18> Loading Particle Library: x2_effects_k
<14:28:18> [280A47E3] Precached total 2 materials
<14:28:18> [7B1A973B] seamless loading cell terrain(W0, 1), (L0, 0)
<14:28:18> [3EF08C47] seamless loading cell object(W0, 1), (L0, 0)
<14:28:19> [584C4FFD] [net 18:28:09.815]  dns ip:192.168.1.202
<14:28:19> [584C4FFD] [net 18:28:09.816]  dns ip:172.17.0.1
<14:28:19> [584C4FFD] [net 18:28:09.816]  dns ip:172.19.0.1
<14:28:19> [584C4FFD] [net 18:28:09.816]  dns ip:172.18.0.1
<14:28:19> [0DE3FA89][Error] CryAnimation: character-definition creation failed: game/objects/characters/elf/female/nude/el_f_kyprosa.cdf
<14:28:19> [13A58BA0][Error] CryAnimation: character-definition not found: game/objects/characters/elf/female/nude/el_f_kyprosa.cdf
<14:28:19> [4DD44108] Start DaruCommon Extension
<14:28:19> [1B425DA5] Duplicated post effect param! pszName = FilterMaskedBlurring_Amount
<14:28:19> [1B425DA5] Duplicated post effect param! pszName = FilterMaskedBlurring_MaskTexName
<14:28:19> [1B425DA5] Duplicated post effect param! pszName = FilterChromaShift_User_Amount
<14:28:19> [1B425DA5] Duplicated post effect param! pszName = FilterGrain_Amount
<14:28:19> [8F6BAA6C][Warning] Couldn't find console variable 'e_water_ocean_fft'
<14:28:19> [D2121932] Change resolution: 2560x1440x32 (Windowed)
<14:28:19> [583D6F38] Final resolution: 2560x1440x32 (Windowed)
<14:28:19> Loading Particle Library: wind
<14:28:19> Loading Particle Library: X2_EFFECT_O
<14:28:19> [000004EE][Warning] Particle effect not found: '                                                                ', from ParticleEffect fx_land_green
<14:28:19> [12409CCC] Load Zone Finished
<14:28:19> [A39C1725] Level System - Loading Complete
<14:28:19> [27293DED] -----------------------------------------------------
<14:28:19> [120C18F5] * LOADING: 'loginbg4' loading time: 1.52 seconds
<14:28:19> [27293DED] -----------------------------------------------------
<14:28:19> [000004EE][Warning] [Lua Error] no client player exists
<14:28:19> [A13C772D][Warning] Cannot load texture ui/font_color.g, Image file format is invalid [File=ui/font_color.g]
<14:28:19> [000FABC5][Warning] CAreaGrid::BeginAreas() called before being initialized.
<14:28:19> [000004EE][Warning] I3DEngine::RegisterEntity: entity reports invalid position: Name: LightEntityName (), Class: LightEntityClass, Pos=(515.8,6996.2,587.4), aabb center=(0.0,40.0,0.0)
<14:28:19> [9FC303B8][Error] [CVARS]: [DUPLICATE] CXConsole::RegisterFloat(): variable [ui_double_click_interval] is already registered
<14:28:19> [09F46B9D]     cl_fov = 90 []
<14:28:19> [09F46B9D]     camera_max_dist = 180 []
<14:28:19> [73861D69] Unknown command: name_tag_hp_width_on_bgmode 80
<14:28:19> [73861D69] Unknown command: name_tag_hp_height_on_bgmode 30
<14:28:19> [247165BA][Warning] Cannot load texture ui/login_stage/background/game_information.dds, file missing [File=ui/login_stage/background/game_information.dds]
<14:28:23> [1D01FDCA] Auth: client connected to server
<14:28:23> [584C4FFD] [net 18:28:23.618]  socket ip:192.168.1.202
<14:28:23> [4C920A71] mac address : 74-56-3c-fe-52-f3
<14:28:25> [A13C772D][Warning] Cannot load texture ui/font_color.g, Image file format is invalid [File=ui/font_color.g]
<14:28:29> [7CC1A260] Save Game Option
<14:28:34> [05D024BA] System:Quit
