[801989E0] BackupNameAttachment=" Build(0) Date(15 September 2025) Time(13 52 30)"  -- used by backup system
[00000020]  
[38F38F32] Log Started at #c
[0232BD25] Running 32 bit version
[7AB6F5FE] Executable: C:\Games\AAClassic\bin32\archeage.exe
[E5C771AC] FileVersion: 3.5.0.0
[F799D55F] ProductVersion: 3.5.3.0
[1F1D6B13] Using Microsoft (tm) C++ Standard Library implementation
[00000020]  
[C7D96C80] Revision: 350000
[00000020]  
[64533E3E] this is the first client
<13:52:37> [B9197FD5][Error] ConsoleVariableGroup[option_effect] key[e_particles_lod_onoff] has no default
<13:52:37> [76666E6D] 
--- CPU detection ---
<13:52:37> [F4D992D8] CPU: AMD AMD Ryzen 7 7800X3D 8-Core Processor           
<13:52:37> [3F649B02] Family: 15, Model: 1, Stepping: 2
<13:52:37> [83D12E0B] FPU: On-Chip
<13:52:37> [50919DA0] CPU Speed (estimated): 4191.984859 MHz
<13:52:37> [C73FD83A] MMX: not present
<13:52:37> [89D1077A] SSE: present
<13:52:37> [64E2B6F1] 3DNow!: present
<13:52:37> [27B7AC6E] Serial number not present or disabled
<13:52:37> [1D2D8E5B] Number of logical processors: 16
<13:52:37> [FA658084] Number of available logical processors: 16
<13:52:37> [A1F061C2] Invariant Time Stamp Counter : yes
<13:52:37> [FA0251ED] ---------------------

<13:52:37> [03E7D838] Device Info
<13:52:37> [9F603516] Device Info - 1
<13:52:37> [9F603517] Device Info - 2
<13:52:37> [9F603518] Device Info - 3
<13:52:37> [9F603519] Device Info - 4
<13:52:37> [9F60351A] Device Info - 5
<13:52:37> [9F60351B] Device Info - 6
<13:52:37> [9F60351C] Device Info - 7
<13:52:37> [E98ECC28] Video Memory Info
<13:52:37> [D5FBE664] Video Memory - 1
<13:52:37> [D5FBE665] Video Memory - 2
<13:52:38> [D5FBE666] Video Memory - 3
<13:52:38> [D5FBE667] Video Memory - 4
<13:52:38> [D5FBE668] Video Memory - 5
<13:52:38> [D5FBE669] Video Memory - 6
<13:52:38> [D5FBE66A] Video Memory - 7
<13:52:38> [D5FBE66B] Video Memory - 8
<13:52:38> [3A4D54A2][Warning] config/gpu/amd.txt line 55 contains a multiple defined GPU rating!
<13:52:38> [D20872C0] InitThreadAffinities
<13:52:38> [2F28A434] UpdateMainThreadAffinity
<13:52:38> [16962512] Windows 8 64 bit (build 6.2.9200)
<13:52:38> [38DFF081] System language: English
<13:52:38> [861A0178] Windows Directory: "C:\windows"
<13:52:38> [341B54F1] Prerequisites...
<13:52:38> [5D1B3C9C] * Installation of KB940105 hotfix required: no! (either not needed or already installed)
<13:52:38> [13B87512] Local time is 13:52:38 09/15/25, system running for 1830 minutes
<13:52:38> [62BE20EC] 63426MB physical memory installed, 10117MB available, 4095MB virtual memory installed, 84 percent of memory in use
<13:52:38> [31259232] PageFile usage: 
<13:52:38> [453F0D1B] Current display mode is 2560x1440x32
<13:52:38> [8A64FCCC] IBM enhanced (101/102-key) keyboard and 3+ button mouse installed
<13:52:38> [CE30556B] ----- GPU Detection -----------------
<13:52:38> [03E7D838] Device Info
<13:52:38> [9F603516] Device Info - 1
<13:52:38> [9F603517] Device Info - 2
<13:52:38> [9F603518] Device Info - 3
<13:52:38> [9F603519] Device Info - 4
<13:52:38> [9F60351A] Device Info - 5
<13:52:38> [9F60351B] Device Info - 6
<13:52:38> [9F60351C] Device Info - 7
<13:52:38> [E98ECC28] Video Memory Info
<13:52:38> [D5FBE664] Video Memory - 1
<13:52:38> [D5FBE665] Video Memory - 2
<13:52:38> [D5FBE666] Video Memory - 3
<13:52:38> [D5FBE667] Video Memory - 4
<13:52:38> [D5FBE668] Video Memory - 5
<13:52:38> [D5FBE669] Video Memory - 6
<13:52:38> [D5FBE66A] Video Memory - 7
<13:52:38> [D5FBE66B] Video Memory - 8
<13:52:38> [99EA404A]  AMD Radeon RX 7800 XT (RADV NAVI32) (vendor = 0x1002, device = 0x747e, subSys = 0x00000000)
<13:52:38> [77718B6A] -- Video memory: 4081 MB
<13:52:38> [30DF1863] -- Minimum SM 2.0 support: yes
<13:52:38> [13E11956] -- DX11 supported: yes
<13:52:38> [50B60100] --------------------------------------------------------------------------------
<13:52:38> [5921EDBE] Stream Engine Initialization
<13:52:38> [BA0D559B] Splash: Initializing Stream Engine...
<13:52:38> [939F6EBB] Enable Resolutions : 0
<13:52:38> [A30A84B6] can't enum display resolution modes
<13:52:38> [B324CD25] Screen Resolution - 1024x768
<13:52:38> [3778EA0B] Screen Resolution - 0 (2560x1440)
<13:52:38> [A1B107F0] Screen Resolution - Test OK (2560x1440)
<13:52:38> [A9E4B0F2] Network initialization
<13:52:38> [BA0D559B] Splash: Initializing Network System...
<13:52:39> [14FAD233] Socket I/O by iocp
<13:52:39> [E36A4FB9] Physics initialization
<13:52:39> [BA0D559B] Splash: Initializing Physics...
<13:52:39> [2462D581] MovieSystem initialization
<13:52:39> [BA0D559B] Splash: Initializing Movie System...
<13:52:39> [93287AEC] Renderer initialization - Start
<13:52:39> [BA0D559B] Splash: Initializing Renderer...
<13:52:39> [91207680] Renderer initialization - Open
<13:52:39> [4377E7CB] Renderer initialization - DLL Load(CryRenderD3D9.dll)
<13:52:39> [71203A94] Renderer initialization - DLL Done
<13:52:39> [71227C22] Renderer initialization - DLL Init
<13:52:39> [C653D9CB] Renderer initialization - Instance
<13:52:39> [44D9754D] D3D Adapter: Driver name: aticfx32.dll
<13:52:39> [82BE8322] D3D Adapter: Driver description: AMD Radeon RX 7800 XT (RADV NAVI32)
<13:52:39> [2224501A] D3D Adapter: Driver version: 32767.65535.65535.65535
<13:52:39> [E8D1E30D] D3D Adapter: Driver GUID: 00000000-0003-0000-0000000000000000
<13:52:39> [BC8C1ACB] D3D Adapter: VendorId = 0x1002
<13:52:39> [B6A10CFD] D3D Adapter: DeviceId = 0x747E
<13:52:39> [0678E702] D3D Adapter: SubSysId = 0x00000000
<13:52:39> [F2243F0E] D3D Adapter: Revision = 0
<13:52:39> [E571CFEE] Shader manager initialization
<13:52:41> [05BAAEF6] CResFile allocations incurred by user cache preload: (20177.37k)
<13:52:41> [911B73B8] Renderer initialization - Done
<13:52:41> [8E444EA9] Console initialization
<13:52:41> [2904A233] Time initialization
<13:52:41> [3650CFD6] Input initialization
<13:52:41> [BA0D559B] Splash: Initializing Input System...
<13:52:41> Initializing Keyboard
<13:52:41> [99640BF1] Sound initialization
<13:52:41> [BA0D559B] Splash: Initializing Sound System...
<13:52:41> [2C33885C] Sound - Initializing AudioDevice now!
<13:52:41> [E46760A9] <Sound> Initialize FMOD with dynamic memory callbacks
<13:52:43> [D6755BFD] <Sound> Starting to initialize Windows Audio Session API output! 
<13:52:43> [F7E8E3CD] <Sound> Drivers found: 5
<13:52:43> [5076AD4B] <Sound> Available drivers:
	1.	PulseAudio Output (PulseAudio Output)
	2.	Blue Microphones Analog Stereo (Blue Microphones Analog Stereo)
	3.	Wireless Controller (Wireless Controller)
	4.	Navi 31 HDMI/DP Audio Digital Stereo (HDMI) (Navi 31 HDMI/DP Audio Digital Stereo (HDMI))
	5.	Family 17h/19h/1ah HD Audio Controller Analog Stereo (Family 17h/19h/1ah HD Audio Controller Analog Stereo)
<13:52:43> [A0BBF7E1] <Sound> FmodEx-AudioDevice: Now running on driver: PulseAudio Output (PulseAudio Output)
<13:52:43> [14D8EFE1] <Sound> Using speaker mode: FMOD_SPEAKERMODE_STEREO
<13:52:43> [E79C27E5] <Sound> Initializing FMOD-EX now!
<13:52:43> [E2A9FE08] <Sound> Available record drivers: 0 PulseAudio Input (PulseAudio Input) !
<13:52:43> [E2A9FE08] <Sound> Available record drivers: 1 Family 17h/19h/1ah HD Audio Controller Analog Stereo (Family 17h/19h/1ah HD Audio Controller Analog Stereo) !
<13:52:43> [E2A9FE08] <Sound> Available record drivers: 2 Wireless Controller (Wireless Controller) !
<13:52:43> [E2A9FE08] <Sound> Available record drivers: 3 Blue Microphones Analog Stereo (Blue Microphones Analog Stereo) !
<13:52:43> [E2A9FE08] <Sound> Available record drivers: 4 Monitor of Family 17h/19h/1ah HD Audio Controller (Monitor of Family 17h/19h/1ah HD Audio Controller) !
<13:52:43> [E2A9FE08] <Sound> Available record drivers: 5 Monitor of Blue Microphones Analog Stereo (Monitor of Blue Microphones Analog Stereo) !
<13:52:43> [E2A9FE08] <Sound> Available record drivers: 6 Wireless Controller (Wireless Controller) !
<13:52:43> [E2A9FE08] <Sound> Available record drivers: 7 Monitor of Navi 31 HDMI/DP Audio Digital Stereo (HDMI) (Monitor of Navi 31 HDMI/DP Audio Digital Stereo (HDMI)) !
<13:52:43> [6841BE38] <Sound> Record config is set to autodetect using record driver 0
<13:52:43> [7808B4C4] <Sound> Using FMOD version: 00044414 and internal 00044414!
<13:52:43> [2A2815C7] <Sound> Initialized FMOD-EX
<13:52:43> [BE4EF52E] Sound - Initializing SoundSystem now!
<13:52:43> [0D547471] Font initialization
<13:52:43> [BA0D559B] Splash: Initializing Fonts...
<13:52:43> [C194F7C8][Warning] Cannot load texture textures/defaults/replacemecm.tif, file missing [File=textures/defaults/replacemecm.dds]
<13:52:43> [84206398] AI initialization
<13:52:43> [1BC221DE] Initializing Animation System
<13:52:43> [BA0D559B] Splash: Initializing Animation System...
<13:52:43> [9E592EFE] Initializing 3D Engine
<13:52:43> [BA0D559B] Splash: Initializing 3D Engine...
<13:52:45> [637AF710][Warning] missing chr material : game/objects/characters/ferre/female/nude/Standard_22.mtl (chr: game/objects/characters/ferre/female/nude/fe_f_base.chr)
<13:52:45> [91F5AEEC][Warning] number of bones mismatch! game/objects/characters/ferre/female/nude/fe_f_base.chr=195 game/objects/characters/ferre/female/nude/fe_f_base_lod1.chr=185
<13:52:46> [7415A452] CHR PreCaching 25 Done
<13:52:46> [E7AD4E53] AddSharedMorphTargets - Failed to load objects/characters/dwarf/male/face/dw_m_face00.chr
<13:52:46> [61AD1790] MorphTargetPreCaching - objects/characters/dwarf/male/face/dw_m_face00.chr Add Failed
<13:52:46> [A4A6E4C6] MorphTarget PreCaching 11 Done
<13:52:46> [5ACB40E2] Init Face Makers
<13:52:46> [56B5985B] X2FaceMaker - game/objects/characters/nuian/male/face/nu_m_face01_mid.chr : mouth_UnderbiteOverbite target not exist
<13:52:46> [56B5985B] X2FaceMaker - game/objects/characters/nuian/male/face/nu_m_face01_mid.chr : mouth_UnderbiteOverbite target not exist
<13:52:46> [56B5985B] X2FaceMaker - game/objects/characters/nuian/male/face/nu_m_face01_mid.chr : mouth_UnderbiteOverbite target not exist
<13:52:47> [4ABB03EB] game/objects/characters/ferre/female/face/fe_f_face01_low.chr(303) - objects/characters/ferre/female/face/fe_f_face00.chr(3063) SharedMorph is not matched
<13:52:47> [56B5985B] X2FaceMaker - game/objects/characters/nuian/male/face/nu_m_face01_mid.chr : mouth_UnderbiteOverbite target not exist
<13:52:47> [56B5985B] X2FaceMaker - game/objects/characters/nuian/male/face/nu_m_face01_mid.chr : nose_dw_SeptumVol target not exist
<13:52:47> [56B5985B] X2FaceMaker - game/objects/characters/nuian/male/face/nu_m_face01_mid.chr : nose_dw_NasalZposition target not exist
<13:52:47> [56B5985B] X2FaceMaker - game/objects/characters/nuian/male/face/nu_m_face01_mid.chr : FS_dwEarSize target not exist
<13:52:47> [56B5985B] X2FaceMaker - game/objects/characters/nuian/male/face/nu_m_face01_mid.chr : dwarf_Morph target not exist
<13:52:47> [56B5985B] X2FaceMaker - game/objects/characters/nuian/male/face/nu_m_face01_mid.chr : FS_dw_CheekMeat_min target not exist
<13:52:47> [1191A6A8] X2FaceMaker - game/objects/characters/nuian/male/face/nu_m_face01_mid.chr : FS_dw_CheekMeat_max ex target not exist
<13:52:47> [56B5985B] X2FaceMaker - game/objects/characters/warborn/male/face/wa_m_face01_mid.chr : eye_Forehead target not exist
<13:52:47> [56B5985B] X2FaceMaker - game/objects/characters/warborn/male/face/wa_m_face01_mid.chr : eye_Tail_min target not exist
<13:52:47> [1191A6A8] X2FaceMaker - game/objects/characters/warborn/male/face/wa_m_face01_mid.chr : eye_Tail_max ex target not exist
<13:52:47> [56B5985B] X2FaceMaker - game/objects/characters/warborn/male/face/wa_m_face01_mid.chr : eye_WidthLength_min target not exist
<13:52:47> [1191A6A8] X2FaceMaker - game/objects/characters/warborn/male/face/wa_m_face01_mid.chr : eye_WidthLength_max ex target not exist
<13:52:47> [56B5985B] X2FaceMaker - game/objects/characters/warborn/male/face/wa_m_face01_mid.chr : eye_DoubleEyelidShape target not exist
<13:52:47> [56B5985B] X2FaceMaker - game/objects/characters/warborn/male/face/wa_m_face01_mid.chr : eye_BrowXposition target not exist
<13:52:47> [56B5985B] X2FaceMaker - game/objects/characters/warborn/male/face/wa_m_face01_mid.chr : eye_BrowZposition target not exist
<13:52:47> [56B5985B] X2FaceMaker - game/objects/characters/warborn/male/face/wa_m_face01_mid.chr : nose_Nostril target not exist
<13:52:47> [56B5985B] X2FaceMaker - game/objects/characters/warborn/male/face/wa_m_face01_mid.chr : nose_Size target not exist
<13:52:47> [56B5985B] X2FaceMaker - game/objects/characters/warborn/male/face/wa_m_face01_mid.chr : nose_SeptumZposition target not exist
<13:52:47> [56B5985B] X2FaceMaker - game/objects/characters/warborn/male/face/wa_m_face01_mid.chr : nose_End target not exist
<13:52:47> [56B5985B] X2FaceMaker - game/objects/characters/warborn/male/face/wa_m_face01_mid.chr : nose_Size target not exist
<13:52:47> [56B5985B] X2FaceMaker - game/objects/characters/warborn/male/face/wa_m_face01_mid.chr : mouth_UpperLipVolume target not exist
<13:52:47> [56B5985B] X2FaceMaker - game/objects/characters/warborn/male/face/wa_m_face01_mid.chr : mouth_LowerLipVolume target not exist
<13:52:47> [56B5985B] X2FaceMaker - game/objects/characters/warborn/male/face/wa_m_face01_mid.chr : mouth_UpperLipOpen target not exist
<13:52:47> [56B5985B] X2FaceMaker - game/objects/characters/warborn/male/face/wa_m_face01_mid.chr : mouth_LowerLipOpen target not exist
<13:52:47> [56B5985B] X2FaceMaker - game/objects/characters/warborn/male/face/wa_m_face01_mid.chr : mouth_MouthOpen target not exist
<13:52:47> [56B5985B] X2FaceMaker - game/objects/characters/warborn/male/face/wa_m_face01_mid.chr : mouth_Size target not exist
<13:52:47> [56B5985B] X2FaceMaker - game/objects/characters/warborn/male/face/wa_m_face01_mid.chr : mouth_Shape_min target not exist
<13:52:47> [1191A6A8] X2FaceMaker - game/objects/characters/warborn/male/face/wa_m_face01_mid.chr : mouth_Shape_max ex target not exist
<13:52:47> [56B5985B] X2FaceMaker - game/objects/characters/warborn/male/face/wa_m_face01_mid.chr : mouth_TeethZposition target not exist
<13:52:47> [56B5985B] X2FaceMaker - game/objects/characters/warborn/male/face/wa_m_face01_mid.chr : FS_JawHigh_min target not exist
<13:52:47> [1191A6A8] X2FaceMaker - game/objects/characters/warborn/male/face/wa_m_face01_mid.chr : FS_JawHigh_max ex target not exist
<13:52:47> [56B5985B] X2FaceMaker - game/objects/characters/warborn/male/face/wa_m_face01_mid.chr : FS_EarRotate_min target not exist
<13:52:47> [1191A6A8] X2FaceMaker - game/objects/characters/warborn/male/face/wa_m_face01_mid.chr : FS_EarRotate_max ex target not exist
<13:52:47> [56B5985B] X2FaceMaker - game/objects/characters/warborn/male/face/wa_m_face01_mid.chr : FS_Beard1 target not exist
<13:52:47> [56B5985B] X2FaceMaker - game/objects/characters/warborn/male/face/wa_m_face01_mid.chr : FS_Beard2 target not exist
<13:52:47> [56B5985B] X2FaceMaker - game/objects/characters/warborn/male/face/wa_m_face01_mid.chr : FS_Beard3 target not exist
<13:52:47> [56B5985B] X2FaceMaker - game/objects/characters/warborn/female/face/wa_f_face01_mid.chr : eye_Yposition_min target not exist
<13:52:47> [1191A6A8] X2FaceMaker - game/objects/characters/warborn/female/face/wa_f_face01_mid.chr : eye_Yposition_max ex target not exist
<13:52:47> [56B5985B] X2FaceMaker - game/objects/characters/warborn/female/face/wa_f_face01_mid.chr : FS_AllLowerY target not exist
<13:52:47> [56B5985B] X2FaceMaker - game/objects/characters/warborn/female/face/wa_f_face01_mid.chr : FS_AllRotate target not exist
<13:52:47> [56B5985B] X2FaceMaker - game/objects/characters/warborn/female/face/wa_f_face01_mid.chr : FS_AllY target not exist
<13:52:47> [56B5985B] X2FaceMaker - game/objects/characters/warborn/female/face/wa_f_face01_mid.chr : mouth_Open_min target not exist
<13:52:47> [1191A6A8] X2FaceMaker - game/objects/characters/warborn/female/face/wa_f_face01_mid.chr : mouth_Open_max ex target not exist
<13:52:47> [E320B5CE] Init Face Makers - Done!
<13:52:47> [581CA53C] Script System Initialization
<13:52:47> [BA0D559B] Splash: Initializing Script System...
<13:52:47> [000004EE][Warning] [Lua Error] 1_3_0/scripts/common.lua:276: attempt to index global 'Script' (a nil value)
<13:52:47> [58F3F7FF][Warning] <null>:0: [Lua Error] Failed to execute file @game/scriptsbin/common.alb
<13:52:47> [D8B2BA54] Entity system initialization
<13:52:47> [BA0D559B] Splash: Initializing Entity System...
<13:52:47> [D55F91B2][Warning] [CEntityClassRegistry] LoadClassDescription failed, Entity Class name Chick already registered
<13:52:47> [BA0D559B] Splash: Initializing AI System...
<13:52:47> [DA019954] Initializing AI System
<13:52:47> [2546BCC5] Initializing Budgeting System
<13:52:47> [C0E19025] Initializing Seamless System
<13:52:47> [BA0D559B] Splash: Loading Game Data...
<13:52:49> [90B8EC50][Warning] too many ranges: aoe_shapes descs 10156(10156) threshold 100 ranges 12
<13:52:50> [BA4AD6CE] Loading portal list
<13:52:50> [92597454] Portal added, enter: 3891, exit: 6629
<13:52:50> [92597454] Portal added, enter: 21448, exit: 21449
<13:52:50> [92597454] Portal added, enter: 21450, exit: 21451
<13:52:50> [92597454] Portal added, enter: 21452, exit: 21453
<13:52:50> [92597454] Portal added, enter: 21698, exit: 21699
<13:52:50> [92597454] Portal added, enter: 22023, exit: 22024
<13:52:50> [92597454] Portal added, enter: 22042, exit: 22066
<13:52:50> [92597454] Portal added, enter: 22136, exit: 22137
<13:52:50> [92597454] Portal added, enter: 22163, exit: 22164
<13:52:50> [92597454] Portal added, enter: 22184, exit: 22185
<13:52:50> [92597454] Portal added, enter: 22336, exit: 22337
<13:52:50> [92597454] Portal added, enter: 9000063, exit: 9000064
<13:52:50> [1C664009] End loading portal list
<13:52:50> [937812F7] loaded DDCMS (1396969 descs, 719156 links (17 page 16.95MB size) string) from game\db\compact.sqlite3 in 1765 ms
<13:52:50> [BA0D559B] Splash: Initializing Game System...
<13:52:50> [000004EE][Warning] [Lua Error] no localized ui text for 18 always_refund
<13:52:51> [0ADE3294][Warning] [MFX] Effect 'collisions:grenade' already present. Overriding.
<13:52:52> [311630D1][Warning] MFX WARNING: Material not found: mat_ice_breakable
<13:52:52>  
<13:52:52>    sys_spec = Custom (assuming 4)
<13:52:52>      option_anti_aliasing = 2 expected:3
<13:52:52>  
<13:52:52> [BA0D559B] Splash: Preparing Screen...
<13:52:52> [963385F6] Level System - Loading Start
<13:52:52> [806B6F8D] precaching world entities ..
<13:52:52> [7E39E0DE] precaching world entities .. done!  total (0) objects
<13:52:52> [D2B280D6] Vegetation Manager : Loading World(login2)
<13:52:52> [075AB92F] Vegetation Manager : Loading World - Done (total 36 vegetations)
<13:52:52> [B9410AA1] total 20 terrain world surfaces loaded
<13:52:52> Loading Particle Library: collisions
<13:52:52> Loading Particle Library: water
<13:52:52> Loading Particle Library: misc
<13:52:52> Loading Particle Library: ability_skill_table
<13:52:52> Loading Particle Library: ability_skill_table_k
<13:52:52> Loading Particle Library: abillity_skill_table_m
<13:52:52> Loading Particle Library: machinima
<13:52:52> Loading Particle Library: x2_effects
<13:52:53> Loading Particle Library: x2_effects_k
<13:52:53> [280A47E3] Precached total 2 materials
<13:52:53> [7B1A973B] seamless loading cell terrain(W0, 1), (L0, 0)
<13:52:53> [3EF08C47] seamless loading cell object(W0, 1), (L0, 0)
<13:52:53> [584C4FFD] [net 17:52:39.113]  dns ip:192.168.1.202
<13:52:53> [584C4FFD] [net 17:52:39.113]  dns ip:172.17.0.1
<13:52:53> [584C4FFD] [net 17:52:39.113]  dns ip:172.19.0.1
<13:52:53> [584C4FFD] [net 17:52:39.113]  dns ip:172.18.0.1
<13:52:53> [0DE3FA89][Error] CryAnimation: character-definition creation failed: game/objects/characters/elf/female/nude/el_f_kyprosa.cdf
<13:52:53> [13A58BA0][Error] CryAnimation: character-definition not found: game/objects/characters/elf/female/nude/el_f_kyprosa.cdf
<13:52:53> [4DD44108] Start DaruCommon Extension
<13:52:53> [1B425DA5] Duplicated post effect param! pszName = FilterMaskedBlurring_Amount
<13:52:53> [1B425DA5] Duplicated post effect param! pszName = FilterMaskedBlurring_MaskTexName
<13:52:53> [1B425DA5] Duplicated post effect param! pszName = FilterChromaShift_User_Amount
<13:52:53> [1B425DA5] Duplicated post effect param! pszName = FilterGrain_Amount
<13:52:53> [8F6BAA6C][Warning] Couldn't find console variable 'e_water_ocean_fft'
<13:52:53> Loading Particle Library: wind
<13:52:53> Loading Particle Library: X2_EFFECT_O
<13:52:54> [000004EE][Warning] Particle effect not found: '                                                                ', from ParticleEffect fx_land_green
<13:52:54> [12409CCC] Load Zone Finished
<13:52:54> [A39C1725] Level System - Loading Complete
<13:52:54> [27293DED] -----------------------------------------------------
<13:52:54> [120C18F5] * LOADING: 'loginbg4' loading time: 2.10 seconds
<13:52:54> [27293DED] -----------------------------------------------------
<13:52:54> [000004EE][Warning] [Lua Error] no client player exists
<13:52:54> [A13C772D][Warning] Cannot load texture ui/font_color.g, Image file format is invalid [File=ui/font_color.g]
<13:52:54> [000FABC5][Warning] CAreaGrid::BeginAreas() called before being initialized.
<13:52:54> [000004EE][Warning] I3DEngine::RegisterEntity: entity reports invalid position: Name: LightEntityName (), Class: LightEntityClass, Pos=(515.8,6996.2,587.4), aabb center=(0.0,40.0,0.0)
<13:52:58> [11E02DA3][Warning] Cannot load texture textures/defaults/16_12.dds, file missing [File=textures/defaults/16_12.dds]
<13:52:59> [1D01FDCA] Auth: client connected to server
<13:52:59> [584C4FFD] [net 17:52:59.253]  socket ip:192.168.1.202
<13:52:59> [4C920A71] mac address : 74-56-3c-fe-52-f3
<13:53:00> [A13C772D][Warning] Cannot load texture ui/font_color.g, Image file format is invalid [File=ui/font_color.g]
<13:53:02> [584C4FFD] [net 17:53:02.923] connection requested to: 192.95.21.64:1239
<13:53:02> [4ABA7BDB] Auth: client disconnected (reason=0)
<13:53:02> [0F08E548] [NetConnection] connect completed (succeeded:true)
<13:53:03> [48F7BDF2] invalid world id in world queue packet
<13:53:03> [26623ECA] ucc info.. 5 0
<13:53:03> [4516816D] pay method: person
<13:53:03> [4AA30841] pay location: person
<13:53:03> [ADF1C07E] pay start: 1900-1-1 00:00:00
<13:53:03> [6486A277] pay end: 1900-1-1 00:00:00
<13:53:03> [FFF6198C] premium point: 0
<13:53:03> [481C0862] premium grade: premium_0
<13:53:03> [88D9AB0C] real pay time: 7134091042793545729
<13:53:03> [9FC303B8][Error] [CVARS]: [DUPLICATE] CXConsole::RegisterFloat(): variable [camera_max_dist] is already registered
<13:53:03> [34CCC219] stream: connected to world server
<13:53:03> [06A46B5B] stream: authorized by world server
<13:53:03> [82321C2B][Warning] [net 17:53:03.686] [time] remote time estimation restarted; estimate accumulator age was 109882.773438
<13:53:03> [4516816D] pay method: person
<13:53:03> [4AA30841] pay location: person
<13:53:03> [ADF1C07E] pay start: 1900-1-1 00:00:00
<13:53:03> [6486A277] pay end: 2037-12-31 16:00:00
<13:53:03> [FFF6198C] premium point: 0
<13:53:03> [481C0862] premium grade: premium_0
<13:53:03> [88D9AB0C] real pay time: -1
<13:53:06> [000004EE][Warning] [Lua Error] no localized ui text for 18 always_refund
<13:53:06> [09F46B9D]     cl_fov = 90 []
<13:53:06> [09F46B9D]     camera_max_dist = 180 []
<13:53:06> [09F46B9D]     name_tag_hp_width_on_bgmode = 80 []
<13:53:06> [09F46B9D]     name_tag_hp_height_on_bgmode = 30 []
<13:53:06> [A13C772D][Warning] Cannot load texture ui/font_color.g, Image file format is invalid [File=ui/font_color.g]
<13:53:06> [06E6A3E9][Warning] Cannot load texture ui/login_stage/queue.dds, file missing [File=ui/login_stage/queue.dds]
<13:53:07> [DA579B6C][Error] can't load client driven connect info.. Kompy
<13:53:13> [9FC303B8][Error] [CVARS]: [DUPLICATE] CXConsole::RegisterFloat(): variable [ui_double_click_interval] is already registered
<13:53:13> [0DE3FA89][Error] CryAnimation: character-definition creation failed: game/objects/characters/returned/female/nude/re_f.cdf
<13:53:14> [6FF68EA5] SetInstantTime: type 0 time 0
<13:53:14> [6FF68EA5] SetInstantTime: type 1 time 1757940731
<13:53:14> [6FF68EA5] SetInstantTime: type 2 time 1757821854
<13:53:14> [6FF68EA5] SetInstantTime: type 3 time 0
<13:53:14> [6FF68EA5] SetInstantTime: type 4 time 0
<13:53:14> [6FF68EA5] SetInstantTime: type 5 time 0
<13:53:14> [6FF68EA5] SetInstantTime: type 6 time 0
<13:53:14> [6FF68EA5] SetInstantTime: type 7 time 1757950406
<13:53:14> [82321C2B][Warning] [net 17:53:14.688] [time] remote time estimation restarted; estimate accumulator age was 4.595506
<13:53:14> [0E61BD35] ExpeditionMember 20 added
<13:53:14> [0E61BD35] ExpeditionMember 20 added
<13:53:14> [0E61BD35] ExpeditionMember 20 added
<13:53:14> [0E61BD35] ExpeditionMember 18 added
<13:53:14> [1EBA13B3][Warning] count not matched; total=142; size=78
<13:53:14> [966861E8][Warning] GetAllPolicies empty
<13:53:14> [67B7DD8A][Warning] my ExpeditionMemberDesc not exist
<13:53:14> [7AB931CE] seamless unloading cell object(W0, 0), (L0, 0)
<13:53:14> [4B1E8B22] unload cell object count : 1511
<13:53:14> [B866A294] seamless unloading cell terrain(W0, 0), (L0, 0)
<13:53:14> [963385F6] Level System - Loading Start
<13:53:15> [E0E0EDAE][Warning] failed to load zone time of day from game/worlds/main_world/zone/225//time_of_day.xml
<13:53:15> [AB17243B][Warning] failed to load zone environment from game/worlds/main_world/zone/309//env.xml
<13:53:15> [35D4413E][Warning] failed to load zone clouds from game/worlds/main_world/zone/309//clouds.xml
<13:53:15> [806B6F8D] precaching world entities ..
<13:53:15> [7E39E0DE] precaching world entities .. done!  total (1778) objects
<13:53:15> [D2B280D6] Vegetation Manager : Loading World(main_world)
<13:53:16> [075AB92F] Vegetation Manager : Loading World - Done (total 3055 vegetations)
<13:53:16> [000004EE][Error] CTerrain::LoadWorldSurfaces: Error loading material: materials/Terrain/gweonidforest/w_forest_road_a1
<13:53:16> [751FFB9E][Warning] Error: CShaderMan::mfCreateShaderResources: Couldn't find detail texture
'game/textures/aa_terrain/canyon/tr_canyon_rock_616a_ddn.tga' in path '' [File=game/textures/aa_terrain/canyon/tr_canyon_rock_616a_ddn.tga]
<13:53:16> [B9410AA1] total 600 terrain world surfaces loaded
<13:53:16> [280A47E3] Precached total 4 materials
<13:53:16> [7B1A973B] seamless loading cell terrain(W21, 7), (L4, 4)
<13:53:16> [7B1A973B] seamless loading cell terrain(W21, 8), (L4, 5)
<13:53:16> [7B1A973B] seamless loading cell terrain(W20, 7), (L3, 4)
<13:53:16> [7B1A973B] seamless loading cell terrain(W20, 8), (L3, 5)
<13:53:16> [7B1A973B] seamless loading cell terrain(W22, 7), (L5, 4)
<13:53:16> [7B1A973B] seamless loading cell terrain(W22, 8), (L5, 5)
<13:53:16> [7B1A973B] seamless loading cell terrain(W21, 6), (L4, 3)
<13:53:16> [7B1A973B] seamless loading cell terrain(W21, 9), (L4, 6)
<13:53:16> [7B1A973B] seamless loading cell terrain(W20, 6), (L3, 3)
<13:53:16> [7B1A973B] seamless loading cell terrain(W20, 9), (L3, 6)
<13:53:16> [7B1A973B] seamless loading cell terrain(W19, 7), (L2, 4)
<13:53:16> [7B1A973B] seamless loading cell terrain(W19, 8), (L2, 5)
<13:53:16> [7B1A973B] seamless loading cell terrain(W22, 6), (L5, 3)
<13:53:16> [7B1A973B] seamless loading cell terrain(W22, 9), (L5, 6)
<13:53:16> [7B1A973B] seamless loading cell terrain(W19, 6), (L2, 3)
<13:53:16> [7B1A973B] seamless loading cell terrain(W23, 7), (L6, 4)
<13:53:17> [7B1A973B] seamless loading cell terrain(W23, 8), (L6, 5)
<13:53:17> [7B1A973B] seamless loading cell terrain(W19, 9), (L2, 6)
<13:53:17> [7B1A973B] seamless loading cell terrain(W21, 5), (L4, 2)
<13:53:17> [7B1A973B] seamless loading cell terrain(W20, 5), (L3, 2)
<13:53:17> [7B1A973B] seamless loading cell terrain(W21, 10), (L4, 7)
<13:53:17> [7B1A973B] seamless loading cell terrain(W23, 6), (L6, 3)
<13:53:17> [7B1A973B] seamless loading cell terrain(W20, 10), (L3, 7)
<13:53:17> [7B1A973B] seamless loading cell terrain(W22, 5), (L5, 2)
<13:53:17> [7B1A973B] seamless loading cell terrain(W23, 9), (L6, 6)
<13:53:17> [7B1A973B] seamless loading cell terrain(W18, 7), (L1, 4)
<13:53:17> [7B1A973B] seamless loading cell terrain(W18, 8), (L1, 5)
<13:53:17> [7B1A973B] seamless loading cell terrain(W22, 10), (L5, 7)
<13:53:17> [7B1A973B] seamless loading cell terrain(W19, 5), (L2, 2)
<13:53:17> [7B1A973B] seamless loading cell terrain(W18, 6), (L1, 3)
<13:53:17> [7B1A973B] seamless loading cell terrain(W19, 10), (L2, 7)
<13:53:17> [7B1A973B] seamless loading cell terrain(W18, 9), (L1, 6)
<13:53:17> [7B1A973B] seamless loading cell terrain(W24, 7), (L7, 4)
<13:53:17> [7B1A973B] seamless loading cell terrain(W24, 8), (L7, 5)
<13:53:17> [7B1A973B] seamless loading cell terrain(W23, 5), (L6, 2)
<13:53:17> [7B1A973B] seamless loading cell terrain(W23, 10), (L6, 7)
<13:53:17> [7B1A973B] seamless loading cell terrain(W21, 4), (L4, 1)
<13:53:17> [7B1A973B] seamless loading cell terrain(W20, 4), (L3, 1)
<13:53:17> [7B1A973B] seamless loading cell terrain(W24, 6), (L7, 3)
<13:53:17> [7B1A973B] seamless loading cell terrain(W24, 9), (L7, 6)
<13:53:17> [7B1A973B] seamless loading cell terrain(W22, 4), (L5, 1)
<13:53:17> [7B1A973B] seamless loading cell terrain(W18, 5), (L1, 2)
<13:53:17> [7B1A973B] seamless loading cell terrain(W18, 10), (L1, 7)
<13:53:17> [7B1A973B] seamless loading cell terrain(W17, 7), (L0, 4)
<13:53:17> [7B1A973B] seamless loading cell terrain(W17, 8), (L0, 5)
<13:53:17> [7B1A973B] seamless loading cell terrain(W19, 4), (L2, 1)
<13:53:17> [3EF08C47] seamless loading cell object(W21, 7), (L4, 4)
<13:53:17> [000004EE][Warning] [CGF Error] game/objects/env/02_harihara/001_hcom/hcom_cart_b.cgf [:] LOD1 of geometry hcom_cart_b contains too many polygons comparing to the LOD0 [770 against 1114] :
<13:53:17> [000004EE][Warning] [CGF Error] game/objects/env/01_nuia/001_housing/housing_people/hs_people_roof_a.cgf [:] Duplicate LOD helper $lod2 hs_people_roof_a
<13:53:17> [A5DDEC33][Warning] Warning: CShaderMan::mfForName: NULL name
<13:53:18> Loading Particle Library: X2_EFFECTS_P
<13:53:18> [000004EE][Warning] [CGF Error] game/objects/env/01_nuia/001_housing/housing_guild/nuia_h_guild_door_b_back.cga [:] non-uniform scale(1.00, 1.39, 1.00) at node(nuia_h_guild_door_b01_back)
<13:53:18> [000004EE][Warning] [CGF Error] game/objects/env/02_harihara/03_ti/ti_factorymain_a.cga [:] Invalid BBox : has Invalid BBox node(Object32)
<13:53:18> Loading Particle Library: x2_sounds
<13:53:18> [3EF08C47] seamless loading cell object(W21, 8), (L4, 5)
<13:53:18> [745BAE2F][Warning] failed to stream material xml(game/rock_06.mtl)
<13:53:18> [3EF08C47] seamless loading cell object(W20, 7), (L3, 4)
<13:53:19> [3EF08C47] seamless loading cell object(W20, 8), (L3, 5)
<13:53:19> [3EF08C47] seamless loading cell object(W22, 7), (L5, 4)
<13:53:19> [3EF08C47] seamless loading cell object(W22, 8), (L5, 5)
<13:53:20> [3EF08C47] seamless loading cell object(W21, 6), (L4, 3)
<13:53:20> [3EF08C47] seamless loading cell object(W21, 9), (L4, 6)
<13:53:20> [3EF08C47] seamless loading cell object(W20, 6), (L3, 3)
<13:53:20> [3EF08C47] seamless loading cell object(W20, 9), (L3, 6)
<13:53:20> [3EF08C47] seamless loading cell object(W19, 7), (L2, 4)
<13:53:20> [3EF08C47] seamless loading cell object(W19, 8), (L2, 5)
<13:53:21> [3EF08C47] seamless loading cell object(W22, 6), (L5, 3)
<13:53:21> [526BDE3A][Warning] Cannot load texture game/objects/env/02_harihara/04_su/su_tent_01game/objects/env/02_harihara/04_su/su_tent_04_df.dds_df.dds, file missing [File=game/objects/env/02_harihara/04_su/su_tent_01game/objects/env/02_harihara/04_su/su_tent_04_df.dds_df.dds]
<13:53:21> [3EF08C47] seamless loading cell object(W22, 9), (L5, 6)
<13:53:21> [3EF08C47] seamless loading cell object(W19, 6), (L2, 3)
<13:53:21> [3EF08C47] seamless loading cell object(W23, 7), (L6, 4)
<13:53:21> [3EF08C47] seamless loading cell object(W23, 8), (L6, 5)
<13:53:21> [3C93550B][Warning] Error: CShaderMan::mfCreateShaderResources: Couldn't find custom texture 'objects/env/01_nuia/06_mari/mari_wood04_ddobjects/env/01_nuia/06_mari/mari_wood04_sp.dds' in path '' [File=objects/env/01_nuia/06_mari/mari_wood04_ddobjects/env/01_nuia/06_mari/mari_wood04_sp.dds]
<13:53:22> [3EF08C47] seamless loading cell object(W19, 9), (L2, 6)
<13:53:22> [3EF08C47] seamless loading cell object(W21, 5), (L4, 2)
<13:53:22> [000004EE][Warning] Particle effect not found: 'X2_EFFECTS.e_effect.smoke_slow', from ParticleEffect ParticleEffect_2760
<13:53:22> [3EF08C47] seamless loading cell object(W20, 5), (L3, 2)
<13:53:22> [12409CCC] Load Zone Finished
<13:53:22> [000004EE][Warning] I3DEngine::RegisterEntity: entity reports invalid position: Name: LightEntityName (), Class: LightEntityClass, Pos=(657.3,7976.0,585.4), aabb center=(142.0,1019.8,-2.3)
<13:53:23> [82321C2B][Warning] [net 17:53:23.192] [time] remote time estimation restarted; estimate accumulator age was 8.454835
<13:53:23> [7F89A202][Warning] AI: Warning: AIPoint is not inside Navigation Modifier. pos(4863.9, 5327.1, 637.1)
<13:53:23> [5CE4EF2C][Warning] failed to load particle lib from (Libs/Particles/game/abillity_skill_table_m.xml)
<13:53:23> [000004EE][Warning] Particle effect not found: 'game/abillity_skill_table_m.wild.shock_form2', from unknown 
<13:53:23> [2BFDEC33][Error] realstep 8, not match unit req
<13:53:23> [A39C1725] Level System - Loading Complete
<13:53:23> [9BE3F673] total 0 CGF files are precached
<13:53:23> [27293DED] -----------------------------------------------------
<13:53:23> [120C18F5] * LOADING: 'e_tiger_spine_mountains_2' loading time: 8.99 seconds
<13:53:23> [27293DED] -----------------------------------------------------
<13:53:24> [000004EE][Warning] RenderMesh not assigned game/objects/box_nodraw.cgf
<13:53:27> [CA175C82][Warning] non-stream IO. system(Material), filePath(game/objects/env/01_nuia/001_housing/housing_farm/hs_f_scarecrow_star.mtl)
<13:53:27> Loading Particle Library: X2_effect_H
<13:53:27> [755A3546][Warning] Error: CShaderMan::mfCreateShaderResources: Couldn't find custom secondary texture 'game/objects/env/01_nuia/001_housing/housing_house/nuia_housing_treemossy03_ddn.dds' in path '' [File=game/objects/env/01_nuia/001_housing/housing_house/nuia_housing_treemossy03_ddn.dds]
<13:53:28> [EBF8A645][Warning] Error: CShaderMan::mfCreateShaderResources: Couldn't find detail texture
'Game/objects/Env/01_nuia/001_housing/housing_house/housing_small_newhouse/housing_small_newhouse_03/housing_small_newhouse_03_floor_ddn.dds' in path '' [File=Game/objects/Env/01_nuia/001_housing/housing_house/housing_small_newhouse/housing_small_newhouse_03/housing_small_newhouse_03_floor_ddn.dds]
<13:53:28> Loading Particle Library: ljs_particle_fx
<13:53:28> [B95EE41B][Error] invalid parent unit id(61100)
<13:53:29> [6A12E88A][Warning] Cannot load texture game/objects/characters/animals/cat_baby_cat/cat_baby_pet_df.dds, file missing [File=game/objects/characters/animals/cat_baby_cat/cat_baby_pet_df.dds]
<13:53:29> [C4404EBE][Warning] Error: CShaderMan::mfCreateShaderResources: Couldn't find subsurface texture 'game/objects/characters/animals/cat_baby_cat/cat_baby_pet_df.dds' in path '' [File=game/objects/characters/animals/cat_baby_cat/cat_baby_pet_df.dds]
<13:53:29> [62232BEA][Warning] deferred xml stream error - game/animations/animals/calf/lmg_files/normal_run.lmg : f0000003
<13:53:30> [F724A392][Error] CryAnimation:: Trying to load animation with alias "fist_ba_relaxed_idle_rand_3" from file "animations/animals/horse/fist/fist_ba_relaxed_idle_rand_3.caf" into the animation container. Such animation alias already exists and uses file "animations/animals/horse/fist/fist_ba_relaxed_idle_rand_1.caf". Please use another animation alias.
<13:53:30> [000004EE][Warning] [CGF Error] game/objects/env/01_nuia/001_ndeco/making/ndeco_powerfulmaking.cga [:] LOD1 of geometry parts01 contains too many polygons comparing to the LOD0 [1592 against 1130] :
<13:53:30> [09F46B9D]     cl_fov = 90 []
<13:53:30> [09F46B9D]     camera_max_dist = 180 []
<13:53:30> [09F46B9D]     name_tag_hp_width_on_bgmode = 80 []
<13:53:30> [09F46B9D]     name_tag_hp_height_on_bgmode = 30 []
<13:53:30> [000004EE][Warning] [Lua Error] Failed to load script file scriptsbin/x2ui/assignment/form.alb
<13:53:30> [A13C772D][Warning] Cannot load texture ui/font_color.g, Image file format is invalid [File=ui/font_color.g]
<13:53:30> [B5A61D8F] Chat Channel(0) Color is not found.
<13:53:31> [000004EE][Warning] [Lua Error] ...ts/x2ui/loginstage/character_create/locale/en_us.lua:524: attempt to index a nil value
<13:53:31> [58F3F7FF][Warning] <null>:0: [Lua Error] Failed to execute file @game/scriptsbin/x2ui/loginstage/character_create/locale/en_us.alb
<13:53:32> [000004EE][Warning] [Lua] invalid style type...  / brown
<13:53:32> [82321C2B][Warning] [net 17:53:32.446] [time] remote time estimation restarted; estimate accumulator age was 2.065368
<13:53:32> [BCCDC555][Warning] MakeSprite - too many sprite update (10). dropping.. (sprites : 107)
<13:53:32> [745BAE2F][Warning] failed to stream material xml(game/materials/effects/heffect/flow_waterwave1.mtl)
<13:53:33> [637AF710][Warning] missing chr material : game/objects/characters/hariharan/male/parts/hm/obj/ha_m_hm_cloth001.mtl (chr: game/objects/characters/hariharan/male/parts/hm/obj/ha_m_3hm108.chr)
<13:53:36> [B95EE41B][Error] invalid parent unit id(72498)
<13:53:36> [CE0EF930][Warning] failed to stream cgf : default
<13:53:38> [CA175C82][Warning] non-stream IO. system(Material), filePath(game/objects/effects/keffect/m_enchant1_pink_l.mtl)
<13:53:38> [745BAE2F][Warning] failed to stream material xml(game/objects/characters/hariharan/female/parts/bo/obj/ha_f_bo_cloth137.mtl)
<13:53:38> [637AF710][Warning] missing chr material : game/objects/characters/hariharan/female/parts/bo/obj/ha_f_bo_cloth137.mtl (chr: game/objects/characters/hariharan/female/parts/bo/obj/ha_f_1bo201.chr)
<13:53:40> [491B3718][Warning] Cannot load texture objects/characters/ferre/female/face/face01/fe_f_face01_fur_sss.dds, file missing [File=objects/characters/ferre/female/face/face01/fe_f_face01_fur_sss.dds]
<13:53:40> [5243B464][Warning] Error: CShaderMan::mfCreateShaderResources: Couldn't find subsurface texture 'objects/characters/ferre/female/face/face01/fe_f_face01_fur_sss.dds' in path '' [File=objects/characters/ferre/female/face/face01/fe_f_face01_fur_sss.dds]
<13:53:40> [A4D70365][Warning] rigid-body own-entity; prefab=prefabs/interaction_d.xml/tool.lever_right node=AnimObject_1
<13:53:43> [000004EE][Warning] [CGF Error] game/objects/env/02_harihara/001_hdeco/quest/hdeco_qust_cocoon01.cgf [:] non-uniform scale(0.87, 0.87, 1.00) at node(hdeco_qust_cocoon01_proxy)
<13:53:43> [CE0EF930][Warning] failed to stream cgf : default
<13:53:44> [745BAE2F][Warning] failed to stream material xml(game/objects/characters/hariharan/male/parts/ar/obj/ha_m_ar_leather499.mtl)
<13:53:45> [637AF710][Warning] missing chr material : game/objects/characters/hariharan/male/parts/ar/obj/ha_m_ar_leather499.mtl (chr: game/objects/characters/hariharan/male/parts/ar/obj/ha_m_1ar603_1arm001_4sh035_r.chr)
<13:53:45> [B95EE41B][Error] invalid parent unit id(127959)
<13:53:45> [04FA8364][Warning] Cannot load texture game/objects/characters/nuian/male/hair/hair_texture/, file missing [File=game/objects/characters/nuian/male/hair/hair_texture/]
<13:53:49> [000004EE][Warning] Particle effect not found: 'game/ability_skill_table_k.p_skill_romance.me_sg_launch', from unknown 
<13:53:49> [5CE4EF2C][Warning] failed to load particle lib from (Libs/Particles/game/ability_skill_table.xml)
<13:53:50> [CE0EF930][Warning] failed to stream cgf : default
<13:53:50> [745BAE2F][Warning] failed to stream material xml(game/objects/characters/nuian/male/parts/gv/obj/nu_m_gv_cloth231.mtl)
<13:53:50> [637AF710][Warning] missing chr material : game/objects/characters/nuian/male/parts/ar/obj/nu_m_ar_cloth059.mtl (chr: game/objects/characters/nuian/male/parts/ar/obj/nu_m_1ar306_1arm001.chr)
<13:53:50> [B95EE41B][Error] invalid parent unit id(127959)
<13:53:52> [62232BEA][Warning] deferred xml stream error - game/animations/animals/crow_lucius/lmg_files/normal_run.lmg : f0000003
<13:53:53> [A4D70365][Warning] rigid-body own-entity; prefab=prefabs/carriage.xml/carriage.carriageb node=AnimObject_55
<13:53:53> [00DCF04C][Warning] Cannot load texture game/objects/characters/ferre/female/test/fe_f_nude_fur_df.dds, file missing [File=game/objects/characters/ferre/female/test/fe_f_nude_fur_df.dds]
<13:53:54> [000004EE][Warning] Independent immortal particle effect spawned: X2_EFFECT_O.Interaction.enchant_wpn_range_honor_3g
<13:53:57> [CE0EF930][Warning] failed to stream cgf : default
<13:53:58> [A4D70365][Warning] rigid-body own-entity; prefab=Prefabs/interaction.xml/toy.crane node=AnimObject_1
<13:54:03> [CE0EF930][Warning] failed to stream cgf : default
<13:54:03> [B95EE41B][Error] invalid parent unit id(65855)
<13:54:04> [745BAE2F][Warning] failed to stream material xml(game/materials/aa_terrain/decals/quest_golddust.mtl)
<13:54:05> [62232BEA][Warning] deferred xml stream error - game/animations/monster/polarbear_baby/lmg_files/normal_run.lmg : f0000003
<13:54:07> [FCD07016][Warning] Cannot load texture objects/characters/ferre/male/hair/fe_m_hair02/fe_m_hair02_df.dds, file missing [File=objects/characters/ferre/male/hair/fe_m_hair02/fe_m_hair02_df.dds]
<13:54:11> [BCCDC555][Warning] MakeSprite - too many sprite update (10). dropping.. (sprites : 184)
<13:54:12> [A4D70365][Warning] rigid-body own-entity; prefab=Prefabs/interaction.xml/toy.crane node=AnimObject_1
<13:54:12> [CE0EF930][Warning] failed to stream cgf : default
<13:54:16> [000004EE][Warning] [CGF Error] game/objects/env/01_nuia/001_ndeco/collect/ndeco_collect_geyser01.cgf [:] non-uniform scale(1.48, 1.48, 1.00) at node(proxy)
<13:54:20> [CE0EF930][Warning] failed to stream cgf : game/objects/env/05_nature/08_cry_source/rocks/road_rocks/road_rocks_flat_grey_a.cgf
<13:54:24> [7B1A973B] seamless loading cell terrain(W17, 6), (L0, 3)
<13:54:24> [BCCDC555][Warning] MakeSprite - too many sprite update (10). dropping.. (sprites : 58)
<13:54:32> [CE0EF930][Warning] failed to stream cgf : default
<13:54:39> [CE0EF930][Warning] failed to stream cgf : default
<13:54:55> [7F89A202][Warning] AI: Warning: AIPoint is not inside Navigation Modifier. pos(4863.9, 5327.1, 637.1)
<13:55:02> [745BAE2F][Warning] failed to stream material xml(game/$picking.mtl)
<13:55:02> [4AE32E73][Warning] Cannot load texture game/objects/env/01_nuia/001_housing/housing_house/housing_small_newhouse/housing_small_newhouse_03/housing_small_newhouse_03_floor_ddn.dds, file missing [File=game/objects/env/01_nuia/001_housing/housing_house/housing_small_newhouse/housing_small_newhouse_03/housing_small_newhouse_03_floor_ddn.dds]
<13:55:02> [EBF8A645][Warning] Error: CShaderMan::mfCreateShaderResources: Couldn't find detail texture
'Game/objects/Env/01_nuia/001_housing/housing_house/housing_small_newhouse/housing_small_newhouse_03/housing_small_newhouse_03_floor_ddn.dds' in path '' [File=Game/objects/Env/01_nuia/001_housing/housing_house/housing_small_newhouse/housing_small_newhouse_03/housing_small_newhouse_03_floor_ddn.dds]
<13:55:04> [F724A392][Error] CryAnimation:: Trying to load animation with alias "fist_ba_relaxed_idle_rand_3" from file "animations/monster/yata/fist/fist_ba_relaxed_idle_rand_3.caf" into the animation container. Such animation alias already exists and uses file "animations/monster/yata/fist/fist_ba_relaxed_idle_rand_1.caf". Please use another animation alias.
<13:55:06> [B95EE41B][Error] invalid parent unit id(70044)
<13:55:06> [000004EE][Warning] Particle effect not found: 'game/abillity_skill_table_m.wild.lights_arrow_hit', from unknown 
<13:55:14> [B95EE41B][Error] invalid parent unit id(70044)
<13:56:21> [000004EE][Warning] Particle effect not found: 'game/ability_skill_table_k.p_skill_love.partyhill_form_sound', from unknown 
<13:56:21> [5CE4EF2C][Warning] failed to load particle lib from (Libs/Particles/game/x2_effects_k.xml)
<13:56:21> [745BAE2F][Warning] failed to stream material xml(game/objects/characters/ferre/female/parts/bo/cloth/bo_cloth158/fe_f_bo_cloth158_whtp01.mtl)
<13:56:21> [62232BEA][Warning] deferred xml stream error - game/animations/animals/kid/lmg_files/normal_run.lmg : f0000003
<13:56:21> [00DCF04C][Warning] Cannot load texture game/objects/characters/ferre/female/test/fe_f_nude_fur_df.dds, file missing [File=game/objects/characters/ferre/female/test/fe_f_nude_fur_df.dds]
<13:56:21> [637AF710][Warning] missing chr material : game/objects/characters/ferre/female/parts/bo/obj/fe_f_bo_leather102.mtl (chr: game/objects/characters/ferre/female/parts/bo/obj/fe_f_1bo201.chr)
<13:56:22> [7B1A973B] seamless loading cell terrain(W24, 5), (L7, 2)
<13:56:22> [C53E6FFE][Warning] non cached CDF material(objects/Characters/animals/pangolin/pangolin_grey/pangolin_grey.mtl, game/objects/characters/animals/pangolin/pangolin_grey/pangolin_grey.cdf)
<13:56:22> [CA175C82][Warning] non-stream IO. system(Material), filePath(game/objects/characters/animals/pangolin/pangolin_grey/pangolin_grey.mtl)
<13:56:22> [2363981C][Warning] chr material is not precached : game/objects/characters/animals/pangolin/pangolin_red/Pangolin_red.mtl (chr: game/objects/characters/animals/pangolin/pangolin_red/pangolin_red.chr)
<13:56:22> [CE2F4035][Warning] chr physical geom is not precached. (game/objects/characters/animals/pangolin/pangolin_red/pangolin_red.chr)
<13:56:22> [676D2B24][Warning] non-cached LMG xml. (animations/animals/pangolin/lmg_files/fist_mo_normal_walk.lmg)
<13:56:22> [63ABB424][Warning] Facial sequence "fist_ac_whistle" not listed in CAL file for character "game/objects/characters/warborn/female/nude/wa_f_base.chr".
<13:56:23> [A13C772D][Warning] Cannot load texture ui/font_color.g, Image file format is invalid [File=ui/font_color.g]
<13:56:24> [B95EE41B][Error] invalid parent unit id(91214)
<13:56:25> [A4D70365][Warning] rigid-body own-entity; prefab=prefabs/interaction_c.xml/furniture.kraken_prop_am node=AnimObject_144
<13:56:25> [000004EE][Warning] [CGF Error] game/objects/env/01_nuia/001_housing/housing_furniture/hs_f_safe_e.cgf [:] non-uniform scale(1.00, 1.03, 1.00) at node(hs_f_safe_e)
<13:56:26> [745BAE2F][Warning] failed to stream material xml(objects/Characters/ferre/male/parts/all/cloth/cloth095/fe_m_gv_cloth095_blup01.mtl)
<13:56:27> [E46B221E][Warning] Cannot load texture game/objects/characters/monster/daru/daru_tamer/daru_tamer_sp.dds, file missing [File=game/objects/characters/monster/daru/daru_tamer/daru_tamer_sp.dds]
<13:56:27> [5132FEDE][Warning] invalid attached position(-20.88, -20.98, -3.00)
<13:56:28> [7B1A973B] seamless loading cell terrain(W23, 4), (L6, 1)
<13:56:28> [3EF08C47] seamless loading cell object(W23, 6), (L6, 3)
<13:56:28> [CE0EF930][Warning] failed to stream cgf : game/objects/env/05_nature/08_cry_source/rocks/road_rocks/road_rocks_flat_grey_a.cgf
<13:56:29> [000004EE][Warning] Particle effect not found: 'game/abillity_skill_table_m.magic.vital_absorb_form', from unknown 
<13:56:29> [637AF710][Warning] missing chr material : game/objects/characters/ferre/male/parts/ar/obj/fe_m_ar_cloth168.mtl (chr: game/objects/characters/ferre/male/parts/ar/obj/fe_m_2sh018_5ar204.chr)
<13:56:29> [000004EE][Warning] [CGF Error] game/objects/item/bow/bow_eph_7/bow_eph_7.cgf [:] LOD1 of geometry  contains too many polygons comparing to the LOD0 [824 against 1214] :
<13:56:30> [BCCDC555][Warning] MakeSprite - too many sprite update (10). dropping.. (sprites : 151)
<13:56:32> [745BAE2F][Warning] failed to stream material xml(game/objects/characters/ferre/male/parts/gv/cloth/gv_cloth485/fe_m_gv_cloth485_grap01.mtl)
<13:56:32> [CA175C82][Warning] non-stream IO. system(Material), filePath(game/objects/characters/warborn/female/horns/wa_f_horns006/wa_f_horns006_hc02.mtl)
<13:56:34> [637AF710][Warning] missing chr material : game/objects/characters/ferre/female/parts/gv/obj/fe_f_gv_cloth037.mtl (chr: game/objects/characters/ferre/female/parts/gv/obj/fe_f_1gv102.chr)
<13:56:35> [3EF08C47] seamless loading cell object(W22, 5), (L5, 2)
<13:56:35> [6EF7289B][Warning] Cannot load texture objects/env/02_harihara/11_lo/lo_biarmtent_a02_dnn.dds, file missing [File=objects/env/02_harihara/11_lo/lo_biarmtent_a02_dnn.dds]
<13:56:35> [B95EE41B][Error] invalid parent unit id(61100)
<13:56:36> [CFFE1C46][Error] Error streaming texture: Error 'Offset out of range', Texture: game/objects/characters/animals/cat_baby_pet/cat_baby_pet_df.dds
<13:56:38> [65FB52A3][Warning] Entity Yogurt:cannot find animation additive_fist_ba_relaxed_idle_rand_1
<13:56:41> [CFFE1C46][Error] Error streaming texture: Error 'Offset out of range', Texture: game/objects/characters/animals/cat_baby_pet/cat_baby_pet_df.dds
<13:56:43> [65FB52A3][Warning] Entity Yogurt:cannot find animation additive_fist_ba_relaxed_idle_rand_7
