[801989E0] BackupNameAttachment=" Build(0) Date(12 September 2025) Time(20 13 14)"  -- used by backup system
[00000020]  
[38F38F32] Log Started at #c
[0232BD25] Running 32 bit version
[7AB6F5FE] Executable: C:\Games\AAClassic\bin32\archeage.exe
[E5C771AC] FileVersion: 3.5.0.0
[F799D55F] ProductVersion: 3.5.3.0
[1F1D6B13] Using Microsoft (tm) C++ Standard Library implementation
[00000020]  
[C7D96C80] Revision: 350000
[00000020]  
[64533E3E] this is the first client
<20:13:19> [B9197FD5][Error] ConsoleVariableGroup[option_effect] key[e_particles_lod_onoff] has no default
<20:13:19> [76666E6D] 
--- CPU detection ---
<20:13:19> [F4D992D8] CPU: AMD AMD Ryzen 7 7800X3D 8-Core Processor           
<20:13:19> [3F649B02] Family: 15, Model: 1, Stepping: 2
<20:13:19> [83D12E0B] FPU: On-Chip
<20:13:19> [50919DA0] CPU Speed (estimated): 4192.099061 MHz
<20:13:19> [C73FD83A] MMX: not present
<20:13:19> [89D1077A] SSE: present
<20:13:19> [64E2B6F1] 3DNow!: present
<20:13:19> [27B7AC6E] Serial number not present or disabled
<20:13:19> [1D2D8E5B] Number of logical processors: 16
<20:13:19> [FA658084] Number of available logical processors: 16
<20:13:19> [A1F061C2] Invariant Time Stamp Counter : yes
<20:13:19> [FA0251ED] ---------------------

<20:13:19> [03E7D838] Device Info
<20:13:19> [9F603516] Device Info - 1
<20:13:19> [9F603517] Device Info - 2
<20:13:19> [9F603518] Device Info - 3
<20:13:19> [9F603519] Device Info - 4
<20:13:19> [9F60351A] Device Info - 5
<20:13:19> [9F60351B] Device Info - 6
<20:13:19> [9F60351C] Device Info - 7
<20:13:19> [E98ECC28] Video Memory Info
<20:13:19> [D5FBE664] Video Memory - 1
<20:13:19> [D5FBE665] Video Memory - 2
<20:13:19> [D5FBE666] Video Memory - 3
<20:13:19> [D5FBE667] Video Memory - 4
<20:13:19> [D5FBE668] Video Memory - 5
<20:13:19> [D5FBE669] Video Memory - 6
<20:13:19> [D5FBE66A] Video Memory - 7
<20:13:19> [D5FBE66B] Video Memory - 8
<20:13:19> [3A4D54A2][Warning] config/gpu/amd.txt line 55 contains a multiple defined GPU rating!
<20:13:19> [D20872C0] InitThreadAffinities
<20:13:19> [2F28A434] UpdateMainThreadAffinity
<20:13:19> [16962512] Windows 8 64 bit (build 6.2.9200)
<20:13:19> [38DFF081] System language: English
<20:13:19> [861A0178] Windows Directory: "C:\windows"
<20:13:19> [341B54F1] Prerequisites...
<20:13:19> [5D1B3C9C] * Installation of KB940105 hotfix required: no! (either not needed or already installed)
<20:13:19> [5369CBEC] Local time is 20:13:19 09/12/25, system running for 3 minutes
<20:13:19> [FDE64581] 63426MB physical memory installed, 39978MB available, 4095MB virtual memory installed, 36 percent of memory in use
<20:13:19> [31259232] PageFile usage: 
<20:13:19> [453F0D1B] Current display mode is 2560x1440x32
<20:13:19> [8A64FCCC] IBM enhanced (101/102-key) keyboard and 3+ button mouse installed
<20:13:19> [CE30556B] ----- GPU Detection -----------------
<20:13:19> [03E7D838] Device Info
<20:13:19> [9F603516] Device Info - 1
<20:13:19> [9F603517] Device Info - 2
<20:13:19> [9F603518] Device Info - 3
<20:13:19> [9F603519] Device Info - 4
<20:13:19> [9F60351A] Device Info - 5
<20:13:19> [9F60351B] Device Info - 6
<20:13:19> [9F60351C] Device Info - 7
<20:13:19> [E98ECC28] Video Memory Info
<20:13:19> [D5FBE664] Video Memory - 1
<20:13:19> [D5FBE665] Video Memory - 2
<20:13:19> [D5FBE666] Video Memory - 3
<20:13:19> [D5FBE667] Video Memory - 4
<20:13:19> [D5FBE668] Video Memory - 5
<20:13:19> [D5FBE669] Video Memory - 6
<20:13:19> [D5FBE66A] Video Memory - 7
<20:13:19> [D5FBE66B] Video Memory - 8
<20:13:19> [99EA404A]  AMD Radeon RX 7800 XT (RADV NAVI32) (vendor = 0x1002, device = 0x747e, subSys = 0x00000000)
<20:13:19> [77718B6A] -- Video memory: 4081 MB
<20:13:19> [30DF1863] -- Minimum SM 2.0 support: yes
<20:13:19> [13E11956] -- DX11 supported: yes
<20:13:19> [50B60100] --------------------------------------------------------------------------------
<20:13:19> [5921EDBE] Stream Engine Initialization
<20:13:19> [BA0D559B] Splash: Initializing Stream Engine...
<20:13:19> [939F6EBB] Enable Resolutions : 0
<20:13:19> [A30A84B6] can't enum display resolution modes
<20:13:19> [B324CD25] Screen Resolution - 1024x768
<20:13:19> [3778EA0B] Screen Resolution - 2 (2560x1440)
<20:13:19> [A1B107F0] Screen Resolution - Test OK (2560x1440)
<20:13:19> [A9E4B0F2] Network initialization
<20:13:19> [BA0D559B] Splash: Initializing Network System...
<20:13:19> [14FAD233] Socket I/O by iocp
<20:13:19> [E36A4FB9] Physics initialization
<20:13:19> [BA0D559B] Splash: Initializing Physics...
<20:13:19> [2462D581] MovieSystem initialization
<20:13:19> [BA0D559B] Splash: Initializing Movie System...
<20:13:19> [93287AEC] Renderer initialization - Start
<20:13:19> [BA0D559B] Splash: Initializing Renderer...
<20:13:19> [91207680] Renderer initialization - Open
<20:13:19> [4377E7CB] Renderer initialization - DLL Load(CryRenderD3D9.dll)
<20:13:19> [71203A94] Renderer initialization - DLL Done
<20:13:19> [71227C22] Renderer initialization - DLL Init
<20:13:19> [C653D9CB] Renderer initialization - Instance
<20:13:19> [44D9754D] D3D Adapter: Driver name: aticfx32.dll
<20:13:19> [82BE8322] D3D Adapter: Driver description: AMD Radeon RX 7800 XT (RADV NAVI32)
<20:13:19> [2224501A] D3D Adapter: Driver version: 32767.65535.65535.65535
<20:13:19> [E8D1E30D] D3D Adapter: Driver GUID: 00000000-0003-0000-0000000000000000
<20:13:19> [BC8C1ACB] D3D Adapter: VendorId = 0x1002
<20:13:19> [B6A10CFD] D3D Adapter: DeviceId = 0x747E
<20:13:19> [0678E702] D3D Adapter: SubSysId = 0x00000000
<20:13:19> [F2243F0E] D3D Adapter: Revision = 0
<20:13:19> [E571CFEE] Shader manager initialization
<20:13:19> [047BB541][Warning] WARNING: Bin FXShader 'shaders/Cache/D3D9/cloth.cfxb' source crc mismatch
<20:13:22> [05BAAEF6] CResFile allocations incurred by user cache preload: (0.00k)
<20:13:22> [911B73B8] Renderer initialization - Done
<20:13:22> [8E444EA9] Console initialization
<20:13:22> [2904A233] Time initialization
<20:13:22> [3650CFD6] Input initialization
<20:13:22> [BA0D559B] Splash: Initializing Input System...
<20:13:22> Initializing Keyboard
<20:13:22> [99640BF1] Sound initialization
<20:13:22> [BA0D559B] Splash: Initializing Sound System...
<20:13:22> [2C33885C] Sound - Initializing AudioDevice now!
<20:13:22> [E46760A9] <Sound> Initialize FMOD with dynamic memory callbacks
<20:13:23> [D6755BFD] <Sound> Starting to initialize Windows Audio Session API output! 
<20:13:23> [F7E8E3CD] <Sound> Drivers found: 5
<20:13:23> [5076AD4B] <Sound> Available drivers:
	1.	PulseAudio Output (PulseAudio Output)
	2.	Blue Microphones Analog Stereo (Blue Microphones Analog Stereo)
	3.	Wireless Controller (Wireless Controller)
	4.	Navi 31 HDMI/DP Audio Digital Stereo (HDMI) (Navi 31 HDMI/DP Audio Digital Stereo (HDMI))
	5.	Family 17h/19h/1ah HD Audio Controller Analog Stereo (Family 17h/19h/1ah HD Audio Controller Analog Stereo)
<20:13:23> [A0BBF7E1] <Sound> FmodEx-AudioDevice: Now running on driver: PulseAudio Output (PulseAudio Output)
<20:13:23> [14D8EFE1] <Sound> Using speaker mode: FMOD_SPEAKERMODE_STEREO
<20:13:23> [E79C27E5] <Sound> Initializing FMOD-EX now!
<20:13:23> [E2A9FE08] <Sound> Available record drivers: 0 PulseAudio Input (PulseAudio Input) !
<20:13:23> [E2A9FE08] <Sound> Available record drivers: 1 Family 17h/19h/1ah HD Audio Controller Analog Stereo (Family 17h/19h/1ah HD Audio Controller Analog Stereo) !
<20:13:23> [E2A9FE08] <Sound> Available record drivers: 2 Wireless Controller (Wireless Controller) !
<20:13:23> [E2A9FE08] <Sound> Available record drivers: 3 Blue Microphones Analog Stereo (Blue Microphones Analog Stereo) !
<20:13:23> [E2A9FE08] <Sound> Available record drivers: 4 Monitor of Family 17h/19h/1ah HD Audio Controller (Monitor of Family 17h/19h/1ah HD Audio Controller) !
<20:13:23> [E2A9FE08] <Sound> Available record drivers: 5 Monitor of Blue Microphones Analog Stereo (Monitor of Blue Microphones Analog Stereo) !
<20:13:23> [E2A9FE08] <Sound> Available record drivers: 6 Wireless Controller (Wireless Controller) !
<20:13:23> [E2A9FE08] <Sound> Available record drivers: 7 Monitor of Navi 31 HDMI/DP Audio Digital Stereo (HDMI) (Monitor of Navi 31 HDMI/DP Audio Digital Stereo (HDMI)) !
<20:13:23> [6841BE38] <Sound> Record config is set to autodetect using record driver 0
<20:13:23> [7808B4C4] <Sound> Using FMOD version: 00044414 and internal 00044414!
<20:13:23> [2A2815C7] <Sound> Initialized FMOD-EX
<20:13:23> [BE4EF52E] Sound - Initializing SoundSystem now!
<20:13:23> [0D547471] Font initialization
<20:13:23> [BA0D559B] Splash: Initializing Fonts...
<20:13:23> [C194F7C8][Warning] Cannot load texture textures/defaults/replacemecm.tif, file missing [File=textures/defaults/replacemecm.dds]
<20:13:23> [84206398] AI initialization
<20:13:23> [1BC221DE] Initializing Animation System
<20:13:23> [BA0D559B] Splash: Initializing Animation System...
<20:13:23> [9E592EFE] Initializing 3D Engine
<20:13:23> [BA0D559B] Splash: Initializing 3D Engine...
<20:13:23> [637AF710][Warning] missing chr material : game/objects/characters/ferre/female/nude/Standard_22.mtl (chr: game/objects/characters/ferre/female/nude/fe_f_base.chr)
<20:13:23> [91F5AEEC][Warning] number of bones mismatch! game/objects/characters/ferre/female/nude/fe_f_base.chr=195 game/objects/characters/ferre/female/nude/fe_f_base_lod1.chr=185
<20:13:24> [7415A452] CHR PreCaching 25 Done
<20:13:24> [E7AD4E53] AddSharedMorphTargets - Failed to load objects/characters/dwarf/male/face/dw_m_face00.chr
<20:13:24> [61AD1790] MorphTargetPreCaching - objects/characters/dwarf/male/face/dw_m_face00.chr Add Failed
<20:13:24> [A4A6E4C6] MorphTarget PreCaching 11 Done
<20:13:24> [5ACB40E2] Init Face Makers
<20:13:24> [56B5985B] X2FaceMaker - game/objects/characters/nuian/male/face/nu_m_face01_mid.chr : mouth_UnderbiteOverbite target not exist
<20:13:24> [56B5985B] X2FaceMaker - game/objects/characters/nuian/male/face/nu_m_face01_mid.chr : mouth_UnderbiteOverbite target not exist
<20:13:24> [56B5985B] X2FaceMaker - game/objects/characters/nuian/male/face/nu_m_face01_mid.chr : mouth_UnderbiteOverbite target not exist
<20:13:25> [4ABB03EB] game/objects/characters/ferre/female/face/fe_f_face01_low.chr(303) - objects/characters/ferre/female/face/fe_f_face00.chr(3063) SharedMorph is not matched
<20:13:25> [56B5985B] X2FaceMaker - game/objects/characters/nuian/male/face/nu_m_face01_mid.chr : mouth_UnderbiteOverbite target not exist
<20:13:25> [56B5985B] X2FaceMaker - game/objects/characters/nuian/male/face/nu_m_face01_mid.chr : nose_dw_SeptumVol target not exist
<20:13:25> [56B5985B] X2FaceMaker - game/objects/characters/nuian/male/face/nu_m_face01_mid.chr : nose_dw_NasalZposition target not exist
<20:13:25> [56B5985B] X2FaceMaker - game/objects/characters/nuian/male/face/nu_m_face01_mid.chr : FS_dwEarSize target not exist
<20:13:25> [56B5985B] X2FaceMaker - game/objects/characters/nuian/male/face/nu_m_face01_mid.chr : dwarf_Morph target not exist
<20:13:25> [56B5985B] X2FaceMaker - game/objects/characters/nuian/male/face/nu_m_face01_mid.chr : FS_dw_CheekMeat_min target not exist
<20:13:25> [1191A6A8] X2FaceMaker - game/objects/characters/nuian/male/face/nu_m_face01_mid.chr : FS_dw_CheekMeat_max ex target not exist
<20:13:25> [56B5985B] X2FaceMaker - game/objects/characters/warborn/male/face/wa_m_face01_mid.chr : eye_Forehead target not exist
<20:13:25> [56B5985B] X2FaceMaker - game/objects/characters/warborn/male/face/wa_m_face01_mid.chr : eye_Tail_min target not exist
<20:13:25> [1191A6A8] X2FaceMaker - game/objects/characters/warborn/male/face/wa_m_face01_mid.chr : eye_Tail_max ex target not exist
<20:13:25> [56B5985B] X2FaceMaker - game/objects/characters/warborn/male/face/wa_m_face01_mid.chr : eye_WidthLength_min target not exist
<20:13:25> [1191A6A8] X2FaceMaker - game/objects/characters/warborn/male/face/wa_m_face01_mid.chr : eye_WidthLength_max ex target not exist
<20:13:25> [56B5985B] X2FaceMaker - game/objects/characters/warborn/male/face/wa_m_face01_mid.chr : eye_DoubleEyelidShape target not exist
<20:13:25> [56B5985B] X2FaceMaker - game/objects/characters/warborn/male/face/wa_m_face01_mid.chr : eye_BrowXposition target not exist
<20:13:25> [56B5985B] X2FaceMaker - game/objects/characters/warborn/male/face/wa_m_face01_mid.chr : eye_BrowZposition target not exist
<20:13:25> [56B5985B] X2FaceMaker - game/objects/characters/warborn/male/face/wa_m_face01_mid.chr : nose_Nostril target not exist
<20:13:25> [56B5985B] X2FaceMaker - game/objects/characters/warborn/male/face/wa_m_face01_mid.chr : nose_Size target not exist
<20:13:25> [56B5985B] X2FaceMaker - game/objects/characters/warborn/male/face/wa_m_face01_mid.chr : nose_SeptumZposition target not exist
<20:13:25> [56B5985B] X2FaceMaker - game/objects/characters/warborn/male/face/wa_m_face01_mid.chr : nose_End target not exist
<20:13:25> [56B5985B] X2FaceMaker - game/objects/characters/warborn/male/face/wa_m_face01_mid.chr : nose_Size target not exist
<20:13:25> [56B5985B] X2FaceMaker - game/objects/characters/warborn/male/face/wa_m_face01_mid.chr : mouth_UpperLipVolume target not exist
<20:13:25> [56B5985B] X2FaceMaker - game/objects/characters/warborn/male/face/wa_m_face01_mid.chr : mouth_LowerLipVolume target not exist
<20:13:25> [56B5985B] X2FaceMaker - game/objects/characters/warborn/male/face/wa_m_face01_mid.chr : mouth_UpperLipOpen target not exist
<20:13:25> [56B5985B] X2FaceMaker - game/objects/characters/warborn/male/face/wa_m_face01_mid.chr : mouth_LowerLipOpen target not exist
<20:13:25> [56B5985B] X2FaceMaker - game/objects/characters/warborn/male/face/wa_m_face01_mid.chr : mouth_MouthOpen target not exist
<20:13:25> [56B5985B] X2FaceMaker - game/objects/characters/warborn/male/face/wa_m_face01_mid.chr : mouth_Size target not exist
<20:13:25> [56B5985B] X2FaceMaker - game/objects/characters/warborn/male/face/wa_m_face01_mid.chr : mouth_Shape_min target not exist
<20:13:25> [1191A6A8] X2FaceMaker - game/objects/characters/warborn/male/face/wa_m_face01_mid.chr : mouth_Shape_max ex target not exist
<20:13:25> [56B5985B] X2FaceMaker - game/objects/characters/warborn/male/face/wa_m_face01_mid.chr : mouth_TeethZposition target not exist
<20:13:25> [56B5985B] X2FaceMaker - game/objects/characters/warborn/male/face/wa_m_face01_mid.chr : FS_JawHigh_min target not exist
<20:13:25> [1191A6A8] X2FaceMaker - game/objects/characters/warborn/male/face/wa_m_face01_mid.chr : FS_JawHigh_max ex target not exist
<20:13:25> [56B5985B] X2FaceMaker - game/objects/characters/warborn/male/face/wa_m_face01_mid.chr : FS_EarRotate_min target not exist
<20:13:25> [1191A6A8] X2FaceMaker - game/objects/characters/warborn/male/face/wa_m_face01_mid.chr : FS_EarRotate_max ex target not exist
<20:13:25> [56B5985B] X2FaceMaker - game/objects/characters/warborn/male/face/wa_m_face01_mid.chr : FS_Beard1 target not exist
<20:13:25> [56B5985B] X2FaceMaker - game/objects/characters/warborn/male/face/wa_m_face01_mid.chr : FS_Beard2 target not exist
<20:13:25> [56B5985B] X2FaceMaker - game/objects/characters/warborn/male/face/wa_m_face01_mid.chr : FS_Beard3 target not exist
<20:13:25> [56B5985B] X2FaceMaker - game/objects/characters/warborn/female/face/wa_f_face01_mid.chr : eye_Yposition_min target not exist
<20:13:25> [1191A6A8] X2FaceMaker - game/objects/characters/warborn/female/face/wa_f_face01_mid.chr : eye_Yposition_max ex target not exist
<20:13:25> [56B5985B] X2FaceMaker - game/objects/characters/warborn/female/face/wa_f_face01_mid.chr : FS_AllLowerY target not exist
<20:13:25> [56B5985B] X2FaceMaker - game/objects/characters/warborn/female/face/wa_f_face01_mid.chr : FS_AllRotate target not exist
<20:13:25> [56B5985B] X2FaceMaker - game/objects/characters/warborn/female/face/wa_f_face01_mid.chr : FS_AllY target not exist
<20:13:25> [56B5985B] X2FaceMaker - game/objects/characters/warborn/female/face/wa_f_face01_mid.chr : mouth_Open_min target not exist
<20:13:25> [1191A6A8] X2FaceMaker - game/objects/characters/warborn/female/face/wa_f_face01_mid.chr : mouth_Open_max ex target not exist
<20:13:25> [E320B5CE] Init Face Makers - Done!
<20:13:25> [581CA53C] Script System Initialization
<20:13:25> [BA0D559B] Splash: Initializing Script System...
<20:13:25> [000004EE][Warning] [Lua Error] 1_3_0/scripts/common.lua:276: attempt to index global 'Script' (a nil value)
<20:13:25> [58F3F7FF][Warning] <null>:0: [Lua Error] Failed to execute file @game/scriptsbin/common.alb
<20:13:25> [D8B2BA54] Entity system initialization
<20:13:25> [BA0D559B] Splash: Initializing Entity System...
<20:13:25> [D55F91B2][Warning] [CEntityClassRegistry] LoadClassDescription failed, Entity Class name Chick already registered
<20:13:25> [BA0D559B] Splash: Initializing AI System...
<20:13:25> [DA019954] Initializing AI System
<20:13:25> [2546BCC5] Initializing Budgeting System
<20:13:25> [C0E19025] Initializing Seamless System
<20:13:25> [BA0D559B] Splash: Loading Game Data...
<20:13:26> [90B8EC50][Warning] too many ranges: aoe_shapes descs 10156(10156) threshold 100 ranges 12
<20:13:27> [BA4AD6CE] Loading portal list
<20:13:27> [92597454] Portal added, enter: 3891, exit: 6629
<20:13:27> [92597454] Portal added, enter: 21448, exit: 21449
<20:13:27> [92597454] Portal added, enter: 21450, exit: 21451
<20:13:27> [92597454] Portal added, enter: 21452, exit: 21453
<20:13:27> [92597454] Portal added, enter: 21698, exit: 21699
<20:13:27> [92597454] Portal added, enter: 22023, exit: 22024
<20:13:27> [92597454] Portal added, enter: 22042, exit: 22066
<20:13:27> [92597454] Portal added, enter: 22136, exit: 22137
<20:13:27> [92597454] Portal added, enter: 22163, exit: 22164
<20:13:27> [92597454] Portal added, enter: 22184, exit: 22185
<20:13:27> [92597454] Portal added, enter: 22336, exit: 22337
<20:13:27> [92597454] Portal added, enter: 9000063, exit: 9000064
<20:13:27> [1C664009] End loading portal list
<20:13:27> [937812F7] loaded DDCMS (1396969 descs, 719156 links (17 page 16.95MB size) string) from game\db\compact.sqlite3 in 958 ms
<20:13:27> [BA0D559B] Splash: Initializing Game System...
<20:13:27> [000004EE][Warning] [Lua Error] no localized ui text for 18 always_refund
<20:13:28> [0ADE3294][Warning] [MFX] Effect 'collisions:grenade' already present. Overriding.
<20:13:28> [311630D1][Warning] MFX WARNING: Material not found: mat_ice_breakable
<20:13:28>  
<20:13:28>    sys_spec = Custom (assuming 4)
<20:13:28>      option_anti_aliasing = 2 expected:3
<20:13:28>  
<20:13:28> [BA0D559B] Splash: Preparing Screen...
<20:13:28> [3778EA0B] Screen Resolution - 2 (2560x1440)
<20:13:28> [A1B107F0] Screen Resolution - Test OK (2560x1440)
<20:13:28> [963385F6] Level System - Loading Start
<20:13:28> [D2121932] Change resolution: 2560x1440x32 (Windowed)
<20:13:28> [583D6F38] Final resolution: 2560x1440x32 (Windowed)
<20:13:28> [806B6F8D] precaching world entities ..
<20:13:28> [7E39E0DE] precaching world entities .. done!  total (0) objects
<20:13:28> [D2B280D6] Vegetation Manager : Loading World(login2)
<20:13:28> [075AB92F] Vegetation Manager : Loading World - Done (total 36 vegetations)
<20:13:28> [B9410AA1] total 20 terrain world surfaces loaded
<20:13:28> Loading Particle Library: collisions
<20:13:28> Loading Particle Library: water
<20:13:28> Loading Particle Library: misc
<20:13:28> Loading Particle Library: ability_skill_table
<20:13:28> Loading Particle Library: ability_skill_table_k
<20:13:28> Loading Particle Library: abillity_skill_table_m
<20:13:28> Loading Particle Library: machinima
<20:13:28> Loading Particle Library: x2_effects
<20:13:28> Loading Particle Library: x2_effects_k
<20:13:29> [280A47E3] Precached total 2 materials
<20:13:29> [7B1A973B] seamless loading cell terrain(W0, 1), (L0, 0)
<20:13:29> [3EF08C47] seamless loading cell object(W0, 1), (L0, 0)
<20:13:29> [584C4FFD] [net 00:13:19.702]  dns ip:192.168.1.202
<20:13:29> [584C4FFD] [net 00:13:19.702]  dns ip:172.17.0.1
<20:13:29> [584C4FFD] [net 00:13:19.702]  dns ip:172.19.0.1
<20:13:29> [584C4FFD] [net 00:13:19.702]  dns ip:172.18.0.1
<20:13:29> [0DE3FA89][Error] CryAnimation: character-definition creation failed: game/objects/characters/elf/female/nude/el_f_kyprosa.cdf
<20:13:29> [13A58BA0][Error] CryAnimation: character-definition not found: game/objects/characters/elf/female/nude/el_f_kyprosa.cdf
<20:13:29> [4DD44108] Start DaruCommon Extension
<20:13:29> [1B425DA5] Duplicated post effect param! pszName = FilterMaskedBlurring_Amount
<20:13:29> [1B425DA5] Duplicated post effect param! pszName = FilterMaskedBlurring_MaskTexName
<20:13:29> [1B425DA5] Duplicated post effect param! pszName = FilterChromaShift_User_Amount
<20:13:29> [1B425DA5] Duplicated post effect param! pszName = FilterGrain_Amount
<20:13:29> [8F6BAA6C][Warning] Couldn't find console variable 'e_water_ocean_fft'
<20:13:29> Loading Particle Library: wind
<20:13:29> Loading Particle Library: X2_EFFECT_O
<20:13:29> [000004EE][Warning] Particle effect not found: '                                                                ', from ParticleEffect fx_land_green
<20:13:29> [12409CCC] Load Zone Finished
<20:13:29> [A39C1725] Level System - Loading Complete
<20:13:30> [27293DED] -----------------------------------------------------
<20:13:30> [120C18F5] * LOADING: 'loginbg4' loading time: 2.17 seconds
<20:13:30> [27293DED] -----------------------------------------------------
<20:13:30> [000004EE][Warning] [Lua Error] no client player exists
<20:13:30> [A13C772D][Warning] Cannot load texture ui/font_color.g, Image file format is invalid [File=ui/font_color.g]
<20:13:30> [9FC303B8][Error] [CVARS]: [DUPLICATE] CXConsole::RegisterFloat(): variable [ui_double_click_interval] is already registered
<20:13:30> [09F46B9D]     cl_fov = 90 []
<20:13:30> [09F46B9D]     camera_max_dist = 120 []
<20:13:30> [73861D69] Unknown command: name_tag_hp_width_on_bgmode 80
<20:13:30> [73861D69] Unknown command: name_tag_hp_height_on_bgmode 30
<20:13:30> [000FABC5][Warning] CAreaGrid::BeginAreas() called before being initialized.
<20:13:30> [000004EE][Warning] I3DEngine::RegisterEntity: entity reports invalid position: Name: LightEntityName (), Class: LightEntityClass, Pos=(515.8,6996.2,587.4), aabb center=(0.0,40.0,0.0)
<20:13:32> [11E02DA3][Warning] Cannot load texture textures/defaults/16_12.dds, file missing [File=textures/defaults/16_12.dds]
<20:13:33> [1D01FDCA] Auth: client connected to server
<20:13:33> [584C4FFD] [net 00:13:33.826]  socket ip:192.168.1.202
<20:13:33> [4C920A71] mac address : 74-56-3c-fe-52-f3
<20:13:35> [A13C772D][Warning] Cannot load texture ui/font_color.g, Image file format is invalid [File=ui/font_color.g]
<20:14:19> [7CC1A260] Save Game Option
<20:14:19> [D2121932] Change resolution: 2560x1440x32 (Windowed)
<20:14:19> [FD3FC76F] resetting terrain texture cache
<20:14:19> [FD3FC76F] resetting terrain texture cache
<20:14:19> [B0F7CF3E] Window Rect 0, 0, 2560x1440, 2560x1440
<20:14:19> [583D6F38] Final resolution: 2554x1408x32 (Windowed)
<20:14:19> [9FC303B8][Error] [CVARS]: [DUPLICATE] CXConsole::RegisterFloat(): variable [ui_double_click_interval] is already registered
<20:14:19> [000004EE][Warning] [Lua Error] no localized ui text for 18 always_refund
<20:14:19> [000004EE][Warning] [Lua Error] no client player exists
<20:14:19> [09F46B9D]     cl_fov = 90 []
<20:14:19> [09F46B9D]     camera_max_dist = 120 []
<20:14:19> [73861D69] Unknown command: name_tag_hp_width_on_bgmode 80
<20:14:19> [73861D69] Unknown command: name_tag_hp_height_on_bgmode 30
<20:14:19> [A13C772D][Warning] Cannot load texture ui/font_color.g, Image file format is invalid [File=ui/font_color.g]
<20:14:19> [247165BA][Warning] Cannot load texture ui/login_stage/background/game_information.dds, file missing [File=ui/login_stage/background/game_information.dds]
<20:14:27> [7CC1A260] Save Game Option
<20:14:27> [D2121932] Change resolution: 2560x1440x32 (Windowed)
<20:14:27> [FD3FC76F] resetting terrain texture cache
<20:14:27> [FD3FC76F] resetting terrain texture cache
<20:14:27> [583D6F38] Final resolution: 2560x1440x32 (Windowed)
<20:14:27> [9FC303B8][Error] [CVARS]: [DUPLICATE] CXConsole::RegisterFloat(): variable [ui_double_click_interval] is already registered
<20:14:27> [000004EE][Warning] [Lua Error] no localized ui text for 18 always_refund
<20:14:27> [000004EE][Warning] [Lua Error] no client player exists
<20:14:27> [09F46B9D]     cl_fov = 90 []
<20:14:27> [09F46B9D]     camera_max_dist = 120 []
<20:14:27> [73861D69] Unknown command: name_tag_hp_width_on_bgmode 80
<20:14:27> [73861D69] Unknown command: name_tag_hp_height_on_bgmode 30
<20:14:27> [A13C772D][Warning] Cannot load texture ui/font_color.g, Image file format is invalid [File=ui/font_color.g]
<20:14:27> [247165BA][Warning] Cannot load texture ui/login_stage/background/game_information.dds, file missing [File=ui/login_stage/background/game_information.dds]
<20:14:37> [05D024BA] System:Quit
