[801989E0] BackupNameAttachment=" Build(0) Date(19 September 2025) Time(09 14 31)"  -- used by backup system
[00000020]  
[38F38F32] Log Started at #c
[0232BD25] Running 32 bit version
[7AB6F5FE] Executable: C:\Games\AAClassic\bin32\archeage.exe
[E5C771AC] FileVersion: 3.5.0.0
[F799D55F] ProductVersion: 3.5.3.0
[1F1D6B13] Using Microsoft (tm) C++ Standard Library implementation
[00000020]  
[C7D96C80] Revision: 350000
[00000020]  
[64533E3E] this is the first client
<09:14:36> [B9197FD5][Error] ConsoleVariableGroup[option_effect] key[e_particles_lod_onoff] has no default
<09:14:36> [76666E6D] 
--- CPU detection ---
<09:14:36> [F4D992D8] CPU: AMD AMD Ryzen 7 7800X3D 8-Core Processor           
<09:14:36> [3F649B02] Family: 15, Model: 1, Stepping: 2
<09:14:36> [83D12E0B] FPU: On-Chip
<09:14:36> [50919DA0] CPU Speed (estimated): 4192.115345 MHz
<09:14:36> [C73FD83A] MMX: not present
<09:14:36> [89D1077A] SSE: present
<09:14:36> [64E2B6F1] 3DNow!: present
<09:14:36> [27B7AC6E] Serial number not present or disabled
<09:14:36> [1D2D8E5B] Number of logical processors: 16
<09:14:36> [FA658084] Number of available logical processors: 16
<09:14:36> [A1F061C2] Invariant Time Stamp Counter : yes
<09:14:36> [FA0251ED] ---------------------

<09:14:36> [03E7D838] Device Info
<09:14:36> [9F603516] Device Info - 1
<09:14:36> [9F603517] Device Info - 2
<09:14:36> [9F603518] Device Info - 3
<09:14:36> [9F603519] Device Info - 4
<09:14:36> [9F60351A] Device Info - 5
<09:14:36> [9F60351B] Device Info - 6
<09:14:36> [9F60351C] Device Info - 7
<09:14:36> [E98ECC28] Video Memory Info
<09:14:36> [D5FBE664] Video Memory - 1
<09:14:36> [D5FBE665] Video Memory - 2
<09:14:37> [D5FBE666] Video Memory - 3
<09:14:37> [D5FBE667] Video Memory - 4
<09:14:37> [D5FBE668] Video Memory - 5
<09:14:37> [D5FBE669] Video Memory - 6
<09:14:37> [D5FBE66A] Video Memory - 7
<09:14:37> [D5FBE66B] Video Memory - 8
<09:14:37> [3A4D54A2][Warning] config/gpu/amd.txt line 55 contains a multiple defined GPU rating!
<09:14:37> [D20872C0] InitThreadAffinities
<09:14:37> [2F28A434] UpdateMainThreadAffinity
<09:14:37> [16962512] Windows 8 64 bit (build 6.2.9200)
<09:14:37> [38DFF081] System language: English
<09:14:37> [861A0178] Windows Directory: "C:\windows"
<09:14:37> [341B54F1] Prerequisites...
<09:14:37> [5D1B3C9C] * Installation of KB940105 hotfix required: no! (either not needed or already installed)
<09:14:37> [EE0DB912] Local time is 09:14:37 09/19/25, system running for 55 minutes
<09:14:37> [5AB31167] 63426MB physical memory installed, 35536MB available, 4095MB virtual memory installed, 43 percent of memory in use
<09:14:37> [31259232] PageFile usage: 
<09:14:37> [453F0D1B] Current display mode is 2560x1440x32
<09:14:37> [8A64FCCC] IBM enhanced (101/102-key) keyboard and 3+ button mouse installed
<09:14:37> [CE30556B] ----- GPU Detection -----------------
<09:14:37> [03E7D838] Device Info
<09:14:37> [9F603516] Device Info - 1
<09:14:37> [9F603517] Device Info - 2
<09:14:37> [9F603518] Device Info - 3
<09:14:37> [9F603519] Device Info - 4
<09:14:37> [9F60351A] Device Info - 5
<09:14:37> [9F60351B] Device Info - 6
<09:14:37> [9F60351C] Device Info - 7
<09:14:37> [E98ECC28] Video Memory Info
<09:14:37> [D5FBE664] Video Memory - 1
<09:14:37> [D5FBE665] Video Memory - 2
<09:14:37> [D5FBE666] Video Memory - 3
<09:14:37> [D5FBE667] Video Memory - 4
<09:14:37> [D5FBE668] Video Memory - 5
<09:14:37> [D5FBE669] Video Memory - 6
<09:14:37> [D5FBE66A] Video Memory - 7
<09:14:37> [D5FBE66B] Video Memory - 8
<09:14:37> [99EA404A]  AMD Radeon RX 7800 XT (RADV NAVI32) (vendor = 0x1002, device = 0x747e, subSys = 0x00000000)
<09:14:37> [77718B6A] -- Video memory: 4081 MB
<09:14:37> [30DF1863] -- Minimum SM 2.0 support: yes
<09:14:37> [13E11956] -- DX11 supported: yes
<09:14:37> [50B60100] --------------------------------------------------------------------------------
<09:14:37> [5921EDBE] Stream Engine Initialization
<09:14:37> [BA0D559B] Splash: Initializing Stream Engine...
<09:14:37> [939F6EBB] Enable Resolutions : 20
<09:14:37> [B324CD25] Screen Resolution - 2048x1152
<09:14:37> [3778EA0B] Screen Resolution - 1 (1920x1080)
<09:14:37> [A1B107F0] Screen Resolution - Test OK (1920x1080)
<09:14:37> [A9E4B0F2] Network initialization
<09:14:37> [BA0D559B] Splash: Initializing Network System...
<09:14:37> [14FAD233] Socket I/O by iocp
<09:14:37> [E36A4FB9] Physics initialization
<09:14:37> [BA0D559B] Splash: Initializing Physics...
<09:14:37> [2462D581] MovieSystem initialization
<09:14:37> [BA0D559B] Splash: Initializing Movie System...
<09:14:37> [93287AEC] Renderer initialization - Start
<09:14:37> [BA0D559B] Splash: Initializing Renderer...
<09:14:37> [91207680] Renderer initialization - Open
<09:14:37> [4377E7CB] Renderer initialization - DLL Load(CryRenderD3D9.dll)
<09:14:37> [71203A94] Renderer initialization - DLL Done
<09:14:37> [71227C22] Renderer initialization - DLL Init
<09:14:37> [C653D9CB] Renderer initialization - Instance
<09:14:37> [44D9754D] D3D Adapter: Driver name: aticfx32.dll
<09:14:37> [82BE8322] D3D Adapter: Driver description: AMD Radeon RX 7800 XT (RADV NAVI32)
<09:14:37> [2224501A] D3D Adapter: Driver version: 32767.65535.65535.65535
<09:14:37> [E8D1E30D] D3D Adapter: Driver GUID: 00000000-0003-0000-0000000000000000
<09:14:37> [BC8C1ACB] D3D Adapter: VendorId = 0x1002
<09:14:37> [B6A10CFD] D3D Adapter: DeviceId = 0x747E
<09:14:37> [0678E702] D3D Adapter: SubSysId = 0x00000000
<09:14:37> [F2243F0E] D3D Adapter: Revision = 0
<09:14:37> [E571CFEE] Shader manager initialization
<09:14:38> [05BAAEF6] CResFile allocations incurred by user cache preload: (21142.18k)
<09:14:38> [911B73B8] Renderer initialization - Done
<09:14:38> [8E444EA9] Console initialization
<09:14:38> [2904A233] Time initialization
<09:14:38> [3650CFD6] Input initialization
<09:14:38> [BA0D559B] Splash: Initializing Input System...
<09:14:38> Initializing Keyboard
<09:14:38> [99640BF1] Sound initialization
<09:14:38> [BA0D559B] Splash: Initializing Sound System...
<09:14:38> [2C33885C] Sound - Initializing AudioDevice now!
<09:14:38> [E46760A9] <Sound> Initialize FMOD with dynamic memory callbacks
<09:14:39> [D6755BFD] <Sound> Starting to initialize Windows Audio Session API output! 
<09:14:39> [F7E8E3CD] <Sound> Drivers found: 5
<09:14:39> [5076AD4B] <Sound> Available drivers:
	1.	PulseAudio Output (PulseAudio Output)
	2.	Blue Microphones Analog Stereo (Blue Microphones Analog Stereo)
	3.	Wireless Controller (Wireless Controller)
	4.	Navi 31 HDMI/DP Audio Digital Stereo (HDMI) (Navi 31 HDMI/DP Audio Digital Stereo (HDMI))
	5.	Family 17h/19h/1ah HD Audio Controller Analog Stereo (Family 17h/19h/1ah HD Audio Controller Analog Stereo)
<09:14:39> [A0BBF7E1] <Sound> FmodEx-AudioDevice: Now running on driver: PulseAudio Output (PulseAudio Output)
<09:14:39> [14D8EFE1] <Sound> Using speaker mode: FMOD_SPEAKERMODE_STEREO
<09:14:39> [E79C27E5] <Sound> Initializing FMOD-EX now!
<09:14:39> [E2A9FE08] <Sound> Available record drivers: 0 PulseAudio Input (PulseAudio Input) !
<09:14:39> [E2A9FE08] <Sound> Available record drivers: 1 Family 17h/19h/1ah HD Audio Controller Analog Stereo (Family 17h/19h/1ah HD Audio Controller Analog Stereo) !
<09:14:39> [E2A9FE08] <Sound> Available record drivers: 2 Wireless Controller (Wireless Controller) !
<09:14:39> [E2A9FE08] <Sound> Available record drivers: 3 Blue Microphones Analog Stereo (Blue Microphones Analog Stereo) !
<09:14:39> [E2A9FE08] <Sound> Available record drivers: 4 Monitor of Family 17h/19h/1ah HD Audio Controller (Monitor of Family 17h/19h/1ah HD Audio Controller) !
<09:14:39> [E2A9FE08] <Sound> Available record drivers: 5 Monitor of Blue Microphones Analog Stereo (Monitor of Blue Microphones Analog Stereo) !
<09:14:39> [E2A9FE08] <Sound> Available record drivers: 6 Wireless Controller (Wireless Controller) !
<09:14:39> [E2A9FE08] <Sound> Available record drivers: 7 Monitor of Navi 31 HDMI/DP Audio Digital Stereo (HDMI) (Monitor of Navi 31 HDMI/DP Audio Digital Stereo (HDMI)) !
<09:14:39> [6841BE38] <Sound> Record config is set to autodetect using record driver 0
<09:14:39> [7808B4C4] <Sound> Using FMOD version: 00044414 and internal 00044414!
<09:14:39> [2A2815C7] <Sound> Initialized FMOD-EX
<09:14:39> [BE4EF52E] Sound - Initializing SoundSystem now!
<09:14:39> [0D547471] Font initialization
<09:14:39> [BA0D559B] Splash: Initializing Fonts...
<09:14:39> [C194F7C8][Warning] Cannot load texture textures/defaults/replacemecm.tif, file missing [File=textures/defaults/replacemecm.dds]
<09:14:39> [84206398] AI initialization
<09:14:39> [1BC221DE] Initializing Animation System
<09:14:39> [BA0D559B] Splash: Initializing Animation System...
<09:14:39> [9E592EFE] Initializing 3D Engine
<09:14:39> [BA0D559B] Splash: Initializing 3D Engine...
<09:14:39> [637AF710][Warning] missing chr material : game/objects/characters/ferre/female/nude/Standard_22.mtl (chr: game/objects/characters/ferre/female/nude/fe_f_base.chr)
<09:14:39> [91F5AEEC][Warning] number of bones mismatch! game/objects/characters/ferre/female/nude/fe_f_base.chr=195 game/objects/characters/ferre/female/nude/fe_f_base_lod1.chr=185
<09:14:40> [7415A452] CHR PreCaching 25 Done
<09:14:40> [E7AD4E53] AddSharedMorphTargets - Failed to load objects/characters/dwarf/male/face/dw_m_face00.chr
<09:14:40> [61AD1790] MorphTargetPreCaching - objects/characters/dwarf/male/face/dw_m_face00.chr Add Failed
<09:14:40> [A4A6E4C6] MorphTarget PreCaching 11 Done
<09:14:40> [5ACB40E2] Init Face Makers
<09:14:40> [56B5985B] X2FaceMaker - game/objects/characters/nuian/male/face/nu_m_face01_mid.chr : mouth_UnderbiteOverbite target not exist
<09:14:40> [56B5985B] X2FaceMaker - game/objects/characters/nuian/male/face/nu_m_face01_mid.chr : mouth_UnderbiteOverbite target not exist
<09:14:40> [56B5985B] X2FaceMaker - game/objects/characters/nuian/male/face/nu_m_face01_mid.chr : mouth_UnderbiteOverbite target not exist
<09:14:41> [4ABB03EB] game/objects/characters/ferre/female/face/fe_f_face01_low.chr(303) - objects/characters/ferre/female/face/fe_f_face00.chr(3063) SharedMorph is not matched
<09:14:41> [56B5985B] X2FaceMaker - game/objects/characters/nuian/male/face/nu_m_face01_mid.chr : mouth_UnderbiteOverbite target not exist
<09:14:41> [56B5985B] X2FaceMaker - game/objects/characters/nuian/male/face/nu_m_face01_mid.chr : nose_dw_SeptumVol target not exist
<09:14:41> [56B5985B] X2FaceMaker - game/objects/characters/nuian/male/face/nu_m_face01_mid.chr : nose_dw_NasalZposition target not exist
<09:14:41> [56B5985B] X2FaceMaker - game/objects/characters/nuian/male/face/nu_m_face01_mid.chr : FS_dwEarSize target not exist
<09:14:41> [56B5985B] X2FaceMaker - game/objects/characters/nuian/male/face/nu_m_face01_mid.chr : dwarf_Morph target not exist
<09:14:41> [56B5985B] X2FaceMaker - game/objects/characters/nuian/male/face/nu_m_face01_mid.chr : FS_dw_CheekMeat_min target not exist
<09:14:41> [1191A6A8] X2FaceMaker - game/objects/characters/nuian/male/face/nu_m_face01_mid.chr : FS_dw_CheekMeat_max ex target not exist
<09:14:41> [56B5985B] X2FaceMaker - game/objects/characters/warborn/male/face/wa_m_face01_mid.chr : eye_Forehead target not exist
<09:14:41> [56B5985B] X2FaceMaker - game/objects/characters/warborn/male/face/wa_m_face01_mid.chr : eye_Tail_min target not exist
<09:14:41> [1191A6A8] X2FaceMaker - game/objects/characters/warborn/male/face/wa_m_face01_mid.chr : eye_Tail_max ex target not exist
<09:14:41> [56B5985B] X2FaceMaker - game/objects/characters/warborn/male/face/wa_m_face01_mid.chr : eye_WidthLength_min target not exist
<09:14:41> [1191A6A8] X2FaceMaker - game/objects/characters/warborn/male/face/wa_m_face01_mid.chr : eye_WidthLength_max ex target not exist
<09:14:41> [56B5985B] X2FaceMaker - game/objects/characters/warborn/male/face/wa_m_face01_mid.chr : eye_DoubleEyelidShape target not exist
<09:14:41> [56B5985B] X2FaceMaker - game/objects/characters/warborn/male/face/wa_m_face01_mid.chr : eye_BrowXposition target not exist
<09:14:41> [56B5985B] X2FaceMaker - game/objects/characters/warborn/male/face/wa_m_face01_mid.chr : eye_BrowZposition target not exist
<09:14:41> [56B5985B] X2FaceMaker - game/objects/characters/warborn/male/face/wa_m_face01_mid.chr : nose_Nostril target not exist
<09:14:41> [56B5985B] X2FaceMaker - game/objects/characters/warborn/male/face/wa_m_face01_mid.chr : nose_Size target not exist
<09:14:41> [56B5985B] X2FaceMaker - game/objects/characters/warborn/male/face/wa_m_face01_mid.chr : nose_SeptumZposition target not exist
<09:14:41> [56B5985B] X2FaceMaker - game/objects/characters/warborn/male/face/wa_m_face01_mid.chr : nose_End target not exist
<09:14:41> [56B5985B] X2FaceMaker - game/objects/characters/warborn/male/face/wa_m_face01_mid.chr : nose_Size target not exist
<09:14:41> [56B5985B] X2FaceMaker - game/objects/characters/warborn/male/face/wa_m_face01_mid.chr : mouth_UpperLipVolume target not exist
<09:14:41> [56B5985B] X2FaceMaker - game/objects/characters/warborn/male/face/wa_m_face01_mid.chr : mouth_LowerLipVolume target not exist
<09:14:41> [56B5985B] X2FaceMaker - game/objects/characters/warborn/male/face/wa_m_face01_mid.chr : mouth_UpperLipOpen target not exist
<09:14:41> [56B5985B] X2FaceMaker - game/objects/characters/warborn/male/face/wa_m_face01_mid.chr : mouth_LowerLipOpen target not exist
<09:14:41> [56B5985B] X2FaceMaker - game/objects/characters/warborn/male/face/wa_m_face01_mid.chr : mouth_MouthOpen target not exist
<09:14:41> [56B5985B] X2FaceMaker - game/objects/characters/warborn/male/face/wa_m_face01_mid.chr : mouth_Size target not exist
<09:14:41> [56B5985B] X2FaceMaker - game/objects/characters/warborn/male/face/wa_m_face01_mid.chr : mouth_Shape_min target not exist
<09:14:41> [1191A6A8] X2FaceMaker - game/objects/characters/warborn/male/face/wa_m_face01_mid.chr : mouth_Shape_max ex target not exist
<09:14:41> [56B5985B] X2FaceMaker - game/objects/characters/warborn/male/face/wa_m_face01_mid.chr : mouth_TeethZposition target not exist
<09:14:41> [56B5985B] X2FaceMaker - game/objects/characters/warborn/male/face/wa_m_face01_mid.chr : FS_JawHigh_min target not exist
<09:14:41> [1191A6A8] X2FaceMaker - game/objects/characters/warborn/male/face/wa_m_face01_mid.chr : FS_JawHigh_max ex target not exist
<09:14:41> [56B5985B] X2FaceMaker - game/objects/characters/warborn/male/face/wa_m_face01_mid.chr : FS_EarRotate_min target not exist
<09:14:41> [1191A6A8] X2FaceMaker - game/objects/characters/warborn/male/face/wa_m_face01_mid.chr : FS_EarRotate_max ex target not exist
<09:14:41> [56B5985B] X2FaceMaker - game/objects/characters/warborn/male/face/wa_m_face01_mid.chr : FS_Beard1 target not exist
<09:14:41> [56B5985B] X2FaceMaker - game/objects/characters/warborn/male/face/wa_m_face01_mid.chr : FS_Beard2 target not exist
<09:14:41> [56B5985B] X2FaceMaker - game/objects/characters/warborn/male/face/wa_m_face01_mid.chr : FS_Beard3 target not exist
<09:14:41> [56B5985B] X2FaceMaker - game/objects/characters/warborn/female/face/wa_f_face01_mid.chr : eye_Yposition_min target not exist
<09:14:41> [1191A6A8] X2FaceMaker - game/objects/characters/warborn/female/face/wa_f_face01_mid.chr : eye_Yposition_max ex target not exist
<09:14:41> [56B5985B] X2FaceMaker - game/objects/characters/warborn/female/face/wa_f_face01_mid.chr : FS_AllLowerY target not exist
<09:14:41> [56B5985B] X2FaceMaker - game/objects/characters/warborn/female/face/wa_f_face01_mid.chr : FS_AllRotate target not exist
<09:14:41> [56B5985B] X2FaceMaker - game/objects/characters/warborn/female/face/wa_f_face01_mid.chr : FS_AllY target not exist
<09:14:41> [56B5985B] X2FaceMaker - game/objects/characters/warborn/female/face/wa_f_face01_mid.chr : mouth_Open_min target not exist
<09:14:41> [1191A6A8] X2FaceMaker - game/objects/characters/warborn/female/face/wa_f_face01_mid.chr : mouth_Open_max ex target not exist
<09:14:41> [E320B5CE] Init Face Makers - Done!
<09:14:41> [581CA53C] Script System Initialization
<09:14:41> [BA0D559B] Splash: Initializing Script System...
<09:14:41> [000004EE][Warning] [Lua Error] 1_3_0/scripts/common.lua:276: attempt to index global 'Script' (a nil value)
<09:14:41> [58F3F7FF][Warning] <null>:0: [Lua Error] Failed to execute file @game/scriptsbin/common.alb
<09:14:41> [D8B2BA54] Entity system initialization
<09:14:41> [BA0D559B] Splash: Initializing Entity System...
<09:14:41> [D55F91B2][Warning] [CEntityClassRegistry] LoadClassDescription failed, Entity Class name Chick already registered
<09:14:41> [BA0D559B] Splash: Initializing AI System...
<09:14:41> [DA019954] Initializing AI System
<09:14:41> [2546BCC5] Initializing Budgeting System
<09:14:41> [C0E19025] Initializing Seamless System
<09:14:41> [BA0D559B] Splash: Loading Game Data...
<09:14:42> [90B8EC50][Warning] too many ranges: aoe_shapes descs 10156(10156) threshold 100 ranges 12
<09:14:43> [BA4AD6CE] Loading portal list
<09:14:43> [92597454] Portal added, enter: 3891, exit: 6629
<09:14:43> [92597454] Portal added, enter: 21448, exit: 21449
<09:14:43> [92597454] Portal added, enter: 21450, exit: 21451
<09:14:43> [92597454] Portal added, enter: 21452, exit: 21453
<09:14:43> [92597454] Portal added, enter: 21698, exit: 21699
<09:14:43> [92597454] Portal added, enter: 22023, exit: 22024
<09:14:43> [92597454] Portal added, enter: 22042, exit: 22066
<09:14:43> [92597454] Portal added, enter: 22136, exit: 22137
<09:14:43> [92597454] Portal added, enter: 22163, exit: 22164
<09:14:43> [92597454] Portal added, enter: 22184, exit: 22185
<09:14:43> [92597454] Portal added, enter: 22336, exit: 22337
<09:14:43> [92597454] Portal added, enter: 9000063, exit: 9000064
<09:14:43> [1C664009] End loading portal list
<09:14:43> [937812F7] loaded DDCMS (1396969 descs, 719156 links (17 page 16.95MB size) string) from game\db\compact.sqlite3 in 965 ms
<09:14:43> [BA0D559B] Splash: Initializing Game System...
<09:14:43> [000004EE][Warning] [Lua Error] no localized ui text for 18 always_refund
<09:14:44> [0ADE3294][Warning] [MFX] Effect 'collisions:grenade' already present. Overriding.
<09:14:44> [311630D1][Warning] MFX WARNING: Material not found: mat_ice_breakable
<09:14:44>  
<09:14:44>    sys_spec = Custom (assuming 4)
<09:14:44>      option_anti_aliasing = 2 expected:3
<09:14:44>  
<09:14:44> [BA0D559B] Splash: Preparing Screen...
<09:14:44> [3778EA0B] Screen Resolution - 1 (1920x1080)
<09:14:44> [A1B107F0] Screen Resolution - Test OK (1920x1080)
<09:14:44> [963385F6] Level System - Loading Start
<09:14:44> [D2121932] Change resolution: 1920x1080x32 (Fullscreen)
<09:14:44> [583D6F38] Final resolution: 1920x1080x32 (Fullscreen)
<09:14:44> [806B6F8D] precaching world entities ..
<09:14:44> [7E39E0DE] precaching world entities .. done!  total (0) objects
<09:14:44> [D2B280D6] Vegetation Manager : Loading World(login2)
<09:14:44> [075AB92F] Vegetation Manager : Loading World - Done (total 36 vegetations)
<09:14:44> [B9410AA1] total 20 terrain world surfaces loaded
<09:14:44> Loading Particle Library: collisions
<09:14:44> Loading Particle Library: water
<09:14:44> Loading Particle Library: misc
<09:14:44> Loading Particle Library: ability_skill_table
<09:14:44> Loading Particle Library: ability_skill_table_k
<09:14:44> Loading Particle Library: abillity_skill_table_m
<09:14:44> Loading Particle Library: machinima
<09:14:44> Loading Particle Library: x2_effects
<09:14:44> Loading Particle Library: x2_effects_k
<09:14:45> [280A47E3] Precached total 2 materials
<09:14:45> [7B1A973B] seamless loading cell terrain(W0, 1), (L0, 0)
<09:14:45> [3EF08C47] seamless loading cell object(W0, 1), (L0, 0)
<09:14:45> [584C4FFD] [net 13:14:37.329]  dns ip:192.168.1.202
<09:14:45> [584C4FFD] [net 13:14:37.329]  dns ip:172.18.0.1
<09:14:45> [584C4FFD] [net 13:14:37.329]  dns ip:172.19.0.1
<09:14:45> [584C4FFD] [net 13:14:37.329]  dns ip:172.17.0.1
<09:14:45> [0DE3FA89][Error] CryAnimation: character-definition creation failed: game/objects/characters/elf/female/nude/el_f_kyprosa.cdf
<09:14:45> [13A58BA0][Error] CryAnimation: character-definition not found: game/objects/characters/elf/female/nude/el_f_kyprosa.cdf
<09:14:45> [4DD44108] Start DaruCommon Extension
<09:14:45> [1B425DA5] Duplicated post effect param! pszName = FilterMaskedBlurring_Amount
<09:14:45> [1B425DA5] Duplicated post effect param! pszName = FilterMaskedBlurring_MaskTexName
<09:14:45> [1B425DA5] Duplicated post effect param! pszName = FilterChromaShift_User_Amount
<09:14:45> [1B425DA5] Duplicated post effect param! pszName = FilterGrain_Amount
<09:14:45> [8F6BAA6C][Warning] Couldn't find console variable 'e_water_ocean_fft'
<09:14:45> Loading Particle Library: wind
<09:14:45> Loading Particle Library: X2_EFFECT_O
<09:14:45> [000004EE][Warning] Particle effect not found: '                                                                ', from ParticleEffect fx_land_green
<09:14:45> [12409CCC] Load Zone Finished
<09:14:45> [A39C1725] Level System - Loading Complete
<09:14:45> [27293DED] -----------------------------------------------------
<09:14:45> [120C18F5] * LOADING: 'loginbg4' loading time: 1.35 seconds
<09:14:45> [27293DED] -----------------------------------------------------
