[801989E0] BackupNameAttachment=" Build(0) Date(24 September 2025) Time(06 40 36)"  -- used by backup system
[00000020]  
[38F38F32] Log Started at #c
[0232BD25] Running 32 bit version
[7AB6F5FE] Executable: C:\Games\AAClassic\bin32\archeage.exe
[E5C771AC] FileVersion: 3.5.0.0
[F799D55F] ProductVersion: 3.5.3.0
[1F1D6B13] Using Microsoft (tm) C++ Standard Library implementation
[00000020]  
[C7D96C80] Revision: 350000
[00000020]  
[64533E3E] this is the first client
<06:40:41> [B9197FD5][Error] ConsoleVariableGroup[option_effect] key[e_particles_lod_onoff] has no default
<06:40:41> [76666E6D] 
--- CPU detection ---
<06:40:41> [F4D992D8] CPU: AMD AMD Ryzen 7 7800X3D 8-Core Processor           
<06:40:41> [3F649B02] Family: 15, Model: 1, Stepping: 2
<06:40:41> [83D12E0B] FPU: On-Chip
<06:40:41> [50919DA0] CPU Speed (estimated): 4192.071142 MHz
<06:40:41> [C73FD83A] MMX: not present
<06:40:41> [89D1077A] SSE: present
<06:40:41> [64E2B6F1] 3DNow!: present
<06:40:41> [27B7AC6E] Serial number not present or disabled
<06:40:41> [1D2D8E5B] Number of logical processors: 16
<06:40:41> [FA658084] Number of available logical processors: 16
<06:40:41> [A1F061C2] Invariant Time Stamp Counter : yes
<06:40:41> [FA0251ED] ---------------------

<06:40:41> [03E7D838] Device Info
<06:40:41> [9F603516] Device Info - 1
<06:40:41> [9F603517] Device Info - 2
<06:40:41> [9F603518] Device Info - 3
<06:40:41> [9F603519] Device Info - 4
<06:40:41> [9F60351A] Device Info - 5
<06:40:41> [9F60351B] Device Info - 6
<06:40:41> [9F60351C] Device Info - 7
<06:40:41> [E98ECC28] Video Memory Info
<06:40:41> [D5FBE664] Video Memory - 1
<06:40:41> [D5FBE665] Video Memory - 2
<06:40:41> [D5FBE666] Video Memory - 3
<06:40:41> [D5FBE667] Video Memory - 4
<06:40:41> [D5FBE668] Video Memory - 5
<06:40:41> [D5FBE669] Video Memory - 6
<06:40:41> [D5FBE66A] Video Memory - 7
<06:40:41> [D5FBE66B] Video Memory - 8
<06:40:41> [3A4D54A2][Warning] config/gpu/amd.txt line 55 contains a multiple defined GPU rating!
<06:40:41> [D20872C0] InitThreadAffinities
<06:40:41> [2F28A434] UpdateMainThreadAffinity
<06:40:41> [16962512] Windows 8 64 bit (build 6.2.9200)
<06:40:41> [38DFF081] System language: English
<06:40:41> [861A0178] Windows Directory: "C:\windows"
<06:40:41> [341B54F1] Prerequisites...
<06:40:41> [5D1B3C9C] * Installation of KB940105 hotfix required: no! (either not needed or already installed)
<06:40:41> [B44937E3] Local time is 06:40:41 09/24/25, system running for 4284 minutes
<06:40:41> [95E844BD] 63426MB physical memory installed, 38459MB available, 4095MB virtual memory installed, 39 percent of memory in use
<06:40:41> [31259232] PageFile usage: 
<06:40:41> [453F0D1B] Current display mode is 2560x1440x32
<06:40:41> [8A64FCCC] IBM enhanced (101/102-key) keyboard and 3+ button mouse installed
<06:40:41> [CE30556B] ----- GPU Detection -----------------
<06:40:41> [03E7D838] Device Info
<06:40:41> [9F603516] Device Info - 1
<06:40:41> [9F603517] Device Info - 2
<06:40:42> [9F603518] Device Info - 3
<06:40:42> [9F603519] Device Info - 4
<06:40:42> [9F60351A] Device Info - 5
<06:40:42> [9F60351B] Device Info - 6
<06:40:42> [9F60351C] Device Info - 7
<06:40:42> [E98ECC28] Video Memory Info
<06:40:42> [D5FBE664] Video Memory - 1
<06:40:42> [D5FBE665] Video Memory - 2
<06:40:42> [D5FBE666] Video Memory - 3
<06:40:42> [D5FBE667] Video Memory - 4
<06:40:42> [D5FBE668] Video Memory - 5
<06:40:42> [D5FBE669] Video Memory - 6
<06:40:42> [D5FBE66A] Video Memory - 7
<06:40:42> [D5FBE66B] Video Memory - 8
<06:40:42> [99EA404A]  AMD Radeon RX 7800 XT (RADV NAVI32) (vendor = 0x1002, device = 0x747e, subSys = 0x00000000)
<06:40:42> [77718B6A] -- Video memory: 4081 MB
<06:40:42> [30DF1863] -- Minimum SM 2.0 support: yes
<06:40:42> [13E11956] -- DX11 supported: yes
<06:40:42> [50B60100] --------------------------------------------------------------------------------
<06:40:42> [5921EDBE] Stream Engine Initialization
<06:40:42> [BA0D559B] Splash: Initializing Stream Engine...
<06:40:42> [939F6EBB] Enable Resolutions : 0
<06:40:42> [A30A84B6] can't enum display resolution modes
<06:40:42> [B324CD25] Screen Resolution - 1024x768
<06:40:42> [3778EA0B] Screen Resolution - 0 (2560x1440)
<06:40:42> [A1B107F0] Screen Resolution - Test OK (2560x1440)
<06:40:42> [A9E4B0F2] Network initialization
<06:40:42> [BA0D559B] Splash: Initializing Network System...
<06:40:42> [14FAD233] Socket I/O by iocp
<06:40:42> [E36A4FB9] Physics initialization
<06:40:42> [BA0D559B] Splash: Initializing Physics...
<06:40:42> [2462D581] MovieSystem initialization
<06:40:42> [BA0D559B] Splash: Initializing Movie System...
<06:40:42> [93287AEC] Renderer initialization - Start
<06:40:42> [BA0D559B] Splash: Initializing Renderer...
<06:40:42> [91207680] Renderer initialization - Open
<06:40:42> [4377E7CB] Renderer initialization - DLL Load(CryRenderD3D9.dll)
<06:40:42> [71203A94] Renderer initialization - DLL Done
<06:40:42> [71227C22] Renderer initialization - DLL Init
<06:40:42> [C653D9CB] Renderer initialization - Instance
<06:40:42> [44D9754D] D3D Adapter: Driver name: aticfx32.dll
<06:40:42> [82BE8322] D3D Adapter: Driver description: AMD Radeon RX 7800 XT (RADV NAVI32)
<06:40:42> [2224501A] D3D Adapter: Driver version: 32767.65535.65535.65535
<06:40:42> [E8D1E30D] D3D Adapter: Driver GUID: 00000000-0003-0000-0000000000000000
<06:40:42> [BC8C1ACB] D3D Adapter: VendorId = 0x1002
<06:40:42> [B6A10CFD] D3D Adapter: DeviceId = 0x747E
<06:40:42> [0678E702] D3D Adapter: SubSysId = 0x00000000
<06:40:42> [F2243F0E] D3D Adapter: Revision = 0
<06:40:42> [E571CFEE] Shader manager initialization
<06:40:43> [05BAAEF6] CResFile allocations incurred by user cache preload: (21446.79k)
<06:40:43> [911B73B8] Renderer initialization - Done
<06:40:43> [8E444EA9] Console initialization
<06:40:43> [2904A233] Time initialization
<06:40:43> [3650CFD6] Input initialization
<06:40:43> [BA0D559B] Splash: Initializing Input System...
<06:40:43> Initializing Keyboard
<06:40:43> [99640BF1] Sound initialization
<06:40:43> [BA0D559B] Splash: Initializing Sound System...
<06:40:43> [2C33885C] Sound - Initializing AudioDevice now!
<06:40:43> [E46760A9] <Sound> Initialize FMOD with dynamic memory callbacks
<06:40:44> [D6755BFD] <Sound> Starting to initialize Windows Audio Session API output! 
<06:40:44> [F7E8E3CD] <Sound> Drivers found: 5
<06:40:44> [5076AD4B] <Sound> Available drivers:
	1.	PulseAudio Output (PulseAudio Output)
	2.	Blue Microphones Analog Stereo (Blue Microphones Analog Stereo)
	3.	Wireless Controller (Wireless Controller)
	4.	Navi 31 HDMI/DP Audio Digital Stereo (HDMI) (Navi 31 HDMI/DP Audio Digital Stereo (HDMI))
	5.	Family 17h/19h/1ah HD Audio Controller Analog Stereo (Family 17h/19h/1ah HD Audio Controller Analog Stereo)
<06:40:44> [A0BBF7E1] <Sound> FmodEx-AudioDevice: Now running on driver: PulseAudio Output (PulseAudio Output)
<06:40:44> [14D8EFE1] <Sound> Using speaker mode: FMOD_SPEAKERMODE_STEREO
<06:40:44> [E79C27E5] <Sound> Initializing FMOD-EX now!
<06:40:44> [E2A9FE08] <Sound> Available record drivers: 0 PulseAudio Input (PulseAudio Input) !
<06:40:44> [E2A9FE08] <Sound> Available record drivers: 1 Family 17h/19h/1ah HD Audio Controller Analog Stereo (Family 17h/19h/1ah HD Audio Controller Analog Stereo) !
<06:40:44> [E2A9FE08] <Sound> Available record drivers: 2 Wireless Controller (Wireless Controller) !
<06:40:44> [E2A9FE08] <Sound> Available record drivers: 3 Blue Microphones Analog Stereo (Blue Microphones Analog Stereo) !
<06:40:44> [E2A9FE08] <Sound> Available record drivers: 4 Monitor of Family 17h/19h/1ah HD Audio Controller (Monitor of Family 17h/19h/1ah HD Audio Controller) !
<06:40:44> [E2A9FE08] <Sound> Available record drivers: 5 Monitor of Blue Microphones Analog Stereo (Monitor of Blue Microphones Analog Stereo) !
<06:40:44> [E2A9FE08] <Sound> Available record drivers: 6 Wireless Controller (Wireless Controller) !
<06:40:44> [E2A9FE08] <Sound> Available record drivers: 7 Monitor of Navi 31 HDMI/DP Audio Digital Stereo (HDMI) (Monitor of Navi 31 HDMI/DP Audio Digital Stereo (HDMI)) !
<06:40:44> [6841BE38] <Sound> Record config is set to autodetect using record driver 0
<06:40:44> [7808B4C4] <Sound> Using FMOD version: 00044414 and internal 00044414!
<06:40:44> [2A2815C7] <Sound> Initialized FMOD-EX
<06:40:44> [BE4EF52E] Sound - Initializing SoundSystem now!
<06:40:44> [0D547471] Font initialization
<06:40:44> [BA0D559B] Splash: Initializing Fonts...
<06:40:44> [C194F7C8][Warning] Cannot load texture textures/defaults/replacemecm.tif, file missing [File=textures/defaults/replacemecm.dds]
<06:40:44> [84206398] AI initialization
<06:40:44> [1BC221DE] Initializing Animation System
<06:40:44> [BA0D559B] Splash: Initializing Animation System...
<06:40:44> [9E592EFE] Initializing 3D Engine
<06:40:44> [BA0D559B] Splash: Initializing 3D Engine...
<06:40:45> [637AF710][Warning] missing chr material : game/objects/characters/ferre/female/nude/Standard_22.mtl (chr: game/objects/characters/ferre/female/nude/fe_f_base.chr)
<06:40:45> [91F5AEEC][Warning] number of bones mismatch! game/objects/characters/ferre/female/nude/fe_f_base.chr=195 game/objects/characters/ferre/female/nude/fe_f_base_lod1.chr=185
<06:40:46> [7415A452] CHR PreCaching 25 Done
<06:40:46> [E7AD4E53] AddSharedMorphTargets - Failed to load objects/characters/dwarf/male/face/dw_m_face00.chr
<06:40:46> [61AD1790] MorphTargetPreCaching - objects/characters/dwarf/male/face/dw_m_face00.chr Add Failed
<06:40:46> [A4A6E4C6] MorphTarget PreCaching 11 Done
<06:40:46> [5ACB40E2] Init Face Makers
<06:40:46> [56B5985B] X2FaceMaker - game/objects/characters/nuian/male/face/nu_m_face01_mid.chr : mouth_UnderbiteOverbite target not exist
<06:40:46> [56B5985B] X2FaceMaker - game/objects/characters/nuian/male/face/nu_m_face01_mid.chr : mouth_UnderbiteOverbite target not exist
<06:40:46> [56B5985B] X2FaceMaker - game/objects/characters/nuian/male/face/nu_m_face01_mid.chr : mouth_UnderbiteOverbite target not exist
<06:40:46> [4ABB03EB] game/objects/characters/ferre/female/face/fe_f_face01_low.chr(303) - objects/characters/ferre/female/face/fe_f_face00.chr(3063) SharedMorph is not matched
<06:40:46> [56B5985B] X2FaceMaker - game/objects/characters/nuian/male/face/nu_m_face01_mid.chr : mouth_UnderbiteOverbite target not exist
<06:40:46> [56B5985B] X2FaceMaker - game/objects/characters/nuian/male/face/nu_m_face01_mid.chr : nose_dw_SeptumVol target not exist
<06:40:46> [56B5985B] X2FaceMaker - game/objects/characters/nuian/male/face/nu_m_face01_mid.chr : nose_dw_NasalZposition target not exist
<06:40:46> [56B5985B] X2FaceMaker - game/objects/characters/nuian/male/face/nu_m_face01_mid.chr : FS_dwEarSize target not exist
<06:40:46> [56B5985B] X2FaceMaker - game/objects/characters/nuian/male/face/nu_m_face01_mid.chr : dwarf_Morph target not exist
<06:40:46> [56B5985B] X2FaceMaker - game/objects/characters/nuian/male/face/nu_m_face01_mid.chr : FS_dw_CheekMeat_min target not exist
<06:40:46> [1191A6A8] X2FaceMaker - game/objects/characters/nuian/male/face/nu_m_face01_mid.chr : FS_dw_CheekMeat_max ex target not exist
<06:40:46> [56B5985B] X2FaceMaker - game/objects/characters/warborn/male/face/wa_m_face01_mid.chr : eye_Forehead target not exist
<06:40:46> [56B5985B] X2FaceMaker - game/objects/characters/warborn/male/face/wa_m_face01_mid.chr : eye_Tail_min target not exist
<06:40:46> [1191A6A8] X2FaceMaker - game/objects/characters/warborn/male/face/wa_m_face01_mid.chr : eye_Tail_max ex target not exist
<06:40:46> [56B5985B] X2FaceMaker - game/objects/characters/warborn/male/face/wa_m_face01_mid.chr : eye_WidthLength_min target not exist
<06:40:46> [1191A6A8] X2FaceMaker - game/objects/characters/warborn/male/face/wa_m_face01_mid.chr : eye_WidthLength_max ex target not exist
<06:40:46> [56B5985B] X2FaceMaker - game/objects/characters/warborn/male/face/wa_m_face01_mid.chr : eye_DoubleEyelidShape target not exist
<06:40:46> [56B5985B] X2FaceMaker - game/objects/characters/warborn/male/face/wa_m_face01_mid.chr : eye_BrowXposition target not exist
<06:40:46> [56B5985B] X2FaceMaker - game/objects/characters/warborn/male/face/wa_m_face01_mid.chr : eye_BrowZposition target not exist
<06:40:46> [56B5985B] X2FaceMaker - game/objects/characters/warborn/male/face/wa_m_face01_mid.chr : nose_Nostril target not exist
<06:40:46> [56B5985B] X2FaceMaker - game/objects/characters/warborn/male/face/wa_m_face01_mid.chr : nose_Size target not exist
<06:40:46> [56B5985B] X2FaceMaker - game/objects/characters/warborn/male/face/wa_m_face01_mid.chr : nose_SeptumZposition target not exist
<06:40:46> [56B5985B] X2FaceMaker - game/objects/characters/warborn/male/face/wa_m_face01_mid.chr : nose_End target not exist
<06:40:46> [56B5985B] X2FaceMaker - game/objects/characters/warborn/male/face/wa_m_face01_mid.chr : nose_Size target not exist
<06:40:46> [56B5985B] X2FaceMaker - game/objects/characters/warborn/male/face/wa_m_face01_mid.chr : mouth_UpperLipVolume target not exist
<06:40:46> [56B5985B] X2FaceMaker - game/objects/characters/warborn/male/face/wa_m_face01_mid.chr : mouth_LowerLipVolume target not exist
<06:40:46> [56B5985B] X2FaceMaker - game/objects/characters/warborn/male/face/wa_m_face01_mid.chr : mouth_UpperLipOpen target not exist
<06:40:46> [56B5985B] X2FaceMaker - game/objects/characters/warborn/male/face/wa_m_face01_mid.chr : mouth_LowerLipOpen target not exist
<06:40:46> [56B5985B] X2FaceMaker - game/objects/characters/warborn/male/face/wa_m_face01_mid.chr : mouth_MouthOpen target not exist
<06:40:46> [56B5985B] X2FaceMaker - game/objects/characters/warborn/male/face/wa_m_face01_mid.chr : mouth_Size target not exist
<06:40:46> [56B5985B] X2FaceMaker - game/objects/characters/warborn/male/face/wa_m_face01_mid.chr : mouth_Shape_min target not exist
<06:40:46> [1191A6A8] X2FaceMaker - game/objects/characters/warborn/male/face/wa_m_face01_mid.chr : mouth_Shape_max ex target not exist
<06:40:46> [56B5985B] X2FaceMaker - game/objects/characters/warborn/male/face/wa_m_face01_mid.chr : mouth_TeethZposition target not exist
<06:40:46> [56B5985B] X2FaceMaker - game/objects/characters/warborn/male/face/wa_m_face01_mid.chr : FS_JawHigh_min target not exist
<06:40:46> [1191A6A8] X2FaceMaker - game/objects/characters/warborn/male/face/wa_m_face01_mid.chr : FS_JawHigh_max ex target not exist
<06:40:46> [56B5985B] X2FaceMaker - game/objects/characters/warborn/male/face/wa_m_face01_mid.chr : FS_EarRotate_min target not exist
<06:40:46> [1191A6A8] X2FaceMaker - game/objects/characters/warborn/male/face/wa_m_face01_mid.chr : FS_EarRotate_max ex target not exist
<06:40:46> [56B5985B] X2FaceMaker - game/objects/characters/warborn/male/face/wa_m_face01_mid.chr : FS_Beard1 target not exist
<06:40:46> [56B5985B] X2FaceMaker - game/objects/characters/warborn/male/face/wa_m_face01_mid.chr : FS_Beard2 target not exist
<06:40:46> [56B5985B] X2FaceMaker - game/objects/characters/warborn/male/face/wa_m_face01_mid.chr : FS_Beard3 target not exist
<06:40:46> [56B5985B] X2FaceMaker - game/objects/characters/warborn/female/face/wa_f_face01_mid.chr : eye_Yposition_min target not exist
<06:40:46> [1191A6A8] X2FaceMaker - game/objects/characters/warborn/female/face/wa_f_face01_mid.chr : eye_Yposition_max ex target not exist
<06:40:46> [56B5985B] X2FaceMaker - game/objects/characters/warborn/female/face/wa_f_face01_mid.chr : FS_AllLowerY target not exist
<06:40:46> [56B5985B] X2FaceMaker - game/objects/characters/warborn/female/face/wa_f_face01_mid.chr : FS_AllRotate target not exist
<06:40:46> [56B5985B] X2FaceMaker - game/objects/characters/warborn/female/face/wa_f_face01_mid.chr : FS_AllY target not exist
<06:40:46> [56B5985B] X2FaceMaker - game/objects/characters/warborn/female/face/wa_f_face01_mid.chr : mouth_Open_min target not exist
<06:40:46> [1191A6A8] X2FaceMaker - game/objects/characters/warborn/female/face/wa_f_face01_mid.chr : mouth_Open_max ex target not exist
<06:40:46> [E320B5CE] Init Face Makers - Done!
<06:40:46> [581CA53C] Script System Initialization
<06:40:46> [BA0D559B] Splash: Initializing Script System...
<06:40:46> [000004EE][Warning] [Lua Error] 1_3_0/scripts/common.lua:276: attempt to index global 'Script' (a nil value)
<06:40:46> [58F3F7FF][Warning] <null>:0: [Lua Error] Failed to execute file @game/scriptsbin/common.alb
<06:40:46> [D8B2BA54] Entity system initialization
<06:40:46> [BA0D559B] Splash: Initializing Entity System...
<06:40:46> [D55F91B2][Warning] [CEntityClassRegistry] LoadClassDescription failed, Entity Class name Chick already registered
<06:40:46> [BA0D559B] Splash: Initializing AI System...
<06:40:46> [DA019954] Initializing AI System
<06:40:46> [2546BCC5] Initializing Budgeting System
<06:40:46> [C0E19025] Initializing Seamless System
<06:40:47> [BA0D559B] Splash: Loading Game Data...
<06:40:48> [90B8EC50][Warning] too many ranges: aoe_shapes descs 10156(10156) threshold 100 ranges 12
<06:40:49> [BA4AD6CE] Loading portal list
<06:40:49> [92597454] Portal added, enter: 3891, exit: 6629
<06:40:49> [92597454] Portal added, enter: 21448, exit: 21449
<06:40:49> [92597454] Portal added, enter: 21450, exit: 21451
<06:40:49> [92597454] Portal added, enter: 21452, exit: 21453
<06:40:49> [92597454] Portal added, enter: 21698, exit: 21699
<06:40:49> [92597454] Portal added, enter: 22023, exit: 22024
<06:40:49> [92597454] Portal added, enter: 22042, exit: 22066
<06:40:49> [92597454] Portal added, enter: 22136, exit: 22137
<06:40:49> [92597454] Portal added, enter: 22163, exit: 22164
<06:40:49> [92597454] Portal added, enter: 22184, exit: 22185
<06:40:49> [92597454] Portal added, enter: 22336, exit: 22337
<06:40:49> [92597454] Portal added, enter: 9000063, exit: 9000064
<06:40:49> [1C664009] End loading portal list
<06:40:49> [937812F7] loaded DDCMS (1396969 descs, 719156 links (17 page 16.95MB size) string) from game\db\compact.sqlite3 in 1054 ms
<06:40:49> [BA0D559B] Splash: Initializing Game System...
<06:40:49> [000004EE][Warning] [Lua Error] no localized ui text for 18 always_refund
<06:40:50> [0ADE3294][Warning] [MFX] Effect 'collisions:grenade' already present. Overriding.
<06:40:50> [311630D1][Warning] MFX WARNING: Material not found: mat_ice_breakable
<06:40:50>  
<06:40:50>    sys_spec = Custom (assuming 4)
<06:40:50>      option_anti_aliasing = 2 expected:3
<06:40:50>  
<06:40:50> [BA0D559B] Splash: Preparing Screen...
<06:40:50> [963385F6] Level System - Loading Start
<06:40:50> [806B6F8D] precaching world entities ..
<06:40:50> [7E39E0DE] precaching world entities .. done!  total (0) objects
<06:40:50> [D2B280D6] Vegetation Manager : Loading World(login2)
<06:40:50> [075AB92F] Vegetation Manager : Loading World - Done (total 36 vegetations)
<06:40:50> [B9410AA1] total 20 terrain world surfaces loaded
<06:40:50> Loading Particle Library: collisions
<06:40:50> Loading Particle Library: water
<06:40:50> Loading Particle Library: misc
<06:40:50> Loading Particle Library: ability_skill_table
<06:40:50> Loading Particle Library: ability_skill_table_k
<06:40:50> Loading Particle Library: abillity_skill_table_m
<06:40:50> Loading Particle Library: machinima
<06:40:50> Loading Particle Library: x2_effects
<06:40:50> Loading Particle Library: x2_effects_k
<06:40:51> [280A47E3] Precached total 2 materials
<06:40:51> [7B1A973B] seamless loading cell terrain(W0, 1), (L0, 0)
<06:40:51> [3EF08C47] seamless loading cell object(W0, 1), (L0, 0)
<06:40:51> [584C4FFD] [net 10:40:42.276]  dns ip:192.168.1.202
<06:40:51> [584C4FFD] [net 10:40:42.276]  dns ip:172.18.0.1
<06:40:51> [584C4FFD] [net 10:40:42.276]  dns ip:172.19.0.1
<06:40:51> [584C4FFD] [net 10:40:42.276]  dns ip:172.17.0.1
<06:40:51> [0DE3FA89][Error] CryAnimation: character-definition creation failed: game/objects/characters/elf/female/nude/el_f_kyprosa.cdf
<06:40:51> [13A58BA0][Error] CryAnimation: character-definition not found: game/objects/characters/elf/female/nude/el_f_kyprosa.cdf
<06:40:51> [4DD44108] Start DaruCommon Extension
<06:40:51> [1B425DA5] Duplicated post effect param! pszName = FilterMaskedBlurring_Amount
<06:40:51> [1B425DA5] Duplicated post effect param! pszName = FilterMaskedBlurring_MaskTexName
<06:40:51> [1B425DA5] Duplicated post effect param! pszName = FilterChromaShift_User_Amount
<06:40:51> [1B425DA5] Duplicated post effect param! pszName = FilterGrain_Amount
<06:40:51> [8F6BAA6C][Warning] Couldn't find console variable 'e_water_ocean_fft'
<06:40:51> Loading Particle Library: wind
<06:40:51> Loading Particle Library: X2_EFFECT_O
<06:40:51> [000004EE][Warning] Particle effect not found: '                                                                ', from ParticleEffect fx_land_green
<06:40:51> [12409CCC] Load Zone Finished
<06:40:51> [A39C1725] Level System - Loading Complete
<06:40:51> [27293DED] -----------------------------------------------------
<06:40:51> [120C18F5] * LOADING: 'loginbg4' loading time: 1.43 seconds
<06:40:51> [27293DED] -----------------------------------------------------
<06:40:51> [000004EE][Warning] [Lua Error] no client player exists
<06:40:51> [A13C772D][Warning] Cannot load texture ui/font_color.g, Image file format is invalid [File=ui/font_color.g]
<06:40:51> [000FABC5][Warning] CAreaGrid::BeginAreas() called before being initialized.
<06:40:56> [1D01FDCA] Auth: client connected to server
<06:40:56> [584C4FFD] [net 10:40:56.765]  socket ip:192.168.1.202
<06:40:56> [4C920A71] mac address : 74-56-3c-fe-52-f3
<06:40:58> [A13C772D][Warning] Cannot load texture ui/font_color.g, Image file format is invalid [File=ui/font_color.g]
<06:40:59> [584C4FFD] [net 10:40:59.896] connection requested to: 192.95.21.64:1239
<06:40:59> [4ABA7BDB] Auth: client disconnected (reason=0)
<06:40:59> [0F08E548] [NetConnection] connect completed (succeeded:true)
<06:41:00> [48F7BDF2] invalid world id in world queue packet
<06:41:00> [26623ECA] ucc info.. 5 0
<06:41:00> [4516816D] pay method: person
<06:41:00> [4AA30841] pay location: person
<06:41:00> [ADF1C07E] pay start: 1900-1-1 00:00:00
<06:41:00> [6486A277] pay end: 1900-1-1 00:00:00
<06:41:00> [FFF6198C] premium point: 0
<06:41:00> [481C0862] premium grade: premium_0
<06:41:00> [88D9AB0C] real pay time: 7134091042793545729
<06:41:00> [9FC303B8][Error] [CVARS]: [DUPLICATE] CXConsole::RegisterFloat(): variable [camera_max_dist] is already registered
<06:41:00> [34CCC219] stream: connected to world server
<06:41:00> [06A46B5B] stream: authorized by world server
<06:41:00> [4516816D] pay method: person
<06:41:00> [4AA30841] pay location: person
<06:41:00> [ADF1C07E] pay start: 1900-1-1 00:00:00
<06:41:00> [6486A277] pay end: 2037-12-31 16:00:00
<06:41:00> [FFF6198C] premium point: 0
<06:41:00> [481C0862] premium grade: premium_0
<06:41:00> [88D9AB0C] real pay time: -1
<06:41:00> [82321C2B][Warning] [net 10:41:00.668] [time] remote time estimation restarted; estimate accumulator age was 257075.375000
<06:41:02> [637AF710][Warning] missing chr material : game/objects/characters/warborn/female/parts/ar/obj/wa_f_ar_leather181.mtl (chr: game/objects/characters/warborn/female/parts/ar/obj/wa_f_1ac014_1ar117_2ar602_2arm004_2bt005_2pv002.chr)
<06:41:02> [000004EE][Warning] [Lua Error] no localized ui text for 18 always_refund
<06:41:02> [09F46B9D]     cl_fov = 90 []
<06:41:02> [09F46B9D]     camera_max_dist = 180 []
<06:41:02> [09F46B9D]     name_tag_hp_width_on_bgmode = 80 []
<06:41:02> [09F46B9D]     name_tag_hp_height_on_bgmode = 30 []
<06:41:02> [06E6A3E9][Warning] Cannot load texture ui/login_stage/queue.dds, file missing [File=ui/login_stage/queue.dds]
<06:41:02> [000004EE][Warning] RenderMesh not assigned game/objects/box_nodraw.cgf
<06:41:09> [DA579B6C][Error] can't load client driven connect info.. Kompy
<06:41:13> [9FC303B8][Error] [CVARS]: [DUPLICATE] CXConsole::RegisterFloat(): variable [ui_double_click_interval] is already registered
<06:41:13> [000004EE][Warning] [Lua Error] no localized ui text for 18 always_refund
<06:41:13> [0DE3FA89][Error] CryAnimation: character-definition creation failed: game/objects/characters/returned/female/nude/re_f.cdf
<06:41:14> [82321C2B][Warning] [net 10:41:14.206] [time] remote time estimation restarted; estimate accumulator age was 2.699617
<06:41:14> [6FF68EA5] SetInstantTime: type 0 time 0
<06:41:14> [6FF68EA5] SetInstantTime: type 1 time 1758635812
<06:41:14> [6FF68EA5] SetInstantTime: type 2 time 1758562106
<06:41:14> [6FF68EA5] SetInstantTime: type 3 time 0
<06:41:14> [6FF68EA5] SetInstantTime: type 4 time 0
<06:41:14> [6FF68EA5] SetInstantTime: type 5 time 0
<06:41:14> [6FF68EA5] SetInstantTime: type 6 time 0
<06:41:14> [6FF68EA5] SetInstantTime: type 7 time 1758633538
<06:41:14> [0E61BD35] ExpeditionMember 20 added
<06:41:14> [0E61BD35] ExpeditionMember 20 added
<06:41:14> [0E61BD35] ExpeditionMember 20 added
<06:41:14> [0E61BD35] ExpeditionMember 6 added
<06:41:14> [1EBA13B3][Warning] count not matched; total=131; size=66
<06:41:14> [966861E8][Warning] GetAllPolicies empty
<06:41:14> [67B7DD8A][Warning] my ExpeditionMemberDesc not exist
<06:41:14> [6FF68EA5] SetInstantTime: type 7 time 1758710458
<06:41:14> [7AB931CE] seamless unloading cell object(W0, 0), (L0, 0)
<06:41:14> [4B1E8B22] unload cell object count : 1511
<06:41:14> [B866A294] seamless unloading cell terrain(W0, 0), (L0, 0)
<06:41:14> [963385F6] Level System - Loading Start
<06:41:14> [E0E0EDAE][Warning] failed to load zone time of day from game/worlds/main_world/zone/225//time_of_day.xml
<06:41:14> [AB17243B][Warning] failed to load zone environment from game/worlds/main_world/zone/309//env.xml
<06:41:14> [35D4413E][Warning] failed to load zone clouds from game/worlds/main_world/zone/309//clouds.xml
<06:41:14> [806B6F8D] precaching world entities ..
<06:41:14> [7E39E0DE] precaching world entities .. done!  total (1778) objects
<06:41:14> [D2B280D6] Vegetation Manager : Loading World(main_world)
<06:41:15> [075AB92F] Vegetation Manager : Loading World - Done (total 3055 vegetations)
<06:41:15> [000004EE][Error] CTerrain::LoadWorldSurfaces: Error loading material: materials/Terrain/gweonidforest/w_forest_road_a1
<06:41:15> [59CBED13][Warning] Cannot load texture textures/aa_terrain/canyon/tr_canyon_rock3d_405a_ddn.dds, file missing [File=textures/aa_terrain/canyon/tr_canyon_rock3d_405a_ddn.dds]
<06:41:15> [751FFB9E][Warning] Error: CShaderMan::mfCreateShaderResources: Couldn't find detail texture
'game/textures/aa_terrain/canyon/tr_canyon_rock_616a_ddn.tga' in path '' [File=game/textures/aa_terrain/canyon/tr_canyon_rock_616a_ddn.tga]
<06:41:15> [B9410AA1] total 600 terrain world surfaces loaded
<06:41:15> [280A47E3] Precached total 4 materials
<06:41:15> [7B1A973B] seamless loading cell terrain(W21, 7), (L4, 4)
<06:41:15> [7B1A973B] seamless loading cell terrain(W21, 8), (L4, 5)
<06:41:15> [7B1A973B] seamless loading cell terrain(W20, 7), (L3, 4)
<06:41:15> [7B1A973B] seamless loading cell terrain(W20, 8), (L3, 5)
<06:41:15> [7B1A973B] seamless loading cell terrain(W22, 7), (L5, 4)
<06:41:15> [7B1A973B] seamless loading cell terrain(W22, 8), (L5, 5)
<06:41:15> [7B1A973B] seamless loading cell terrain(W21, 6), (L4, 3)
<06:41:15> [7B1A973B] seamless loading cell terrain(W20, 6), (L3, 3)
<06:41:15> [7B1A973B] seamless loading cell terrain(W21, 9), (L4, 6)
<06:41:15> [7B1A973B] seamless loading cell terrain(W20, 9), (L3, 6)
<06:41:15> [7B1A973B] seamless loading cell terrain(W19, 7), (L2, 4)
<06:41:15> [7B1A973B] seamless loading cell terrain(W22, 6), (L5, 3)
<06:41:15> [7B1A973B] seamless loading cell terrain(W19, 8), (L2, 5)
<06:41:15> [7B1A973B] seamless loading cell terrain(W22, 9), (L5, 6)
<06:41:15> [7B1A973B] seamless loading cell terrain(W23, 7), (L6, 4)
<06:41:15> [7B1A973B] seamless loading cell terrain(W19, 6), (L2, 3)
<06:41:15> [7B1A973B] seamless loading cell terrain(W23, 8), (L6, 5)
<06:41:15> [7B1A973B] seamless loading cell terrain(W19, 9), (L2, 6)
<06:41:15> [7B1A973B] seamless loading cell terrain(W21, 5), (L4, 2)
<06:41:15> [7B1A973B] seamless loading cell terrain(W20, 5), (L3, 2)
<06:41:15> [7B1A973B] seamless loading cell terrain(W21, 10), (L4, 7)
<06:41:15> [7B1A973B] seamless loading cell terrain(W23, 6), (L6, 3)
<06:41:15> [7B1A973B] seamless loading cell terrain(W22, 5), (L5, 2)
<06:41:15> [7B1A973B] seamless loading cell terrain(W20, 10), (L3, 7)
<06:41:15> [7B1A973B] seamless loading cell terrain(W23, 9), (L6, 6)
<06:41:15> [7B1A973B] seamless loading cell terrain(W18, 7), (L1, 4)
<06:41:15> [7B1A973B] seamless loading cell terrain(W18, 8), (L1, 5)
<06:41:15> [7B1A973B] seamless loading cell terrain(W22, 10), (L5, 7)
<06:41:15> [7B1A973B] seamless loading cell terrain(W19, 5), (L2, 2)
<06:41:15> [7B1A973B] seamless loading cell terrain(W18, 6), (L1, 3)
<06:41:15> [7B1A973B] seamless loading cell terrain(W19, 10), (L2, 7)
<06:41:15> [7B1A973B] seamless loading cell terrain(W18, 9), (L1, 6)
<06:41:15> [7B1A973B] seamless loading cell terrain(W24, 7), (L7, 4)
<06:41:15> [7B1A973B] seamless loading cell terrain(W23, 5), (L6, 2)
<06:41:15> [7B1A973B] seamless loading cell terrain(W24, 8), (L7, 5)
<06:41:15> [7B1A973B] seamless loading cell terrain(W21, 4), (L4, 1)
<06:41:15> [7B1A973B] seamless loading cell terrain(W23, 10), (L6, 7)
<06:41:15> [7B1A973B] seamless loading cell terrain(W20, 4), (L3, 1)
<06:41:15> [7B1A973B] seamless loading cell terrain(W24, 6), (L7, 3)
<06:41:15> [7B1A973B] seamless loading cell terrain(W24, 9), (L7, 6)
<06:41:15> [7B1A973B] seamless loading cell terrain(W22, 4), (L5, 1)
<06:41:15> [7B1A973B] seamless loading cell terrain(W18, 5), (L1, 2)
<06:41:15> [7B1A973B] seamless loading cell terrain(W17, 7), (L0, 4)
<06:41:15> [7B1A973B] seamless loading cell terrain(W18, 10), (L1, 7)
<06:41:15> [7B1A973B] seamless loading cell terrain(W17, 8), (L0, 5)
<06:41:15> [7B1A973B] seamless loading cell terrain(W19, 4), (L2, 1)
<06:41:15> [7B1A973B] seamless loading cell terrain(W24, 5), (L7, 2)
<06:41:15> [3EF08C47] seamless loading cell object(W21, 7), (L4, 4)
<06:41:15> [000004EE][Warning] [CGF Error] game/objects/env/02_harihara/001_hcom/hcom_cart_b.cgf [:] LOD1 of geometry hcom_cart_b contains too many polygons comparing to the LOD0 [770 against 1114] :
<06:41:15> [000004EE][Warning] [CGF Error] game/objects/env/01_nuia/001_housing/housing_people/hs_people_roof_a.cgf [:] Duplicate LOD helper $lod2 hs_people_roof_a
<06:41:16> [A5DDEC33][Warning] Warning: CShaderMan::mfForName: NULL name
<06:41:16> Loading Particle Library: X2_EFFECTS_P
<06:41:16> [000004EE][Warning] [CGF Error] game/objects/env/01_nuia/001_housing/housing_guild/nuia_h_guild_door_b_back.cga [:] non-uniform scale(1.00, 1.39, 1.00) at node(nuia_h_guild_door_b01_back)
<06:41:16> [000004EE][Warning] [CGF Error] game/objects/env/02_harihara/03_ti/ti_factorymain_a.cga [:] Invalid BBox : has Invalid BBox node(Object32)
<06:41:16> Loading Particle Library: x2_sounds
<06:41:16> [3EF08C47] seamless loading cell object(W21, 8), (L4, 5)
<06:41:16> [745BAE2F][Warning] failed to stream material xml(game/rock_06.mtl)
<06:41:16> [3EF08C47] seamless loading cell object(W20, 7), (L3, 4)
<06:41:16> [3EF08C47] seamless loading cell object(W20, 8), (L3, 5)
<06:41:16> [3EF08C47] seamless loading cell object(W22, 7), (L5, 4)
<06:41:16> [3EF08C47] seamless loading cell object(W22, 8), (L5, 5)
<06:41:17> [3EF08C47] seamless loading cell object(W21, 6), (L4, 3)
<06:41:17> [3EF08C47] seamless loading cell object(W20, 6), (L3, 3)
<06:41:17> [3EF08C47] seamless loading cell object(W21, 9), (L4, 6)
<06:41:17> [3EF08C47] seamless loading cell object(W20, 9), (L3, 6)
<06:41:17> [3EF08C47] seamless loading cell object(W19, 7), (L2, 4)
<06:41:17> [3EF08C47] seamless loading cell object(W22, 6), (L5, 3)
<06:41:17> [3EF08C47] seamless loading cell object(W19, 8), (L2, 5)
<06:41:17> [3EF08C47] seamless loading cell object(W22, 9), (L5, 6)
<06:41:17> [3EF08C47] seamless loading cell object(W23, 7), (L6, 4)
<06:41:17> [3EF08C47] seamless loading cell object(W19, 6), (L2, 3)
<06:41:18> [3EF08C47] seamless loading cell object(W23, 8), (L6, 5)
<06:41:18> [3C93550B][Warning] Error: CShaderMan::mfCreateShaderResources: Couldn't find custom texture 'objects/env/01_nuia/06_mari/mari_wood04_ddobjects/env/01_nuia/06_mari/mari_wood04_sp.dds' in path '' [File=objects/env/01_nuia/06_mari/mari_wood04_ddobjects/env/01_nuia/06_mari/mari_wood04_sp.dds]
<06:41:18> [3EF08C47] seamless loading cell object(W19, 9), (L2, 6)
<06:41:18> [3EF08C47] seamless loading cell object(W21, 5), (L4, 2)
<06:41:18> [000004EE][Warning] Particle effect not found: 'X2_EFFECTS.e_effect.smoke_slow', from ParticleEffect ParticleEffect_2760
<06:41:18> [3EF08C47] seamless loading cell object(W20, 5), (L3, 2)
<06:41:18> [12409CCC] Load Zone Finished
<06:41:18> [000004EE][Warning] I3DEngine::RegisterEntity: entity reports invalid position: Name: LightEntityName (), Class: LightEntityClass, Pos=(657.3,7976.0,585.4), aabb center=(142.0,1019.8,-2.3)
<06:41:18> [82321C2B][Warning] [net 10:41:18.567] [time] remote time estimation restarted; estimate accumulator age was 4.317977
<06:41:18> [7F89A202][Warning] AI: Warning: AIPoint is not inside Navigation Modifier. pos(4863.9, 5327.1, 637.1)
<06:41:18> [2363981C][Warning] chr material is not precached : game/objects/characters/animals/owl_postman/owl_postman.mtl (chr: game/objects/characters/animals/owl_postman/owl_postman.chr)
<06:41:18> [CE2F4035][Warning] chr physical geom is not precached. (game/objects/characters/animals/owl_postman/owl_postman.chr)
<06:41:18> [5CE4EF2C][Warning] failed to load particle lib from (Libs/Particles/game/abillity_skill_table_m.xml)
<06:41:18> [000004EE][Warning] Particle effect not found: 'game/abillity_skill_table_m.wild.shock_form2', from unknown 
<06:41:18> [2BFDEC33][Error] realstep 8, not match unit req
<06:41:18> [A39C1725] Level System - Loading Complete
<06:41:18> [9BE3F673] total 0 CGF files are precached
<06:41:19> [27293DED] -----------------------------------------------------
<06:41:19> [120C18F5] * LOADING: 'e_tiger_spine_mountains_2' loading time: 5.38 seconds
<06:41:19> [27293DED] -----------------------------------------------------
<06:41:19> [BCCDC555][Warning] MakeSprite - too many sprite update (10). dropping.. (sprites : 78)
<06:41:19> [000004EE][Warning] Independent immortal particle effect spawned: X2_EFFECT_O.Interaction.enchant_wpn_range_honor_3g
<06:41:21> [CA175C82][Warning] non-stream IO. system(Material), filePath(game/objects/env/01_nuia/001_housing/housing_farm/hs_f_scarecrow_star.mtl)
<06:41:22> Loading Particle Library: X2_effect_H
<06:41:22> [4AE32E73][Warning] Cannot load texture game/objects/env/01_nuia/001_housing/housing_house/housing_small_newhouse/housing_small_newhouse_03/housing_small_newhouse_03_floor_ddn.dds, file missing [File=game/objects/env/01_nuia/001_housing/housing_house/housing_small_newhouse/housing_small_newhouse_03/housing_small_newhouse_03_floor_ddn.dds]
<06:41:22> [EBF8A645][Warning] Error: CShaderMan::mfCreateShaderResources: Couldn't find detail texture
'Game/objects/Env/01_nuia/001_housing/housing_house/housing_small_newhouse/housing_small_newhouse_03/housing_small_newhouse_03_floor_ddn.dds' in path '' [File=Game/objects/Env/01_nuia/001_housing/housing_house/housing_small_newhouse/housing_small_newhouse_03/housing_small_newhouse_03_floor_ddn.dds]
<06:41:22> Loading Particle Library: ljs_particle_fx
<06:41:22> [755A3546][Warning] Error: CShaderMan::mfCreateShaderResources: Couldn't find custom secondary texture 'game/objects/env/01_nuia/001_housing/housing_house/nuia_housing_treemossy03_ddn.dds' in path '' [File=game/objects/env/01_nuia/001_housing/housing_house/nuia_housing_treemossy03_ddn.dds]
<06:41:23> [745BAE2F][Warning] failed to stream material xml(game/$picking.mtl)
<06:41:23> [000004EE][Warning] [CGF Error] game/objects/env/01_nuia/001_ndeco/making/ndeco_powerfulmaking.cga [:] LOD1 of geometry parts01 contains too many polygons comparing to the LOD0 [1592 against 1130] :
<06:41:23> [5243B464][Warning] Error: CShaderMan::mfCreateShaderResources: Couldn't find subsurface texture 'objects/characters/ferre/female/face/face01/fe_f_face01_fur_sss.dds' in path '' [File=objects/characters/ferre/female/face/face01/fe_f_face01_fur_sss.dds]
<06:41:23> [637AF710][Warning] missing chr material : game/objects/characters/ferre/male/parts/pt/obj/fe_m_pt_leather001.mtl (chr: game/objects/characters/ferre/male/parts/pt/obj/fe_m_1pt201.chr)
<06:41:24> [09F46B9D]     cl_fov = 90 []
<06:41:24> [09F46B9D]     camera_max_dist = 180 []
<06:41:24> [09F46B9D]     name_tag_hp_width_on_bgmode = 80 []
<06:41:24> [09F46B9D]     name_tag_hp_height_on_bgmode = 30 []
<06:41:24> [000004EE][Warning] [Lua Error] Failed to load script file scriptsbin/x2ui/assignment/form.alb
<06:41:24> [A13C772D][Warning] Cannot load texture ui/font_color.g, Image file format is invalid [File=ui/font_color.g]
<06:41:24> [B5A61D8F] Chat Channel(0) Color is not found.
<06:41:24> [000004EE][Warning] [Lua Error] ...ts/x2ui/loginstage/character_create/locale/en_us.lua:524: attempt to index a nil value
<06:41:24> [58F3F7FF][Warning] <null>:0: [Lua Error] Failed to execute file @game/scriptsbin/x2ui/loginstage/character_create/locale/en_us.alb
<06:41:25> [000004EE][Warning] [Lua] invalid style type...  / brown
<06:41:25> [82321C2B][Warning] [net 10:41:25.425] [time] remote time estimation restarted; estimate accumulator age was 0.928991
<06:41:26> [BCCDC555][Warning] MakeSprite - too many sprite update (10). dropping.. (sprites : 113)
<06:41:27> [CE0EF930][Warning] failed to stream cgf : default
<06:41:29> [745BAE2F][Warning] failed to stream material xml(objects/Characters/ferre/female/parts/all/cloth/cloth094/fe_f_ar_cloth094_whtp02.mtl)
<06:41:29> [000004EE][Warning] [CGF Error] game/objects/item/bow/bow_eph_2/bow_eph_2.cgf [:] LOD1 of geometry  contains too many polygons comparing to the LOD0 [824 against 1214] :
<06:41:29> [5243B464][Warning] Error: CShaderMan::mfCreateShaderResources: Couldn't find subsurface texture 'objects/characters/ferre/female/face/face01/fe_f_face01_fur_sss.dds' in path '' [File=objects/characters/ferre/female/face/face01/fe_f_face01_fur_sss.dds]
<06:41:29> [000004EE][Warning] Independent immortal particle effect spawned: X2_EFFECT_O.Interaction.enchant_wpn_range_honor_2g
<06:41:29> [637AF710][Warning] missing chr material : game/objects/characters/hariharan/male/parts/hm/obj/ha_m_hm_cloth001.mtl (chr: game/objects/characters/hariharan/male/parts/hm/obj/ha_m_3hm108.chr)
<06:41:32> [04FA8364][Warning] Cannot load texture game/objects/characters/nuian/male/hair/hair_texture/, file missing [File=game/objects/characters/nuian/male/hair/hair_texture/]
<06:41:32> [CE0EF930][Warning] failed to stream cgf : default
<06:41:34> [745BAE2F][Warning] failed to stream material xml(game/objects/characters/hariharan/female/parts/gv/obj/ha_f_gv_cloth037.mtl)
<06:41:34> [637AF710][Warning] missing chr material : game/objects/characters/hariharan/female/parts/hm/obj/ha_f_hm_leather028.mtl (chr: game/objects/characters/hariharan/female/parts/hm/obj/ha_f_1hm121.chr)
<06:41:36> [000004EE][Warning] [CGF Error] game/objects/env/02_harihara/001_hdeco/quest/hdeco_qust_cocoon01.cgf [:] non-uniform scale(0.87, 0.87, 1.00) at node(hdeco_qust_cocoon01_proxy)
<06:41:36> [A4D70365][Warning] rigid-body own-entity; prefab=prefabs/interaction_d.xml/tool.lever_right node=AnimObject_1
<06:41:36> [62232BEA][Warning] deferred xml stream error - game/animations/animals/crow_lucius/lmg_files/normal_run.lmg : f0000003
<06:41:37> [0D01BD65] start to parse systm mail
<06:41:37> [BFBA8B5E] end to parse systm mail
<06:41:38> [0D01BD65] start to parse systm mail
<06:41:38> [BFBA8B5E] end to parse systm mail
<06:41:38> [0D01BD65] start to parse systm mail
<06:41:38> [BFBA8B5E] end to parse systm mail
<06:41:38> [0D01BD65] start to parse systm mail
<06:41:38> [BFBA8B5E] end to parse systm mail
<06:41:38> [0D01BD65] start to parse systm mail
<06:41:38> [BFBA8B5E] end to parse systm mail
<06:41:38> [0D01BD65] start to parse systm mail
<06:41:38> [BFBA8B5E] end to parse systm mail
<06:41:38> [0D01BD65] start to parse systm mail
<06:41:38> [BFBA8B5E] end to parse systm mail
<06:41:38> [0D01BD65] start to parse systm mail
<06:41:38> [BFBA8B5E] end to parse systm mail
<06:41:38> [0D01BD65] start to parse systm mail
<06:41:38> [BFBA8B5E] end to parse systm mail
<06:41:38> [0D01BD65] start to parse systm mail
<06:41:38> [BFBA8B5E] end to parse systm mail
<06:41:38> [0D01BD65] start to parse systm mail
<06:41:38> [BFBA8B5E] end to parse systm mail
<06:41:38> [0D01BD65] start to parse systm mail
<06:41:38> [BFBA8B5E] end to parse systm mail
<06:41:38> [0D01BD65] start to parse systm mail
<06:41:38> [BFBA8B5E] end to parse systm mail
<06:41:38> [0D01BD65] start to parse systm mail
<06:41:38> [BFBA8B5E] end to parse systm mail
<06:41:39> [CE0EF930][Warning] failed to stream cgf : default
<06:41:40> [A13C772D][Warning] Cannot load texture ui/font_color.g, Image file format is invalid [File=ui/font_color.g]
<06:41:40> [0E5C1F7F][Warning] Cannot load texture game/objects/characters/ferre/male/hair/fe_m_hair02/fe_m_hair02_blu_df.dds, file missing [File=game/objects/characters/ferre/male/hair/fe_m_hair02/fe_m_hair02_blu_df.dds]
<06:41:40> [0D01BD65] start to parse systm mail
<06:41:40> [BFBA8B5E] end to parse systm mail
<06:41:40> [0D01BD65] start to parse systm mail
<06:41:40> [BFBA8B5E] end to parse systm mail
<06:41:40> [0D01BD65] start to parse systm mail
<06:41:40> [BFBA8B5E] end to parse systm mail
<06:41:40> [0D01BD65] start to parse systm mail
<06:41:40> [BFBA8B5E] end to parse systm mail
<06:41:40> [000004EE][Warning] [Lua Error] 1_3_0/scripts/x2ui/mailbox/mail/read_mail.lua:197: attempt to index local 'bodyInfo' (a nil value)
<06:41:40> [0D01BD65] start to parse systm mail
<06:41:40> [BFBA8B5E] end to parse systm mail
<06:41:40> [0D01BD65] start to parse systm mail
<06:41:40> [BFBA8B5E] end to parse systm mail
<06:41:40> [0D01BD65] start to parse systm mail
<06:41:40> [BFBA8B5E] end to parse systm mail
<06:41:40> [0D01BD65] start to parse systm mail
<06:41:40> [BFBA8B5E] end to parse systm mail
<06:41:41> [745BAE2F][Warning] failed to stream material xml(game/objects/characters/animals/cow/cow_black.mtl)
<06:41:42> [0D01BD65] start to parse systm mail
<06:41:42> [BFBA8B5E] end to parse systm mail
<06:41:42> [0D01BD65] start to parse systm mail
<06:41:42> [BFBA8B5E] end to parse systm mail
<06:41:42> [0D01BD65] start to parse systm mail
<06:41:42> [BFBA8B5E] end to parse systm mail
<06:41:42> [0D01BD65] start to parse systm mail
<06:41:42> [BFBA8B5E] end to parse systm mail
<06:41:42> [0D01BD65] start to parse systm mail
<06:41:42> [BFBA8B5E] end to parse systm mail
<06:41:42> [0D01BD65] start to parse systm mail
<06:41:42> [BFBA8B5E] end to parse systm mail
<06:41:42> [0D01BD65] start to parse systm mail
<06:41:42> [BFBA8B5E] end to parse systm mail
<06:41:42> [0D01BD65] start to parse systm mail
<06:41:42> [BFBA8B5E] end to parse systm mail
<06:41:42> [0D01BD65] start to parse systm mail
<06:41:42> [BFBA8B5E] end to parse systm mail
<06:41:42> [0D01BD65] start to parse systm mail
<06:41:42> [BFBA8B5E] end to parse systm mail
<06:41:44> [BCCDC555][Warning] MakeSprite - too many sprite update (10). dropping.. (sprites : 161)
<06:41:46> [000004EE][Warning] Independent immortal particle effect spawned: X2_EFFECT_O.Interaction.enchant_wpn_range_honor_3g
<06:41:47> [A4D70365][Warning] rigid-body own-entity; prefab=Prefabs/interaction.xml/toy.crane node=AnimObject_1
<06:41:48> [CE0EF930][Warning] failed to stream cgf : default
<06:41:54> [745BAE2F][Warning] failed to stream material xml(game/objects/characters/monster/polarbear_baby/Material #0.mtl)
<06:41:54> [62232BEA][Warning] deferred xml stream error - game/animations/monster/polarbear_baby/lmg_files/normal_run.lmg : f0000003
<06:41:54> [CE0EF930][Warning] failed to stream cgf : default
<06:41:59> [FCD07016][Warning] Cannot load texture objects/characters/ferre/male/hair/fe_m_hair02/fe_m_hair02_df.dds, file missing [File=objects/characters/ferre/male/hair/fe_m_hair02/fe_m_hair02_df.dds]
<06:42:07> [CE0EF930][Warning] failed to stream cgf : default
<06:42:09> [000004EE][Warning] [CGF Error] game/objects/env/01_nuia/001_ndeco/collect/ndeco_collect_geyser01.cgf [:] non-uniform scale(1.48, 1.48, 1.00) at node(proxy)
<06:42:15> [CE0EF930][Warning] failed to stream cgf : game/objects/env/05_nature/08_cry_source/rocks/road_rocks/road_rocks_flat_grey_a.cgf
<06:42:15> [A4D70365][Warning] rigid-body own-entity; prefab=Prefabs/interaction.xml/toy.crane node=AnimObject_1
<06:42:30> [CE0EF930][Warning] failed to stream cgf : default
<06:42:37> [CE0EF930][Warning] failed to stream cgf : default
<06:43:18> [CE0EF930][Warning] failed to stream cgf : objects/effects/portal_gate.cgf
<06:43:19> [5F2B49C4][Warning] cell get sector zone : invalid sector pos (-3, 8)
<06:43:19> [BB790A81] origin change campos : -8423.17, 3624.927490
<06:43:19> [00000020]  
<06:43:19> [00000020]  
<06:43:19> [A581FA6D] -----------------------------------------------------------------------------
<06:43:19> [1DAA5677] SeamlessSystem::ChangeOrigin() : Here we go. Old(17,3) -> New(6,3)
<06:43:19> [A581FA6D] -----------------------------------------------------------------------------
<06:43:19> [00000020]  
<06:43:19> [00000020]  
<06:43:19> [B866A294] seamless unloading cell terrain(W24, 19), (L7, 2)
<06:43:19> [B866A294] seamless unloading cell terrain(W24, 20), (L7, 3)
<06:43:19> [B866A294] seamless unloading cell terrain(W24, 21), (L7, 4)
<06:43:19> [B866A294] seamless unloading cell terrain(W24, 22), (L7, 5)
<06:43:19> [B866A294] seamless unloading cell terrain(W24, 23), (L7, 6)
<06:43:19> [B866A294] seamless unloading cell terrain(W23, 19), (L6, 2)
<06:43:19> [B866A294] seamless unloading cell terrain(W23, 20), (L6, 3)
<06:43:19> [B866A294] seamless unloading cell terrain(W23, 21), (L6, 4)
<06:43:19> [7AB931CE] seamless unloading cell object(W23, 21), (L6, 4)
<06:43:19> [4B1E8B22] unload cell object count : 6412
<06:43:19> [B866A294] seamless unloading cell terrain(W23, 22), (L6, 5)
<06:43:19> [7AB931CE] seamless unloading cell object(W23, 22), (L6, 5)
<06:43:19> [4B1E8B22] unload cell object count : 20553
<06:43:19> [B866A294] seamless unloading cell terrain(W23, 23), (L6, 6)
<06:43:19> [B866A294] seamless unloading cell terrain(W23, 24), (L6, 7)
<06:43:19> [B866A294] seamless unloading cell terrain(W22, 18), (L5, 1)
<06:43:19> [B866A294] seamless unloading cell terrain(W22, 19), (L5, 2)
<06:43:19> [B866A294] seamless unloading cell terrain(W22, 20), (L5, 3)
<06:43:19> [7AB931CE] seamless unloading cell object(W22, 20), (L5, 3)
<06:43:19> [4B1E8B22] unload cell object count : 2511
<06:43:19> [B866A294] seamless unloading cell terrain(W22, 21), (L5, 4)
<06:43:19> [7AB931CE] seamless unloading cell object(W22, 21), (L5, 4)
<06:43:19> [4B1E8B22] unload cell object count : 10835
<06:43:19> [B866A294] seamless unloading cell terrain(W22, 22), (L5, 5)
<06:43:19> [7AB931CE] seamless unloading cell object(W22, 22), (L5, 5)
<06:43:19> [4B1E8B22] unload cell object count : 9612
<06:43:19> [B866A294] seamless unloading cell terrain(W22, 23), (L5, 6)
<06:43:19> [7AB931CE] seamless unloading cell object(W22, 23), (L5, 6)
<06:43:19> [4B1E8B22] unload cell object count : 3933
<06:43:19> [B866A294] seamless unloading cell terrain(W22, 24), (L5, 7)
<06:43:19> [B866A294] seamless unloading cell terrain(W21, 18), (L4, 1)
<06:43:19> [B866A294] seamless unloading cell terrain(W21, 19), (L4, 2)
<06:43:19> [7AB931CE] seamless unloading cell object(W21, 19), (L4, 2)
<06:43:19> [4B1E8B22] unload cell object count : 399
<06:43:19> [B866A294] seamless unloading cell terrain(W21, 20), (L4, 3)
<06:43:19> [7AB931CE] seamless unloading cell object(W21, 20), (L4, 3)
<06:43:19> [4B1E8B22] unload cell object count : 5081
<06:43:19> [B866A294] seamless unloading cell terrain(W21, 21), (L4, 4)
<06:43:19> [7AB931CE] seamless unloading cell object(W21, 21), (L4, 4)
<06:43:19> [4B1E8B22] unload cell object count : 11732
<06:43:19> [B866A294] seamless unloading cell terrain(W21, 22), (L4, 5)
<06:43:19> [7AB931CE] seamless unloading cell object(W21, 22), (L4, 5)
<06:43:19> [4B1E8B22] unload cell object count : 8624
<06:43:19> [B866A294] seamless unloading cell terrain(W21, 23), (L4, 6)
<06:43:19> [7AB931CE] seamless unloading cell object(W21, 23), (L4, 6)
<06:43:19> [4B1E8B22] unload cell object count : 5800
<06:43:19> [B866A294] seamless unloading cell terrain(W21, 24), (L4, 7)
<06:43:19> [B866A294] seamless unloading cell terrain(W20, 18), (L3, 1)
<06:43:19> [B866A294] seamless unloading cell terrain(W20, 19), (L3, 2)
<06:43:19> [7AB931CE] seamless unloading cell object(W20, 19), (L3, 2)
<06:43:19> [4B1E8B22] unload cell object count : 2881
<06:43:19> [B866A294] seamless unloading cell terrain(W20, 20), (L3, 3)
<06:43:19> [7AB931CE] seamless unloading cell object(W20, 20), (L3, 3)
<06:43:19> [4B1E8B22] unload cell object count : 5342
<06:43:19> [B866A294] seamless unloading cell terrain(W20, 21), (L3, 4)
<06:43:19> [7AB931CE] seamless unloading cell object(W20, 21), (L3, 4)
<06:43:19> [4B1E8B22] unload cell object count : 7688
<06:43:19> [B866A294] seamless unloading cell terrain(W20, 22), (L3, 5)
<06:43:19> [7AB931CE] seamless unloading cell object(W20, 22), (L3, 5)
<06:43:19> [4B1E8B22] unload cell object count : 14324
<06:43:19> [B866A294] seamless unloading cell terrain(W20, 23), (L3, 6)
<06:43:19> [7AB931CE] seamless unloading cell object(W20, 23), (L3, 6)
<06:43:19> [4B1E8B22] unload cell object count : 9543
<06:43:19> [B866A294] seamless unloading cell terrain(W20, 24), (L3, 7)
<06:43:19> [B866A294] seamless unloading cell terrain(W19, 18), (L2, 1)
<06:43:19> [B866A294] seamless unloading cell terrain(W19, 19), (L2, 2)
<06:43:19> [B866A294] seamless unloading cell terrain(W19, 20), (L2, 3)
<06:43:19> [7AB931CE] seamless unloading cell object(W19, 20), (L2, 3)
<06:43:19> [4B1E8B22] unload cell object count : 1094
<06:43:19> [B866A294] seamless unloading cell terrain(W19, 21), (L2, 4)
<06:43:19> [7AB931CE] seamless unloading cell object(W19, 21), (L2, 4)
<06:43:19> [4B1E8B22] unload cell object count : 4313
<06:43:19> [B866A294] seamless unloading cell terrain(W19, 22), (L2, 5)
<06:43:19> [7AB931CE] seamless unloading cell object(W19, 22), (L2, 5)
<06:43:19> [4B1E8B22] unload cell object count : 26356
<06:43:19> [B866A294] seamless unloading cell terrain(W19, 23), (L2, 6)
<06:43:19> [7AB931CE] seamless unloading cell object(W19, 23), (L2, 6)
<06:43:19> [4B1E8B22] unload cell object count : 11282
<06:43:19> [B866A294] seamless unloading cell terrain(W19, 24), (L2, 7)
<06:43:19> [B866A294] seamless unloading cell terrain(W18, 19), (L1, 2)
<06:43:19> [B866A294] seamless unloading cell terrain(W18, 20), (L1, 3)
<06:43:19> [B866A294] seamless unloading cell terrain(W18, 21), (L1, 4)
<06:43:19> [B866A294] seamless unloading cell terrain(W18, 22), (L1, 5)
<06:43:19> [B866A294] seamless unloading cell terrain(W18, 23), (L1, 6)
<06:43:19> [B866A294] seamless unloading cell terrain(W18, 24), (L1, 7)
<06:43:19> [B866A294] seamless unloading cell terrain(W17, 21), (L0, 4)
<06:43:19> [B866A294] seamless unloading cell terrain(W17, 22), (L0, 5)
<06:43:19> [3623F74F] [Seamless] camera has been warped
<06:43:19> [9CAE9693] Starting In World Loading
<06:43:19> [7B1A973B] seamless loading cell terrain(W8, 6), (L2, 3)
<06:43:19> [7B1A973B] seamless loading cell terrain(W9, 6), (L3, 3)
<06:43:19> [7B1A973B] seamless loading cell terrain(W8, 7), (L2, 4)
<06:43:19> [7B1A973B] seamless loading cell terrain(W8, 5), (L2, 2)
<06:43:19> [7B1A973B] seamless loading cell terrain(W9, 7), (L3, 4)
<06:43:19> [7B1A973B] seamless loading cell terrain(W9, 5), (L3, 2)
<06:43:19> [7B1A973B] seamless loading cell terrain(W7, 6), (L1, 3)
<06:43:19> [7B1A973B] seamless loading cell terrain(W7, 7), (L1, 4)
<06:43:19> [7B1A973B] seamless loading cell terrain(W7, 5), (L1, 2)
<06:43:19> [7B1A973B] seamless loading cell terrain(W10, 6), (L4, 3)
<06:43:19> [7B1A973B] seamless loading cell terrain(W10, 7), (L4, 4)
<06:43:19> [7B1A973B] seamless loading cell terrain(W8, 8), (L2, 5)
<06:43:19> [7B1A973B] seamless loading cell terrain(W10, 5), (L4, 2)
<06:43:19> [7B1A973B] seamless loading cell terrain(W8, 4), (L2, 1)
<06:43:19> [7B1A973B] seamless loading cell terrain(W9, 8), (L3, 5)
<06:43:19> [7B1A973B] seamless loading cell terrain(W9, 4), (L3, 1)
<06:43:19> [7B1A973B] seamless loading cell terrain(W6, 6), (L0, 3)
<06:43:19> [7B1A973B] seamless loading cell terrain(W7, 8), (L1, 5)
<06:43:19> [7B1A973B] seamless loading cell terrain(W7, 4), (L1, 1)
<06:43:19> [7B1A973B] seamless loading cell terrain(W6, 7), (L0, 4)
<06:43:19> [7B1A973B] seamless loading cell terrain(W6, 5), (L0, 2)
<06:43:19> [7B1A973B] seamless loading cell terrain(W10, 8), (L4, 5)
<06:43:19> [7B1A973B] seamless loading cell terrain(W10, 4), (L4, 1)
<06:43:19> [7B1A973B] seamless loading cell terrain(W11, 6), (L5, 3)
<06:43:19> [7B1A973B] seamless loading cell terrain(W11, 7), (L5, 4)
<06:43:19> [7B1A973B] seamless loading cell terrain(W11, 5), (L5, 2)
<06:43:19> [7B1A973B] seamless loading cell terrain(W8, 9), (L2, 6)
<06:43:19> [7B1A973B] seamless loading cell terrain(W6, 8), (L0, 5)
<06:43:19> [7B1A973B] seamless loading cell terrain(W9, 9), (L3, 6)
<06:43:19> [7B1A973B] seamless loading cell terrain(W8, 3), (L2, 0)
<06:43:19> [7B1A973B] seamless loading cell terrain(W9, 3), (L3, 0)
<06:43:19> [7B1A973B] seamless loading cell terrain(W7, 9), (L1, 6)
<06:43:19> [7B1A973B] seamless loading cell terrain(W11, 8), (L5, 5)
<06:43:19> [7B1A973B] seamless loading cell terrain(W11, 4), (L5, 1)
<06:43:19> [7B1A973B] seamless loading cell terrain(W10, 9), (L4, 6)
<06:43:19> [7B1A973B] seamless loading cell terrain(W10, 3), (L4, 0)
<06:43:19> [7B1A973B] seamless loading cell terrain(W12, 6), (L6, 3)
<06:43:19> [7B1A973B] seamless loading cell terrain(W6, 9), (L0, 6)
<06:43:19> [7B1A973B] seamless loading cell terrain(W12, 7), (L6, 4)
<06:43:19> [7B1A973B] seamless loading cell terrain(W12, 5), (L6, 2)
<06:43:19> [7B1A973B] seamless loading cell terrain(W8, 10), (L2, 7)
<06:43:19> [3EF08C47] seamless loading cell object(W8, 6), (L2, 3)
<06:43:19> [3EF08C47] seamless loading cell object(W9, 6), (L3, 3)
<06:43:19> [3EF08C47] seamless loading cell object(W8, 7), (L2, 4)
<06:43:19> [3EF08C47] seamless loading cell object(W8, 5), (L2, 2)
<06:43:19> [3EF08C47] seamless loading cell object(W9, 7), (L3, 4)
<06:43:19> [3EF08C47] seamless loading cell object(W9, 5), (L3, 2)
<06:43:19> [3EF08C47] seamless loading cell object(W7, 6), (L1, 3)
<06:43:19> [3EF08C47] seamless loading cell object(W7, 7), (L1, 4)
<06:43:19> [3EF08C47] seamless loading cell object(W7, 5), (L1, 2)
<06:43:19> [3EF08C47] seamless loading cell object(W10, 6), (L4, 3)
<06:43:19> [3EF08C47] seamless loading cell object(W10, 7), (L4, 4)
<06:43:19> [3EF08C47] seamless loading cell object(W8, 8), (L2, 5)
<06:43:19> [3EF08C47] seamless loading cell object(W10, 5), (L4, 2)
<06:43:19> [3EF08C47] seamless loading cell object(W8, 4), (L2, 1)
<06:43:19> [3EF08C47] seamless loading cell object(W9, 8), (L3, 5)
<06:43:19> [3EF08C47] seamless loading cell object(W9, 4), (L3, 1)
<06:43:19> [3EF08C47] seamless loading cell object(W7, 8), (L1, 5)
<06:43:19> [3EF08C47] seamless loading cell object(W7, 4), (L1, 1)
<06:43:20> [B94D8BD1][Warning] Cannot load texture game/objects/env/03_origin_continent/90_the_garden/garden_power_pillar_ddn.dds, file missing [File=game/objects/env/03_origin_continent/90_the_garden/garden_power_pillar_ddn.dds]
<06:43:20> [D8EA1A9D][Warning] Error: CShaderMan::mfCreateShaderResources: Couldn't find custom secondary texture 'game/objects/env/03_origin_continent/90_the_garden/garden_power_pillar_ddn.dds' in path '' [File=game/objects/env/03_origin_continent/90_the_garden/garden_power_pillar_ddn.dds]
<06:43:20> [745BAE2F][Warning] failed to stream material xml(game/objects/env/01_nuia/19_fairy/fairy_tree_ivy.mtl)
<06:43:20> [05FB5682][Warning] Not a normal map texture tried to be used as a normal map: game/objects/env/99_aac/01_world/comet/warm/aa_meteor_warm_fx.dds [File=game/objects/env/99_aac/01_world/comet/warm/aa_meteor_warm_fx.dds]
<06:43:20> [586BCE46][Warning] Non 3dc normal map used (wrong on DX10): game/objects/env/99_aac/01_world/comet/warm/aa_meteor_warm_ddn.dds [File=game/objects/env/99_aac/01_world/comet/warm/aa_meteor_warm_ddn.dds]
<06:43:20> [0AD0E100][Warning] Error: CShaderMan::mfCreateShaderResources: Couldn't find subsurface texture 'game/objects/env/03_origin_continent/90_the_garden/garden_power_pillar_d_df.dds' in path '' [File=game/objects/env/03_origin_continent/90_the_garden/garden_power_pillar_d_df.dds]
<06:43:20> [000004EE][Warning] [CGF Error] game/objects/env/01_nuia/001_ncom/ncom_woodfish.cgf [:] non-uniform scale(1.00, 1.00, 0.90) at node(proxy)
<06:43:20> [BB790A81] origin change campos : 2840.83, 3624.927490
<06:43:20> [00000020]  
<06:43:20> [00000020]  
<06:43:20> [A581FA6D] -----------------------------------------------------------------------------
<06:43:20> [1DAA5677] SeamlessSystem::ChangeOrigin() : Here we go. Old(6,3) -> New(5,3)
<06:43:20> [A581FA6D] -----------------------------------------------------------------------------
<06:43:20> [00000020]  
<06:43:20> [00000020]  
<06:43:20> [7B1A973B] seamless loading cell terrain(W5, 6), (L0, 3)
<06:43:20> [3EF08C47] seamless loading cell object(W6, 6), (L1, 3)
<06:43:20> [7B1A973B] seamless loading cell terrain(W5, 7), (L0, 4)
<06:43:20> [3EF08C47] seamless loading cell object(W6, 7), (L1, 4)
<06:43:20> [7B1A973B] seamless loading cell terrain(W5, 5), (L0, 2)
<06:43:20> [3EF08C47] seamless loading cell object(W6, 5), (L1, 2)
<06:43:20> [7B1A973B] seamless loading cell terrain(W5, 8), (L0, 5)
<06:43:20> [188BF914][Warning] [EntityLoader] invalid entity pos(0.298, -2.719, 0.001) name(B_gear_light)
<06:43:20> [DE20B351][Warning] Flow Graph Node targets unknown entity guid: 4fc945cdb2ad3fbb
<06:43:21> [B42C333F] In World Loading Finished
<06:43:21> [82321C2B][Warning] [net 10:43:21.853] [time] remote time estimation restarted; estimate accumulator age was 2.266862
<06:43:21> [BCCDC555][Warning] MakeSprite - too many sprite update (10). dropping.. (sprites : 55)
<06:43:22> [CA175C82][Warning] non-stream IO. system(Material), filePath(game/objects/env/01_nuia/001_housing/housing_farm/hs_f_scarecrow_g.mtl)
<06:43:24> [000004EE][Warning] Particle effect not found: 'game/abillity_skill_table_m.wild.standhold_shot_form', from unknown 
<06:43:24> [B95EE41B][Error] invalid parent unit id(91154)
<06:43:24> [637AF710][Warning] missing chr material : game/objects/characters/nuian/male/parts/hm/obj/nu_m_hm_cloth999.mtl (chr: game/objects/characters/nuian/male/parts/hm/obj/nu_m_1hm121.chr)
<06:43:27> [BCCDC555][Warning] MakeSprite - too many sprite update (10). dropping.. (sprites : 57)
<06:43:39> [7B1A973B] seamless loading cell terrain(W11, 9), (L6, 6)
<06:43:44> [7B1A973B] seamless loading cell terrain(W9, 10), (L4, 7)
<06:43:44> [745BAE2F][Warning] failed to stream material xml(game/objects/env/01_nuia/001_ndeco/housing/ncom_zareba.mtl)
<06:43:49> [CE0EF930][Warning] failed to stream cgf : default
<06:43:50> [745BAE2F][Warning] failed to stream material xml(game/objects/characters/animals/seagull/Material #0.mtl)
<06:43:54> [E126B923][Warning] Cannot load texture game/objects/env/01_nuia/001_housing/housing_furniture/hs_f_drums_ddn, file missing [File=game/objects/env/01_nuia/001_housing/housing_furniture/hs_f_drums_ddn]
<06:43:55> [A4D70365][Warning] rigid-body own-entity; prefab=prefabs/interaction_c.xml/house.door_anp node=AnimObject_1
<06:43:57> [DE20B351][Warning] Flow Graph Node targets unknown entity guid: 4b2fb81ffe6b0dc9
<06:43:57> [CE0EF930][Warning] failed to stream cgf : default
<06:43:57> [F9376E0D][Warning] [flow] FG-0x58715FB4-Entity 'AnimObject_19' was destroyed with pending updates/activations. Report follows...
<06:43:57> [A8F1529E][Warning] [flow] Pending nodes:
<06:44:00> [63ABB424][Warning] Facial sequence "fist_ac_whistle" not listed in CAL file for character "game/objects/characters/warborn/female/nude/wa_f_base.chr".
<06:44:04> [B95EE41B][Error] invalid parent unit id(128060)
<06:44:14> [F9376E0D][Warning] [flow] FG-0x587139EC-Entity 'AnimObject_19' was destroyed with pending updates/activations. Report follows...
<06:44:14> [A8F1529E][Warning] [flow] Pending nodes:
<06:44:19> [DE20B351][Warning] Flow Graph Node targets unknown entity guid: 4581cd188052ecd3
<06:44:22> [A4D70365][Warning] rigid-body own-entity; prefab=prefabs/making_bee.xml/making_bee.bee02 node=AnimObject_2
<06:44:23> [745BAE2F][Warning] failed to stream material xml(game/objects/env/01_nuia/001_ndeco/housing/ncom_zareba.mtl)
<06:44:24> [F9376E0D][Warning] [flow] FG-0x6FA7CDD4-Entity 'AnimObject_19' was destroyed with pending updates/activations. Report follows...
<06:44:24> [A8F1529E][Warning] [flow] Pending nodes:
<06:44:24> [3EF08C47] seamless loading cell object(W10, 8), (L5, 5)
<06:44:24> [DE20B351][Warning] Flow Graph Node targets unknown entity guid: 4b2fb81ffe6b0dc9
<06:44:26> [88A91B4F][Warning] Cannot load texture game/objects/env/03_origin_continent/001_odeco/ndeco_crystal_kraken_ddn.dds, file missing [File=game/objects/env/03_origin_continent/001_odeco/ndeco_crystal_kraken_ddn.dds]
<06:44:26> [000004EE][Warning] [CGF Error] game/objects/env/01_nuia/001_ndeco/ndeco_dboss.cgf [:] LOD1 of geometry  contains too many polygons comparing to the LOD0 [2373 against 3082] :
<06:44:27> [7B1A973B] seamless loading cell terrain(W11, 3), (L6, 0)
<06:44:27> [B95EE41B][Error] invalid parent unit id(91154)
<06:44:27> [000004EE][Warning] Particle effect not found: 'game/abillity_skill_table_m.fight.full_dot_end', from unknown 
<06:44:27> [637AF710][Warning] missing chr material : game/objects/characters/nuian/male/parts/ar/obj/nu_m_ar_metal166.mtl (chr: game/objects/characters/nuian/male/parts/ar/obj/nu_m_1ac016_1arm030_3ar902_3arm006_3bt008_3eb001_3pv003_3sh024.chr)
<06:44:27> [CA175C82][Warning] non-stream IO. system(Material), filePath(game/objects/effects/keffect/m_enchant1_pink_m.mtl)
<06:44:28> [3EF08C47] seamless loading cell object(W10, 4), (L5, 1)
<06:44:31> [BCCDC555][Warning] MakeSprite - too many sprite update (10). dropping.. (sprites : 89)
<06:44:33> [90F4FAEE][Error] AI: Error: Wrong AI area file version - found 20 expected 22 - regenerate triangulation [Design bug]
<06:44:33> [DE20B351][Warning] Flow Graph Node targets unknown entity guid: 48e58100dfffb673
<06:44:34> [A4D70365][Warning] rigid-body own-entity; prefab=prefabs/making_bee.xml/making_bee.bee04 node=AnimObject_2
<06:44:35> [62232BEA][Warning] deferred xml stream error - game/animations/animals/piggy/lmg_files/normal_run.lmg : f0000003
<06:45:36> [B95EE41B][Error] invalid parent unit id(121450)
<06:45:54> [B95EE41B][Error] invalid parent unit id(121450)
<06:49:50> [745BAE2F][Warning] failed to stream material xml(game/materials/effects/fume_h_ssd.mtl)
<06:49:56> [3EF08C47] seamless loading cell object(W11, 6), (L6, 3)
<06:49:56> [90F4FAEE][Error] AI: Error: Wrong AI area file version - found 20 expected 22 - regenerate triangulation [Design bug]
<06:49:57> [A4D70365][Warning] rigid-body own-entity; prefab=prefabs/making_bee.xml/making_bee.bee04 node=AnimObject_2
<06:50:04> [A4D70365][Warning] rigid-body own-entity; prefab=prefabs/making_bee.xml/making_bee.bee04 node=AnimObject_2
<06:50:12> [A4D70365][Warning] rigid-body own-entity; prefab=prefabs/making_bee.xml/making_bee.bee04 node=AnimObject_2
<06:50:28> [DE20B351][Warning] Flow Graph Node targets unknown entity guid: 45671b71c0b06ecd
<06:51:15> [F9376E0D][Warning] [flow] FG-0x8B00F97C-Entity 'AnimObject_19' was destroyed with pending updates/activations. Report follows...
<06:51:15> [A8F1529E][Warning] [flow] Pending nodes:
<06:51:29> [90F4FAEE][Error] AI: Error: Wrong AI area file version - found 20 expected 22 - regenerate triangulation [Design bug]
<06:52:04> [90F4FAEE][Error] AI: Error: Wrong AI area file version - found 20 expected 22 - regenerate triangulation [Design bug]
<06:54:10> [A4D70365][Warning] rigid-body own-entity; prefab=prefabs/making_bee.xml/making_bee.bee04 node=AnimObject_2
<06:54:16> [B95EE41B][Error] invalid parent unit id(123941)
<06:54:19> [A4D70365][Warning] rigid-body own-entity; prefab=prefabs/making_bee.xml/making_bee.bee04 node=AnimObject_2
<06:54:33> [B95EE41B][Error] invalid parent unit id(123941)
<06:54:42> [A4D70365][Warning] rigid-body own-entity; prefab=prefabs/making_bee.xml/making_bee.bee04 node=AnimObject_2
<06:56:23> [B95EE41B][Error] invalid parent unit id(68506)
<06:56:43> [B95EE41B][Error] invalid parent unit id(68506)
<06:57:06> [B95EE41B][Error] invalid parent unit id(115669)
<06:57:06> [000004EE][Warning] Particle effect not found: 'game/abillity_skill_table_m.wild.lights_arrow_hit', from unknown 
<06:57:06> [FC7CE2C6][Warning] Cannot load texture , file missing
<06:57:06> [3305346E][Warning] Can't load image ''. 
<06:57:35> [B95EE41B][Error] invalid parent unit id(115669)
<06:58:32> [2363981C][Warning] chr material is not precached : game/objects/characters/warborn/female/horns/wa_f_horns002/wa_f_horns002.mtl (chr: game/objects/characters/warborn/female/horns/wa_f_horns002/wa_f_horns002.chr)
<06:58:32> [CA175C82][Warning] non-stream IO. system(Material), filePath(game/objects/characters/warborn/female/horns/wa_f_horns002/wa_f_horns002.mtl)
<06:58:32> [5F89E60D][Warning] non cached CDF(game/objects/characters/warborn/female/parts/hm/leather/hm_leather167/wa_f_hm_leather167.cdf)
<06:58:32> [637AF710][Warning] missing chr material : game/objects/characters/warborn/female/parts/hm/obj/wa_f_hm_leather179.mtl (chr: game/objects/characters/warborn/female/parts/hm/obj/wa_f_2hm109.chr)
<06:58:42> [584C4FFD] [net 10:58:42.412] -- Client will disconnect; cause=18 desc=graceful exit
<06:58:42> [05D024BA] System:Quit
