[801989E0] BackupNameAttachment=" Build(0) Date(12 September 2025) Time(22 26 25)"  -- used by backup system
[00000020]  
[38F38F32] Log Started at #c
[0232BD25] Running 32 bit version
[7AB6F5FE] Executable: C:\Games\AAClassic\bin32\archeage.exe
[E5C771AC] FileVersion: 3.5.0.0
[F799D55F] ProductVersion: 3.5.3.0
[1F1D6B13] Using Microsoft (tm) C++ Standard Library implementation
[00000020]  
[C7D96C80] Revision: 350000
[00000020]  
[64533E3E] this is the first client
<22:26:30> [B9197FD5][Error] ConsoleVariableGroup[option_effect] key[e_particles_lod_onoff] has no default
<22:26:30> [76666E6D] 
--- CPU detection ---
<22:26:30> [F4D992D8] CPU: AMD AMD Ryzen 7 7800X3D 8-Core Processor           
<22:26:30> [3F649B02] Family: 15, Model: 1, Stepping: 2
<22:26:30> [83D12E0B] FPU: On-Chip
<22:26:30> [50919DA0] CPU Speed (estimated): 4192.085485 MHz
<22:26:30> [C73FD83A] MMX: not present
<22:26:30> [89D1077A] SSE: present
<22:26:30> [64E2B6F1] 3DNow!: present
<22:26:30> [27B7AC6E] Serial number not present or disabled
<22:26:30> [1D2D8E5B] Number of logical processors: 16
<22:26:30> [FA658084] Number of available logical processors: 16
<22:26:30> [A1F061C2] Invariant Time Stamp Counter : yes
<22:26:30> [FA0251ED] ---------------------

<22:26:30> [03E7D838] Device Info
<22:26:30> [9F603516] Device Info - 1
<22:26:30> [9F603517] Device Info - 2
<22:26:30> [9F603518] Device Info - 3
<22:26:30> [9F603519] Device Info - 4
<22:26:30> [9F60351A] Device Info - 5
<22:26:30> [9F60351B] Device Info - 6
<22:26:30> [9F60351C] Device Info - 7
<22:26:30> [E98ECC28] Video Memory Info
<22:26:30> [D5FBE664] Video Memory - 1
<22:26:30> [D5FBE665] Video Memory - 2
<22:26:30> [D5FBE666] Video Memory - 3
<22:26:30> [D5FBE667] Video Memory - 4
<22:26:30> [D5FBE668] Video Memory - 5
<22:26:30> [D5FBE669] Video Memory - 6
<22:26:30> [D5FBE66A] Video Memory - 7
<22:26:30> [D5FBE66B] Video Memory - 8
<22:26:30> [3A4D54A2][Warning] config/gpu/amd.txt line 55 contains a multiple defined GPU rating!
<22:26:30> [D20872C0] InitThreadAffinities
<22:26:30> [2F28A434] UpdateMainThreadAffinity
<22:26:30> [16962512] Windows 8 64 bit (build 6.2.9200)
<22:26:30> [38DFF081] System language: English
<22:26:30> [861A0178] Windows Directory: "C:\windows"
<22:26:30> [341B54F1] Prerequisites...
<22:26:30> [5D1B3C9C] * Installation of KB940105 hotfix required: no! (either not needed or already installed)
<22:26:30> [D91C5AD8] Local time is 22:26:30 09/12/25, system running for 136 minutes
<22:26:30> [3D4EE3C7] 63426MB physical memory installed, 35218MB available, 4095MB virtual memory installed, 44 percent of memory in use
<22:26:30> [31259232] PageFile usage: 
<22:26:30> [453F0D1B] Current display mode is 2560x1440x32
<22:26:30> [8A64FCCC] IBM enhanced (101/102-key) keyboard and 3+ button mouse installed
<22:26:30> [CE30556B] ----- GPU Detection -----------------
<22:26:30> [03E7D838] Device Info
<22:26:30> [9F603516] Device Info - 1
<22:26:30> [9F603517] Device Info - 2
<22:26:30> [9F603518] Device Info - 3
<22:26:30> [9F603519] Device Info - 4
<22:26:30> [9F60351A] Device Info - 5
<22:26:30> [9F60351B] Device Info - 6
<22:26:30> [9F60351C] Device Info - 7
<22:26:30> [E98ECC28] Video Memory Info
<22:26:30> [D5FBE664] Video Memory - 1
<22:26:30> [D5FBE665] Video Memory - 2
<22:26:31> [D5FBE666] Video Memory - 3
<22:26:31> [D5FBE667] Video Memory - 4
<22:26:31> [D5FBE668] Video Memory - 5
<22:26:31> [D5FBE669] Video Memory - 6
<22:26:31> [D5FBE66A] Video Memory - 7
<22:26:31> [D5FBE66B] Video Memory - 8
<22:26:31> [99EA404A]  AMD Radeon RX 7800 XT (RADV NAVI32) (vendor = 0x1002, device = 0x747e, subSys = 0x00000000)
<22:26:31> [77718B6A] -- Video memory: 4081 MB
<22:26:31> [30DF1863] -- Minimum SM 2.0 support: yes
<22:26:31> [13E11956] -- DX11 supported: yes
<22:26:31> [50B60100] --------------------------------------------------------------------------------
<22:26:31> [5921EDBE] Stream Engine Initialization
<22:26:31> [BA0D559B] Splash: Initializing Stream Engine...
<22:26:31> [939F6EBB] Enable Resolutions : 0
<22:26:31> [A30A84B6] can't enum display resolution modes
<22:26:31> [B324CD25] Screen Resolution - 1024x768
<22:26:31> [3778EA0B] Screen Resolution - 2 (2560x1440)
<22:26:31> [A1B107F0] Screen Resolution - Test OK (2560x1440)
<22:26:31> [A9E4B0F2] Network initialization
<22:26:31> [BA0D559B] Splash: Initializing Network System...
<22:26:31> [14FAD233] Socket I/O by iocp
<22:26:31> [E36A4FB9] Physics initialization
<22:26:31> [BA0D559B] Splash: Initializing Physics...
<22:26:31> [2462D581] MovieSystem initialization
<22:26:31> [BA0D559B] Splash: Initializing Movie System...
<22:26:31> [93287AEC] Renderer initialization - Start
<22:26:31> [BA0D559B] Splash: Initializing Renderer...
<22:26:31> [91207680] Renderer initialization - Open
<22:26:31> [4377E7CB] Renderer initialization - DLL Load(CryRenderD3D9.dll)
<22:26:31> [71203A94] Renderer initialization - DLL Done
<22:26:31> [71227C22] Renderer initialization - DLL Init
<22:26:31> [C653D9CB] Renderer initialization - Instance
<22:26:31> [44D9754D] D3D Adapter: Driver name: aticfx32.dll
<22:26:31> [82BE8322] D3D Adapter: Driver description: AMD Radeon RX 7800 XT (RADV NAVI32)
<22:26:31> [2224501A] D3D Adapter: Driver version: 32767.65535.65535.65535
<22:26:31> [E8D1E30D] D3D Adapter: Driver GUID: 00000000-0003-0000-0000000000000000
<22:26:31> [BC8C1ACB] D3D Adapter: VendorId = 0x1002
<22:26:31> [B6A10CFD] D3D Adapter: DeviceId = 0x747E
<22:26:31> [0678E702] D3D Adapter: SubSysId = 0x00000000
<22:26:31> [F2243F0E] D3D Adapter: Revision = 0
<22:26:31> [E571CFEE] Shader manager initialization
<22:26:32> [05BAAEF6] CResFile allocations incurred by user cache preload: (16740.67k)
<22:26:32> [911B73B8] Renderer initialization - Done
<22:26:32> [8E444EA9] Console initialization
<22:26:32> [2904A233] Time initialization
<22:26:32> [3650CFD6] Input initialization
<22:26:32> [BA0D559B] Splash: Initializing Input System...
<22:26:32> Initializing Keyboard
<22:26:32> [99640BF1] Sound initialization
<22:26:32> [BA0D559B] Splash: Initializing Sound System...
<22:26:32> [2C33885C] Sound - Initializing AudioDevice now!
<22:26:32> [E46760A9] <Sound> Initialize FMOD with dynamic memory callbacks
<22:26:33> [D6755BFD] <Sound> Starting to initialize Windows Audio Session API output! 
<22:26:33> [F7E8E3CD] <Sound> Drivers found: 6
<22:26:33> [9B899242] <Sound> Available drivers:
	1.	PulseAudio Output (PulseAudio Output)
	2.	Blue Microphones Analog Stereo (Blue Microphones Analog Stereo)
	3.	soundcore Liberty 4 NC (soundcore Liberty 4 NC)
	4.	Wireless Controller (Wireless Controller)
	5.	Navi 31 HDMI/DP Audio Digital Stereo (HDMI) (Navi 31 HDMI/DP Audio Digital Stereo (HDMI))
	6.	Family 17h/19h/1ah HD Audio Controller Analog Stereo (Family 17h/19h/1ah HD Audio Controller Analog Stereo)
<22:26:33> [A0BBF7E1] <Sound> FmodEx-AudioDevice: Now running on driver: PulseAudio Output (PulseAudio Output)
<22:26:33> [14D8EFE1] <Sound> Using speaker mode: FMOD_SPEAKERMODE_STEREO
<22:26:33> [E79C27E5] <Sound> Initializing FMOD-EX now!
<22:26:33> [E2A9FE08] <Sound> Available record drivers: 0 PulseAudio Input (PulseAudio Input) !
<22:26:33> [E2A9FE08] <Sound> Available record drivers: 1 soundcore Liberty 4 NC (soundcore Liberty 4 NC) !
<22:26:33> [E2A9FE08] <Sound> Available record drivers: 2 Family 17h/19h/1ah HD Audio Controller Analog Stereo (Family 17h/19h/1ah HD Audio Controller Analog Stereo) !
<22:26:33> [E2A9FE08] <Sound> Available record drivers: 3 Wireless Controller (Wireless Controller) !
<22:26:33> [E2A9FE08] <Sound> Available record drivers: 4 Blue Microphones Analog Stereo (Blue Microphones Analog Stereo) !
<22:26:33> [E2A9FE08] <Sound> Available record drivers: 5 Monitor of Family 17h/19h/1ah HD Audio Controller (Monitor of Family 17h/19h/1ah HD Audio Controller) !
<22:26:33> [E2A9FE08] <Sound> Available record drivers: 6 Monitor of Blue Microphones Analog Stereo (Monitor of Blue Microphones Analog Stereo) !
<22:26:33> [E2A9FE08] <Sound> Available record drivers: 7 Wireless Controller (Wireless Controller) !
<22:26:33> [E2A9FE08] <Sound> Available record drivers: 8 Monitor of soundcore Liberty 4 NC (Monitor of soundcore Liberty 4 NC) !
<22:26:33> [E2A9FE08] <Sound> Available record drivers: 9 Monitor of Navi 31 HDMI/DP Audio Digital Stereo (HDMI) (Monitor of Navi 31 HDMI/DP Audio Digital Stereo (HDMI)) !
<22:26:33> [6841BE38] <Sound> Record config is set to autodetect using record driver 0
<22:26:33> [7808B4C4] <Sound> Using FMOD version: 00044414 and internal 00044414!
<22:26:33> [2A2815C7] <Sound> Initialized FMOD-EX
<22:26:33> [BE4EF52E] Sound - Initializing SoundSystem now!
<22:26:33> [0D547471] Font initialization
<22:26:33> [BA0D559B] Splash: Initializing Fonts...
<22:26:33> [C194F7C8][Warning] Cannot load texture textures/defaults/replacemecm.tif, file missing [File=textures/defaults/replacemecm.dds]
<22:26:33> [84206398] AI initialization
<22:26:33> [1BC221DE] Initializing Animation System
<22:26:33> [BA0D559B] Splash: Initializing Animation System...
<22:26:33> [9E592EFE] Initializing 3D Engine
<22:26:33> [BA0D559B] Splash: Initializing 3D Engine...
<22:26:34> [637AF710][Warning] missing chr material : game/objects/characters/ferre/female/nude/Standard_22.mtl (chr: game/objects/characters/ferre/female/nude/fe_f_base.chr)
<22:26:34> [91F5AEEC][Warning] number of bones mismatch! game/objects/characters/ferre/female/nude/fe_f_base.chr=195 game/objects/characters/ferre/female/nude/fe_f_base_lod1.chr=185
<22:26:35> [7415A452] CHR PreCaching 25 Done
<22:26:35> [E7AD4E53] AddSharedMorphTargets - Failed to load objects/characters/dwarf/male/face/dw_m_face00.chr
<22:26:35> [61AD1790] MorphTargetPreCaching - objects/characters/dwarf/male/face/dw_m_face00.chr Add Failed
<22:26:35> [A4A6E4C6] MorphTarget PreCaching 11 Done
<22:26:35> [5ACB40E2] Init Face Makers
<22:26:35> [56B5985B] X2FaceMaker - game/objects/characters/nuian/male/face/nu_m_face01_mid.chr : mouth_UnderbiteOverbite target not exist
<22:26:35> [56B5985B] X2FaceMaker - game/objects/characters/nuian/male/face/nu_m_face01_mid.chr : mouth_UnderbiteOverbite target not exist
<22:26:35> [56B5985B] X2FaceMaker - game/objects/characters/nuian/male/face/nu_m_face01_mid.chr : mouth_UnderbiteOverbite target not exist
<22:26:35> [4ABB03EB] game/objects/characters/ferre/female/face/fe_f_face01_low.chr(303) - objects/characters/ferre/female/face/fe_f_face00.chr(3063) SharedMorph is not matched
<22:26:35> [56B5985B] X2FaceMaker - game/objects/characters/nuian/male/face/nu_m_face01_mid.chr : mouth_UnderbiteOverbite target not exist
<22:26:35> [56B5985B] X2FaceMaker - game/objects/characters/nuian/male/face/nu_m_face01_mid.chr : nose_dw_SeptumVol target not exist
<22:26:35> [56B5985B] X2FaceMaker - game/objects/characters/nuian/male/face/nu_m_face01_mid.chr : nose_dw_NasalZposition target not exist
<22:26:35> [56B5985B] X2FaceMaker - game/objects/characters/nuian/male/face/nu_m_face01_mid.chr : FS_dwEarSize target not exist
<22:26:35> [56B5985B] X2FaceMaker - game/objects/characters/nuian/male/face/nu_m_face01_mid.chr : dwarf_Morph target not exist
<22:26:35> [56B5985B] X2FaceMaker - game/objects/characters/nuian/male/face/nu_m_face01_mid.chr : FS_dw_CheekMeat_min target not exist
<22:26:35> [1191A6A8] X2FaceMaker - game/objects/characters/nuian/male/face/nu_m_face01_mid.chr : FS_dw_CheekMeat_max ex target not exist
<22:26:35> [56B5985B] X2FaceMaker - game/objects/characters/warborn/male/face/wa_m_face01_mid.chr : eye_Forehead target not exist
<22:26:35> [56B5985B] X2FaceMaker - game/objects/characters/warborn/male/face/wa_m_face01_mid.chr : eye_Tail_min target not exist
<22:26:35> [1191A6A8] X2FaceMaker - game/objects/characters/warborn/male/face/wa_m_face01_mid.chr : eye_Tail_max ex target not exist
<22:26:35> [56B5985B] X2FaceMaker - game/objects/characters/warborn/male/face/wa_m_face01_mid.chr : eye_WidthLength_min target not exist
<22:26:35> [1191A6A8] X2FaceMaker - game/objects/characters/warborn/male/face/wa_m_face01_mid.chr : eye_WidthLength_max ex target not exist
<22:26:35> [56B5985B] X2FaceMaker - game/objects/characters/warborn/male/face/wa_m_face01_mid.chr : eye_DoubleEyelidShape target not exist
<22:26:35> [56B5985B] X2FaceMaker - game/objects/characters/warborn/male/face/wa_m_face01_mid.chr : eye_BrowXposition target not exist
<22:26:35> [56B5985B] X2FaceMaker - game/objects/characters/warborn/male/face/wa_m_face01_mid.chr : eye_BrowZposition target not exist
<22:26:35> [56B5985B] X2FaceMaker - game/objects/characters/warborn/male/face/wa_m_face01_mid.chr : nose_Nostril target not exist
<22:26:35> [56B5985B] X2FaceMaker - game/objects/characters/warborn/male/face/wa_m_face01_mid.chr : nose_Size target not exist
<22:26:35> [56B5985B] X2FaceMaker - game/objects/characters/warborn/male/face/wa_m_face01_mid.chr : nose_SeptumZposition target not exist
<22:26:35> [56B5985B] X2FaceMaker - game/objects/characters/warborn/male/face/wa_m_face01_mid.chr : nose_End target not exist
<22:26:35> [56B5985B] X2FaceMaker - game/objects/characters/warborn/male/face/wa_m_face01_mid.chr : nose_Size target not exist
<22:26:35> [56B5985B] X2FaceMaker - game/objects/characters/warborn/male/face/wa_m_face01_mid.chr : mouth_UpperLipVolume target not exist
<22:26:35> [56B5985B] X2FaceMaker - game/objects/characters/warborn/male/face/wa_m_face01_mid.chr : mouth_LowerLipVolume target not exist
<22:26:35> [56B5985B] X2FaceMaker - game/objects/characters/warborn/male/face/wa_m_face01_mid.chr : mouth_UpperLipOpen target not exist
<22:26:35> [56B5985B] X2FaceMaker - game/objects/characters/warborn/male/face/wa_m_face01_mid.chr : mouth_LowerLipOpen target not exist
<22:26:35> [56B5985B] X2FaceMaker - game/objects/characters/warborn/male/face/wa_m_face01_mid.chr : mouth_MouthOpen target not exist
<22:26:35> [56B5985B] X2FaceMaker - game/objects/characters/warborn/male/face/wa_m_face01_mid.chr : mouth_Size target not exist
<22:26:35> [56B5985B] X2FaceMaker - game/objects/characters/warborn/male/face/wa_m_face01_mid.chr : mouth_Shape_min target not exist
<22:26:35> [1191A6A8] X2FaceMaker - game/objects/characters/warborn/male/face/wa_m_face01_mid.chr : mouth_Shape_max ex target not exist
<22:26:35> [56B5985B] X2FaceMaker - game/objects/characters/warborn/male/face/wa_m_face01_mid.chr : mouth_TeethZposition target not exist
<22:26:35> [56B5985B] X2FaceMaker - game/objects/characters/warborn/male/face/wa_m_face01_mid.chr : FS_JawHigh_min target not exist
<22:26:35> [1191A6A8] X2FaceMaker - game/objects/characters/warborn/male/face/wa_m_face01_mid.chr : FS_JawHigh_max ex target not exist
<22:26:35> [56B5985B] X2FaceMaker - game/objects/characters/warborn/male/face/wa_m_face01_mid.chr : FS_EarRotate_min target not exist
<22:26:35> [1191A6A8] X2FaceMaker - game/objects/characters/warborn/male/face/wa_m_face01_mid.chr : FS_EarRotate_max ex target not exist
<22:26:35> [56B5985B] X2FaceMaker - game/objects/characters/warborn/male/face/wa_m_face01_mid.chr : FS_Beard1 target not exist
<22:26:35> [56B5985B] X2FaceMaker - game/objects/characters/warborn/male/face/wa_m_face01_mid.chr : FS_Beard2 target not exist
<22:26:35> [56B5985B] X2FaceMaker - game/objects/characters/warborn/male/face/wa_m_face01_mid.chr : FS_Beard3 target not exist
<22:26:35> [56B5985B] X2FaceMaker - game/objects/characters/warborn/female/face/wa_f_face01_mid.chr : eye_Yposition_min target not exist
<22:26:35> [1191A6A8] X2FaceMaker - game/objects/characters/warborn/female/face/wa_f_face01_mid.chr : eye_Yposition_max ex target not exist
<22:26:35> [56B5985B] X2FaceMaker - game/objects/characters/warborn/female/face/wa_f_face01_mid.chr : FS_AllLowerY target not exist
<22:26:35> [56B5985B] X2FaceMaker - game/objects/characters/warborn/female/face/wa_f_face01_mid.chr : FS_AllRotate target not exist
<22:26:35> [56B5985B] X2FaceMaker - game/objects/characters/warborn/female/face/wa_f_face01_mid.chr : FS_AllY target not exist
<22:26:35> [56B5985B] X2FaceMaker - game/objects/characters/warborn/female/face/wa_f_face01_mid.chr : mouth_Open_min target not exist
<22:26:35> [1191A6A8] X2FaceMaker - game/objects/characters/warborn/female/face/wa_f_face01_mid.chr : mouth_Open_max ex target not exist
<22:26:35> [E320B5CE] Init Face Makers - Done!
<22:26:35> [581CA53C] Script System Initialization
<22:26:35> [BA0D559B] Splash: Initializing Script System...
<22:26:35> [000004EE][Warning] [Lua Error] 1_3_0/scripts/common.lua:276: attempt to index global 'Script' (a nil value)
<22:26:35> [58F3F7FF][Warning] <null>:0: [Lua Error] Failed to execute file @game/scriptsbin/common.alb
<22:26:35> [D8B2BA54] Entity system initialization
<22:26:35> [BA0D559B] Splash: Initializing Entity System...
<22:26:35> [D55F91B2][Warning] [CEntityClassRegistry] LoadClassDescription failed, Entity Class name Chick already registered
<22:26:35> [BA0D559B] Splash: Initializing AI System...
<22:26:35> [DA019954] Initializing AI System
<22:26:35> [2546BCC5] Initializing Budgeting System
<22:26:35> [C0E19025] Initializing Seamless System
<22:26:35> [BA0D559B] Splash: Loading Game Data...
<22:26:36> [90B8EC50][Warning] too many ranges: aoe_shapes descs 10156(10156) threshold 100 ranges 12
<22:26:37> [BA4AD6CE] Loading portal list
<22:26:37> [92597454] Portal added, enter: 3891, exit: 6629
<22:26:37> [92597454] Portal added, enter: 21448, exit: 21449
<22:26:37> [92597454] Portal added, enter: 21450, exit: 21451
<22:26:37> [92597454] Portal added, enter: 21452, exit: 21453
<22:26:37> [92597454] Portal added, enter: 21698, exit: 21699
<22:26:37> [92597454] Portal added, enter: 22023, exit: 22024
<22:26:37> [92597454] Portal added, enter: 22042, exit: 22066
<22:26:37> [92597454] Portal added, enter: 22136, exit: 22137
<22:26:37> [92597454] Portal added, enter: 22163, exit: 22164
<22:26:37> [92597454] Portal added, enter: 22184, exit: 22185
<22:26:37> [92597454] Portal added, enter: 22336, exit: 22337
<22:26:37> [92597454] Portal added, enter: 9000063, exit: 9000064
<22:26:37> [1C664009] End loading portal list
<22:26:37> [937812F7] loaded DDCMS (1396969 descs, 719156 links (17 page 16.95MB size) string) from game\db\compact.sqlite3 in 980 ms
<22:26:37> [BA0D559B] Splash: Initializing Game System...
<22:26:37> [000004EE][Warning] [Lua Error] no localized ui text for 18 always_refund
<22:26:38> [0ADE3294][Warning] [MFX] Effect 'collisions:grenade' already present. Overriding.
<22:26:38> [311630D1][Warning] MFX WARNING: Material not found: mat_ice_breakable
<22:26:38>  
<22:26:38>    sys_spec = Custom (assuming 4)
<22:26:38>      option_anti_aliasing = 2 expected:3
<22:26:38>  
<22:26:38> [BA0D559B] Splash: Preparing Screen...
<22:26:38> [3778EA0B] Screen Resolution - 2 (2560x1440)
<22:26:38> [A1B107F0] Screen Resolution - Test OK (2560x1440)
<22:26:38> [963385F6] Level System - Loading Start
<22:26:38> [D2121932] Change resolution: 2560x1440x32 (Windowed)
<22:26:38> [583D6F38] Final resolution: 2560x1440x32 (Windowed)
<22:26:38> [806B6F8D] precaching world entities ..
<22:26:38> [7E39E0DE] precaching world entities .. done!  total (0) objects
<22:26:38> [D2B280D6] Vegetation Manager : Loading World(login2)
<22:26:38> [075AB92F] Vegetation Manager : Loading World - Done (total 36 vegetations)
<22:26:38> [B9410AA1] total 20 terrain world surfaces loaded
<22:26:38> Loading Particle Library: collisions
<22:26:38> Loading Particle Library: water
<22:26:38> Loading Particle Library: misc
<22:26:38> Loading Particle Library: ability_skill_table
<22:26:38> Loading Particle Library: ability_skill_table_k
<22:26:38> Loading Particle Library: abillity_skill_table_m
<22:26:38> Loading Particle Library: machinima
<22:26:38> Loading Particle Library: x2_effects
<22:26:39> Loading Particle Library: x2_effects_k
<22:26:39> [280A47E3] Precached total 2 materials
<22:26:39> [7B1A973B] seamless loading cell terrain(W0, 1), (L0, 0)
<22:26:39> [3EF08C47] seamless loading cell object(W0, 1), (L0, 0)
<22:26:39> [584C4FFD] [net 02:26:31.269]  dns ip:192.168.1.202
<22:26:39> [584C4FFD] [net 02:26:31.269]  dns ip:172.17.0.1
<22:26:39> [584C4FFD] [net 02:26:31.269]  dns ip:172.19.0.1
<22:26:39> [584C4FFD] [net 02:26:31.269]  dns ip:172.18.0.1
<22:26:39> [0DE3FA89][Error] CryAnimation: character-definition creation failed: game/objects/characters/elf/female/nude/el_f_kyprosa.cdf
<22:26:39> [13A58BA0][Error] CryAnimation: character-definition not found: game/objects/characters/elf/female/nude/el_f_kyprosa.cdf
<22:26:39> [4DD44108] Start DaruCommon Extension
<22:26:39> [1B425DA5] Duplicated post effect param! pszName = FilterMaskedBlurring_Amount
<22:26:39> [1B425DA5] Duplicated post effect param! pszName = FilterMaskedBlurring_MaskTexName
<22:26:39> [1B425DA5] Duplicated post effect param! pszName = FilterChromaShift_User_Amount
<22:26:39> [1B425DA5] Duplicated post effect param! pszName = FilterGrain_Amount
<22:26:39> [8F6BAA6C][Warning] Couldn't find console variable 'e_water_ocean_fft'
<22:26:39> Loading Particle Library: wind
<22:26:39> Loading Particle Library: X2_EFFECT_O
<22:26:39> [000004EE][Warning] Particle effect not found: '                                                                ', from ParticleEffect fx_land_green
<22:26:39> [12409CCC] Load Zone Finished
<22:26:39> [A39C1725] Level System - Loading Complete
<22:26:39> [27293DED] -----------------------------------------------------
<22:26:39> [120C18F5] * LOADING: 'loginbg4' loading time: 1.35 seconds
<22:26:39> [27293DED] -----------------------------------------------------
<22:26:39> [000004EE][Warning] [Lua Error] no client player exists
<22:26:39> [A13C772D][Warning] Cannot load texture ui/font_color.g, Image file format is invalid [File=ui/font_color.g]
<22:26:39> [9FC303B8][Error] [CVARS]: [DUPLICATE] CXConsole::RegisterFloat(): variable [ui_double_click_interval] is already registered
<22:26:39> [09F46B9D]     cl_fov = 90 []
<22:26:39> [09F46B9D]     camera_max_dist = 180 []
<22:26:39> [73861D69] Unknown command: name_tag_hp_width_on_bgmode 80
<22:26:39> [73861D69] Unknown command: name_tag_hp_height_on_bgmode 30
<22:26:39> [000FABC5][Warning] CAreaGrid::BeginAreas() called before being initialized.
<22:26:41> [11E02DA3][Warning] Cannot load texture textures/defaults/16_12.dds, file missing [File=textures/defaults/16_12.dds]
<22:26:42> [1D01FDCA] Auth: client connected to server
<22:26:42> [584C4FFD] [net 02:26:42.930]  socket ip:192.168.1.202
<22:26:42> [4C920A71] mac address : 74-56-3c-fe-52-f3
<22:26:47> [584C4FFD] [net 02:26:47.322] connection requested to: 192.95.21.64:1239
<22:26:47> [4ABA7BDB] Auth: client disconnected (reason=0)
<22:26:47> [0F08E548] [NetConnection] connect completed (succeeded:true)
<22:26:47> [48F7BDF2] invalid world id in world queue packet
<22:26:47> [26623ECA] ucc info.. 5 0
<22:26:47> [4516816D] pay method: person
<22:26:47> [4AA30841] pay location: person
<22:26:47> [ADF1C07E] pay start: 1900-1-1 00:00:00
<22:26:47> [6486A277] pay end: 1900-1-1 00:00:00
<22:26:47> [FFF6198C] premium point: 0
<22:26:47> [481C0862] premium grade: premium_0
<22:26:47> [88D9AB0C] real pay time: 9223124743461334576
<22:26:47> [9FC303B8][Error] [CVARS]: [DUPLICATE] CXConsole::RegisterFloat(): variable [camera_max_dist] is already registered
<22:26:47> [34CCC219] stream: connected to world server
<22:26:47> [06A46B5B] stream: authorized by world server
<22:26:48> [4516816D] pay method: person
<22:26:48> [4AA30841] pay location: person
<22:26:48> [ADF1C07E] pay start: 1900-1-1 00:00:00
<22:26:48> [6486A277] pay end: 2037-12-31 16:00:00
<22:26:48> [FFF6198C] premium point: 0
<22:26:48> [481C0862] premium grade: premium_0
<22:26:48> [88D9AB0C] real pay time: -1
<22:26:48> [82321C2B][Warning] [net 02:26:48.091] [time] remote time estimation restarted; estimate accumulator age was 8191.153809
<22:26:50> [000004EE][Warning] [Lua Error] no localized ui text for 18 always_refund
<22:26:50> [09F46B9D]     cl_fov = 90 []
<22:26:50> [09F46B9D]     camera_max_dist = 180 []
<22:26:50> [09F46B9D]     name_tag_hp_width_on_bgmode = 80 []
<22:26:50> [09F46B9D]     name_tag_hp_height_on_bgmode = 30 []
<22:26:50> [A13C772D][Warning] Cannot load texture ui/font_color.g, Image file format is invalid [File=ui/font_color.g]
<22:26:50> [06E6A3E9][Warning] Cannot load texture ui/login_stage/queue.dds, file missing [File=ui/login_stage/queue.dds]
<22:27:12> [7CC1A260] Save Game Option
<22:27:12> [D2121932] Change resolution: 2560x1440x32 (Windowed)
<22:27:12> [FD3FC76F] resetting terrain texture cache
<22:27:12> [FD3FC76F] resetting terrain texture cache
<22:27:12> [B0F7CF3E] Window Rect 0, 0, 2560x1440, 2560x1440
<22:27:12> [583D6F38] Final resolution: 2554x1408x32 (Windowed)
<22:27:12> [9FC303B8][Error] [CVARS]: [DUPLICATE] CXConsole::RegisterFloat(): variable [ui_double_click_interval] is already registered
<22:27:12> [000004EE][Warning] [Lua Error] no localized ui text for 18 always_refund
<22:27:12> [09F46B9D]     cl_fov = 90 []
<22:27:12> [09F46B9D]     camera_max_dist = 180 []
<22:27:12> [09F46B9D]     name_tag_hp_width_on_bgmode = 80 []
<22:27:12> [09F46B9D]     name_tag_hp_height_on_bgmode = 30 []
<22:27:12> [A13C772D][Warning] Cannot load texture ui/font_color.g, Image file format is invalid [File=ui/font_color.g]
<22:27:12> [06E6A3E9][Warning] Cannot load texture ui/login_stage/queue.dds, file missing [File=ui/login_stage/queue.dds]
<22:27:21> [7CC1A260] Save Game Option
<22:27:21> [D2121932] Change resolution: 2560x1440x32 (Windowed)
<22:27:21> [FD3FC76F] resetting terrain texture cache
<22:27:21> [FD3FC76F] resetting terrain texture cache
<22:27:21> [583D6F38] Final resolution: 2560x1440x32 (Windowed)
<22:27:21> [9FC303B8][Error] [CVARS]: [DUPLICATE] CXConsole::RegisterFloat(): variable [ui_double_click_interval] is already registered
<22:27:21> [000004EE][Warning] [Lua Error] no localized ui text for 18 always_refund
<22:27:21> [09F46B9D]     cl_fov = 90 []
<22:27:21> [09F46B9D]     camera_max_dist = 180 []
<22:27:21> [09F46B9D]     name_tag_hp_width_on_bgmode = 80 []
<22:27:21> [09F46B9D]     name_tag_hp_height_on_bgmode = 30 []
<22:27:21> [A13C772D][Warning] Cannot load texture ui/font_color.g, Image file format is invalid [File=ui/font_color.g]
<22:27:21> [06E6A3E9][Warning] Cannot load texture ui/login_stage/queue.dds, file missing [File=ui/login_stage/queue.dds]
<22:27:26> [584C4FFD] [net 02:27:26.851] -- Client will disconnect; cause=18 desc=graceful exit
<22:27:26> [05D024BA] System:Quit
