[801989E0] BackupNameAttachment=" Build(0) Date(19 September 2025) Time(09 16 14)"  -- used by backup system
[00000020]  
[38F38F32] Log Started at #c
[0232BD25] Running 32 bit version
[7AB6F5FE] Executable: C:\Games\AAClassic\bin32\archeage.exe
[E5C771AC] FileVersion: 3.5.0.0
[F799D55F] ProductVersion: 3.5.3.0
[1F1D6B13] Using Microsoft (tm) C++ Standard Library implementation
[00000020]  
[C7D96C80] Revision: 350000
[00000020]  
[64533E3E] this is the first client
<09:16:19> [B9197FD5][Error] ConsoleVariableGroup[option_effect] key[e_particles_lod_onoff] has no default
<09:16:19> [76666E6D] 
--- CPU detection ---
<09:16:20> [F4D992D8] CPU: AMD AMD Ryzen 7 7800X3D 8-Core Processor           
<09:16:20> [3F649B02] Family: 15, Model: 1, Stepping: 2
<09:16:20> [83D12E0B] FPU: On-Chip
<09:16:20> [50919DA0] CPU Speed (estimated): 4192.116604 MHz
<09:16:20> [C73FD83A] MMX: not present
<09:16:20> [89D1077A] SSE: present
<09:16:20> [64E2B6F1] 3DNow!: present
<09:16:20> [27B7AC6E] Serial number not present or disabled
<09:16:20> [1D2D8E5B] Number of logical processors: 16
<09:16:20> [FA658084] Number of available logical processors: 16
<09:16:20> [A1F061C2] Invariant Time Stamp Counter : yes
<09:16:20> [FA0251ED] ---------------------

<09:16:20> [03E7D838] Device Info
<09:16:20> [9F603516] Device Info - 1
<09:16:20> [9F603517] Device Info - 2
<09:16:20> [9F603518] Device Info - 3
<09:16:20> [9F603519] Device Info - 4
<09:16:20> [9F60351A] Device Info - 5
<09:16:20> [9F60351B] Device Info - 6
<09:16:20> [9F60351C] Device Info - 7
<09:16:20> [E98ECC28] Video Memory Info
<09:16:20> [D5FBE664] Video Memory - 1
<09:16:20> [D5FBE665] Video Memory - 2
<09:16:20> [D5FBE666] Video Memory - 3
<09:16:20> [D5FBE667] Video Memory - 4
<09:16:20> [D5FBE668] Video Memory - 5
<09:16:20> [D5FBE669] Video Memory - 6
<09:16:20> [D5FBE66A] Video Memory - 7
<09:16:20> [D5FBE66B] Video Memory - 8
<09:16:20> [3A4D54A2][Warning] config/gpu/amd.txt line 55 contains a multiple defined GPU rating!
<09:16:20> [D20872C0] InitThreadAffinities
<09:16:20> [2F28A434] UpdateMainThreadAffinity
<09:16:20> [16962512] Windows 8 64 bit (build 6.2.9200)
<09:16:20> [38DFF081] System language: English
<09:16:20> [861A0178] Windows Directory: "C:\windows"
<09:16:20> [341B54F1] Prerequisites...
<09:16:20> [5D1B3C9C] * Installation of KB940105 hotfix required: no! (either not needed or already installed)
<09:16:20> [BCA907AC] Local time is 09:16:20 09/19/25, system running for 57 minutes
<09:16:20> [4ED6CD40] 63426MB physical memory installed, 35398MB available, 4095MB virtual memory installed, 44 percent of memory in use
<09:16:20> [31259232] PageFile usage: 
<09:16:20> [B95F69CC] Current display mode is 1920x1080x32
<09:16:20> [8A64FCCC] IBM enhanced (101/102-key) keyboard and 3+ button mouse installed
<09:16:20> [CE30556B] ----- GPU Detection -----------------
<09:16:20> [03E7D838] Device Info
<09:16:20> [9F603516] Device Info - 1
<09:16:20> [9F603517] Device Info - 2
<09:16:20> [9F603518] Device Info - 3
<09:16:20> [9F603519] Device Info - 4
<09:16:20> [9F60351A] Device Info - 5
<09:16:20> [9F60351B] Device Info - 6
<09:16:20> [9F60351C] Device Info - 7
<09:16:20> [E98ECC28] Video Memory Info
<09:16:20> [D5FBE664] Video Memory - 1
<09:16:20> [D5FBE665] Video Memory - 2
<09:16:20> [D5FBE666] Video Memory - 3
<09:16:20> [D5FBE667] Video Memory - 4
<09:16:20> [D5FBE668] Video Memory - 5
<09:16:20> [D5FBE669] Video Memory - 6
<09:16:20> [D5FBE66A] Video Memory - 7
<09:16:20> [D5FBE66B] Video Memory - 8
<09:16:20> [99EA404A]  AMD Radeon RX 7800 XT (RADV NAVI32) (vendor = 0x1002, device = 0x747e, subSys = 0x00000000)
<09:16:20> [77718B6A] -- Video memory: 4088 MB
<09:16:20> [30DF1863] -- Minimum SM 2.0 support: yes
<09:16:20> [13E11956] -- DX11 supported: yes
<09:16:20> [50B60100] --------------------------------------------------------------------------------
<09:16:20> [5921EDBE] Stream Engine Initialization
<09:16:20> [BA0D559B] Splash: Initializing Stream Engine...
<09:16:20> [939F6EBB] Enable Resolutions : 15
<09:16:20> [B324CD25] Screen Resolution - 1600x900
<09:16:20> [3778EA0B] Screen Resolution - 1 (2560x1440)
<09:16:20> [B29C5D86] Screen Resolution - Modify (1920x1080)
<09:16:20> [A9E4B0F2] Network initialization
<09:16:20> [BA0D559B] Splash: Initializing Network System...
<09:16:20> [14FAD233] Socket I/O by iocp
<09:16:20> [E36A4FB9] Physics initialization
<09:16:20> [BA0D559B] Splash: Initializing Physics...
<09:16:20> [2462D581] MovieSystem initialization
<09:16:20> [BA0D559B] Splash: Initializing Movie System...
<09:16:20> [93287AEC] Renderer initialization - Start
<09:16:20> [BA0D559B] Splash: Initializing Renderer...
<09:16:20> [91207680] Renderer initialization - Open
<09:16:20> [4377E7CB] Renderer initialization - DLL Load(CryRenderD3D9.dll)
<09:16:20> [71203A94] Renderer initialization - DLL Done
<09:16:20> [71227C22] Renderer initialization - DLL Init
<09:16:20> [C653D9CB] Renderer initialization - Instance
<09:16:20> [44D9754D] D3D Adapter: Driver name: aticfx32.dll
<09:16:20> [82BE8322] D3D Adapter: Driver description: AMD Radeon RX 7800 XT (RADV NAVI32)
<09:16:20> [2224501A] D3D Adapter: Driver version: 32767.65535.65535.65535
<09:16:20> [E8D1E30D] D3D Adapter: Driver GUID: 00000000-0003-0000-0000000000000000
<09:16:20> [BC8C1ACB] D3D Adapter: VendorId = 0x1002
<09:16:20> [B6A10CFD] D3D Adapter: DeviceId = 0x747E
<09:16:20> [0678E702] D3D Adapter: SubSysId = 0x00000000
<09:16:20> [F2243F0E] D3D Adapter: Revision = 0
<09:16:20> [E571CFEE] Shader manager initialization
<09:16:21> [05BAAEF6] CResFile allocations incurred by user cache preload: (21142.18k)
<09:16:21> [911B73B8] Renderer initialization - Done
<09:16:21> [8E444EA9] Console initialization
<09:16:21> [2904A233] Time initialization
<09:16:21> [3650CFD6] Input initialization
<09:16:21> [BA0D559B] Splash: Initializing Input System...
<09:16:21> Initializing Keyboard
<09:16:21> [99640BF1] Sound initialization
<09:16:21> [BA0D559B] Splash: Initializing Sound System...
<09:16:21> [2C33885C] Sound - Initializing AudioDevice now!
<09:16:21> [E46760A9] <Sound> Initialize FMOD with dynamic memory callbacks
<09:16:22> [D6755BFD] <Sound> Starting to initialize Windows Audio Session API output! 
<09:16:22> [F7E8E3CD] <Sound> Drivers found: 5
<09:16:22> [5076AD4B] <Sound> Available drivers:
	1.	PulseAudio Output (PulseAudio Output)
	2.	Blue Microphones Analog Stereo (Blue Microphones Analog Stereo)
	3.	Wireless Controller (Wireless Controller)
	4.	Navi 31 HDMI/DP Audio Digital Stereo (HDMI) (Navi 31 HDMI/DP Audio Digital Stereo (HDMI))
	5.	Family 17h/19h/1ah HD Audio Controller Analog Stereo (Family 17h/19h/1ah HD Audio Controller Analog Stereo)
<09:16:22> [A0BBF7E1] <Sound> FmodEx-AudioDevice: Now running on driver: PulseAudio Output (PulseAudio Output)
<09:16:22> [14D8EFE1] <Sound> Using speaker mode: FMOD_SPEAKERMODE_STEREO
<09:16:22> [E79C27E5] <Sound> Initializing FMOD-EX now!
<09:16:22> [E2A9FE08] <Sound> Available record drivers: 0 PulseAudio Input (PulseAudio Input) !
<09:16:22> [E2A9FE08] <Sound> Available record drivers: 1 Family 17h/19h/1ah HD Audio Controller Analog Stereo (Family 17h/19h/1ah HD Audio Controller Analog Stereo) !
<09:16:22> [E2A9FE08] <Sound> Available record drivers: 2 Wireless Controller (Wireless Controller) !
<09:16:22> [E2A9FE08] <Sound> Available record drivers: 3 Blue Microphones Analog Stereo (Blue Microphones Analog Stereo) !
<09:16:22> [E2A9FE08] <Sound> Available record drivers: 4 Monitor of Family 17h/19h/1ah HD Audio Controller (Monitor of Family 17h/19h/1ah HD Audio Controller) !
<09:16:22> [E2A9FE08] <Sound> Available record drivers: 5 Monitor of Blue Microphones Analog Stereo (Monitor of Blue Microphones Analog Stereo) !
<09:16:22> [E2A9FE08] <Sound> Available record drivers: 6 Wireless Controller (Wireless Controller) !
<09:16:22> [E2A9FE08] <Sound> Available record drivers: 7 Monitor of Navi 31 HDMI/DP Audio Digital Stereo (HDMI) (Monitor of Navi 31 HDMI/DP Audio Digital Stereo (HDMI)) !
<09:16:22> [6841BE38] <Sound> Record config is set to autodetect using record driver 0
<09:16:22> [7808B4C4] <Sound> Using FMOD version: 00044414 and internal 00044414!
<09:16:22> [2A2815C7] <Sound> Initialized FMOD-EX
<09:16:22> [BE4EF52E] Sound - Initializing SoundSystem now!
<09:16:22> [0D547471] Font initialization
<09:16:22> [BA0D559B] Splash: Initializing Fonts...
<09:16:22> [C194F7C8][Warning] Cannot load texture textures/defaults/replacemecm.tif, file missing [File=textures/defaults/replacemecm.dds]
<09:16:22> [84206398] AI initialization
<09:16:22> [1BC221DE] Initializing Animation System
<09:16:22> [BA0D559B] Splash: Initializing Animation System...
<09:16:22> [9E592EFE] Initializing 3D Engine
<09:16:22> [BA0D559B] Splash: Initializing 3D Engine...
<09:16:23> [637AF710][Warning] missing chr material : game/objects/characters/ferre/female/nude/Standard_22.mtl (chr: game/objects/characters/ferre/female/nude/fe_f_base.chr)
<09:16:23> [91F5AEEC][Warning] number of bones mismatch! game/objects/characters/ferre/female/nude/fe_f_base.chr=195 game/objects/characters/ferre/female/nude/fe_f_base_lod1.chr=185
<09:16:24> [7415A452] CHR PreCaching 25 Done
<09:16:24> [E7AD4E53] AddSharedMorphTargets - Failed to load objects/characters/dwarf/male/face/dw_m_face00.chr
<09:16:24> [61AD1790] MorphTargetPreCaching - objects/characters/dwarf/male/face/dw_m_face00.chr Add Failed
<09:16:24> [A4A6E4C6] MorphTarget PreCaching 11 Done
<09:16:24> [5ACB40E2] Init Face Makers
<09:16:24> [56B5985B] X2FaceMaker - game/objects/characters/nuian/male/face/nu_m_face01_mid.chr : mouth_UnderbiteOverbite target not exist
<09:16:24> [56B5985B] X2FaceMaker - game/objects/characters/nuian/male/face/nu_m_face01_mid.chr : mouth_UnderbiteOverbite target not exist
<09:16:24> [56B5985B] X2FaceMaker - game/objects/characters/nuian/male/face/nu_m_face01_mid.chr : mouth_UnderbiteOverbite target not exist
<09:16:24> [4ABB03EB] game/objects/characters/ferre/female/face/fe_f_face01_low.chr(303) - objects/characters/ferre/female/face/fe_f_face00.chr(3063) SharedMorph is not matched
<09:16:24> [56B5985B] X2FaceMaker - game/objects/characters/nuian/male/face/nu_m_face01_mid.chr : mouth_UnderbiteOverbite target not exist
<09:16:24> [56B5985B] X2FaceMaker - game/objects/characters/nuian/male/face/nu_m_face01_mid.chr : nose_dw_SeptumVol target not exist
<09:16:24> [56B5985B] X2FaceMaker - game/objects/characters/nuian/male/face/nu_m_face01_mid.chr : nose_dw_NasalZposition target not exist
<09:16:24> [56B5985B] X2FaceMaker - game/objects/characters/nuian/male/face/nu_m_face01_mid.chr : FS_dwEarSize target not exist
<09:16:24> [56B5985B] X2FaceMaker - game/objects/characters/nuian/male/face/nu_m_face01_mid.chr : dwarf_Morph target not exist
<09:16:24> [56B5985B] X2FaceMaker - game/objects/characters/nuian/male/face/nu_m_face01_mid.chr : FS_dw_CheekMeat_min target not exist
<09:16:24> [1191A6A8] X2FaceMaker - game/objects/characters/nuian/male/face/nu_m_face01_mid.chr : FS_dw_CheekMeat_max ex target not exist
<09:16:24> [56B5985B] X2FaceMaker - game/objects/characters/warborn/male/face/wa_m_face01_mid.chr : eye_Forehead target not exist
<09:16:24> [56B5985B] X2FaceMaker - game/objects/characters/warborn/male/face/wa_m_face01_mid.chr : eye_Tail_min target not exist
<09:16:24> [1191A6A8] X2FaceMaker - game/objects/characters/warborn/male/face/wa_m_face01_mid.chr : eye_Tail_max ex target not exist
<09:16:24> [56B5985B] X2FaceMaker - game/objects/characters/warborn/male/face/wa_m_face01_mid.chr : eye_WidthLength_min target not exist
<09:16:24> [1191A6A8] X2FaceMaker - game/objects/characters/warborn/male/face/wa_m_face01_mid.chr : eye_WidthLength_max ex target not exist
<09:16:24> [56B5985B] X2FaceMaker - game/objects/characters/warborn/male/face/wa_m_face01_mid.chr : eye_DoubleEyelidShape target not exist
<09:16:24> [56B5985B] X2FaceMaker - game/objects/characters/warborn/male/face/wa_m_face01_mid.chr : eye_BrowXposition target not exist
<09:16:24> [56B5985B] X2FaceMaker - game/objects/characters/warborn/male/face/wa_m_face01_mid.chr : eye_BrowZposition target not exist
<09:16:24> [56B5985B] X2FaceMaker - game/objects/characters/warborn/male/face/wa_m_face01_mid.chr : nose_Nostril target not exist
<09:16:24> [56B5985B] X2FaceMaker - game/objects/characters/warborn/male/face/wa_m_face01_mid.chr : nose_Size target not exist
<09:16:24> [56B5985B] X2FaceMaker - game/objects/characters/warborn/male/face/wa_m_face01_mid.chr : nose_SeptumZposition target not exist
<09:16:24> [56B5985B] X2FaceMaker - game/objects/characters/warborn/male/face/wa_m_face01_mid.chr : nose_End target not exist
<09:16:24> [56B5985B] X2FaceMaker - game/objects/characters/warborn/male/face/wa_m_face01_mid.chr : nose_Size target not exist
<09:16:24> [56B5985B] X2FaceMaker - game/objects/characters/warborn/male/face/wa_m_face01_mid.chr : mouth_UpperLipVolume target not exist
<09:16:24> [56B5985B] X2FaceMaker - game/objects/characters/warborn/male/face/wa_m_face01_mid.chr : mouth_LowerLipVolume target not exist
<09:16:24> [56B5985B] X2FaceMaker - game/objects/characters/warborn/male/face/wa_m_face01_mid.chr : mouth_UpperLipOpen target not exist
<09:16:24> [56B5985B] X2FaceMaker - game/objects/characters/warborn/male/face/wa_m_face01_mid.chr : mouth_LowerLipOpen target not exist
<09:16:24> [56B5985B] X2FaceMaker - game/objects/characters/warborn/male/face/wa_m_face01_mid.chr : mouth_MouthOpen target not exist
<09:16:24> [56B5985B] X2FaceMaker - game/objects/characters/warborn/male/face/wa_m_face01_mid.chr : mouth_Size target not exist
<09:16:24> [56B5985B] X2FaceMaker - game/objects/characters/warborn/male/face/wa_m_face01_mid.chr : mouth_Shape_min target not exist
<09:16:24> [1191A6A8] X2FaceMaker - game/objects/characters/warborn/male/face/wa_m_face01_mid.chr : mouth_Shape_max ex target not exist
<09:16:24> [56B5985B] X2FaceMaker - game/objects/characters/warborn/male/face/wa_m_face01_mid.chr : mouth_TeethZposition target not exist
<09:16:24> [56B5985B] X2FaceMaker - game/objects/characters/warborn/male/face/wa_m_face01_mid.chr : FS_JawHigh_min target not exist
<09:16:24> [1191A6A8] X2FaceMaker - game/objects/characters/warborn/male/face/wa_m_face01_mid.chr : FS_JawHigh_max ex target not exist
<09:16:24> [56B5985B] X2FaceMaker - game/objects/characters/warborn/male/face/wa_m_face01_mid.chr : FS_EarRotate_min target not exist
<09:16:24> [1191A6A8] X2FaceMaker - game/objects/characters/warborn/male/face/wa_m_face01_mid.chr : FS_EarRotate_max ex target not exist
<09:16:24> [56B5985B] X2FaceMaker - game/objects/characters/warborn/male/face/wa_m_face01_mid.chr : FS_Beard1 target not exist
<09:16:24> [56B5985B] X2FaceMaker - game/objects/characters/warborn/male/face/wa_m_face01_mid.chr : FS_Beard2 target not exist
<09:16:24> [56B5985B] X2FaceMaker - game/objects/characters/warborn/male/face/wa_m_face01_mid.chr : FS_Beard3 target not exist
<09:16:24> [56B5985B] X2FaceMaker - game/objects/characters/warborn/female/face/wa_f_face01_mid.chr : eye_Yposition_min target not exist
<09:16:24> [1191A6A8] X2FaceMaker - game/objects/characters/warborn/female/face/wa_f_face01_mid.chr : eye_Yposition_max ex target not exist
<09:16:24> [56B5985B] X2FaceMaker - game/objects/characters/warborn/female/face/wa_f_face01_mid.chr : FS_AllLowerY target not exist
<09:16:24> [56B5985B] X2FaceMaker - game/objects/characters/warborn/female/face/wa_f_face01_mid.chr : FS_AllRotate target not exist
<09:16:24> [56B5985B] X2FaceMaker - game/objects/characters/warborn/female/face/wa_f_face01_mid.chr : FS_AllY target not exist
<09:16:24> [56B5985B] X2FaceMaker - game/objects/characters/warborn/female/face/wa_f_face01_mid.chr : mouth_Open_min target not exist
<09:16:24> [1191A6A8] X2FaceMaker - game/objects/characters/warborn/female/face/wa_f_face01_mid.chr : mouth_Open_max ex target not exist
<09:16:24> [E320B5CE] Init Face Makers - Done!
<09:16:24> [581CA53C] Script System Initialization
<09:16:24> [BA0D559B] Splash: Initializing Script System...
<09:16:24> [000004EE][Warning] [Lua Error] 1_3_0/scripts/common.lua:276: attempt to index global 'Script' (a nil value)
<09:16:24> [58F3F7FF][Warning] <null>:0: [Lua Error] Failed to execute file @game/scriptsbin/common.alb
<09:16:24> [D8B2BA54] Entity system initialization
<09:16:24> [BA0D559B] Splash: Initializing Entity System...
<09:16:24> [D55F91B2][Warning] [CEntityClassRegistry] LoadClassDescription failed, Entity Class name Chick already registered
<09:16:24> [BA0D559B] Splash: Initializing AI System...
<09:16:24> [DA019954] Initializing AI System
<09:16:24> [2546BCC5] Initializing Budgeting System
<09:16:24> [C0E19025] Initializing Seamless System
<09:16:24> [BA0D559B] Splash: Loading Game Data...
<09:16:25> [90B8EC50][Warning] too many ranges: aoe_shapes descs 10156(10156) threshold 100 ranges 12
<09:16:26> [BA4AD6CE] Loading portal list
<09:16:26> [92597454] Portal added, enter: 3891, exit: 6629
<09:16:26> [92597454] Portal added, enter: 21448, exit: 21449
<09:16:26> [92597454] Portal added, enter: 21450, exit: 21451
<09:16:26> [92597454] Portal added, enter: 21452, exit: 21453
<09:16:26> [92597454] Portal added, enter: 21698, exit: 21699
<09:16:26> [92597454] Portal added, enter: 22023, exit: 22024
<09:16:26> [92597454] Portal added, enter: 22042, exit: 22066
<09:16:26> [92597454] Portal added, enter: 22136, exit: 22137
<09:16:26> [92597454] Portal added, enter: 22163, exit: 22164
<09:16:26> [92597454] Portal added, enter: 22184, exit: 22185
<09:16:26> [92597454] Portal added, enter: 22336, exit: 22337
<09:16:26> [92597454] Portal added, enter: 9000063, exit: 9000064
<09:16:26> [1C664009] End loading portal list
<09:16:26> [937812F7] loaded DDCMS (1396969 descs, 719156 links (17 page 16.95MB size) string) from game\db\compact.sqlite3 in 948 ms
<09:16:26> [BA0D559B] Splash: Initializing Game System...
<09:16:26> [000004EE][Warning] [Lua Error] no localized ui text for 18 always_refund
<09:16:27> [0ADE3294][Warning] [MFX] Effect 'collisions:grenade' already present. Overriding.
<09:16:27> [311630D1][Warning] MFX WARNING: Material not found: mat_ice_breakable
<09:16:27>  
<09:16:27>    sys_spec = Custom (assuming 4)
<09:16:27>      option_anti_aliasing = 2 expected:3
<09:16:27>  
<09:16:27> [BA0D559B] Splash: Preparing Screen...
<09:16:27> [963385F6] Level System - Loading Start
<09:16:27> [806B6F8D] precaching world entities ..
<09:16:27> [7E39E0DE] precaching world entities .. done!  total (0) objects
<09:16:27> [D2B280D6] Vegetation Manager : Loading World(login2)
<09:16:27> [075AB92F] Vegetation Manager : Loading World - Done (total 36 vegetations)
<09:16:27> [B9410AA1] total 20 terrain world surfaces loaded
<09:16:27> Loading Particle Library: collisions
<09:16:27> Loading Particle Library: water
<09:16:27> Loading Particle Library: misc
<09:16:27> Loading Particle Library: ability_skill_table
<09:16:27> Loading Particle Library: ability_skill_table_k
<09:16:27> Loading Particle Library: abillity_skill_table_m
<09:16:27> Loading Particle Library: machinima
<09:16:27> Loading Particle Library: x2_effects
<09:16:27> Loading Particle Library: x2_effects_k
<09:16:28> [280A47E3] Precached total 2 materials
<09:16:28> [7B1A973B] seamless loading cell terrain(W0, 1), (L0, 0)
<09:16:28> [3EF08C47] seamless loading cell object(W0, 1), (L0, 0)
<09:16:28> [584C4FFD] [net 13:16:20.518]  dns ip:192.168.1.202
<09:16:28> [584C4FFD] [net 13:16:20.518]  dns ip:172.18.0.1
<09:16:28> [584C4FFD] [net 13:16:20.518]  dns ip:172.19.0.1
<09:16:28> [584C4FFD] [net 13:16:20.518]  dns ip:172.17.0.1
<09:16:28> [0DE3FA89][Error] CryAnimation: character-definition creation failed: game/objects/characters/elf/female/nude/el_f_kyprosa.cdf
<09:16:28> [13A58BA0][Error] CryAnimation: character-definition not found: game/objects/characters/elf/female/nude/el_f_kyprosa.cdf
<09:16:28> [4DD44108] Start DaruCommon Extension
<09:16:28> [1B425DA5] Duplicated post effect param! pszName = FilterMaskedBlurring_Amount
<09:16:28> [1B425DA5] Duplicated post effect param! pszName = FilterMaskedBlurring_MaskTexName
<09:16:28> [1B425DA5] Duplicated post effect param! pszName = FilterChromaShift_User_Amount
<09:16:28> [1B425DA5] Duplicated post effect param! pszName = FilterGrain_Amount
<09:16:28> [8F6BAA6C][Warning] Couldn't find console variable 'e_water_ocean_fft'
<09:16:28> Loading Particle Library: wind
<09:16:28> Loading Particle Library: X2_EFFECT_O
<09:16:28> [000004EE][Warning] Particle effect not found: '                                                                ', from ParticleEffect fx_land_green
<09:16:28> [12409CCC] Load Zone Finished
<09:16:28> [A39C1725] Level System - Loading Complete
<09:16:28> [27293DED] -----------------------------------------------------
<09:16:28> [120C18F5] * LOADING: 'loginbg4' loading time: 1.31 seconds
<09:16:28> [27293DED] -----------------------------------------------------
<09:16:28> [000004EE][Warning] [Lua Error] no client player exists
<09:16:28> [A13C772D][Warning] Cannot load texture ui/font_color.g, Image file format is invalid [File=ui/font_color.g]
<09:16:28> [000FABC5][Warning] CAreaGrid::BeginAreas() called before being initialized.
<09:16:28> [000004EE][Warning] I3DEngine::RegisterEntity: entity reports invalid position: Name: LightEntityName (), Class: LightEntityClass, Pos=(515.8,6996.2,587.4), aabb center=(0.0,40.0,0.0)
<09:16:30> [11E02DA3][Warning] Cannot load texture textures/defaults/16_12.dds, file missing [File=textures/defaults/16_12.dds]
<09:16:31> [1D01FDCA] Auth: client connected to server
<09:16:31> [584C4FFD] [net 13:16:31.429]  socket ip:192.168.1.202
<09:16:31> [4C920A71] mac address : 74-56-3c-fe-52-f3
<09:16:36> [584C4FFD] [net 13:16:36.313] connection requested to: 192.95.21.64:1239
<09:16:36> [4ABA7BDB] Auth: client disconnected (reason=0)
<09:16:36> [0F08E548] [NetConnection] connect completed (succeeded:true)
<09:16:36> [48F7BDF2] invalid world id in world queue packet
<09:16:36> [26623ECA] ucc info.. 5 0
<09:16:36> [4516816D] pay method: person
<09:16:36> [4AA30841] pay location: person
<09:16:36> [ADF1C07E] pay start: 1900-1-1 00:00:00
<09:16:36> [6486A277] pay end: 1900-1-1 00:00:00
<09:16:36> [FFF6198C] premium point: 0
<09:16:36> [481C0862] premium grade: premium_0
<09:16:36> [88D9AB0C] real pay time: 9223264633682539597
<09:16:36> [9FC303B8][Error] [CVARS]: [DUPLICATE] CXConsole::RegisterFloat(): variable [camera_max_dist] is already registered
<09:16:36> [34CCC219] stream: connected to world server
<09:16:36> [06A46B5B] stream: authorized by world server
<09:16:37> [4516816D] pay method: person
<09:16:37> [4AA30841] pay location: person
<09:16:37> [ADF1C07E] pay start: 1900-1-1 00:00:00
<09:16:37> [6486A277] pay end: 2037-12-31 16:00:00
<09:16:37> [FFF6198C] premium point: 0
<09:16:37> [481C0862] premium grade: premium_0
<09:16:37> [88D9AB0C] real pay time: -1
<09:16:37> [82321C2B][Warning] [net 13:16:37.070] [time] remote time estimation restarted; estimate accumulator age was 3454.874268
<09:16:39> [637AF710][Warning] missing chr material : game/objects/characters/warborn/female/parts/ar/obj/wa_f_ar_leather181.mtl (chr: game/objects/characters/warborn/female/parts/ar/obj/wa_f_1ac014_1ar117_2ar602_2arm004_2bt005_2pv002.chr)
<09:16:39> [000004EE][Warning] [Lua Error] no localized ui text for 18 always_refund
<09:16:39> [09F46B9D]     cl_fov = 90 []
<09:16:39> [09F46B9D]     camera_max_dist = 180 []
<09:16:39> [09F46B9D]     name_tag_hp_width_on_bgmode = 80 []
<09:16:39> [09F46B9D]     name_tag_hp_height_on_bgmode = 30 []
<09:16:39> [A13C772D][Warning] Cannot load texture ui/font_color.g, Image file format is invalid [File=ui/font_color.g]
<09:16:39> [06E6A3E9][Warning] Cannot load texture ui/login_stage/queue.dds, file missing [File=ui/login_stage/queue.dds]
<09:16:39> [000004EE][Warning] RenderMesh not assigned game/objects/box_nodraw.cgf
<09:16:41> [DA579B6C][Error] can't load client driven connect info.. Kompy
<09:16:45> [9FC303B8][Error] [CVARS]: [DUPLICATE] CXConsole::RegisterFloat(): variable [ui_double_click_interval] is already registered
<09:16:45> [0DE3FA89][Error] CryAnimation: character-definition creation failed: game/objects/characters/returned/female/nude/re_f.cdf
<09:16:45> [6FF68EA5] SetInstantTime: type 0 time 0
<09:16:45> [6FF68EA5] SetInstantTime: type 1 time 1758211439
<09:16:45> [6FF68EA5] SetInstantTime: type 2 time 1757821854
<09:16:45> [6FF68EA5] SetInstantTime: type 3 time 0
<09:16:45> [6FF68EA5] SetInstantTime: type 4 time 0
<09:16:45> [6FF68EA5] SetInstantTime: type 5 time 0
<09:16:45> [6FF68EA5] SetInstantTime: type 6 time 0
<09:16:45> [6FF68EA5] SetInstantTime: type 7 time 1758285336
<09:16:45> [82321C2B][Warning] [net 13:16:45.787] [time] remote time estimation restarted; estimate accumulator age was 2.063855
<09:16:45> [0E61BD35] ExpeditionMember 20 added
<09:16:45> [0E61BD35] ExpeditionMember 6 added
<09:16:45> [51CFCC4C] ExpeditionMember count matched. total 26
<09:16:45> [966861E8][Warning] GetAllPolicies empty
<09:16:45> [67B7DD8A][Warning] my ExpeditionMemberDesc not exist
<09:16:45> [7AB931CE] seamless unloading cell object(W0, 0), (L0, 0)
<09:16:45> [4B1E8B22] unload cell object count : 1511
<09:16:45> [B866A294] seamless unloading cell terrain(W0, 0), (L0, 0)
<09:16:45> [963385F6] Level System - Loading Start
<09:16:46> [E0E0EDAE][Warning] failed to load zone time of day from game/worlds/main_world/zone/225//time_of_day.xml
<09:16:46> [AB17243B][Warning] failed to load zone environment from game/worlds/main_world/zone/309//env.xml
<09:16:46> [35D4413E][Warning] failed to load zone clouds from game/worlds/main_world/zone/309//clouds.xml
<09:16:46> [806B6F8D] precaching world entities ..
<09:16:46> [7E39E0DE] precaching world entities .. done!  total (1778) objects
<09:16:46> [D2B280D6] Vegetation Manager : Loading World(main_world)
<09:16:46> [075AB92F] Vegetation Manager : Loading World - Done (total 3055 vegetations)
<09:16:46> [000004EE][Error] CTerrain::LoadWorldSurfaces: Error loading material: materials/Terrain/gweonidforest/w_forest_road_a1
<09:16:46> [59CBED13][Warning] Cannot load texture textures/aa_terrain/canyon/tr_canyon_rock3d_405a_ddn.dds, file missing [File=textures/aa_terrain/canyon/tr_canyon_rock3d_405a_ddn.dds]
<09:16:46> [751FFB9E][Warning] Error: CShaderMan::mfCreateShaderResources: Couldn't find detail texture
'game/textures/aa_terrain/canyon/tr_canyon_rock_616a_ddn.tga' in path '' [File=game/textures/aa_terrain/canyon/tr_canyon_rock_616a_ddn.tga]
<09:16:46> [B9410AA1] total 600 terrain world surfaces loaded
<09:16:46> [280A47E3] Precached total 4 materials
<09:16:46> [7B1A973B] seamless loading cell terrain(W21, 7), (L4, 4)
<09:16:46> [7B1A973B] seamless loading cell terrain(W21, 8), (L4, 5)
<09:16:46> [7B1A973B] seamless loading cell terrain(W20, 7), (L3, 4)
<09:16:46> [7B1A973B] seamless loading cell terrain(W20, 8), (L3, 5)
<09:16:46> [7B1A973B] seamless loading cell terrain(W22, 7), (L5, 4)
<09:16:46> [7B1A973B] seamless loading cell terrain(W22, 8), (L5, 5)
<09:16:46> [7B1A973B] seamless loading cell terrain(W21, 6), (L4, 3)
<09:16:46> [7B1A973B] seamless loading cell terrain(W21, 9), (L4, 6)
<09:16:46> [7B1A973B] seamless loading cell terrain(W20, 6), (L3, 3)
<09:16:46> [7B1A973B] seamless loading cell terrain(W20, 9), (L3, 6)
<09:16:46> [7B1A973B] seamless loading cell terrain(W19, 7), (L2, 4)
<09:16:46> [7B1A973B] seamless loading cell terrain(W22, 6), (L5, 3)
<09:16:46> [7B1A973B] seamless loading cell terrain(W19, 8), (L2, 5)
<09:16:46> [7B1A973B] seamless loading cell terrain(W22, 9), (L5, 6)
<09:16:46> [7B1A973B] seamless loading cell terrain(W23, 7), (L6, 4)
<09:16:46> [7B1A973B] seamless loading cell terrain(W19, 6), (L2, 3)
<09:16:46> [7B1A973B] seamless loading cell terrain(W23, 8), (L6, 5)
<09:16:46> [7B1A973B] seamless loading cell terrain(W19, 9), (L2, 6)
<09:16:46> [7B1A973B] seamless loading cell terrain(W21, 5), (L4, 2)
<09:16:46> [7B1A973B] seamless loading cell terrain(W20, 5), (L3, 2)
<09:16:46> [7B1A973B] seamless loading cell terrain(W21, 10), (L4, 7)
<09:16:46> [7B1A973B] seamless loading cell terrain(W23, 6), (L6, 3)
<09:16:46> [7B1A973B] seamless loading cell terrain(W22, 5), (L5, 2)
<09:16:46> [7B1A973B] seamless loading cell terrain(W20, 10), (L3, 7)
<09:16:46> [7B1A973B] seamless loading cell terrain(W23, 9), (L6, 6)
<09:16:46> [7B1A973B] seamless loading cell terrain(W18, 7), (L1, 4)
<09:16:46> [7B1A973B] seamless loading cell terrain(W18, 8), (L1, 5)
<09:16:46> [7B1A973B] seamless loading cell terrain(W22, 10), (L5, 7)
<09:16:46> [7B1A973B] seamless loading cell terrain(W19, 5), (L2, 2)
<09:16:46> [7B1A973B] seamless loading cell terrain(W18, 6), (L1, 3)
<09:16:46> [7B1A973B] seamless loading cell terrain(W19, 10), (L2, 7)
<09:16:46> [7B1A973B] seamless loading cell terrain(W18, 9), (L1, 6)
<09:16:46> [7B1A973B] seamless loading cell terrain(W24, 7), (L7, 4)
<09:16:46> [7B1A973B] seamless loading cell terrain(W24, 8), (L7, 5)
<09:16:46> [7B1A973B] seamless loading cell terrain(W23, 5), (L6, 2)
<09:16:46> [7B1A973B] seamless loading cell terrain(W23, 10), (L6, 7)
<09:16:46> [7B1A973B] seamless loading cell terrain(W21, 4), (L4, 1)
<09:16:46> [7B1A973B] seamless loading cell terrain(W20, 4), (L3, 1)
<09:16:46> [7B1A973B] seamless loading cell terrain(W24, 6), (L7, 3)
<09:16:46> [7B1A973B] seamless loading cell terrain(W24, 9), (L7, 6)
<09:16:46> [7B1A973B] seamless loading cell terrain(W22, 4), (L5, 1)
<09:16:46> [7B1A973B] seamless loading cell terrain(W18, 5), (L1, 2)
<09:16:46> [7B1A973B] seamless loading cell terrain(W18, 10), (L1, 7)
<09:16:46> [7B1A973B] seamless loading cell terrain(W17, 7), (L0, 4)
<09:16:46> [7B1A973B] seamless loading cell terrain(W17, 8), (L0, 5)
<09:16:46> [7B1A973B] seamless loading cell terrain(W19, 4), (L2, 1)
<09:16:46> [7B1A973B] seamless loading cell terrain(W24, 5), (L7, 2)
<09:16:46> [3EF08C47] seamless loading cell object(W21, 7), (L4, 4)
<09:16:46> [000004EE][Warning] [CGF Error] game/objects/env/02_harihara/001_hcom/hcom_cart_b.cgf [:] LOD1 of geometry hcom_cart_b contains too many polygons comparing to the LOD0 [770 against 1114] :
<09:16:47> [000004EE][Warning] [CGF Error] game/objects/env/01_nuia/001_housing/housing_people/hs_people_roof_a.cgf [:] Duplicate LOD helper $lod2 hs_people_roof_a
<09:16:47> [A5DDEC33][Warning] Warning: CShaderMan::mfForName: NULL name
<09:16:47> Loading Particle Library: X2_EFFECTS_P
<09:16:47> [000004EE][Warning] [CGF Error] game/objects/env/01_nuia/001_housing/housing_guild/nuia_h_guild_door_b_back.cga [:] non-uniform scale(1.00, 1.39, 1.00) at node(nuia_h_guild_door_b01_back)
<09:16:47> [000004EE][Warning] [CGF Error] game/objects/env/02_harihara/03_ti/ti_factorymain_a.cga [:] Invalid BBox : has Invalid BBox node(Object32)
<09:16:47> Loading Particle Library: x2_sounds
<09:16:47> [3EF08C47] seamless loading cell object(W21, 8), (L4, 5)
<09:16:47> [745BAE2F][Warning] failed to stream material xml(game/rock_06.mtl)
<09:16:47> [3EF08C47] seamless loading cell object(W20, 7), (L3, 4)
<09:16:47> [3EF08C47] seamless loading cell object(W20, 8), (L3, 5)
<09:16:47> [3EF08C47] seamless loading cell object(W22, 7), (L5, 4)
<09:16:47> [3EF08C47] seamless loading cell object(W22, 8), (L5, 5)
<09:16:47> [3EF08C47] seamless loading cell object(W21, 6), (L4, 3)
<09:16:47> [3EF08C47] seamless loading cell object(W21, 9), (L4, 6)
<09:16:48> [3EF08C47] seamless loading cell object(W20, 6), (L3, 3)
<09:16:48> [3EF08C47] seamless loading cell object(W20, 9), (L3, 6)
<09:16:48> [3EF08C47] seamless loading cell object(W19, 7), (L2, 4)
<09:16:48> [3EF08C47] seamless loading cell object(W22, 6), (L5, 3)
<09:16:48> [3EF08C47] seamless loading cell object(W19, 8), (L2, 5)
<09:16:48> [3EF08C47] seamless loading cell object(W22, 9), (L5, 6)
<09:16:48> [3EF08C47] seamless loading cell object(W23, 7), (L6, 4)
<09:16:48> [3EF08C47] seamless loading cell object(W19, 6), (L2, 3)
<09:16:48> [3EF08C47] seamless loading cell object(W23, 8), (L6, 5)
<09:16:48> [3C93550B][Warning] Error: CShaderMan::mfCreateShaderResources: Couldn't find custom texture 'objects/env/01_nuia/06_mari/mari_wood04_ddobjects/env/01_nuia/06_mari/mari_wood04_sp.dds' in path '' [File=objects/env/01_nuia/06_mari/mari_wood04_ddobjects/env/01_nuia/06_mari/mari_wood04_sp.dds]
<09:16:48> [3EF08C47] seamless loading cell object(W19, 9), (L2, 6)
<09:16:48> [3EF08C47] seamless loading cell object(W21, 5), (L4, 2)
<09:16:48> [000004EE][Warning] Particle effect not found: 'X2_EFFECTS.e_effect.smoke_slow', from ParticleEffect ParticleEffect_2760
<09:16:48> [3EF08C47] seamless loading cell object(W20, 5), (L3, 2)
<09:16:48> [12409CCC] Load Zone Finished
<09:16:48> [000004EE][Warning] I3DEngine::RegisterEntity: entity reports invalid position: Name: LightEntityName (), Class: LightEntityClass, Pos=(657.3,7976.0,585.4), aabb center=(142.0,1019.8,-2.3)
<09:16:48> [82321C2B][Warning] [net 13:16:48.989] [time] remote time estimation restarted; estimate accumulator age was 3.141374
<09:16:49> [7F89A202][Warning] AI: Warning: AIPoint is not inside Navigation Modifier. pos(4863.9, 5327.1, 637.1)
<09:16:49> [2363981C][Warning] chr material is not precached : game/objects/characters/animals/owl_postman/owl_postman.mtl (chr: game/objects/characters/animals/owl_postman/owl_postman.chr)
<09:16:49> [CE2F4035][Warning] chr physical geom is not precached. (game/objects/characters/animals/owl_postman/owl_postman.chr)
<09:16:49> [5CE4EF2C][Warning] failed to load particle lib from (Libs/Particles/game/abillity_skill_table_m.xml)
<09:16:49> [000004EE][Warning] Particle effect not found: 'game/abillity_skill_table_m.wild.shock_form2', from unknown 
<09:16:49> [2BFDEC33][Error] realstep 8, not match unit req
<09:16:49> [A39C1725] Level System - Loading Complete
<09:16:49> [9BE3F673] total 0 CGF files are precached
<09:16:49> [27293DED] -----------------------------------------------------
<09:16:49> [120C18F5] * LOADING: 'e_tiger_spine_mountains_2' loading time: 3.51 seconds
<09:16:49> [27293DED] -----------------------------------------------------
<09:16:49> [000004EE][Warning] Independent immortal particle effect spawned: X2_EFFECT_O.Interaction.enchant_wpn_range_honor_3g
<09:16:50> [CA175C82][Warning] non-stream IO. system(Material), filePath(game/objects/env/01_nuia/001_housing/housing_farm/hs_f_scarecrow_star.mtl)
<09:16:50> [000004EE][Warning] [CGF Error] game/objects/env/01_nuia/001_ndeco/making/ndeco_powerfulmaking.cga [:] LOD1 of geometry parts01 contains too many polygons comparing to the LOD0 [1592 against 1130] :
<09:16:50> Loading Particle Library: X2_effect_H
<09:16:50> [AEAF3E93][Warning] Cannot load texture game/objects/env/01_nuia/001_housing/housing_furniture/hs_f_cookies_g_ddn.dd, file missing [File=game/objects/env/01_nuia/001_housing/housing_furniture/hs_f_cookies_g_ddn.dd]
<09:16:50> [EBF8A645][Warning] Error: CShaderMan::mfCreateShaderResources: Couldn't find detail texture
'Game/objects/Env/01_nuia/001_housing/housing_house/housing_small_newhouse/housing_small_newhouse_03/housing_small_newhouse_03_floor_ddn.dds' in path '' [File=Game/objects/Env/01_nuia/001_housing/housing_house/housing_small_newhouse/housing_small_newhouse_03/housing_small_newhouse_03_floor_ddn.dds]
<09:16:50> Loading Particle Library: ljs_particle_fx
<09:16:50> [755A3546][Warning] Error: CShaderMan::mfCreateShaderResources: Couldn't find custom secondary texture 'game/objects/env/01_nuia/001_housing/housing_house/nuia_housing_treemossy03_ddn.dds' in path '' [File=game/objects/env/01_nuia/001_housing/housing_house/nuia_housing_treemossy03_ddn.dds]
<09:16:51> [745BAE2F][Warning] failed to stream material xml(game/$picking.mtl)
<09:16:51> [637AF710][Warning] missing chr material : game/objects/characters/hariharan/female/parts/pt/obj/ha_f_pt_cloth999.mtl (chr: game/objects/characters/hariharan/female/parts/pt/obj/ha_f_1pt301.chr)
<09:16:51> [5243B464][Warning] Error: CShaderMan::mfCreateShaderResources: Couldn't find subsurface texture 'objects/characters/ferre/female/face/face01/fe_f_face01_fur_sss.dds' in path '' [File=objects/characters/ferre/female/face/face01/fe_f_face01_fur_sss.dds]
<09:16:51> [CE0EF930][Warning] failed to stream cgf : default
<09:16:52> [09F46B9D]     cl_fov = 90 []
<09:16:52> [09F46B9D]     camera_max_dist = 180 []
<09:16:52> [09F46B9D]     name_tag_hp_width_on_bgmode = 80 []
<09:16:52> [09F46B9D]     name_tag_hp_height_on_bgmode = 30 []
<09:16:52> [000004EE][Warning] [Lua Error] Failed to load script file scriptsbin/x2ui/assignment/form.alb
<09:16:52> [A13C772D][Warning] Cannot load texture ui/font_color.g, Image file format is invalid [File=ui/font_color.g]
<09:16:52> [B5A61D8F] Chat Channel(0) Color is not found.
<09:16:52> [000004EE][Warning] [Lua Error] ...ts/x2ui/loginstage/character_create/locale/en_us.lua:524: attempt to index a nil value
<09:16:52> [58F3F7FF][Warning] <null>:0: [Lua Error] Failed to execute file @game/scriptsbin/x2ui/loginstage/character_create/locale/en_us.alb
<09:16:53> [000004EE][Warning] [Lua] invalid style type...  / brown
<09:16:53> [82321C2B][Warning] [net 13:16:53.455] [time] remote time estimation restarted; estimate accumulator age was 0.708819
<09:16:53> [BCCDC555][Warning] MakeSprite - too many sprite update (10). dropping.. (sprites : 274)
<09:16:53> [62232BEA][Warning] deferred xml stream error - game/animations/animals/crow_lucius/lmg_files/normal_run.lmg : f0000003
<09:16:58> [CE0EF930][Warning] failed to stream cgf : default
<09:17:01> [000004EE][Warning] [CGF Error] game/objects/env/02_harihara/001_hdeco/quest/hdeco_qust_cocoon01.cgf [:] non-uniform scale(0.87, 0.87, 1.00) at node(hdeco_qust_cocoon01_proxy)
<09:17:01> [A4D70365][Warning] rigid-body own-entity; prefab=prefabs/interaction_d.xml/tool.lever_right node=AnimObject_1
<09:17:01> [7F01D4DF][Warning] Cannot load texture game/textures/p_effects/spider_net_04_ddn.dds, file missing [File=game/textures/p_effects/spider_net_04_ddn.dds]
<09:17:01> [745BAE2F][Warning] failed to stream material xml(game/materials/aa_terrain/decals/quest_golddust.mtl)
<09:17:04> [CE0EF930][Warning] failed to stream cgf : default
<09:17:07> [E9F2E683][Warning] Cannot load texture textures/terrain/bump_detail/detail_bump_wood_007_ddn.dds, file missing [File=textures/terrain/bump_detail/detail_bump_wood_007_ddn.dds]
<09:17:07> [4655D2D5][Warning] Error: CShaderMan::mfCreateShaderResources: Couldn't find detail texture
'textures/terrain/bump_detail/detail_bump_wood_007_ddn.dds' in path '' [File=textures/terrain/bump_detail/detail_bump_wood_007_ddn.dds]
<09:17:07> [09F46B9D]     cl_fov = 90 []
<09:17:07> [09F46B9D]     camera_max_dist = 180 []
<09:17:07> [09F46B9D]     name_tag_hp_width_on_bgmode = 80 []
<09:17:07> [09F46B9D]     name_tag_hp_height_on_bgmode = 30 []
<09:17:07> [7CC1A260] Save Game Option
<09:17:07> [D2121932] Change resolution: 1920x1080x32 (Fullscreen)
<09:17:07> [FD3FC76F] resetting terrain texture cache
<09:17:07> [FD3FC76F] resetting terrain texture cache
<09:17:08> [CA175C82][Warning] non-stream IO. system(Material), filePath(game/objects/characters/ferre/male/face/fe_m_face_brop01.mtl)
<09:17:08> [000004EE][Warning] Independent immortal particle effect spawned: X2_EFFECT_O.Interaction.enchant_wpn_range_honor_3g
<09:17:08> [583D6F38] Final resolution: 1920x1080x32 (Fullscreen)
<09:17:08> [9FC303B8][Error] [CVARS]: [DUPLICATE] CXConsole::RegisterFloat(): variable [ui_double_click_interval] is already registered
<09:17:08> [000004EE][Warning] [Lua Error] no localized ui text for 18 always_refund
<09:17:08> [09F46B9D]     cl_fov = 90 []
<09:17:08> [09F46B9D]     camera_max_dist = 180 []
<09:17:08> [09F46B9D]     name_tag_hp_width_on_bgmode = 80 []
<09:17:08> [09F46B9D]     name_tag_hp_height_on_bgmode = 30 []
<09:17:08> [000004EE][Warning] [Lua Error] Failed to load script file scriptsbin/x2ui/assignment/form.alb
<09:17:08> [A13C772D][Warning] Cannot load texture ui/font_color.g, Image file format is invalid [File=ui/font_color.g]
<09:17:08> [B5A61D8F] Chat Channel(0) Color is not found.
<09:17:08> [000004EE][Warning] [Lua Error] ...ts/x2ui/loginstage/character_create/locale/en_us.lua:524: attempt to index a nil value
<09:17:08> [58F3F7FF][Warning] <null>:0: [Lua Error] Failed to execute file @game/scriptsbin/x2ui/loginstage/character_create/locale/en_us.alb
<09:17:08> [000004EE][Warning] [Lua] invalid style type...  / brown
<09:17:09> [82321C2B][Warning] [net 13:17:09.021] [time] remote time estimation restarted; estimate accumulator age was 1.166996
<09:17:13> [A4D70365][Warning] rigid-body own-entity; prefab=Prefabs/interaction.xml/toy.crane node=AnimObject_1
<09:17:14> [CE0EF930][Warning] failed to stream cgf : default
<09:17:19> [745BAE2F][Warning] failed to stream material xml(game/objects/characters/monster/polarbear_baby/Material #0.mtl)
<09:17:19> [62232BEA][Warning] deferred xml stream error - game/animations/monster/polarbear_baby/lmg_files/normal_run.lmg : f0000003
<09:17:20> [09F46B9D]     cl_fov = 90 []
<09:17:20> [09F46B9D]     camera_max_dist = 180 []
<09:17:20> [09F46B9D]     name_tag_hp_width_on_bgmode = 80 []
<09:17:20> [09F46B9D]     name_tag_hp_height_on_bgmode = 30 []
<09:17:20> [7CC1A260] Save Game Option
<09:17:20> [D2121932] Change resolution: 1920x1080x32 (Windowed)
<09:17:20> [FD3FC76F] resetting terrain texture cache
<09:17:20> [FD3FC76F] resetting terrain texture cache
<09:17:20> [CA175C82][Warning] non-stream IO. system(Material), filePath(game/objects/characters/ferre/male/face/fe_m_face_brop01.mtl)
<09:17:20> [000004EE][Warning] Independent immortal particle effect spawned: X2_EFFECT_O.Interaction.enchant_wpn_range_honor_3g
<09:17:20> [B0F7CF3E] Window Rect 0, 0, 1920x1080, 1920x1080
<09:17:20> [583D6F38] Final resolution: 1914x1048x32 (Windowed)
<09:17:20> [9FC303B8][Error] [CVARS]: [DUPLICATE] CXConsole::RegisterFloat(): variable [ui_double_click_interval] is already registered
<09:17:20> [000004EE][Warning] [Lua Error] no localized ui text for 18 always_refund
<09:17:20> [09F46B9D]     cl_fov = 90 []
<09:17:20> [09F46B9D]     camera_max_dist = 180 []
<09:17:20> [09F46B9D]     name_tag_hp_width_on_bgmode = 80 []
<09:17:20> [09F46B9D]     name_tag_hp_height_on_bgmode = 30 []
<09:17:20> [000004EE][Warning] [Lua Error] Failed to load script file scriptsbin/x2ui/assignment/form.alb
<09:17:20> [A13C772D][Warning] Cannot load texture ui/font_color.g, Image file format is invalid [File=ui/font_color.g]
<09:17:20> [B5A61D8F] Chat Channel(0) Color is not found.
<09:17:20> [000004EE][Warning] [Lua Error] ...ts/x2ui/loginstage/character_create/locale/en_us.lua:524: attempt to index a nil value
<09:17:20> [58F3F7FF][Warning] <null>:0: [Lua Error] Failed to execute file @game/scriptsbin/x2ui/loginstage/character_create/locale/en_us.alb
<09:17:20> [73AFCD09][Warning] Cannot load texture ui/map/frame_map_2.dds, file missing [File=ui/map/frame_map_2.dds]
<09:17:20> [000004EE][Warning] [Lua] invalid style type...  / brown
<09:17:21> [82321C2B][Warning] [net 13:17:21.261] [time] remote time estimation restarted; estimate accumulator age was 1.184195
<09:17:21> [CE0EF930][Warning] failed to stream cgf : default
<09:17:27> [CE0EF930][Warning] failed to stream cgf : default
<09:17:28> [5F89E60D][Warning] non cached CDF(game/objects/characters/warborn/female/parts/hm/leather/hm_leather167/wa_f_hm_leather167.cdf)
<09:17:28> [CA175C82][Warning] non-stream IO. system(Material), filePath(game/objects/characters/warborn/female/parts/hm/leather/hm_leather167/wa_f_hm_leather167.mtl)
<09:17:28> [637AF710][Warning] missing chr material : game/objects/characters/warborn/female/parts/hm/obj/wa_f_hm_leather179.mtl (chr: game/objects/characters/warborn/female/parts/hm/obj/wa_f_2hm109.chr)
<09:17:28> [2363981C][Warning] chr material is not precached : game/objects/characters/warborn/female/hair/wa_f_hair_common/wa_f_hair_common0102s_type3.mtl (chr: game/objects/characters/warborn/female/hair/wa_f_hair_common/wa_f_hair_common0102s_type3.chr)
<09:17:30> [000004EE][Warning] [CGF Error] game/objects/env/01_nuia/001_ndeco/collect/ndeco_collect_geyser01.cgf [:] non-uniform scale(1.48, 1.48, 1.00) at node(proxy)
<09:17:34> [CE0EF930][Warning] failed to stream cgf : game/objects/env/05_nature/08_cry_source/rocks/road_rocks/road_rocks_flat_grey_a.cgf
<09:17:34> [A4D70365][Warning] rigid-body own-entity; prefab=Prefabs/interaction.xml/toy.crane node=AnimObject_1
<09:17:38> [745BAE2F][Warning] failed to stream material xml(game/objects/characters/animals/osprey/Material #1.mtl)
<09:17:38> [CA175C82][Warning] non-stream IO. system(Material), filePath(game/objects/characters/warborn/female/parts/hm/leather/hm_leather167/wa_f_hm_leather167.mtl)
<09:17:43> [CE0EF930][Warning] failed to stream cgf : default
<09:17:48> [584C4FFD] [net 13:17:48.613] -- Client will disconnect; cause=18 desc=graceful exit
<09:17:48> [05D024BA] System:Quit
