[801989E0] BackupNameAttachment=" Build(0) Date(27 September 2025) Time(11 09 01)"  -- used by backup system
[00000020]  
[38F38F32] Log Started at #c
[0232BD25] Running 32 bit version
[7AB6F5FE] Executable: C:\Games\AAClassic\bin32\archeage.exe
[E5C771AC] FileVersion: 3.5.0.0
[F799D55F] ProductVersion: 3.5.3.0
[1F1D6B13] Using Microsoft (tm) C++ Standard Library implementation
[00000020]  
[C7D96C80] Revision: 350000
[00000020]  
[64533E3E] this is the first client
<11:09:08> [B9197FD5][Error] ConsoleVariableGroup[option_effect] key[e_particles_lod_onoff] has no default
<11:09:08> [76666E6D] 
--- CPU detection ---
<11:09:08> [F4D992D8] CPU: AMD AMD Ryzen 7 7800X3D 8-Core Processor           
<11:09:08> [3F649B02] Family: 15, Model: 1, Stepping: 2
<11:09:08> [83D12E0B] FPU: On-Chip
<11:09:08> [50919DA0] CPU Speed (estimated): 4191.965193 MHz
<11:09:08> [C73FD83A] MMX: not present
<11:09:08> [89D1077A] SSE: present
<11:09:08> [64E2B6F1] 3DNow!: present
<11:09:08> [27B7AC6E] Serial number not present or disabled
<11:09:08> [1D2D8E5B] Number of logical processors: 16
<11:09:08> [FA658084] Number of available logical processors: 16
<11:09:08> [A1F061C2] Invariant Time Stamp Counter : yes
<11:09:08> [FA0251ED] ---------------------

<11:09:08> [03E7D838] Device Info
<11:09:08> [9F603516] Device Info - 1
<11:09:08> [9F603517] Device Info - 2
<11:09:08> [9F603518] Device Info - 3
<11:09:08> [9F603519] Device Info - 4
<11:09:08> [9F60351A] Device Info - 5
<11:09:08> [9F60351B] Device Info - 6
<11:09:08> [9F60351C] Device Info - 7
<11:09:08> [E98ECC28] Video Memory Info
<11:09:08> [D5FBE664] Video Memory - 1
<11:09:08> [D5FBE665] Video Memory - 2
<11:09:08> [D5FBE666] Video Memory - 3
<11:09:08> [D5FBE667] Video Memory - 4
<11:09:08> [D5FBE668] Video Memory - 5
<11:09:08> [D5FBE669] Video Memory - 6
<11:09:08> [D5FBE66A] Video Memory - 7
<11:09:08> [D5FBE66B] Video Memory - 8
<11:09:08> [3A4D54A2][Warning] config/gpu/amd.txt line 55 contains a multiple defined GPU rating!
<11:09:08> [D20872C0] InitThreadAffinities
<11:09:08> [2F28A434] UpdateMainThreadAffinity
<11:09:08> [16962512] Windows 8 64 bit (build 6.2.9200)
<11:09:08> [38DFF081] System language: English
<11:09:08> [861A0178] Windows Directory: "C:\windows"
<11:09:08> [341B54F1] Prerequisites...
<11:09:08> [5D1B3C9C] * Installation of KB940105 hotfix required: no! (either not needed or already installed)
<11:09:08> [997AE1DF] Local time is 11:09:08 09/27/25, system running for 7156 minutes
<11:09:08> [6C1EC810] 63426MB physical memory installed, 12625MB available, 4095MB virtual memory installed, 80 percent of memory in use
<11:09:08> [31259232] PageFile usage: 
<11:09:08> [453F0D1B] Current display mode is 2560x1440x32
<11:09:08> [8A64FCCC] IBM enhanced (101/102-key) keyboard and 3+ button mouse installed
<11:09:08> [CE30556B] ----- GPU Detection -----------------
<11:09:08> [03E7D838] Device Info
<11:09:08> [9F603516] Device Info - 1
<11:09:08> [9F603517] Device Info - 2
<11:09:08> [9F603518] Device Info - 3
<11:09:08> [9F603519] Device Info - 4
<11:09:08> [9F60351A] Device Info - 5
<11:09:08> [9F60351B] Device Info - 6
<11:09:08> [9F60351C] Device Info - 7
<11:09:08> [E98ECC28] Video Memory Info
<11:09:08> [D5FBE664] Video Memory - 1
<11:09:08> [D5FBE665] Video Memory - 2
<11:09:09> [D5FBE666] Video Memory - 3
<11:09:09> [D5FBE667] Video Memory - 4
<11:09:09> [D5FBE668] Video Memory - 5
<11:09:09> [D5FBE669] Video Memory - 6
<11:09:09> [D5FBE66A] Video Memory - 7
<11:09:09> [D5FBE66B] Video Memory - 8
<11:09:09> [99EA404A]  AMD Radeon RX 7800 XT (RADV NAVI32) (vendor = 0x1002, device = 0x747e, subSys = 0x00000000)
<11:09:09> [77718B6A] -- Video memory: 4081 MB
<11:09:09> [30DF1863] -- Minimum SM 2.0 support: yes
<11:09:09> [13E11956] -- DX11 supported: yes
<11:09:09> [50B60100] --------------------------------------------------------------------------------
<11:09:09> [5921EDBE] Stream Engine Initialization
<11:09:09> [BA0D559B] Splash: Initializing Stream Engine...
<11:09:09> [939F6EBB] Enable Resolutions : 0
<11:09:09> [A30A84B6] can't enum display resolution modes
<11:09:09> [B324CD25] Screen Resolution - 1024x768
<11:09:09> [3778EA0B] Screen Resolution - 0 (2560x1440)
<11:09:09> [A1B107F0] Screen Resolution - Test OK (2560x1440)
<11:09:09> [A9E4B0F2] Network initialization
<11:09:09> [BA0D559B] Splash: Initializing Network System...
<11:09:09> [14FAD233] Socket I/O by iocp
<11:09:09> [E36A4FB9] Physics initialization
<11:09:09> [BA0D559B] Splash: Initializing Physics...
<11:09:09> [2462D581] MovieSystem initialization
<11:09:09> [BA0D559B] Splash: Initializing Movie System...
<11:09:09> [93287AEC] Renderer initialization - Start
<11:09:09> [BA0D559B] Splash: Initializing Renderer...
<11:09:09> [91207680] Renderer initialization - Open
<11:09:09> [4377E7CB] Renderer initialization - DLL Load(CryRenderD3D9.dll)
<11:09:09> [71203A94] Renderer initialization - DLL Done
<11:09:09> [71227C22] Renderer initialization - DLL Init
<11:09:09> [C653D9CB] Renderer initialization - Instance
<11:09:09> [44D9754D] D3D Adapter: Driver name: aticfx32.dll
<11:09:09> [82BE8322] D3D Adapter: Driver description: AMD Radeon RX 7800 XT (RADV NAVI32)
<11:09:09> [2224501A] D3D Adapter: Driver version: 32767.65535.65535.65535
<11:09:09> [E8D1E30D] D3D Adapter: Driver GUID: 00000000-0003-0000-0000000000000000
<11:09:09> [BC8C1ACB] D3D Adapter: VendorId = 0x1002
<11:09:09> [B6A10CFD] D3D Adapter: DeviceId = 0x747E
<11:09:09> [0678E702] D3D Adapter: SubSysId = 0x00000000
<11:09:09> [F2243F0E] D3D Adapter: Revision = 0
<11:09:09> [E571CFEE] Shader manager initialization
<11:09:11> [05BAAEF6] CResFile allocations incurred by user cache preload: (24998.05k)
<11:09:11> [911B73B8] Renderer initialization - Done
<11:09:11> [8E444EA9] Console initialization
<11:09:11> [2904A233] Time initialization
<11:09:11> [3650CFD6] Input initialization
<11:09:11> [BA0D559B] Splash: Initializing Input System...
<11:09:11> Initializing Keyboard
<11:09:11> [99640BF1] Sound initialization
<11:09:11> [BA0D559B] Splash: Initializing Sound System...
<11:09:11> [2C33885C] Sound - Initializing AudioDevice now!
<11:09:11> [E46760A9] <Sound> Initialize FMOD with dynamic memory callbacks
<11:09:13> [D6755BFD] <Sound> Starting to initialize Windows Audio Session API output! 
<11:09:13> [F7E8E3CD] <Sound> Drivers found: 6
<11:09:13> [9B899242] <Sound> Available drivers:
	1.	PulseAudio Output (PulseAudio Output)
	2.	Blue Microphones Analog Stereo (Blue Microphones Analog Stereo)
	3.	soundcore Liberty 4 NC (soundcore Liberty 4 NC)
	4.	Wireless Controller (Wireless Controller)
	5.	Navi 31 HDMI/DP Audio Digital Stereo (HDMI) (Navi 31 HDMI/DP Audio Digital Stereo (HDMI))
	6.	Family 17h/19h/1ah HD Audio Controller Analog Stereo (Family 17h/19h/1ah HD Audio Controller Analog Stereo)
<11:09:13> [A0BBF7E1] <Sound> FmodEx-AudioDevice: Now running on driver: PulseAudio Output (PulseAudio Output)
<11:09:13> [14D8EFE1] <Sound> Using speaker mode: FMOD_SPEAKERMODE_STEREO
<11:09:13> [E79C27E5] <Sound> Initializing FMOD-EX now!
<11:09:13> [E2A9FE08] <Sound> Available record drivers: 0 PulseAudio Input (PulseAudio Input) !
<11:09:13> [E2A9FE08] <Sound> Available record drivers: 1 soundcore Liberty 4 NC (soundcore Liberty 4 NC) !
<11:09:13> [E2A9FE08] <Sound> Available record drivers: 2 Family 17h/19h/1ah HD Audio Controller Analog Stereo (Family 17h/19h/1ah HD Audio Controller Analog Stereo) !
<11:09:13> [E2A9FE08] <Sound> Available record drivers: 3 Wireless Controller (Wireless Controller) !
<11:09:13> [E2A9FE08] <Sound> Available record drivers: 4 Blue Microphones Analog Stereo (Blue Microphones Analog Stereo) !
<11:09:13> [E2A9FE08] <Sound> Available record drivers: 5 Monitor of Family 17h/19h/1ah HD Audio Controller (Monitor of Family 17h/19h/1ah HD Audio Controller) !
<11:09:13> [E2A9FE08] <Sound> Available record drivers: 6 Monitor of Blue Microphones Analog Stereo (Monitor of Blue Microphones Analog Stereo) !
<11:09:13> [E2A9FE08] <Sound> Available record drivers: 7 Wireless Controller (Wireless Controller) !
<11:09:13> [E2A9FE08] <Sound> Available record drivers: 8 Monitor of soundcore Liberty 4 NC (Monitor of soundcore Liberty 4 NC) !
<11:09:13> [E2A9FE08] <Sound> Available record drivers: 9 Monitor of Navi 31 HDMI/DP Audio Digital Stereo (HDMI) (Monitor of Navi 31 HDMI/DP Audio Digital Stereo (HDMI)) !
<11:09:13> [6841BE38] <Sound> Record config is set to autodetect using record driver 0
<11:09:13> [7808B4C4] <Sound> Using FMOD version: 00044414 and internal 00044414!
<11:09:13> [2A2815C7] <Sound> Initialized FMOD-EX
<11:09:13> [BE4EF52E] Sound - Initializing SoundSystem now!
<11:09:13> [0D547471] Font initialization
<11:09:13> [BA0D559B] Splash: Initializing Fonts...
<11:09:13> [C194F7C8][Warning] Cannot load texture textures/defaults/replacemecm.tif, file missing [File=textures/defaults/replacemecm.dds]
<11:09:13> [84206398] AI initialization
<11:09:13> [1BC221DE] Initializing Animation System
<11:09:13> [BA0D559B] Splash: Initializing Animation System...
<11:09:13> [9E592EFE] Initializing 3D Engine
<11:09:13> [BA0D559B] Splash: Initializing 3D Engine...
<11:09:14> [637AF710][Warning] missing chr material : game/objects/characters/ferre/female/nude/Standard_22.mtl (chr: game/objects/characters/ferre/female/nude/fe_f_base.chr)
<11:09:14> [91F5AEEC][Warning] number of bones mismatch! game/objects/characters/ferre/female/nude/fe_f_base.chr=195 game/objects/characters/ferre/female/nude/fe_f_base_lod1.chr=185
<11:09:15> [7415A452] CHR PreCaching 25 Done
<11:09:16> [E7AD4E53] AddSharedMorphTargets - Failed to load objects/characters/dwarf/male/face/dw_m_face00.chr
<11:09:16> [61AD1790] MorphTargetPreCaching - objects/characters/dwarf/male/face/dw_m_face00.chr Add Failed
<11:09:16> [A4A6E4C6] MorphTarget PreCaching 11 Done
<11:09:16> [5ACB40E2] Init Face Makers
<11:09:16> [56B5985B] X2FaceMaker - game/objects/characters/nuian/male/face/nu_m_face01_mid.chr : mouth_UnderbiteOverbite target not exist
<11:09:16> [56B5985B] X2FaceMaker - game/objects/characters/nuian/male/face/nu_m_face01_mid.chr : mouth_UnderbiteOverbite target not exist
<11:09:16> [56B5985B] X2FaceMaker - game/objects/characters/nuian/male/face/nu_m_face01_mid.chr : mouth_UnderbiteOverbite target not exist
<11:09:16> [4ABB03EB] game/objects/characters/ferre/female/face/fe_f_face01_low.chr(303) - objects/characters/ferre/female/face/fe_f_face00.chr(3063) SharedMorph is not matched
<11:09:16> [56B5985B] X2FaceMaker - game/objects/characters/nuian/male/face/nu_m_face01_mid.chr : mouth_UnderbiteOverbite target not exist
<11:09:16> [56B5985B] X2FaceMaker - game/objects/characters/nuian/male/face/nu_m_face01_mid.chr : nose_dw_SeptumVol target not exist
<11:09:16> [56B5985B] X2FaceMaker - game/objects/characters/nuian/male/face/nu_m_face01_mid.chr : nose_dw_NasalZposition target not exist
<11:09:16> [56B5985B] X2FaceMaker - game/objects/characters/nuian/male/face/nu_m_face01_mid.chr : FS_dwEarSize target not exist
<11:09:16> [56B5985B] X2FaceMaker - game/objects/characters/nuian/male/face/nu_m_face01_mid.chr : dwarf_Morph target not exist
<11:09:16> [56B5985B] X2FaceMaker - game/objects/characters/nuian/male/face/nu_m_face01_mid.chr : FS_dw_CheekMeat_min target not exist
<11:09:16> [1191A6A8] X2FaceMaker - game/objects/characters/nuian/male/face/nu_m_face01_mid.chr : FS_dw_CheekMeat_max ex target not exist
<11:09:16> [56B5985B] X2FaceMaker - game/objects/characters/warborn/male/face/wa_m_face01_mid.chr : eye_Forehead target not exist
<11:09:16> [56B5985B] X2FaceMaker - game/objects/characters/warborn/male/face/wa_m_face01_mid.chr : eye_Tail_min target not exist
<11:09:16> [1191A6A8] X2FaceMaker - game/objects/characters/warborn/male/face/wa_m_face01_mid.chr : eye_Tail_max ex target not exist
<11:09:16> [56B5985B] X2FaceMaker - game/objects/characters/warborn/male/face/wa_m_face01_mid.chr : eye_WidthLength_min target not exist
<11:09:16> [1191A6A8] X2FaceMaker - game/objects/characters/warborn/male/face/wa_m_face01_mid.chr : eye_WidthLength_max ex target not exist
<11:09:16> [56B5985B] X2FaceMaker - game/objects/characters/warborn/male/face/wa_m_face01_mid.chr : eye_DoubleEyelidShape target not exist
<11:09:16> [56B5985B] X2FaceMaker - game/objects/characters/warborn/male/face/wa_m_face01_mid.chr : eye_BrowXposition target not exist
<11:09:16> [56B5985B] X2FaceMaker - game/objects/characters/warborn/male/face/wa_m_face01_mid.chr : eye_BrowZposition target not exist
<11:09:16> [56B5985B] X2FaceMaker - game/objects/characters/warborn/male/face/wa_m_face01_mid.chr : nose_Nostril target not exist
<11:09:16> [56B5985B] X2FaceMaker - game/objects/characters/warborn/male/face/wa_m_face01_mid.chr : nose_Size target not exist
<11:09:16> [56B5985B] X2FaceMaker - game/objects/characters/warborn/male/face/wa_m_face01_mid.chr : nose_SeptumZposition target not exist
<11:09:16> [56B5985B] X2FaceMaker - game/objects/characters/warborn/male/face/wa_m_face01_mid.chr : nose_End target not exist
<11:09:16> [56B5985B] X2FaceMaker - game/objects/characters/warborn/male/face/wa_m_face01_mid.chr : nose_Size target not exist
<11:09:16> [56B5985B] X2FaceMaker - game/objects/characters/warborn/male/face/wa_m_face01_mid.chr : mouth_UpperLipVolume target not exist
<11:09:16> [56B5985B] X2FaceMaker - game/objects/characters/warborn/male/face/wa_m_face01_mid.chr : mouth_LowerLipVolume target not exist
<11:09:16> [56B5985B] X2FaceMaker - game/objects/characters/warborn/male/face/wa_m_face01_mid.chr : mouth_UpperLipOpen target not exist
<11:09:16> [56B5985B] X2FaceMaker - game/objects/characters/warborn/male/face/wa_m_face01_mid.chr : mouth_LowerLipOpen target not exist
<11:09:16> [56B5985B] X2FaceMaker - game/objects/characters/warborn/male/face/wa_m_face01_mid.chr : mouth_MouthOpen target not exist
<11:09:16> [56B5985B] X2FaceMaker - game/objects/characters/warborn/male/face/wa_m_face01_mid.chr : mouth_Size target not exist
<11:09:16> [56B5985B] X2FaceMaker - game/objects/characters/warborn/male/face/wa_m_face01_mid.chr : mouth_Shape_min target not exist
<11:09:16> [1191A6A8] X2FaceMaker - game/objects/characters/warborn/male/face/wa_m_face01_mid.chr : mouth_Shape_max ex target not exist
<11:09:16> [56B5985B] X2FaceMaker - game/objects/characters/warborn/male/face/wa_m_face01_mid.chr : mouth_TeethZposition target not exist
<11:09:16> [56B5985B] X2FaceMaker - game/objects/characters/warborn/male/face/wa_m_face01_mid.chr : FS_JawHigh_min target not exist
<11:09:16> [1191A6A8] X2FaceMaker - game/objects/characters/warborn/male/face/wa_m_face01_mid.chr : FS_JawHigh_max ex target not exist
<11:09:16> [56B5985B] X2FaceMaker - game/objects/characters/warborn/male/face/wa_m_face01_mid.chr : FS_EarRotate_min target not exist
<11:09:16> [1191A6A8] X2FaceMaker - game/objects/characters/warborn/male/face/wa_m_face01_mid.chr : FS_EarRotate_max ex target not exist
<11:09:16> [56B5985B] X2FaceMaker - game/objects/characters/warborn/male/face/wa_m_face01_mid.chr : FS_Beard1 target not exist
<11:09:16> [56B5985B] X2FaceMaker - game/objects/characters/warborn/male/face/wa_m_face01_mid.chr : FS_Beard2 target not exist
<11:09:16> [56B5985B] X2FaceMaker - game/objects/characters/warborn/male/face/wa_m_face01_mid.chr : FS_Beard3 target not exist
<11:09:16> [56B5985B] X2FaceMaker - game/objects/characters/warborn/female/face/wa_f_face01_mid.chr : eye_Yposition_min target not exist
<11:09:16> [1191A6A8] X2FaceMaker - game/objects/characters/warborn/female/face/wa_f_face01_mid.chr : eye_Yposition_max ex target not exist
<11:09:16> [56B5985B] X2FaceMaker - game/objects/characters/warborn/female/face/wa_f_face01_mid.chr : FS_AllLowerY target not exist
<11:09:16> [56B5985B] X2FaceMaker - game/objects/characters/warborn/female/face/wa_f_face01_mid.chr : FS_AllRotate target not exist
<11:09:16> [56B5985B] X2FaceMaker - game/objects/characters/warborn/female/face/wa_f_face01_mid.chr : FS_AllY target not exist
<11:09:16> [56B5985B] X2FaceMaker - game/objects/characters/warborn/female/face/wa_f_face01_mid.chr : mouth_Open_min target not exist
<11:09:16> [1191A6A8] X2FaceMaker - game/objects/characters/warborn/female/face/wa_f_face01_mid.chr : mouth_Open_max ex target not exist
<11:09:16> [E320B5CE] Init Face Makers - Done!
<11:09:16> [581CA53C] Script System Initialization
<11:09:16> [BA0D559B] Splash: Initializing Script System...
<11:09:16> [000004EE][Warning] [Lua Error] 1_3_0/scripts/common.lua:276: attempt to index global 'Script' (a nil value)
<11:09:16> [58F3F7FF][Warning] <null>:0: [Lua Error] Failed to execute file @game/scriptsbin/common.alb
<11:09:16> [D8B2BA54] Entity system initialization
<11:09:16> [BA0D559B] Splash: Initializing Entity System...
<11:09:16> [D55F91B2][Warning] [CEntityClassRegistry] LoadClassDescription failed, Entity Class name Chick already registered
<11:09:16> [BA0D559B] Splash: Initializing AI System...
<11:09:16> [DA019954] Initializing AI System
<11:09:16> [2546BCC5] Initializing Budgeting System
<11:09:16> [C0E19025] Initializing Seamless System
<11:09:16> [BA0D559B] Splash: Loading Game Data...
<11:09:18> [90B8EC50][Warning] too many ranges: aoe_shapes descs 10156(10156) threshold 100 ranges 12
<11:09:19> [BA4AD6CE] Loading portal list
<11:09:19> [92597454] Portal added, enter: 3891, exit: 6629
<11:09:19> [92597454] Portal added, enter: 21448, exit: 21449
<11:09:19> [92597454] Portal added, enter: 21450, exit: 21451
<11:09:19> [92597454] Portal added, enter: 21452, exit: 21453
<11:09:19> [92597454] Portal added, enter: 21698, exit: 21699
<11:09:19> [92597454] Portal added, enter: 22023, exit: 22024
<11:09:19> [92597454] Portal added, enter: 22042, exit: 22066
<11:09:19> [92597454] Portal added, enter: 22136, exit: 22137
<11:09:19> [92597454] Portal added, enter: 22163, exit: 22164
<11:09:19> [92597454] Portal added, enter: 22184, exit: 22185
<11:09:19> [92597454] Portal added, enter: 22336, exit: 22337
<11:09:19> [92597454] Portal added, enter: 9000063, exit: 9000064
<11:09:19> [1C664009] End loading portal list
<11:09:19> [937812F7] loaded DDCMS (1396969 descs, 719156 links (17 page 16.95MB size) string) from game\db\compact.sqlite3 in 1524 ms
<11:09:19> [BA0D559B] Splash: Initializing Game System...
<11:09:19> [000004EE][Warning] [Lua Error] no localized ui text for 18 always_refund
<11:09:20> [0ADE3294][Warning] [MFX] Effect 'collisions:grenade' already present. Overriding.
<11:09:20> [311630D1][Warning] MFX WARNING: Material not found: mat_ice_breakable
<11:09:20>  
<11:09:20>    sys_spec = Custom (assuming 4)
<11:09:20>      option_view_dist_ratio = 2 expected:4
<11:09:20>  
<11:09:20> [BA0D559B] Splash: Preparing Screen...
<11:09:20> [963385F6] Level System - Loading Start
<11:09:20> [806B6F8D] precaching world entities ..
<11:09:20> [7E39E0DE] precaching world entities .. done!  total (0) objects
<11:09:20> [D2B280D6] Vegetation Manager : Loading World(login2)
<11:09:20> [075AB92F] Vegetation Manager : Loading World - Done (total 36 vegetations)
<11:09:20> [B9410AA1] total 20 terrain world surfaces loaded
<11:09:21> Loading Particle Library: collisions
<11:09:21> Loading Particle Library: water
<11:09:21> Loading Particle Library: misc
<11:09:21> Loading Particle Library: ability_skill_table
<11:09:21> Loading Particle Library: ability_skill_table_k
<11:09:21> Loading Particle Library: abillity_skill_table_m
<11:09:21> Loading Particle Library: machinima
<11:09:21> Loading Particle Library: x2_effects
<11:09:21> Loading Particle Library: x2_effects_k
<11:09:22> [280A47E3] Precached total 2 materials
<11:09:22> [7B1A973B] seamless loading cell terrain(W0, 1), (L0, 0)
<11:09:22> [3EF08C47] seamless loading cell object(W0, 1), (L0, 0)
<11:09:22> [584C4FFD] [net 15:09:09.414]  dns ip:192.168.1.202
<11:09:22> [584C4FFD] [net 15:09:09.414]  dns ip:172.18.0.1
<11:09:22> [584C4FFD] [net 15:09:09.414]  dns ip:172.19.0.1
<11:09:22> [584C4FFD] [net 15:09:09.414]  dns ip:172.17.0.1
<11:09:22> [0DE3FA89][Error] CryAnimation: character-definition creation failed: game/objects/characters/elf/female/nude/el_f_kyprosa.cdf
<11:09:22> [13A58BA0][Error] CryAnimation: character-definition not found: game/objects/characters/elf/female/nude/el_f_kyprosa.cdf
<11:09:22> [4DD44108] Start DaruCommon Extension
<11:09:22> [1B425DA5] Duplicated post effect param! pszName = FilterMaskedBlurring_Amount
<11:09:22> [1B425DA5] Duplicated post effect param! pszName = FilterMaskedBlurring_MaskTexName
<11:09:22> [1B425DA5] Duplicated post effect param! pszName = FilterChromaShift_User_Amount
<11:09:22> [1B425DA5] Duplicated post effect param! pszName = FilterGrain_Amount
<11:09:22> [8F6BAA6C][Warning] Couldn't find console variable 'e_water_ocean_fft'
<11:09:22> Loading Particle Library: wind
<11:09:22> Loading Particle Library: X2_EFFECT_O
<11:09:22> [000004EE][Warning] Particle effect not found: '                                                                ', from ParticleEffect fx_land_green
<11:09:22> [12409CCC] Load Zone Finished
<11:09:22> [A39C1725] Level System - Loading Complete
<11:09:22> [27293DED] -----------------------------------------------------
<11:09:22> [120C18F5] * LOADING: 'loginbg4' loading time: 1.96 seconds
<11:09:22> [27293DED] -----------------------------------------------------
<11:09:22> [000004EE][Warning] [Lua Error] no client player exists
<11:09:22> [A13C772D][Warning] Cannot load texture ui/font_color.g, Image file format is invalid [File=ui/font_color.g]
<11:09:23> [000FABC5][Warning] CAreaGrid::BeginAreas() called before being initialized.
<11:09:30> [11E02DA3][Warning] Cannot load texture textures/defaults/16_12.dds, file missing [File=textures/defaults/16_12.dds]
<11:09:32> [1D01FDCA] Auth: client connected to server
<11:09:32> [584C4FFD] [net 15:09:32.074]  socket ip:192.168.1.202
<11:09:32> [4C920A71] mac address : 74-56-3c-fe-52-f3
<11:09:33> [A13C772D][Warning] Cannot load texture ui/font_color.g, Image file format is invalid [File=ui/font_color.g]
<11:09:35> [584C4FFD] [net 15:09:35.709] connection requested to: 192.95.21.64:1239
<11:09:35> [4ABA7BDB] Auth: client disconnected (reason=0)
<11:09:35> [0F08E548] [NetConnection] connect completed (succeeded:true)
<11:09:35> [48F7BDF2] invalid world id in world queue packet
<11:09:36> [26623ECA] ucc info.. 5 0
<11:09:36> [4516816D] pay method: person
<11:09:36> [4AA30841] pay location: person
<11:09:36> [ADF1C07E] pay start: 1900-1-1 00:00:00
<11:09:36> [6486A277] pay end: 1900-1-1 00:00:00
<11:09:36> [FFF6198C] premium point: 0
<11:09:36> [481C0862] premium grade: premium_0
<11:09:36> [88D9AB0C] real pay time: 96341476769792
<11:09:36> [9FC303B8][Error] [CVARS]: [DUPLICATE] CXConsole::RegisterFloat(): variable [camera_max_dist] is already registered
<11:09:36> [34CCC219] stream: connected to world server
<11:09:36> [06A46B5B] stream: authorized by world server
<11:09:36> [82321C2B][Warning] [net 15:09:36.419] [time] remote time estimation restarted; estimate accumulator age was 429439.906250
<11:09:36> [4516816D] pay method: person
<11:09:36> [4AA30841] pay location: person
<11:09:36> [ADF1C07E] pay start: 1900-1-1 00:00:00
<11:09:36> [6486A277] pay end: 2037-12-31 16:00:00
<11:09:36> [FFF6198C] premium point: 0
<11:09:36> [481C0862] premium grade: premium_0
<11:09:36> [88D9AB0C] real pay time: -1
<11:09:38> [637AF710][Warning] missing chr material : game/objects/characters/warborn/female/parts/ar/obj/wa_f_ar_leather181.mtl (chr: game/objects/characters/warborn/female/parts/ar/obj/wa_f_1ac014_1ar117_2ar602_2arm004_2bt005_2pv002.chr)
<11:09:38> [000004EE][Warning] [Lua Error] no localized ui text for 18 always_refund
<11:09:38> [09F46B9D]     cl_fov = 90 []
<11:09:38> [09F46B9D]     camera_max_dist = 180 []
<11:09:38> [09F46B9D]     name_tag_hp_width_on_bgmode = 80 []
<11:09:38> [09F46B9D]     name_tag_hp_height_on_bgmode = 30 []
<11:09:38> [06E6A3E9][Warning] Cannot load texture ui/login_stage/queue.dds, file missing [File=ui/login_stage/queue.dds]
<11:09:38> [000004EE][Warning] RenderMesh not assigned game/objects/box_nodraw.cgf
<11:09:40> [DA579B6C][Error] can't load client driven connect info.. Kompy
<11:09:46> [9FC303B8][Error] [CVARS]: [DUPLICATE] CXConsole::RegisterFloat(): variable [ui_double_click_interval] is already registered
<11:09:46> [0DE3FA89][Error] CryAnimation: character-definition creation failed: game/objects/characters/returned/female/nude/re_f.cdf
<11:09:46> [000004EE][Warning] I3DEngine::RegisterEntity: entity reports invalid position: Name: LightEntityName (), Class: LightEntityClass, Pos=(657.6,7976.0,585.1), aabb center=(142.0,1019.8,-2.3)
<11:09:46> [82321C2B][Warning] [net 15:09:46.705] [time] remote time estimation restarted; estimate accumulator age was 3.895041
<11:09:46> [6FF68EA5] SetInstantTime: type 0 time 0
<11:09:46> [6FF68EA5] SetInstantTime: type 1 time 1758904169
<11:09:46> [6FF68EA5] SetInstantTime: type 2 time 1758988591
<11:09:46> [6FF68EA5] SetInstantTime: type 3 time 0
<11:09:46> [6FF68EA5] SetInstantTime: type 4 time 0
<11:09:46> [6FF68EA5] SetInstantTime: type 5 time 0
<11:09:46> [6FF68EA5] SetInstantTime: type 6 time 0
<11:09:46> [6FF68EA5] SetInstantTime: type 7 time 1758983660
<11:09:46> [0E61BD35] ExpeditionMember 20 added
<11:09:46> [0E61BD35] ExpeditionMember 20 added
<11:09:46> [0E61BD35] ExpeditionMember 20 added
<11:09:46> [0E61BD35] ExpeditionMember 20 added
<11:09:46> [0E61BD35] ExpeditionMember 15 added
<11:09:46> [51CFCC4C] ExpeditionMember count matched. total 95
<11:09:46> [7AB931CE] seamless unloading cell object(W0, 0), (L0, 0)
<11:09:46> [4B1E8B22] unload cell object count : 1511
<11:09:46> [B866A294] seamless unloading cell terrain(W0, 0), (L0, 0)
<11:09:46> [963385F6] Level System - Loading Start
<11:09:46> [58F3F7FF][Warning] @1_3_0/scripts/globalui/loading/loading.lua:14: [Script Error] Wrong parameter type. Function .SetText(text) expect parameter 1 of type String (Provided type Null)
<11:09:47> [E0E0EDAE][Warning] failed to load zone time of day from game/worlds/main_world/zone/225//time_of_day.xml
<11:09:47> [AB17243B][Warning] failed to load zone environment from game/worlds/main_world/zone/309//env.xml
<11:09:47> [35D4413E][Warning] failed to load zone clouds from game/worlds/main_world/zone/309//clouds.xml
<11:09:47> [806B6F8D] precaching world entities ..
<11:09:47> [7E39E0DE] precaching world entities .. done!  total (1778) objects
<11:09:47> [D2B280D6] Vegetation Manager : Loading World(main_world)
<11:09:48> [075AB92F] Vegetation Manager : Loading World - Done (total 3055 vegetations)
<11:09:48> [000004EE][Error] CTerrain::LoadWorldSurfaces: Error loading material: materials/Terrain/gweonidforest/w_forest_road_a1
<11:09:48> [751FFB9E][Warning] Error: CShaderMan::mfCreateShaderResources: Couldn't find detail texture
'game/textures/aa_terrain/canyon/tr_canyon_rock_616a_ddn.tga' in path '' [File=game/textures/aa_terrain/canyon/tr_canyon_rock_616a_ddn.tga]
<11:09:48> [B9410AA1] total 600 terrain world surfaces loaded
<11:09:48> [280A47E3] Precached total 4 materials
<11:09:48> [7B1A973B] seamless loading cell terrain(W16, 8), (L4, 4)
<11:09:48> [7B1A973B] seamless loading cell terrain(W16, 9), (L4, 5)
<11:09:48> [7B1A973B] seamless loading cell terrain(W15, 8), (L3, 4)
<11:09:48> [7B1A973B] seamless loading cell terrain(W15, 9), (L3, 5)
<11:09:48> [7B1A973B] seamless loading cell terrain(W17, 8), (L5, 4)
<11:09:48> [7B1A973B] seamless loading cell terrain(W17, 9), (L5, 5)
<11:09:48> [7B1A973B] seamless loading cell terrain(W16, 7), (L4, 3)
<11:09:48> [7B1A973B] seamless loading cell terrain(W16, 10), (L4, 6)
<11:09:48> [7B1A973B] seamless loading cell terrain(W15, 7), (L3, 3)
<11:09:48> [7B1A973B] seamless loading cell terrain(W17, 7), (L5, 3)
<11:09:48> [7B1A973B] seamless loading cell terrain(W15, 10), (L3, 6)
<11:09:48> [7B1A973B] seamless loading cell terrain(W17, 10), (L5, 6)
<11:09:48> [7B1A973B] seamless loading cell terrain(W14, 8), (L2, 4)
<11:09:48> [7B1A973B] seamless loading cell terrain(W14, 9), (L2, 5)
<11:09:48> [7B1A973B] seamless loading cell terrain(W18, 8), (L6, 4)
<11:09:48> [7B1A973B] seamless loading cell terrain(W18, 9), (L6, 5)
<11:09:48> [7B1A973B] seamless loading cell terrain(W14, 7), (L2, 3)
<11:09:48> [7B1A973B] seamless loading cell terrain(W16, 6), (L4, 2)
<11:09:48> [7B1A973B] seamless loading cell terrain(W14, 10), (L2, 6)
<11:09:48> [7B1A973B] seamless loading cell terrain(W18, 7), (L6, 3)
<11:09:48> [7B1A973B] seamless loading cell terrain(W15, 6), (L3, 2)
<11:09:48> [7B1A973B] seamless loading cell terrain(W16, 11), (L4, 7)
<11:09:48> [7B1A973B] seamless loading cell terrain(W18, 10), (L6, 6)
<11:09:48> [7B1A973B] seamless loading cell terrain(W17, 6), (L5, 2)
<11:09:48> [7B1A973B] seamless loading cell terrain(W15, 11), (L3, 7)
<11:09:48> [7B1A973B] seamless loading cell terrain(W17, 11), (L5, 7)
<11:09:48> [7B1A973B] seamless loading cell terrain(W13, 8), (L1, 4)
<11:09:48> [7B1A973B] seamless loading cell terrain(W13, 9), (L1, 5)
<11:09:48> [7B1A973B] seamless loading cell terrain(W14, 6), (L2, 2)
<11:09:48> [7B1A973B] seamless loading cell terrain(W19, 8), (L7, 4)
<11:09:48> [7B1A973B] seamless loading cell terrain(W19, 9), (L7, 5)
<11:09:48> [7B1A973B] seamless loading cell terrain(W18, 6), (L6, 2)
<11:09:48> [7B1A973B] seamless loading cell terrain(W14, 11), (L2, 7)
<11:09:48> [7B1A973B] seamless loading cell terrain(W13, 7), (L1, 3)
<11:09:48> [7B1A973B] seamless loading cell terrain(W13, 10), (L1, 6)
<11:09:48> [7B1A973B] seamless loading cell terrain(W18, 11), (L6, 7)
<11:09:48> [7B1A973B] seamless loading cell terrain(W19, 7), (L7, 3)
<11:09:48> [7B1A973B] seamless loading cell terrain(W16, 5), (L4, 1)
<11:09:48> [7B1A973B] seamless loading cell terrain(W19, 10), (L7, 6)
<11:09:48> [7B1A973B] seamless loading cell terrain(W15, 5), (L3, 1)
<11:09:48> [7B1A973B] seamless loading cell terrain(W17, 5), (L5, 1)
<11:09:48> [7B1A973B] seamless loading cell terrain(W13, 6), (L1, 2)
<11:09:48> [7B1A973B] seamless loading cell terrain(W13, 11), (L1, 7)
<11:09:48> [7B1A973B] seamless loading cell terrain(W14, 5), (L2, 1)
<11:09:48> [7B1A973B] seamless loading cell terrain(W12, 8), (L0, 4)
<11:09:48> [7B1A973B] seamless loading cell terrain(W19, 6), (L7, 2)
<11:09:48> [7B1A973B] seamless loading cell terrain(W12, 9), (L0, 5)
<11:09:48> [7B1A973B] seamless loading cell terrain(W18, 5), (L6, 1)
<11:09:48> [3EF08C47] seamless loading cell object(W16, 8), (L4, 4)
<11:09:48> [000004EE][Warning] [CGF Error] game/objects/env/02_harihara/01_ma/ma_top05.cgf [:] non-uniform scale(0.70, 1.00, 0.70) at node(Box11)
<11:09:49> Loading Particle Library: X2_EFFECTS_P
<11:09:49> Loading Particle Library: x2_sounds
<11:09:49> [3EF08C47] seamless loading cell object(W16, 9), (L4, 5)
<11:09:49> [3EF08C47] seamless loading cell object(W15, 8), (L3, 4)
<11:09:49> [3EF08C47] seamless loading cell object(W15, 9), (L3, 5)
<11:09:49> [3EF08C47] seamless loading cell object(W17, 8), (L5, 4)
<11:09:50> [A5DDEC33][Warning] Warning: CShaderMan::mfForName: NULL name
<11:09:50> [CF2CE049][Warning] CMTSafeHeap::m_pBigPool is full. (6031863, MemoryBlock)
<11:09:50> [3EF08C47] seamless loading cell object(W17, 9), (L5, 5)
<11:09:50> [3EF08C47] seamless loading cell object(W16, 7), (L4, 3)
<11:09:50> [000004EE][Warning] [CGF Error] game/objects/env/01_nuia/001_housing/housing_people/hs_people_roof_a.cgf [:] Duplicate LOD helper $lod2 hs_people_roof_a
<11:09:50> [D175B420][Warning] Cannot load texture 2010_02_21_editor/cryengine2_3_2_editor_and_tool_20100324/cryengine2_3_2_editor_and_tool_2010_03_24/cryengine2_3_2_editor_and_tools/game/objects/max/hdeco_lighting/hdeco_lighting_a_ddn.dds, file missing [File=2010_02_21_editor/cryengine2_3_2_editor_and_tool_20100324/cryengine2_3_2_editor_and_tool_2010_03_24/cryengine2_3_2_editor_and_tools/game/objects/max/hdeco_lighting/hdeco_lighting_a_ddn.dds]
<11:09:50> [3EF08C47] seamless loading cell object(W16, 10), (L4, 6)
<11:09:50> [3EF08C47] seamless loading cell object(W15, 7), (L3, 3)
<11:09:50> [3EF08C47] seamless loading cell object(W17, 7), (L5, 3)
<11:09:50> [3EF08C47] seamless loading cell object(W15, 10), (L3, 6)
<11:09:50> [3EF08C47] seamless loading cell object(W17, 10), (L5, 6)
<11:09:51> [3EF08C47] seamless loading cell object(W14, 8), (L2, 4)
<11:09:51> [3EF08C47] seamless loading cell object(W14, 9), (L2, 5)
<11:09:51> [3EF08C47] seamless loading cell object(W18, 8), (L6, 4)
<11:09:51> [000004EE][Warning] [CGF Error] game/objects/env/02_harihara/001_hcom/hcom_cart_b.cgf [:] LOD1 of geometry hcom_cart_b contains too many polygons comparing to the LOD0 [770 against 1114] :
<11:09:51> [3EF08C47] seamless loading cell object(W18, 9), (L6, 5)
<11:09:51> [3EF08C47] seamless loading cell object(W14, 7), (L2, 3)
<11:09:51> [3EF08C47] seamless loading cell object(W16, 6), (L4, 2)
<11:09:51> [3EF08C47] seamless loading cell object(W14, 10), (L2, 6)
<11:09:51> [3EF08C47] seamless loading cell object(W18, 7), (L6, 3)
<11:09:52> [A4D70365][Warning] rigid-body own-entity; prefab=Prefabs/interaction.xml/toy.crane node=AnimObject_1
<11:09:52> [3EF08C47] seamless loading cell object(W15, 6), (L3, 2)
<11:09:52> [CE0EF930][Warning] failed to stream cgf : objects/env/05_nature/08_cry_source/rocks/road_rocks/road_rocks_flat_grey_a.cgf
<11:09:52> [12409CCC] Load Zone Finished
<11:09:52> [188BF914][Warning] [EntityLoader] invalid entity pos(1172.249, 2147.883, 0.000) name(AAC_Mahadevi_Ext_1)
<11:09:52> [82321C2B][Warning] [net 15:09:52.320] [time] remote time estimation restarted; estimate accumulator age was 5.558253
<11:09:52> [7F89A202][Warning] AI: Warning: AIPoint is not inside Navigation Modifier. pos(4445.1, 5007.6, 114.4)
<11:09:52> [5CE4EF2C][Warning] failed to load particle lib from (Libs/Particles/game/abillity_skill_table_m.xml)
<11:09:52> [000004EE][Warning] Particle effect not found: 'game/abillity_skill_table_m.wild.shock_form2', from unknown 
<11:09:52> [2BFDEC33][Error] realstep 11, not match unit req
<11:09:52> [A39C1725] Level System - Loading Complete
<11:09:52> [9BE3F673] total 0 CGF files are precached
<11:09:53> [27293DED] -----------------------------------------------------
<11:09:53> [120C18F5] * LOADING: 'e_sunrise_peninsula_2' loading time: 6.62 seconds
<11:09:53> [27293DED] -----------------------------------------------------
<11:09:53> [BCCDC555][Warning] MakeSprite - too many sprite update (10). dropping.. (sprites : 14)
<11:09:53> [5F2B49C4][Warning] cell get sector zone : invalid sector pos (-3, 8)
<11:09:53> [000004EE][Warning] Independent immortal particle effect spawned: X2_EFFECT_O.Interaction.enchant_wpn_range_honor_3g
<11:09:54> [62232BEA][Warning] deferred xml stream error - game/animations/animals/owl_postman/lmg_files/normal_run.lmg : f0000003
<11:09:54> [745BAE2F][Warning] failed to stream material xml(game/objects/characters/animals/owl_postman/aaa_picking.mtl)
<11:09:55> [DE20B351][Warning] Flow Graph Node targets unknown entity guid: 4b2fb81ffe6b0dc9
<11:09:55> [000004EE][Warning] invalid veg id for stream vegetation. (2967)
<11:09:55> [CA175C82][Warning] non-stream IO. system(Material), filePath(game/objects/env/01_nuia/001_housing/housing_farm/housing_farm_pumpkin_a.mtl)
<11:09:56> [22545D91][Warning] Cannot load texture game/objects/env/03_origin_continent/22_dew_plains/dummy_middletree_df.dds, file missing [File=game/objects/env/03_origin_continent/22_dew_plains/dummy_middletree_df.dds]
<11:09:58> [5F2B49C4][Warning] cell get sector zone : invalid sector pos (-3, 8)
<11:09:58> [000004EE][Warning] Particle effect not found: 'game/abillity_skill_table_m.wild.poison_shot_hit', from unknown 
<11:09:58> [637AF710][Warning] missing chr material : game/objects/characters/elf/female/parts/cp/obj/nu_f_1cp101.mtl (chr: game/objects/characters/elf/female/parts/cp/obj/el_f_1cp101.chr)
<11:09:58> [5CE4EF2C][Warning] failed to load particle lib from (Libs/Particles/game/ability_skill_table.xml)
<11:09:59> [CE0EF930][Warning] failed to stream cgf : default
<11:09:59> [000004EE][Warning] [CGF Error] game/objects/env/01_nuia/001_ndeco/making/ndeco_powerfulmaking.cga [:] LOD1 of geometry parts01 contains too many polygons comparing to the LOD0 [1592 against 1130] :
<11:09:59> [A4D70365][Warning] rigid-body own-entity; prefab=prefabs/interaction_b.xml/quest.ferre_flag node=AnimObject17
<11:10:00> [745BAE2F][Warning] failed to stream material xml(game/objects/env/01_nuia/001_housing/housing_farm/ncom_pumpkin_streetlamp.mtl)
<11:10:01> [09F46B9D]     cl_fov = 90 []
<11:10:01> [09F46B9D]     camera_max_dist = 180 []
<11:10:01> [09F46B9D]     name_tag_hp_width_on_bgmode = 80 []
<11:10:01> [09F46B9D]     name_tag_hp_height_on_bgmode = 30 []
<11:10:01> [000004EE][Warning] [Lua Error] Failed to load script file scriptsbin/x2ui/assignment/form.alb
<11:10:01> [A13C772D][Warning] Cannot load texture ui/font_color.g, Image file format is invalid [File=ui/font_color.g]
<11:10:01> [B5A61D8F] Chat Channel(0) Color is not found.
<11:10:01> [000004EE][Warning] [Lua Error] ...ts/x2ui/loginstage/character_create/locale/en_us.lua:524: attempt to index a nil value
<11:10:01> [58F3F7FF][Warning] <null>:0: [Lua Error] Failed to execute file @game/scriptsbin/x2ui/loginstage/character_create/locale/en_us.alb
<11:10:02> [000004EE][Warning] [Lua] invalid style type...  / brown
<11:10:02> [82321C2B][Warning] [net 15:10:02.608] [time] remote time estimation restarted; estimate accumulator age was 1.629335
<11:10:02> [BB790A81] origin change campos : -3295.93, 2611.306641
<11:10:02> [00000020]  
<11:10:02> [00000020]  
<11:10:02> [A581FA6D] -----------------------------------------------------------------------------
<11:10:02> [1DAA5677] SeamlessSystem::ChangeOrigin() : Here we go. Old(12,4) -> New(6,3)
<11:10:02> [A581FA6D] -----------------------------------------------------------------------------
<11:10:02> [00000020]  
<11:10:02> [00000020]  
<11:10:02> [B866A294] seamless unloading cell terrain(W19, 18), (L7, 6)
<11:10:02> [B866A294] seamless unloading cell terrain(W19, 17), (L7, 5)
<11:10:02> [B866A294] seamless unloading cell terrain(W19, 16), (L7, 4)
<11:10:02> [B866A294] seamless unloading cell terrain(W19, 15), (L7, 3)
<11:10:02> [B866A294] seamless unloading cell terrain(W19, 14), (L7, 2)
<11:10:02> [B866A294] seamless unloading cell terrain(W18, 19), (L6, 7)
<11:10:02> [B866A294] seamless unloading cell terrain(W18, 18), (L6, 6)
<11:10:02> [B866A294] seamless unloading cell terrain(W18, 17), (L6, 5)
<11:10:02> [7AB931CE] seamless unloading cell object(W18, 17), (L6, 5)
<11:10:02> [4B1E8B22] unload cell object count : 13500
<11:10:02> [B866A294] seamless unloading cell terrain(W18, 16), (L6, 4)
<11:10:02> [7AB931CE] seamless unloading cell object(W18, 16), (L6, 4)
<11:10:02> [4B1E8B22] unload cell object count : 12785
<11:10:02> [B866A294] seamless unloading cell terrain(W18, 15), (L6, 3)
<11:10:02> [7AB931CE] seamless unloading cell object(W18, 15), (L6, 3)
<11:10:02> [4B1E8B22] unload cell object count : 5383
<11:10:02> [B866A294] seamless unloading cell terrain(W18, 14), (L6, 2)
<11:10:02> [B866A294] seamless unloading cell terrain(W18, 13), (L6, 1)
<11:10:02> [B866A294] seamless unloading cell terrain(W17, 19), (L5, 7)
<11:10:02> [B866A294] seamless unloading cell terrain(W17, 18), (L5, 6)
<11:10:02> [7AB931CE] seamless unloading cell object(W17, 18), (L5, 6)
<11:10:02> [4B1E8B22] unload cell object count : 33
<11:10:02> [B866A294] seamless unloading cell terrain(W17, 17), (L5, 5)
<11:10:02> [7AB931CE] seamless unloading cell object(W17, 17), (L5, 5)
<11:10:02> [4B1E8B22] unload cell object count : 4090
<11:10:02> [B866A294] seamless unloading cell terrain(W17, 16), (L5, 4)
<11:10:02> [7AB931CE] seamless unloading cell object(W17, 16), (L5, 4)
<11:10:02> [4B1E8B22] unload cell object count : 3391
<11:10:02> [B866A294] seamless unloading cell terrain(W17, 15), (L5, 3)
<11:10:02> [7AB931CE] seamless unloading cell object(W17, 15), (L5, 3)
<11:10:02> [4B1E8B22] unload cell object count : 5749
<11:10:02> [B866A294] seamless unloading cell terrain(W17, 14), (L5, 2)
<11:10:02> [B866A294] seamless unloading cell terrain(W17, 13), (L5, 1)
<11:10:02> [B866A294] seamless unloading cell terrain(W16, 19), (L4, 7)
<11:10:02> [B866A294] seamless unloading cell terrain(W16, 18), (L4, 6)
<11:10:02> [7AB931CE] seamless unloading cell object(W16, 18), (L4, 6)
<11:10:02> [4B1E8B22] unload cell object count : 1407
<11:10:02> [B866A294] seamless unloading cell terrain(W16, 17), (L4, 5)
<11:10:02> [7AB931CE] seamless unloading cell object(W16, 17), (L4, 5)
<11:10:02> [4B1E8B22] unload cell object count : 677
<11:10:02> [B866A294] seamless unloading cell terrain(W16, 16), (L4, 4)
<11:10:02> [7AB931CE] seamless unloading cell object(W16, 16), (L4, 4)
<11:10:02> [4B1E8B22] unload cell object count : 2664
<11:10:02> [B866A294] seamless unloading cell terrain(W16, 15), (L4, 3)
<11:10:02> [7AB931CE] seamless unloading cell object(W16, 15), (L4, 3)
<11:10:02> [4B1E8B22] unload cell object count : 3457
<11:10:02> [B866A294] seamless unloading cell terrain(W16, 14), (L4, 2)
<11:10:02> [7AB931CE] seamless unloading cell object(W16, 14), (L4, 2)
<11:10:02> [4B1E8B22] unload cell object count : 0
<11:10:02> [B866A294] seamless unloading cell terrain(W16, 13), (L4, 1)
<11:10:02> [B866A294] seamless unloading cell terrain(W15, 19), (L3, 7)
<11:10:02> [B866A294] seamless unloading cell terrain(W15, 18), (L3, 6)
<11:10:02> [7AB931CE] seamless unloading cell object(W15, 18), (L3, 6)
<11:10:02> [4B1E8B22] unload cell object count : 0
<11:10:02> [B866A294] seamless unloading cell terrain(W15, 17), (L3, 5)
<11:10:02> [7AB931CE] seamless unloading cell object(W15, 17), (L3, 5)
<11:10:02> [4B1E8B22] unload cell object count : 5508
<11:10:02> [B866A294] seamless unloading cell terrain(W15, 16), (L3, 4)
<11:10:02> [7AB931CE] seamless unloading cell object(W15, 16), (L3, 4)
<11:10:02> [4B1E8B22] unload cell object count : 1533
<11:10:02> [B866A294] seamless unloading cell terrain(W15, 15), (L3, 3)
<11:10:02> [7AB931CE] seamless unloading cell object(W15, 15), (L3, 3)
<11:10:02> [4B1E8B22] unload cell object count : 12919
<11:10:02> [B866A294] seamless unloading cell terrain(W15, 14), (L3, 2)
<11:10:02> [7AB931CE] seamless unloading cell object(W15, 14), (L3, 2)
<11:10:02> [4B1E8B22] unload cell object count : 0
<11:10:02> [B866A294] seamless unloading cell terrain(W15, 13), (L3, 1)
<11:10:02> [B866A294] seamless unloading cell terrain(W14, 19), (L2, 7)
<11:10:02> [B866A294] seamless unloading cell terrain(W14, 18), (L2, 6)
<11:10:02> [7AB931CE] seamless unloading cell object(W14, 18), (L2, 6)
<11:10:02> [4B1E8B22] unload cell object count : 1914
<11:10:02> [B866A294] seamless unloading cell terrain(W14, 17), (L2, 5)
<11:10:02> [7AB931CE] seamless unloading cell object(W14, 17), (L2, 5)
<11:10:02> [4B1E8B22] unload cell object count : 295
<11:10:02> [B866A294] seamless unloading cell terrain(W14, 16), (L2, 4)
<11:10:02> [7AB931CE] seamless unloading cell object(W14, 16), (L2, 4)
<11:10:02> [4B1E8B22] unload cell object count : 788
<11:10:02> [B866A294] seamless unloading cell terrain(W14, 15), (L2, 3)
<11:10:02> [7AB931CE] seamless unloading cell object(W14, 15), (L2, 3)
<11:10:02> [4B1E8B22] unload cell object count : 181
<11:10:02> [B866A294] seamless unloading cell terrain(W14, 14), (L2, 2)
<11:10:02> [B866A294] seamless unloading cell terrain(W14, 13), (L2, 1)
<11:10:02> [B866A294] seamless unloading cell terrain(W13, 19), (L1, 7)
<11:10:02> [3623F74F] [Seamless] camera has been warped
<11:10:02> [9CAE9693] Starting In World Loading
<11:10:02> [7B1A973B] seamless loading cell terrain(W8, 6), (L2, 3)
<11:10:02> [7B1A973B] seamless loading cell terrain(W9, 6), (L3, 3)
<11:10:02> [7B1A973B] seamless loading cell terrain(W8, 7), (L2, 4)
<11:10:02> [7B1A973B] seamless loading cell terrain(W8, 5), (L2, 2)
<11:10:02> [7B1A973B] seamless loading cell terrain(W9, 7), (L3, 4)
<11:10:02> [7B1A973B] seamless loading cell terrain(W9, 5), (L3, 2)
<11:10:02> [7B1A973B] seamless loading cell terrain(W7, 6), (L1, 3)
<11:10:02> [7B1A973B] seamless loading cell terrain(W7, 7), (L1, 4)
<11:10:02> [7B1A973B] seamless loading cell terrain(W7, 5), (L1, 2)
<11:10:02> [7B1A973B] seamless loading cell terrain(W10, 6), (L4, 3)
<11:10:02> [7B1A973B] seamless loading cell terrain(W10, 7), (L4, 4)
<11:10:02> [7B1A973B] seamless loading cell terrain(W8, 8), (L2, 5)
<11:10:02> [7B1A973B] seamless loading cell terrain(W10, 5), (L4, 2)
<11:10:02> [7B1A973B] seamless loading cell terrain(W8, 4), (L2, 1)
<11:10:02> [7B1A973B] seamless loading cell terrain(W9, 8), (L3, 5)
<11:10:02> [7B1A973B] seamless loading cell terrain(W9, 4), (L3, 1)
<11:10:02> [7B1A973B] seamless loading cell terrain(W6, 6), (L0, 3)
<11:10:02> [7B1A973B] seamless loading cell terrain(W7, 8), (L1, 5)
<11:10:02> [7B1A973B] seamless loading cell terrain(W7, 4), (L1, 1)
<11:10:02> [7B1A973B] seamless loading cell terrain(W6, 7), (L0, 4)
<11:10:02> [7B1A973B] seamless loading cell terrain(W6, 5), (L0, 2)
<11:10:02> [7B1A973B] seamless loading cell terrain(W10, 8), (L4, 5)
<11:10:02> [7B1A973B] seamless loading cell terrain(W10, 4), (L4, 1)
<11:10:02> [7B1A973B] seamless loading cell terrain(W11, 6), (L5, 3)
<11:10:02> [7B1A973B] seamless loading cell terrain(W11, 7), (L5, 4)
<11:10:02> [7B1A973B] seamless loading cell terrain(W11, 5), (L5, 2)
<11:10:02> [7B1A973B] seamless loading cell terrain(W8, 9), (L2, 6)
<11:10:02> [7B1A973B] seamless loading cell terrain(W6, 8), (L0, 5)
<11:10:02> [7B1A973B] seamless loading cell terrain(W9, 9), (L3, 6)
<11:10:02> [7B1A973B] seamless loading cell terrain(W8, 3), (L2, 0)
<11:10:02> [7B1A973B] seamless loading cell terrain(W9, 3), (L3, 0)
<11:10:02> [7B1A973B] seamless loading cell terrain(W7, 9), (L1, 6)
<11:10:02> [7B1A973B] seamless loading cell terrain(W11, 8), (L5, 5)
<11:10:02> [7B1A973B] seamless loading cell terrain(W11, 4), (L5, 1)
<11:10:02> [7B1A973B] seamless loading cell terrain(W10, 9), (L4, 6)
<11:10:02> [7B1A973B] seamless loading cell terrain(W10, 3), (L4, 0)
<11:10:02> [7B1A973B] seamless loading cell terrain(W12, 6), (L6, 3)
<11:10:02> [7B1A973B] seamless loading cell terrain(W6, 9), (L0, 6)
<11:10:02> [7B1A973B] seamless loading cell terrain(W12, 7), (L6, 4)
<11:10:02> [7B1A973B] seamless loading cell terrain(W12, 5), (L6, 2)
<11:10:02> [7B1A973B] seamless loading cell terrain(W8, 10), (L2, 7)
<11:10:02> [7B1A973B] seamless loading cell terrain(W11, 9), (L5, 6)
<11:10:02> [7B1A973B] seamless loading cell terrain(W9, 10), (L3, 7)
<11:10:02> [B866A294] seamless unloading cell terrain(W13, 13), (L7, 7)
<11:10:02> [B866A294] seamless unloading cell terrain(W13, 12), (L7, 6)
<11:10:02> [B866A294] seamless unloading cell terrain(W13, 11), (L7, 5)
<11:10:02> [B866A294] seamless unloading cell terrain(W13, 10), (L7, 4)
<11:10:02> [B866A294] seamless unloading cell terrain(W12, 12), (L6, 6)
<11:10:02> [B866A294] seamless unloading cell terrain(W13, 9), (L7, 3)
<11:10:02> [B866A294] seamless unloading cell terrain(W12, 11), (L6, 5)
<11:10:02> [3EF08C47] seamless loading cell object(W8, 6), (L2, 3)
<11:10:02> [3EF08C47] seamless loading cell object(W9, 6), (L3, 3)
<11:10:02> [3EF08C47] seamless loading cell object(W8, 7), (L2, 4)
<11:10:02> [3EF08C47] seamless loading cell object(W8, 5), (L2, 2)
<11:10:02> [3EF08C47] seamless loading cell object(W9, 7), (L3, 4)
<11:10:02> [3EF08C47] seamless loading cell object(W9, 5), (L3, 2)
<11:10:02> [3EF08C47] seamless loading cell object(W7, 6), (L1, 3)
<11:10:02> [3EF08C47] seamless loading cell object(W7, 7), (L1, 4)
<11:10:02> [3EF08C47] seamless loading cell object(W7, 5), (L1, 2)
<11:10:02> [3EF08C47] seamless loading cell object(W10, 6), (L4, 3)
<11:10:02> [3EF08C47] seamless loading cell object(W10, 7), (L4, 4)
<11:10:02> [3EF08C47] seamless loading cell object(W8, 8), (L2, 5)
<11:10:02> [3EF08C47] seamless loading cell object(W10, 5), (L4, 2)
<11:10:02> [3EF08C47] seamless loading cell object(W8, 4), (L2, 1)
<11:10:02> [3EF08C47] seamless loading cell object(W9, 8), (L3, 5)
<11:10:02> [3EF08C47] seamless loading cell object(W9, 4), (L3, 1)
<11:10:02> [3EF08C47] seamless loading cell object(W7, 8), (L1, 5)
<11:10:02> [3EF08C47] seamless loading cell object(W7, 4), (L1, 1)
<11:10:03> [D8EA1A9D][Warning] Error: CShaderMan::mfCreateShaderResources: Couldn't find custom secondary texture 'game/objects/env/03_origin_continent/90_the_garden/garden_power_pillar_ddn.dds' in path '' [File=game/objects/env/03_origin_continent/90_the_garden/garden_power_pillar_ddn.dds]
<11:10:03> [0AD0E100][Warning] Error: CShaderMan::mfCreateShaderResources: Couldn't find subsurface texture 'game/objects/env/03_origin_continent/90_the_garden/garden_power_pillar_d_df.dds' in path '' [File=game/objects/env/03_origin_continent/90_the_garden/garden_power_pillar_d_df.dds]
<11:10:03> [A34D52C1][Warning] Cannot load texture game/objects/env/06_unit/06_glider/glider_lotusleaf001/glider_lotusleaf001_ddn.dds, file missing [File=game/objects/env/06_unit/06_glider/glider_lotusleaf001/glider_lotusleaf001_ddn.dds]
<11:10:03> [5F2B49C4][Warning] cell get sector zone : invalid sector pos (-3, 8)
<11:10:03> [05FB5682][Warning] Not a normal map texture tried to be used as a normal map: game/objects/env/99_aac/01_world/comet/warm/aa_meteor_warm_fx.dds [File=game/objects/env/99_aac/01_world/comet/warm/aa_meteor_warm_fx.dds]
<11:10:03> [586BCE46][Warning] Non 3dc normal map used (wrong on DX10): game/objects/env/99_aac/01_world/comet/warm/aa_meteor_warm_ddn.dds [File=game/objects/env/99_aac/01_world/comet/warm/aa_meteor_warm_ddn.dds]
<11:10:03> [000004EE][Warning] [CGF Error] game/objects/env/01_nuia/001_ncom/ncom_woodfish.cgf [:] non-uniform scale(1.00, 1.00, 0.90) at node(proxy)
<11:10:03> [BB790A81] origin change campos : 2848.07, 3635.306641
<11:10:03> [00000020]  
<11:10:03> [00000020]  
<11:10:03> [A581FA6D] -----------------------------------------------------------------------------
<11:10:03> [1DAA5677] SeamlessSystem::ChangeOrigin() : Here we go. Old(6,3) -> New(5,3)
<11:10:03> [A581FA6D] -----------------------------------------------------------------------------
<11:10:03> [00000020]  
<11:10:03> [00000020]  
<11:10:03> [DE20B351][Warning] Flow Graph Node targets unknown entity guid: 45ee3518f8ea5d5f
<11:10:04> [7B1A973B] seamless loading cell terrain(W5, 6), (L0, 3)
<11:10:04> [3EF08C47] seamless loading cell object(W6, 6), (L1, 3)
<11:10:04> [7B1A973B] seamless loading cell terrain(W5, 7), (L0, 4)
<11:10:04> [3EF08C47] seamless loading cell object(W6, 7), (L1, 4)
<11:10:04> [7B1A973B] seamless loading cell terrain(W5, 5), (L0, 2)
<11:10:04> [3EF08C47] seamless loading cell object(W6, 5), (L1, 2)
<11:10:04> [7B1A973B] seamless loading cell terrain(W5, 8), (L0, 5)
<11:10:04> [CE0EF930][Warning] failed to stream cgf : game/objects/env/01_nuia/19_fairy/fairy_tree_ivy_b.cgf
<11:10:04> [188BF914][Warning] [EntityLoader] invalid entity pos(0.298, -2.719, 0.001) name(B_gear_light)
<11:10:05> [B42C333F] In World Loading Finished
<11:10:05> [BCCDC555][Warning] MakeSprite - too many sprite update (10). dropping.. (sprites : 59)
<11:10:05> [CA175C82][Warning] non-stream IO. system(Material), filePath(game/objects/characters/dwarf/female/hair/dw_f_hair005/dw_f_hair005.mtl)
<11:10:05> [000004EE][Warning] Independent immortal particle effect spawned: X2_EFFECT_O.Interaction.enchant_wpn_range_honor_3g
<11:10:05> [745BAE2F][Warning] failed to stream material xml(game/objects/characters/nuian/male/parts/hm/obj/nu_m_hm_cloth999.mtl)
<11:10:06> [637AF710][Warning] missing chr material : game/objects/characters/nuian/male/parts/bo/obj/nu_m_bo_cloth140.mtl (chr: game/objects/characters/nuian/male/parts/bo/obj/nu_m_1bo201.chr)
<11:10:06> [13A1FD5A][Warning] AWD vehicle has different tire size. model type(1661)
<11:10:06> [000004EE][Warning] [CGF Error] game/objects/env/06_unit/06_glider/glider_wing_crystal/glider_wing_crystal_back.cgf [:] LOD1 of geometry  contains too many polygons comparing to the LOD0 [2720 against 4064] :
<11:10:07> [A13C772D][Warning] Cannot load texture ui/font_color.g, Image file format is invalid [File=ui/font_color.g]
<11:10:11> [13A1FD5A][Warning] AWD vehicle has different tire size. model type(1661)
<11:10:11> [B95EE41B][Error] invalid parent unit id(98252)
<11:10:16> [DE20B351][Warning] Flow Graph Node targets unknown entity guid: 45671b71c0b06ecd
<11:10:19> [F9376E0D][Warning] [flow] FG-0x6E04C72C-Entity 'AnimObject_19' was destroyed with pending updates/activations. Report follows...
<11:10:19> [A8F1529E][Warning] [flow] Pending nodes:
<11:10:20> [745BAE2F][Warning] failed to stream material xml(game/objects/env/01_nuia/001_ndeco/housing/ncom_zareba.mtl)
<11:10:21> [3EF08C47] seamless loading cell object(W10, 8), (L5, 5)
<11:10:22> [DE20B351][Warning] Flow Graph Node targets unknown entity guid: 45671b71c0b06ecd
<11:10:27> [745BAE2F][Warning] failed to stream material xml(game/objects/characters/elf/female/parts/bo/obj/el_f_bo_cloth030.mtl)
<11:10:27> [637AF710][Warning] missing chr material : game/objects/characters/elf/female/parts/bo/obj/el_f_bo_cloth030.mtl (chr: game/objects/characters/elf/female/parts/bo/obj/el_f_1bo701.chr)
<11:10:27> [62232BEA][Warning] deferred xml stream error - game/animations/animals/goose/lmg_files/normal_run.lmg : f0000003
<11:10:28> [7B1A973B] seamless loading cell terrain(W7, 10), (L2, 7)
<11:10:28> [F9376E0D][Warning] [flow] FG-0x6A5D244C-Entity 'AnimObject_19' was destroyed with pending updates/activations. Report follows...
<11:10:28> [A8F1529E][Warning] [flow] Pending nodes:
<11:10:31> [CE0EF930][Warning] failed to stream cgf : default
<11:10:32> [A4D70365][Warning] rigid-body own-entity; prefab=prefabs/interaction_c.xml/backpack.backpackfish_a_l node=AnimObject_103
<11:10:34> [F9376E0D][Warning] [flow] FG-0x7D721964-Entity 'AnimObject_19' was destroyed with pending updates/activations. Report follows...
<11:10:34> [A8F1529E][Warning] [flow] Pending nodes:
<11:10:34> [745BAE2F][Warning] failed to stream material xml(game/objects/env/01_nuia/001_ndeco/quest/ndeco_quest_pebble_a.cgf/ndeco_quest_pebble_a.mtl)
<11:10:34> [000004EE][Warning] Particle effect not found: 'game/abillity_skill_table_m.illusion.fear_form', from unknown 
<11:10:34> [637AF710][Warning] missing chr material : game/objects/characters/dwarf/female/parts/gv/obj/dw_f_gv_cloth036.mtl (chr: game/objects/characters/dwarf/female/parts/gv/obj/dw_f_1gv102.chr)
<11:10:36> [E126B923][Warning] Cannot load texture game/objects/env/01_nuia/001_housing/housing_furniture/hs_f_drums_ddn, file missing [File=game/objects/env/01_nuia/001_housing/housing_furniture/hs_f_drums_ddn]
<11:10:37> [A4D70365][Warning] rigid-body own-entity; prefab=prefabs/interaction_c.xml/house.door_anp node=AnimObject_1
<11:10:40> [CE0EF930][Warning] failed to stream cgf : default
<11:10:44> [3EF08C47] seamless loading cell object(W8, 9), (L3, 6)
<11:10:44> [B866A294] seamless unloading cell terrain(W12, 7), (L7, 2)
<11:10:46> [000004EE][Warning] [CGF Error] game/objects/env/01_nuia/001_ndeco/making/ndeco_powerfulmaking.cga [:] LOD1 of geometry parts01 contains too many polygons comparing to the LOD0 [1592 against 1130] :
<11:10:46> [7B1A973B] seamless loading cell terrain(W5, 9), (L0, 6)
<11:10:47> [3EF08C47] seamless loading cell object(W6, 8), (L1, 5)
<11:10:53> [7B1A973B] seamless loading cell terrain(W10, 10), (L5, 7)
<11:10:53> [A4D70365][Warning] rigid-body own-entity; prefab=prefabs/fishboat.xml/fishboat.fishboat_wheel node=webbed_feet
<11:10:53> [745BAE2F][Warning] failed to stream material xml(game/objects/env/01_nuia/001_ncom/01 - Default.mtl)
<11:10:53> [DD6CD685][Warning] grand child physical proxy is not supported. grandpa(30-Day Longliner), dad(prefab_doodad_model_234122_prefab://prefabs/fishboat.xml/fishboat.fishboat_wheel), child(webbed_feet)
<11:10:54> [7AB931CE] seamless unloading cell object(W7, 6), (L2, 1)
<11:10:54> [7B1A973B] seamless loading cell terrain(W6, 10), (L1, 7)
<11:10:55> [7AB931CE] seamless unloading cell object(W9, 6), (L4, 1)
<11:11:00> [B95EE41B][Error] invalid parent unit id(98252)
<11:11:02> [745BAE2F][Warning] failed to stream material xml(game/objects/characters/hariharan/female/hair/ha_f_hair_common/nu_f_hair_common0101s_type4.mtl)
<11:11:02> [637AF710][Warning] missing chr material : game/objects/characters/hariharan/female/hair/ha_f_hair_common/nu_f_hair_common0101s_type4.mtl (chr: game/objects/characters/hariharan/female/hair/ha_f_hair_common/ha_f_hair_common0101s_type3.chr)
<11:11:02> [CA175C82][Warning] non-stream IO. system(Material), filePath(game/objects/characters/hariharan/female/hair/ha_f_hair039/ha_f_hair039.mtl)
<11:11:02> [3EF08C47] seamless loading cell object(W7, 9), (L2, 6)
<11:11:03> [000004EE][Warning] [CGF Error] game/objects/env/01_nuia/001_housing/housing_people/hs_people_roof_a.cgf [:] Duplicate LOD helper $lod2 hs_people_roof_a
<11:11:03> [BCCDC555][Warning] MakeSprite - too many sprite update (10). dropping.. (sprites : 54)
<11:11:03> [A5DDEC33][Warning] Warning: CShaderMan::mfForName: NULL name
<11:11:03> [4BF1C05C][Warning] Cannot load texture game/objects/env/01_nuia/001_housing/housing_house/housing_house_equipment_glow.dds, file missing [File=game/objects/env/01_nuia/001_housing/housing_house/housing_house_equipment_glow.dds]
<11:11:03> [BF0124EC][Warning] Error: CShaderMan::mfCreateShaderResources: Couldn't find decal texture 'game/objects/Env/01_nuia/001_housing/housing_house/housing_house_equipment_glow.dds' in path '' [File=game/objects/Env/01_nuia/001_housing/housing_house/housing_house_equipment_glow.dds]
<11:11:03> [000004EE][Warning] [CGF Error] game/objects/env/01_nuia/001_housing/housing_guild/nuia_h_guild_door_b_front.cga [:] non-uniform scale(1.00, 1.39, 1.00) at node(nuia_h_guild_door_b01_front)
<11:11:04> [A4D70365][Warning] rigid-body own-entity; prefab=prefabs/interaction_c.xml/house.door_a node=AnimObject_1
<11:11:05> [CE0EF930][Warning] failed to stream cgf : default
<11:11:08> [B866A294] seamless unloading cell terrain(W10, 5), (L5, 0)
<11:11:23> [BCCDC555][Warning] MakeSprite - too many sprite update (10). dropping.. (sprites : 131)
<11:11:42> [CA175C82][Warning] non-stream IO. system(Material), filePath(game/objects/characters/hariharan/female/hair/ha_f_hair039/ha_f_hair039.mtl)
<11:12:18> [82321C2B][Warning] [net 15:12:18.344] recv exception: internal 32770 wsa 258
<11:12:18> [BC4E4E7A] stream: disconnected (reason=1)
<11:12:52> [3EF08C47] seamless loading cell object(W9, 9), (L4, 6)
<11:13:44> [05D024BA] System:Quit
