[801989E0] BackupNameAttachment=" Build(0) Date(13 September 2025) Time(12 27 18)"  -- used by backup system
[00000020]  
[38F38F32] Log Started at #c
[0232BD25] Running 32 bit version
[7AB6F5FE] Executable: C:\Games\AAClassic\bin32\archeage.exe
[E5C771AC] FileVersion: 3.5.0.0
[F799D55F] ProductVersion: 3.5.3.0
[1F1D6B13] Using Microsoft (tm) C++ Standard Library implementation
[00000020]  
[C7D96C80] Revision: 350000
[00000020]  
[64533E3E] this is the first client
<12:27:25> [B9197FD5][Error] ConsoleVariableGroup[option_effect] key[e_particles_lod_onoff] has no default
<12:27:25> [76666E6D] 
--- CPU detection ---
<12:27:25> [F4D992D8] CPU: AMD AMD Ryzen 7 7800X3D 8-Core Processor           
<12:27:25> [3F649B02] Family: 15, Model: 1, Stepping: 2
<12:27:25> [83D12E0B] FPU: On-Chip
<12:27:25> [50919DA0] CPU Speed (estimated): 4191.995302 MHz
<12:27:25> [C73FD83A] MMX: not present
<12:27:25> [89D1077A] SSE: present
<12:27:25> [64E2B6F1] 3DNow!: present
<12:27:25> [27B7AC6E] Serial number not present or disabled
<12:27:25> [1D2D8E5B] Number of logical processors: 16
<12:27:25> [FA658084] Number of available logical processors: 16
<12:27:25> [A1F061C2] Invariant Time Stamp Counter : yes
<12:27:25> [FA0251ED] ---------------------

<12:27:25> [03E7D838] Device Info
<12:27:25> [9F603516] Device Info - 1
<12:27:25> [9F603517] Device Info - 2
<12:27:25> [9F603518] Device Info - 3
<12:27:25> [9F603519] Device Info - 4
<12:27:25> [9F60351A] Device Info - 5
<12:27:25> [9F60351B] Device Info - 6
<12:27:25> [9F60351C] Device Info - 7
<12:27:25> [E98ECC28] Video Memory Info
<12:27:25> [D5FBE664] Video Memory - 1
<12:27:25> [D5FBE665] Video Memory - 2
<12:27:25> [D5FBE666] Video Memory - 3
<12:27:25> [D5FBE667] Video Memory - 4
<12:27:25> [D5FBE668] Video Memory - 5
<12:27:25> [D5FBE669] Video Memory - 6
<12:27:25> [D5FBE66A] Video Memory - 7
<12:27:25> [D5FBE66B] Video Memory - 8
<12:27:25> [3A4D54A2][Warning] config/gpu/amd.txt line 55 contains a multiple defined GPU rating!
<12:27:25> [D20872C0] InitThreadAffinities
<12:27:25> [2F28A434] UpdateMainThreadAffinity
<12:27:25> [16962512] Windows 8 64 bit (build 6.2.9200)
<12:27:25> [38DFF081] System language: English
<12:27:25> [861A0178] Windows Directory: "C:\windows"
<12:27:25> [341B54F1] Prerequisites...
<12:27:25> [5D1B3C9C] * Installation of KB940105 hotfix required: no! (either not needed or already installed)
<12:27:25> [A83F5F09] Local time is 12:27:25 09/13/25, system running for 172 minutes
<12:27:25> [18EA308C] 63426MB physical memory installed, 23856MB available, 4095MB virtual memory installed, 62 percent of memory in use
<12:27:25> [31259232] PageFile usage: 
<12:27:25> [453F0D1B] Current display mode is 2560x1440x32
<12:27:25> [8A64FCCC] IBM enhanced (101/102-key) keyboard and 3+ button mouse installed
<12:27:25> [CE30556B] ----- GPU Detection -----------------
<12:27:25> [03E7D838] Device Info
<12:27:25> [9F603516] Device Info - 1
<12:27:25> [9F603517] Device Info - 2
<12:27:25> [9F603518] Device Info - 3
<12:27:25> [9F603519] Device Info - 4
<12:27:25> [9F60351A] Device Info - 5
<12:27:25> [9F60351B] Device Info - 6
<12:27:25> [9F60351C] Device Info - 7
<12:27:25> [E98ECC28] Video Memory Info
<12:27:25> [D5FBE664] Video Memory - 1
<12:27:25> [D5FBE665] Video Memory - 2
<12:27:25> [D5FBE666] Video Memory - 3
<12:27:25> [D5FBE667] Video Memory - 4
<12:27:25> [D5FBE668] Video Memory - 5
<12:27:25> [D5FBE669] Video Memory - 6
<12:27:25> [D5FBE66A] Video Memory - 7
<12:27:25> [D5FBE66B] Video Memory - 8
<12:27:25> [99EA404A]  AMD Radeon RX 7800 XT (RADV NAVI32) (vendor = 0x1002, device = 0x747e, subSys = 0x00000000)
<12:27:25> [77718B6A] -- Video memory: 4081 MB
<12:27:25> [30DF1863] -- Minimum SM 2.0 support: yes
<12:27:25> [13E11956] -- DX11 supported: yes
<12:27:25> [50B60100] --------------------------------------------------------------------------------
<12:27:25> [5921EDBE] Stream Engine Initialization
<12:27:25> [BA0D559B] Splash: Initializing Stream Engine...
<12:27:25> [939F6EBB] Enable Resolutions : 0
<12:27:25> [A30A84B6] can't enum display resolution modes
<12:27:25> [B324CD25] Screen Resolution - 1024x768
<12:27:25> [3778EA0B] Screen Resolution - 1 (1024x768)
<12:27:25> [A1B107F0] Screen Resolution - Test OK (1024x768)
<12:27:25> [03E7D838] Device Info
<12:27:25> [9F603516] Device Info - 1
<12:27:25> [9F603517] Device Info - 2
<12:27:25> [9F603518] Device Info - 3
<12:27:25> [9F603519] Device Info - 4
<12:27:25> [9F60351A] Device Info - 5
<12:27:25> [9F60351B] Device Info - 6
<12:27:25> [9F60351C] Device Info - 7
<12:27:25> [E98ECC28] Video Memory Info
<12:27:25> [D5FBE664] Video Memory - 1
<12:27:25> [D5FBE665] Video Memory - 2
<12:27:26> [D5FBE666] Video Memory - 3
<12:27:26> [D5FBE667] Video Memory - 4
<12:27:26> [D5FBE668] Video Memory - 5
<12:27:26> [D5FBE669] Video Memory - 6
<12:27:26> [D5FBE66A] Video Memory - 7
<12:27:26> [D5FBE66B] Video Memory - 8
<12:27:26> [C4FADF53] Auto Detecting DX11 : support(yes), memory(4081MB)
<12:27:26> [A9E4B0F2] Network initialization
<12:27:26> [BA0D559B] Splash: Initializing Network System...
<12:27:26> [14FAD233] Socket I/O by iocp
<12:27:26> [E36A4FB9] Physics initialization
<12:27:26> [BA0D559B] Splash: Initializing Physics...
<12:27:26> [2462D581] MovieSystem initialization
<12:27:26> [BA0D559B] Splash: Initializing Movie System...
<12:27:26> [93287AEC] Renderer initialization - Start
<12:27:26> [BA0D559B] Splash: Initializing Renderer...
<12:27:26> [91207680] Renderer initialization - Open
<12:27:26> [4377E7CB] Renderer initialization - DLL Load(CryRenderD3D10.dll)
<12:27:26> [71203A94] Renderer initialization - DLL Done
<12:27:26> [71227C22] Renderer initialization - DLL Init
<12:27:26> [C653D9CB] Renderer initialization - Instance
<12:27:26> [F4516946] D3D Adapter: Description: AMD Radeon RX 7800 XT (RADV NAVI32)
<12:27:26> [A39C3A75] D3D Adapter: Driver version (UMD): 32.00.65535.65535
<12:27:26> [BC8C1ACB] D3D Adapter: VendorId = 0x1002
<12:27:26> [B6A10CFD] D3D Adapter: DeviceId = 0x747E
<12:27:26> [0678E702] D3D Adapter: SubSysId = 0x00000000
<12:27:26> [F2243F02] D3D Adapter: Revision = 0
<12:27:26> [A18DEBFF] Attempting to open TXAA context...
<12:27:26> [763FCAEF] TXAA startup failed -- status (1)
<12:27:26> [E571CFEE] Shader manager initialization
<12:27:28> [05BAAEF6] CResFile allocations incurred by user cache preload: (17814.05k)
<12:27:28> [911B73B8] Renderer initialization - Done
<12:27:28> [8E444EA9] Console initialization
<12:27:28> [2904A233] Time initialization
<12:27:28> [3650CFD6] Input initialization
<12:27:28> [BA0D559B] Splash: Initializing Input System...
<12:27:28> Initializing Keyboard
<12:27:28> [99640BF1] Sound initialization
<12:27:28> [BA0D559B] Splash: Initializing Sound System...
<12:27:28> [2C33885C] Sound - Initializing AudioDevice now!
<12:27:28> [E46760A9] <Sound> Initialize FMOD with dynamic memory callbacks
<12:27:29> [D6755BFD] <Sound> Starting to initialize Windows Audio Session API output! 
<12:27:29> [F7E8E3CD] <Sound> Drivers found: 5
<12:27:29> [5076AD4B] <Sound> Available drivers:
	1.	PulseAudio Output (PulseAudio Output)
	2.	Blue Microphones Analog Stereo (Blue Microphones Analog Stereo)
	3.	Wireless Controller (Wireless Controller)
	4.	Navi 31 HDMI/DP Audio Digital Stereo (HDMI) (Navi 31 HDMI/DP Audio Digital Stereo (HDMI))
	5.	Family 17h/19h/1ah HD Audio Controller Analog Stereo (Family 17h/19h/1ah HD Audio Controller Analog Stereo)
<12:27:29> [A0BBF7E1] <Sound> FmodEx-AudioDevice: Now running on driver: PulseAudio Output (PulseAudio Output)
<12:27:29> [14D8EFE1] <Sound> Using speaker mode: FMOD_SPEAKERMODE_STEREO
<12:27:29> [E79C27E5] <Sound> Initializing FMOD-EX now!
<12:27:29> [E2A9FE08] <Sound> Available record drivers: 0 PulseAudio Input (PulseAudio Input) !
<12:27:29> [E2A9FE08] <Sound> Available record drivers: 1 Family 17h/19h/1ah HD Audio Controller Analog Stereo (Family 17h/19h/1ah HD Audio Controller Analog Stereo) !
<12:27:29> [E2A9FE08] <Sound> Available record drivers: 2 Wireless Controller (Wireless Controller) !
<12:27:29> [E2A9FE08] <Sound> Available record drivers: 3 Blue Microphones Analog Stereo (Blue Microphones Analog Stereo) !
<12:27:29> [E2A9FE08] <Sound> Available record drivers: 4 Monitor of Family 17h/19h/1ah HD Audio Controller (Monitor of Family 17h/19h/1ah HD Audio Controller) !
<12:27:29> [E2A9FE08] <Sound> Available record drivers: 5 Monitor of Blue Microphones Analog Stereo (Monitor of Blue Microphones Analog Stereo) !
<12:27:29> [E2A9FE08] <Sound> Available record drivers: 6 Wireless Controller (Wireless Controller) !
<12:27:29> [E2A9FE08] <Sound> Available record drivers: 7 Monitor of Navi 31 HDMI/DP Audio Digital Stereo (HDMI) (Monitor of Navi 31 HDMI/DP Audio Digital Stereo (HDMI)) !
<12:27:29> [6841BE38] <Sound> Record config is set to autodetect using record driver 0
<12:27:29> [7808B4C4] <Sound> Using FMOD version: 00044414 and internal 00044414!
<12:27:29> [2A2815C7] <Sound> Initialized FMOD-EX
<12:27:29> [BE4EF52E] Sound - Initializing SoundSystem now!
<12:27:29> [0D547471] Font initialization
<12:27:29> [BA0D559B] Splash: Initializing Fonts...
<12:27:29> [C194F7C8][Warning] Cannot load texture textures/defaults/replacemecm.tif, file missing [File=textures/defaults/replacemecm.dds]
<12:27:29> [84206398] AI initialization
<12:27:29> [1BC221DE] Initializing Animation System
<12:27:29> [BA0D559B] Splash: Initializing Animation System...
<12:27:29> [9E592EFE] Initializing 3D Engine
<12:27:29> [BA0D559B] Splash: Initializing 3D Engine...
<12:27:30> [637AF710][Warning] missing chr material : game/objects/characters/ferre/female/nude/Standard_22.mtl (chr: game/objects/characters/ferre/female/nude/fe_f_base.chr)
<12:27:30> [91F5AEEC][Warning] number of bones mismatch! game/objects/characters/ferre/female/nude/fe_f_base.chr=195 game/objects/characters/ferre/female/nude/fe_f_base_lod1.chr=185
<12:27:31> [7415A452] CHR PreCaching 25 Done
<12:27:31> [E7AD4E53] AddSharedMorphTargets - Failed to load objects/characters/dwarf/male/face/dw_m_face00.chr
<12:27:31> [61AD1790] MorphTargetPreCaching - objects/characters/dwarf/male/face/dw_m_face00.chr Add Failed
<12:27:31> [A4A6E4C6] MorphTarget PreCaching 11 Done
<12:27:31> [5ACB40E2] Init Face Makers
<12:27:31> [56B5985B] X2FaceMaker - game/objects/characters/nuian/male/face/nu_m_face01_mid.chr : mouth_UnderbiteOverbite target not exist
<12:27:31> [56B5985B] X2FaceMaker - game/objects/characters/nuian/male/face/nu_m_face01_mid.chr : mouth_UnderbiteOverbite target not exist
<12:27:31> [56B5985B] X2FaceMaker - game/objects/characters/nuian/male/face/nu_m_face01_mid.chr : mouth_UnderbiteOverbite target not exist
<12:27:31> [4ABB03EB] game/objects/characters/ferre/female/face/fe_f_face01_low.chr(303) - objects/characters/ferre/female/face/fe_f_face00.chr(3063) SharedMorph is not matched
<12:27:31> [56B5985B] X2FaceMaker - game/objects/characters/nuian/male/face/nu_m_face01_mid.chr : mouth_UnderbiteOverbite target not exist
<12:27:31> [56B5985B] X2FaceMaker - game/objects/characters/nuian/male/face/nu_m_face01_mid.chr : nose_dw_SeptumVol target not exist
<12:27:31> [56B5985B] X2FaceMaker - game/objects/characters/nuian/male/face/nu_m_face01_mid.chr : nose_dw_NasalZposition target not exist
<12:27:31> [56B5985B] X2FaceMaker - game/objects/characters/nuian/male/face/nu_m_face01_mid.chr : FS_dwEarSize target not exist
<12:27:31> [56B5985B] X2FaceMaker - game/objects/characters/nuian/male/face/nu_m_face01_mid.chr : dwarf_Morph target not exist
<12:27:31> [56B5985B] X2FaceMaker - game/objects/characters/nuian/male/face/nu_m_face01_mid.chr : FS_dw_CheekMeat_min target not exist
<12:27:31> [1191A6A8] X2FaceMaker - game/objects/characters/nuian/male/face/nu_m_face01_mid.chr : FS_dw_CheekMeat_max ex target not exist
<12:27:31> [56B5985B] X2FaceMaker - game/objects/characters/warborn/male/face/wa_m_face01_mid.chr : eye_Forehead target not exist
<12:27:31> [56B5985B] X2FaceMaker - game/objects/characters/warborn/male/face/wa_m_face01_mid.chr : eye_Tail_min target not exist
<12:27:31> [1191A6A8] X2FaceMaker - game/objects/characters/warborn/male/face/wa_m_face01_mid.chr : eye_Tail_max ex target not exist
<12:27:31> [56B5985B] X2FaceMaker - game/objects/characters/warborn/male/face/wa_m_face01_mid.chr : eye_WidthLength_min target not exist
<12:27:31> [1191A6A8] X2FaceMaker - game/objects/characters/warborn/male/face/wa_m_face01_mid.chr : eye_WidthLength_max ex target not exist
<12:27:31> [56B5985B] X2FaceMaker - game/objects/characters/warborn/male/face/wa_m_face01_mid.chr : eye_DoubleEyelidShape target not exist
<12:27:31> [56B5985B] X2FaceMaker - game/objects/characters/warborn/male/face/wa_m_face01_mid.chr : eye_BrowXposition target not exist
<12:27:31> [56B5985B] X2FaceMaker - game/objects/characters/warborn/male/face/wa_m_face01_mid.chr : eye_BrowZposition target not exist
<12:27:31> [56B5985B] X2FaceMaker - game/objects/characters/warborn/male/face/wa_m_face01_mid.chr : nose_Nostril target not exist
<12:27:31> [56B5985B] X2FaceMaker - game/objects/characters/warborn/male/face/wa_m_face01_mid.chr : nose_Size target not exist
<12:27:31> [56B5985B] X2FaceMaker - game/objects/characters/warborn/male/face/wa_m_face01_mid.chr : nose_SeptumZposition target not exist
<12:27:31> [56B5985B] X2FaceMaker - game/objects/characters/warborn/male/face/wa_m_face01_mid.chr : nose_End target not exist
<12:27:31> [56B5985B] X2FaceMaker - game/objects/characters/warborn/male/face/wa_m_face01_mid.chr : nose_Size target not exist
<12:27:31> [56B5985B] X2FaceMaker - game/objects/characters/warborn/male/face/wa_m_face01_mid.chr : mouth_UpperLipVolume target not exist
<12:27:31> [56B5985B] X2FaceMaker - game/objects/characters/warborn/male/face/wa_m_face01_mid.chr : mouth_LowerLipVolume target not exist
<12:27:31> [56B5985B] X2FaceMaker - game/objects/characters/warborn/male/face/wa_m_face01_mid.chr : mouth_UpperLipOpen target not exist
<12:27:31> [56B5985B] X2FaceMaker - game/objects/characters/warborn/male/face/wa_m_face01_mid.chr : mouth_LowerLipOpen target not exist
<12:27:31> [56B5985B] X2FaceMaker - game/objects/characters/warborn/male/face/wa_m_face01_mid.chr : mouth_MouthOpen target not exist
<12:27:31> [56B5985B] X2FaceMaker - game/objects/characters/warborn/male/face/wa_m_face01_mid.chr : mouth_Size target not exist
<12:27:31> [56B5985B] X2FaceMaker - game/objects/characters/warborn/male/face/wa_m_face01_mid.chr : mouth_Shape_min target not exist
<12:27:31> [1191A6A8] X2FaceMaker - game/objects/characters/warborn/male/face/wa_m_face01_mid.chr : mouth_Shape_max ex target not exist
<12:27:31> [56B5985B] X2FaceMaker - game/objects/characters/warborn/male/face/wa_m_face01_mid.chr : mouth_TeethZposition target not exist
<12:27:31> [56B5985B] X2FaceMaker - game/objects/characters/warborn/male/face/wa_m_face01_mid.chr : FS_JawHigh_min target not exist
<12:27:31> [1191A6A8] X2FaceMaker - game/objects/characters/warborn/male/face/wa_m_face01_mid.chr : FS_JawHigh_max ex target not exist
<12:27:31> [56B5985B] X2FaceMaker - game/objects/characters/warborn/male/face/wa_m_face01_mid.chr : FS_EarRotate_min target not exist
<12:27:31> [1191A6A8] X2FaceMaker - game/objects/characters/warborn/male/face/wa_m_face01_mid.chr : FS_EarRotate_max ex target not exist
<12:27:31> [56B5985B] X2FaceMaker - game/objects/characters/warborn/male/face/wa_m_face01_mid.chr : FS_Beard1 target not exist
<12:27:31> [56B5985B] X2FaceMaker - game/objects/characters/warborn/male/face/wa_m_face01_mid.chr : FS_Beard2 target not exist
<12:27:31> [56B5985B] X2FaceMaker - game/objects/characters/warborn/male/face/wa_m_face01_mid.chr : FS_Beard3 target not exist
<12:27:31> [56B5985B] X2FaceMaker - game/objects/characters/warborn/female/face/wa_f_face01_mid.chr : eye_Yposition_min target not exist
<12:27:31> [1191A6A8] X2FaceMaker - game/objects/characters/warborn/female/face/wa_f_face01_mid.chr : eye_Yposition_max ex target not exist
<12:27:31> [56B5985B] X2FaceMaker - game/objects/characters/warborn/female/face/wa_f_face01_mid.chr : FS_AllLowerY target not exist
<12:27:31> [56B5985B] X2FaceMaker - game/objects/characters/warborn/female/face/wa_f_face01_mid.chr : FS_AllRotate target not exist
<12:27:31> [56B5985B] X2FaceMaker - game/objects/characters/warborn/female/face/wa_f_face01_mid.chr : FS_AllY target not exist
<12:27:31> [56B5985B] X2FaceMaker - game/objects/characters/warborn/female/face/wa_f_face01_mid.chr : mouth_Open_min target not exist
<12:27:31> [1191A6A8] X2FaceMaker - game/objects/characters/warborn/female/face/wa_f_face01_mid.chr : mouth_Open_max ex target not exist
<12:27:31> [E320B5CE] Init Face Makers - Done!
<12:27:31> [581CA53C] Script System Initialization
<12:27:31> [BA0D559B] Splash: Initializing Script System...
<12:27:31> [000004EE][Warning] [Lua Error] 1_3_0/scripts/common.lua:276: attempt to index global 'Script' (a nil value)
<12:27:31> [58F3F7FF][Warning] <null>:0: [Lua Error] Failed to execute file @game/scriptsbin/common.alb
<12:27:31> [D8B2BA54] Entity system initialization
<12:27:31> [BA0D559B] Splash: Initializing Entity System...
<12:27:31> [D55F91B2][Warning] [CEntityClassRegistry] LoadClassDescription failed, Entity Class name Chick already registered
<12:27:31> [BA0D559B] Splash: Initializing AI System...
<12:27:31> [DA019954] Initializing AI System
<12:27:31> [2546BCC5] Initializing Budgeting System
<12:27:31> [C0E19025] Initializing Seamless System
<12:27:31> [BA0D559B] Splash: Loading Game Data...
<12:27:33> [90B8EC50][Warning] too many ranges: aoe_shapes descs 10156(10156) threshold 100 ranges 12
<12:27:34> [BA4AD6CE] Loading portal list
<12:27:34> [92597454] Portal added, enter: 3891, exit: 6629
<12:27:34> [92597454] Portal added, enter: 21448, exit: 21449
<12:27:34> [92597454] Portal added, enter: 21450, exit: 21451
<12:27:34> [92597454] Portal added, enter: 21452, exit: 21453
<12:27:34> [92597454] Portal added, enter: 21698, exit: 21699
<12:27:34> [92597454] Portal added, enter: 22023, exit: 22024
<12:27:34> [92597454] Portal added, enter: 22042, exit: 22066
<12:27:34> [92597454] Portal added, enter: 22136, exit: 22137
<12:27:34> [92597454] Portal added, enter: 22163, exit: 22164
<12:27:34> [92597454] Portal added, enter: 22184, exit: 22185
<12:27:34> [92597454] Portal added, enter: 22336, exit: 22337
<12:27:34> [92597454] Portal added, enter: 9000063, exit: 9000064
<12:27:34> [1C664009] End loading portal list
<12:27:34> [937812F7] loaded DDCMS (1396969 descs, 719156 links (17 page 16.95MB size) string) from game\db\compact.sqlite3 in 1301 ms
<12:27:34> [BA0D559B] Splash: Initializing Game System...
<12:27:34> [000004EE][Warning] [Lua Error] no localized ui text for 18 always_refund
<12:27:35> [0ADE3294][Warning] [MFX] Effect 'collisions:grenade' already present. Overriding.
<12:27:35> [311630D1][Warning] MFX WARNING: Material not found: mat_ice_breakable
<12:27:35>  
<12:27:35>    sys_spec = Custom (assuming 4)
<12:27:35>      ca_LodClampThreshold = 4 expected:7
<12:27:35>      ca_LodDistRatio = 1 expected:0.5
<12:27:35>      ca_LodSkipTaskRatio = 1 expected:0.5
<12:27:35>      ca_UnloadAnimTime = 1 expected:60
<12:27:35>      ca_dbh_level = 1 expected:3
<12:27:35>      option_anti_aliasing = 1 expected:3
<12:27:35>      r_MSAA_samples = 4 expected:0
<12:27:35>      r_PostAAEdgeFilter = 1 expected:0
<12:27:35>      ca_AttachmentCullingRation = 300 expected:200
<12:27:35>      ca_BodyPartAttachmentCullingRation = 300 expected:200
<12:27:35>      e_cull_veg_activation = 200 expected:50
<12:27:35>      e_foliage_wind_activation_dist = 0 expected:25
<12:27:35>      e_particles_quality = 0 expected:4
<12:27:35>      e_phys_ocean_cell = 0 expected:0.5
<12:27:35>      es_MaxPhysDist = 300 expected:200
<12:27:35>      es_MaxPhysDistInvisible = 40 expected:25
<12:27:35>      g_breakage_particles_limit = 200 expected:250
<12:27:35>      p_max_object_splashes = 0 expected:3
<12:27:35>      p_num_bodies_large_group = 30 expected:100
<12:27:35>      p_splash_force0 = 15000 expected:10
<12:27:35>      p_splash_force1 = 150000 expected:100
<12:27:35>      e_GIAmount = 1 expected:0.1
<12:27:35>      e_GIMaxDistance = 50 expected:200
<12:27:35>      e_Tessellation = 0 expected:1
<12:27:35>      e_dissolve = 0 expected:1
<12:27:35>      e_gi = 0 expected:1
<12:27:35>      e_sky_update_rate = 0.12 expected:1
<12:27:35>      q_ShaderFX = 1 expected:3
<12:27:35>      q_ShaderGeneral = 1 expected:3
<12:27:35>      q_ShaderGlass = 1 expected:3
<12:27:35>      q_ShaderHDR = 1 expected:3
<12:27:35>      q_ShaderIce = 1 expected:3
<12:27:35>      q_ShaderMetal = 1 expected:3
<12:27:35>      q_ShaderPostProcess = 1 expected:3
<12:27:35>      q_ShaderShadow = 1 expected:3
<12:27:35>      q_ShaderSky = 1 expected:3
<12:27:35>      q_ShaderTerrain = 1 expected:3
<12:27:35>      q_ShaderVegetation = 1 expected:3
<12:27:35>      r_DetailDistance = 6 expected:8
<12:27:35>      r_EnvTexUpdateInterval = 0.001 expected:0.05
<12:27:35>      r_SSDOOptimized = 10 expected:8
<12:27:35>      e_gsm_cache = 1 expected:0		; I'm not sure e_gsm_cache ever worked because e_gsm_cache_lod_offset was set to a high value
<12:27:35>      e_gsm_extra_range_shadow_texture_size = 1024 expected:2048
<12:27:35>      e_gsm_extra_range_sun_update_time = 5 expected:0
<12:27:35>      e_gsm_lods_num = 5 expected:4
<12:27:35>      e_gsm_range_rate = 3 expected:20
<12:27:35>      e_gsm_range_start = 2 expected:3
<12:27:35>      e_gsm_range_step = 4 expected:3.5
<12:27:35>      e_gsm_range_step_terrain = 3 expected:1.5
<12:27:35>      e_shadows_max_texture_size = 1024 expected:2048
<12:27:35>      e_shadows_terrain_texture_size = 1024 expected:2048
<12:27:35>      r_DynTexMaxSize = 48 expected:96
<12:27:35>      e_detail_materials_view_dist_z = 128 expected:256
<12:27:35>      e_terrain_lod_ratio = 1 expected:.75
<12:27:35>      e_terrain_texture_buffers = 512 expected:640
<12:27:35>      r_DynTexAtlasCloudsMaxSize = 16 expected:32
<12:27:35>      r_DynTexAtlasSpritesMaxSize = 32 expected:64
<12:27:35>      r_EnvCMResolution = 1 expected:2
<12:27:35>      r_TexAtlasSize = 1024 expected:2048
<12:27:35>      r_TexMinAnisotropy = 1 expected:16
<12:27:35>      r_TexturesStreamPoolSize = 256 expected:512
<12:27:35>      r_TexturesStreamSystemPoolSize = 128 expected:512
<12:27:35>      r_VegetationSpritesTexRes = 64 expected:128
<12:27:35>      e_custom_texture_lod = 1 expected:4
<12:27:35>      e_clouds = 0 expected:1
<12:27:35>      ca_useDecals = 0 expected:1
<12:27:35>      cd_cattle_update_distance = 32 expected:64
<12:27:35>      e_obj_quality = 0 expected:4
<12:27:35>      e_stream_cgf = 0 expected:1
<12:27:35>      e_ProcVegetationMaxObjectsInChunk = 512 expected:2048
<12:27:35>      e_vegetation_sprites_distance_custom_ratio_min = 1 expected:0.01
<12:27:35>      e_vegetation_sprites_distance_ratio = 1 expected:0.8
<12:27:35>      e_view_dist_ratio_vegetation = 30 expected:60
<12:27:35>      e_StreamCgfPoolSize = 50 expected:150
<12:27:35>      e_max_view_dst = 2000 expected:1800
<12:27:35>      e_Clouds = 0 expected:1
<12:27:35>      r_BeamsDistFactor = 0.01 expected:0.05
<12:27:35>      e_water_ocean_fft = 0 expected:1
<12:27:35>      e_water_tesselation_swath_width = 12 expected:10
<12:27:35>      q_ShaderWater = 1 expected:2
<12:27:35>      r_WaterReflectionsQuality = 0 expected:4
<12:27:35>  
<12:27:35> [BA0D559B] Splash: Preparing Screen...
<12:27:35> [3778EA0B] Screen Resolution - 1 (1024x768)
<12:27:35> [A1B107F0] Screen Resolution - Test OK (1024x768)
<12:27:35> [963385F6] Level System - Loading Start
<12:27:35> [806B6F8D] precaching world entities ..
<12:27:35> [7E39E0DE] precaching world entities .. done!  total (0) objects
<12:27:35> [D2B280D6] Vegetation Manager : Loading World(login2)
<12:27:35> [075AB92F] Vegetation Manager : Loading World - Done (total 36 vegetations)
<12:27:35> [B9410AA1] total 20 terrain world surfaces loaded
<12:27:35> Loading Particle Library: collisions
<12:27:35> Loading Particle Library: water
<12:27:35> Loading Particle Library: misc
<12:27:35> Loading Particle Library: ability_skill_table
<12:27:35> Loading Particle Library: ability_skill_table_k
<12:27:35> Loading Particle Library: abillity_skill_table_m
<12:27:35> Loading Particle Library: machinima
<12:27:35> Loading Particle Library: x2_effects
<12:27:36> Loading Particle Library: x2_effects_k
<12:27:36> [280A47E3] Precached total 2 materials
<12:27:36> [7B1A973B] seamless loading cell terrain(W0, 1), (L0, 0)
<12:27:36> [3EF08C47] seamless loading cell object(W0, 1), (L0, 0)
<12:27:36> [584C4FFD] [net 16:27:26.117]  dns ip:192.168.1.202
<12:27:36> [584C4FFD] [net 16:27:26.117]  dns ip:172.19.0.1
<12:27:36> [584C4FFD] [net 16:27:26.117]  dns ip:172.17.0.1
<12:27:36> [584C4FFD] [net 16:27:26.117]  dns ip:172.18.0.1
<12:27:36> [0DE3FA89][Error] CryAnimation: character-definition creation failed: game/objects/characters/elf/female/nude/el_f_kyprosa.cdf
<12:27:36> [13A58BA0][Error] CryAnimation: character-definition not found: game/objects/characters/elf/female/nude/el_f_kyprosa.cdf
<12:27:36> [4DD44108] Start DaruCommon Extension
<12:27:36> [1B425DA5] Duplicated post effect param! pszName = FilterMaskedBlurring_Amount
<12:27:36> [1B425DA5] Duplicated post effect param! pszName = FilterMaskedBlurring_MaskTexName
<12:27:36> [1B425DA5] Duplicated post effect param! pszName = FilterChromaShift_User_Amount
<12:27:36> [1B425DA5] Duplicated post effect param! pszName = FilterGrain_Amount
<12:27:36> [8F6BAA6C][Warning] Couldn't find console variable 'e_water_ocean_fft'
<12:27:36> [D2121932] Change resolution: 1024x768x32 (Fullscreen)
<12:27:36> [583D6F38] Final resolution: 1024x768x32 (Fullscreen)
<12:27:36> Loading Particle Library: wind
<12:27:36> Loading Particle Library: X2_EFFECT_O
<12:27:36> [000004EE][Warning] Particle effect not found: '                                                                ', from ParticleEffect fx_land_green
<12:27:36> [12409CCC] Load Zone Finished
<12:27:36> [A39C1725] Level System - Loading Complete
<12:27:37> [27293DED] -----------------------------------------------------
<12:27:37> [120C18F5] * LOADING: 'loginbg4' loading time: 1.72 seconds
<12:27:37> [27293DED] -----------------------------------------------------
<12:27:37> [000004EE][Warning] [Lua Error] no client player exists
<12:27:37> [A13C772D][Warning] Cannot load texture ui/font_color.g, Image file format is invalid [File=ui/font_color.g]
<12:27:37> [000FABC5][Warning] CAreaGrid::BeginAreas() called before being initialized.
<12:27:39> [9FC303B8][Error] [CVARS]: [DUPLICATE] CXConsole::RegisterFloat(): variable [ui_double_click_interval] is already registered
<12:27:39> [09F46B9D]     cl_fov = 90 []
<12:27:39> [09F46B9D]     camera_max_dist = 180 []
<12:27:39> [73861D69] Unknown command: name_tag_hp_width_on_bgmode 80
<12:27:39> [73861D69] Unknown command: name_tag_hp_height_on_bgmode 30
<12:27:39> [247165BA][Warning] Cannot load texture ui/login_stage/background/game_information.dds, file missing [File=ui/login_stage/background/game_information.dds]
<12:27:39> [8F6BAA6C][Warning] Couldn't find console variable 'r_WaterRefractions'
<12:27:47> [11E02DA3][Warning] Cannot load texture textures/defaults/16_12.dds, file missing [File=textures/defaults/16_12.dds]
<12:28:56> [1D01FDCA] Auth: client connected to server
<12:28:56> [584C4FFD] [net 16:28:56.067]  socket ip:192.168.1.202
<12:28:56> [4C920A71] mac address : 74-56-3c-fe-52-f3
<12:28:57> [A13C772D][Warning] Cannot load texture ui/font_color.g, Image file format is invalid [File=ui/font_color.g]
<12:28:59> [05D024BA] System:Quit
