[801989E0] BackupNameAttachment=" Build(0) Date(11 September 2025) Time(21 46 10)"  -- used by backup system
[00000020]  
[38F38F32] Log Started at #c
[0232BD25] Running 32 bit version
[7AB6F5FE] Executable: C:\Games\AAClassic\bin32\archeage.exe
[E5C771AC] FileVersion: 3.5.0.0
[F799D55F] ProductVersion: 3.5.3.0
[1F1D6B13] Using Microsoft (tm) C++ Standard Library implementation
[00000020]  
[C7D96C80] Revision: 350000
[00000020]  
[64533E3E] this is the first client
<21:46:16> [B9197FD5][Error] ConsoleVariableGroup[option_effect] key[e_particles_lod_onoff] has no default
<21:46:16> [76666E6D] 
--- CPU detection ---
<21:46:16> [F4D992D8] CPU: AMD AMD Ryzen 7 7800X3D 8-Core Processor           
<21:46:16> [3F649B02] Family: 15, Model: 1, Stepping: 2
<21:46:16> [83D12E0B] FPU: On-Chip
<21:46:16> [50919DA0] CPU Speed (estimated): 4192.062790 MHz
<21:46:16> [C73FD83A] MMX: not present
<21:46:16> [89D1077A] SSE: present
<21:46:16> [64E2B6F1] 3DNow!: present
<21:46:16> [27B7AC6E] Serial number not present or disabled
<21:46:16> [1D2D8E5B] Number of logical processors: 16
<21:46:16> [FA658084] Number of available logical processors: 16
<21:46:16> [A1F061C2] Invariant Time Stamp Counter : yes
<21:46:16> [FA0251ED] ---------------------

<21:46:16> [03E7D838] Device Info
<21:46:16> [9F603516] Device Info - 1
<21:46:16> [9F603517] Device Info - 2
<21:46:16> [9F603518] Device Info - 3
<21:46:16> [9F603519] Device Info - 4
<21:46:16> [9F60351A] Device Info - 5
<21:46:16> [9F60351B] Device Info - 6
<21:46:16> [9F60351C] Device Info - 7
<21:46:16> [E98ECC28] Video Memory Info
<21:46:16> [D5FBE664] Video Memory - 1
<21:46:16> [D5FBE665] Video Memory - 2
<21:46:16> [D5FBE666] Video Memory - 3
<21:46:16> [D5FBE667] Video Memory - 4
<21:46:16> [D5FBE668] Video Memory - 5
<21:46:16> [D5FBE669] Video Memory - 6
<21:46:16> [D5FBE66A] Video Memory - 7
<21:46:16> [D5FBE66B] Video Memory - 8
<21:46:16> [3A4D54A2][Warning] config/gpu/amd.txt line 55 contains a multiple defined GPU rating!
<21:46:16> [D20872C0] InitThreadAffinities
<21:46:16> [2F28A434] UpdateMainThreadAffinity
<21:46:16> [16962512] Windows 8 64 bit (build 6.2.9200)
<21:46:16> [38DFF081] System language: English
<21:46:16> [861A0178] Windows Directory: "C:\windows"
<21:46:16> [341B54F1] Prerequisites...
<21:46:16> [5D1B3C9C] * Installation of KB940105 hotfix required: no! (either not needed or already installed)
<21:46:16> [90301860] Local time is 21:46:16 09/11/25, system running for 1692 minutes
<21:46:16> [F667D8A9] 63426MB physical memory installed, 22216MB available, 4095MB virtual memory installed, 64 percent of memory in use
<21:46:16> [31259232] PageFile usage: 
<21:46:16> [453F0D1B] Current display mode is 2560x1440x32
<21:46:16> [8A64FCCC] IBM enhanced (101/102-key) keyboard and 3+ button mouse installed
<21:46:16> [CE30556B] ----- GPU Detection -----------------
<21:46:16> [03E7D838] Device Info
<21:46:16> [9F603516] Device Info - 1
<21:46:16> [9F603517] Device Info - 2
<21:46:16> [9F603518] Device Info - 3
<21:46:16> [9F603519] Device Info - 4
<21:46:16> [9F60351A] Device Info - 5
<21:46:16> [9F60351B] Device Info - 6
<21:46:16> [9F60351C] Device Info - 7
<21:46:16> [E98ECC28] Video Memory Info
<21:46:16> [D5FBE664] Video Memory - 1
<21:46:16> [D5FBE665] Video Memory - 2
<21:46:16> [D5FBE666] Video Memory - 3
<21:46:16> [D5FBE667] Video Memory - 4
<21:46:16> [D5FBE668] Video Memory - 5
<21:46:16> [D5FBE669] Video Memory - 6
<21:46:16> [D5FBE66A] Video Memory - 7
<21:46:16> [D5FBE66B] Video Memory - 8
<21:46:16> [99EA404A]  AMD Radeon RX 7800 XT (RADV NAVI32) (vendor = 0x1002, device = 0x747e, subSys = 0x00000000)
<21:46:16> [77718B6A] -- Video memory: 4081 MB
<21:46:16> [30DF1863] -- Minimum SM 2.0 support: yes
<21:46:16> [13E11956] -- DX11 supported: yes
<21:46:16> [50B60100] --------------------------------------------------------------------------------
<21:46:16> [5921EDBE] Stream Engine Initialization
<21:46:16> [BA0D559B] Splash: Initializing Stream Engine...
<21:46:16> [939F6EBB] Enable Resolutions : 0
<21:46:16> [A30A84B6] can't enum display resolution modes
<21:46:16> [B324CD25] Screen Resolution - 1024x768
<21:46:16> [3778EA0B] Screen Resolution - 1 (1024x768)
<21:46:16> [A1B107F0] Screen Resolution - Test OK (1024x768)
<21:46:16> [A9E4B0F2] Network initialization
<21:46:16> [BA0D559B] Splash: Initializing Network System...
<21:46:16> [14FAD233] Socket I/O by iocp
<21:46:16> [E36A4FB9] Physics initialization
<21:46:16> [BA0D559B] Splash: Initializing Physics...
<21:46:16> [2462D581] MovieSystem initialization
<21:46:16> [BA0D559B] Splash: Initializing Movie System...
<21:46:16> [93287AEC] Renderer initialization - Start
<21:46:16> [BA0D559B] Splash: Initializing Renderer...
<21:46:16> [91207680] Renderer initialization - Open
<21:46:16> [4377E7CB] Renderer initialization - DLL Load(CryRenderD3D10.dll)
<21:46:16> [71203A94] Renderer initialization - DLL Done
<21:46:16> [71227C22] Renderer initialization - DLL Init
<21:46:16> [C653D9CB] Renderer initialization - Instance
<21:46:17> [F4516946] D3D Adapter: Description: AMD Radeon RX 7800 XT (RADV NAVI32)
<21:46:17> [A39C3A75] D3D Adapter: Driver version (UMD): 32.00.65535.65535
<21:46:17> [BC8C1ACB] D3D Adapter: VendorId = 0x1002
<21:46:17> [B6A10CFD] D3D Adapter: DeviceId = 0x747E
<21:46:17> [0678E702] D3D Adapter: SubSysId = 0x00000000
<21:46:17> [F2243F02] D3D Adapter: Revision = 0
<21:46:17> [A18DEBFF] Attempting to open TXAA context...
<21:46:17> [763FCAEF] TXAA startup failed -- status (1)
<21:46:17> [E571CFEE] Shader manager initialization
<21:46:18> [05BAAEF6] CResFile allocations incurred by user cache preload: (17814.05k)
<21:46:18> [911B73B8] Renderer initialization - Done
<21:46:18> [8E444EA9] Console initialization
<21:46:18> [2904A233] Time initialization
<21:46:18> [3650CFD6] Input initialization
<21:46:18> [BA0D559B] Splash: Initializing Input System...
<21:46:18> Initializing Keyboard
<21:46:18> [99640BF1] Sound initialization
<21:46:18> [BA0D559B] Splash: Initializing Sound System...
<21:46:18> [2C33885C] Sound - Initializing AudioDevice now!
<21:46:18> [E46760A9] <Sound> Initialize FMOD with dynamic memory callbacks
<21:46:19> [D6755BFD] <Sound> Starting to initialize Windows Audio Session API output! 
<21:46:19> [F7E8E3CD] <Sound> Drivers found: 5
<21:46:19> [5076AD4B] <Sound> Available drivers:
	1.	PulseAudio Output (PulseAudio Output)
	2.	Blue Microphones Analog Stereo (Blue Microphones Analog Stereo)
	3.	Wireless Controller (Wireless Controller)
	4.	Navi 31 HDMI/DP Audio Digital Stereo (HDMI) (Navi 31 HDMI/DP Audio Digital Stereo (HDMI))
	5.	Family 17h/19h/1ah HD Audio Controller Analog Stereo (Family 17h/19h/1ah HD Audio Controller Analog Stereo)
<21:46:19> [A0BBF7E1] <Sound> FmodEx-AudioDevice: Now running on driver: PulseAudio Output (PulseAudio Output)
<21:46:19> [14D8EFE1] <Sound> Using speaker mode: FMOD_SPEAKERMODE_STEREO
<21:46:19> [E79C27E5] <Sound> Initializing FMOD-EX now!
<21:46:19> [E2A9FE08] <Sound> Available record drivers: 0 PulseAudio Input (PulseAudio Input) !
<21:46:19> [E2A9FE08] <Sound> Available record drivers: 1 Family 17h/19h/1ah HD Audio Controller Analog Stereo (Family 17h/19h/1ah HD Audio Controller Analog Stereo) !
<21:46:19> [E2A9FE08] <Sound> Available record drivers: 2 Wireless Controller (Wireless Controller) !
<21:46:19> [E2A9FE08] <Sound> Available record drivers: 3 Blue Microphones Analog Stereo (Blue Microphones Analog Stereo) !
<21:46:19> [E2A9FE08] <Sound> Available record drivers: 4 Monitor of Family 17h/19h/1ah HD Audio Controller (Monitor of Family 17h/19h/1ah HD Audio Controller) !
<21:46:19> [E2A9FE08] <Sound> Available record drivers: 5 Monitor of Blue Microphones Analog Stereo (Monitor of Blue Microphones Analog Stereo) !
<21:46:19> [E2A9FE08] <Sound> Available record drivers: 6 Wireless Controller (Wireless Controller) !
<21:46:19> [E2A9FE08] <Sound> Available record drivers: 7 Monitor of Navi 31 HDMI/DP Audio Digital Stereo (HDMI) (Monitor of Navi 31 HDMI/DP Audio Digital Stereo (HDMI)) !
<21:46:19> [6841BE38] <Sound> Record config is set to autodetect using record driver 0
<21:46:19> [7808B4C4] <Sound> Using FMOD version: 00044414 and internal 00044414!
<21:46:19> [2A2815C7] <Sound> Initialized FMOD-EX
<21:46:19> [BE4EF52E] Sound - Initializing SoundSystem now!
<21:46:19> [0D547471] Font initialization
<21:46:19> [BA0D559B] Splash: Initializing Fonts...
<21:46:19> [C194F7C8][Warning] Cannot load texture textures/defaults/replacemecm.tif, file missing [File=textures/defaults/replacemecm.dds]
<21:46:19> [84206398] AI initialization
<21:46:19> [1BC221DE] Initializing Animation System
<21:46:19> [BA0D559B] Splash: Initializing Animation System...
<21:46:20> [9E592EFE] Initializing 3D Engine
<21:46:20> [BA0D559B] Splash: Initializing 3D Engine...
<21:46:20> [637AF710][Warning] missing chr material : game/objects/characters/ferre/female/nude/Standard_22.mtl (chr: game/objects/characters/ferre/female/nude/fe_f_base.chr)
<21:46:20> [91F5AEEC][Warning] number of bones mismatch! game/objects/characters/ferre/female/nude/fe_f_base.chr=195 game/objects/characters/ferre/female/nude/fe_f_base_lod1.chr=185
<21:46:21> [7415A452] CHR PreCaching 25 Done
<21:46:21> [E7AD4E53] AddSharedMorphTargets - Failed to load objects/characters/dwarf/male/face/dw_m_face00.chr
<21:46:21> [61AD1790] MorphTargetPreCaching - objects/characters/dwarf/male/face/dw_m_face00.chr Add Failed
<21:46:21> [A4A6E4C6] MorphTarget PreCaching 11 Done
<21:46:21> [5ACB40E2] Init Face Makers
<21:46:21> [56B5985B] X2FaceMaker - game/objects/characters/nuian/male/face/nu_m_face01_mid.chr : mouth_UnderbiteOverbite target not exist
<21:46:21> [56B5985B] X2FaceMaker - game/objects/characters/nuian/male/face/nu_m_face01_mid.chr : mouth_UnderbiteOverbite target not exist
<21:46:21> [56B5985B] X2FaceMaker - game/objects/characters/nuian/male/face/nu_m_face01_mid.chr : mouth_UnderbiteOverbite target not exist
<21:46:21> [4ABB03EB] game/objects/characters/ferre/female/face/fe_f_face01_low.chr(303) - objects/characters/ferre/female/face/fe_f_face00.chr(3063) SharedMorph is not matched
<21:46:21> [56B5985B] X2FaceMaker - game/objects/characters/nuian/male/face/nu_m_face01_mid.chr : mouth_UnderbiteOverbite target not exist
<21:46:21> [56B5985B] X2FaceMaker - game/objects/characters/nuian/male/face/nu_m_face01_mid.chr : nose_dw_SeptumVol target not exist
<21:46:21> [56B5985B] X2FaceMaker - game/objects/characters/nuian/male/face/nu_m_face01_mid.chr : nose_dw_NasalZposition target not exist
<21:46:21> [56B5985B] X2FaceMaker - game/objects/characters/nuian/male/face/nu_m_face01_mid.chr : FS_dwEarSize target not exist
<21:46:21> [56B5985B] X2FaceMaker - game/objects/characters/nuian/male/face/nu_m_face01_mid.chr : dwarf_Morph target not exist
<21:46:21> [56B5985B] X2FaceMaker - game/objects/characters/nuian/male/face/nu_m_face01_mid.chr : FS_dw_CheekMeat_min target not exist
<21:46:21> [1191A6A8] X2FaceMaker - game/objects/characters/nuian/male/face/nu_m_face01_mid.chr : FS_dw_CheekMeat_max ex target not exist
<21:46:21> [56B5985B] X2FaceMaker - game/objects/characters/warborn/male/face/wa_m_face01_mid.chr : eye_Forehead target not exist
<21:46:21> [56B5985B] X2FaceMaker - game/objects/characters/warborn/male/face/wa_m_face01_mid.chr : eye_Tail_min target not exist
<21:46:21> [1191A6A8] X2FaceMaker - game/objects/characters/warborn/male/face/wa_m_face01_mid.chr : eye_Tail_max ex target not exist
<21:46:21> [56B5985B] X2FaceMaker - game/objects/characters/warborn/male/face/wa_m_face01_mid.chr : eye_WidthLength_min target not exist
<21:46:21> [1191A6A8] X2FaceMaker - game/objects/characters/warborn/male/face/wa_m_face01_mid.chr : eye_WidthLength_max ex target not exist
<21:46:21> [56B5985B] X2FaceMaker - game/objects/characters/warborn/male/face/wa_m_face01_mid.chr : eye_DoubleEyelidShape target not exist
<21:46:21> [56B5985B] X2FaceMaker - game/objects/characters/warborn/male/face/wa_m_face01_mid.chr : eye_BrowXposition target not exist
<21:46:21> [56B5985B] X2FaceMaker - game/objects/characters/warborn/male/face/wa_m_face01_mid.chr : eye_BrowZposition target not exist
<21:46:21> [56B5985B] X2FaceMaker - game/objects/characters/warborn/male/face/wa_m_face01_mid.chr : nose_Nostril target not exist
<21:46:21> [56B5985B] X2FaceMaker - game/objects/characters/warborn/male/face/wa_m_face01_mid.chr : nose_Size target not exist
<21:46:21> [56B5985B] X2FaceMaker - game/objects/characters/warborn/male/face/wa_m_face01_mid.chr : nose_SeptumZposition target not exist
<21:46:21> [56B5985B] X2FaceMaker - game/objects/characters/warborn/male/face/wa_m_face01_mid.chr : nose_End target not exist
<21:46:21> [56B5985B] X2FaceMaker - game/objects/characters/warborn/male/face/wa_m_face01_mid.chr : nose_Size target not exist
<21:46:21> [56B5985B] X2FaceMaker - game/objects/characters/warborn/male/face/wa_m_face01_mid.chr : mouth_UpperLipVolume target not exist
<21:46:21> [56B5985B] X2FaceMaker - game/objects/characters/warborn/male/face/wa_m_face01_mid.chr : mouth_LowerLipVolume target not exist
<21:46:21> [56B5985B] X2FaceMaker - game/objects/characters/warborn/male/face/wa_m_face01_mid.chr : mouth_UpperLipOpen target not exist
<21:46:21> [56B5985B] X2FaceMaker - game/objects/characters/warborn/male/face/wa_m_face01_mid.chr : mouth_LowerLipOpen target not exist
<21:46:21> [56B5985B] X2FaceMaker - game/objects/characters/warborn/male/face/wa_m_face01_mid.chr : mouth_MouthOpen target not exist
<21:46:21> [56B5985B] X2FaceMaker - game/objects/characters/warborn/male/face/wa_m_face01_mid.chr : mouth_Size target not exist
<21:46:21> [56B5985B] X2FaceMaker - game/objects/characters/warborn/male/face/wa_m_face01_mid.chr : mouth_Shape_min target not exist
<21:46:21> [1191A6A8] X2FaceMaker - game/objects/characters/warborn/male/face/wa_m_face01_mid.chr : mouth_Shape_max ex target not exist
<21:46:21> [56B5985B] X2FaceMaker - game/objects/characters/warborn/male/face/wa_m_face01_mid.chr : mouth_TeethZposition target not exist
<21:46:21> [56B5985B] X2FaceMaker - game/objects/characters/warborn/male/face/wa_m_face01_mid.chr : FS_JawHigh_min target not exist
<21:46:21> [1191A6A8] X2FaceMaker - game/objects/characters/warborn/male/face/wa_m_face01_mid.chr : FS_JawHigh_max ex target not exist
<21:46:21> [56B5985B] X2FaceMaker - game/objects/characters/warborn/male/face/wa_m_face01_mid.chr : FS_EarRotate_min target not exist
<21:46:21> [1191A6A8] X2FaceMaker - game/objects/characters/warborn/male/face/wa_m_face01_mid.chr : FS_EarRotate_max ex target not exist
<21:46:21> [56B5985B] X2FaceMaker - game/objects/characters/warborn/male/face/wa_m_face01_mid.chr : FS_Beard1 target not exist
<21:46:21> [56B5985B] X2FaceMaker - game/objects/characters/warborn/male/face/wa_m_face01_mid.chr : FS_Beard2 target not exist
<21:46:21> [56B5985B] X2FaceMaker - game/objects/characters/warborn/male/face/wa_m_face01_mid.chr : FS_Beard3 target not exist
<21:46:22> [56B5985B] X2FaceMaker - game/objects/characters/warborn/female/face/wa_f_face01_mid.chr : eye_Yposition_min target not exist
<21:46:22> [1191A6A8] X2FaceMaker - game/objects/characters/warborn/female/face/wa_f_face01_mid.chr : eye_Yposition_max ex target not exist
<21:46:22> [56B5985B] X2FaceMaker - game/objects/characters/warborn/female/face/wa_f_face01_mid.chr : FS_AllLowerY target not exist
<21:46:22> [56B5985B] X2FaceMaker - game/objects/characters/warborn/female/face/wa_f_face01_mid.chr : FS_AllRotate target not exist
<21:46:22> [56B5985B] X2FaceMaker - game/objects/characters/warborn/female/face/wa_f_face01_mid.chr : FS_AllY target not exist
<21:46:22> [56B5985B] X2FaceMaker - game/objects/characters/warborn/female/face/wa_f_face01_mid.chr : mouth_Open_min target not exist
<21:46:22> [1191A6A8] X2FaceMaker - game/objects/characters/warborn/female/face/wa_f_face01_mid.chr : mouth_Open_max ex target not exist
<21:46:22> [E320B5CE] Init Face Makers - Done!
<21:46:22> [581CA53C] Script System Initialization
<21:46:22> [BA0D559B] Splash: Initializing Script System...
<21:46:22> [000004EE][Warning] [Lua Error] 1_3_0/scripts/common.lua:276: attempt to index global 'Script' (a nil value)
<21:46:22> [58F3F7FF][Warning] <null>:0: [Lua Error] Failed to execute file @game/scriptsbin/common.alb
<21:46:22> [D8B2BA54] Entity system initialization
<21:46:22> [BA0D559B] Splash: Initializing Entity System...
<21:46:22> [D55F91B2][Warning] [CEntityClassRegistry] LoadClassDescription failed, Entity Class name Chick already registered
<21:46:22> [BA0D559B] Splash: Initializing AI System...
<21:46:22> [DA019954] Initializing AI System
<21:46:22> [2546BCC5] Initializing Budgeting System
<21:46:22> [C0E19025] Initializing Seamless System
<21:46:22> [BA0D559B] Splash: Loading Game Data...
<21:46:23> [90B8EC50][Warning] too many ranges: aoe_shapes descs 10156(10156) threshold 100 ranges 12
<21:46:24> [BA4AD6CE] Loading portal list
<21:46:24> [92597454] Portal added, enter: 3891, exit: 6629
<21:46:24> [92597454] Portal added, enter: 21448, exit: 21449
<21:46:24> [92597454] Portal added, enter: 21450, exit: 21451
<21:46:24> [92597454] Portal added, enter: 21452, exit: 21453
<21:46:24> [92597454] Portal added, enter: 21698, exit: 21699
<21:46:24> [92597454] Portal added, enter: 22023, exit: 22024
<21:46:24> [92597454] Portal added, enter: 22042, exit: 22066
<21:46:24> [92597454] Portal added, enter: 22136, exit: 22137
<21:46:24> [92597454] Portal added, enter: 22163, exit: 22164
<21:46:24> [92597454] Portal added, enter: 22184, exit: 22185
<21:46:24> [92597454] Portal added, enter: 22336, exit: 22337
<21:46:24> [92597454] Portal added, enter: 9000063, exit: 9000064
<21:46:24> [1C664009] End loading portal list
<21:46:24> [937812F7] loaded DDCMS (1396969 descs, 719156 links (17 page 16.95MB size) string) from game\db\compact.sqlite3 in 1177 ms
<21:46:24> [BA0D559B] Splash: Initializing Game System...
<21:46:24> [000004EE][Warning] [Lua Error] no localized ui text for 18 always_refund
<21:46:25> [0ADE3294][Warning] [MFX] Effect 'collisions:grenade' already present. Overriding.
<21:46:25> [311630D1][Warning] MFX WARNING: Material not found: mat_ice_breakable
<21:46:25>  
<21:46:25>    sys_spec = Custom (assuming 4)
<21:46:25>      option_anti_aliasing = 2 expected:3
<21:46:25>  
<21:46:25> [BA0D559B] Splash: Preparing Screen...
<21:46:25> [3778EA0B] Screen Resolution - 1 (1024x768)
<21:46:25> [A1B107F0] Screen Resolution - Test OK (1024x768)
<21:46:25> [963385F6] Level System - Loading Start
<21:46:25> [806B6F8D] precaching world entities ..
<21:46:25> [7E39E0DE] precaching world entities .. done!  total (0) objects
<21:46:25> [D2B280D6] Vegetation Manager : Loading World(login2)
<21:46:25> [075AB92F] Vegetation Manager : Loading World - Done (total 36 vegetations)
<21:46:25> [B9410AA1] total 20 terrain world surfaces loaded
<21:46:25> Loading Particle Library: collisions
<21:46:25> Loading Particle Library: water
<21:46:25> Loading Particle Library: misc
<21:46:25> Loading Particle Library: ability_skill_table
<21:46:25> Loading Particle Library: ability_skill_table_k
<21:46:25> Loading Particle Library: abillity_skill_table_m
<21:46:26> Loading Particle Library: machinima
<21:46:26> Loading Particle Library: x2_effects
<21:46:26> Loading Particle Library: x2_effects_k
<21:46:26> [280A47E3] Precached total 2 materials
<21:46:26> [7B1A973B] seamless loading cell terrain(W0, 1), (L0, 0)
<21:46:26> [3EF08C47] seamless loading cell object(W0, 1), (L0, 0)
<21:46:26> [584C4FFD] [net 01:46:16.905]  dns ip:192.168.1.202
<21:46:26> [584C4FFD] [net 01:46:16.905]  dns ip:172.19.0.1
<21:46:26> [584C4FFD] [net 01:46:16.905]  dns ip:172.18.0.1
<21:46:26> [584C4FFD] [net 01:46:16.905]  dns ip:172.17.0.1
<21:46:26> [0DE3FA89][Error] CryAnimation: character-definition creation failed: game/objects/characters/elf/female/nude/el_f_kyprosa.cdf
<21:46:26> [13A58BA0][Error] CryAnimation: character-definition not found: game/objects/characters/elf/female/nude/el_f_kyprosa.cdf
<21:46:26> [4DD44108] Start DaruCommon Extension
<21:46:26> [1B425DA5] Duplicated post effect param! pszName = FilterMaskedBlurring_Amount
<21:46:26> [1B425DA5] Duplicated post effect param! pszName = FilterMaskedBlurring_MaskTexName
<21:46:26> [1B425DA5] Duplicated post effect param! pszName = FilterChromaShift_User_Amount
<21:46:26> [1B425DA5] Duplicated post effect param! pszName = FilterGrain_Amount
<21:46:26> [8F6BAA6C][Warning] Couldn't find console variable 'e_water_ocean_fft'
<21:46:26> [D2121932] Change resolution: 1024x768x32 (Fullscreen)
<21:46:26> [583D6F38] Final resolution: 1024x768x32 (Fullscreen)
<21:46:26> Loading Particle Library: wind
<21:46:26> Loading Particle Library: X2_EFFECT_O
<21:46:27> [000004EE][Warning] Particle effect not found: '                                                                ', from ParticleEffect fx_land_green
<21:46:27> [12409CCC] Load Zone Finished
<21:46:27> [A39C1725] Level System - Loading Complete
<21:46:27> [27293DED] -----------------------------------------------------
<21:46:27> [120C18F5] * LOADING: 'loginbg4' loading time: 1.60 seconds
<21:46:27> [27293DED] -----------------------------------------------------
<21:46:27> [000004EE][Warning] [Lua Error] no client player exists
<21:46:27> [A13C772D][Warning] Cannot load texture ui/font_color.g, Image file format is invalid [File=ui/font_color.g]
<21:46:27> [000FABC5][Warning] CAreaGrid::BeginAreas() called before being initialized.
<21:46:27> [9FC303B8][Error] [CVARS]: [DUPLICATE] CXConsole::RegisterFloat(): variable [ui_double_click_interval] is already registered
<21:46:27> [09F46B9D]     cl_fov = 90 []
<21:46:27> [09F46B9D]     camera_max_dist = 120 []
<21:46:27> [73861D69] Unknown command: name_tag_hp_width_on_bgmode 80
<21:46:27> [73861D69] Unknown command: name_tag_hp_height_on_bgmode 30
<21:46:27> [247165BA][Warning] Cannot load texture ui/login_stage/background/game_information.dds, file missing [File=ui/login_stage/background/game_information.dds]
<21:46:29> [1D01FDCA] Auth: client connected to server
<21:46:29> [584C4FFD] [net 01:46:29.165]  socket ip:192.168.1.202
<21:46:29> [4C920A71] mac address : 74-56-3c-fe-52-f3
<21:46:34> [05D024BA] System:Quit
