[801989E0] BackupNameAttachment=" Build(0) Date(24 September 2025) Time(16 23 19)"  -- used by backup system
[00000020]  
[38F38F32] Log Started at #c
[0232BD25] Running 32 bit version
[7AB6F5FE] Executable: C:\Games\AAClassic\bin32\archeage.exe
[E5C771AC] FileVersion: 3.5.0.0
[F799D55F] ProductVersion: 3.5.3.0
[1F1D6B13] Using Microsoft (tm) C++ Standard Library implementation
[00000020]  
[C7D96C80] Revision: 350000
[00000020]  
[64533E3E] this is the first client
<16:23:25> [B9197FD5][Error] ConsoleVariableGroup[option_effect] key[e_particles_lod_onoff] has no default
<16:23:25> [76666E6D] 
--- CPU detection ---
<16:23:25> [F4D992D8] CPU: AMD AMD Ryzen 7 7800X3D 8-Core Processor           
<16:23:25> [3F649B02] Family: 15, Model: 1, Stepping: 2
<16:23:25> [83D12E0B] FPU: On-Chip
<16:23:25> [50919DA0] CPU Speed (estimated): 4191.946051 MHz
<16:23:25> [C73FD83A] MMX: not present
<16:23:25> [89D1077A] SSE: present
<16:23:25> [64E2B6F1] 3DNow!: present
<16:23:25> [27B7AC6E] Serial number not present or disabled
<16:23:25> [1D2D8E5B] Number of logical processors: 16
<16:23:25> [FA658084] Number of available logical processors: 16
<16:23:25> [A1F061C2] Invariant Time Stamp Counter : yes
<16:23:25> [FA0251ED] ---------------------

<16:23:25> [03E7D838] Device Info
<16:23:25> [9F603516] Device Info - 1
<16:23:25> [9F603517] Device Info - 2
<16:23:25> [9F603518] Device Info - 3
<16:23:25> [9F603519] Device Info - 4
<16:23:25> [9F60351A] Device Info - 5
<16:23:25> [9F60351B] Device Info - 6
<16:23:25> [9F60351C] Device Info - 7
<16:23:25> [E98ECC28] Video Memory Info
<16:23:25> [D5FBE664] Video Memory - 1
<16:23:25> [D5FBE665] Video Memory - 2
<16:23:25> [D5FBE666] Video Memory - 3
<16:23:25> [D5FBE667] Video Memory - 4
<16:23:25> [D5FBE668] Video Memory - 5
<16:23:25> [D5FBE669] Video Memory - 6
<16:23:25> [D5FBE66A] Video Memory - 7
<16:23:25> [D5FBE66B] Video Memory - 8
<16:23:25> [3A4D54A2][Warning] config/gpu/amd.txt line 55 contains a multiple defined GPU rating!
<16:23:25> [D20872C0] InitThreadAffinities
<16:23:25> [2F28A434] UpdateMainThreadAffinity
<16:23:25> [16962512] Windows 8 64 bit (build 6.2.9200)
<16:23:25> [38DFF081] System language: English
<16:23:25> [861A0178] Windows Directory: "C:\windows"
<16:23:25> [341B54F1] Prerequisites...
<16:23:25> [5D1B3C9C] * Installation of KB940105 hotfix required: no! (either not needed or already installed)
<16:23:25> [B3E44EED] Local time is 16:23:25 09/24/25, system running for 4866 minutes
<16:23:25> [44BD88FE] 63426MB physical memory installed, 22030MB available, 4095MB virtual memory installed, 65 percent of memory in use
<16:23:25> [31259232] PageFile usage: 
<16:23:25> [453F0D1B] Current display mode is 2560x1440x32
<16:23:25> [8A64FCCC] IBM enhanced (101/102-key) keyboard and 3+ button mouse installed
<16:23:25> [CE30556B] ----- GPU Detection -----------------
<16:23:25> [03E7D838] Device Info
<16:23:25> [9F603516] Device Info - 1
<16:23:25> [9F603517] Device Info - 2
<16:23:25> [9F603518] Device Info - 3
<16:23:25> [9F603519] Device Info - 4
<16:23:25> [9F60351A] Device Info - 5
<16:23:25> [9F60351B] Device Info - 6
<16:23:25> [9F60351C] Device Info - 7
<16:23:25> [E98ECC28] Video Memory Info
<16:23:25> [D5FBE664] Video Memory - 1
<16:23:25> [D5FBE665] Video Memory - 2
<16:23:25> [D5FBE666] Video Memory - 3
<16:23:25> [D5FBE667] Video Memory - 4
<16:23:25> [D5FBE668] Video Memory - 5
<16:23:25> [D5FBE669] Video Memory - 6
<16:23:25> [D5FBE66A] Video Memory - 7
<16:23:25> [D5FBE66B] Video Memory - 8
<16:23:26> [99EA404A]  AMD Radeon RX 7800 XT (RADV NAVI32) (vendor = 0x1002, device = 0x747e, subSys = 0x00000000)
<16:23:26> [77718B6A] -- Video memory: 4081 MB
<16:23:26> [30DF1863] -- Minimum SM 2.0 support: yes
<16:23:26> [13E11956] -- DX11 supported: yes
<16:23:26> [50B60100] --------------------------------------------------------------------------------
<16:23:26> [5921EDBE] Stream Engine Initialization
<16:23:26> [BA0D559B] Splash: Initializing Stream Engine...
<16:23:26> [939F6EBB] Enable Resolutions : 0
<16:23:26> [A30A84B6] can't enum display resolution modes
<16:23:26> [B324CD25] Screen Resolution - 1024x768
<16:23:26> [3778EA0B] Screen Resolution - 0 (2560x1440)
<16:23:26> [A1B107F0] Screen Resolution - Test OK (2560x1440)
<16:23:26> [A9E4B0F2] Network initialization
<16:23:26> [BA0D559B] Splash: Initializing Network System...
<16:23:26> [14FAD233] Socket I/O by iocp
<16:23:26> [E36A4FB9] Physics initialization
<16:23:26> [BA0D559B] Splash: Initializing Physics...
<16:23:26> [2462D581] MovieSystem initialization
<16:23:26> [BA0D559B] Splash: Initializing Movie System...
<16:23:26> [93287AEC] Renderer initialization - Start
<16:23:26> [BA0D559B] Splash: Initializing Renderer...
<16:23:26> [91207680] Renderer initialization - Open
<16:23:26> [4377E7CB] Renderer initialization - DLL Load(CryRenderD3D9.dll)
<16:23:26> [71203A94] Renderer initialization - DLL Done
<16:23:26> [71227C22] Renderer initialization - DLL Init
<16:23:26> [C653D9CB] Renderer initialization - Instance
<16:23:26> [44D9754D] D3D Adapter: Driver name: aticfx32.dll
<16:23:26> [82BE8322] D3D Adapter: Driver description: AMD Radeon RX 7800 XT (RADV NAVI32)
<16:23:26> [2224501A] D3D Adapter: Driver version: 32767.65535.65535.65535
<16:23:26> [E8D1E30D] D3D Adapter: Driver GUID: 00000000-0003-0000-0000000000000000
<16:23:26> [BC8C1ACB] D3D Adapter: VendorId = 0x1002
<16:23:26> [B6A10CFD] D3D Adapter: DeviceId = 0x747E
<16:23:26> [0678E702] D3D Adapter: SubSysId = 0x00000000
<16:23:26> [F2243F0E] D3D Adapter: Revision = 0
<16:23:26> [E571CFEE] Shader manager initialization
<16:23:28> [05BAAEF6] CResFile allocations incurred by user cache preload: (21446.79k)
<16:23:28> [911B73B8] Renderer initialization - Done
<16:23:28> [8E444EA9] Console initialization
<16:23:28> [2904A233] Time initialization
<16:23:28> [3650CFD6] Input initialization
<16:23:28> [BA0D559B] Splash: Initializing Input System...
<16:23:28> Initializing Keyboard
<16:23:28> [99640BF1] Sound initialization
<16:23:28> [BA0D559B] Splash: Initializing Sound System...
<16:23:28> [2C33885C] Sound - Initializing AudioDevice now!
<16:23:28> [E46760A9] <Sound> Initialize FMOD with dynamic memory callbacks
<16:23:29> [D6755BFD] <Sound> Starting to initialize Windows Audio Session API output! 
<16:23:29> [F7E8E3CD] <Sound> Drivers found: 6
<16:23:29> [9B899242] <Sound> Available drivers:
	1.	PulseAudio Output (PulseAudio Output)
	2.	Blue Microphones Analog Stereo (Blue Microphones Analog Stereo)
	3.	soundcore Liberty 4 NC (soundcore Liberty 4 NC)
	4.	Wireless Controller (Wireless Controller)
	5.	Navi 31 HDMI/DP Audio Digital Stereo (HDMI) (Navi 31 HDMI/DP Audio Digital Stereo (HDMI))
	6.	Family 17h/19h/1ah HD Audio Controller Analog Stereo (Family 17h/19h/1ah HD Audio Controller Analog Stereo)
<16:23:29> [A0BBF7E1] <Sound> FmodEx-AudioDevice: Now running on driver: PulseAudio Output (PulseAudio Output)
<16:23:29> [14D8EFE1] <Sound> Using speaker mode: FMOD_SPEAKERMODE_STEREO
<16:23:29> [E79C27E5] <Sound> Initializing FMOD-EX now!
<16:23:29> [E2A9FE08] <Sound> Available record drivers: 0 PulseAudio Input (PulseAudio Input) !
<16:23:29> [E2A9FE08] <Sound> Available record drivers: 1 soundcore Liberty 4 NC (soundcore Liberty 4 NC) !
<16:23:29> [E2A9FE08] <Sound> Available record drivers: 2 Family 17h/19h/1ah HD Audio Controller Analog Stereo (Family 17h/19h/1ah HD Audio Controller Analog Stereo) !
<16:23:29> [E2A9FE08] <Sound> Available record drivers: 3 Wireless Controller (Wireless Controller) !
<16:23:29> [E2A9FE08] <Sound> Available record drivers: 4 Blue Microphones Analog Stereo (Blue Microphones Analog Stereo) !
<16:23:29> [E2A9FE08] <Sound> Available record drivers: 5 Monitor of Family 17h/19h/1ah HD Audio Controller (Monitor of Family 17h/19h/1ah HD Audio Controller) !
<16:23:29> [E2A9FE08] <Sound> Available record drivers: 6 Monitor of Blue Microphones Analog Stereo (Monitor of Blue Microphones Analog Stereo) !
<16:23:29> [E2A9FE08] <Sound> Available record drivers: 7 Wireless Controller (Wireless Controller) !
<16:23:29> [E2A9FE08] <Sound> Available record drivers: 8 Monitor of soundcore Liberty 4 NC (Monitor of soundcore Liberty 4 NC) !
<16:23:29> [E2A9FE08] <Sound> Available record drivers: 9 Monitor of Navi 31 HDMI/DP Audio Digital Stereo (HDMI) (Monitor of Navi 31 HDMI/DP Audio Digital Stereo (HDMI)) !
<16:23:29> [6841BE38] <Sound> Record config is set to autodetect using record driver 0
<16:23:29> [7808B4C4] <Sound> Using FMOD version: 00044414 and internal 00044414!
<16:23:29> [2A2815C7] <Sound> Initialized FMOD-EX
<16:23:29> [BE4EF52E] Sound - Initializing SoundSystem now!
<16:23:29> [0D547471] Font initialization
<16:23:29> [BA0D559B] Splash: Initializing Fonts...
<16:23:29> [C194F7C8][Warning] Cannot load texture textures/defaults/replacemecm.tif, file missing [File=textures/defaults/replacemecm.dds]
<16:23:29> [84206398] AI initialization
<16:23:29> [1BC221DE] Initializing Animation System
<16:23:29> [BA0D559B] Splash: Initializing Animation System...
<16:23:29> [9E592EFE] Initializing 3D Engine
<16:23:29> [BA0D559B] Splash: Initializing 3D Engine...
<16:23:30> [637AF710][Warning] missing chr material : game/objects/characters/ferre/female/nude/Standard_22.mtl (chr: game/objects/characters/ferre/female/nude/fe_f_base.chr)
<16:23:30> [91F5AEEC][Warning] number of bones mismatch! game/objects/characters/ferre/female/nude/fe_f_base.chr=195 game/objects/characters/ferre/female/nude/fe_f_base_lod1.chr=185
<16:23:32> [7415A452] CHR PreCaching 25 Done
<16:23:32> [E7AD4E53] AddSharedMorphTargets - Failed to load objects/characters/dwarf/male/face/dw_m_face00.chr
<16:23:32> [61AD1790] MorphTargetPreCaching - objects/characters/dwarf/male/face/dw_m_face00.chr Add Failed
<16:23:32> [A4A6E4C6] MorphTarget PreCaching 11 Done
<16:23:32> [5ACB40E2] Init Face Makers
<16:23:32> [56B5985B] X2FaceMaker - game/objects/characters/nuian/male/face/nu_m_face01_mid.chr : mouth_UnderbiteOverbite target not exist
<16:23:32> [56B5985B] X2FaceMaker - game/objects/characters/nuian/male/face/nu_m_face01_mid.chr : mouth_UnderbiteOverbite target not exist
<16:23:32> [56B5985B] X2FaceMaker - game/objects/characters/nuian/male/face/nu_m_face01_mid.chr : mouth_UnderbiteOverbite target not exist
<16:23:32> [4ABB03EB] game/objects/characters/ferre/female/face/fe_f_face01_low.chr(303) - objects/characters/ferre/female/face/fe_f_face00.chr(3063) SharedMorph is not matched
<16:23:32> [56B5985B] X2FaceMaker - game/objects/characters/nuian/male/face/nu_m_face01_mid.chr : mouth_UnderbiteOverbite target not exist
<16:23:32> [56B5985B] X2FaceMaker - game/objects/characters/nuian/male/face/nu_m_face01_mid.chr : nose_dw_SeptumVol target not exist
<16:23:32> [56B5985B] X2FaceMaker - game/objects/characters/nuian/male/face/nu_m_face01_mid.chr : nose_dw_NasalZposition target not exist
<16:23:32> [56B5985B] X2FaceMaker - game/objects/characters/nuian/male/face/nu_m_face01_mid.chr : FS_dwEarSize target not exist
<16:23:32> [56B5985B] X2FaceMaker - game/objects/characters/nuian/male/face/nu_m_face01_mid.chr : dwarf_Morph target not exist
<16:23:32> [56B5985B] X2FaceMaker - game/objects/characters/nuian/male/face/nu_m_face01_mid.chr : FS_dw_CheekMeat_min target not exist
<16:23:32> [1191A6A8] X2FaceMaker - game/objects/characters/nuian/male/face/nu_m_face01_mid.chr : FS_dw_CheekMeat_max ex target not exist
<16:23:32> [56B5985B] X2FaceMaker - game/objects/characters/warborn/male/face/wa_m_face01_mid.chr : eye_Forehead target not exist
<16:23:32> [56B5985B] X2FaceMaker - game/objects/characters/warborn/male/face/wa_m_face01_mid.chr : eye_Tail_min target not exist
<16:23:32> [1191A6A8] X2FaceMaker - game/objects/characters/warborn/male/face/wa_m_face01_mid.chr : eye_Tail_max ex target not exist
<16:23:32> [56B5985B] X2FaceMaker - game/objects/characters/warborn/male/face/wa_m_face01_mid.chr : eye_WidthLength_min target not exist
<16:23:32> [1191A6A8] X2FaceMaker - game/objects/characters/warborn/male/face/wa_m_face01_mid.chr : eye_WidthLength_max ex target not exist
<16:23:32> [56B5985B] X2FaceMaker - game/objects/characters/warborn/male/face/wa_m_face01_mid.chr : eye_DoubleEyelidShape target not exist
<16:23:32> [56B5985B] X2FaceMaker - game/objects/characters/warborn/male/face/wa_m_face01_mid.chr : eye_BrowXposition target not exist
<16:23:32> [56B5985B] X2FaceMaker - game/objects/characters/warborn/male/face/wa_m_face01_mid.chr : eye_BrowZposition target not exist
<16:23:32> [56B5985B] X2FaceMaker - game/objects/characters/warborn/male/face/wa_m_face01_mid.chr : nose_Nostril target not exist
<16:23:32> [56B5985B] X2FaceMaker - game/objects/characters/warborn/male/face/wa_m_face01_mid.chr : nose_Size target not exist
<16:23:32> [56B5985B] X2FaceMaker - game/objects/characters/warborn/male/face/wa_m_face01_mid.chr : nose_SeptumZposition target not exist
<16:23:32> [56B5985B] X2FaceMaker - game/objects/characters/warborn/male/face/wa_m_face01_mid.chr : nose_End target not exist
<16:23:32> [56B5985B] X2FaceMaker - game/objects/characters/warborn/male/face/wa_m_face01_mid.chr : nose_Size target not exist
<16:23:32> [56B5985B] X2FaceMaker - game/objects/characters/warborn/male/face/wa_m_face01_mid.chr : mouth_UpperLipVolume target not exist
<16:23:32> [56B5985B] X2FaceMaker - game/objects/characters/warborn/male/face/wa_m_face01_mid.chr : mouth_LowerLipVolume target not exist
<16:23:32> [56B5985B] X2FaceMaker - game/objects/characters/warborn/male/face/wa_m_face01_mid.chr : mouth_UpperLipOpen target not exist
<16:23:32> [56B5985B] X2FaceMaker - game/objects/characters/warborn/male/face/wa_m_face01_mid.chr : mouth_LowerLipOpen target not exist
<16:23:32> [56B5985B] X2FaceMaker - game/objects/characters/warborn/male/face/wa_m_face01_mid.chr : mouth_MouthOpen target not exist
<16:23:32> [56B5985B] X2FaceMaker - game/objects/characters/warborn/male/face/wa_m_face01_mid.chr : mouth_Size target not exist
<16:23:32> [56B5985B] X2FaceMaker - game/objects/characters/warborn/male/face/wa_m_face01_mid.chr : mouth_Shape_min target not exist
<16:23:32> [1191A6A8] X2FaceMaker - game/objects/characters/warborn/male/face/wa_m_face01_mid.chr : mouth_Shape_max ex target not exist
<16:23:32> [56B5985B] X2FaceMaker - game/objects/characters/warborn/male/face/wa_m_face01_mid.chr : mouth_TeethZposition target not exist
<16:23:32> [56B5985B] X2FaceMaker - game/objects/characters/warborn/male/face/wa_m_face01_mid.chr : FS_JawHigh_min target not exist
<16:23:32> [1191A6A8] X2FaceMaker - game/objects/characters/warborn/male/face/wa_m_face01_mid.chr : FS_JawHigh_max ex target not exist
<16:23:32> [56B5985B] X2FaceMaker - game/objects/characters/warborn/male/face/wa_m_face01_mid.chr : FS_EarRotate_min target not exist
<16:23:32> [1191A6A8] X2FaceMaker - game/objects/characters/warborn/male/face/wa_m_face01_mid.chr : FS_EarRotate_max ex target not exist
<16:23:32> [56B5985B] X2FaceMaker - game/objects/characters/warborn/male/face/wa_m_face01_mid.chr : FS_Beard1 target not exist
<16:23:32> [56B5985B] X2FaceMaker - game/objects/characters/warborn/male/face/wa_m_face01_mid.chr : FS_Beard2 target not exist
<16:23:32> [56B5985B] X2FaceMaker - game/objects/characters/warborn/male/face/wa_m_face01_mid.chr : FS_Beard3 target not exist
<16:23:32> [56B5985B] X2FaceMaker - game/objects/characters/warborn/female/face/wa_f_face01_mid.chr : eye_Yposition_min target not exist
<16:23:32> [1191A6A8] X2FaceMaker - game/objects/characters/warborn/female/face/wa_f_face01_mid.chr : eye_Yposition_max ex target not exist
<16:23:32> [56B5985B] X2FaceMaker - game/objects/characters/warborn/female/face/wa_f_face01_mid.chr : FS_AllLowerY target not exist
<16:23:32> [56B5985B] X2FaceMaker - game/objects/characters/warborn/female/face/wa_f_face01_mid.chr : FS_AllRotate target not exist
<16:23:32> [56B5985B] X2FaceMaker - game/objects/characters/warborn/female/face/wa_f_face01_mid.chr : FS_AllY target not exist
<16:23:32> [56B5985B] X2FaceMaker - game/objects/characters/warborn/female/face/wa_f_face01_mid.chr : mouth_Open_min target not exist
<16:23:32> [1191A6A8] X2FaceMaker - game/objects/characters/warborn/female/face/wa_f_face01_mid.chr : mouth_Open_max ex target not exist
<16:23:32> [E320B5CE] Init Face Makers - Done!
<16:23:32> [581CA53C] Script System Initialization
<16:23:32> [BA0D559B] Splash: Initializing Script System...
<16:23:32> [000004EE][Warning] [Lua Error] 1_3_0/scripts/common.lua:276: attempt to index global 'Script' (a nil value)
<16:23:32> [58F3F7FF][Warning] <null>:0: [Lua Error] Failed to execute file @game/scriptsbin/common.alb
<16:23:32> [D8B2BA54] Entity system initialization
<16:23:32> [BA0D559B] Splash: Initializing Entity System...
<16:23:32> [D55F91B2][Warning] [CEntityClassRegistry] LoadClassDescription failed, Entity Class name Chick already registered
<16:23:32> [BA0D559B] Splash: Initializing AI System...
<16:23:32> [DA019954] Initializing AI System
<16:23:32> [2546BCC5] Initializing Budgeting System
<16:23:32> [C0E19025] Initializing Seamless System
<16:23:32> [BA0D559B] Splash: Loading Game Data...
<16:23:34> [90B8EC50][Warning] too many ranges: aoe_shapes descs 10156(10156) threshold 100 ranges 12
<16:23:35> [BA4AD6CE] Loading portal list
<16:23:35> [92597454] Portal added, enter: 3891, exit: 6629
<16:23:35> [92597454] Portal added, enter: 21448, exit: 21449
<16:23:35> [92597454] Portal added, enter: 21450, exit: 21451
<16:23:35> [92597454] Portal added, enter: 21452, exit: 21453
<16:23:35> [92597454] Portal added, enter: 21698, exit: 21699
<16:23:35> [92597454] Portal added, enter: 22023, exit: 22024
<16:23:35> [92597454] Portal added, enter: 22042, exit: 22066
<16:23:35> [92597454] Portal added, enter: 22136, exit: 22137
<16:23:35> [92597454] Portal added, enter: 22163, exit: 22164
<16:23:35> [92597454] Portal added, enter: 22184, exit: 22185
<16:23:35> [92597454] Portal added, enter: 22336, exit: 22337
<16:23:35> [92597454] Portal added, enter: 9000063, exit: 9000064
<16:23:35> [1C664009] End loading portal list
<16:23:35> [937812F7] loaded DDCMS (1396969 descs, 719156 links (17 page 16.95MB size) string) from game\db\compact.sqlite3 in 1321 ms
<16:23:35> [BA0D559B] Splash: Initializing Game System...
<16:23:35> [000004EE][Warning] [Lua Error] no localized ui text for 18 always_refund
<16:23:36> [0ADE3294][Warning] [MFX] Effect 'collisions:grenade' already present. Overriding.
<16:23:36> [311630D1][Warning] MFX WARNING: Material not found: mat_ice_breakable
<16:23:36>  
<16:23:36>    sys_spec = Custom (assuming 4)
<16:23:36>      option_anti_aliasing = 2 expected:3
<16:23:36>  
<16:23:36> [BA0D559B] Splash: Preparing Screen...
<16:23:36> [963385F6] Level System - Loading Start
<16:23:36> [806B6F8D] precaching world entities ..
<16:23:36> [7E39E0DE] precaching world entities .. done!  total (0) objects
<16:23:36> [D2B280D6] Vegetation Manager : Loading World(login2)
<16:23:36> [075AB92F] Vegetation Manager : Loading World - Done (total 36 vegetations)
<16:23:36> [B9410AA1] total 20 terrain world surfaces loaded
<16:23:36> Loading Particle Library: collisions
<16:23:36> Loading Particle Library: water
<16:23:36> Loading Particle Library: misc
<16:23:36> Loading Particle Library: ability_skill_table
<16:23:36> Loading Particle Library: ability_skill_table_k
<16:23:36> Loading Particle Library: abillity_skill_table_m
<16:23:36> Loading Particle Library: machinima
<16:23:37> Loading Particle Library: x2_effects
<16:23:37> Loading Particle Library: x2_effects_k
<16:23:37> [280A47E3] Precached total 2 materials
<16:23:37> [7B1A973B] seamless loading cell terrain(W0, 1), (L0, 0)
<16:23:37> [3EF08C47] seamless loading cell object(W0, 1), (L0, 0)
<16:23:37> [584C4FFD] [net 20:23:26.294]  dns ip:192.168.1.202
<16:23:37> [584C4FFD] [net 20:23:26.295]  dns ip:172.18.0.1
<16:23:37> [584C4FFD] [net 20:23:26.295]  dns ip:172.19.0.1
<16:23:37> [584C4FFD] [net 20:23:26.295]  dns ip:172.17.0.1
<16:23:37> [0DE3FA89][Error] CryAnimation: character-definition creation failed: game/objects/characters/elf/female/nude/el_f_kyprosa.cdf
<16:23:37> [13A58BA0][Error] CryAnimation: character-definition not found: game/objects/characters/elf/female/nude/el_f_kyprosa.cdf
<16:23:37> [4DD44108] Start DaruCommon Extension
<16:23:37> [1B425DA5] Duplicated post effect param! pszName = FilterMaskedBlurring_Amount
<16:23:37> [1B425DA5] Duplicated post effect param! pszName = FilterMaskedBlurring_MaskTexName
<16:23:37> [1B425DA5] Duplicated post effect param! pszName = FilterChromaShift_User_Amount
<16:23:37> [1B425DA5] Duplicated post effect param! pszName = FilterGrain_Amount
<16:23:37> [8F6BAA6C][Warning] Couldn't find console variable 'e_water_ocean_fft'
<16:23:37> Loading Particle Library: wind
<16:23:37> Loading Particle Library: X2_EFFECT_O
<16:23:38> [000004EE][Warning] Particle effect not found: '                                                                ', from ParticleEffect fx_land_green
<16:23:38> [12409CCC] Load Zone Finished
<16:23:38> [A39C1725] Level System - Loading Complete
<16:23:38> [27293DED] -----------------------------------------------------
<16:23:38> [120C18F5] * LOADING: 'loginbg4' loading time: 1.83 seconds
<16:23:38> [27293DED] -----------------------------------------------------
<16:23:38> [000004EE][Warning] [Lua Error] no client player exists
<16:23:38> [A13C772D][Warning] Cannot load texture ui/font_color.g, Image file format is invalid [File=ui/font_color.g]
<16:23:38> [000FABC5][Warning] CAreaGrid::BeginAreas() called before being initialized.
<16:23:38> [000004EE][Warning] I3DEngine::RegisterEntity: entity reports invalid position: Name: LightEntityName (), Class: LightEntityClass, Pos=(515.8,6996.2,587.4), aabb center=(0.0,40.0,0.0)
<16:23:41> [11E02DA3][Warning] Cannot load texture textures/defaults/16_12.dds, file missing [File=textures/defaults/16_12.dds]
<16:23:42> [1D01FDCA] Auth: client connected to server
<16:23:42> [584C4FFD] [net 20:23:42.461]  socket ip:192.168.1.202
<16:23:42> [4C920A71] mac address : 74-56-3c-fe-52-f3
<16:23:43> [A13C772D][Warning] Cannot load texture ui/font_color.g, Image file format is invalid [File=ui/font_color.g]
<16:23:49> [7CC1A260] Save Game Option
<16:23:52> [05D024BA] System:Quit
