[801989E0] BackupNameAttachment=" Build(0) Date(25 September 2025) Time(11 10 54)"  -- used by backup system
[00000020]  
[38F38F32] Log Started at #c
[0232BD25] Running 32 bit version
[7AB6F5FE] Executable: C:\Games\AAClassic\bin32\archeage.exe
[E5C771AC] FileVersion: 3.5.0.0
[F799D55F] ProductVersion: 3.5.3.0
[1F1D6B13] Using Microsoft (tm) C++ Standard Library implementation
[00000020]  
[C7D96C80] Revision: 350000
[00000020]  
[64533E3E] this is the first client
<11:11:01> [B9197FD5][Error] ConsoleVariableGroup[option_effect] key[e_particles_lod_onoff] has no default
<11:11:01> [76666E6D] 
--- CPU detection ---
<11:11:01> [F4D992D8] CPU: AMD AMD Ryzen 7 7800X3D 8-Core Processor           
<11:11:01> [3F649B02] Family: 15, Model: 1, Stepping: 2
<11:11:01> [83D12E0B] FPU: On-Chip
<11:11:01> [50919DA0] CPU Speed (estimated): 4192.020200 MHz
<11:11:01> [C73FD83A] MMX: not present
<11:11:01> [89D1077A] SSE: present
<11:11:01> [64E2B6F1] 3DNow!: present
<11:11:01> [27B7AC6E] Serial number not present or disabled
<11:11:01> [1D2D8E5B] Number of logical processors: 16
<11:11:01> [FA658084] Number of available logical processors: 16
<11:11:01> [A1F061C2] Invariant Time Stamp Counter : yes
<11:11:01> [FA0251ED] ---------------------

<11:11:01> [03E7D838] Device Info
<11:11:01> [9F603516] Device Info - 1
<11:11:01> [9F603517] Device Info - 2
<11:11:01> [9F603518] Device Info - 3
<11:11:01> [9F603519] Device Info - 4
<11:11:01> [9F60351A] Device Info - 5
<11:11:01> [9F60351B] Device Info - 6
<11:11:01> [9F60351C] Device Info - 7
<11:11:01> [E98ECC28] Video Memory Info
<11:11:01> [D5FBE664] Video Memory - 1
<11:11:01> [D5FBE665] Video Memory - 2
<11:11:01> [D5FBE666] Video Memory - 3
<11:11:01> [D5FBE667] Video Memory - 4
<11:11:01> [D5FBE668] Video Memory - 5
<11:11:01> [D5FBE669] Video Memory - 6
<11:11:01> [D5FBE66A] Video Memory - 7
<11:11:01> [D5FBE66B] Video Memory - 8
<11:11:01> [3A4D54A2][Warning] config/gpu/amd.txt line 55 contains a multiple defined GPU rating!
<11:11:01> [D20872C0] InitThreadAffinities
<11:11:01> [2F28A434] UpdateMainThreadAffinity
<11:11:01> [16962512] Windows 8 64 bit (build 6.2.9200)
<11:11:01> [38DFF081] System language: English
<11:11:01> [861A0178] Windows Directory: "C:\windows"
<11:11:01> [341B54F1] Prerequisites...
<11:11:01> [5D1B3C9C] * Installation of KB940105 hotfix required: no! (either not needed or already installed)
<11:11:01> [C65FB628] Local time is 11:11:01 09/25/25, system running for 5438 minutes
<11:11:01> [B984578D] 63426MB physical memory installed, 20738MB available, 4095MB virtual memory installed, 67 percent of memory in use
<11:11:01> [31259232] PageFile usage: 
<11:11:01> [453F0D1B] Current display mode is 2560x1440x32
<11:11:01> [8A64FCCC] IBM enhanced (101/102-key) keyboard and 3+ button mouse installed
<11:11:01> [CE30556B] ----- GPU Detection -----------------
<11:11:01> [03E7D838] Device Info
<11:11:01> [9F603516] Device Info - 1
<11:11:01> [9F603517] Device Info - 2
<11:11:01> [9F603518] Device Info - 3
<11:11:01> [9F603519] Device Info - 4
<11:11:01> [9F60351A] Device Info - 5
<11:11:01> [9F60351B] Device Info - 6
<11:11:01> [9F60351C] Device Info - 7
<11:11:01> [E98ECC28] Video Memory Info
<11:11:01> [D5FBE664] Video Memory - 1
<11:11:01> [D5FBE665] Video Memory - 2
<11:11:01> [D5FBE666] Video Memory - 3
<11:11:01> [D5FBE667] Video Memory - 4
<11:11:01> [D5FBE668] Video Memory - 5
<11:11:01> [D5FBE669] Video Memory - 6
<11:11:01> [D5FBE66A] Video Memory - 7
<11:11:01> [D5FBE66B] Video Memory - 8
<11:11:01> [99EA404A]  AMD Radeon RX 7800 XT (RADV NAVI32) (vendor = 0x1002, device = 0x747e, subSys = 0x00000000)
<11:11:01> [77718B6A] -- Video memory: 4081 MB
<11:11:01> [30DF1863] -- Minimum SM 2.0 support: yes
<11:11:01> [13E11956] -- DX11 supported: yes
<11:11:01> [50B60100] --------------------------------------------------------------------------------
<11:11:01> [5921EDBE] Stream Engine Initialization
<11:11:01> [BA0D559B] Splash: Initializing Stream Engine...
<11:11:01> [939F6EBB] Enable Resolutions : 0
<11:11:01> [A30A84B6] can't enum display resolution modes
<11:11:01> [B324CD25] Screen Resolution - 1024x768
<11:11:01> [3778EA0B] Screen Resolution - 0 (2560x1440)
<11:11:01> [A1B107F0] Screen Resolution - Test OK (2560x1440)
<11:11:01> [A9E4B0F2] Network initialization
<11:11:01> [BA0D559B] Splash: Initializing Network System...
<11:11:01> [14FAD233] Socket I/O by iocp
<11:11:01> [E36A4FB9] Physics initialization
<11:11:01> [BA0D559B] Splash: Initializing Physics...
<11:11:01> [2462D581] MovieSystem initialization
<11:11:01> [BA0D559B] Splash: Initializing Movie System...
<11:11:01> [93287AEC] Renderer initialization - Start
<11:11:01> [BA0D559B] Splash: Initializing Renderer...
<11:11:01> [91207680] Renderer initialization - Open
<11:11:01> [4377E7CB] Renderer initialization - DLL Load(CryRenderD3D9.dll)
<11:11:01> [71203A94] Renderer initialization - DLL Done
<11:11:01> [71227C22] Renderer initialization - DLL Init
<11:11:01> [C653D9CB] Renderer initialization - Instance
<11:11:02> [44D9754D] D3D Adapter: Driver name: aticfx32.dll
<11:11:02> [82BE8322] D3D Adapter: Driver description: AMD Radeon RX 7800 XT (RADV NAVI32)
<11:11:02> [2224501A] D3D Adapter: Driver version: 32767.65535.65535.65535
<11:11:02> [E8D1E30D] D3D Adapter: Driver GUID: 00000000-0003-0000-0000000000000000
<11:11:02> [BC8C1ACB] D3D Adapter: VendorId = 0x1002
<11:11:02> [B6A10CFD] D3D Adapter: DeviceId = 0x747E
<11:11:02> [0678E702] D3D Adapter: SubSysId = 0x00000000
<11:11:02> [F2243F0E] D3D Adapter: Revision = 0
<11:11:02> [E571CFEE] Shader manager initialization
<11:11:04> [05BAAEF6] CResFile allocations incurred by user cache preload: (21525.81k)
<11:11:04> [911B73B8] Renderer initialization - Done
<11:11:04> [8E444EA9] Console initialization
<11:11:04> [2904A233] Time initialization
<11:11:04> [3650CFD6] Input initialization
<11:11:04> [BA0D559B] Splash: Initializing Input System...
<11:11:04> Initializing Keyboard
<11:11:04> [99640BF1] Sound initialization
<11:11:04> [BA0D559B] Splash: Initializing Sound System...
<11:11:04> [2C33885C] Sound - Initializing AudioDevice now!
<11:11:04> [E46760A9] <Sound> Initialize FMOD with dynamic memory callbacks
<11:11:05> [D6755BFD] <Sound> Starting to initialize Windows Audio Session API output! 
<11:11:05> [F7E8E3CD] <Sound> Drivers found: 6
<11:11:05> [9B899242] <Sound> Available drivers:
	1.	PulseAudio Output (PulseAudio Output)
	2.	Blue Microphones Analog Stereo (Blue Microphones Analog Stereo)
	3.	soundcore Liberty 4 NC (soundcore Liberty 4 NC)
	4.	Wireless Controller (Wireless Controller)
	5.	Navi 31 HDMI/DP Audio Digital Stereo (HDMI) (Navi 31 HDMI/DP Audio Digital Stereo (HDMI))
	6.	Family 17h/19h/1ah HD Audio Controller Analog Stereo (Family 17h/19h/1ah HD Audio Controller Analog Stereo)
<11:11:05> [A0BBF7E1] <Sound> FmodEx-AudioDevice: Now running on driver: PulseAudio Output (PulseAudio Output)
<11:11:05> [14D8EFE1] <Sound> Using speaker mode: FMOD_SPEAKERMODE_STEREO
<11:11:05> [E79C27E5] <Sound> Initializing FMOD-EX now!
<11:11:05> [E2A9FE08] <Sound> Available record drivers: 0 PulseAudio Input (PulseAudio Input) !
<11:11:05> [E2A9FE08] <Sound> Available record drivers: 1 soundcore Liberty 4 NC (soundcore Liberty 4 NC) !
<11:11:05> [E2A9FE08] <Sound> Available record drivers: 2 Family 17h/19h/1ah HD Audio Controller Analog Stereo (Family 17h/19h/1ah HD Audio Controller Analog Stereo) !
<11:11:05> [E2A9FE08] <Sound> Available record drivers: 3 Wireless Controller (Wireless Controller) !
<11:11:05> [E2A9FE08] <Sound> Available record drivers: 4 Blue Microphones Analog Stereo (Blue Microphones Analog Stereo) !
<11:11:05> [E2A9FE08] <Sound> Available record drivers: 5 Monitor of Family 17h/19h/1ah HD Audio Controller (Monitor of Family 17h/19h/1ah HD Audio Controller) !
<11:11:05> [E2A9FE08] <Sound> Available record drivers: 6 Monitor of Blue Microphones Analog Stereo (Monitor of Blue Microphones Analog Stereo) !
<11:11:05> [E2A9FE08] <Sound> Available record drivers: 7 Wireless Controller (Wireless Controller) !
<11:11:05> [E2A9FE08] <Sound> Available record drivers: 8 Monitor of soundcore Liberty 4 NC (Monitor of soundcore Liberty 4 NC) !
<11:11:05> [E2A9FE08] <Sound> Available record drivers: 9 Monitor of Navi 31 HDMI/DP Audio Digital Stereo (HDMI) (Monitor of Navi 31 HDMI/DP Audio Digital Stereo (HDMI)) !
<11:11:05> [6841BE38] <Sound> Record config is set to autodetect using record driver 0
<11:11:05> [7808B4C4] <Sound> Using FMOD version: 00044414 and internal 00044414!
<11:11:05> [2A2815C7] <Sound> Initialized FMOD-EX
<11:11:05> [BE4EF52E] Sound - Initializing SoundSystem now!
<11:11:05> [0D547471] Font initialization
<11:11:05> [BA0D559B] Splash: Initializing Fonts...
<11:11:05> [C194F7C8][Warning] Cannot load texture textures/defaults/replacemecm.tif, file missing [File=textures/defaults/replacemecm.dds]
<11:11:06> [84206398] AI initialization
<11:11:06> [1BC221DE] Initializing Animation System
<11:11:06> [BA0D559B] Splash: Initializing Animation System...
<11:11:06> [9E592EFE] Initializing 3D Engine
<11:11:06> [BA0D559B] Splash: Initializing 3D Engine...
<11:11:06> [637AF710][Warning] missing chr material : game/objects/characters/ferre/female/nude/Standard_22.mtl (chr: game/objects/characters/ferre/female/nude/fe_f_base.chr)
<11:11:06> [91F5AEEC][Warning] number of bones mismatch! game/objects/characters/ferre/female/nude/fe_f_base.chr=195 game/objects/characters/ferre/female/nude/fe_f_base_lod1.chr=185
<11:11:08> [7415A452] CHR PreCaching 25 Done
<11:11:08> [E7AD4E53] AddSharedMorphTargets - Failed to load objects/characters/dwarf/male/face/dw_m_face00.chr
<11:11:08> [61AD1790] MorphTargetPreCaching - objects/characters/dwarf/male/face/dw_m_face00.chr Add Failed
<11:11:08> [A4A6E4C6] MorphTarget PreCaching 11 Done
<11:11:08> [5ACB40E2] Init Face Makers
<11:11:08> [56B5985B] X2FaceMaker - game/objects/characters/nuian/male/face/nu_m_face01_mid.chr : mouth_UnderbiteOverbite target not exist
<11:11:08> [56B5985B] X2FaceMaker - game/objects/characters/nuian/male/face/nu_m_face01_mid.chr : mouth_UnderbiteOverbite target not exist
<11:11:08> [56B5985B] X2FaceMaker - game/objects/characters/nuian/male/face/nu_m_face01_mid.chr : mouth_UnderbiteOverbite target not exist
<11:11:08> [4ABB03EB] game/objects/characters/ferre/female/face/fe_f_face01_low.chr(303) - objects/characters/ferre/female/face/fe_f_face00.chr(3063) SharedMorph is not matched
<11:11:08> [56B5985B] X2FaceMaker - game/objects/characters/nuian/male/face/nu_m_face01_mid.chr : mouth_UnderbiteOverbite target not exist
<11:11:08> [56B5985B] X2FaceMaker - game/objects/characters/nuian/male/face/nu_m_face01_mid.chr : nose_dw_SeptumVol target not exist
<11:11:08> [56B5985B] X2FaceMaker - game/objects/characters/nuian/male/face/nu_m_face01_mid.chr : nose_dw_NasalZposition target not exist
<11:11:08> [56B5985B] X2FaceMaker - game/objects/characters/nuian/male/face/nu_m_face01_mid.chr : FS_dwEarSize target not exist
<11:11:08> [56B5985B] X2FaceMaker - game/objects/characters/nuian/male/face/nu_m_face01_mid.chr : dwarf_Morph target not exist
<11:11:08> [56B5985B] X2FaceMaker - game/objects/characters/nuian/male/face/nu_m_face01_mid.chr : FS_dw_CheekMeat_min target not exist
<11:11:08> [1191A6A8] X2FaceMaker - game/objects/characters/nuian/male/face/nu_m_face01_mid.chr : FS_dw_CheekMeat_max ex target not exist
<11:11:08> [56B5985B] X2FaceMaker - game/objects/characters/warborn/male/face/wa_m_face01_mid.chr : eye_Forehead target not exist
<11:11:08> [56B5985B] X2FaceMaker - game/objects/characters/warborn/male/face/wa_m_face01_mid.chr : eye_Tail_min target not exist
<11:11:08> [1191A6A8] X2FaceMaker - game/objects/characters/warborn/male/face/wa_m_face01_mid.chr : eye_Tail_max ex target not exist
<11:11:08> [56B5985B] X2FaceMaker - game/objects/characters/warborn/male/face/wa_m_face01_mid.chr : eye_WidthLength_min target not exist
<11:11:08> [1191A6A8] X2FaceMaker - game/objects/characters/warborn/male/face/wa_m_face01_mid.chr : eye_WidthLength_max ex target not exist
<11:11:08> [56B5985B] X2FaceMaker - game/objects/characters/warborn/male/face/wa_m_face01_mid.chr : eye_DoubleEyelidShape target not exist
<11:11:08> [56B5985B] X2FaceMaker - game/objects/characters/warborn/male/face/wa_m_face01_mid.chr : eye_BrowXposition target not exist
<11:11:08> [56B5985B] X2FaceMaker - game/objects/characters/warborn/male/face/wa_m_face01_mid.chr : eye_BrowZposition target not exist
<11:11:08> [56B5985B] X2FaceMaker - game/objects/characters/warborn/male/face/wa_m_face01_mid.chr : nose_Nostril target not exist
<11:11:08> [56B5985B] X2FaceMaker - game/objects/characters/warborn/male/face/wa_m_face01_mid.chr : nose_Size target not exist
<11:11:08> [56B5985B] X2FaceMaker - game/objects/characters/warborn/male/face/wa_m_face01_mid.chr : nose_SeptumZposition target not exist
<11:11:08> [56B5985B] X2FaceMaker - game/objects/characters/warborn/male/face/wa_m_face01_mid.chr : nose_End target not exist
<11:11:08> [56B5985B] X2FaceMaker - game/objects/characters/warborn/male/face/wa_m_face01_mid.chr : nose_Size target not exist
<11:11:08> [56B5985B] X2FaceMaker - game/objects/characters/warborn/male/face/wa_m_face01_mid.chr : mouth_UpperLipVolume target not exist
<11:11:08> [56B5985B] X2FaceMaker - game/objects/characters/warborn/male/face/wa_m_face01_mid.chr : mouth_LowerLipVolume target not exist
<11:11:08> [56B5985B] X2FaceMaker - game/objects/characters/warborn/male/face/wa_m_face01_mid.chr : mouth_UpperLipOpen target not exist
<11:11:08> [56B5985B] X2FaceMaker - game/objects/characters/warborn/male/face/wa_m_face01_mid.chr : mouth_LowerLipOpen target not exist
<11:11:08> [56B5985B] X2FaceMaker - game/objects/characters/warborn/male/face/wa_m_face01_mid.chr : mouth_MouthOpen target not exist
<11:11:08> [56B5985B] X2FaceMaker - game/objects/characters/warborn/male/face/wa_m_face01_mid.chr : mouth_Size target not exist
<11:11:08> [56B5985B] X2FaceMaker - game/objects/characters/warborn/male/face/wa_m_face01_mid.chr : mouth_Shape_min target not exist
<11:11:08> [1191A6A8] X2FaceMaker - game/objects/characters/warborn/male/face/wa_m_face01_mid.chr : mouth_Shape_max ex target not exist
<11:11:08> [56B5985B] X2FaceMaker - game/objects/characters/warborn/male/face/wa_m_face01_mid.chr : mouth_TeethZposition target not exist
<11:11:08> [56B5985B] X2FaceMaker - game/objects/characters/warborn/male/face/wa_m_face01_mid.chr : FS_JawHigh_min target not exist
<11:11:08> [1191A6A8] X2FaceMaker - game/objects/characters/warborn/male/face/wa_m_face01_mid.chr : FS_JawHigh_max ex target not exist
<11:11:08> [56B5985B] X2FaceMaker - game/objects/characters/warborn/male/face/wa_m_face01_mid.chr : FS_EarRotate_min target not exist
<11:11:08> [1191A6A8] X2FaceMaker - game/objects/characters/warborn/male/face/wa_m_face01_mid.chr : FS_EarRotate_max ex target not exist
<11:11:08> [56B5985B] X2FaceMaker - game/objects/characters/warborn/male/face/wa_m_face01_mid.chr : FS_Beard1 target not exist
<11:11:08> [56B5985B] X2FaceMaker - game/objects/characters/warborn/male/face/wa_m_face01_mid.chr : FS_Beard2 target not exist
<11:11:08> [56B5985B] X2FaceMaker - game/objects/characters/warborn/male/face/wa_m_face01_mid.chr : FS_Beard3 target not exist
<11:11:08> [56B5985B] X2FaceMaker - game/objects/characters/warborn/female/face/wa_f_face01_mid.chr : eye_Yposition_min target not exist
<11:11:08> [1191A6A8] X2FaceMaker - game/objects/characters/warborn/female/face/wa_f_face01_mid.chr : eye_Yposition_max ex target not exist
<11:11:08> [56B5985B] X2FaceMaker - game/objects/characters/warborn/female/face/wa_f_face01_mid.chr : FS_AllLowerY target not exist
<11:11:08> [56B5985B] X2FaceMaker - game/objects/characters/warborn/female/face/wa_f_face01_mid.chr : FS_AllRotate target not exist
<11:11:08> [56B5985B] X2FaceMaker - game/objects/characters/warborn/female/face/wa_f_face01_mid.chr : FS_AllY target not exist
<11:11:08> [56B5985B] X2FaceMaker - game/objects/characters/warborn/female/face/wa_f_face01_mid.chr : mouth_Open_min target not exist
<11:11:08> [1191A6A8] X2FaceMaker - game/objects/characters/warborn/female/face/wa_f_face01_mid.chr : mouth_Open_max ex target not exist
<11:11:08> [E320B5CE] Init Face Makers - Done!
<11:11:08> [581CA53C] Script System Initialization
<11:11:08> [BA0D559B] Splash: Initializing Script System...
<11:11:08> [000004EE][Warning] [Lua Error] 1_3_0/scripts/common.lua:276: attempt to index global 'Script' (a nil value)
<11:11:08> [58F3F7FF][Warning] <null>:0: [Lua Error] Failed to execute file @game/scriptsbin/common.alb
<11:11:08> [D8B2BA54] Entity system initialization
<11:11:08> [BA0D559B] Splash: Initializing Entity System...
<11:11:08> [D55F91B2][Warning] [CEntityClassRegistry] LoadClassDescription failed, Entity Class name Chick already registered
<11:11:08> [BA0D559B] Splash: Initializing AI System...
<11:11:08> [DA019954] Initializing AI System
<11:11:08> [2546BCC5] Initializing Budgeting System
<11:11:08> [C0E19025] Initializing Seamless System
<11:11:09> [BA0D559B] Splash: Loading Game Data...
<11:11:10> [90B8EC50][Warning] too many ranges: aoe_shapes descs 10156(10156) threshold 100 ranges 12
<11:11:11> [BA4AD6CE] Loading portal list
<11:11:11> [92597454] Portal added, enter: 3891, exit: 6629
<11:11:11> [92597454] Portal added, enter: 21448, exit: 21449
<11:11:11> [92597454] Portal added, enter: 21450, exit: 21451
<11:11:11> [92597454] Portal added, enter: 21452, exit: 21453
<11:11:11> [92597454] Portal added, enter: 21698, exit: 21699
<11:11:11> [92597454] Portal added, enter: 22023, exit: 22024
<11:11:11> [92597454] Portal added, enter: 22042, exit: 22066
<11:11:11> [92597454] Portal added, enter: 22136, exit: 22137
<11:11:11> [92597454] Portal added, enter: 22163, exit: 22164
<11:11:11> [92597454] Portal added, enter: 22184, exit: 22185
<11:11:11> [92597454] Portal added, enter: 22336, exit: 22337
<11:11:11> [92597454] Portal added, enter: 9000063, exit: 9000064
<11:11:11> [1C664009] End loading portal list
<11:11:11> [937812F7] loaded DDCMS (1396969 descs, 719156 links (17 page 16.95MB size) string) from game\db\compact.sqlite3 in 1467 ms
<11:11:11> [BA0D559B] Splash: Initializing Game System...
<11:11:11> [000004EE][Warning] [Lua Error] no localized ui text for 18 always_refund
<11:11:12> [0ADE3294][Warning] [MFX] Effect 'collisions:grenade' already present. Overriding.
<11:11:13> [311630D1][Warning] MFX WARNING: Material not found: mat_ice_breakable
<11:11:13>  
<11:11:13>    sys_spec = Custom (assuming 4)
<11:11:13>      option_animation = 5 expected:4
<11:11:13>      option_anti_aliasing = 2 expected:3
<11:11:13>      option_character_lod = 5 expected:4
<11:11:13>      option_effect = 5 expected:4
<11:11:13>      option_shader_quality = 5 expected:4
<11:11:13>      option_shadow_dist = 5 expected:4
<11:11:13>      option_shadow_view_dist_ratio = 5 expected:4
<11:11:13>      option_shadow_view_dist_ratio_character = 5 expected:4
<11:11:13>      option_terrain_detail = 5 expected:4
<11:11:13>      option_terrain_lod = 5 expected:4
<11:11:13>      option_texture_bg = 5 expected:4
<11:11:13>      option_texture_character = 5 expected:4
<11:11:13>      option_view_dist_ratio = 5 expected:4
<11:11:13>      option_view_dist_ratio_vegetation = 5 expected:4
<11:11:13>      option_view_distance = 5 expected:4
<11:11:13>      option_volumetric_effect = 5 expected:4
<11:11:13>      option_water = 5 expected:4
<11:11:13>  
<11:11:13> [BA0D559B] Splash: Preparing Screen...
<11:11:13> [963385F6] Level System - Loading Start
<11:11:13> [806B6F8D] precaching world entities ..
<11:11:13> [7E39E0DE] precaching world entities .. done!  total (0) objects
<11:11:13> [D2B280D6] Vegetation Manager : Loading World(login2)
<11:11:13> [075AB92F] Vegetation Manager : Loading World - Done (total 36 vegetations)
<11:11:13> [B9410AA1] total 20 terrain world surfaces loaded
<11:11:13> Loading Particle Library: collisions
<11:11:13> Loading Particle Library: water
<11:11:13> Loading Particle Library: misc
<11:11:13> Loading Particle Library: ability_skill_table
<11:11:13> Loading Particle Library: ability_skill_table_k
<11:11:13> Loading Particle Library: abillity_skill_table_m
<11:11:13> Loading Particle Library: machinima
<11:11:13> Loading Particle Library: x2_effects
<11:11:14> Loading Particle Library: x2_effects_k
<11:11:14> [280A47E3] Precached total 2 materials
<11:11:14> [7B1A973B] seamless loading cell terrain(W0, 1), (L0, 0)
<11:11:14> [3EF08C47] seamless loading cell object(W0, 1), (L0, 0)
<11:11:14> [584C4FFD] [net 15:11:01.943]  dns ip:192.168.1.202
<11:11:14> [584C4FFD] [net 15:11:01.943]  dns ip:172.18.0.1
<11:11:14> [584C4FFD] [net 15:11:01.943]  dns ip:172.19.0.1
<11:11:14> [584C4FFD] [net 15:11:01.943]  dns ip:172.17.0.1
<11:11:14> [0DE3FA89][Error] CryAnimation: character-definition creation failed: game/objects/characters/elf/female/nude/el_f_kyprosa.cdf
<11:11:14> [13A58BA0][Error] CryAnimation: character-definition not found: game/objects/characters/elf/female/nude/el_f_kyprosa.cdf
<11:11:14> [4DD44108] Start DaruCommon Extension
<11:11:14> [1B425DA5] Duplicated post effect param! pszName = FilterMaskedBlurring_Amount
<11:11:14> [1B425DA5] Duplicated post effect param! pszName = FilterMaskedBlurring_MaskTexName
<11:11:14> [1B425DA5] Duplicated post effect param! pszName = FilterChromaShift_User_Amount
<11:11:14> [1B425DA5] Duplicated post effect param! pszName = FilterGrain_Amount
<11:11:14> [8F6BAA6C][Warning] Couldn't find console variable 'e_water_ocean_fft'
<11:11:14> Loading Particle Library: wind
<11:11:14> Loading Particle Library: X2_EFFECT_O
<11:11:14> [000004EE][Warning] Particle effect not found: '                                                                ', from ParticleEffect fx_land_green
<11:11:14> [12409CCC] Load Zone Finished
<11:11:14> [A39C1725] Level System - Loading Complete
<11:11:14> [27293DED] -----------------------------------------------------
<11:11:14> [120C18F5] * LOADING: 'loginbg4' loading time: 1.85 seconds
<11:11:14> [27293DED] -----------------------------------------------------
<11:11:15> [000004EE][Warning] [Lua Error] no client player exists
<11:11:15> [A13C772D][Warning] Cannot load texture ui/font_color.g, Image file format is invalid [File=ui/font_color.g]
<11:11:15> [000FABC5][Warning] CAreaGrid::BeginAreas() called before being initialized.
<11:11:16> [1D01FDCA] Auth: client connected to server
<11:11:16> [584C4FFD] [net 15:11:16.971]  socket ip:192.168.1.202
<11:11:16> [4C920A71] mac address : 74-56-3c-fe-52-f3
<11:11:19> [584C4FFD] [net 15:11:19.733] connection requested to: 192.95.21.64:1239
<11:11:19> [4ABA7BDB] Auth: client disconnected (reason=0)
<11:11:19> [0F08E548] [NetConnection] connect completed (succeeded:true)
<11:11:19> [48F7BDF2] invalid world id in world queue packet
<11:11:20> [26623ECA] ucc info.. 5 0
<11:11:20> [4516816D] pay method: person
<11:11:20> [4AA30841] pay location: person
<11:11:20> [ADF1C07E] pay start: 1900-1-1 00:00:00
<11:11:20> [6486A277] pay end: 1900-1-1 00:00:00
<11:11:20> [FFF6198C] premium point: 0
<11:11:20> [481C0862] premium grade: premium_0
<11:11:20> [88D9AB0C] real pay time: 0
<11:11:20> [9FC303B8][Error] [CVARS]: [DUPLICATE] CXConsole::RegisterFloat(): variable [camera_max_dist] is already registered
<11:11:20> [34CCC219] stream: connected to world server
<11:11:20> [06A46B5B] stream: authorized by world server
<11:11:20> [4516816D] pay method: person
<11:11:20> [4AA30841] pay location: person
<11:11:20> [ADF1C07E] pay start: 1900-1-1 00:00:00
<11:11:20> [6486A277] pay end: 2037-12-31 16:00:00
<11:11:20> [FFF6198C] premium point: 0
<11:11:20> [481C0862] premium grade: premium_0
<11:11:20> [88D9AB0C] real pay time: -1
<11:11:20> [82321C2B][Warning] [net 15:11:20.529] [time] remote time estimation restarted; estimate accumulator age was 326349.062500
<11:11:22> [637AF710][Warning] missing chr material : game/objects/characters/warborn/female/parts/ar/obj/wa_f_ar_leather181.mtl (chr: game/objects/characters/warborn/female/parts/ar/obj/wa_f_1ac014_1ar117_2ar602_2arm004_2bt005_2pv002.chr)
<11:11:22> [000004EE][Warning] [Lua Error] no localized ui text for 18 always_refund
<11:11:22> [09F46B9D]     cl_fov = 90 []
<11:11:22> [09F46B9D]     camera_max_dist = 180 []
<11:11:22> [09F46B9D]     name_tag_hp_width_on_bgmode = 80 []
<11:11:22> [09F46B9D]     name_tag_hp_height_on_bgmode = 30 []
<11:11:22> [A13C772D][Warning] Cannot load texture ui/font_color.g, Image file format is invalid [File=ui/font_color.g]
<11:11:22> [06E6A3E9][Warning] Cannot load texture ui/login_stage/queue.dds, file missing [File=ui/login_stage/queue.dds]
<11:11:23> [DA579B6C][Error] can't load client driven connect info.. Kompy
<11:11:29> [9FC303B8][Error] [CVARS]: [DUPLICATE] CXConsole::RegisterFloat(): variable [ui_double_click_interval] is already registered
<11:11:29> [0DE3FA89][Error] CryAnimation: character-definition creation failed: game/objects/characters/returned/female/nude/re_f.cdf
<11:11:29> [82321C2B][Warning] [net 15:11:29.725] [time] remote time estimation restarted; estimate accumulator age was 3.585098
<11:11:29> [6FF68EA5] SetInstantTime: type 0 time 0
<11:11:29> [6FF68EA5] SetInstantTime: type 1 time 1758741899
<11:11:29> [6FF68EA5] SetInstantTime: type 2 time 1758736008
<11:11:29> [6FF68EA5] SetInstantTime: type 3 time 0
<11:11:29> [6FF68EA5] SetInstantTime: type 4 time 0
<11:11:29> [6FF68EA5] SetInstantTime: type 5 time 0
<11:11:29> [6FF68EA5] SetInstantTime: type 6 time 0
<11:11:29> [6FF68EA5] SetInstantTime: type 7 time 1758806967
<11:11:29> [0E61BD35] ExpeditionMember 2 added
<11:11:29> [51CFCC4C] ExpeditionMember count matched. total 2
<11:11:29> [966861E8][Warning] GetAllPolicies empty
<11:11:29> [67B7DD8A][Warning] my ExpeditionMemberDesc not exist
<11:11:29> [7AB931CE] seamless unloading cell object(W0, 0), (L0, 0)
<11:11:29> [4B1E8B22] unload cell object count : 1511
<11:11:29> [B866A294] seamless unloading cell terrain(W0, 0), (L0, 0)
<11:11:29> [963385F6] Level System - Loading Start
<11:11:30> [E0E0EDAE][Warning] failed to load zone time of day from game/worlds/main_world/zone/225//time_of_day.xml
<11:11:30> [AB17243B][Warning] failed to load zone environment from game/worlds/main_world/zone/309//env.xml
<11:11:30> [35D4413E][Warning] failed to load zone clouds from game/worlds/main_world/zone/309//clouds.xml
<11:11:30> [806B6F8D] precaching world entities ..
<11:11:30> [7E39E0DE] precaching world entities .. done!  total (1778) objects
<11:11:30> [D2B280D6] Vegetation Manager : Loading World(main_world)
<11:11:31> [075AB92F] Vegetation Manager : Loading World - Done (total 3055 vegetations)
<11:11:31> [000004EE][Error] CTerrain::LoadWorldSurfaces: Error loading material: materials/Terrain/gweonidforest/w_forest_road_a1
<11:11:31> [751FFB9E][Warning] Error: CShaderMan::mfCreateShaderResources: Couldn't find detail texture
'game/textures/aa_terrain/canyon/tr_canyon_rock_616a_ddn.tga' in path '' [File=game/textures/aa_terrain/canyon/tr_canyon_rock_616a_ddn.tga]
<11:11:31> [B9410AA1] total 600 terrain world surfaces loaded
<11:11:31> [280A47E3] Precached total 4 materials
<11:11:31> [7B1A973B] seamless loading cell terrain(W16, 8), (L4, 4)
<11:11:31> [7B1A973B] seamless loading cell terrain(W17, 8), (L5, 4)
<11:11:31> [7B1A973B] seamless loading cell terrain(W16, 7), (L4, 3)
<11:11:31> [7B1A973B] seamless loading cell terrain(W16, 9), (L4, 5)
<11:11:31> [7B1A973B] seamless loading cell terrain(W17, 7), (L5, 3)
<11:11:31> [7B1A973B] seamless loading cell terrain(W15, 8), (L3, 4)
<11:11:31> [7B1A973B] seamless loading cell terrain(W17, 9), (L5, 5)
<11:11:31> [7B1A973B] seamless loading cell terrain(W15, 7), (L3, 3)
<11:11:31> [7B1A973B] seamless loading cell terrain(W15, 9), (L3, 5)
<11:11:31> [7B1A973B] seamless loading cell terrain(W18, 8), (L6, 4)
<11:11:31> [7B1A973B] seamless loading cell terrain(W16, 6), (L4, 2)
<11:11:31> [7B1A973B] seamless loading cell terrain(W18, 7), (L6, 3)
<11:11:31> [7B1A973B] seamless loading cell terrain(W17, 6), (L5, 2)
<11:11:31> [7B1A973B] seamless loading cell terrain(W18, 9), (L6, 5)
<11:11:31> [7B1A973B] seamless loading cell terrain(W16, 10), (L4, 6)
<11:11:31> [7B1A973B] seamless loading cell terrain(W17, 10), (L5, 6)
<11:11:31> [7B1A973B] seamless loading cell terrain(W14, 8), (L2, 4)
<11:11:31> [7B1A973B] seamless loading cell terrain(W15, 6), (L3, 2)
<11:11:31> [7B1A973B] seamless loading cell terrain(W14, 7), (L2, 3)
<11:11:31> [7B1A973B] seamless loading cell terrain(W15, 10), (L3, 6)
<11:11:31> [7B1A973B] seamless loading cell terrain(W14, 9), (L2, 5)
<11:11:31> [7B1A973B] seamless loading cell terrain(W18, 6), (L6, 2)
<11:11:31> [7B1A973B] seamless loading cell terrain(W18, 10), (L6, 6)
<11:11:31> [7B1A973B] seamless loading cell terrain(W19, 8), (L7, 4)
<11:11:31> [7B1A973B] seamless loading cell terrain(W19, 7), (L7, 3)
<11:11:31> [7B1A973B] seamless loading cell terrain(W16, 5), (L4, 1)
<11:11:31> [7B1A973B] seamless loading cell terrain(W19, 9), (L7, 5)
<11:11:31> [7B1A973B] seamless loading cell terrain(W14, 6), (L2, 2)
<11:11:31> [7B1A973B] seamless loading cell terrain(W17, 5), (L5, 1)
<11:11:31> [7B1A973B] seamless loading cell terrain(W14, 10), (L2, 6)
<11:11:31> [7B1A973B] seamless loading cell terrain(W16, 11), (L4, 7)
<11:11:31> [7B1A973B] seamless loading cell terrain(W15, 5), (L3, 1)
<11:11:31> [7B1A973B] seamless loading cell terrain(W17, 11), (L5, 7)
<11:11:31> [7B1A973B] seamless loading cell terrain(W13, 8), (L1, 4)
<11:11:31> [7B1A973B] seamless loading cell terrain(W19, 6), (L7, 2)
<11:11:31> [7B1A973B] seamless loading cell terrain(W15, 11), (L3, 7)
<11:11:31> [7B1A973B] seamless loading cell terrain(W18, 5), (L6, 1)
<11:11:31> [7B1A973B] seamless loading cell terrain(W13, 7), (L1, 3)
<11:11:31> [7B1A973B] seamless loading cell terrain(W19, 10), (L7, 6)
<11:11:31> [7B1A973B] seamless loading cell terrain(W13, 9), (L1, 5)
<11:11:31> [7B1A973B] seamless loading cell terrain(W18, 11), (L6, 7)
<11:11:31> [7B1A973B] seamless loading cell terrain(W14, 5), (L2, 1)
<11:11:31> [7B1A973B] seamless loading cell terrain(W13, 6), (L1, 2)
<11:11:31> [7B1A973B] seamless loading cell terrain(W14, 11), (L2, 7)
<11:11:31> [7B1A973B] seamless loading cell terrain(W13, 10), (L1, 6)
<11:11:31> [7B1A973B] seamless loading cell terrain(W16, 4), (L4, 0)
<11:11:31> [7B1A973B] seamless loading cell terrain(W17, 4), (L5, 0)
<11:11:31> [7B1A973B] seamless loading cell terrain(W19, 5), (L7, 1)
<11:11:31> [7B1A973B] seamless loading cell terrain(W15, 4), (L3, 0)
<11:11:31> [7B1A973B] seamless loading cell terrain(W19, 11), (L7, 7)
<11:11:31> [7B1A973B] seamless loading cell terrain(W18, 4), (L6, 0)
<11:11:31> [7B1A973B] seamless loading cell terrain(W12, 8), (L0, 4)
<11:11:31> [7B1A973B] seamless loading cell terrain(W12, 7), (L0, 3)
<11:11:31> [7B1A973B] seamless loading cell terrain(W13, 5), (L1, 1)
<11:11:31> [7B1A973B] seamless loading cell terrain(W12, 9), (L0, 5)
<11:11:31> [7B1A973B] seamless loading cell terrain(W13, 11), (L1, 7)
<11:11:31> [7B1A973B] seamless loading cell terrain(W14, 4), (L2, 0)
<11:11:31> [7B1A973B] seamless loading cell terrain(W12, 6), (L0, 2)
<11:11:31> [7B1A973B] seamless loading cell terrain(W12, 10), (L0, 6)
<11:11:31> [7B1A973B] seamless loading cell terrain(W19, 4), (L7, 0)
<11:11:31> [7B1A973B] seamless loading cell terrain(W13, 4), (L1, 0)
<11:11:31> [7B1A973B] seamless loading cell terrain(W12, 5), (L0, 1)
<11:11:31> [7B1A973B] seamless loading cell terrain(W12, 11), (L0, 7)
<11:11:31> [7B1A973B] seamless loading cell terrain(W12, 4), (L0, 0)
<11:11:31> [3EF08C47] seamless loading cell object(W16, 8), (L4, 4)
<11:11:31> [000004EE][Warning] [CGF Error] game/objects/env/02_harihara/01_ma/ma_top05.cgf [:] non-uniform scale(0.70, 1.00, 0.70) at node(Box11)
<11:11:32> Loading Particle Library: X2_EFFECTS_P
<11:11:32> Loading Particle Library: x2_sounds
<11:11:32> [3EF08C47] seamless loading cell object(W17, 8), (L5, 4)
<11:11:32> [A5DDEC33][Warning] Warning: CShaderMan::mfForName: NULL name
<11:11:32> [CF2CE049][Warning] CMTSafeHeap::m_pBigPool is full. (6031863, MemoryBlock)
<11:11:32> [3EF08C47] seamless loading cell object(W16, 7), (L4, 3)
<11:11:32> [000004EE][Warning] [CGF Error] game/objects/env/01_nuia/001_housing/housing_people/hs_people_roof_a.cgf [:] Duplicate LOD helper $lod2 hs_people_roof_a
<11:11:32> [3EF08C47] seamless loading cell object(W16, 9), (L4, 5)
<11:11:33> [3EF08C47] seamless loading cell object(W17, 7), (L5, 3)
<11:11:33> [3EF08C47] seamless loading cell object(W15, 8), (L3, 4)
<11:11:33> [3EF08C47] seamless loading cell object(W17, 9), (L5, 5)
<11:11:33> [3EF08C47] seamless loading cell object(W15, 7), (L3, 3)
<11:11:33> [3EF08C47] seamless loading cell object(W15, 9), (L3, 5)
<11:11:33> [3EF08C47] seamless loading cell object(W18, 8), (L6, 4)
<11:11:33> [000004EE][Warning] [CGF Error] game/objects/env/02_harihara/001_hcom/hcom_cart_b.cgf [:] LOD1 of geometry hcom_cart_b contains too many polygons comparing to the LOD0 [770 against 1114] :
<11:11:33> [3EF08C47] seamless loading cell object(W16, 6), (L4, 2)
<11:11:33> [3EF08C47] seamless loading cell object(W18, 7), (L6, 3)
<11:11:33> [3EF08C47] seamless loading cell object(W17, 6), (L5, 2)
<11:11:33> [CE0EF930][Warning] failed to stream cgf : objects/env/05_nature/08_cry_source/rocks/road_rocks/road_rocks_flat_grey_a.cgf
<11:11:34> [3EF08C47] seamless loading cell object(W18, 9), (L6, 5)
<11:11:34> [3EF08C47] seamless loading cell object(W16, 10), (L4, 6)
<11:11:34> [3EF08C47] seamless loading cell object(W17, 10), (L5, 6)
<11:11:34> [3EF08C47] seamless loading cell object(W14, 8), (L2, 4)
<11:11:34> [3EF08C47] seamless loading cell object(W15, 6), (L3, 2)
<11:11:34> [3EF08C47] seamless loading cell object(W14, 7), (L2, 3)
<11:11:34> [3EF08C47] seamless loading cell object(W15, 10), (L3, 6)
<11:11:34> [3EF08C47] seamless loading cell object(W14, 9), (L2, 5)
<11:11:34> [3EF08C47] seamless loading cell object(W18, 6), (L6, 2)
<11:11:34> [3EF08C47] seamless loading cell object(W18, 10), (L6, 6)
<11:11:34> [A4D70365][Warning] rigid-body own-entity; prefab=Prefabs/interaction.xml/toy.crane node=AnimObject_1
<11:11:34> [3EF08C47] seamless loading cell object(W16, 5), (L4, 1)
<11:11:34> [3EF08C47] seamless loading cell object(W14, 6), (L2, 2)
<11:11:34> [3EF08C47] seamless loading cell object(W17, 5), (L5, 1)
<11:11:34> [3EF08C47] seamless loading cell object(W14, 10), (L2, 6)
<11:11:34> [3EF08C47] seamless loading cell object(W15, 5), (L3, 1)
<11:11:34> [3EF08C47] seamless loading cell object(W13, 8), (L1, 4)
<11:11:34> [3EF08C47] seamless loading cell object(W18, 5), (L6, 1)
<11:11:34> [000004EE][Warning] [CGF Error] game/objects/env/02_harihara/04_su/su_incinerator_tower_b.cgf [:] LOD1 of geometry  contains too many polygons comparing to the LOD0 [742 against 1060] :
<11:11:34> [745BAE2F][Warning] failed to stream material xml(Default.mtl)
<11:11:34> [3EF08C47] seamless loading cell object(W13, 7), (L1, 3)
<11:11:34> [3EF08C47] seamless loading cell object(W13, 9), (L1, 5)
<11:11:35> [E126B923][Warning] Cannot load texture game/objects/env/01_nuia/001_housing/housing_furniture/hs_f_drums_ddn, file missing [File=game/objects/env/01_nuia/001_housing/housing_furniture/hs_f_drums_ddn]
<11:11:35> [3EF08C47] seamless loading cell object(W14, 5), (L2, 1)
<11:11:35> [3EF08C47] seamless loading cell object(W13, 6), (L1, 2)
<11:11:35> [3EF08C47] seamless loading cell object(W13, 10), (L1, 6)
<11:11:35> [188BF914][Warning] [EntityLoader] invalid entity pos(0.298, -2.719, 0.001) name(B_gear_light)
<11:11:35> Loading Particle Library: siegefield
<11:11:35> [3EF08C47] seamless loading cell object(W13, 5), (L1, 1)
<11:11:35> [12409CCC] Load Zone Finished
<11:11:35> [000004EE][Warning] I3DEngine::RegisterEntity: entity reports invalid position: Name: LightEntityName (), Class: LightEntityClass, Pos=(657.2,7976.0,585.5), aabb center=(142.0,1019.8,-2.3)
<11:11:35> [82321C2B][Warning] [net 15:11:35.938] [time] remote time estimation restarted; estimate accumulator age was 6.144550
<11:11:36> [5CE4EF2C][Warning] failed to load particle lib from (Libs/Particles/game/abillity_skill_table_m.xml)
<11:11:36> [000004EE][Warning] Particle effect not found: 'game/abillity_skill_table_m.wild.shock_form2', from unknown 
<11:11:36> [2BFDEC33][Error] realstep 8, not match unit req
<11:11:36> [A39C1725] Level System - Loading Complete
<11:11:36> [9BE3F673] total 0 CGF files are precached
<11:11:37> [27293DED] -----------------------------------------------------
<11:11:37> [120C18F5] * LOADING: 'e_sunrise_peninsula_1' loading time: 7.70 seconds
<11:11:37> [27293DED] -----------------------------------------------------
<11:11:37> [BCCDC555][Warning] MakeSprite - too many sprite update (10). dropping.. (sprites : 45)
<11:11:37> [000004EE][Warning] RenderMesh not assigned game/objects/box_nodraw.cgf
<11:11:37> [62232BEA][Warning] deferred xml stream error - game/animations/animals/owl_postman/lmg_files/normal_run.lmg : f0000003
<11:11:37> [7F89A202][Warning] AI: Warning: AIPoint is not inside Navigation Modifier. pos(4445.1, 5007.6, 114.4)
<11:11:38> [5132FEDE][Warning] invalid attached position(0.00, 21.44, 6.09)
<11:11:38> [637AF710][Warning] missing chr material : game/objects/env/06_unit/01_ship/w_middleship/galleon_01.mtl (chr: game/objects/env/06_unit/01_ship/w_middleship/w_middleship_sail_b.chr)
<11:11:38> [1CCD372E][Warning] WARNING: Trying to play a sound at (0,0,0) position in the entity Enoan Triple Square Rig: Sample (prefab_unit). Entity may not be initialized correctly! 
<11:11:38> [000004EE][Warning] [CGF Error] game/objects/env/01_nuia/001_ndeco/making/ndeco_powerfulmaking.cga [:] LOD1 of geometry parts01 contains too many polygons comparing to the LOD0 [1592 against 1130] :
<11:11:38> [CE0EF930][Warning] failed to stream cgf : default
<11:11:38> [B95EE41B][Error] invalid parent unit id(113291)
<11:11:38> [DD6CD685][Warning] grand child physical proxy is not supported. grandpa(Enoan Galleon: Sample), dad(prefab_doodad_model_553077_prefab://Prefabs/galleon.xml/galleon.galleon_helms), child(galleon_helms_1)
<11:11:38> [A4D70365][Warning] rigid-body own-entity; prefab=Prefabs/interaction.xml/toy.crane node=AnimObject_1
<11:11:38> [745BAE2F][Warning] failed to stream material xml(game/objects/characters/ferre/male/parts/pt/metal/pt_metal213/fe_m_pt_metal213_brop03.mtl)
<11:11:39> [491B3718][Warning] Cannot load texture objects/characters/ferre/female/face/face01/fe_f_face01_fur_sss.dds, file missing [File=objects/characters/ferre/female/face/face01/fe_f_face01_fur_sss.dds]
<11:11:39> [5243B464][Warning] Error: CShaderMan::mfCreateShaderResources: Couldn't find subsurface texture 'objects/characters/ferre/female/face/face01/fe_f_face01_fur_sss.dds' in path '' [File=objects/characters/ferre/female/face/face01/fe_f_face01_fur_sss.dds]
<11:11:39> [CA175C82][Warning] non-stream IO. system(Material), filePath(game/objects/effects/keffect/m_enchant2_yellow_l.mtl)
<11:11:39> [000004EE][Warning] Independent immortal particle effect spawned: X2_EFFECT_O.Interaction.enchant_wpn_range_honor_3g
<11:11:40> [09F46B9D]     cl_fov = 90 []
<11:11:40> [09F46B9D]     camera_max_dist = 180 []
<11:11:40> [09F46B9D]     name_tag_hp_width_on_bgmode = 80 []
<11:11:40> [09F46B9D]     name_tag_hp_height_on_bgmode = 30 []
<11:11:40> [000004EE][Warning] [Lua Error] Failed to load script file scriptsbin/x2ui/assignment/form.alb
<11:11:40> [A13C772D][Warning] Cannot load texture ui/font_color.g, Image file format is invalid [File=ui/font_color.g]
<11:11:40> [B5A61D8F] Chat Channel(0) Color is not found.
<11:11:40> [000004EE][Warning] [Lua Error] ...ts/x2ui/loginstage/character_create/locale/en_us.lua:524: attempt to index a nil value
<11:11:40> [58F3F7FF][Warning] <null>:0: [Lua Error] Failed to execute file @game/scriptsbin/x2ui/loginstage/character_create/locale/en_us.alb
<11:11:41> [000004EE][Warning] [Lua] invalid style type...  / brown
<11:11:41> [82321C2B][Warning] [net 15:11:41.441] [time] remote time estimation restarted; estimate accumulator age was 1.397601
<11:11:41> [9CAE9693] Starting In World Loading
<11:11:42> [B42C333F] In World Loading Finished
<11:11:42> [BCCDC555][Warning] MakeSprite - too many sprite update (10). dropping.. (sprites : 93)
<11:11:42> [6451496C][Warning] actor bottom level ray is missing
<11:11:42> [000004EE][Warning] [CGF Error] game/objects/env/06_unit/06_glider/glider_wing_crystal/glider_wing_crystal_back.cgf [:] LOD1 of geometry  contains too many polygons comparing to the LOD0 [2720 against 4064] :
<11:11:43> [637AF710][Warning] missing chr material : game/objects/characters/nuian/female/parts/pt/obj/nu_f_pt_cloth056.mtl (chr: game/objects/characters/nuian/female/parts/pt/obj/nu_f_1pt900.chr)
<11:11:43> Loading Particle Library: X2_EFFECT_KSW
<11:11:45> [B95EE41B][Error] invalid parent unit id(95967)
<11:11:45> [DD6CD685][Warning] grand child physical proxy is not supported. grandpa(Solis Headlands/Two Crowns Cargo Ship), dad(prefab_doodad_model_58561_prefab://prefabs/galleon.xml/galleon.galleon_helms_daru), child(AnimObject_242)
<11:11:45> [745BAE2F][Warning] failed to stream material xml(game/objects/characters/hariharan/male/parts/ar/obj/ha_m_ar_cloth499.mtl)
<11:11:46> [CE0EF930][Warning] failed to stream cgf : default
<11:11:47> [5132FEDE][Warning] invalid attached position(-0.00, 21.44, 6.09)
<11:11:47> [A4D70365][Warning] rigid-body own-entity; prefab=Prefabs/interaction.xml/toy.crane node=AnimObject_1
<11:11:48> [000004EE][Warning] Particle effect not found: 'game/abillity_skill_table_m.wild.poison_shot_hit', from unknown 
<11:11:49> [23C0332B][Warning] Cannot load texture objects/characters/ferre/female/nude/fe_f_nude_fur_yel_sp.dds, file missing [File=objects/characters/ferre/female/nude/fe_f_nude_fur_yel_sp.dds]
<11:11:49> [7F89A202][Warning] AI: Warning: AIPoint is not inside Navigation Modifier. pos(4445.1, 5007.6, 114.4)
<11:11:49> [637AF710][Warning] missing chr material : game/objects/characters/ferre/female/parts/gv/obj/fe_f_gv_leather224.mtl (chr: game/objects/characters/ferre/female/parts/gv/obj/fe_f_1gf002_1gv201.chr)
<11:11:50> [000004EE][Warning] Independent immortal particle effect spawned: X2_EFFECT_O.Interaction.enchant_wpn_range_honor_3g
<11:11:51> [745BAE2F][Warning] failed to stream material xml(game/objects/characters/ferre/male/costume/fe_m_sk_lucius001/fe_m_sk_lucius001_grap02.mtl)
<11:11:51> [7CE2B2CC] DrawRayOnGrid, dir.x(-4371.9), dir.y(-4880.7)
<11:11:51> [7CE2B2CC] DrawRayOnGrid, dir.x(-4371.9), dir.y(-4880.7)
<11:11:51> [BCCDC555][Warning] MakeSprite - too many sprite update (10). dropping.. (sprites : 81)
<11:11:53> [B95EE41B][Error] invalid parent unit id(115367)
<11:11:54> Loading Particle Library: ljs_particle_fx
<11:11:54> [000004EE][Warning] Particle effect not found: 'game/abillity_skill_table_m.death.spell_move_form', from unknown 
<11:11:55> [637AF710][Warning] missing chr material : game/objects/characters/hariharan/female/parts/cp/obj/ha_f_1cp101.mtl (chr: game/objects/characters/hariharan/female/parts/cp/obj/ha_f_1cp101.chr)
<11:11:55> Loading Particle Library: X2_EFFECTS_C1
<11:11:55> [A181AEBC][Warning] Anim events cannot find effect "X2_EFFECTS_C1.Glider.Crystal_Wing.front_trail1", requested by animation "animations/env/glider_wing_crystal/fist_ac_gliding_front.caf".
<11:11:55> [A0AEF1D1][Warning] Cannot load texture game/objects/characters/texture/cp/nu_m_1cp101_c_v01100_ddn.dds, file missing [File=game/objects/characters/texture/cp/nu_m_1cp101_c_v01100_ddn.dds]
<11:11:57> [745BAE2F][Warning] failed to stream material xml(game/objects/characters/hariharan/female/hair/ha_f_hair_common/nu_f_hair_common0101s_type4.mtl)
<11:11:57> [CA175C82][Warning] non-stream IO. system(Material), filePath(game/objects/characters/warborn/male/horns/wa_m_horns011/wa_m_horns011_hc06.mtl)
<11:11:57> [CE0EF930][Warning] failed to stream cgf : default
<11:12:00> [637AF710][Warning] missing chr material : game/objects/characters/hariharan/male/parts/pt/obj/ha_m_pt_cloth215.mtl (chr: game/objects/characters/hariharan/male/parts/pt/obj/ha_m_1pt303.chr)
<11:12:02> [B95EE41B][Error] invalid parent unit id(115465)
<11:12:02> [745BAE2F][Warning] failed to stream material xml(game/objects/characters/animals/seagull/Material #0.mtl)
<11:12:03> [CE0EF930][Warning] failed to stream cgf : objects/effects/portal_gate.cgf
<11:12:04> [CFFE1C46][Error] Error streaming texture: Error 'Cannot open the file', Texture: game/objects/editor/suithelper/gradf.dds
<11:12:05> [E9F2E683][Warning] Cannot load texture textures/terrain/bump_detail/detail_bump_wood_007_ddn.dds, file missing [File=textures/terrain/bump_detail/detail_bump_wood_007_ddn.dds]
<11:12:05> [4655D2D5][Warning] Error: CShaderMan::mfCreateShaderResources: Couldn't find detail texture
'textures/terrain/bump_detail/detail_bump_wood_007_ddn.dds' in path '' [File=textures/terrain/bump_detail/detail_bump_wood_007_ddn.dds]
<11:12:09> [CFFE1C46][Error] Error streaming texture: Error 'Cannot open the file', Texture: game/objects/editor/suithelper/gradf.dds
<11:12:10> [B95EE41B][Error] invalid parent unit id(95967)
<11:12:10> [CE2F4035][Warning] chr physical geom is not precached. (game/objects/characters/monster/daru/daru_shadow/daru_shadow.chr)
<11:12:10> [676D2B24][Warning] non-cached LMG xml. (animations/monster/daru_diplomat/lmg_files/fist_mo_normal_walk.lmg)
<11:12:12> [CE0EF930][Warning] failed to stream cgf : default
<11:12:13> [000004EE][Warning] [Lua Error] 1_3_0/scripts/x2ui/characterinfo/character_info.lua:520: attempt to call method 'AnimForEquipped' (a nil value)
<11:12:13> [000004EE][Warning] Independent immortal particle effect spawned: X2_EFFECT_O.Interaction.enchant_wpn_range_honor_3g
<11:12:14> [CFFE1C46][Error] Error streaming texture: Error 'Cannot open the file', Texture: game/objects/editor/suithelper/gradf.dds
<11:12:14> [000004EE][Warning] Particle effect not found: 'game/ability_skill_table_k.p_skill_adament.provoke_launch', from unknown 
<11:12:15> [A4D70365][Warning] rigid-body own-entity; prefab=Prefabs/interaction.xml/toy.crane node=AnimObject_1
<11:12:16> [B95EE41B][Error] invalid parent unit id(95967)
<11:12:19> [CFFE1C46][Error] Error streaming texture: Error 'Cannot open the file', Texture: game/objects/editor/suithelper/gradf.dds
<11:12:19> [CE0EF930][Warning] failed to stream cgf : default
<11:12:19> [62232BEA][Warning] deferred xml stream error - game/animations/animals/pangolin_baby/lmg_files/normal_run.lmg : f0000003
<11:12:19> [CF3B9C70][Warning] Cannot load texture game/objects/characters/animals/pangolin_baby/pangolin_red_baby/pangolin_red_baby_sss.dds, file missing [File=game/objects/characters/animals/pangolin_baby/pangolin_red_baby/pangolin_red_baby_sss.dds]
<11:12:19> [48F1D8BC][Warning] Error: CShaderMan::mfCreateShaderResources: Couldn't find subsurface texture 'game/objects/characters/animals/pangolin_baby/pangolin_red_baby/pangolin_red_baby_sss.dds' in path '' [File=game/objects/characters/animals/pangolin_baby/pangolin_red_baby/pangolin_red_baby_sss.dds]
<11:12:20> [000004EE][Warning] Independent immortal particle effect spawned: X2_EFFECT_O.Interaction.enchant_wpn_range_honor_3g
<11:12:20> [BCCDC555][Warning] MakeSprite - too many sprite update (10). dropping.. (sprites : 69)
<11:12:22> [000004EE][Warning] [Lua Error] 1_3_0/scripts/x2ui/characterinfo/character_info.lua:520: attempt to call method 'AnimForEquipped' (a nil value)
<11:12:24> [CFFE1C46][Error] Error streaming texture: Error 'Cannot open the file', Texture: game/objects/editor/suithelper/gradf.dds
<11:12:26> [000004EE][Warning] Independent immortal particle effect spawned: X2_EFFECT_O.Interaction.enchant_wpn_range_honor_3g
<11:12:29> [CFFE1C46][Error] Error streaming texture: Error 'Cannot open the file', Texture: game/objects/editor/suithelper/gradf.dds
<11:12:31> [000004EE][Warning] [Lua Error] 1_3_0/scripts/x2ui/characterinfo/character_info.lua:520: attempt to call method 'AnimForEquipped' (a nil value)
<11:12:32> [000004EE][Warning] Independent immortal particle effect spawned: X2_EFFECT_O.Interaction.enchant_wpn_range_honor_3g
<11:12:34> [CFFE1C46][Error] Error streaming texture: Error 'Cannot open the file', Texture: game/objects/editor/suithelper/gradf.dds
<11:12:36> [000004EE][Warning] [Lua Error] 1_3_0/scripts/x2ui/characterinfo/character_info.lua:520: attempt to call method 'AnimForEquipped' (a nil value)
<11:12:36> [745BAE2F][Warning] failed to stream material xml(game/objects/env/02_harihara/04_su/ndeco_art_prop.mtl)
<11:12:36> [CE0EF930][Warning] failed to stream cgf : default
<11:12:37> [A4D70365][Warning] rigid-body own-entity; prefab=prefabs/interaction_c.xml/house.door_anp node=AnimObject_1
<11:12:39> [000004EE][Warning] Independent immortal particle effect spawned: X2_EFFECT_O.Interaction.enchant_wpn_range_honor_3g
<11:12:39> [CFFE1C46][Error] Error streaming texture: Error 'Cannot open the file', Texture: game/objects/editor/suithelper/gradf.dds
<11:12:42> [000004EE][Warning] [Lua Error] 1_3_0/scripts/x2ui/characterinfo/character_info.lua:520: attempt to call method 'AnimForEquipped' (a nil value)
<11:12:46> [000004EE][Warning] Independent immortal particle effect spawned: X2_EFFECT_O.Interaction.enchant_wpn_range_honor_3g
<11:12:46> [CA175C82][Warning] non-stream IO. system(Material), filePath(game/materials/misc/rope/rope_fishing.mtl)
<11:12:47> [CFFE1C46][Error] Error streaming texture: Error 'Cannot open the file', Texture: game/objects/editor/suithelper/gradf.dds
<11:12:47> [000004EE][Warning] [Lua Error] 1_3_0/scripts/x2ui/characterinfo/character_info.lua:520: attempt to call method 'AnimForEquipped' (a nil value)
<11:12:52> [CFFE1C46][Error] Error streaming texture: Error 'Cannot open the file', Texture: game/objects/editor/suithelper/gradf.dds
<11:12:52> [000004EE][Warning] Independent immortal particle effect spawned: X2_EFFECT_O.Interaction.enchant_wpn_range_honor_3g
<11:12:52> [000004EE][Warning] [Lua Error] 1_3_0/scripts/x2ui/characterinfo/character_info.lua:520: attempt to call method 'AnimForEquipped' (a nil value)
<11:12:57> [CFFE1C46][Error] Error streaming texture: Error 'Cannot open the file', Texture: game/objects/editor/suithelper/gradf.dds
<11:13:02> [13A1FD5A][Warning] AWD vehicle has different tire size. model type(1406)
<11:13:02> [B95EE41B][Error] invalid parent unit id(110004)
<11:13:02> [000004EE][Warning] Particle effect not found: 'game/ability_skill_table_k.p_skill_love.cure_spring_form', from unknown 
<11:13:02> [745BAE2F][Warning] failed to stream material xml(game/objects/characters/warborn/female/hair/wa_f_hair004/nu_f_hair001.mtl)
<11:13:02> [000004EE][Warning] [CGF Error] game/objects/item/shield/shield_monster/shield_baeksojeong01/shield_baeksojeong01.cgf [:] LOD1 of geometry  contains too many polygons comparing to the LOD0 [872 against 1145] :
<11:13:02> [CA175C82][Warning] non-stream IO. system(Material), filePath(game/objects/characters/warborn/female/horns/wa_f_horns006/wa_f_horns006_hc02.mtl)
<11:13:02> [000004EE][Warning] Independent immortal particle effect spawned: X2_EFFECT_O.Interaction.enchant_wpn_range_honor_3g
<11:13:03> [CFFE1C46][Error] Error streaming texture: Error 'Cannot open the file', Texture: game/objects/editor/suithelper/gradf.dds
<11:13:05> [5F89E60D][Warning] non cached CDF(game/objects/characters/warborn/female/parts/hm/leather/hm_leather167/wa_f_hm_leather167.cdf)
<11:13:05> [637AF710][Warning] missing chr material : game/objects/characters/warborn/female/parts/hm/obj/wa_f_hm_leather179.mtl (chr: game/objects/characters/warborn/female/parts/hm/obj/wa_f_2hm109.chr)
<11:13:05> [2363981C][Warning] chr material is not precached : game/objects/characters/warborn/female/hair/wa_f_hair_common/wa_f_hair_common0102s_type3.mtl (chr: game/objects/characters/warborn/female/hair/wa_f_hair_common/wa_f_hair_common0102s_type3.chr)
<11:13:08> [CFFE1C46][Error] Error streaming texture: Error 'Cannot open the file', Texture: game/objects/editor/suithelper/gradf.dds
<11:13:11> [B95EE41B][Error] invalid parent unit id(110004)
<11:13:13> [CFFE1C46][Error] Error streaming texture: Error 'Cannot open the file', Texture: game/objects/editor/suithelper/gradf.dds
<11:13:15> [584C4FFD] [net 15:13:15.661] -- Client will disconnect; cause=18 desc=graceful exit
<11:13:15> [05D024BA] System:Quit
