[801989E0] BackupNameAttachment=" Build(0) Date(15 September 2025) Time(15 18 02)"  -- used by backup system
[00000020]  
[38F38F32] Log Started at #c
[0232BD25] Running 32 bit version
[7AB6F5FE] Executable: C:\Games\AAClassic\bin32\archeage.exe
[E5C771AC] FileVersion: 3.5.0.0
[F799D55F] ProductVersion: 3.5.3.0
[1F1D6B13] Using Microsoft (tm) C++ Standard Library implementation
[00000020]  
[C7D96C80] Revision: 350000
[00000020]  
[64533E3E] this is the first client
<15:18:09> [B9197FD5][Error] ConsoleVariableGroup[option_effect] key[e_particles_lod_onoff] has no default
<15:18:09> [76666E6D] 
--- CPU detection ---
<15:18:09> [F4D992D8] CPU: AMD AMD Ryzen 7 7800X3D 8-Core Processor           
<15:18:09> [3F649B02] Family: 15, Model: 1, Stepping: 2
<15:18:09> [83D12E0B] FPU: On-Chip
<15:18:09> [50919DA0] CPU Speed (estimated): 4191.979960 MHz
<15:18:09> [C73FD83A] MMX: not present
<15:18:09> [89D1077A] SSE: present
<15:18:09> [64E2B6F1] 3DNow!: present
<15:18:09> [27B7AC6E] Serial number not present or disabled
<15:18:09> [1D2D8E5B] Number of logical processors: 16
<15:18:09> [FA658084] Number of available logical processors: 16
<15:18:09> [A1F061C2] Invariant Time Stamp Counter : yes
<15:18:09> [FA0251ED] ---------------------

<15:18:09> [03E7D838] Device Info
<15:18:09> [9F603516] Device Info - 1
<15:18:09> [9F603517] Device Info - 2
<15:18:09> [9F603518] Device Info - 3
<15:18:09> [9F603519] Device Info - 4
<15:18:09> [9F60351A] Device Info - 5
<15:18:09> [9F60351B] Device Info - 6
<15:18:09> [9F60351C] Device Info - 7
<15:18:09> [E98ECC28] Video Memory Info
<15:18:09> [D5FBE664] Video Memory - 1
<15:18:09> [D5FBE665] Video Memory - 2
<15:18:10> [D5FBE666] Video Memory - 3
<15:18:10> [D5FBE667] Video Memory - 4
<15:18:10> [D5FBE668] Video Memory - 5
<15:18:10> [D5FBE669] Video Memory - 6
<15:18:10> [D5FBE66A] Video Memory - 7
<15:18:10> [D5FBE66B] Video Memory - 8
<15:18:10> [3A4D54A2][Warning] config/gpu/amd.txt line 55 contains a multiple defined GPU rating!
<15:18:10> [D20872C0] InitThreadAffinities
<15:18:10> [2F28A434] UpdateMainThreadAffinity
<15:18:10> [16962512] Windows 8 64 bit (build 6.2.9200)
<15:18:10> [38DFF081] System language: English
<15:18:10> [861A0178] Windows Directory: "C:\windows"
<15:18:10> [341B54F1] Prerequisites...
<15:18:10> [5D1B3C9C] * Installation of KB940105 hotfix required: no! (either not needed or already installed)
<15:18:10> [0BB8838D] Local time is 15:18:10 09/15/25, system running for 1916 minutes
<15:18:10> [6701588F] 63426MB physical memory installed, 10888MB available, 4095MB virtual memory installed, 82 percent of memory in use
<15:18:10> [31259232] PageFile usage: 
<15:18:10> [453F0D1B] Current display mode is 2560x1440x32
<15:18:10> [8A64FCCC] IBM enhanced (101/102-key) keyboard and 3+ button mouse installed
<15:18:10> [CE30556B] ----- GPU Detection -----------------
<15:18:10> [03E7D838] Device Info
<15:18:10> [9F603516] Device Info - 1
<15:18:10> [9F603517] Device Info - 2
<15:18:10> [9F603518] Device Info - 3
<15:18:10> [9F603519] Device Info - 4
<15:18:10> [9F60351A] Device Info - 5
<15:18:10> [9F60351B] Device Info - 6
<15:18:10> [9F60351C] Device Info - 7
<15:18:10> [E98ECC28] Video Memory Info
<15:18:10> [D5FBE664] Video Memory - 1
<15:18:10> [D5FBE665] Video Memory - 2
<15:18:10> [D5FBE666] Video Memory - 3
<15:18:10> [D5FBE667] Video Memory - 4
<15:18:10> [D5FBE668] Video Memory - 5
<15:18:10> [D5FBE669] Video Memory - 6
<15:18:10> [D5FBE66A] Video Memory - 7
<15:18:10> [D5FBE66B] Video Memory - 8
<15:18:10> [99EA404A]  AMD Radeon RX 7800 XT (RADV NAVI32) (vendor = 0x1002, device = 0x747e, subSys = 0x00000000)
<15:18:10> [77718B6A] -- Video memory: 4081 MB
<15:18:10> [30DF1863] -- Minimum SM 2.0 support: yes
<15:18:10> [13E11956] -- DX11 supported: yes
<15:18:10> [50B60100] --------------------------------------------------------------------------------
<15:18:10> [5921EDBE] Stream Engine Initialization
<15:18:10> [BA0D559B] Splash: Initializing Stream Engine...
<15:18:10> [939F6EBB] Enable Resolutions : 0
<15:18:10> [A30A84B6] can't enum display resolution modes
<15:18:10> [B324CD25] Screen Resolution - 1024x768
<15:18:10> [3778EA0B] Screen Resolution - 0 (2560x1440)
<15:18:10> [A1B107F0] Screen Resolution - Test OK (2560x1440)
<15:18:10> [A9E4B0F2] Network initialization
<15:18:10> [BA0D559B] Splash: Initializing Network System...
<15:18:10> [14FAD233] Socket I/O by iocp
<15:18:10> [E36A4FB9] Physics initialization
<15:18:10> [BA0D559B] Splash: Initializing Physics...
<15:18:10> [2462D581] MovieSystem initialization
<15:18:10> [BA0D559B] Splash: Initializing Movie System...
<15:18:10> [93287AEC] Renderer initialization - Start
<15:18:10> [BA0D559B] Splash: Initializing Renderer...
<15:18:10> [91207680] Renderer initialization - Open
<15:18:10> [4377E7CB] Renderer initialization - DLL Load(CryRenderD3D9.dll)
<15:18:10> [71203A94] Renderer initialization - DLL Done
<15:18:10> [71227C22] Renderer initialization - DLL Init
<15:18:10> [C653D9CB] Renderer initialization - Instance
<15:18:10> [44D9754D] D3D Adapter: Driver name: aticfx32.dll
<15:18:10> [82BE8322] D3D Adapter: Driver description: AMD Radeon RX 7800 XT (RADV NAVI32)
<15:18:10> [2224501A] D3D Adapter: Driver version: 32767.65535.65535.65535
<15:18:10> [E8D1E30D] D3D Adapter: Driver GUID: 00000000-0003-0000-0000000000000000
<15:18:10> [BC8C1ACB] D3D Adapter: VendorId = 0x1002
<15:18:10> [B6A10CFD] D3D Adapter: DeviceId = 0x747E
<15:18:10> [0678E702] D3D Adapter: SubSysId = 0x00000000
<15:18:10> [F2243F0E] D3D Adapter: Revision = 0
<15:18:10> [E571CFEE] Shader manager initialization
<15:18:12> [05BAAEF6] CResFile allocations incurred by user cache preload: (20177.37k)
<15:18:12> [911B73B8] Renderer initialization - Done
<15:18:12> [8E444EA9] Console initialization
<15:18:12> [2904A233] Time initialization
<15:18:12> [3650CFD6] Input initialization
<15:18:12> [BA0D559B] Splash: Initializing Input System...
<15:18:12> Initializing Keyboard
<15:18:12> [99640BF1] Sound initialization
<15:18:12> [BA0D559B] Splash: Initializing Sound System...
<15:18:12> [2C33885C] Sound - Initializing AudioDevice now!
<15:18:12> [E46760A9] <Sound> Initialize FMOD with dynamic memory callbacks
<15:18:14> [D6755BFD] <Sound> Starting to initialize Windows Audio Session API output! 
<15:18:14> [F7E8E3CD] <Sound> Drivers found: 5
<15:18:14> [5076AD4B] <Sound> Available drivers:
	1.	PulseAudio Output (PulseAudio Output)
	2.	Blue Microphones Analog Stereo (Blue Microphones Analog Stereo)
	3.	Wireless Controller (Wireless Controller)
	4.	Navi 31 HDMI/DP Audio Digital Stereo (HDMI) (Navi 31 HDMI/DP Audio Digital Stereo (HDMI))
	5.	Family 17h/19h/1ah HD Audio Controller Analog Stereo (Family 17h/19h/1ah HD Audio Controller Analog Stereo)
<15:18:14> [A0BBF7E1] <Sound> FmodEx-AudioDevice: Now running on driver: PulseAudio Output (PulseAudio Output)
<15:18:14> [14D8EFE1] <Sound> Using speaker mode: FMOD_SPEAKERMODE_STEREO
<15:18:14> [E79C27E5] <Sound> Initializing FMOD-EX now!
<15:18:14> [E2A9FE08] <Sound> Available record drivers: 0 PulseAudio Input (PulseAudio Input) !
<15:18:14> [E2A9FE08] <Sound> Available record drivers: 1 Family 17h/19h/1ah HD Audio Controller Analog Stereo (Family 17h/19h/1ah HD Audio Controller Analog Stereo) !
<15:18:14> [E2A9FE08] <Sound> Available record drivers: 2 Wireless Controller (Wireless Controller) !
<15:18:14> [E2A9FE08] <Sound> Available record drivers: 3 Blue Microphones Analog Stereo (Blue Microphones Analog Stereo) !
<15:18:14> [E2A9FE08] <Sound> Available record drivers: 4 Monitor of Family 17h/19h/1ah HD Audio Controller (Monitor of Family 17h/19h/1ah HD Audio Controller) !
<15:18:14> [E2A9FE08] <Sound> Available record drivers: 5 Monitor of Blue Microphones Analog Stereo (Monitor of Blue Microphones Analog Stereo) !
<15:18:14> [E2A9FE08] <Sound> Available record drivers: 6 Wireless Controller (Wireless Controller) !
<15:18:14> [E2A9FE08] <Sound> Available record drivers: 7 Monitor of Navi 31 HDMI/DP Audio Digital Stereo (HDMI) (Monitor of Navi 31 HDMI/DP Audio Digital Stereo (HDMI)) !
<15:18:14> [6841BE38] <Sound> Record config is set to autodetect using record driver 0
<15:18:14> [7808B4C4] <Sound> Using FMOD version: 00044414 and internal 00044414!
<15:18:14> [2A2815C7] <Sound> Initialized FMOD-EX
<15:18:14> [BE4EF52E] Sound - Initializing SoundSystem now!
<15:18:14> [0D547471] Font initialization
<15:18:14> [BA0D559B] Splash: Initializing Fonts...
<15:18:14> [C194F7C8][Warning] Cannot load texture textures/defaults/replacemecm.tif, file missing [File=textures/defaults/replacemecm.dds]
<15:18:14> [84206398] AI initialization
<15:18:14> [1BC221DE] Initializing Animation System
<15:18:14> [BA0D559B] Splash: Initializing Animation System...
<15:18:15> [9E592EFE] Initializing 3D Engine
<15:18:15> [BA0D559B] Splash: Initializing 3D Engine...
<15:18:15> [637AF710][Warning] missing chr material : game/objects/characters/ferre/female/nude/Standard_22.mtl (chr: game/objects/characters/ferre/female/nude/fe_f_base.chr)
<15:18:15> [91F5AEEC][Warning] number of bones mismatch! game/objects/characters/ferre/female/nude/fe_f_base.chr=195 game/objects/characters/ferre/female/nude/fe_f_base_lod1.chr=185
<15:18:17> [7415A452] CHR PreCaching 25 Done
<15:18:17> [E7AD4E53] AddSharedMorphTargets - Failed to load objects/characters/dwarf/male/face/dw_m_face00.chr
<15:18:17> [61AD1790] MorphTargetPreCaching - objects/characters/dwarf/male/face/dw_m_face00.chr Add Failed
<15:18:17> [A4A6E4C6] MorphTarget PreCaching 11 Done
<15:18:17> [5ACB40E2] Init Face Makers
<15:18:17> [56B5985B] X2FaceMaker - game/objects/characters/nuian/male/face/nu_m_face01_mid.chr : mouth_UnderbiteOverbite target not exist
<15:18:17> [56B5985B] X2FaceMaker - game/objects/characters/nuian/male/face/nu_m_face01_mid.chr : mouth_UnderbiteOverbite target not exist
<15:18:17> [56B5985B] X2FaceMaker - game/objects/characters/nuian/male/face/nu_m_face01_mid.chr : mouth_UnderbiteOverbite target not exist
<15:18:17> [4ABB03EB] game/objects/characters/ferre/female/face/fe_f_face01_low.chr(303) - objects/characters/ferre/female/face/fe_f_face00.chr(3063) SharedMorph is not matched
<15:18:17> [56B5985B] X2FaceMaker - game/objects/characters/nuian/male/face/nu_m_face01_mid.chr : mouth_UnderbiteOverbite target not exist
<15:18:17> [56B5985B] X2FaceMaker - game/objects/characters/nuian/male/face/nu_m_face01_mid.chr : nose_dw_SeptumVol target not exist
<15:18:17> [56B5985B] X2FaceMaker - game/objects/characters/nuian/male/face/nu_m_face01_mid.chr : nose_dw_NasalZposition target not exist
<15:18:17> [56B5985B] X2FaceMaker - game/objects/characters/nuian/male/face/nu_m_face01_mid.chr : FS_dwEarSize target not exist
<15:18:17> [56B5985B] X2FaceMaker - game/objects/characters/nuian/male/face/nu_m_face01_mid.chr : dwarf_Morph target not exist
<15:18:17> [56B5985B] X2FaceMaker - game/objects/characters/nuian/male/face/nu_m_face01_mid.chr : FS_dw_CheekMeat_min target not exist
<15:18:17> [1191A6A8] X2FaceMaker - game/objects/characters/nuian/male/face/nu_m_face01_mid.chr : FS_dw_CheekMeat_max ex target not exist
<15:18:17> [56B5985B] X2FaceMaker - game/objects/characters/warborn/male/face/wa_m_face01_mid.chr : eye_Forehead target not exist
<15:18:17> [56B5985B] X2FaceMaker - game/objects/characters/warborn/male/face/wa_m_face01_mid.chr : eye_Tail_min target not exist
<15:18:17> [1191A6A8] X2FaceMaker - game/objects/characters/warborn/male/face/wa_m_face01_mid.chr : eye_Tail_max ex target not exist
<15:18:17> [56B5985B] X2FaceMaker - game/objects/characters/warborn/male/face/wa_m_face01_mid.chr : eye_WidthLength_min target not exist
<15:18:17> [1191A6A8] X2FaceMaker - game/objects/characters/warborn/male/face/wa_m_face01_mid.chr : eye_WidthLength_max ex target not exist
<15:18:17> [56B5985B] X2FaceMaker - game/objects/characters/warborn/male/face/wa_m_face01_mid.chr : eye_DoubleEyelidShape target not exist
<15:18:17> [56B5985B] X2FaceMaker - game/objects/characters/warborn/male/face/wa_m_face01_mid.chr : eye_BrowXposition target not exist
<15:18:17> [56B5985B] X2FaceMaker - game/objects/characters/warborn/male/face/wa_m_face01_mid.chr : eye_BrowZposition target not exist
<15:18:17> [56B5985B] X2FaceMaker - game/objects/characters/warborn/male/face/wa_m_face01_mid.chr : nose_Nostril target not exist
<15:18:17> [56B5985B] X2FaceMaker - game/objects/characters/warborn/male/face/wa_m_face01_mid.chr : nose_Size target not exist
<15:18:17> [56B5985B] X2FaceMaker - game/objects/characters/warborn/male/face/wa_m_face01_mid.chr : nose_SeptumZposition target not exist
<15:18:17> [56B5985B] X2FaceMaker - game/objects/characters/warborn/male/face/wa_m_face01_mid.chr : nose_End target not exist
<15:18:17> [56B5985B] X2FaceMaker - game/objects/characters/warborn/male/face/wa_m_face01_mid.chr : nose_Size target not exist
<15:18:17> [56B5985B] X2FaceMaker - game/objects/characters/warborn/male/face/wa_m_face01_mid.chr : mouth_UpperLipVolume target not exist
<15:18:17> [56B5985B] X2FaceMaker - game/objects/characters/warborn/male/face/wa_m_face01_mid.chr : mouth_LowerLipVolume target not exist
<15:18:17> [56B5985B] X2FaceMaker - game/objects/characters/warborn/male/face/wa_m_face01_mid.chr : mouth_UpperLipOpen target not exist
<15:18:17> [56B5985B] X2FaceMaker - game/objects/characters/warborn/male/face/wa_m_face01_mid.chr : mouth_LowerLipOpen target not exist
<15:18:17> [56B5985B] X2FaceMaker - game/objects/characters/warborn/male/face/wa_m_face01_mid.chr : mouth_MouthOpen target not exist
<15:18:17> [56B5985B] X2FaceMaker - game/objects/characters/warborn/male/face/wa_m_face01_mid.chr : mouth_Size target not exist
<15:18:17> [56B5985B] X2FaceMaker - game/objects/characters/warborn/male/face/wa_m_face01_mid.chr : mouth_Shape_min target not exist
<15:18:17> [1191A6A8] X2FaceMaker - game/objects/characters/warborn/male/face/wa_m_face01_mid.chr : mouth_Shape_max ex target not exist
<15:18:17> [56B5985B] X2FaceMaker - game/objects/characters/warborn/male/face/wa_m_face01_mid.chr : mouth_TeethZposition target not exist
<15:18:17> [56B5985B] X2FaceMaker - game/objects/characters/warborn/male/face/wa_m_face01_mid.chr : FS_JawHigh_min target not exist
<15:18:17> [1191A6A8] X2FaceMaker - game/objects/characters/warborn/male/face/wa_m_face01_mid.chr : FS_JawHigh_max ex target not exist
<15:18:17> [56B5985B] X2FaceMaker - game/objects/characters/warborn/male/face/wa_m_face01_mid.chr : FS_EarRotate_min target not exist
<15:18:17> [1191A6A8] X2FaceMaker - game/objects/characters/warborn/male/face/wa_m_face01_mid.chr : FS_EarRotate_max ex target not exist
<15:18:17> [56B5985B] X2FaceMaker - game/objects/characters/warborn/male/face/wa_m_face01_mid.chr : FS_Beard1 target not exist
<15:18:17> [56B5985B] X2FaceMaker - game/objects/characters/warborn/male/face/wa_m_face01_mid.chr : FS_Beard2 target not exist
<15:18:17> [56B5985B] X2FaceMaker - game/objects/characters/warborn/male/face/wa_m_face01_mid.chr : FS_Beard3 target not exist
<15:18:17> [56B5985B] X2FaceMaker - game/objects/characters/warborn/female/face/wa_f_face01_mid.chr : eye_Yposition_min target not exist
<15:18:17> [1191A6A8] X2FaceMaker - game/objects/characters/warborn/female/face/wa_f_face01_mid.chr : eye_Yposition_max ex target not exist
<15:18:17> [56B5985B] X2FaceMaker - game/objects/characters/warborn/female/face/wa_f_face01_mid.chr : FS_AllLowerY target not exist
<15:18:17> [56B5985B] X2FaceMaker - game/objects/characters/warborn/female/face/wa_f_face01_mid.chr : FS_AllRotate target not exist
<15:18:17> [56B5985B] X2FaceMaker - game/objects/characters/warborn/female/face/wa_f_face01_mid.chr : FS_AllY target not exist
<15:18:17> [56B5985B] X2FaceMaker - game/objects/characters/warborn/female/face/wa_f_face01_mid.chr : mouth_Open_min target not exist
<15:18:17> [1191A6A8] X2FaceMaker - game/objects/characters/warborn/female/face/wa_f_face01_mid.chr : mouth_Open_max ex target not exist
<15:18:17> [E320B5CE] Init Face Makers - Done!
<15:18:17> [581CA53C] Script System Initialization
<15:18:17> [BA0D559B] Splash: Initializing Script System...
<15:18:17> [000004EE][Warning] [Lua Error] 1_3_0/scripts/common.lua:276: attempt to index global 'Script' (a nil value)
<15:18:17> [58F3F7FF][Warning] <null>:0: [Lua Error] Failed to execute file @game/scriptsbin/common.alb
<15:18:17> [D8B2BA54] Entity system initialization
<15:18:17> [BA0D559B] Splash: Initializing Entity System...
<15:18:17> [D55F91B2][Warning] [CEntityClassRegistry] LoadClassDescription failed, Entity Class name Chick already registered
<15:18:18> [BA0D559B] Splash: Initializing AI System...
<15:18:18> [DA019954] Initializing AI System
<15:18:18> [2546BCC5] Initializing Budgeting System
<15:18:18> [C0E19025] Initializing Seamless System
<15:18:18> [BA0D559B] Splash: Loading Game Data...
<15:18:20> [90B8EC50][Warning] too many ranges: aoe_shapes descs 10156(10156) threshold 100 ranges 12
<15:18:21> [BA4AD6CE] Loading portal list
<15:18:21> [92597454] Portal added, enter: 3891, exit: 6629
<15:18:21> [92597454] Portal added, enter: 21448, exit: 21449
<15:18:21> [92597454] Portal added, enter: 21450, exit: 21451
<15:18:21> [92597454] Portal added, enter: 21452, exit: 21453
<15:18:21> [92597454] Portal added, enter: 21698, exit: 21699
<15:18:21> [92597454] Portal added, enter: 22023, exit: 22024
<15:18:21> [92597454] Portal added, enter: 22042, exit: 22066
<15:18:21> [92597454] Portal added, enter: 22136, exit: 22137
<15:18:21> [92597454] Portal added, enter: 22163, exit: 22164
<15:18:21> [92597454] Portal added, enter: 22184, exit: 22185
<15:18:21> [92597454] Portal added, enter: 22336, exit: 22337
<15:18:21> [92597454] Portal added, enter: 9000063, exit: 9000064
<15:18:21> [1C664009] End loading portal list
<15:18:21> [937812F7] loaded DDCMS (1396969 descs, 719156 links (17 page 16.95MB size) string) from game\db\compact.sqlite3 in 1547 ms
<15:18:21> [BA0D559B] Splash: Initializing Game System...
<15:18:21> [000004EE][Warning] [Lua Error] no localized ui text for 18 always_refund
<15:18:22> [0ADE3294][Warning] [MFX] Effect 'collisions:grenade' already present. Overriding.
<15:18:22> [311630D1][Warning] MFX WARNING: Material not found: mat_ice_breakable
<15:18:22>  
<15:18:22>    sys_spec = Custom (assuming 4)
<15:18:22>      option_anti_aliasing = 2 expected:3
<15:18:22>  
<15:18:22> [BA0D559B] Splash: Preparing Screen...
<15:18:22> [963385F6] Level System - Loading Start
<15:18:22> [806B6F8D] precaching world entities ..
<15:18:22> [7E39E0DE] precaching world entities .. done!  total (0) objects
<15:18:22> [D2B280D6] Vegetation Manager : Loading World(login2)
<15:18:22> [075AB92F] Vegetation Manager : Loading World - Done (total 36 vegetations)
<15:18:22> [B9410AA1] total 20 terrain world surfaces loaded
<15:18:22> Loading Particle Library: collisions
<15:18:22> Loading Particle Library: water
<15:18:22> Loading Particle Library: misc
<15:18:22> Loading Particle Library: ability_skill_table
<15:18:22> Loading Particle Library: ability_skill_table_k
<15:18:22> Loading Particle Library: abillity_skill_table_m
<15:18:22> Loading Particle Library: machinima
<15:18:23> Loading Particle Library: x2_effects
<15:18:23> Loading Particle Library: x2_effects_k
<15:18:23> [280A47E3] Precached total 2 materials
<15:18:23> [7B1A973B] seamless loading cell terrain(W0, 1), (L0, 0)
<15:18:23> [3EF08C47] seamless loading cell object(W0, 1), (L0, 0)
<15:18:23> [584C4FFD] [net 19:18:10.657]  dns ip:192.168.1.202
<15:18:23> [584C4FFD] [net 19:18:10.657]  dns ip:172.17.0.1
<15:18:23> [584C4FFD] [net 19:18:10.657]  dns ip:172.19.0.1
<15:18:23> [584C4FFD] [net 19:18:10.657]  dns ip:172.18.0.1
<15:18:23> [0DE3FA89][Error] CryAnimation: character-definition creation failed: game/objects/characters/elf/female/nude/el_f_kyprosa.cdf
<15:18:23> [13A58BA0][Error] CryAnimation: character-definition not found: game/objects/characters/elf/female/nude/el_f_kyprosa.cdf
<15:18:24> [4DD44108] Start DaruCommon Extension
<15:18:24> [1B425DA5] Duplicated post effect param! pszName = FilterMaskedBlurring_Amount
<15:18:24> [1B425DA5] Duplicated post effect param! pszName = FilterMaskedBlurring_MaskTexName
<15:18:24> [1B425DA5] Duplicated post effect param! pszName = FilterChromaShift_User_Amount
<15:18:24> [1B425DA5] Duplicated post effect param! pszName = FilterGrain_Amount
<15:18:24> [8F6BAA6C][Warning] Couldn't find console variable 'e_water_ocean_fft'
<15:18:24> Loading Particle Library: wind
<15:18:24> Loading Particle Library: X2_EFFECT_O
<15:18:24> [000004EE][Warning] Particle effect not found: '                                                                ', from ParticleEffect fx_land_green
<15:18:24> [12409CCC] Load Zone Finished
<15:18:24> [A39C1725] Level System - Loading Complete
<15:18:24> [27293DED] -----------------------------------------------------
<15:18:24> [120C18F5] * LOADING: 'loginbg4' loading time: 1.97 seconds
<15:18:24> [27293DED] -----------------------------------------------------
<15:18:24> [000004EE][Warning] [Lua Error] no client player exists
<15:18:24> [A13C772D][Warning] Cannot load texture ui/font_color.g, Image file format is invalid [File=ui/font_color.g]
<15:18:24> [000FABC5][Warning] CAreaGrid::BeginAreas() called before being initialized.
<15:18:27> [1D01FDCA] Auth: client connected to server
<15:18:27> [584C4FFD] [net 19:18:27.132]  socket ip:192.168.1.202
<15:18:27> [4C920A71] mac address : 74-56-3c-fe-52-f3
<15:18:36> [7CC1A260] Save Game Option
<15:18:36> [D2121932] Change resolution: 2560x1440x32 (Fullscreen)
<15:18:36> [FD3FC76F] resetting terrain texture cache
<15:18:36> [FD3FC76F] resetting terrain texture cache
<15:18:36> [583D6F38] Final resolution: 2560x1440x32 (Fullscreen)
<15:18:36> [9FC303B8][Error] [CVARS]: [DUPLICATE] CXConsole::RegisterFloat(): variable [ui_double_click_interval] is already registered
<15:18:36> [000004EE][Warning] [Lua Error] no localized ui text for 18 always_refund
<15:18:36> [000004EE][Warning] [Lua Error] no client player exists
<15:18:36> [09F46B9D]     cl_fov = 90 []
<15:18:36> [09F46B9D]     camera_max_dist = 180 []
<15:18:36> [73861D69] Unknown command: name_tag_hp_width_on_bgmode 80
<15:18:36> [73861D69] Unknown command: name_tag_hp_height_on_bgmode 30
<15:18:36> [A13C772D][Warning] Cannot load texture ui/font_color.g, Image file format is invalid [File=ui/font_color.g]
<15:18:36> [247165BA][Warning] Cannot load texture ui/login_stage/background/game_information.dds, file missing [File=ui/login_stage/background/game_information.dds]
<15:18:39> [584C4FFD] [net 19:18:39.035] connection requested to: 192.95.21.64:1239
<15:18:39> [4ABA7BDB] Auth: client disconnected (reason=0)
<15:18:39> [0F08E548] [NetConnection] connect completed (succeeded:true)
<15:18:39> [48F7BDF2] invalid world id in world queue packet
<15:18:39> [26623ECA] ucc info.. 5 0
<15:18:39> [4516816D] pay method: person
<15:18:39> [4AA30841] pay location: person
<15:18:39> [ADF1C07E] pay start: 1900-1-1 00:00:00
<15:18:39> [6486A277] pay end: 1900-1-1 00:00:00
<15:18:39> [FFF6198C] premium point: 0
<15:18:39> [481C0862] premium grade: premium_0
<15:18:39> [88D9AB0C] real pay time: 19384252760064
<15:18:39> [34CCC219] stream: connected to world server
<15:18:39> [06A46B5B] stream: authorized by world server
<15:18:39> [4516816D] pay method: person
<15:18:39> [4AA30841] pay location: person
<15:18:39> [ADF1C07E] pay start: 1900-1-1 00:00:00
<15:18:39> [6486A277] pay end: 2037-12-31 16:00:00
<15:18:39> [FFF6198C] premium point: 0
<15:18:39> [481C0862] premium grade: premium_0
<15:18:39> [88D9AB0C] real pay time: -1
<15:18:39> [82321C2B][Warning] [net 19:18:39.839] [time] remote time estimation restarted; estimate accumulator age was 115018.773438
<15:18:42> [9FC303B8][Error] [CVARS]: [DUPLICATE] CXConsole::RegisterFloat(): variable [ui_double_click_interval] is already registered
<15:18:42> [000004EE][Warning] [Lua Error] no localized ui text for 18 always_refund
<15:18:42> [09F46B9D]     cl_fov = 90 []
<15:18:42> [09F46B9D]     camera_max_dist = 180 []
<15:18:42> [09F46B9D]     name_tag_hp_width_on_bgmode = 80 []
<15:18:42> [09F46B9D]     name_tag_hp_height_on_bgmode = 30 []
<15:18:42> [A13C772D][Warning] Cannot load texture ui/font_color.g, Image file format is invalid [File=ui/font_color.g]
<15:18:42> [06E6A3E9][Warning] Cannot load texture ui/login_stage/queue.dds, file missing [File=ui/login_stage/queue.dds]
<15:18:42> [000004EE][Warning] RenderMesh not assigned game/objects/box_nodraw.cgf
<15:18:46> [7CC1A260] Save Game Option
<15:18:46> [D2121932] Change resolution: 2560x1440x32 (Windowed)
<15:18:46> [FD3FC76F] resetting terrain texture cache
<15:18:46> [FD3FC76F] resetting terrain texture cache
<15:18:46> [583D6F38] Final resolution: 2560x1440x32 (Windowed)
<15:18:47> [09F46B9D]     cl_fov = 90 []
<15:18:47> [09F46B9D]     camera_max_dist = 180 []
<15:18:47> [09F46B9D]     name_tag_hp_width_on_bgmode = 80 []
<15:18:47> [09F46B9D]     name_tag_hp_height_on_bgmode = 30 []
<15:18:59> [7CC1A260] Save Game Option
<15:18:59> [D2121932] Change resolution: 2560x1440x32 (Fullscreen)
<15:18:59> [FD3FC76F] resetting terrain texture cache
<15:18:59> [FD3FC76F] resetting terrain texture cache
<15:18:59> [583D6F38] Final resolution: 2560x1440x32 (Fullscreen)
<15:19:00> [9FC303B8][Error] [CVARS]: [DUPLICATE] CXConsole::RegisterFloat(): variable [ui_double_click_interval] is already registered
<15:19:00> [000004EE][Warning] [Lua Error] no localized ui text for 18 always_refund
<15:19:00> [09F46B9D]     cl_fov = 90 []
<15:19:00> [09F46B9D]     camera_max_dist = 180 []
<15:19:00> [09F46B9D]     name_tag_hp_width_on_bgmode = 80 []
<15:19:00> [09F46B9D]     name_tag_hp_height_on_bgmode = 30 []
<15:19:00> [A13C772D][Warning] Cannot load texture ui/font_color.g, Image file format is invalid [File=ui/font_color.g]
<15:19:00> [06E6A3E9][Warning] Cannot load texture ui/login_stage/queue.dds, file missing [File=ui/login_stage/queue.dds]
<15:19:01> [DA579B6C][Error] can't load client driven connect info.. Kompy
<15:19:07> [0DE3FA89][Error] CryAnimation: character-definition creation failed: game/objects/characters/returned/female/nude/re_f.cdf
<15:19:08> [6FF68EA5] SetInstantTime: type 0 time 0
<15:19:08> [6FF68EA5] SetInstantTime: type 1 time 1757940731
<15:19:08> [6FF68EA5] SetInstantTime: type 2 time 1757821854
<15:19:08> [6FF68EA5] SetInstantTime: type 3 time 0
<15:19:08> [6FF68EA5] SetInstantTime: type 4 time 0
<15:19:08> [6FF68EA5] SetInstantTime: type 5 time 0
<15:19:08> [6FF68EA5] SetInstantTime: type 6 time 0
<15:19:08> [6FF68EA5] SetInstantTime: type 7 time 1757950406
<15:19:08> [82321C2B][Warning] [net 19:19:08.232] [time] remote time estimation restarted; estimate accumulator age was 4.040111
<15:19:08> [0E61BD35] ExpeditionMember 20 added
<15:19:08> [0E61BD35] ExpeditionMember 20 added
<15:19:08> [0E61BD35] ExpeditionMember 20 added
<15:19:08> [0E61BD35] ExpeditionMember 17 added
<15:19:08> [1EBA13B3][Warning] count not matched; total=143; size=77
<15:19:08> [966861E8][Warning] GetAllPolicies empty
<15:19:08> [67B7DD8A][Warning] my ExpeditionMemberDesc not exist
<15:19:08> [7AB931CE] seamless unloading cell object(W0, 0), (L0, 0)
<15:19:08> [4B1E8B22] unload cell object count : 1511
<15:19:08> [B866A294] seamless unloading cell terrain(W0, 0), (L0, 0)
<15:19:08> [963385F6] Level System - Loading Start
<15:19:08> [E0E0EDAE][Warning] failed to load zone time of day from game/worlds/main_world/zone/225//time_of_day.xml
<15:19:08> [AB17243B][Warning] failed to load zone environment from game/worlds/main_world/zone/309//env.xml
<15:19:08> [35D4413E][Warning] failed to load zone clouds from game/worlds/main_world/zone/309//clouds.xml
<15:19:08> [806B6F8D] precaching world entities ..
<15:19:08> [7E39E0DE] precaching world entities .. done!  total (1778) objects
<15:19:08> [D2B280D6] Vegetation Manager : Loading World(main_world)
<15:19:09> [075AB92F] Vegetation Manager : Loading World - Done (total 3055 vegetations)
<15:19:09> [000004EE][Error] CTerrain::LoadWorldSurfaces: Error loading material: materials/Terrain/gweonidforest/w_forest_road_a1
<15:19:10> [751FFB9E][Warning] Error: CShaderMan::mfCreateShaderResources: Couldn't find detail texture
'game/textures/aa_terrain/canyon/tr_canyon_rock_616a_ddn.tga' in path '' [File=game/textures/aa_terrain/canyon/tr_canyon_rock_616a_ddn.tga]
<15:19:10> [B9410AA1] total 600 terrain world surfaces loaded
<15:19:10> [280A47E3] Precached total 4 materials
<15:19:10> [7B1A973B] seamless loading cell terrain(W21, 7), (L4, 4)
<15:19:10> [7B1A973B] seamless loading cell terrain(W21, 8), (L4, 5)
<15:19:10> [7B1A973B] seamless loading cell terrain(W20, 7), (L3, 4)
<15:19:10> [7B1A973B] seamless loading cell terrain(W20, 8), (L3, 5)
<15:19:10> [7B1A973B] seamless loading cell terrain(W22, 7), (L5, 4)
<15:19:10> [7B1A973B] seamless loading cell terrain(W21, 6), (L4, 3)
<15:19:10> [7B1A973B] seamless loading cell terrain(W22, 8), (L5, 5)
<15:19:10> [7B1A973B] seamless loading cell terrain(W20, 6), (L3, 3)
<15:19:10> [7B1A973B] seamless loading cell terrain(W22, 6), (L5, 3)
<15:19:10> [7B1A973B] seamless loading cell terrain(W21, 9), (L4, 6)
<15:19:10> [7B1A973B] seamless loading cell terrain(W19, 7), (L2, 4)
<15:19:10> [7B1A973B] seamless loading cell terrain(W20, 9), (L3, 6)
<15:19:10> [7B1A973B] seamless loading cell terrain(W19, 8), (L2, 5)
<15:19:10> [7B1A973B] seamless loading cell terrain(W22, 9), (L5, 6)
<15:19:10> [7B1A973B] seamless loading cell terrain(W19, 6), (L2, 3)
<15:19:10> [7B1A973B] seamless loading cell terrain(W23, 7), (L6, 4)
<15:19:10> [7B1A973B] seamless loading cell terrain(W21, 5), (L4, 2)
<15:19:10> [7B1A973B] seamless loading cell terrain(W23, 8), (L6, 5)
<15:19:10> [7B1A973B] seamless loading cell terrain(W20, 5), (L3, 2)
<15:19:10> [7B1A973B] seamless loading cell terrain(W23, 6), (L6, 3)
<15:19:10> [7B1A973B] seamless loading cell terrain(W22, 5), (L5, 2)
<15:19:10> [7B1A973B] seamless loading cell terrain(W19, 9), (L2, 6)
<15:19:10> [7B1A973B] seamless loading cell terrain(W21, 10), (L4, 7)
<15:19:10> [7B1A973B] seamless loading cell terrain(W18, 7), (L1, 4)
<15:19:10> [7B1A973B] seamless loading cell terrain(W23, 9), (L6, 6)
<15:19:10> [7B1A973B] seamless loading cell terrain(W19, 5), (L2, 2)
<15:19:10> [7B1A973B] seamless loading cell terrain(W20, 10), (L3, 7)
<15:19:10> [7B1A973B] seamless loading cell terrain(W18, 8), (L1, 5)
<15:19:10> [7B1A973B] seamless loading cell terrain(W22, 10), (L5, 7)
<15:19:10> [7B1A973B] seamless loading cell terrain(W18, 6), (L1, 3)
<15:19:10> [7B1A973B] seamless loading cell terrain(W23, 5), (L6, 2)
<15:19:10> [7B1A973B] seamless loading cell terrain(W24, 7), (L7, 4)
<15:19:10> [7B1A973B] seamless loading cell terrain(W21, 4), (L4, 1)
<15:19:10> [7B1A973B] seamless loading cell terrain(W24, 8), (L7, 5)
<15:19:10> [7B1A973B] seamless loading cell terrain(W20, 4), (L3, 1)
<15:19:10> [7B1A973B] seamless loading cell terrain(W19, 10), (L2, 7)
<15:19:10> [7B1A973B] seamless loading cell terrain(W18, 9), (L1, 6)
<15:19:10> [7B1A973B] seamless loading cell terrain(W24, 6), (L7, 3)
<15:19:10> [7B1A973B] seamless loading cell terrain(W22, 4), (L5, 1)
<15:19:10> [7B1A973B] seamless loading cell terrain(W23, 10), (L6, 7)
<15:19:10> [7B1A973B] seamless loading cell terrain(W18, 5), (L1, 2)
<15:19:10> [7B1A973B] seamless loading cell terrain(W24, 9), (L7, 6)
<15:19:10> [7B1A973B] seamless loading cell terrain(W19, 4), (L2, 1)
<15:19:10> [7B1A973B] seamless loading cell terrain(W17, 7), (L0, 4)
<15:19:10> [7B1A973B] seamless loading cell terrain(W24, 5), (L7, 2)
<15:19:10> [7B1A973B] seamless loading cell terrain(W23, 4), (L6, 1)
<15:19:10> [7B1A973B] seamless loading cell terrain(W17, 8), (L0, 5)
<15:19:10> [7B1A973B] seamless loading cell terrain(W18, 10), (L1, 7)
<15:19:10> [7B1A973B] seamless loading cell terrain(W17, 6), (L0, 3)
<15:19:10> [3EF08C47] seamless loading cell object(W21, 7), (L4, 4)
<15:19:10> [000004EE][Warning] [CGF Error] game/objects/env/02_harihara/001_hcom/hcom_cart_b.cgf [:] LOD1 of geometry hcom_cart_b contains too many polygons comparing to the LOD0 [770 against 1114] :
<15:19:10> [000004EE][Warning] [CGF Error] game/objects/env/01_nuia/001_housing/housing_people/hs_people_roof_a.cgf [:] Duplicate LOD helper $lod2 hs_people_roof_a
<15:19:11> [A5DDEC33][Warning] Warning: CShaderMan::mfForName: NULL name
<15:19:11> Loading Particle Library: X2_EFFECTS_P
<15:19:11> [000004EE][Warning] [CGF Error] game/objects/env/01_nuia/001_housing/housing_guild/nuia_h_guild_door_b_back.cga [:] non-uniform scale(1.00, 1.39, 1.00) at node(nuia_h_guild_door_b01_back)
<15:19:11> [000004EE][Warning] [CGF Error] game/objects/env/02_harihara/03_ti/ti_factorymain_a.cga [:] Invalid BBox : has Invalid BBox node(Object32)
<15:19:11> Loading Particle Library: x2_sounds
<15:19:11> [3EF08C47] seamless loading cell object(W21, 8), (L4, 5)
<15:19:11> [745BAE2F][Warning] failed to stream material xml(game/rock_06.mtl)
<15:19:11> [3EF08C47] seamless loading cell object(W20, 7), (L3, 4)
<15:19:12> [3EF08C47] seamless loading cell object(W20, 8), (L3, 5)
<15:19:12> [3EF08C47] seamless loading cell object(W22, 7), (L5, 4)
<15:19:12> [3EF08C47] seamless loading cell object(W21, 6), (L4, 3)
<15:19:12> [3EF08C47] seamless loading cell object(W22, 8), (L5, 5)
<15:19:12> [3EF08C47] seamless loading cell object(W20, 6), (L3, 3)
<15:19:13> [3EF08C47] seamless loading cell object(W22, 6), (L5, 3)
<15:19:13> [526BDE3A][Warning] Cannot load texture game/objects/env/02_harihara/04_su/su_tent_01game/objects/env/02_harihara/04_su/su_tent_04_df.dds_df.dds, file missing [File=game/objects/env/02_harihara/04_su/su_tent_01game/objects/env/02_harihara/04_su/su_tent_04_df.dds_df.dds]
<15:19:13> [3EF08C47] seamless loading cell object(W21, 9), (L4, 6)
<15:19:13> [3EF08C47] seamless loading cell object(W19, 7), (L2, 4)
<15:19:13> [3EF08C47] seamless loading cell object(W20, 9), (L3, 6)
<15:19:13> [3EF08C47] seamless loading cell object(W19, 8), (L2, 5)
<15:19:13> [3EF08C47] seamless loading cell object(W22, 9), (L5, 6)
<15:19:14> [3EF08C47] seamless loading cell object(W19, 6), (L2, 3)
<15:19:14> [3EF08C47] seamless loading cell object(W23, 7), (L6, 4)
<15:19:14> [3EF08C47] seamless loading cell object(W21, 5), (L4, 2)
<15:19:14> [000004EE][Warning] Particle effect not found: 'X2_EFFECTS.e_effect.smoke_slow', from ParticleEffect ParticleEffect_2760
<15:19:14> [3EF08C47] seamless loading cell object(W23, 8), (L6, 5)
<15:19:14> [3C93550B][Warning] Error: CShaderMan::mfCreateShaderResources: Couldn't find custom texture 'objects/env/01_nuia/06_mari/mari_wood04_ddobjects/env/01_nuia/06_mari/mari_wood04_sp.dds' in path '' [File=objects/env/01_nuia/06_mari/mari_wood04_ddobjects/env/01_nuia/06_mari/mari_wood04_sp.dds]
<15:19:14> [3EF08C47] seamless loading cell object(W20, 5), (L3, 2)
<15:19:14> [3EF08C47] seamless loading cell object(W23, 6), (L6, 3)
<15:19:14> [3EF08C47] seamless loading cell object(W22, 5), (L5, 2)
<15:19:15> [3EF08C47] seamless loading cell object(W19, 9), (L2, 6)
<15:19:15> [12409CCC] Load Zone Finished
<15:19:15> [000004EE][Warning] I3DEngine::RegisterEntity: entity reports invalid position: Name: LightEntityName (), Class: LightEntityClass, Pos=(657.3,7976.0,585.4), aabb center=(142.0,1019.8,-2.3)
<15:19:15> [82321C2B][Warning] [net 19:19:15.465] [time] remote time estimation restarted; estimate accumulator age was 7.136935
<15:19:15> [BCCDC555][Warning] MakeSprite - too many sprite update (10). dropping.. (sprites : 185)
<15:19:15> [5CE4EF2C][Warning] failed to load particle lib from (Libs/Particles/game/abillity_skill_table_m.xml)
<15:19:15> [000004EE][Warning] Particle effect not found: 'game/abillity_skill_table_m.wild.shock_form2', from unknown 
<15:19:15> [2BFDEC33][Error] realstep 8, not match unit req
<15:19:15> [A39C1725] Level System - Loading Complete
<15:19:15> [9BE3F673] total 0 CGF files are precached
<15:19:15> [27293DED] -----------------------------------------------------
<15:19:15> [120C18F5] * LOADING: 'e_tiger_spine_mountains_2' loading time: 7.60 seconds
<15:19:15> [27293DED] -----------------------------------------------------
<15:19:16> [CA175C82][Warning] non-stream IO. system(CGF), filePath(Objects/Env/01_nuia/001_housing/housing_farm/hs_f_scarecrow_sun.cgf)
<15:19:16> [755A3546][Warning] Error: CShaderMan::mfCreateShaderResources: Couldn't find custom secondary texture 'game/objects/env/01_nuia/001_housing/housing_house/nuia_housing_treemossy03_ddn.dds' in path '' [File=game/objects/env/01_nuia/001_housing/housing_house/nuia_housing_treemossy03_ddn.dds]
<15:19:17> [EBF8A645][Warning] Error: CShaderMan::mfCreateShaderResources: Couldn't find detail texture
'Game/objects/Env/01_nuia/001_housing/housing_house/housing_small_newhouse/housing_small_newhouse_03/housing_small_newhouse_03_floor_ddn.dds' in path '' [File=Game/objects/Env/01_nuia/001_housing/housing_house/housing_small_newhouse/housing_small_newhouse_03/housing_small_newhouse_03_floor_ddn.dds]
<15:19:17> Loading Particle Library: ljs_particle_fx
<15:19:17> [5132FEDE][Warning] invalid attached position(-20.88, -20.98, -3.00)
<15:19:17> Loading Particle Library: X2_effect_H
<15:19:18> [A4D70365][Warning] rigid-body own-entity; prefab=prefabs/interaction_c.xml/furniture.kraken_prop_am node=AnimObject_144
<15:19:18> [637AF710][Warning] missing chr material : game/objects/characters/hariharan/female/parts/hm/obj/ha_f_hm_cloth207.mtl (chr: game/objects/characters/hariharan/female/parts/hm/obj/ha_f_1hm112.chr)
<15:19:19> [000004EE][Warning] [CGF Error] game/objects/env/01_nuia/001_housing/housing_furniture/hs_f_safe_e.cgf [:] non-uniform scale(1.00, 1.03, 1.00) at node(hs_f_safe_e)
<15:19:20> [09F46B9D]     cl_fov = 90 []
<15:19:20> [09F46B9D]     camera_max_dist = 180 []
<15:19:20> [09F46B9D]     name_tag_hp_width_on_bgmode = 80 []
<15:19:20> [09F46B9D]     name_tag_hp_height_on_bgmode = 30 []
<15:19:20> [000004EE][Warning] [Lua Error] Failed to load script file scriptsbin/x2ui/assignment/form.alb
<15:19:20> [A13C772D][Warning] Cannot load texture ui/font_color.g, Image file format is invalid [File=ui/font_color.g]
<15:19:20> [B5A61D8F] Chat Channel(0) Color is not found.
<15:19:20> [000004EE][Warning] [Lua Error] ...ts/x2ui/loginstage/character_create/locale/en_us.lua:524: attempt to index a nil value
<15:19:20> [58F3F7FF][Warning] <null>:0: [Lua Error] Failed to execute file @game/scriptsbin/x2ui/loginstage/character_create/locale/en_us.alb
<15:19:20> [73AFCD09][Warning] Cannot load texture ui/map/frame_map_2.dds, file missing [File=ui/map/frame_map_2.dds]
<15:19:21> [000004EE][Warning] [Lua] invalid style type...  / brown
<15:19:21> [82321C2B][Warning] [net 19:19:21.742] [time] remote time estimation restarted; estimate accumulator age was 1.658331
<15:19:21> [BCCDC555][Warning] MakeSprite - too many sprite update (10). dropping.. (sprites : 142)
<15:19:22> [000004EE][Warning] [CGF Error] game/objects/env/01_nuia/001_ndeco/making/ndeco_powerfulmaking.cga [:] LOD1 of geometry parts01 contains too many polygons comparing to the LOD0 [1592 against 1130] :
<15:19:22> [CE0EF930][Warning] failed to stream cgf : default
<15:19:29> [A4D70365][Warning] rigid-body own-entity; prefab=prefabs/interaction_d.xml/tool.lever_right node=AnimObject_1
<15:19:29> [000004EE][Warning] [CGF Error] game/objects/env/02_harihara/001_hdeco/quest/hdeco_qust_cocoon01.cgf [:] non-uniform scale(0.87, 0.87, 1.00) at node(hdeco_qust_cocoon01_proxy)
<15:19:29> [CE0EF930][Warning] failed to stream cgf : default
<15:19:29> [7F01D4DF][Warning] Cannot load texture game/textures/p_effects/spider_net_04_ddn.dds, file missing [File=game/textures/p_effects/spider_net_04_ddn.dds]
<15:19:29> [745BAE2F][Warning] failed to stream material xml(game/materials/aa_terrain/decals/quest_golddust.mtl)
<15:19:33> [BCCDC555][Warning] MakeSprite - too many sprite update (10). dropping.. (sprites : 143)
<15:19:34> [09F46B9D]     cl_fov = 90 []
<15:19:34> [09F46B9D]     camera_max_dist = 180 []
<15:19:34> [09F46B9D]     name_tag_hp_width_on_bgmode = 80 []
<15:19:34> [09F46B9D]     name_tag_hp_height_on_bgmode = 30 []
<15:19:34> [7CC1A260] Save Game Option
<15:19:35> [CE0EF930][Warning] failed to stream cgf : default
<15:19:37> [745BAE2F][Warning] failed to stream material xml(game/objects/characters/monster/polarbear_baby/Material #0.mtl)
<15:19:37> [62232BEA][Warning] deferred xml stream error - game/animations/monster/polarbear_baby/lmg_files/normal_run.lmg : f0000003
<15:19:40> [A4D70365][Warning] rigid-body own-entity; prefab=Prefabs/interaction.xml/toy.crane node=AnimObject_1
<15:19:41> [CE0EF930][Warning] failed to stream cgf : default
<15:19:49> [CE0EF930][Warning] failed to stream cgf : default
<15:19:50> [745BAE2F][Warning] failed to stream material xml(game/materials/aa_terrain/decals/quest_golddust.mtl)
<15:19:51> [FCD07016][Warning] Cannot load texture objects/characters/ferre/male/hair/fe_m_hair02/fe_m_hair02_df.dds, file missing [File=objects/characters/ferre/male/hair/fe_m_hair02/fe_m_hair02_df.dds]
<15:19:53> [2363981C][Warning] chr material is not precached : game/objects/characters/warborn/female/parts/all/leather/leather097/wa_f_hm_leather097.mtl (chr: game/objects/characters/warborn/female/parts/all/leather/leather097/wa_f_hm_leather097.chr)
<15:19:53> [CA175C82][Warning] non-stream IO. system(Material), filePath(game/objects/characters/warborn/female/parts/all/leather/leather097/wa_f_hm_leather097.mtl)
<15:19:55> [A4D70365][Warning] rigid-body own-entity; prefab=Prefabs/interaction.xml/toy.crane node=AnimObject_1
<15:19:55> [CE0EF930][Warning] failed to stream cgf : default
<15:19:58> [000004EE][Warning] [CGF Error] game/objects/env/01_nuia/001_ndeco/collect/ndeco_collect_geyser01.cgf [:] non-uniform scale(1.48, 1.48, 1.00) at node(proxy)
<15:20:02> [CE0EF930][Warning] failed to stream cgf : game/objects/env/05_nature/08_cry_source/rocks/road_rocks/road_rocks_flat_grey_a.cgf
<15:20:03> [584C4FFD] [net 19:20:03.477] -- Client will disconnect; cause=18 desc=graceful exit
<15:20:03> [05D024BA] System:Quit
